[2026-01-08T01:58:20.410+0000] {processor.py:186} INFO - Started process (PID=1303) to work on /opt/airflow/dags/01_basics_bash.py
[2026-01-08T01:58:20.412+0000] {processor.py:914} INFO - Processing file /opt/airflow/dags/01_basics_bash.py for tasks to queue
[2026-01-08T01:58:20.414+0000] {logging_mixin.py:190} INFO - [2026-01-08T01:58:20.413+0000] {dagbag.py:587} INFO - Filling up the DagBag from /opt/airflow/dags/01_basics_bash.py
[2026-01-08T01:58:20.461+0000] {processor.py:927} WARNING - No viable dags retrieved from /opt/airflow/dags/01_basics_bash.py
[2026-01-08T01:58:20.472+0000] {processor.py:208} INFO - Processing /opt/airflow/dags/01_basics_bash.py took 0.066 seconds
[2026-01-08T01:58:50.693+0000] {processor.py:186} INFO - Started process (PID=1366) to work on /opt/airflow/dags/01_basics_bash.py
[2026-01-08T01:58:50.694+0000] {processor.py:914} INFO - Processing file /opt/airflow/dags/01_basics_bash.py for tasks to queue
[2026-01-08T01:58:50.696+0000] {logging_mixin.py:190} INFO - [2026-01-08T01:58:50.695+0000] {dagbag.py:587} INFO - Filling up the DagBag from /opt/airflow/dags/01_basics_bash.py
[2026-01-08T01:58:50.722+0000] {processor.py:927} WARNING - No viable dags retrieved from /opt/airflow/dags/01_basics_bash.py
[2026-01-08T01:58:50.733+0000] {processor.py:208} INFO - Processing /opt/airflow/dags/01_basics_bash.py took 0.045 seconds
[2026-01-08T01:59:21.057+0000] {processor.py:186} INFO - Started process (PID=1429) to work on /opt/airflow/dags/01_basics_bash.py
[2026-01-08T01:59:21.058+0000] {processor.py:914} INFO - Processing file /opt/airflow/dags/01_basics_bash.py for tasks to queue
[2026-01-08T01:59:21.060+0000] {logging_mixin.py:190} INFO - [2026-01-08T01:59:21.060+0000] {dagbag.py:587} INFO - Filling up the DagBag from /opt/airflow/dags/01_basics_bash.py
[2026-01-08T01:59:21.087+0000] {processor.py:927} WARNING - No viable dags retrieved from /opt/airflow/dags/01_basics_bash.py
[2026-01-08T01:59:21.098+0000] {processor.py:208} INFO - Processing /opt/airflow/dags/01_basics_bash.py took 0.046 seconds
[2026-01-08T01:59:51.330+0000] {processor.py:186} INFO - Started process (PID=1492) to work on /opt/airflow/dags/01_basics_bash.py
[2026-01-08T01:59:51.332+0000] {processor.py:914} INFO - Processing file /opt/airflow/dags/01_basics_bash.py for tasks to queue
[2026-01-08T01:59:51.334+0000] {logging_mixin.py:190} INFO - [2026-01-08T01:59:51.334+0000] {dagbag.py:587} INFO - Filling up the DagBag from /opt/airflow/dags/01_basics_bash.py
[2026-01-08T01:59:51.361+0000] {processor.py:927} WARNING - No viable dags retrieved from /opt/airflow/dags/01_basics_bash.py
[2026-01-08T01:59:51.372+0000] {processor.py:208} INFO - Processing /opt/airflow/dags/01_basics_bash.py took 0.046 seconds
[2026-01-08T02:00:22.120+0000] {processor.py:186} INFO - Started process (PID=1555) to work on /opt/airflow/dags/01_basics_bash.py
[2026-01-08T02:00:22.121+0000] {processor.py:914} INFO - Processing file /opt/airflow/dags/01_basics_bash.py for tasks to queue
[2026-01-08T02:00:22.124+0000] {logging_mixin.py:190} INFO - [2026-01-08T02:00:22.124+0000] {dagbag.py:587} INFO - Filling up the DagBag from /opt/airflow/dags/01_basics_bash.py
[2026-01-08T02:00:22.153+0000] {processor.py:927} WARNING - No viable dags retrieved from /opt/airflow/dags/01_basics_bash.py
[2026-01-08T02:00:22.168+0000] {processor.py:208} INFO - Processing /opt/airflow/dags/01_basics_bash.py took 0.052 seconds
[2026-01-08T02:00:52.742+0000] {processor.py:186} INFO - Started process (PID=1618) to work on /opt/airflow/dags/01_basics_bash.py
[2026-01-08T02:00:52.743+0000] {processor.py:914} INFO - Processing file /opt/airflow/dags/01_basics_bash.py for tasks to queue
[2026-01-08T02:00:52.746+0000] {logging_mixin.py:190} INFO - [2026-01-08T02:00:52.745+0000] {dagbag.py:587} INFO - Filling up the DagBag from /opt/airflow/dags/01_basics_bash.py
[2026-01-08T02:00:52.766+0000] {processor.py:927} WARNING - No viable dags retrieved from /opt/airflow/dags/01_basics_bash.py
[2026-01-08T02:00:52.777+0000] {processor.py:208} INFO - Processing /opt/airflow/dags/01_basics_bash.py took 0.039 seconds
[2026-01-08T02:01:23.196+0000] {processor.py:186} INFO - Started process (PID=1681) to work on /opt/airflow/dags/01_basics_bash.py
[2026-01-08T02:01:23.197+0000] {processor.py:914} INFO - Processing file /opt/airflow/dags/01_basics_bash.py for tasks to queue
[2026-01-08T02:01:23.200+0000] {logging_mixin.py:190} INFO - [2026-01-08T02:01:23.199+0000] {dagbag.py:587} INFO - Filling up the DagBag from /opt/airflow/dags/01_basics_bash.py
[2026-01-08T02:01:23.219+0000] {processor.py:927} WARNING - No viable dags retrieved from /opt/airflow/dags/01_basics_bash.py
[2026-01-08T02:01:23.231+0000] {processor.py:208} INFO - Processing /opt/airflow/dags/01_basics_bash.py took 0.040 seconds
[2026-01-08T02:01:53.300+0000] {processor.py:186} INFO - Started process (PID=1744) to work on /opt/airflow/dags/01_basics_bash.py
[2026-01-08T02:01:53.301+0000] {processor.py:914} INFO - Processing file /opt/airflow/dags/01_basics_bash.py for tasks to queue
[2026-01-08T02:01:53.304+0000] {logging_mixin.py:190} INFO - [2026-01-08T02:01:53.303+0000] {dagbag.py:587} INFO - Filling up the DagBag from /opt/airflow/dags/01_basics_bash.py
[2026-01-08T02:01:53.334+0000] {processor.py:927} WARNING - No viable dags retrieved from /opt/airflow/dags/01_basics_bash.py
[2026-01-08T02:01:53.345+0000] {processor.py:208} INFO - Processing /opt/airflow/dags/01_basics_bash.py took 0.050 seconds
[2026-01-08T02:02:24.325+0000] {processor.py:186} INFO - Started process (PID=1807) to work on /opt/airflow/dags/01_basics_bash.py
[2026-01-08T02:02:24.326+0000] {processor.py:914} INFO - Processing file /opt/airflow/dags/01_basics_bash.py for tasks to queue
[2026-01-08T02:02:24.328+0000] {logging_mixin.py:190} INFO - [2026-01-08T02:02:24.328+0000] {dagbag.py:587} INFO - Filling up the DagBag from /opt/airflow/dags/01_basics_bash.py
[2026-01-08T02:02:24.357+0000] {processor.py:927} WARNING - No viable dags retrieved from /opt/airflow/dags/01_basics_bash.py
[2026-01-08T02:02:24.367+0000] {processor.py:208} INFO - Processing /opt/airflow/dags/01_basics_bash.py took 0.047 seconds
[2026-01-08T02:02:38.402+0000] {processor.py:186} INFO - Started process (PID=1845) to work on /opt/airflow/dags/01_basics_bash.py
[2026-01-08T02:02:38.403+0000] {processor.py:914} INFO - Processing file /opt/airflow/dags/01_basics_bash.py for tasks to queue
[2026-01-08T02:02:38.405+0000] {logging_mixin.py:190} INFO - [2026-01-08T02:02:38.405+0000] {dagbag.py:587} INFO - Filling up the DagBag from /opt/airflow/dags/01_basics_bash.py
[2026-01-08T02:02:38.432+0000] {logging_mixin.py:190} INFO - [2026-01-08T02:02:38.427+0000] {dagbag.py:386} ERROR - Failed to import: /opt/airflow/dags/01_basics_bash.py
Traceback (most recent call last):
  File "/home/airflow/.local/lib/python3.12/site-packages/airflow/models/dagbag.py", line 382, in parse
    loader.exec_module(new_module)
  File "<frozen importlib._bootstrap_external>", line 995, in exec_module
  File "<frozen importlib._bootstrap>", line 488, in _call_with_frames_removed
  File "/opt/airflow/dags/01_basics_bash.py", line 6, in <module>
    from airflow.operators.bash import BashOprator
ImportError: cannot import name 'BashOprator' from 'airflow.operators.bash' (/home/airflow/.local/lib/python3.12/site-packages/airflow/operators/bash.py)
[2026-01-08T02:02:38.434+0000] {processor.py:927} WARNING - No viable dags retrieved from /opt/airflow/dags/01_basics_bash.py
[2026-01-08T02:02:38.450+0000] {processor.py:208} INFO - Processing /opt/airflow/dags/01_basics_bash.py took 0.053 seconds
[2026-01-08T02:03:08.613+0000] {processor.py:186} INFO - Started process (PID=1893) to work on /opt/airflow/dags/01_basics_bash.py
[2026-01-08T02:03:08.614+0000] {processor.py:914} INFO - Processing file /opt/airflow/dags/01_basics_bash.py for tasks to queue
[2026-01-08T02:03:08.616+0000] {logging_mixin.py:190} INFO - [2026-01-08T02:03:08.616+0000] {dagbag.py:587} INFO - Filling up the DagBag from /opt/airflow/dags/01_basics_bash.py
[2026-01-08T02:03:08.658+0000] {logging_mixin.py:190} INFO - [2026-01-08T02:03:08.646+0000] {dagbag.py:386} ERROR - Failed to import: /opt/airflow/dags/01_basics_bash.py
Traceback (most recent call last):
  File "/home/airflow/.local/lib/python3.12/site-packages/airflow/models/dagbag.py", line 382, in parse
    loader.exec_module(new_module)
  File "<frozen importlib._bootstrap_external>", line 995, in exec_module
  File "<frozen importlib._bootstrap>", line 488, in _call_with_frames_removed
  File "/opt/airflow/dags/01_basics_bash.py", line 6, in <module>
    from airflow.operators.bash import BashOprator
ImportError: cannot import name 'BashOprator' from 'airflow.operators.bash' (/home/airflow/.local/lib/python3.12/site-packages/airflow/operators/bash.py)
[2026-01-08T02:03:08.661+0000] {processor.py:927} WARNING - No viable dags retrieved from /opt/airflow/dags/01_basics_bash.py
[2026-01-08T02:03:08.680+0000] {processor.py:208} INFO - Processing /opt/airflow/dags/01_basics_bash.py took 0.071 seconds
[2026-01-08T02:03:11.802+0000] {processor.py:186} INFO - Started process (PID=1925) to work on /opt/airflow/dags/01_basics_bash.py
[2026-01-08T02:03:11.803+0000] {processor.py:914} INFO - Processing file /opt/airflow/dags/01_basics_bash.py for tasks to queue
[2026-01-08T02:03:11.805+0000] {logging_mixin.py:190} INFO - [2026-01-08T02:03:11.805+0000] {dagbag.py:587} INFO - Filling up the DagBag from /opt/airflow/dags/01_basics_bash.py
[2026-01-08T02:03:11.863+0000] {logging_mixin.py:190} INFO - [2026-01-08T02:03:11.858+0000] {dagbag.py:386} ERROR - Failed to import: /opt/airflow/dags/01_basics_bash.py
Traceback (most recent call last):
  File "/home/airflow/.local/lib/python3.12/site-packages/airflow/models/dagbag.py", line 382, in parse
    loader.exec_module(new_module)
  File "<frozen importlib._bootstrap_external>", line 995, in exec_module
  File "<frozen importlib._bootstrap>", line 488, in _call_with_frames_removed
  File "/opt/airflow/dags/01_basics_bash.py", line 8, in <module>
    from airflow.operators.bash import BashOprator
ImportError: cannot import name 'BashOprator' from 'airflow.operators.bash' (/home/airflow/.local/lib/python3.12/site-packages/airflow/operators/bash.py)
[2026-01-08T02:03:11.866+0000] {processor.py:927} WARNING - No viable dags retrieved from /opt/airflow/dags/01_basics_bash.py
[2026-01-08T02:03:11.884+0000] {processor.py:208} INFO - Processing /opt/airflow/dags/01_basics_bash.py took 0.087 seconds
[2026-01-08T02:03:17.547+0000] {processor.py:186} INFO - Started process (PID=1935) to work on /opt/airflow/dags/01_basics_bash.py
[2026-01-08T02:03:17.548+0000] {processor.py:914} INFO - Processing file /opt/airflow/dags/01_basics_bash.py for tasks to queue
[2026-01-08T02:03:17.551+0000] {logging_mixin.py:190} INFO - [2026-01-08T02:03:17.550+0000] {dagbag.py:587} INFO - Filling up the DagBag from /opt/airflow/dags/01_basics_bash.py
[2026-01-08T02:03:17.615+0000] {logging_mixin.py:190} INFO - [2026-01-08T02:03:17.605+0000] {dagbag.py:386} ERROR - Failed to import: /opt/airflow/dags/01_basics_bash.py
Traceback (most recent call last):
  File "/home/airflow/.local/lib/python3.12/site-packages/airflow/models/dagbag.py", line 382, in parse
    loader.exec_module(new_module)
  File "<frozen importlib._bootstrap_external>", line 995, in exec_module
  File "<frozen importlib._bootstrap>", line 488, in _call_with_frames_removed
  File "/opt/airflow/dags/01_basics_bash.py", line 8, in <module>
    from airflow.operators.bash import BashOprator
ImportError: cannot import name 'BashOprator' from 'airflow.operators.bash' (/home/airflow/.local/lib/python3.12/site-packages/airflow/operators/bash.py)
[2026-01-08T02:03:17.619+0000] {processor.py:927} WARNING - No viable dags retrieved from /opt/airflow/dags/01_basics_bash.py
[2026-01-08T02:03:17.643+0000] {processor.py:208} INFO - Processing /opt/airflow/dags/01_basics_bash.py took 0.101 seconds
[2026-01-08T02:03:47.882+0000] {processor.py:186} INFO - Started process (PID=1998) to work on /opt/airflow/dags/01_basics_bash.py
[2026-01-08T02:03:47.884+0000] {processor.py:914} INFO - Processing file /opt/airflow/dags/01_basics_bash.py for tasks to queue
[2026-01-08T02:03:47.886+0000] {logging_mixin.py:190} INFO - [2026-01-08T02:03:47.886+0000] {dagbag.py:587} INFO - Filling up the DagBag from /opt/airflow/dags/01_basics_bash.py
[2026-01-08T02:03:47.923+0000] {logging_mixin.py:190} INFO - [2026-01-08T02:03:47.915+0000] {dagbag.py:386} ERROR - Failed to import: /opt/airflow/dags/01_basics_bash.py
Traceback (most recent call last):
  File "/home/airflow/.local/lib/python3.12/site-packages/airflow/models/dagbag.py", line 382, in parse
    loader.exec_module(new_module)
  File "<frozen importlib._bootstrap_external>", line 995, in exec_module
  File "<frozen importlib._bootstrap>", line 488, in _call_with_frames_removed
  File "/opt/airflow/dags/01_basics_bash.py", line 8, in <module>
    from airflow.operators.bash import BashOprator
ImportError: cannot import name 'BashOprator' from 'airflow.operators.bash' (/home/airflow/.local/lib/python3.12/site-packages/airflow/operators/bash.py)
[2026-01-08T02:03:47.926+0000] {processor.py:927} WARNING - No viable dags retrieved from /opt/airflow/dags/01_basics_bash.py
[2026-01-08T02:03:47.949+0000] {processor.py:208} INFO - Processing /opt/airflow/dags/01_basics_bash.py took 0.071 seconds
[2026-01-08T02:04:18.249+0000] {processor.py:186} INFO - Started process (PID=2061) to work on /opt/airflow/dags/01_basics_bash.py
[2026-01-08T02:04:18.251+0000] {processor.py:914} INFO - Processing file /opt/airflow/dags/01_basics_bash.py for tasks to queue
[2026-01-08T02:04:18.255+0000] {logging_mixin.py:190} INFO - [2026-01-08T02:04:18.254+0000] {dagbag.py:587} INFO - Filling up the DagBag from /opt/airflow/dags/01_basics_bash.py
[2026-01-08T02:04:18.286+0000] {logging_mixin.py:190} INFO - [2026-01-08T02:04:18.282+0000] {dagbag.py:386} ERROR - Failed to import: /opt/airflow/dags/01_basics_bash.py
Traceback (most recent call last):
  File "/home/airflow/.local/lib/python3.12/site-packages/airflow/models/dagbag.py", line 382, in parse
    loader.exec_module(new_module)
  File "<frozen importlib._bootstrap_external>", line 995, in exec_module
  File "<frozen importlib._bootstrap>", line 488, in _call_with_frames_removed
  File "/opt/airflow/dags/01_basics_bash.py", line 8, in <module>
    from airflow.operators.bash import BashOprator
ImportError: cannot import name 'BashOprator' from 'airflow.operators.bash' (/home/airflow/.local/lib/python3.12/site-packages/airflow/operators/bash.py)
[2026-01-08T02:04:18.289+0000] {processor.py:927} WARNING - No viable dags retrieved from /opt/airflow/dags/01_basics_bash.py
[2026-01-08T02:04:18.308+0000] {processor.py:208} INFO - Processing /opt/airflow/dags/01_basics_bash.py took 0.067 seconds
[2026-01-08T02:04:48.376+0000] {processor.py:186} INFO - Started process (PID=2124) to work on /opt/airflow/dags/01_basics_bash.py
[2026-01-08T02:04:48.377+0000] {processor.py:914} INFO - Processing file /opt/airflow/dags/01_basics_bash.py for tasks to queue
[2026-01-08T02:04:48.381+0000] {logging_mixin.py:190} INFO - [2026-01-08T02:04:48.381+0000] {dagbag.py:587} INFO - Filling up the DagBag from /opt/airflow/dags/01_basics_bash.py
[2026-01-08T02:04:48.408+0000] {logging_mixin.py:190} INFO - [2026-01-08T02:04:48.399+0000] {dagbag.py:386} ERROR - Failed to import: /opt/airflow/dags/01_basics_bash.py
Traceback (most recent call last):
  File "/home/airflow/.local/lib/python3.12/site-packages/airflow/models/dagbag.py", line 382, in parse
    loader.exec_module(new_module)
  File "<frozen importlib._bootstrap_external>", line 995, in exec_module
  File "<frozen importlib._bootstrap>", line 488, in _call_with_frames_removed
  File "/opt/airflow/dags/01_basics_bash.py", line 8, in <module>
    from airflow.operators.bash import BashOprator
ImportError: cannot import name 'BashOprator' from 'airflow.operators.bash' (/home/airflow/.local/lib/python3.12/site-packages/airflow/operators/bash.py)
[2026-01-08T02:04:48.411+0000] {processor.py:927} WARNING - No viable dags retrieved from /opt/airflow/dags/01_basics_bash.py
[2026-01-08T02:04:48.431+0000] {processor.py:208} INFO - Processing /opt/airflow/dags/01_basics_bash.py took 0.062 seconds
[2026-01-08T02:05:18.753+0000] {processor.py:186} INFO - Started process (PID=2187) to work on /opt/airflow/dags/01_basics_bash.py
[2026-01-08T02:05:18.754+0000] {processor.py:914} INFO - Processing file /opt/airflow/dags/01_basics_bash.py for tasks to queue
[2026-01-08T02:05:18.756+0000] {logging_mixin.py:190} INFO - [2026-01-08T02:05:18.756+0000] {dagbag.py:587} INFO - Filling up the DagBag from /opt/airflow/dags/01_basics_bash.py
[2026-01-08T02:05:18.791+0000] {logging_mixin.py:190} INFO - [2026-01-08T02:05:18.783+0000] {dagbag.py:386} ERROR - Failed to import: /opt/airflow/dags/01_basics_bash.py
Traceback (most recent call last):
  File "/home/airflow/.local/lib/python3.12/site-packages/airflow/models/dagbag.py", line 382, in parse
    loader.exec_module(new_module)
  File "<frozen importlib._bootstrap_external>", line 995, in exec_module
  File "<frozen importlib._bootstrap>", line 488, in _call_with_frames_removed
  File "/opt/airflow/dags/01_basics_bash.py", line 8, in <module>
    from airflow.operators.bash import BashOprator
ImportError: cannot import name 'BashOprator' from 'airflow.operators.bash' (/home/airflow/.local/lib/python3.12/site-packages/airflow/operators/bash.py)
[2026-01-08T02:05:18.795+0000] {processor.py:927} WARNING - No viable dags retrieved from /opt/airflow/dags/01_basics_bash.py
[2026-01-08T02:05:18.810+0000] {processor.py:208} INFO - Processing /opt/airflow/dags/01_basics_bash.py took 0.062 seconds
[2026-01-08T02:05:49.076+0000] {processor.py:186} INFO - Started process (PID=2250) to work on /opt/airflow/dags/01_basics_bash.py
[2026-01-08T02:05:49.077+0000] {processor.py:914} INFO - Processing file /opt/airflow/dags/01_basics_bash.py for tasks to queue
[2026-01-08T02:05:49.079+0000] {logging_mixin.py:190} INFO - [2026-01-08T02:05:49.079+0000] {dagbag.py:587} INFO - Filling up the DagBag from /opt/airflow/dags/01_basics_bash.py
[2026-01-08T02:05:49.117+0000] {logging_mixin.py:190} INFO - [2026-01-08T02:05:49.109+0000] {dagbag.py:386} ERROR - Failed to import: /opt/airflow/dags/01_basics_bash.py
Traceback (most recent call last):
  File "/home/airflow/.local/lib/python3.12/site-packages/airflow/models/dagbag.py", line 382, in parse
    loader.exec_module(new_module)
  File "<frozen importlib._bootstrap_external>", line 995, in exec_module
  File "<frozen importlib._bootstrap>", line 488, in _call_with_frames_removed
  File "/opt/airflow/dags/01_basics_bash.py", line 8, in <module>
    from airflow.operators.bash import BashOprator
ImportError: cannot import name 'BashOprator' from 'airflow.operators.bash' (/home/airflow/.local/lib/python3.12/site-packages/airflow/operators/bash.py)
[2026-01-08T02:05:49.119+0000] {processor.py:927} WARNING - No viable dags retrieved from /opt/airflow/dags/01_basics_bash.py
[2026-01-08T02:05:49.143+0000] {processor.py:208} INFO - Processing /opt/airflow/dags/01_basics_bash.py took 0.071 seconds
[2026-01-08T02:06:19.496+0000] {processor.py:186} INFO - Started process (PID=2313) to work on /opt/airflow/dags/01_basics_bash.py
[2026-01-08T02:06:19.498+0000] {processor.py:914} INFO - Processing file /opt/airflow/dags/01_basics_bash.py for tasks to queue
[2026-01-08T02:06:19.501+0000] {logging_mixin.py:190} INFO - [2026-01-08T02:06:19.501+0000] {dagbag.py:587} INFO - Filling up the DagBag from /opt/airflow/dags/01_basics_bash.py
[2026-01-08T02:06:19.527+0000] {logging_mixin.py:190} INFO - [2026-01-08T02:06:19.519+0000] {dagbag.py:386} ERROR - Failed to import: /opt/airflow/dags/01_basics_bash.py
Traceback (most recent call last):
  File "/home/airflow/.local/lib/python3.12/site-packages/airflow/models/dagbag.py", line 382, in parse
    loader.exec_module(new_module)
  File "<frozen importlib._bootstrap_external>", line 995, in exec_module
  File "<frozen importlib._bootstrap>", line 488, in _call_with_frames_removed
  File "/opt/airflow/dags/01_basics_bash.py", line 8, in <module>
    from airflow.operators.bash import BashOprator
ImportError: cannot import name 'BashOprator' from 'airflow.operators.bash' (/home/airflow/.local/lib/python3.12/site-packages/airflow/operators/bash.py)
[2026-01-08T02:06:19.530+0000] {processor.py:927} WARNING - No viable dags retrieved from /opt/airflow/dags/01_basics_bash.py
[2026-01-08T02:06:19.545+0000] {processor.py:208} INFO - Processing /opt/airflow/dags/01_basics_bash.py took 0.056 seconds
[2026-01-08T02:06:49.993+0000] {processor.py:186} INFO - Started process (PID=2376) to work on /opt/airflow/dags/01_basics_bash.py
[2026-01-08T02:06:49.994+0000] {processor.py:914} INFO - Processing file /opt/airflow/dags/01_basics_bash.py for tasks to queue
[2026-01-08T02:06:49.996+0000] {logging_mixin.py:190} INFO - [2026-01-08T02:06:49.996+0000] {dagbag.py:587} INFO - Filling up the DagBag from /opt/airflow/dags/01_basics_bash.py
[2026-01-08T02:06:50.032+0000] {logging_mixin.py:190} INFO - [2026-01-08T02:06:50.023+0000] {dagbag.py:386} ERROR - Failed to import: /opt/airflow/dags/01_basics_bash.py
Traceback (most recent call last):
  File "/home/airflow/.local/lib/python3.12/site-packages/airflow/models/dagbag.py", line 382, in parse
    loader.exec_module(new_module)
  File "<frozen importlib._bootstrap_external>", line 995, in exec_module
  File "<frozen importlib._bootstrap>", line 488, in _call_with_frames_removed
  File "/opt/airflow/dags/01_basics_bash.py", line 8, in <module>
    from airflow.operators.bash import BashOprator
ImportError: cannot import name 'BashOprator' from 'airflow.operators.bash' (/home/airflow/.local/lib/python3.12/site-packages/airflow/operators/bash.py)
[2026-01-08T02:06:50.036+0000] {processor.py:927} WARNING - No viable dags retrieved from /opt/airflow/dags/01_basics_bash.py
[2026-01-08T02:06:50.052+0000] {processor.py:208} INFO - Processing /opt/airflow/dags/01_basics_bash.py took 0.063 seconds
[2026-01-08T02:07:20.361+0000] {processor.py:186} INFO - Started process (PID=2439) to work on /opt/airflow/dags/01_basics_bash.py
[2026-01-08T02:07:20.362+0000] {processor.py:914} INFO - Processing file /opt/airflow/dags/01_basics_bash.py for tasks to queue
[2026-01-08T02:07:20.365+0000] {logging_mixin.py:190} INFO - [2026-01-08T02:07:20.364+0000] {dagbag.py:587} INFO - Filling up the DagBag from /opt/airflow/dags/01_basics_bash.py
[2026-01-08T02:07:20.396+0000] {logging_mixin.py:190} INFO - [2026-01-08T02:07:20.388+0000] {dagbag.py:386} ERROR - Failed to import: /opt/airflow/dags/01_basics_bash.py
Traceback (most recent call last):
  File "/home/airflow/.local/lib/python3.12/site-packages/airflow/models/dagbag.py", line 382, in parse
    loader.exec_module(new_module)
  File "<frozen importlib._bootstrap_external>", line 995, in exec_module
  File "<frozen importlib._bootstrap>", line 488, in _call_with_frames_removed
  File "/opt/airflow/dags/01_basics_bash.py", line 8, in <module>
    from airflow.operators.bash import BashOprator
ImportError: cannot import name 'BashOprator' from 'airflow.operators.bash' (/home/airflow/.local/lib/python3.12/site-packages/airflow/operators/bash.py)
[2026-01-08T02:07:20.399+0000] {processor.py:927} WARNING - No viable dags retrieved from /opt/airflow/dags/01_basics_bash.py
[2026-01-08T02:07:20.423+0000] {processor.py:208} INFO - Processing /opt/airflow/dags/01_basics_bash.py took 0.067 seconds
[2026-01-08T02:07:50.596+0000] {processor.py:186} INFO - Started process (PID=2502) to work on /opt/airflow/dags/01_basics_bash.py
[2026-01-08T02:07:50.597+0000] {processor.py:914} INFO - Processing file /opt/airflow/dags/01_basics_bash.py for tasks to queue
[2026-01-08T02:07:50.599+0000] {logging_mixin.py:190} INFO - [2026-01-08T02:07:50.599+0000] {dagbag.py:587} INFO - Filling up the DagBag from /opt/airflow/dags/01_basics_bash.py
[2026-01-08T02:07:50.636+0000] {logging_mixin.py:190} INFO - [2026-01-08T02:07:50.628+0000] {dagbag.py:386} ERROR - Failed to import: /opt/airflow/dags/01_basics_bash.py
Traceback (most recent call last):
  File "/home/airflow/.local/lib/python3.12/site-packages/airflow/models/dagbag.py", line 382, in parse
    loader.exec_module(new_module)
  File "<frozen importlib._bootstrap_external>", line 995, in exec_module
  File "<frozen importlib._bootstrap>", line 488, in _call_with_frames_removed
  File "/opt/airflow/dags/01_basics_bash.py", line 8, in <module>
    from airflow.operators.bash import BashOprator
ImportError: cannot import name 'BashOprator' from 'airflow.operators.bash' (/home/airflow/.local/lib/python3.12/site-packages/airflow/operators/bash.py)
[2026-01-08T02:07:50.640+0000] {processor.py:927} WARNING - No viable dags retrieved from /opt/airflow/dags/01_basics_bash.py
[2026-01-08T02:07:50.658+0000] {processor.py:208} INFO - Processing /opt/airflow/dags/01_basics_bash.py took 0.066 seconds
[2026-01-08T02:08:20.845+0000] {processor.py:186} INFO - Started process (PID=2565) to work on /opt/airflow/dags/01_basics_bash.py
[2026-01-08T02:08:20.846+0000] {processor.py:914} INFO - Processing file /opt/airflow/dags/01_basics_bash.py for tasks to queue
[2026-01-08T02:08:20.849+0000] {logging_mixin.py:190} INFO - [2026-01-08T02:08:20.849+0000] {dagbag.py:587} INFO - Filling up the DagBag from /opt/airflow/dags/01_basics_bash.py
[2026-01-08T02:08:20.888+0000] {logging_mixin.py:190} INFO - [2026-01-08T02:08:20.879+0000] {dagbag.py:386} ERROR - Failed to import: /opt/airflow/dags/01_basics_bash.py
Traceback (most recent call last):
  File "/home/airflow/.local/lib/python3.12/site-packages/airflow/models/dagbag.py", line 382, in parse
    loader.exec_module(new_module)
  File "<frozen importlib._bootstrap_external>", line 995, in exec_module
  File "<frozen importlib._bootstrap>", line 488, in _call_with_frames_removed
  File "/opt/airflow/dags/01_basics_bash.py", line 8, in <module>
    from airflow.operators.bash import BashOprator
ImportError: cannot import name 'BashOprator' from 'airflow.operators.bash' (/home/airflow/.local/lib/python3.12/site-packages/airflow/operators/bash.py)
[2026-01-08T02:08:20.891+0000] {processor.py:927} WARNING - No viable dags retrieved from /opt/airflow/dags/01_basics_bash.py
[2026-01-08T02:08:20.920+0000] {processor.py:208} INFO - Processing /opt/airflow/dags/01_basics_bash.py took 0.079 seconds
[2026-01-08T02:08:51.550+0000] {processor.py:186} INFO - Started process (PID=2621) to work on /opt/airflow/dags/01_basics_bash.py
[2026-01-08T02:08:51.551+0000] {processor.py:914} INFO - Processing file /opt/airflow/dags/01_basics_bash.py for tasks to queue
[2026-01-08T02:08:51.553+0000] {logging_mixin.py:190} INFO - [2026-01-08T02:08:51.553+0000] {dagbag.py:587} INFO - Filling up the DagBag from /opt/airflow/dags/01_basics_bash.py
[2026-01-08T02:08:51.591+0000] {logging_mixin.py:190} INFO - [2026-01-08T02:08:51.582+0000] {dagbag.py:386} ERROR - Failed to import: /opt/airflow/dags/01_basics_bash.py
Traceback (most recent call last):
  File "/home/airflow/.local/lib/python3.12/site-packages/airflow/models/dagbag.py", line 382, in parse
    loader.exec_module(new_module)
  File "<frozen importlib._bootstrap_external>", line 995, in exec_module
  File "<frozen importlib._bootstrap>", line 488, in _call_with_frames_removed
  File "/opt/airflow/dags/01_basics_bash.py", line 8, in <module>
    from airflow.operators.bash import BashOprator
ImportError: cannot import name 'BashOprator' from 'airflow.operators.bash' (/home/airflow/.local/lib/python3.12/site-packages/airflow/operators/bash.py)
[2026-01-08T02:08:51.594+0000] {processor.py:927} WARNING - No viable dags retrieved from /opt/airflow/dags/01_basics_bash.py
[2026-01-08T02:08:51.609+0000] {processor.py:208} INFO - Processing /opt/airflow/dags/01_basics_bash.py took 0.064 seconds
[2026-01-08T02:09:22.055+0000] {processor.py:186} INFO - Started process (PID=2684) to work on /opt/airflow/dags/01_basics_bash.py
[2026-01-08T02:09:22.056+0000] {processor.py:914} INFO - Processing file /opt/airflow/dags/01_basics_bash.py for tasks to queue
[2026-01-08T02:09:22.058+0000] {logging_mixin.py:190} INFO - [2026-01-08T02:09:22.058+0000] {dagbag.py:587} INFO - Filling up the DagBag from /opt/airflow/dags/01_basics_bash.py
[2026-01-08T02:09:22.090+0000] {logging_mixin.py:190} INFO - [2026-01-08T02:09:22.082+0000] {dagbag.py:386} ERROR - Failed to import: /opt/airflow/dags/01_basics_bash.py
Traceback (most recent call last):
  File "/home/airflow/.local/lib/python3.12/site-packages/airflow/models/dagbag.py", line 382, in parse
    loader.exec_module(new_module)
  File "<frozen importlib._bootstrap_external>", line 995, in exec_module
  File "<frozen importlib._bootstrap>", line 488, in _call_with_frames_removed
  File "/opt/airflow/dags/01_basics_bash.py", line 8, in <module>
    from airflow.operators.bash import BashOprator
ImportError: cannot import name 'BashOprator' from 'airflow.operators.bash' (/home/airflow/.local/lib/python3.12/site-packages/airflow/operators/bash.py)
[2026-01-08T02:09:22.094+0000] {processor.py:927} WARNING - No viable dags retrieved from /opt/airflow/dags/01_basics_bash.py
[2026-01-08T02:09:22.111+0000] {processor.py:208} INFO - Processing /opt/airflow/dags/01_basics_bash.py took 0.062 seconds
[2026-01-08T02:09:52.332+0000] {processor.py:186} INFO - Started process (PID=2747) to work on /opt/airflow/dags/01_basics_bash.py
[2026-01-08T02:09:52.333+0000] {processor.py:914} INFO - Processing file /opt/airflow/dags/01_basics_bash.py for tasks to queue
[2026-01-08T02:09:52.336+0000] {logging_mixin.py:190} INFO - [2026-01-08T02:09:52.335+0000] {dagbag.py:587} INFO - Filling up the DagBag from /opt/airflow/dags/01_basics_bash.py
[2026-01-08T02:09:52.359+0000] {logging_mixin.py:190} INFO - [2026-01-08T02:09:52.355+0000] {dagbag.py:386} ERROR - Failed to import: /opt/airflow/dags/01_basics_bash.py
Traceback (most recent call last):
  File "/home/airflow/.local/lib/python3.12/site-packages/airflow/models/dagbag.py", line 382, in parse
    loader.exec_module(new_module)
  File "<frozen importlib._bootstrap_external>", line 995, in exec_module
  File "<frozen importlib._bootstrap>", line 488, in _call_with_frames_removed
  File "/opt/airflow/dags/01_basics_bash.py", line 8, in <module>
    from airflow.operators.bash import BashOprator
ImportError: cannot import name 'BashOprator' from 'airflow.operators.bash' (/home/airflow/.local/lib/python3.12/site-packages/airflow/operators/bash.py)
[2026-01-08T02:09:52.362+0000] {processor.py:927} WARNING - No viable dags retrieved from /opt/airflow/dags/01_basics_bash.py
[2026-01-08T02:09:52.385+0000] {processor.py:208} INFO - Processing /opt/airflow/dags/01_basics_bash.py took 0.057 seconds
[2026-01-08T02:10:22.709+0000] {processor.py:186} INFO - Started process (PID=2810) to work on /opt/airflow/dags/01_basics_bash.py
[2026-01-08T02:10:22.711+0000] {processor.py:914} INFO - Processing file /opt/airflow/dags/01_basics_bash.py for tasks to queue
[2026-01-08T02:10:22.713+0000] {logging_mixin.py:190} INFO - [2026-01-08T02:10:22.712+0000] {dagbag.py:587} INFO - Filling up the DagBag from /opt/airflow/dags/01_basics_bash.py
[2026-01-08T02:10:22.744+0000] {logging_mixin.py:190} INFO - [2026-01-08T02:10:22.736+0000] {dagbag.py:386} ERROR - Failed to import: /opt/airflow/dags/01_basics_bash.py
Traceback (most recent call last):
  File "/home/airflow/.local/lib/python3.12/site-packages/airflow/models/dagbag.py", line 382, in parse
    loader.exec_module(new_module)
  File "<frozen importlib._bootstrap_external>", line 995, in exec_module
  File "<frozen importlib._bootstrap>", line 488, in _call_with_frames_removed
  File "/opt/airflow/dags/01_basics_bash.py", line 8, in <module>
    from airflow.operators.bash import BashOprator
ImportError: cannot import name 'BashOprator' from 'airflow.operators.bash' (/home/airflow/.local/lib/python3.12/site-packages/airflow/operators/bash.py)
[2026-01-08T02:10:22.746+0000] {processor.py:927} WARNING - No viable dags retrieved from /opt/airflow/dags/01_basics_bash.py
[2026-01-08T02:10:22.761+0000] {processor.py:208} INFO - Processing /opt/airflow/dags/01_basics_bash.py took 0.056 seconds
[2026-01-08T02:10:53.176+0000] {processor.py:186} INFO - Started process (PID=2872) to work on /opt/airflow/dags/01_basics_bash.py
[2026-01-08T02:10:53.177+0000] {processor.py:914} INFO - Processing file /opt/airflow/dags/01_basics_bash.py for tasks to queue
[2026-01-08T02:10:53.179+0000] {logging_mixin.py:190} INFO - [2026-01-08T02:10:53.179+0000] {dagbag.py:587} INFO - Filling up the DagBag from /opt/airflow/dags/01_basics_bash.py
[2026-01-08T02:10:53.218+0000] {logging_mixin.py:190} INFO - [2026-01-08T02:10:53.209+0000] {dagbag.py:386} ERROR - Failed to import: /opt/airflow/dags/01_basics_bash.py
Traceback (most recent call last):
  File "/home/airflow/.local/lib/python3.12/site-packages/airflow/models/dagbag.py", line 382, in parse
    loader.exec_module(new_module)
  File "<frozen importlib._bootstrap_external>", line 995, in exec_module
  File "<frozen importlib._bootstrap>", line 488, in _call_with_frames_removed
  File "/opt/airflow/dags/01_basics_bash.py", line 8, in <module>
    from airflow.operators.bash import BashOprator
ImportError: cannot import name 'BashOprator' from 'airflow.operators.bash' (/home/airflow/.local/lib/python3.12/site-packages/airflow/operators/bash.py)
[2026-01-08T02:10:53.221+0000] {processor.py:927} WARNING - No viable dags retrieved from /opt/airflow/dags/01_basics_bash.py
[2026-01-08T02:10:53.237+0000] {processor.py:208} INFO - Processing /opt/airflow/dags/01_basics_bash.py took 0.066 seconds
[2026-01-08T02:11:23.757+0000] {processor.py:186} INFO - Started process (PID=2935) to work on /opt/airflow/dags/01_basics_bash.py
[2026-01-08T02:11:23.758+0000] {processor.py:914} INFO - Processing file /opt/airflow/dags/01_basics_bash.py for tasks to queue
[2026-01-08T02:11:23.760+0000] {logging_mixin.py:190} INFO - [2026-01-08T02:11:23.760+0000] {dagbag.py:587} INFO - Filling up the DagBag from /opt/airflow/dags/01_basics_bash.py
[2026-01-08T02:11:23.804+0000] {logging_mixin.py:190} INFO - [2026-01-08T02:11:23.794+0000] {dagbag.py:386} ERROR - Failed to import: /opt/airflow/dags/01_basics_bash.py
Traceback (most recent call last):
  File "/home/airflow/.local/lib/python3.12/site-packages/airflow/models/dagbag.py", line 382, in parse
    loader.exec_module(new_module)
  File "<frozen importlib._bootstrap_external>", line 995, in exec_module
  File "<frozen importlib._bootstrap>", line 488, in _call_with_frames_removed
  File "/opt/airflow/dags/01_basics_bash.py", line 8, in <module>
    from airflow.operators.bash import BashOprator
ImportError: cannot import name 'BashOprator' from 'airflow.operators.bash' (/home/airflow/.local/lib/python3.12/site-packages/airflow/operators/bash.py)
[2026-01-08T02:11:23.808+0000] {processor.py:927} WARNING - No viable dags retrieved from /opt/airflow/dags/01_basics_bash.py
[2026-01-08T02:11:23.825+0000] {processor.py:208} INFO - Processing /opt/airflow/dags/01_basics_bash.py took 0.072 seconds
[2026-01-08T02:11:54.752+0000] {processor.py:186} INFO - Started process (PID=2998) to work on /opt/airflow/dags/01_basics_bash.py
[2026-01-08T02:11:54.754+0000] {processor.py:914} INFO - Processing file /opt/airflow/dags/01_basics_bash.py for tasks to queue
[2026-01-08T02:11:54.756+0000] {logging_mixin.py:190} INFO - [2026-01-08T02:11:54.756+0000] {dagbag.py:587} INFO - Filling up the DagBag from /opt/airflow/dags/01_basics_bash.py
[2026-01-08T02:11:54.794+0000] {logging_mixin.py:190} INFO - [2026-01-08T02:11:54.785+0000] {dagbag.py:386} ERROR - Failed to import: /opt/airflow/dags/01_basics_bash.py
Traceback (most recent call last):
  File "/home/airflow/.local/lib/python3.12/site-packages/airflow/models/dagbag.py", line 382, in parse
    loader.exec_module(new_module)
  File "<frozen importlib._bootstrap_external>", line 995, in exec_module
  File "<frozen importlib._bootstrap>", line 488, in _call_with_frames_removed
  File "/opt/airflow/dags/01_basics_bash.py", line 8, in <module>
    from airflow.operators.bash import BashOprator
ImportError: cannot import name 'BashOprator' from 'airflow.operators.bash' (/home/airflow/.local/lib/python3.12/site-packages/airflow/operators/bash.py)
[2026-01-08T02:11:54.797+0000] {processor.py:927} WARNING - No viable dags retrieved from /opt/airflow/dags/01_basics_bash.py
[2026-01-08T02:11:54.812+0000] {processor.py:208} INFO - Processing /opt/airflow/dags/01_basics_bash.py took 0.064 seconds
[2026-01-08T02:12:02.385+0000] {processor.py:186} INFO - Started process (PID=3012) to work on /opt/airflow/dags/01_basics_bash.py
[2026-01-08T02:12:02.386+0000] {processor.py:914} INFO - Processing file /opt/airflow/dags/01_basics_bash.py for tasks to queue
[2026-01-08T02:12:02.389+0000] {logging_mixin.py:190} INFO - [2026-01-08T02:12:02.389+0000] {dagbag.py:587} INFO - Filling up the DagBag from /opt/airflow/dags/01_basics_bash.py
[2026-01-08T02:12:02.452+0000] {logging_mixin.py:190} INFO - [2026-01-08T02:12:02.445+0000] {dagbag.py:386} ERROR - Failed to import: /opt/airflow/dags/01_basics_bash.py
Traceback (most recent call last):
  File "/home/airflow/.local/lib/python3.12/site-packages/airflow/models/dagbag.py", line 382, in parse
    loader.exec_module(new_module)
  File "<frozen importlib._bootstrap_external>", line 995, in exec_module
  File "<frozen importlib._bootstrap>", line 488, in _call_with_frames_removed
  File "/opt/airflow/dags/01_basics_bash.py", line 8, in <module>
    from airflow.operators.bash import BashOprator
ImportError: cannot import name 'BashOprator' from 'airflow.operators.bash' (/home/airflow/.local/lib/python3.12/site-packages/airflow/operators/bash.py)
[2026-01-08T02:12:02.455+0000] {processor.py:927} WARNING - No viable dags retrieved from /opt/airflow/dags/01_basics_bash.py
[2026-01-08T02:12:02.469+0000] {processor.py:208} INFO - Processing /opt/airflow/dags/01_basics_bash.py took 0.089 seconds
[2026-01-08T02:12:33.171+0000] {processor.py:186} INFO - Started process (PID=3075) to work on /opt/airflow/dags/01_basics_bash.py
[2026-01-08T02:12:33.173+0000] {processor.py:914} INFO - Processing file /opt/airflow/dags/01_basics_bash.py for tasks to queue
[2026-01-08T02:12:33.176+0000] {logging_mixin.py:190} INFO - [2026-01-08T02:12:33.176+0000] {dagbag.py:587} INFO - Filling up the DagBag from /opt/airflow/dags/01_basics_bash.py
[2026-01-08T02:12:33.215+0000] {logging_mixin.py:190} INFO - [2026-01-08T02:12:33.206+0000] {dagbag.py:386} ERROR - Failed to import: /opt/airflow/dags/01_basics_bash.py
Traceback (most recent call last):
  File "/home/airflow/.local/lib/python3.12/site-packages/airflow/models/dagbag.py", line 382, in parse
    loader.exec_module(new_module)
  File "<frozen importlib._bootstrap_external>", line 995, in exec_module
  File "<frozen importlib._bootstrap>", line 488, in _call_with_frames_removed
  File "/opt/airflow/dags/01_basics_bash.py", line 8, in <module>
    from airflow.operators.bash import BashOprator
ImportError: cannot import name 'BashOprator' from 'airflow.operators.bash' (/home/airflow/.local/lib/python3.12/site-packages/airflow/operators/bash.py)
[2026-01-08T02:12:33.219+0000] {processor.py:927} WARNING - No viable dags retrieved from /opt/airflow/dags/01_basics_bash.py
[2026-01-08T02:12:33.234+0000] {processor.py:208} INFO - Processing /opt/airflow/dags/01_basics_bash.py took 0.067 seconds
[2026-01-08T02:13:03.658+0000] {processor.py:186} INFO - Started process (PID=3138) to work on /opt/airflow/dags/01_basics_bash.py
[2026-01-08T02:13:03.659+0000] {processor.py:914} INFO - Processing file /opt/airflow/dags/01_basics_bash.py for tasks to queue
[2026-01-08T02:13:03.662+0000] {logging_mixin.py:190} INFO - [2026-01-08T02:13:03.661+0000] {dagbag.py:587} INFO - Filling up the DagBag from /opt/airflow/dags/01_basics_bash.py
[2026-01-08T02:13:03.698+0000] {logging_mixin.py:190} INFO - [2026-01-08T02:13:03.690+0000] {dagbag.py:386} ERROR - Failed to import: /opt/airflow/dags/01_basics_bash.py
Traceback (most recent call last):
  File "/home/airflow/.local/lib/python3.12/site-packages/airflow/models/dagbag.py", line 382, in parse
    loader.exec_module(new_module)
  File "<frozen importlib._bootstrap_external>", line 995, in exec_module
  File "<frozen importlib._bootstrap>", line 488, in _call_with_frames_removed
  File "/opt/airflow/dags/01_basics_bash.py", line 8, in <module>
    from airflow.operators.bash import BashOprator
ImportError: cannot import name 'BashOprator' from 'airflow.operators.bash' (/home/airflow/.local/lib/python3.12/site-packages/airflow/operators/bash.py)
[2026-01-08T02:13:03.701+0000] {processor.py:927} WARNING - No viable dags retrieved from /opt/airflow/dags/01_basics_bash.py
[2026-01-08T02:13:03.716+0000] {processor.py:208} INFO - Processing /opt/airflow/dags/01_basics_bash.py took 0.063 seconds
[2026-01-08T02:13:34.269+0000] {processor.py:186} INFO - Started process (PID=3201) to work on /opt/airflow/dags/01_basics_bash.py
[2026-01-08T02:13:34.271+0000] {processor.py:914} INFO - Processing file /opt/airflow/dags/01_basics_bash.py for tasks to queue
[2026-01-08T02:13:34.273+0000] {logging_mixin.py:190} INFO - [2026-01-08T02:13:34.273+0000] {dagbag.py:587} INFO - Filling up the DagBag from /opt/airflow/dags/01_basics_bash.py
[2026-01-08T02:13:34.298+0000] {logging_mixin.py:190} INFO - [2026-01-08T02:13:34.292+0000] {dagbag.py:386} ERROR - Failed to import: /opt/airflow/dags/01_basics_bash.py
Traceback (most recent call last):
  File "/home/airflow/.local/lib/python3.12/site-packages/airflow/models/dagbag.py", line 382, in parse
    loader.exec_module(new_module)
  File "<frozen importlib._bootstrap_external>", line 995, in exec_module
  File "<frozen importlib._bootstrap>", line 488, in _call_with_frames_removed
  File "/opt/airflow/dags/01_basics_bash.py", line 8, in <module>
    from airflow.operators.bash import BashOprator
ImportError: cannot import name 'BashOprator' from 'airflow.operators.bash' (/home/airflow/.local/lib/python3.12/site-packages/airflow/operators/bash.py)
[2026-01-08T02:13:34.301+0000] {processor.py:927} WARNING - No viable dags retrieved from /opt/airflow/dags/01_basics_bash.py
[2026-01-08T02:13:34.316+0000] {processor.py:208} INFO - Processing /opt/airflow/dags/01_basics_bash.py took 0.052 seconds
[2026-01-08T02:14:05.271+0000] {processor.py:186} INFO - Started process (PID=3264) to work on /opt/airflow/dags/01_basics_bash.py
[2026-01-08T02:14:05.273+0000] {processor.py:914} INFO - Processing file /opt/airflow/dags/01_basics_bash.py for tasks to queue
[2026-01-08T02:14:05.276+0000] {logging_mixin.py:190} INFO - [2026-01-08T02:14:05.275+0000] {dagbag.py:587} INFO - Filling up the DagBag from /opt/airflow/dags/01_basics_bash.py
[2026-01-08T02:14:05.312+0000] {logging_mixin.py:190} INFO - [2026-01-08T02:14:05.304+0000] {dagbag.py:386} ERROR - Failed to import: /opt/airflow/dags/01_basics_bash.py
Traceback (most recent call last):
  File "/home/airflow/.local/lib/python3.12/site-packages/airflow/models/dagbag.py", line 382, in parse
    loader.exec_module(new_module)
  File "<frozen importlib._bootstrap_external>", line 995, in exec_module
  File "<frozen importlib._bootstrap>", line 488, in _call_with_frames_removed
  File "/opt/airflow/dags/01_basics_bash.py", line 8, in <module>
    from airflow.operators.bash import BashOprator
ImportError: cannot import name 'BashOprator' from 'airflow.operators.bash' (/home/airflow/.local/lib/python3.12/site-packages/airflow/operators/bash.py)
[2026-01-08T02:14:05.316+0000] {processor.py:927} WARNING - No viable dags retrieved from /opt/airflow/dags/01_basics_bash.py
[2026-01-08T02:14:05.338+0000] {processor.py:208} INFO - Processing /opt/airflow/dags/01_basics_bash.py took 0.071 seconds
[2026-01-08T02:14:36.239+0000] {processor.py:186} INFO - Started process (PID=3327) to work on /opt/airflow/dags/01_basics_bash.py
[2026-01-08T02:14:36.240+0000] {processor.py:914} INFO - Processing file /opt/airflow/dags/01_basics_bash.py for tasks to queue
[2026-01-08T02:14:36.243+0000] {logging_mixin.py:190} INFO - [2026-01-08T02:14:36.242+0000] {dagbag.py:587} INFO - Filling up the DagBag from /opt/airflow/dags/01_basics_bash.py
[2026-01-08T02:14:36.272+0000] {logging_mixin.py:190} INFO - [2026-01-08T02:14:36.266+0000] {dagbag.py:386} ERROR - Failed to import: /opt/airflow/dags/01_basics_bash.py
Traceback (most recent call last):
  File "/home/airflow/.local/lib/python3.12/site-packages/airflow/models/dagbag.py", line 382, in parse
    loader.exec_module(new_module)
  File "<frozen importlib._bootstrap_external>", line 995, in exec_module
  File "<frozen importlib._bootstrap>", line 488, in _call_with_frames_removed
  File "/opt/airflow/dags/01_basics_bash.py", line 8, in <module>
    from airflow.operators.bash import BashOprator
ImportError: cannot import name 'BashOprator' from 'airflow.operators.bash' (/home/airflow/.local/lib/python3.12/site-packages/airflow/operators/bash.py)
[2026-01-08T02:14:36.275+0000] {processor.py:927} WARNING - No viable dags retrieved from /opt/airflow/dags/01_basics_bash.py
[2026-01-08T02:14:36.298+0000] {processor.py:208} INFO - Processing /opt/airflow/dags/01_basics_bash.py took 0.064 seconds
[2026-01-08T02:14:56.294+0000] {processor.py:186} INFO - Started process (PID=3350) to work on /opt/airflow/dags/01_basics_bash.py
[2026-01-08T02:14:56.296+0000] {processor.py:914} INFO - Processing file /opt/airflow/dags/01_basics_bash.py for tasks to queue
[2026-01-08T02:14:56.299+0000] {logging_mixin.py:190} INFO - [2026-01-08T02:14:56.298+0000] {dagbag.py:587} INFO - Filling up the DagBag from /opt/airflow/dags/01_basics_bash.py
[2026-01-08T02:14:56.369+0000] {logging_mixin.py:190} INFO - [2026-01-08T02:14:56.360+0000] {dagbag.py:386} ERROR - Failed to import: /opt/airflow/dags/01_basics_bash.py
Traceback (most recent call last):
  File "/home/airflow/.local/lib/python3.12/site-packages/airflow/models/dagbag.py", line 382, in parse
    loader.exec_module(new_module)
  File "<frozen importlib._bootstrap_external>", line 995, in exec_module
  File "<frozen importlib._bootstrap>", line 488, in _call_with_frames_removed
  File "/opt/airflow/dags/01_basics_bash.py", line 8, in <module>
    from airflow.operators.bash import BashOprator
ImportError: cannot import name 'BashOprator' from 'airflow.operators.bash' (/home/airflow/.local/lib/python3.12/site-packages/airflow/operators/bash.py)
[2026-01-08T02:14:56.372+0000] {processor.py:927} WARNING - No viable dags retrieved from /opt/airflow/dags/01_basics_bash.py
[2026-01-08T02:14:56.387+0000] {processor.py:208} INFO - Processing /opt/airflow/dags/01_basics_bash.py took 0.099 seconds
[2026-01-08T02:15:26.599+0000] {processor.py:186} INFO - Started process (PID=3406) to work on /opt/airflow/dags/01_basics_bash.py
[2026-01-08T02:15:26.600+0000] {processor.py:914} INFO - Processing file /opt/airflow/dags/01_basics_bash.py for tasks to queue
[2026-01-08T02:15:26.602+0000] {logging_mixin.py:190} INFO - [2026-01-08T02:15:26.602+0000] {dagbag.py:587} INFO - Filling up the DagBag from /opt/airflow/dags/01_basics_bash.py
[2026-01-08T02:15:26.643+0000] {logging_mixin.py:190} INFO - [2026-01-08T02:15:26.634+0000] {dagbag.py:386} ERROR - Failed to import: /opt/airflow/dags/01_basics_bash.py
Traceback (most recent call last):
  File "/home/airflow/.local/lib/python3.12/site-packages/airflow/models/dagbag.py", line 382, in parse
    loader.exec_module(new_module)
  File "<frozen importlib._bootstrap_external>", line 995, in exec_module
  File "<frozen importlib._bootstrap>", line 488, in _call_with_frames_removed
  File "/opt/airflow/dags/01_basics_bash.py", line 8, in <module>
    from airflow.operators.bash import BashOprator
ImportError: cannot import name 'BashOprator' from 'airflow.operators.bash' (/home/airflow/.local/lib/python3.12/site-packages/airflow/operators/bash.py)
[2026-01-08T02:15:26.647+0000] {processor.py:927} WARNING - No viable dags retrieved from /opt/airflow/dags/01_basics_bash.py
[2026-01-08T02:15:26.671+0000] {processor.py:208} INFO - Processing /opt/airflow/dags/01_basics_bash.py took 0.077 seconds
[2026-01-08T02:15:57.607+0000] {processor.py:186} INFO - Started process (PID=3475) to work on /opt/airflow/dags/01_basics_bash.py
[2026-01-08T02:15:57.608+0000] {processor.py:914} INFO - Processing file /opt/airflow/dags/01_basics_bash.py for tasks to queue
[2026-01-08T02:15:57.611+0000] {logging_mixin.py:190} INFO - [2026-01-08T02:15:57.611+0000] {dagbag.py:587} INFO - Filling up the DagBag from /opt/airflow/dags/01_basics_bash.py
[2026-01-08T02:15:57.650+0000] {logging_mixin.py:190} INFO - [2026-01-08T02:15:57.641+0000] {dagbag.py:386} ERROR - Failed to import: /opt/airflow/dags/01_basics_bash.py
Traceback (most recent call last):
  File "/home/airflow/.local/lib/python3.12/site-packages/airflow/models/dagbag.py", line 382, in parse
    loader.exec_module(new_module)
  File "<frozen importlib._bootstrap_external>", line 995, in exec_module
  File "<frozen importlib._bootstrap>", line 488, in _call_with_frames_removed
  File "/opt/airflow/dags/01_basics_bash.py", line 8, in <module>
    from airflow.operators.bash import BashOprator
ImportError: cannot import name 'BashOprator' from 'airflow.operators.bash' (/home/airflow/.local/lib/python3.12/site-packages/airflow/operators/bash.py)
[2026-01-08T02:15:57.653+0000] {processor.py:927} WARNING - No viable dags retrieved from /opt/airflow/dags/01_basics_bash.py
[2026-01-08T02:15:57.675+0000] {processor.py:208} INFO - Processing /opt/airflow/dags/01_basics_bash.py took 0.074 seconds
[2026-01-08T02:16:02.651+0000] {processor.py:186} INFO - Started process (PID=3517) to work on /opt/airflow/dags/01_basics_bash.py
[2026-01-08T02:16:02.652+0000] {processor.py:914} INFO - Processing file /opt/airflow/dags/01_basics_bash.py for tasks to queue
[2026-01-08T02:16:02.654+0000] {logging_mixin.py:190} INFO - [2026-01-08T02:16:02.654+0000] {dagbag.py:587} INFO - Filling up the DagBag from /opt/airflow/dags/01_basics_bash.py
[2026-01-08T02:16:02.705+0000] {logging_mixin.py:190} INFO - [2026-01-08T02:16:02.698+0000] {dagbag.py:386} ERROR - Failed to import: /opt/airflow/dags/01_basics_bash.py
Traceback (most recent call last):
  File "/home/airflow/.local/lib/python3.12/site-packages/airflow/models/dagbag.py", line 382, in parse
    loader.exec_module(new_module)
  File "<frozen importlib._bootstrap_external>", line 995, in exec_module
  File "<frozen importlib._bootstrap>", line 488, in _call_with_frames_removed
  File "/opt/airflow/dags/01_basics_bash.py", line 8, in <module>
    from airflow.operators.bash import BashOprator
ImportError: cannot import name 'BashOprator' from 'airflow.operators.bash' (/home/airflow/.local/lib/python3.12/site-packages/airflow/operators/bash.py)
[2026-01-08T02:16:02.708+0000] {processor.py:927} WARNING - No viable dags retrieved from /opt/airflow/dags/01_basics_bash.py
[2026-01-08T02:16:02.723+0000] {processor.py:208} INFO - Processing /opt/airflow/dags/01_basics_bash.py took 0.077 seconds
[2026-01-08T02:16:33.197+0000] {processor.py:186} INFO - Started process (PID=3580) to work on /opt/airflow/dags/01_basics_bash.py
[2026-01-08T02:16:33.198+0000] {processor.py:914} INFO - Processing file /opt/airflow/dags/01_basics_bash.py for tasks to queue
[2026-01-08T02:16:33.201+0000] {logging_mixin.py:190} INFO - [2026-01-08T02:16:33.201+0000] {dagbag.py:587} INFO - Filling up the DagBag from /opt/airflow/dags/01_basics_bash.py
[2026-01-08T02:16:33.237+0000] {logging_mixin.py:190} INFO - [2026-01-08T02:16:33.229+0000] {dagbag.py:386} ERROR - Failed to import: /opt/airflow/dags/01_basics_bash.py
Traceback (most recent call last):
  File "/home/airflow/.local/lib/python3.12/site-packages/airflow/models/dagbag.py", line 382, in parse
    loader.exec_module(new_module)
  File "<frozen importlib._bootstrap_external>", line 995, in exec_module
  File "<frozen importlib._bootstrap>", line 488, in _call_with_frames_removed
  File "/opt/airflow/dags/01_basics_bash.py", line 8, in <module>
    from airflow.operators.bash import BashOprator
ImportError: cannot import name 'BashOprator' from 'airflow.operators.bash' (/home/airflow/.local/lib/python3.12/site-packages/airflow/operators/bash.py)
[2026-01-08T02:16:33.239+0000] {processor.py:927} WARNING - No viable dags retrieved from /opt/airflow/dags/01_basics_bash.py
[2026-01-08T02:16:33.255+0000] {processor.py:208} INFO - Processing /opt/airflow/dags/01_basics_bash.py took 0.063 seconds
[2026-01-08T02:16:48.718+0000] {processor.py:186} INFO - Started process (PID=3587) to work on /opt/airflow/dags/01_basics_bash.py
[2026-01-08T02:16:48.719+0000] {processor.py:914} INFO - Processing file /opt/airflow/dags/01_basics_bash.py for tasks to queue
[2026-01-08T02:16:48.722+0000] {logging_mixin.py:190} INFO - [2026-01-08T02:16:48.721+0000] {dagbag.py:587} INFO - Filling up the DagBag from /opt/airflow/dags/01_basics_bash.py
[2026-01-08T02:16:48.773+0000] {logging_mixin.py:190} INFO - [2026-01-08T02:16:48.766+0000] {dagbag.py:386} ERROR - Failed to import: /opt/airflow/dags/01_basics_bash.py
Traceback (most recent call last):
  File "/home/airflow/.local/lib/python3.12/site-packages/airflow/models/dagbag.py", line 382, in parse
    loader.exec_module(new_module)
  File "<frozen importlib._bootstrap_external>", line 995, in exec_module
  File "<frozen importlib._bootstrap>", line 488, in _call_with_frames_removed
  File "/opt/airflow/dags/01_basics_bash.py", line 8, in <module>
    from airflow.operators.bash import BashOprator
ImportError: cannot import name 'BashOprator' from 'airflow.operators.bash' (/home/airflow/.local/lib/python3.12/site-packages/airflow/operators/bash.py)
[2026-01-08T02:16:48.776+0000] {processor.py:927} WARNING - No viable dags retrieved from /opt/airflow/dags/01_basics_bash.py
[2026-01-08T02:16:48.790+0000] {processor.py:208} INFO - Processing /opt/airflow/dags/01_basics_bash.py took 0.076 seconds
[2026-01-08T02:17:19.414+0000] {processor.py:186} INFO - Started process (PID=3650) to work on /opt/airflow/dags/01_basics_bash.py
[2026-01-08T02:17:19.415+0000] {processor.py:914} INFO - Processing file /opt/airflow/dags/01_basics_bash.py for tasks to queue
[2026-01-08T02:17:19.417+0000] {logging_mixin.py:190} INFO - [2026-01-08T02:17:19.417+0000] {dagbag.py:587} INFO - Filling up the DagBag from /opt/airflow/dags/01_basics_bash.py
[2026-01-08T02:17:19.459+0000] {logging_mixin.py:190} INFO - [2026-01-08T02:17:19.450+0000] {dagbag.py:386} ERROR - Failed to import: /opt/airflow/dags/01_basics_bash.py
Traceback (most recent call last):
  File "/home/airflow/.local/lib/python3.12/site-packages/airflow/models/dagbag.py", line 382, in parse
    loader.exec_module(new_module)
  File "<frozen importlib._bootstrap_external>", line 995, in exec_module
  File "<frozen importlib._bootstrap>", line 488, in _call_with_frames_removed
  File "/opt/airflow/dags/01_basics_bash.py", line 8, in <module>
    from airflow.operators.bash import BashOprator
ImportError: cannot import name 'BashOprator' from 'airflow.operators.bash' (/home/airflow/.local/lib/python3.12/site-packages/airflow/operators/bash.py)
[2026-01-08T02:17:19.462+0000] {processor.py:927} WARNING - No viable dags retrieved from /opt/airflow/dags/01_basics_bash.py
[2026-01-08T02:17:19.486+0000] {processor.py:208} INFO - Processing /opt/airflow/dags/01_basics_bash.py took 0.076 seconds
[2026-01-08T02:17:50.061+0000] {processor.py:186} INFO - Started process (PID=3713) to work on /opt/airflow/dags/01_basics_bash.py
[2026-01-08T02:17:50.062+0000] {processor.py:914} INFO - Processing file /opt/airflow/dags/01_basics_bash.py for tasks to queue
[2026-01-08T02:17:50.066+0000] {logging_mixin.py:190} INFO - [2026-01-08T02:17:50.066+0000] {dagbag.py:587} INFO - Filling up the DagBag from /opt/airflow/dags/01_basics_bash.py
[2026-01-08T02:17:50.101+0000] {logging_mixin.py:190} INFO - [2026-01-08T02:17:50.093+0000] {dagbag.py:386} ERROR - Failed to import: /opt/airflow/dags/01_basics_bash.py
Traceback (most recent call last):
  File "/home/airflow/.local/lib/python3.12/site-packages/airflow/models/dagbag.py", line 382, in parse
    loader.exec_module(new_module)
  File "<frozen importlib._bootstrap_external>", line 995, in exec_module
  File "<frozen importlib._bootstrap>", line 488, in _call_with_frames_removed
  File "/opt/airflow/dags/01_basics_bash.py", line 8, in <module>
    from airflow.operators.bash import BashOprator
ImportError: cannot import name 'BashOprator' from 'airflow.operators.bash' (/home/airflow/.local/lib/python3.12/site-packages/airflow/operators/bash.py)
[2026-01-08T02:17:50.104+0000] {processor.py:927} WARNING - No viable dags retrieved from /opt/airflow/dags/01_basics_bash.py
[2026-01-08T02:17:50.127+0000] {processor.py:208} INFO - Processing /opt/airflow/dags/01_basics_bash.py took 0.071 seconds
[2026-01-08T02:18:20.977+0000] {processor.py:186} INFO - Started process (PID=3776) to work on /opt/airflow/dags/01_basics_bash.py
[2026-01-08T02:18:20.979+0000] {processor.py:914} INFO - Processing file /opt/airflow/dags/01_basics_bash.py for tasks to queue
[2026-01-08T02:18:20.981+0000] {logging_mixin.py:190} INFO - [2026-01-08T02:18:20.981+0000] {dagbag.py:587} INFO - Filling up the DagBag from /opt/airflow/dags/01_basics_bash.py
[2026-01-08T02:18:21.021+0000] {logging_mixin.py:190} INFO - [2026-01-08T02:18:21.011+0000] {dagbag.py:386} ERROR - Failed to import: /opt/airflow/dags/01_basics_bash.py
Traceback (most recent call last):
  File "/home/airflow/.local/lib/python3.12/site-packages/airflow/models/dagbag.py", line 382, in parse
    loader.exec_module(new_module)
  File "<frozen importlib._bootstrap_external>", line 995, in exec_module
  File "<frozen importlib._bootstrap>", line 488, in _call_with_frames_removed
  File "/opt/airflow/dags/01_basics_bash.py", line 8, in <module>
    from airflow.operators.bash import BashOprator
ImportError: cannot import name 'BashOprator' from 'airflow.operators.bash' (/home/airflow/.local/lib/python3.12/site-packages/airflow/operators/bash.py)
[2026-01-08T02:18:21.025+0000] {processor.py:927} WARNING - No viable dags retrieved from /opt/airflow/dags/01_basics_bash.py
[2026-01-08T02:18:21.056+0000] {processor.py:208} INFO - Processing /opt/airflow/dags/01_basics_bash.py took 0.083 seconds
[2026-01-08T02:18:51.579+0000] {processor.py:186} INFO - Started process (PID=3839) to work on /opt/airflow/dags/01_basics_bash.py
[2026-01-08T02:18:51.581+0000] {processor.py:914} INFO - Processing file /opt/airflow/dags/01_basics_bash.py for tasks to queue
[2026-01-08T02:18:51.583+0000] {logging_mixin.py:190} INFO - [2026-01-08T02:18:51.582+0000] {dagbag.py:587} INFO - Filling up the DagBag from /opt/airflow/dags/01_basics_bash.py
[2026-01-08T02:18:51.617+0000] {logging_mixin.py:190} INFO - [2026-01-08T02:18:51.609+0000] {dagbag.py:386} ERROR - Failed to import: /opt/airflow/dags/01_basics_bash.py
Traceback (most recent call last):
  File "/home/airflow/.local/lib/python3.12/site-packages/airflow/models/dagbag.py", line 382, in parse
    loader.exec_module(new_module)
  File "<frozen importlib._bootstrap_external>", line 995, in exec_module
  File "<frozen importlib._bootstrap>", line 488, in _call_with_frames_removed
  File "/opt/airflow/dags/01_basics_bash.py", line 8, in <module>
    from airflow.operators.bash import BashOprator
ImportError: cannot import name 'BashOprator' from 'airflow.operators.bash' (/home/airflow/.local/lib/python3.12/site-packages/airflow/operators/bash.py)
[2026-01-08T02:18:51.621+0000] {processor.py:927} WARNING - No viable dags retrieved from /opt/airflow/dags/01_basics_bash.py
[2026-01-08T02:18:51.645+0000] {processor.py:208} INFO - Processing /opt/airflow/dags/01_basics_bash.py took 0.069 seconds
[2026-01-08T02:19:16.859+0000] {processor.py:186} INFO - Started process (PID=3896) to work on /opt/airflow/dags/01_basics_bash.py
[2026-01-08T02:19:16.861+0000] {processor.py:914} INFO - Processing file /opt/airflow/dags/01_basics_bash.py for tasks to queue
[2026-01-08T02:19:16.863+0000] {logging_mixin.py:190} INFO - [2026-01-08T02:19:16.863+0000] {dagbag.py:587} INFO - Filling up the DagBag from /opt/airflow/dags/01_basics_bash.py
[2026-01-08T02:19:16.924+0000] {logging_mixin.py:190} INFO - [2026-01-08T02:19:16.914+0000] {dagbag.py:386} ERROR - Failed to import: /opt/airflow/dags/01_basics_bash.py
Traceback (most recent call last):
  File "/home/airflow/.local/lib/python3.12/site-packages/airflow/models/dagbag.py", line 382, in parse
    loader.exec_module(new_module)
  File "<frozen importlib._bootstrap_external>", line 995, in exec_module
  File "<frozen importlib._bootstrap>", line 488, in _call_with_frames_removed
  File "/opt/airflow/dags/01_basics_bash.py", line 8, in <module>
    from airflow.operators.bash import BashOprator
ImportError: cannot import name 'BashOprator' from 'airflow.operators.bash' (/home/airflow/.local/lib/python3.12/site-packages/airflow/operators/bash.py)
[2026-01-08T02:19:16.929+0000] {processor.py:927} WARNING - No viable dags retrieved from /opt/airflow/dags/01_basics_bash.py
[2026-01-08T02:19:16.944+0000] {processor.py:208} INFO - Processing /opt/airflow/dags/01_basics_bash.py took 0.089 seconds
[2026-01-08T02:19:47.350+0000] {processor.py:186} INFO - Started process (PID=3959) to work on /opt/airflow/dags/01_basics_bash.py
[2026-01-08T02:19:47.352+0000] {processor.py:914} INFO - Processing file /opt/airflow/dags/01_basics_bash.py for tasks to queue
[2026-01-08T02:19:47.354+0000] {logging_mixin.py:190} INFO - [2026-01-08T02:19:47.354+0000] {dagbag.py:587} INFO - Filling up the DagBag from /opt/airflow/dags/01_basics_bash.py
[2026-01-08T02:19:47.390+0000] {logging_mixin.py:190} INFO - [2026-01-08T02:19:47.381+0000] {dagbag.py:386} ERROR - Failed to import: /opt/airflow/dags/01_basics_bash.py
Traceback (most recent call last):
  File "/home/airflow/.local/lib/python3.12/site-packages/airflow/models/dagbag.py", line 382, in parse
    loader.exec_module(new_module)
  File "<frozen importlib._bootstrap_external>", line 995, in exec_module
  File "<frozen importlib._bootstrap>", line 488, in _call_with_frames_removed
  File "/opt/airflow/dags/01_basics_bash.py", line 8, in <module>
    from airflow.operators.bash import BashOprator
ImportError: cannot import name 'BashOprator' from 'airflow.operators.bash' (/home/airflow/.local/lib/python3.12/site-packages/airflow/operators/bash.py)
[2026-01-08T02:19:47.393+0000] {processor.py:927} WARNING - No viable dags retrieved from /opt/airflow/dags/01_basics_bash.py
[2026-01-08T02:19:47.416+0000] {processor.py:208} INFO - Processing /opt/airflow/dags/01_basics_bash.py took 0.070 seconds
[2026-01-08T02:20:17.954+0000] {processor.py:186} INFO - Started process (PID=4022) to work on /opt/airflow/dags/01_basics_bash.py
[2026-01-08T02:20:17.955+0000] {processor.py:914} INFO - Processing file /opt/airflow/dags/01_basics_bash.py for tasks to queue
[2026-01-08T02:20:17.958+0000] {logging_mixin.py:190} INFO - [2026-01-08T02:20:17.958+0000] {dagbag.py:587} INFO - Filling up the DagBag from /opt/airflow/dags/01_basics_bash.py
[2026-01-08T02:20:17.994+0000] {logging_mixin.py:190} INFO - [2026-01-08T02:20:17.985+0000] {dagbag.py:386} ERROR - Failed to import: /opt/airflow/dags/01_basics_bash.py
Traceback (most recent call last):
  File "/home/airflow/.local/lib/python3.12/site-packages/airflow/models/dagbag.py", line 382, in parse
    loader.exec_module(new_module)
  File "<frozen importlib._bootstrap_external>", line 995, in exec_module
  File "<frozen importlib._bootstrap>", line 488, in _call_with_frames_removed
  File "/opt/airflow/dags/01_basics_bash.py", line 8, in <module>
    from airflow.operators.bash import BashOprator
ImportError: cannot import name 'BashOprator' from 'airflow.operators.bash' (/home/airflow/.local/lib/python3.12/site-packages/airflow/operators/bash.py)
[2026-01-08T02:20:17.997+0000] {processor.py:927} WARNING - No viable dags retrieved from /opt/airflow/dags/01_basics_bash.py
[2026-01-08T02:20:18.019+0000] {processor.py:208} INFO - Processing /opt/airflow/dags/01_basics_bash.py took 0.070 seconds
[2026-01-08T02:20:48.453+0000] {processor.py:186} INFO - Started process (PID=4085) to work on /opt/airflow/dags/01_basics_bash.py
[2026-01-08T02:20:48.455+0000] {processor.py:914} INFO - Processing file /opt/airflow/dags/01_basics_bash.py for tasks to queue
[2026-01-08T02:20:48.458+0000] {logging_mixin.py:190} INFO - [2026-01-08T02:20:48.458+0000] {dagbag.py:587} INFO - Filling up the DagBag from /opt/airflow/dags/01_basics_bash.py
[2026-01-08T02:20:48.501+0000] {logging_mixin.py:190} INFO - [2026-01-08T02:20:48.490+0000] {dagbag.py:386} ERROR - Failed to import: /opt/airflow/dags/01_basics_bash.py
Traceback (most recent call last):
  File "/home/airflow/.local/lib/python3.12/site-packages/airflow/models/dagbag.py", line 382, in parse
    loader.exec_module(new_module)
  File "<frozen importlib._bootstrap_external>", line 995, in exec_module
  File "<frozen importlib._bootstrap>", line 488, in _call_with_frames_removed
  File "/opt/airflow/dags/01_basics_bash.py", line 8, in <module>
    from airflow.operators.bash import BashOprator
ImportError: cannot import name 'BashOprator' from 'airflow.operators.bash' (/home/airflow/.local/lib/python3.12/site-packages/airflow/operators/bash.py)
[2026-01-08T02:20:48.505+0000] {processor.py:927} WARNING - No viable dags retrieved from /opt/airflow/dags/01_basics_bash.py
[2026-01-08T02:20:48.532+0000] {processor.py:208} INFO - Processing /opt/airflow/dags/01_basics_bash.py took 0.084 seconds
[2026-01-08T02:21:19.052+0000] {processor.py:186} INFO - Started process (PID=4148) to work on /opt/airflow/dags/01_basics_bash.py
[2026-01-08T02:21:19.053+0000] {processor.py:914} INFO - Processing file /opt/airflow/dags/01_basics_bash.py for tasks to queue
[2026-01-08T02:21:19.056+0000] {logging_mixin.py:190} INFO - [2026-01-08T02:21:19.056+0000] {dagbag.py:587} INFO - Filling up the DagBag from /opt/airflow/dags/01_basics_bash.py
[2026-01-08T02:21:19.083+0000] {logging_mixin.py:190} INFO - [2026-01-08T02:21:19.076+0000] {dagbag.py:386} ERROR - Failed to import: /opt/airflow/dags/01_basics_bash.py
Traceback (most recent call last):
  File "/home/airflow/.local/lib/python3.12/site-packages/airflow/models/dagbag.py", line 382, in parse
    loader.exec_module(new_module)
  File "<frozen importlib._bootstrap_external>", line 995, in exec_module
  File "<frozen importlib._bootstrap>", line 488, in _call_with_frames_removed
  File "/opt/airflow/dags/01_basics_bash.py", line 8, in <module>
    from airflow.operators.bash import BashOprator
ImportError: cannot import name 'BashOprator' from 'airflow.operators.bash' (/home/airflow/.local/lib/python3.12/site-packages/airflow/operators/bash.py)
[2026-01-08T02:21:19.086+0000] {processor.py:927} WARNING - No viable dags retrieved from /opt/airflow/dags/01_basics_bash.py
[2026-01-08T02:21:19.107+0000] {processor.py:208} INFO - Processing /opt/airflow/dags/01_basics_bash.py took 0.061 seconds
[2026-01-08T02:21:49.636+0000] {processor.py:186} INFO - Started process (PID=4211) to work on /opt/airflow/dags/01_basics_bash.py
[2026-01-08T02:21:49.638+0000] {processor.py:914} INFO - Processing file /opt/airflow/dags/01_basics_bash.py for tasks to queue
[2026-01-08T02:21:49.640+0000] {logging_mixin.py:190} INFO - [2026-01-08T02:21:49.639+0000] {dagbag.py:587} INFO - Filling up the DagBag from /opt/airflow/dags/01_basics_bash.py
[2026-01-08T02:21:49.664+0000] {logging_mixin.py:190} INFO - [2026-01-08T02:21:49.658+0000] {dagbag.py:386} ERROR - Failed to import: /opt/airflow/dags/01_basics_bash.py
Traceback (most recent call last):
  File "/home/airflow/.local/lib/python3.12/site-packages/airflow/models/dagbag.py", line 382, in parse
    loader.exec_module(new_module)
  File "<frozen importlib._bootstrap_external>", line 995, in exec_module
  File "<frozen importlib._bootstrap>", line 488, in _call_with_frames_removed
  File "/opt/airflow/dags/01_basics_bash.py", line 8, in <module>
    from airflow.operators.bash import BashOprator
ImportError: cannot import name 'BashOprator' from 'airflow.operators.bash' (/home/airflow/.local/lib/python3.12/site-packages/airflow/operators/bash.py)
[2026-01-08T02:21:49.666+0000] {processor.py:927} WARNING - No viable dags retrieved from /opt/airflow/dags/01_basics_bash.py
[2026-01-08T02:21:49.681+0000] {processor.py:208} INFO - Processing /opt/airflow/dags/01_basics_bash.py took 0.050 seconds
[2026-01-08T02:22:19.985+0000] {processor.py:186} INFO - Started process (PID=4274) to work on /opt/airflow/dags/01_basics_bash.py
[2026-01-08T02:22:19.987+0000] {processor.py:914} INFO - Processing file /opt/airflow/dags/01_basics_bash.py for tasks to queue
[2026-01-08T02:22:19.989+0000] {logging_mixin.py:190} INFO - [2026-01-08T02:22:19.989+0000] {dagbag.py:587} INFO - Filling up the DagBag from /opt/airflow/dags/01_basics_bash.py
[2026-01-08T02:22:20.028+0000] {logging_mixin.py:190} INFO - [2026-01-08T02:22:20.019+0000] {dagbag.py:386} ERROR - Failed to import: /opt/airflow/dags/01_basics_bash.py
Traceback (most recent call last):
  File "/home/airflow/.local/lib/python3.12/site-packages/airflow/models/dagbag.py", line 382, in parse
    loader.exec_module(new_module)
  File "<frozen importlib._bootstrap_external>", line 995, in exec_module
  File "<frozen importlib._bootstrap>", line 488, in _call_with_frames_removed
  File "/opt/airflow/dags/01_basics_bash.py", line 8, in <module>
    from airflow.operators.bash import BashOprator
ImportError: cannot import name 'BashOprator' from 'airflow.operators.bash' (/home/airflow/.local/lib/python3.12/site-packages/airflow/operators/bash.py)
[2026-01-08T02:22:20.031+0000] {processor.py:927} WARNING - No viable dags retrieved from /opt/airflow/dags/01_basics_bash.py
[2026-01-08T02:22:20.049+0000] {processor.py:208} INFO - Processing /opt/airflow/dags/01_basics_bash.py took 0.070 seconds
[2026-01-08T02:22:50.728+0000] {processor.py:186} INFO - Started process (PID=4337) to work on /opt/airflow/dags/01_basics_bash.py
[2026-01-08T02:22:50.730+0000] {processor.py:914} INFO - Processing file /opt/airflow/dags/01_basics_bash.py for tasks to queue
[2026-01-08T02:22:50.732+0000] {logging_mixin.py:190} INFO - [2026-01-08T02:22:50.732+0000] {dagbag.py:587} INFO - Filling up the DagBag from /opt/airflow/dags/01_basics_bash.py
[2026-01-08T02:22:50.761+0000] {logging_mixin.py:190} INFO - [2026-01-08T02:22:50.754+0000] {dagbag.py:386} ERROR - Failed to import: /opt/airflow/dags/01_basics_bash.py
Traceback (most recent call last):
  File "/home/airflow/.local/lib/python3.12/site-packages/airflow/models/dagbag.py", line 382, in parse
    loader.exec_module(new_module)
  File "<frozen importlib._bootstrap_external>", line 995, in exec_module
  File "<frozen importlib._bootstrap>", line 488, in _call_with_frames_removed
  File "/opt/airflow/dags/01_basics_bash.py", line 8, in <module>
    from airflow.operators.bash import BashOprator
ImportError: cannot import name 'BashOprator' from 'airflow.operators.bash' (/home/airflow/.local/lib/python3.12/site-packages/airflow/operators/bash.py)
[2026-01-08T02:22:50.764+0000] {processor.py:927} WARNING - No viable dags retrieved from /opt/airflow/dags/01_basics_bash.py
[2026-01-08T02:22:50.787+0000] {processor.py:208} INFO - Processing /opt/airflow/dags/01_basics_bash.py took 0.064 seconds
[2026-01-08T02:23:21.088+0000] {processor.py:186} INFO - Started process (PID=4400) to work on /opt/airflow/dags/01_basics_bash.py
[2026-01-08T02:23:21.090+0000] {processor.py:914} INFO - Processing file /opt/airflow/dags/01_basics_bash.py for tasks to queue
[2026-01-08T02:23:21.092+0000] {logging_mixin.py:190} INFO - [2026-01-08T02:23:21.092+0000] {dagbag.py:587} INFO - Filling up the DagBag from /opt/airflow/dags/01_basics_bash.py
[2026-01-08T02:23:21.130+0000] {logging_mixin.py:190} INFO - [2026-01-08T02:23:21.121+0000] {dagbag.py:386} ERROR - Failed to import: /opt/airflow/dags/01_basics_bash.py
Traceback (most recent call last):
  File "/home/airflow/.local/lib/python3.12/site-packages/airflow/models/dagbag.py", line 382, in parse
    loader.exec_module(new_module)
  File "<frozen importlib._bootstrap_external>", line 995, in exec_module
  File "<frozen importlib._bootstrap>", line 488, in _call_with_frames_removed
  File "/opt/airflow/dags/01_basics_bash.py", line 8, in <module>
    from airflow.operators.bash import BashOprator
ImportError: cannot import name 'BashOprator' from 'airflow.operators.bash' (/home/airflow/.local/lib/python3.12/site-packages/airflow/operators/bash.py)
[2026-01-08T02:23:21.134+0000] {processor.py:927} WARNING - No viable dags retrieved from /opt/airflow/dags/01_basics_bash.py
[2026-01-08T02:23:21.148+0000] {processor.py:208} INFO - Processing /opt/airflow/dags/01_basics_bash.py took 0.065 seconds
[2026-01-08T02:23:51.834+0000] {processor.py:186} INFO - Started process (PID=4463) to work on /opt/airflow/dags/01_basics_bash.py
[2026-01-08T02:23:51.836+0000] {processor.py:914} INFO - Processing file /opt/airflow/dags/01_basics_bash.py for tasks to queue
[2026-01-08T02:23:51.838+0000] {logging_mixin.py:190} INFO - [2026-01-08T02:23:51.837+0000] {dagbag.py:587} INFO - Filling up the DagBag from /opt/airflow/dags/01_basics_bash.py
[2026-01-08T02:23:51.864+0000] {logging_mixin.py:190} INFO - [2026-01-08T02:23:51.857+0000] {dagbag.py:386} ERROR - Failed to import: /opt/airflow/dags/01_basics_bash.py
Traceback (most recent call last):
  File "/home/airflow/.local/lib/python3.12/site-packages/airflow/models/dagbag.py", line 382, in parse
    loader.exec_module(new_module)
  File "<frozen importlib._bootstrap_external>", line 995, in exec_module
  File "<frozen importlib._bootstrap>", line 488, in _call_with_frames_removed
  File "/opt/airflow/dags/01_basics_bash.py", line 8, in <module>
    from airflow.operators.bash import BashOprator
ImportError: cannot import name 'BashOprator' from 'airflow.operators.bash' (/home/airflow/.local/lib/python3.12/site-packages/airflow/operators/bash.py)
[2026-01-08T02:23:51.868+0000] {processor.py:927} WARNING - No viable dags retrieved from /opt/airflow/dags/01_basics_bash.py
[2026-01-08T02:23:51.884+0000] {processor.py:208} INFO - Processing /opt/airflow/dags/01_basics_bash.py took 0.055 seconds
[2026-01-08T02:24:22.760+0000] {processor.py:186} INFO - Started process (PID=4526) to work on /opt/airflow/dags/01_basics_bash.py
[2026-01-08T02:24:22.761+0000] {processor.py:914} INFO - Processing file /opt/airflow/dags/01_basics_bash.py for tasks to queue
[2026-01-08T02:24:22.763+0000] {logging_mixin.py:190} INFO - [2026-01-08T02:24:22.763+0000] {dagbag.py:587} INFO - Filling up the DagBag from /opt/airflow/dags/01_basics_bash.py
[2026-01-08T02:24:22.797+0000] {logging_mixin.py:190} INFO - [2026-01-08T02:24:22.789+0000] {dagbag.py:386} ERROR - Failed to import: /opt/airflow/dags/01_basics_bash.py
Traceback (most recent call last):
  File "/home/airflow/.local/lib/python3.12/site-packages/airflow/models/dagbag.py", line 382, in parse
    loader.exec_module(new_module)
  File "<frozen importlib._bootstrap_external>", line 995, in exec_module
  File "<frozen importlib._bootstrap>", line 488, in _call_with_frames_removed
  File "/opt/airflow/dags/01_basics_bash.py", line 8, in <module>
    from airflow.operators.bash import BashOprator
ImportError: cannot import name 'BashOprator' from 'airflow.operators.bash' (/home/airflow/.local/lib/python3.12/site-packages/airflow/operators/bash.py)
[2026-01-08T02:24:22.801+0000] {processor.py:927} WARNING - No viable dags retrieved from /opt/airflow/dags/01_basics_bash.py
[2026-01-08T02:24:22.824+0000] {processor.py:208} INFO - Processing /opt/airflow/dags/01_basics_bash.py took 0.069 seconds
[2026-01-08T02:24:53.409+0000] {processor.py:186} INFO - Started process (PID=4589) to work on /opt/airflow/dags/01_basics_bash.py
[2026-01-08T02:24:53.410+0000] {processor.py:914} INFO - Processing file /opt/airflow/dags/01_basics_bash.py for tasks to queue
[2026-01-08T02:24:53.413+0000] {logging_mixin.py:190} INFO - [2026-01-08T02:24:53.412+0000] {dagbag.py:587} INFO - Filling up the DagBag from /opt/airflow/dags/01_basics_bash.py
[2026-01-08T02:24:53.449+0000] {logging_mixin.py:190} INFO - [2026-01-08T02:24:53.440+0000] {dagbag.py:386} ERROR - Failed to import: /opt/airflow/dags/01_basics_bash.py
Traceback (most recent call last):
  File "/home/airflow/.local/lib/python3.12/site-packages/airflow/models/dagbag.py", line 382, in parse
    loader.exec_module(new_module)
  File "<frozen importlib._bootstrap_external>", line 995, in exec_module
  File "<frozen importlib._bootstrap>", line 488, in _call_with_frames_removed
  File "/opt/airflow/dags/01_basics_bash.py", line 8, in <module>
    from airflow.operators.bash import BashOprator
ImportError: cannot import name 'BashOprator' from 'airflow.operators.bash' (/home/airflow/.local/lib/python3.12/site-packages/airflow/operators/bash.py)
[2026-01-08T02:24:53.453+0000] {processor.py:927} WARNING - No viable dags retrieved from /opt/airflow/dags/01_basics_bash.py
[2026-01-08T02:24:53.481+0000] {processor.py:208} INFO - Processing /opt/airflow/dags/01_basics_bash.py took 0.077 seconds
[2026-01-08T02:25:24.332+0000] {processor.py:186} INFO - Started process (PID=4652) to work on /opt/airflow/dags/01_basics_bash.py
[2026-01-08T02:25:24.333+0000] {processor.py:914} INFO - Processing file /opt/airflow/dags/01_basics_bash.py for tasks to queue
[2026-01-08T02:25:24.336+0000] {logging_mixin.py:190} INFO - [2026-01-08T02:25:24.335+0000] {dagbag.py:587} INFO - Filling up the DagBag from /opt/airflow/dags/01_basics_bash.py
[2026-01-08T02:25:24.362+0000] {logging_mixin.py:190} INFO - [2026-01-08T02:25:24.354+0000] {dagbag.py:386} ERROR - Failed to import: /opt/airflow/dags/01_basics_bash.py
Traceback (most recent call last):
  File "/home/airflow/.local/lib/python3.12/site-packages/airflow/models/dagbag.py", line 382, in parse
    loader.exec_module(new_module)
  File "<frozen importlib._bootstrap_external>", line 995, in exec_module
  File "<frozen importlib._bootstrap>", line 488, in _call_with_frames_removed
  File "/opt/airflow/dags/01_basics_bash.py", line 8, in <module>
    from airflow.operators.bash import BashOprator
ImportError: cannot import name 'BashOprator' from 'airflow.operators.bash' (/home/airflow/.local/lib/python3.12/site-packages/airflow/operators/bash.py)
[2026-01-08T02:25:24.365+0000] {processor.py:927} WARNING - No viable dags retrieved from /opt/airflow/dags/01_basics_bash.py
[2026-01-08T02:25:24.380+0000] {processor.py:208} INFO - Processing /opt/airflow/dags/01_basics_bash.py took 0.053 seconds
[2026-01-08T02:25:30.763+0000] {processor.py:186} INFO - Started process (PID=4668) to work on /opt/airflow/dags/01_basics_bash.py
[2026-01-08T02:25:30.764+0000] {processor.py:914} INFO - Processing file /opt/airflow/dags/01_basics_bash.py for tasks to queue
[2026-01-08T02:25:30.767+0000] {logging_mixin.py:190} INFO - [2026-01-08T02:25:30.767+0000] {dagbag.py:587} INFO - Filling up the DagBag from /opt/airflow/dags/01_basics_bash.py
[2026-01-08T02:25:30.808+0000] {logging_mixin.py:190} INFO - [2026-01-08T02:25:30.807+0000] {dagbag.py:386} ERROR - Failed to import: /opt/airflow/dags/01_basics_bash.py
Traceback (most recent call last):
  File "/home/airflow/.local/lib/python3.12/site-packages/airflow/models/dagbag.py", line 382, in parse
    loader.exec_module(new_module)
  File "<frozen importlib._bootstrap_external>", line 991, in exec_module
  File "<frozen importlib._bootstrap_external>", line 1129, in get_code
  File "<frozen importlib._bootstrap_external>", line 1059, in source_to_code
  File "<frozen importlib._bootstrap>", line 488, in _call_with_frames_removed
  File "/opt/airflow/dags/01_basics_bash.py", line 33
    description     = "DE  ETL    airflow   DAG" # DAG 
                      
SyntaxError: invalid syntax. Perhaps you forgot a comma?
[2026-01-08T02:25:30.809+0000] {processor.py:927} WARNING - No viable dags retrieved from /opt/airflow/dags/01_basics_bash.py
[2026-01-08T02:25:30.826+0000] {processor.py:208} INFO - Processing /opt/airflow/dags/01_basics_bash.py took 0.068 seconds
[2026-01-08T02:26:01.607+0000] {processor.py:186} INFO - Started process (PID=4731) to work on /opt/airflow/dags/01_basics_bash.py
[2026-01-08T02:26:01.608+0000] {processor.py:914} INFO - Processing file /opt/airflow/dags/01_basics_bash.py for tasks to queue
[2026-01-08T02:26:01.611+0000] {logging_mixin.py:190} INFO - [2026-01-08T02:26:01.611+0000] {dagbag.py:587} INFO - Filling up the DagBag from /opt/airflow/dags/01_basics_bash.py
[2026-01-08T02:26:01.654+0000] {logging_mixin.py:190} INFO - [2026-01-08T02:26:01.653+0000] {dagbag.py:386} ERROR - Failed to import: /opt/airflow/dags/01_basics_bash.py
Traceback (most recent call last):
  File "/home/airflow/.local/lib/python3.12/site-packages/airflow/models/dagbag.py", line 382, in parse
    loader.exec_module(new_module)
  File "<frozen importlib._bootstrap_external>", line 991, in exec_module
  File "<frozen importlib._bootstrap_external>", line 1129, in get_code
  File "<frozen importlib._bootstrap_external>", line 1059, in source_to_code
  File "<frozen importlib._bootstrap>", line 488, in _call_with_frames_removed
  File "/opt/airflow/dags/01_basics_bash.py", line 33
    description     = "DE  ETL    airflow   DAG" # DAG 
                      
SyntaxError: invalid syntax. Perhaps you forgot a comma?
[2026-01-08T02:26:01.655+0000] {processor.py:927} WARNING - No viable dags retrieved from /opt/airflow/dags/01_basics_bash.py
[2026-01-08T02:26:01.672+0000] {processor.py:208} INFO - Processing /opt/airflow/dags/01_basics_bash.py took 0.069 seconds
[2026-01-08T02:26:32.294+0000] {processor.py:186} INFO - Started process (PID=4794) to work on /opt/airflow/dags/01_basics_bash.py
[2026-01-08T02:26:32.295+0000] {processor.py:914} INFO - Processing file /opt/airflow/dags/01_basics_bash.py for tasks to queue
[2026-01-08T02:26:32.298+0000] {logging_mixin.py:190} INFO - [2026-01-08T02:26:32.297+0000] {dagbag.py:587} INFO - Filling up the DagBag from /opt/airflow/dags/01_basics_bash.py
[2026-01-08T02:26:32.339+0000] {logging_mixin.py:190} INFO - [2026-01-08T02:26:32.338+0000] {dagbag.py:386} ERROR - Failed to import: /opt/airflow/dags/01_basics_bash.py
Traceback (most recent call last):
  File "/home/airflow/.local/lib/python3.12/site-packages/airflow/models/dagbag.py", line 382, in parse
    loader.exec_module(new_module)
  File "<frozen importlib._bootstrap_external>", line 991, in exec_module
  File "<frozen importlib._bootstrap_external>", line 1129, in get_code
  File "<frozen importlib._bootstrap_external>", line 1059, in source_to_code
  File "<frozen importlib._bootstrap>", line 488, in _call_with_frames_removed
  File "/opt/airflow/dags/01_basics_bash.py", line 33
    description     = "DE  ETL    airflow   DAG" # DAG 
                      
SyntaxError: invalid syntax. Perhaps you forgot a comma?
[2026-01-08T02:26:32.341+0000] {processor.py:927} WARNING - No viable dags retrieved from /opt/airflow/dags/01_basics_bash.py
[2026-01-08T02:26:32.368+0000] {processor.py:208} INFO - Processing /opt/airflow/dags/01_basics_bash.py took 0.079 seconds
[2026-01-08T02:26:43.211+0000] {processor.py:186} INFO - Started process (PID=4823) to work on /opt/airflow/dags/01_basics_bash.py
[2026-01-08T02:26:43.212+0000] {processor.py:914} INFO - Processing file /opt/airflow/dags/01_basics_bash.py for tasks to queue
[2026-01-08T02:26:43.214+0000] {logging_mixin.py:190} INFO - [2026-01-08T02:26:43.214+0000] {dagbag.py:587} INFO - Filling up the DagBag from /opt/airflow/dags/01_basics_bash.py
[2026-01-08T02:26:43.233+0000] {logging_mixin.py:190} INFO - [2026-01-08T02:26:43.232+0000] {dagbag.py:386} ERROR - Failed to import: /opt/airflow/dags/01_basics_bash.py
Traceback (most recent call last):
  File "/home/airflow/.local/lib/python3.12/site-packages/airflow/models/dagbag.py", line 382, in parse
    loader.exec_module(new_module)
  File "<frozen importlib._bootstrap_external>", line 991, in exec_module
  File "<frozen importlib._bootstrap_external>", line 1129, in get_code
  File "<frozen importlib._bootstrap_external>", line 1059, in source_to_code
  File "<frozen importlib._bootstrap>", line 488, in _call_with_frames_removed
  File "/opt/airflow/dags/01_basics_bash.py", line 33
    description     = "DE  ETL    airflow   DAG" # DAG 
                      
SyntaxError: invalid syntax. Perhaps you forgot a comma?
[2026-01-08T02:26:43.233+0000] {processor.py:927} WARNING - No viable dags retrieved from /opt/airflow/dags/01_basics_bash.py
[2026-01-08T02:26:43.255+0000] {processor.py:208} INFO - Processing /opt/airflow/dags/01_basics_bash.py took 0.049 seconds
[2026-01-08T02:26:57.573+0000] {processor.py:186} INFO - Started process (PID=4844) to work on /opt/airflow/dags/01_basics_bash.py
[2026-01-08T02:26:57.574+0000] {processor.py:914} INFO - Processing file /opt/airflow/dags/01_basics_bash.py for tasks to queue
[2026-01-08T02:26:57.576+0000] {logging_mixin.py:190} INFO - [2026-01-08T02:26:57.576+0000] {dagbag.py:587} INFO - Filling up the DagBag from /opt/airflow/dags/01_basics_bash.py
[2026-01-08T02:26:57.612+0000] {logging_mixin.py:190} INFO - [2026-01-08T02:26:57.612+0000] {dagbag.py:386} ERROR - Failed to import: /opt/airflow/dags/01_basics_bash.py
Traceback (most recent call last):
  File "/home/airflow/.local/lib/python3.12/site-packages/airflow/models/dagbag.py", line 382, in parse
    loader.exec_module(new_module)
  File "<frozen importlib._bootstrap_external>", line 991, in exec_module
  File "<frozen importlib._bootstrap_external>", line 1129, in get_code
  File "<frozen importlib._bootstrap_external>", line 1059, in source_to_code
  File "<frozen importlib._bootstrap>", line 488, in _call_with_frames_removed
  File "/opt/airflow/dags/01_basics_bash.py", line 33
    description     = "DE  ETL    airflow   DAG" # DAG 
                      
SyntaxError: invalid syntax. Perhaps you forgot a comma?
[2026-01-08T02:26:57.613+0000] {processor.py:927} WARNING - No viable dags retrieved from /opt/airflow/dags/01_basics_bash.py
[2026-01-08T02:26:57.636+0000] {processor.py:208} INFO - Processing /opt/airflow/dags/01_basics_bash.py took 0.067 seconds
[2026-01-08T02:27:28.220+0000] {processor.py:186} INFO - Started process (PID=4907) to work on /opt/airflow/dags/01_basics_bash.py
[2026-01-08T02:27:28.221+0000] {processor.py:914} INFO - Processing file /opt/airflow/dags/01_basics_bash.py for tasks to queue
[2026-01-08T02:27:28.224+0000] {logging_mixin.py:190} INFO - [2026-01-08T02:27:28.224+0000] {dagbag.py:587} INFO - Filling up the DagBag from /opt/airflow/dags/01_basics_bash.py
[2026-01-08T02:27:28.266+0000] {logging_mixin.py:190} INFO - [2026-01-08T02:27:28.265+0000] {dagbag.py:386} ERROR - Failed to import: /opt/airflow/dags/01_basics_bash.py
Traceback (most recent call last):
  File "/home/airflow/.local/lib/python3.12/site-packages/airflow/models/dagbag.py", line 382, in parse
    loader.exec_module(new_module)
  File "<frozen importlib._bootstrap_external>", line 991, in exec_module
  File "<frozen importlib._bootstrap_external>", line 1129, in get_code
  File "<frozen importlib._bootstrap_external>", line 1059, in source_to_code
  File "<frozen importlib._bootstrap>", line 488, in _call_with_frames_removed
  File "/opt/airflow/dags/01_basics_bash.py", line 33
    description     = "DE  ETL    airflow   DAG" # DAG 
                      
SyntaxError: invalid syntax. Perhaps you forgot a comma?
[2026-01-08T02:27:28.267+0000] {processor.py:927} WARNING - No viable dags retrieved from /opt/airflow/dags/01_basics_bash.py
[2026-01-08T02:27:28.297+0000] {processor.py:208} INFO - Processing /opt/airflow/dags/01_basics_bash.py took 0.082 seconds
[2026-01-08T02:27:37.075+0000] {processor.py:186} INFO - Started process (PID=4929) to work on /opt/airflow/dags/01_basics_bash.py
[2026-01-08T02:27:37.077+0000] {processor.py:914} INFO - Processing file /opt/airflow/dags/01_basics_bash.py for tasks to queue
[2026-01-08T02:27:37.080+0000] {logging_mixin.py:190} INFO - [2026-01-08T02:27:37.079+0000] {dagbag.py:587} INFO - Filling up the DagBag from /opt/airflow/dags/01_basics_bash.py
[2026-01-08T02:27:37.121+0000] {logging_mixin.py:190} INFO - [2026-01-08T02:27:37.120+0000] {dagbag.py:386} ERROR - Failed to import: /opt/airflow/dags/01_basics_bash.py
Traceback (most recent call last):
  File "/home/airflow/.local/lib/python3.12/site-packages/airflow/models/dagbag.py", line 382, in parse
    loader.exec_module(new_module)
  File "<frozen importlib._bootstrap_external>", line 991, in exec_module
  File "<frozen importlib._bootstrap_external>", line 1129, in get_code
  File "<frozen importlib._bootstrap_external>", line 1059, in source_to_code
  File "<frozen importlib._bootstrap>", line 488, in _call_with_frames_removed
  File "/opt/airflow/dags/01_basics_bash.py", line 33
    description     = "DE  ETL    airflow   DAG" # DAG 
                      
SyntaxError: invalid syntax. Perhaps you forgot a comma?
[2026-01-08T02:27:37.122+0000] {processor.py:927} WARNING - No viable dags retrieved from /opt/airflow/dags/01_basics_bash.py
[2026-01-08T02:27:37.145+0000] {processor.py:208} INFO - Processing /opt/airflow/dags/01_basics_bash.py took 0.075 seconds
[2026-01-08T02:27:46.415+0000] {processor.py:186} INFO - Started process (PID=4961) to work on /opt/airflow/dags/01_basics_bash.py
[2026-01-08T02:27:46.416+0000] {processor.py:914} INFO - Processing file /opt/airflow/dags/01_basics_bash.py for tasks to queue
[2026-01-08T02:27:46.418+0000] {logging_mixin.py:190} INFO - [2026-01-08T02:27:46.418+0000] {dagbag.py:587} INFO - Filling up the DagBag from /opt/airflow/dags/01_basics_bash.py
[2026-01-08T02:27:46.445+0000] {logging_mixin.py:190} INFO - [2026-01-08T02:27:46.444+0000] {dagbag.py:386} ERROR - Failed to import: /opt/airflow/dags/01_basics_bash.py
Traceback (most recent call last):
  File "/home/airflow/.local/lib/python3.12/site-packages/airflow/models/dagbag.py", line 382, in parse
    loader.exec_module(new_module)
  File "<frozen importlib._bootstrap_external>", line 991, in exec_module
  File "<frozen importlib._bootstrap_external>", line 1129, in get_code
  File "<frozen importlib._bootstrap_external>", line 1059, in source_to_code
  File "<frozen importlib._bootstrap>", line 488, in _call_with_frames_removed
  File "/opt/airflow/dags/01_basics_bash.py", line 33
    description     = "DE  ETL    airflow   DAG" # DAG 
                      
SyntaxError: invalid syntax. Perhaps you forgot a comma?
[2026-01-08T02:27:46.446+0000] {processor.py:927} WARNING - No viable dags retrieved from /opt/airflow/dags/01_basics_bash.py
[2026-01-08T02:27:46.462+0000] {processor.py:208} INFO - Processing /opt/airflow/dags/01_basics_bash.py took 0.053 seconds
[2026-01-08T02:27:48.013+0000] {processor.py:186} INFO - Started process (PID=4972) to work on /opt/airflow/dags/01_basics_bash.py
[2026-01-08T02:27:48.014+0000] {processor.py:914} INFO - Processing file /opt/airflow/dags/01_basics_bash.py for tasks to queue
[2026-01-08T02:27:48.016+0000] {logging_mixin.py:190} INFO - [2026-01-08T02:27:48.016+0000] {dagbag.py:587} INFO - Filling up the DagBag from /opt/airflow/dags/01_basics_bash.py
[2026-01-08T02:27:48.042+0000] {logging_mixin.py:190} INFO - [2026-01-08T02:27:48.041+0000] {dagbag.py:386} ERROR - Failed to import: /opt/airflow/dags/01_basics_bash.py
Traceback (most recent call last):
  File "/home/airflow/.local/lib/python3.12/site-packages/airflow/models/dagbag.py", line 382, in parse
    loader.exec_module(new_module)
  File "<frozen importlib._bootstrap_external>", line 991, in exec_module
  File "<frozen importlib._bootstrap_external>", line 1129, in get_code
  File "<frozen importlib._bootstrap_external>", line 1059, in source_to_code
  File "<frozen importlib._bootstrap>", line 488, in _call_with_frames_removed
  File "/opt/airflow/dags/01_basics_bash.py", line 33
    description     = "DE  ETL    airflow   DAG" # DAG 
                      
SyntaxError: invalid syntax. Perhaps you forgot a comma?
[2026-01-08T02:27:48.043+0000] {processor.py:927} WARNING - No viable dags retrieved from /opt/airflow/dags/01_basics_bash.py
[2026-01-08T02:27:48.059+0000] {processor.py:208} INFO - Processing /opt/airflow/dags/01_basics_bash.py took 0.051 seconds
[2026-01-08T02:28:18.790+0000] {processor.py:186} INFO - Started process (PID=5035) to work on /opt/airflow/dags/01_basics_bash.py
[2026-01-08T02:28:18.792+0000] {processor.py:914} INFO - Processing file /opt/airflow/dags/01_basics_bash.py for tasks to queue
[2026-01-08T02:28:18.794+0000] {logging_mixin.py:190} INFO - [2026-01-08T02:28:18.794+0000] {dagbag.py:587} INFO - Filling up the DagBag from /opt/airflow/dags/01_basics_bash.py
[2026-01-08T02:28:18.827+0000] {logging_mixin.py:190} INFO - [2026-01-08T02:28:18.826+0000] {dagbag.py:386} ERROR - Failed to import: /opt/airflow/dags/01_basics_bash.py
Traceback (most recent call last):
  File "/home/airflow/.local/lib/python3.12/site-packages/airflow/models/dagbag.py", line 382, in parse
    loader.exec_module(new_module)
  File "<frozen importlib._bootstrap_external>", line 991, in exec_module
  File "<frozen importlib._bootstrap_external>", line 1129, in get_code
  File "<frozen importlib._bootstrap_external>", line 1059, in source_to_code
  File "<frozen importlib._bootstrap>", line 488, in _call_with_frames_removed
  File "/opt/airflow/dags/01_basics_bash.py", line 33
    description     = "DE  ETL    airflow   DAG" # DAG 
                      
SyntaxError: invalid syntax. Perhaps you forgot a comma?
[2026-01-08T02:28:18.828+0000] {processor.py:927} WARNING - No viable dags retrieved from /opt/airflow/dags/01_basics_bash.py
[2026-01-08T02:28:18.851+0000] {processor.py:208} INFO - Processing /opt/airflow/dags/01_basics_bash.py took 0.065 seconds
[2026-01-08T02:28:36.527+0000] {processor.py:186} INFO - Started process (PID=5052) to work on /opt/airflow/dags/01_basics_bash.py
[2026-01-08T02:28:36.529+0000] {processor.py:914} INFO - Processing file /opt/airflow/dags/01_basics_bash.py for tasks to queue
[2026-01-08T02:28:36.531+0000] {logging_mixin.py:190} INFO - [2026-01-08T02:28:36.531+0000] {dagbag.py:587} INFO - Filling up the DagBag from /opt/airflow/dags/01_basics_bash.py
[2026-01-08T02:28:36.589+0000] {logging_mixin.py:190} INFO - [2026-01-08T02:28:36.580+0000] {dagbag.py:386} ERROR - Failed to import: /opt/airflow/dags/01_basics_bash.py
Traceback (most recent call last):
  File "/home/airflow/.local/lib/python3.12/site-packages/airflow/models/dagbag.py", line 382, in parse
    loader.exec_module(new_module)
  File "<frozen importlib._bootstrap_external>", line 995, in exec_module
  File "<frozen importlib._bootstrap>", line 488, in _call_with_frames_removed
  File "/opt/airflow/dags/01_basics_bash.py", line 8, in <module>
    from airflow.operators.bash import BashOprator
ImportError: cannot import name 'BashOprator' from 'airflow.operators.bash' (/home/airflow/.local/lib/python3.12/site-packages/airflow/operators/bash.py)
[2026-01-08T02:28:36.592+0000] {processor.py:927} WARNING - No viable dags retrieved from /opt/airflow/dags/01_basics_bash.py
[2026-01-08T02:28:36.605+0000] {processor.py:208} INFO - Processing /opt/airflow/dags/01_basics_bash.py took 0.083 seconds
[2026-01-08T02:28:47.977+0000] {processor.py:186} INFO - Started process (PID=5089) to work on /opt/airflow/dags/01_basics_bash.py
[2026-01-08T02:28:47.978+0000] {processor.py:914} INFO - Processing file /opt/airflow/dags/01_basics_bash.py for tasks to queue
[2026-01-08T02:28:47.982+0000] {logging_mixin.py:190} INFO - [2026-01-08T02:28:47.981+0000] {dagbag.py:587} INFO - Filling up the DagBag from /opt/airflow/dags/01_basics_bash.py
[2026-01-08T02:28:48.041+0000] {logging_mixin.py:190} INFO - [2026-01-08T02:28:48.032+0000] {dagbag.py:386} ERROR - Failed to import: /opt/airflow/dags/01_basics_bash.py
Traceback (most recent call last):
  File "/home/airflow/.local/lib/python3.12/site-packages/airflow/models/dagbag.py", line 382, in parse
    loader.exec_module(new_module)
  File "<frozen importlib._bootstrap_external>", line 995, in exec_module
  File "<frozen importlib._bootstrap>", line 488, in _call_with_frames_removed
  File "/opt/airflow/dags/01_basics_bash.py", line 8, in <module>
    from airflow.operators.bash import BashOprator
ImportError: cannot import name 'BashOprator' from 'airflow.operators.bash' (/home/airflow/.local/lib/python3.12/site-packages/airflow/operators/bash.py)
[2026-01-08T02:28:48.044+0000] {processor.py:927} WARNING - No viable dags retrieved from /opt/airflow/dags/01_basics_bash.py
[2026-01-08T02:28:48.073+0000] {processor.py:208} INFO - Processing /opt/airflow/dags/01_basics_bash.py took 0.102 seconds
