[2026-01-08T01:48:22.421+0000] {processor.py:186} INFO - Started process (PID=83) to work on /home/airflow/.local/lib/python3.12/site-packages/airflow/example_dags/example_python_operator.py
[2026-01-08T01:48:22.422+0000] {processor.py:914} INFO - Processing file /home/airflow/.local/lib/python3.12/site-packages/airflow/example_dags/example_python_operator.py for tasks to queue
[2026-01-08T01:48:22.426+0000] {logging_mixin.py:190} INFO - [2026-01-08T01:48:22.425+0000] {dagbag.py:587} INFO - Filling up the DagBag from /home/airflow/.local/lib/python3.12/site-packages/airflow/example_dags/example_python_operator.py
[2026-01-08T01:48:22.437+0000] {processor.py:925} INFO - DAG(s) 'example_python_operator' retrieved from /home/airflow/.local/lib/python3.12/site-packages/airflow/example_dags/example_python_operator.py
[2026-01-08T01:48:22.517+0000] {logging_mixin.py:190} INFO - [2026-01-08T01:48:22.516+0000] {override.py:1858} INFO - Created Permission View: can edit on DAG:example_python_operator
[2026-01-08T01:48:22.526+0000] {logging_mixin.py:190} INFO - [2026-01-08T01:48:22.526+0000] {override.py:1858} INFO - Created Permission View: can read on DAG:example_python_operator
[2026-01-08T01:48:22.534+0000] {logging_mixin.py:190} INFO - [2026-01-08T01:48:22.534+0000] {override.py:1858} INFO - Created Permission View: can delete on DAG:example_python_operator
[2026-01-08T01:48:22.535+0000] {logging_mixin.py:190} INFO - [2026-01-08T01:48:22.535+0000] {dag.py:3211} INFO - Sync 1 DAGs
[2026-01-08T01:48:22.545+0000] {logging_mixin.py:190} INFO - [2026-01-08T01:48:22.545+0000] {dag.py:3234} INFO - Creating ORM DAG for example_python_operator
[2026-01-08T01:48:22.546+0000] {logging_mixin.py:190} INFO - [2026-01-08T01:48:22.546+0000] {dag.py:4138} INFO - Setting next_dagrun for example_python_operator to None, run_after=None
[2026-01-08T01:48:22.562+0000] {processor.py:208} INFO - Processing /home/airflow/.local/lib/python3.12/site-packages/airflow/example_dags/example_python_operator.py took 0.145 seconds
[2026-01-08T01:48:52.952+0000] {processor.py:186} INFO - Started process (PID=145) to work on /home/airflow/.local/lib/python3.12/site-packages/airflow/example_dags/example_python_operator.py
[2026-01-08T01:48:52.953+0000] {processor.py:914} INFO - Processing file /home/airflow/.local/lib/python3.12/site-packages/airflow/example_dags/example_python_operator.py for tasks to queue
[2026-01-08T01:48:52.955+0000] {logging_mixin.py:190} INFO - [2026-01-08T01:48:52.955+0000] {dagbag.py:587} INFO - Filling up the DagBag from /home/airflow/.local/lib/python3.12/site-packages/airflow/example_dags/example_python_operator.py
[2026-01-08T01:48:52.965+0000] {processor.py:925} INFO - DAG(s) 'example_python_operator' retrieved from /home/airflow/.local/lib/python3.12/site-packages/airflow/example_dags/example_python_operator.py
[2026-01-08T01:48:52.985+0000] {logging_mixin.py:190} INFO - [2026-01-08T01:48:52.984+0000] {dag.py:3211} INFO - Sync 1 DAGs
[2026-01-08T01:48:52.996+0000] {logging_mixin.py:190} INFO - [2026-01-08T01:48:52.996+0000] {dag.py:4138} INFO - Setting next_dagrun for example_python_operator to None, run_after=None
[2026-01-08T01:48:53.013+0000] {processor.py:208} INFO - Processing /home/airflow/.local/lib/python3.12/site-packages/airflow/example_dags/example_python_operator.py took 0.066 seconds
[2026-01-08T01:49:23.380+0000] {processor.py:186} INFO - Started process (PID=207) to work on /home/airflow/.local/lib/python3.12/site-packages/airflow/example_dags/example_python_operator.py
[2026-01-08T01:49:23.382+0000] {processor.py:914} INFO - Processing file /home/airflow/.local/lib/python3.12/site-packages/airflow/example_dags/example_python_operator.py for tasks to queue
[2026-01-08T01:49:23.384+0000] {logging_mixin.py:190} INFO - [2026-01-08T01:49:23.384+0000] {dagbag.py:587} INFO - Filling up the DagBag from /home/airflow/.local/lib/python3.12/site-packages/airflow/example_dags/example_python_operator.py
[2026-01-08T01:49:23.394+0000] {processor.py:925} INFO - DAG(s) 'example_python_operator' retrieved from /home/airflow/.local/lib/python3.12/site-packages/airflow/example_dags/example_python_operator.py
[2026-01-08T01:49:23.413+0000] {logging_mixin.py:190} INFO - [2026-01-08T01:49:23.413+0000] {dag.py:3211} INFO - Sync 1 DAGs
[2026-01-08T01:49:23.423+0000] {logging_mixin.py:190} INFO - [2026-01-08T01:49:23.423+0000] {dag.py:4138} INFO - Setting next_dagrun for example_python_operator to None, run_after=None
[2026-01-08T01:49:23.437+0000] {processor.py:208} INFO - Processing /home/airflow/.local/lib/python3.12/site-packages/airflow/example_dags/example_python_operator.py took 0.062 seconds
[2026-01-08T01:49:53.942+0000] {processor.py:186} INFO - Started process (PID=269) to work on /home/airflow/.local/lib/python3.12/site-packages/airflow/example_dags/example_python_operator.py
[2026-01-08T01:49:53.943+0000] {processor.py:914} INFO - Processing file /home/airflow/.local/lib/python3.12/site-packages/airflow/example_dags/example_python_operator.py for tasks to queue
[2026-01-08T01:49:53.945+0000] {logging_mixin.py:190} INFO - [2026-01-08T01:49:53.945+0000] {dagbag.py:587} INFO - Filling up the DagBag from /home/airflow/.local/lib/python3.12/site-packages/airflow/example_dags/example_python_operator.py
[2026-01-08T01:49:53.954+0000] {processor.py:925} INFO - DAG(s) 'example_python_operator' retrieved from /home/airflow/.local/lib/python3.12/site-packages/airflow/example_dags/example_python_operator.py
[2026-01-08T01:49:53.972+0000] {logging_mixin.py:190} INFO - [2026-01-08T01:49:53.972+0000] {dag.py:3211} INFO - Sync 1 DAGs
[2026-01-08T01:49:53.982+0000] {logging_mixin.py:190} INFO - [2026-01-08T01:49:53.981+0000] {dag.py:4138} INFO - Setting next_dagrun for example_python_operator to None, run_after=None
[2026-01-08T01:49:53.995+0000] {processor.py:208} INFO - Processing /home/airflow/.local/lib/python3.12/site-packages/airflow/example_dags/example_python_operator.py took 0.058 seconds
[2026-01-08T01:50:24.360+0000] {processor.py:186} INFO - Started process (PID=337) to work on /home/airflow/.local/lib/python3.12/site-packages/airflow/example_dags/example_python_operator.py
[2026-01-08T01:50:24.361+0000] {processor.py:914} INFO - Processing file /home/airflow/.local/lib/python3.12/site-packages/airflow/example_dags/example_python_operator.py for tasks to queue
[2026-01-08T01:50:24.363+0000] {logging_mixin.py:190} INFO - [2026-01-08T01:50:24.363+0000] {dagbag.py:587} INFO - Filling up the DagBag from /home/airflow/.local/lib/python3.12/site-packages/airflow/example_dags/example_python_operator.py
[2026-01-08T01:50:24.372+0000] {processor.py:925} INFO - DAG(s) 'example_python_operator' retrieved from /home/airflow/.local/lib/python3.12/site-packages/airflow/example_dags/example_python_operator.py
[2026-01-08T01:50:24.391+0000] {logging_mixin.py:190} INFO - [2026-01-08T01:50:24.390+0000] {dag.py:3211} INFO - Sync 1 DAGs
[2026-01-08T01:50:24.401+0000] {logging_mixin.py:190} INFO - [2026-01-08T01:50:24.401+0000] {dag.py:4138} INFO - Setting next_dagrun for example_python_operator to None, run_after=None
[2026-01-08T01:50:24.415+0000] {processor.py:208} INFO - Processing /home/airflow/.local/lib/python3.12/site-packages/airflow/example_dags/example_python_operator.py took 0.059 seconds
[2026-01-08T01:50:54.740+0000] {processor.py:186} INFO - Started process (PID=399) to work on /home/airflow/.local/lib/python3.12/site-packages/airflow/example_dags/example_python_operator.py
[2026-01-08T01:50:54.741+0000] {processor.py:914} INFO - Processing file /home/airflow/.local/lib/python3.12/site-packages/airflow/example_dags/example_python_operator.py for tasks to queue
[2026-01-08T01:50:54.744+0000] {logging_mixin.py:190} INFO - [2026-01-08T01:50:54.743+0000] {dagbag.py:587} INFO - Filling up the DagBag from /home/airflow/.local/lib/python3.12/site-packages/airflow/example_dags/example_python_operator.py
[2026-01-08T01:50:54.752+0000] {processor.py:925} INFO - DAG(s) 'example_python_operator' retrieved from /home/airflow/.local/lib/python3.12/site-packages/airflow/example_dags/example_python_operator.py
[2026-01-08T01:50:54.769+0000] {logging_mixin.py:190} INFO - [2026-01-08T01:50:54.769+0000] {dag.py:3211} INFO - Sync 1 DAGs
[2026-01-08T01:50:54.779+0000] {logging_mixin.py:190} INFO - [2026-01-08T01:50:54.779+0000] {dag.py:4138} INFO - Setting next_dagrun for example_python_operator to None, run_after=None
[2026-01-08T01:50:54.791+0000] {processor.py:208} INFO - Processing /home/airflow/.local/lib/python3.12/site-packages/airflow/example_dags/example_python_operator.py took 0.055 seconds
[2026-01-08T01:51:25.437+0000] {processor.py:186} INFO - Started process (PID=461) to work on /home/airflow/.local/lib/python3.12/site-packages/airflow/example_dags/example_python_operator.py
[2026-01-08T01:51:25.438+0000] {processor.py:914} INFO - Processing file /home/airflow/.local/lib/python3.12/site-packages/airflow/example_dags/example_python_operator.py for tasks to queue
[2026-01-08T01:51:25.440+0000] {logging_mixin.py:190} INFO - [2026-01-08T01:51:25.440+0000] {dagbag.py:587} INFO - Filling up the DagBag from /home/airflow/.local/lib/python3.12/site-packages/airflow/example_dags/example_python_operator.py
[2026-01-08T01:51:25.448+0000] {processor.py:925} INFO - DAG(s) 'example_python_operator' retrieved from /home/airflow/.local/lib/python3.12/site-packages/airflow/example_dags/example_python_operator.py
[2026-01-08T01:51:25.464+0000] {logging_mixin.py:190} INFO - [2026-01-08T01:51:25.463+0000] {dag.py:3211} INFO - Sync 1 DAGs
[2026-01-08T01:51:25.473+0000] {logging_mixin.py:190} INFO - [2026-01-08T01:51:25.473+0000] {dag.py:4138} INFO - Setting next_dagrun for example_python_operator to None, run_after=None
[2026-01-08T01:51:25.490+0000] {processor.py:208} INFO - Processing /home/airflow/.local/lib/python3.12/site-packages/airflow/example_dags/example_python_operator.py took 0.057 seconds
[2026-01-08T01:51:56.046+0000] {processor.py:186} INFO - Started process (PID=524) to work on /home/airflow/.local/lib/python3.12/site-packages/airflow/example_dags/example_python_operator.py
[2026-01-08T01:51:56.047+0000] {processor.py:914} INFO - Processing file /home/airflow/.local/lib/python3.12/site-packages/airflow/example_dags/example_python_operator.py for tasks to queue
[2026-01-08T01:51:56.050+0000] {logging_mixin.py:190} INFO - [2026-01-08T01:51:56.049+0000] {dagbag.py:587} INFO - Filling up the DagBag from /home/airflow/.local/lib/python3.12/site-packages/airflow/example_dags/example_python_operator.py
[2026-01-08T01:51:56.059+0000] {processor.py:925} INFO - DAG(s) 'example_python_operator' retrieved from /home/airflow/.local/lib/python3.12/site-packages/airflow/example_dags/example_python_operator.py
[2026-01-08T01:51:56.076+0000] {logging_mixin.py:190} INFO - [2026-01-08T01:51:56.075+0000] {dag.py:3211} INFO - Sync 1 DAGs
[2026-01-08T01:51:56.086+0000] {logging_mixin.py:190} INFO - [2026-01-08T01:51:56.086+0000] {dag.py:4138} INFO - Setting next_dagrun for example_python_operator to None, run_after=None
[2026-01-08T01:51:56.102+0000] {processor.py:208} INFO - Processing /home/airflow/.local/lib/python3.12/site-packages/airflow/example_dags/example_python_operator.py took 0.060 seconds
[2026-01-08T01:52:26.549+0000] {processor.py:186} INFO - Started process (PID=586) to work on /home/airflow/.local/lib/python3.12/site-packages/airflow/example_dags/example_python_operator.py
[2026-01-08T01:52:26.551+0000] {processor.py:914} INFO - Processing file /home/airflow/.local/lib/python3.12/site-packages/airflow/example_dags/example_python_operator.py for tasks to queue
[2026-01-08T01:52:26.554+0000] {logging_mixin.py:190} INFO - [2026-01-08T01:52:26.553+0000] {dagbag.py:587} INFO - Filling up the DagBag from /home/airflow/.local/lib/python3.12/site-packages/airflow/example_dags/example_python_operator.py
[2026-01-08T01:52:26.563+0000] {processor.py:925} INFO - DAG(s) 'example_python_operator' retrieved from /home/airflow/.local/lib/python3.12/site-packages/airflow/example_dags/example_python_operator.py
[2026-01-08T01:52:26.580+0000] {logging_mixin.py:190} INFO - [2026-01-08T01:52:26.580+0000] {dag.py:3211} INFO - Sync 1 DAGs
[2026-01-08T01:52:26.591+0000] {logging_mixin.py:190} INFO - [2026-01-08T01:52:26.590+0000] {dag.py:4138} INFO - Setting next_dagrun for example_python_operator to None, run_after=None
[2026-01-08T01:52:26.605+0000] {processor.py:208} INFO - Processing /home/airflow/.local/lib/python3.12/site-packages/airflow/example_dags/example_python_operator.py took 0.061 seconds
[2026-01-08T01:52:56.843+0000] {processor.py:186} INFO - Started process (PID=648) to work on /home/airflow/.local/lib/python3.12/site-packages/airflow/example_dags/example_python_operator.py
[2026-01-08T01:52:56.844+0000] {processor.py:914} INFO - Processing file /home/airflow/.local/lib/python3.12/site-packages/airflow/example_dags/example_python_operator.py for tasks to queue
[2026-01-08T01:52:56.846+0000] {logging_mixin.py:190} INFO - [2026-01-08T01:52:56.846+0000] {dagbag.py:587} INFO - Filling up the DagBag from /home/airflow/.local/lib/python3.12/site-packages/airflow/example_dags/example_python_operator.py
[2026-01-08T01:52:56.857+0000] {processor.py:925} INFO - DAG(s) 'example_python_operator' retrieved from /home/airflow/.local/lib/python3.12/site-packages/airflow/example_dags/example_python_operator.py
[2026-01-08T01:52:56.877+0000] {logging_mixin.py:190} INFO - [2026-01-08T01:52:56.876+0000] {dag.py:3211} INFO - Sync 1 DAGs
[2026-01-08T01:52:56.888+0000] {logging_mixin.py:190} INFO - [2026-01-08T01:52:56.888+0000] {dag.py:4138} INFO - Setting next_dagrun for example_python_operator to None, run_after=None
[2026-01-08T01:52:56.903+0000] {processor.py:208} INFO - Processing /home/airflow/.local/lib/python3.12/site-packages/airflow/example_dags/example_python_operator.py took 0.066 seconds
[2026-01-08T01:53:27.255+0000] {processor.py:186} INFO - Started process (PID=710) to work on /home/airflow/.local/lib/python3.12/site-packages/airflow/example_dags/example_python_operator.py
[2026-01-08T01:53:27.256+0000] {processor.py:914} INFO - Processing file /home/airflow/.local/lib/python3.12/site-packages/airflow/example_dags/example_python_operator.py for tasks to queue
[2026-01-08T01:53:27.259+0000] {logging_mixin.py:190} INFO - [2026-01-08T01:53:27.259+0000] {dagbag.py:587} INFO - Filling up the DagBag from /home/airflow/.local/lib/python3.12/site-packages/airflow/example_dags/example_python_operator.py
[2026-01-08T01:53:27.269+0000] {processor.py:925} INFO - DAG(s) 'example_python_operator' retrieved from /home/airflow/.local/lib/python3.12/site-packages/airflow/example_dags/example_python_operator.py
[2026-01-08T01:53:27.287+0000] {logging_mixin.py:190} INFO - [2026-01-08T01:53:27.287+0000] {dag.py:3211} INFO - Sync 1 DAGs
[2026-01-08T01:53:27.297+0000] {logging_mixin.py:190} INFO - [2026-01-08T01:53:27.297+0000] {dag.py:4138} INFO - Setting next_dagrun for example_python_operator to None, run_after=None
[2026-01-08T01:53:27.311+0000] {processor.py:208} INFO - Processing /home/airflow/.local/lib/python3.12/site-packages/airflow/example_dags/example_python_operator.py took 0.061 seconds
[2026-01-08T01:53:57.808+0000] {processor.py:186} INFO - Started process (PID=772) to work on /home/airflow/.local/lib/python3.12/site-packages/airflow/example_dags/example_python_operator.py
[2026-01-08T01:53:57.809+0000] {processor.py:914} INFO - Processing file /home/airflow/.local/lib/python3.12/site-packages/airflow/example_dags/example_python_operator.py for tasks to queue
[2026-01-08T01:53:57.812+0000] {logging_mixin.py:190} INFO - [2026-01-08T01:53:57.812+0000] {dagbag.py:587} INFO - Filling up the DagBag from /home/airflow/.local/lib/python3.12/site-packages/airflow/example_dags/example_python_operator.py
[2026-01-08T01:53:57.823+0000] {processor.py:925} INFO - DAG(s) 'example_python_operator' retrieved from /home/airflow/.local/lib/python3.12/site-packages/airflow/example_dags/example_python_operator.py
[2026-01-08T01:53:57.843+0000] {logging_mixin.py:190} INFO - [2026-01-08T01:53:57.843+0000] {dag.py:3211} INFO - Sync 1 DAGs
[2026-01-08T01:53:57.859+0000] {logging_mixin.py:190} INFO - [2026-01-08T01:53:57.858+0000] {dag.py:4138} INFO - Setting next_dagrun for example_python_operator to None, run_after=None
[2026-01-08T01:53:57.875+0000] {processor.py:208} INFO - Processing /home/airflow/.local/lib/python3.12/site-packages/airflow/example_dags/example_python_operator.py took 0.073 seconds
[2026-01-08T01:54:28.405+0000] {processor.py:186} INFO - Started process (PID=834) to work on /home/airflow/.local/lib/python3.12/site-packages/airflow/example_dags/example_python_operator.py
[2026-01-08T01:54:28.406+0000] {processor.py:914} INFO - Processing file /home/airflow/.local/lib/python3.12/site-packages/airflow/example_dags/example_python_operator.py for tasks to queue
[2026-01-08T01:54:28.408+0000] {logging_mixin.py:190} INFO - [2026-01-08T01:54:28.408+0000] {dagbag.py:587} INFO - Filling up the DagBag from /home/airflow/.local/lib/python3.12/site-packages/airflow/example_dags/example_python_operator.py
[2026-01-08T01:54:28.417+0000] {processor.py:925} INFO - DAG(s) 'example_python_operator' retrieved from /home/airflow/.local/lib/python3.12/site-packages/airflow/example_dags/example_python_operator.py
[2026-01-08T01:54:28.432+0000] {logging_mixin.py:190} INFO - [2026-01-08T01:54:28.432+0000] {dag.py:3211} INFO - Sync 1 DAGs
[2026-01-08T01:54:28.442+0000] {logging_mixin.py:190} INFO - [2026-01-08T01:54:28.442+0000] {dag.py:4138} INFO - Setting next_dagrun for example_python_operator to None, run_after=None
[2026-01-08T01:54:28.457+0000] {processor.py:208} INFO - Processing /home/airflow/.local/lib/python3.12/site-packages/airflow/example_dags/example_python_operator.py took 0.056 seconds
[2026-01-08T01:54:59.012+0000] {processor.py:186} INFO - Started process (PID=896) to work on /home/airflow/.local/lib/python3.12/site-packages/airflow/example_dags/example_python_operator.py
[2026-01-08T01:54:59.013+0000] {processor.py:914} INFO - Processing file /home/airflow/.local/lib/python3.12/site-packages/airflow/example_dags/example_python_operator.py for tasks to queue
[2026-01-08T01:54:59.015+0000] {logging_mixin.py:190} INFO - [2026-01-08T01:54:59.015+0000] {dagbag.py:587} INFO - Filling up the DagBag from /home/airflow/.local/lib/python3.12/site-packages/airflow/example_dags/example_python_operator.py
[2026-01-08T01:54:59.024+0000] {processor.py:925} INFO - DAG(s) 'example_python_operator' retrieved from /home/airflow/.local/lib/python3.12/site-packages/airflow/example_dags/example_python_operator.py
[2026-01-08T01:54:59.041+0000] {logging_mixin.py:190} INFO - [2026-01-08T01:54:59.041+0000] {dag.py:3211} INFO - Sync 1 DAGs
[2026-01-08T01:54:59.051+0000] {logging_mixin.py:190} INFO - [2026-01-08T01:54:59.051+0000] {dag.py:4138} INFO - Setting next_dagrun for example_python_operator to None, run_after=None
[2026-01-08T01:54:59.064+0000] {processor.py:208} INFO - Processing /home/airflow/.local/lib/python3.12/site-packages/airflow/example_dags/example_python_operator.py took 0.056 seconds
[2026-01-08T01:55:29.616+0000] {processor.py:186} INFO - Started process (PID=958) to work on /home/airflow/.local/lib/python3.12/site-packages/airflow/example_dags/example_python_operator.py
[2026-01-08T01:55:29.617+0000] {processor.py:914} INFO - Processing file /home/airflow/.local/lib/python3.12/site-packages/airflow/example_dags/example_python_operator.py for tasks to queue
[2026-01-08T01:55:29.619+0000] {logging_mixin.py:190} INFO - [2026-01-08T01:55:29.619+0000] {dagbag.py:587} INFO - Filling up the DagBag from /home/airflow/.local/lib/python3.12/site-packages/airflow/example_dags/example_python_operator.py
[2026-01-08T01:55:29.627+0000] {processor.py:925} INFO - DAG(s) 'example_python_operator' retrieved from /home/airflow/.local/lib/python3.12/site-packages/airflow/example_dags/example_python_operator.py
[2026-01-08T01:55:29.644+0000] {logging_mixin.py:190} INFO - [2026-01-08T01:55:29.644+0000] {dag.py:3211} INFO - Sync 1 DAGs
[2026-01-08T01:55:29.654+0000] {logging_mixin.py:190} INFO - [2026-01-08T01:55:29.654+0000] {dag.py:4138} INFO - Setting next_dagrun for example_python_operator to None, run_after=None
[2026-01-08T01:55:29.671+0000] {processor.py:208} INFO - Processing /home/airflow/.local/lib/python3.12/site-packages/airflow/example_dags/example_python_operator.py took 0.060 seconds
[2026-01-08T01:56:00.321+0000] {processor.py:186} INFO - Started process (PID=1020) to work on /home/airflow/.local/lib/python3.12/site-packages/airflow/example_dags/example_python_operator.py
[2026-01-08T01:56:00.322+0000] {processor.py:914} INFO - Processing file /home/airflow/.local/lib/python3.12/site-packages/airflow/example_dags/example_python_operator.py for tasks to queue
[2026-01-08T01:56:00.324+0000] {logging_mixin.py:190} INFO - [2026-01-08T01:56:00.324+0000] {dagbag.py:587} INFO - Filling up the DagBag from /home/airflow/.local/lib/python3.12/site-packages/airflow/example_dags/example_python_operator.py
[2026-01-08T01:56:00.334+0000] {processor.py:925} INFO - DAG(s) 'example_python_operator' retrieved from /home/airflow/.local/lib/python3.12/site-packages/airflow/example_dags/example_python_operator.py
[2026-01-08T01:56:00.352+0000] {logging_mixin.py:190} INFO - [2026-01-08T01:56:00.351+0000] {dag.py:3211} INFO - Sync 1 DAGs
[2026-01-08T01:56:00.363+0000] {logging_mixin.py:190} INFO - [2026-01-08T01:56:00.363+0000] {dag.py:4138} INFO - Setting next_dagrun for example_python_operator to None, run_after=None
[2026-01-08T01:56:00.382+0000] {processor.py:208} INFO - Processing /home/airflow/.local/lib/python3.12/site-packages/airflow/example_dags/example_python_operator.py took 0.066 seconds
[2026-01-08T01:56:30.780+0000] {processor.py:186} INFO - Started process (PID=1082) to work on /home/airflow/.local/lib/python3.12/site-packages/airflow/example_dags/example_python_operator.py
[2026-01-08T01:56:30.781+0000] {processor.py:914} INFO - Processing file /home/airflow/.local/lib/python3.12/site-packages/airflow/example_dags/example_python_operator.py for tasks to queue
[2026-01-08T01:56:30.783+0000] {logging_mixin.py:190} INFO - [2026-01-08T01:56:30.783+0000] {dagbag.py:587} INFO - Filling up the DagBag from /home/airflow/.local/lib/python3.12/site-packages/airflow/example_dags/example_python_operator.py
[2026-01-08T01:56:30.792+0000] {processor.py:925} INFO - DAG(s) 'example_python_operator' retrieved from /home/airflow/.local/lib/python3.12/site-packages/airflow/example_dags/example_python_operator.py
[2026-01-08T01:56:30.811+0000] {logging_mixin.py:190} INFO - [2026-01-08T01:56:30.811+0000] {dag.py:3211} INFO - Sync 1 DAGs
[2026-01-08T01:56:30.821+0000] {logging_mixin.py:190} INFO - [2026-01-08T01:56:30.821+0000] {dag.py:4138} INFO - Setting next_dagrun for example_python_operator to None, run_after=None
[2026-01-08T01:56:30.834+0000] {processor.py:208} INFO - Processing /home/airflow/.local/lib/python3.12/site-packages/airflow/example_dags/example_python_operator.py took 0.059 seconds
[2026-01-08T01:57:01.222+0000] {processor.py:186} INFO - Started process (PID=1144) to work on /home/airflow/.local/lib/python3.12/site-packages/airflow/example_dags/example_python_operator.py
[2026-01-08T01:57:01.223+0000] {processor.py:914} INFO - Processing file /home/airflow/.local/lib/python3.12/site-packages/airflow/example_dags/example_python_operator.py for tasks to queue
[2026-01-08T01:57:01.225+0000] {logging_mixin.py:190} INFO - [2026-01-08T01:57:01.225+0000] {dagbag.py:587} INFO - Filling up the DagBag from /home/airflow/.local/lib/python3.12/site-packages/airflow/example_dags/example_python_operator.py
[2026-01-08T01:57:01.234+0000] {processor.py:925} INFO - DAG(s) 'example_python_operator' retrieved from /home/airflow/.local/lib/python3.12/site-packages/airflow/example_dags/example_python_operator.py
[2026-01-08T01:57:01.253+0000] {logging_mixin.py:190} INFO - [2026-01-08T01:57:01.253+0000] {dag.py:3211} INFO - Sync 1 DAGs
[2026-01-08T01:57:01.266+0000] {logging_mixin.py:190} INFO - [2026-01-08T01:57:01.266+0000] {dag.py:4138} INFO - Setting next_dagrun for example_python_operator to None, run_after=None
[2026-01-08T01:57:01.281+0000] {processor.py:208} INFO - Processing /home/airflow/.local/lib/python3.12/site-packages/airflow/example_dags/example_python_operator.py took 0.064 seconds
[2026-01-08T01:57:31.521+0000] {processor.py:186} INFO - Started process (PID=1206) to work on /home/airflow/.local/lib/python3.12/site-packages/airflow/example_dags/example_python_operator.py
[2026-01-08T01:57:31.522+0000] {processor.py:914} INFO - Processing file /home/airflow/.local/lib/python3.12/site-packages/airflow/example_dags/example_python_operator.py for tasks to queue
[2026-01-08T01:57:31.525+0000] {logging_mixin.py:190} INFO - [2026-01-08T01:57:31.524+0000] {dagbag.py:587} INFO - Filling up the DagBag from /home/airflow/.local/lib/python3.12/site-packages/airflow/example_dags/example_python_operator.py
[2026-01-08T01:57:31.534+0000] {processor.py:925} INFO - DAG(s) 'example_python_operator' retrieved from /home/airflow/.local/lib/python3.12/site-packages/airflow/example_dags/example_python_operator.py
[2026-01-08T01:57:31.552+0000] {logging_mixin.py:190} INFO - [2026-01-08T01:57:31.552+0000] {dag.py:3211} INFO - Sync 1 DAGs
[2026-01-08T01:57:31.562+0000] {logging_mixin.py:190} INFO - [2026-01-08T01:57:31.562+0000] {dag.py:4138} INFO - Setting next_dagrun for example_python_operator to None, run_after=None
[2026-01-08T01:57:31.577+0000] {processor.py:208} INFO - Processing /home/airflow/.local/lib/python3.12/site-packages/airflow/example_dags/example_python_operator.py took 0.061 seconds
[2026-01-08T01:58:02.100+0000] {processor.py:186} INFO - Started process (PID=1268) to work on /home/airflow/.local/lib/python3.12/site-packages/airflow/example_dags/example_python_operator.py
[2026-01-08T01:58:02.102+0000] {processor.py:914} INFO - Processing file /home/airflow/.local/lib/python3.12/site-packages/airflow/example_dags/example_python_operator.py for tasks to queue
[2026-01-08T01:58:02.105+0000] {logging_mixin.py:190} INFO - [2026-01-08T01:58:02.104+0000] {dagbag.py:587} INFO - Filling up the DagBag from /home/airflow/.local/lib/python3.12/site-packages/airflow/example_dags/example_python_operator.py
[2026-01-08T01:58:02.113+0000] {processor.py:925} INFO - DAG(s) 'example_python_operator' retrieved from /home/airflow/.local/lib/python3.12/site-packages/airflow/example_dags/example_python_operator.py
[2026-01-08T01:58:02.130+0000] {logging_mixin.py:190} INFO - [2026-01-08T01:58:02.129+0000] {dag.py:3211} INFO - Sync 1 DAGs
[2026-01-08T01:58:02.139+0000] {logging_mixin.py:190} INFO - [2026-01-08T01:58:02.139+0000] {dag.py:4138} INFO - Setting next_dagrun for example_python_operator to None, run_after=None
[2026-01-08T01:58:02.153+0000] {processor.py:208} INFO - Processing /home/airflow/.local/lib/python3.12/site-packages/airflow/example_dags/example_python_operator.py took 0.058 seconds
[2026-01-08T01:58:32.698+0000] {processor.py:186} INFO - Started process (PID=1331) to work on /home/airflow/.local/lib/python3.12/site-packages/airflow/example_dags/example_python_operator.py
[2026-01-08T01:58:32.699+0000] {processor.py:914} INFO - Processing file /home/airflow/.local/lib/python3.12/site-packages/airflow/example_dags/example_python_operator.py for tasks to queue
[2026-01-08T01:58:32.702+0000] {logging_mixin.py:190} INFO - [2026-01-08T01:58:32.701+0000] {dagbag.py:587} INFO - Filling up the DagBag from /home/airflow/.local/lib/python3.12/site-packages/airflow/example_dags/example_python_operator.py
[2026-01-08T01:58:32.711+0000] {processor.py:925} INFO - DAG(s) 'example_python_operator' retrieved from /home/airflow/.local/lib/python3.12/site-packages/airflow/example_dags/example_python_operator.py
[2026-01-08T01:58:32.728+0000] {logging_mixin.py:190} INFO - [2026-01-08T01:58:32.728+0000] {dag.py:3211} INFO - Sync 1 DAGs
[2026-01-08T01:58:32.738+0000] {logging_mixin.py:190} INFO - [2026-01-08T01:58:32.738+0000] {dag.py:4138} INFO - Setting next_dagrun for example_python_operator to None, run_after=None
[2026-01-08T01:58:32.752+0000] {processor.py:208} INFO - Processing /home/airflow/.local/lib/python3.12/site-packages/airflow/example_dags/example_python_operator.py took 0.058 seconds
[2026-01-08T01:59:02.962+0000] {processor.py:186} INFO - Started process (PID=1394) to work on /home/airflow/.local/lib/python3.12/site-packages/airflow/example_dags/example_python_operator.py
[2026-01-08T01:59:02.963+0000] {processor.py:914} INFO - Processing file /home/airflow/.local/lib/python3.12/site-packages/airflow/example_dags/example_python_operator.py for tasks to queue
[2026-01-08T01:59:02.966+0000] {logging_mixin.py:190} INFO - [2026-01-08T01:59:02.965+0000] {dagbag.py:587} INFO - Filling up the DagBag from /home/airflow/.local/lib/python3.12/site-packages/airflow/example_dags/example_python_operator.py
[2026-01-08T01:59:02.976+0000] {processor.py:925} INFO - DAG(s) 'example_python_operator' retrieved from /home/airflow/.local/lib/python3.12/site-packages/airflow/example_dags/example_python_operator.py
[2026-01-08T01:59:02.993+0000] {logging_mixin.py:190} INFO - [2026-01-08T01:59:02.992+0000] {dag.py:3211} INFO - Sync 1 DAGs
[2026-01-08T01:59:03.003+0000] {logging_mixin.py:190} INFO - [2026-01-08T01:59:03.003+0000] {dag.py:4138} INFO - Setting next_dagrun for example_python_operator to None, run_after=None
[2026-01-08T01:59:03.018+0000] {processor.py:208} INFO - Processing /home/airflow/.local/lib/python3.12/site-packages/airflow/example_dags/example_python_operator.py took 0.061 seconds
[2026-01-08T01:59:33.337+0000] {processor.py:186} INFO - Started process (PID=1457) to work on /home/airflow/.local/lib/python3.12/site-packages/airflow/example_dags/example_python_operator.py
[2026-01-08T01:59:33.339+0000] {processor.py:914} INFO - Processing file /home/airflow/.local/lib/python3.12/site-packages/airflow/example_dags/example_python_operator.py for tasks to queue
[2026-01-08T01:59:33.341+0000] {logging_mixin.py:190} INFO - [2026-01-08T01:59:33.341+0000] {dagbag.py:587} INFO - Filling up the DagBag from /home/airflow/.local/lib/python3.12/site-packages/airflow/example_dags/example_python_operator.py
[2026-01-08T01:59:33.350+0000] {processor.py:925} INFO - DAG(s) 'example_python_operator' retrieved from /home/airflow/.local/lib/python3.12/site-packages/airflow/example_dags/example_python_operator.py
[2026-01-08T01:59:33.367+0000] {logging_mixin.py:190} INFO - [2026-01-08T01:59:33.367+0000] {dag.py:3211} INFO - Sync 1 DAGs
[2026-01-08T01:59:33.377+0000] {logging_mixin.py:190} INFO - [2026-01-08T01:59:33.377+0000] {dag.py:4138} INFO - Setting next_dagrun for example_python_operator to None, run_after=None
[2026-01-08T01:59:33.391+0000] {processor.py:208} INFO - Processing /home/airflow/.local/lib/python3.12/site-packages/airflow/example_dags/example_python_operator.py took 0.058 seconds
[2026-01-08T02:00:03.795+0000] {processor.py:186} INFO - Started process (PID=1520) to work on /home/airflow/.local/lib/python3.12/site-packages/airflow/example_dags/example_python_operator.py
[2026-01-08T02:00:03.796+0000] {processor.py:914} INFO - Processing file /home/airflow/.local/lib/python3.12/site-packages/airflow/example_dags/example_python_operator.py for tasks to queue
[2026-01-08T02:00:03.797+0000] {logging_mixin.py:190} INFO - [2026-01-08T02:00:03.797+0000] {dagbag.py:587} INFO - Filling up the DagBag from /home/airflow/.local/lib/python3.12/site-packages/airflow/example_dags/example_python_operator.py
[2026-01-08T02:00:03.806+0000] {processor.py:925} INFO - DAG(s) 'example_python_operator' retrieved from /home/airflow/.local/lib/python3.12/site-packages/airflow/example_dags/example_python_operator.py
[2026-01-08T02:00:03.822+0000] {logging_mixin.py:190} INFO - [2026-01-08T02:00:03.821+0000] {dag.py:3211} INFO - Sync 1 DAGs
[2026-01-08T02:00:03.833+0000] {logging_mixin.py:190} INFO - [2026-01-08T02:00:03.833+0000] {dag.py:4138} INFO - Setting next_dagrun for example_python_operator to None, run_after=None
[2026-01-08T02:00:03.849+0000] {processor.py:208} INFO - Processing /home/airflow/.local/lib/python3.12/site-packages/airflow/example_dags/example_python_operator.py took 0.059 seconds
[2026-01-08T02:00:34.536+0000] {processor.py:186} INFO - Started process (PID=1583) to work on /home/airflow/.local/lib/python3.12/site-packages/airflow/example_dags/example_python_operator.py
[2026-01-08T02:00:34.537+0000] {processor.py:914} INFO - Processing file /home/airflow/.local/lib/python3.12/site-packages/airflow/example_dags/example_python_operator.py for tasks to queue
[2026-01-08T02:00:34.540+0000] {logging_mixin.py:190} INFO - [2026-01-08T02:00:34.540+0000] {dagbag.py:587} INFO - Filling up the DagBag from /home/airflow/.local/lib/python3.12/site-packages/airflow/example_dags/example_python_operator.py
[2026-01-08T02:00:34.552+0000] {processor.py:925} INFO - DAG(s) 'example_python_operator' retrieved from /home/airflow/.local/lib/python3.12/site-packages/airflow/example_dags/example_python_operator.py
[2026-01-08T02:00:34.572+0000] {logging_mixin.py:190} INFO - [2026-01-08T02:00:34.572+0000] {dag.py:3211} INFO - Sync 1 DAGs
[2026-01-08T02:00:34.584+0000] {logging_mixin.py:190} INFO - [2026-01-08T02:00:34.583+0000] {dag.py:4138} INFO - Setting next_dagrun for example_python_operator to None, run_after=None
[2026-01-08T02:00:34.598+0000] {processor.py:208} INFO - Processing /home/airflow/.local/lib/python3.12/site-packages/airflow/example_dags/example_python_operator.py took 0.068 seconds
[2026-01-08T02:01:05.213+0000] {processor.py:186} INFO - Started process (PID=1646) to work on /home/airflow/.local/lib/python3.12/site-packages/airflow/example_dags/example_python_operator.py
[2026-01-08T02:01:05.214+0000] {processor.py:914} INFO - Processing file /home/airflow/.local/lib/python3.12/site-packages/airflow/example_dags/example_python_operator.py for tasks to queue
[2026-01-08T02:01:05.217+0000] {logging_mixin.py:190} INFO - [2026-01-08T02:01:05.217+0000] {dagbag.py:587} INFO - Filling up the DagBag from /home/airflow/.local/lib/python3.12/site-packages/airflow/example_dags/example_python_operator.py
[2026-01-08T02:01:05.227+0000] {processor.py:925} INFO - DAG(s) 'example_python_operator' retrieved from /home/airflow/.local/lib/python3.12/site-packages/airflow/example_dags/example_python_operator.py
[2026-01-08T02:01:05.246+0000] {logging_mixin.py:190} INFO - [2026-01-08T02:01:05.246+0000] {dag.py:3211} INFO - Sync 1 DAGs
[2026-01-08T02:01:05.257+0000] {logging_mixin.py:190} INFO - [2026-01-08T02:01:05.257+0000] {dag.py:4138} INFO - Setting next_dagrun for example_python_operator to None, run_after=None
[2026-01-08T02:01:05.273+0000] {processor.py:208} INFO - Processing /home/airflow/.local/lib/python3.12/site-packages/airflow/example_dags/example_python_operator.py took 0.065 seconds
[2026-01-08T02:01:35.899+0000] {processor.py:186} INFO - Started process (PID=1709) to work on /home/airflow/.local/lib/python3.12/site-packages/airflow/example_dags/example_python_operator.py
[2026-01-08T02:01:35.901+0000] {processor.py:914} INFO - Processing file /home/airflow/.local/lib/python3.12/site-packages/airflow/example_dags/example_python_operator.py for tasks to queue
[2026-01-08T02:01:35.903+0000] {logging_mixin.py:190} INFO - [2026-01-08T02:01:35.903+0000] {dagbag.py:587} INFO - Filling up the DagBag from /home/airflow/.local/lib/python3.12/site-packages/airflow/example_dags/example_python_operator.py
[2026-01-08T02:01:35.912+0000] {processor.py:925} INFO - DAG(s) 'example_python_operator' retrieved from /home/airflow/.local/lib/python3.12/site-packages/airflow/example_dags/example_python_operator.py
[2026-01-08T02:01:35.929+0000] {logging_mixin.py:190} INFO - [2026-01-08T02:01:35.929+0000] {dag.py:3211} INFO - Sync 1 DAGs
[2026-01-08T02:01:35.940+0000] {logging_mixin.py:190} INFO - [2026-01-08T02:01:35.939+0000] {dag.py:4138} INFO - Setting next_dagrun for example_python_operator to None, run_after=None
[2026-01-08T02:01:35.955+0000] {processor.py:208} INFO - Processing /home/airflow/.local/lib/python3.12/site-packages/airflow/example_dags/example_python_operator.py took 0.060 seconds
[2026-01-08T02:02:06.818+0000] {processor.py:186} INFO - Started process (PID=1772) to work on /home/airflow/.local/lib/python3.12/site-packages/airflow/example_dags/example_python_operator.py
[2026-01-08T02:02:06.819+0000] {processor.py:914} INFO - Processing file /home/airflow/.local/lib/python3.12/site-packages/airflow/example_dags/example_python_operator.py for tasks to queue
[2026-01-08T02:02:06.821+0000] {logging_mixin.py:190} INFO - [2026-01-08T02:02:06.821+0000] {dagbag.py:587} INFO - Filling up the DagBag from /home/airflow/.local/lib/python3.12/site-packages/airflow/example_dags/example_python_operator.py
[2026-01-08T02:02:06.830+0000] {processor.py:925} INFO - DAG(s) 'example_python_operator' retrieved from /home/airflow/.local/lib/python3.12/site-packages/airflow/example_dags/example_python_operator.py
[2026-01-08T02:02:06.848+0000] {logging_mixin.py:190} INFO - [2026-01-08T02:02:06.848+0000] {dag.py:3211} INFO - Sync 1 DAGs
[2026-01-08T02:02:06.859+0000] {logging_mixin.py:190} INFO - [2026-01-08T02:02:06.859+0000] {dag.py:4138} INFO - Setting next_dagrun for example_python_operator to None, run_after=None
[2026-01-08T02:02:06.875+0000] {processor.py:208} INFO - Processing /home/airflow/.local/lib/python3.12/site-packages/airflow/example_dags/example_python_operator.py took 0.061 seconds
[2026-01-08T02:02:37.882+0000] {processor.py:186} INFO - Started process (PID=1835) to work on /home/airflow/.local/lib/python3.12/site-packages/airflow/example_dags/example_python_operator.py
[2026-01-08T02:02:37.883+0000] {processor.py:914} INFO - Processing file /home/airflow/.local/lib/python3.12/site-packages/airflow/example_dags/example_python_operator.py for tasks to queue
[2026-01-08T02:02:37.885+0000] {logging_mixin.py:190} INFO - [2026-01-08T02:02:37.885+0000] {dagbag.py:587} INFO - Filling up the DagBag from /home/airflow/.local/lib/python3.12/site-packages/airflow/example_dags/example_python_operator.py
[2026-01-08T02:02:37.894+0000] {processor.py:925} INFO - DAG(s) 'example_python_operator' retrieved from /home/airflow/.local/lib/python3.12/site-packages/airflow/example_dags/example_python_operator.py
[2026-01-08T02:02:37.911+0000] {logging_mixin.py:190} INFO - [2026-01-08T02:02:37.911+0000] {dag.py:3211} INFO - Sync 1 DAGs
[2026-01-08T02:02:37.921+0000] {logging_mixin.py:190} INFO - [2026-01-08T02:02:37.921+0000] {dag.py:4138} INFO - Setting next_dagrun for example_python_operator to None, run_after=None
[2026-01-08T02:02:37.937+0000] {processor.py:208} INFO - Processing /home/airflow/.local/lib/python3.12/site-packages/airflow/example_dags/example_python_operator.py took 0.060 seconds
[2026-01-08T02:03:09.017+0000] {processor.py:186} INFO - Started process (PID=1899) to work on /home/airflow/.local/lib/python3.12/site-packages/airflow/example_dags/example_python_operator.py
[2026-01-08T02:03:09.018+0000] {processor.py:914} INFO - Processing file /home/airflow/.local/lib/python3.12/site-packages/airflow/example_dags/example_python_operator.py for tasks to queue
[2026-01-08T02:03:09.020+0000] {logging_mixin.py:190} INFO - [2026-01-08T02:03:09.020+0000] {dagbag.py:587} INFO - Filling up the DagBag from /home/airflow/.local/lib/python3.12/site-packages/airflow/example_dags/example_python_operator.py
[2026-01-08T02:03:09.031+0000] {processor.py:925} INFO - DAG(s) 'example_python_operator' retrieved from /home/airflow/.local/lib/python3.12/site-packages/airflow/example_dags/example_python_operator.py
[2026-01-08T02:03:09.049+0000] {logging_mixin.py:190} INFO - [2026-01-08T02:03:09.049+0000] {dag.py:3211} INFO - Sync 1 DAGs
[2026-01-08T02:03:09.060+0000] {logging_mixin.py:190} INFO - [2026-01-08T02:03:09.060+0000] {dag.py:4138} INFO - Setting next_dagrun for example_python_operator to None, run_after=None
[2026-01-08T02:03:09.075+0000] {processor.py:208} INFO - Processing /home/airflow/.local/lib/python3.12/site-packages/airflow/example_dags/example_python_operator.py took 0.063 seconds
[2026-01-08T02:03:39.476+0000] {processor.py:186} INFO - Started process (PID=1963) to work on /home/airflow/.local/lib/python3.12/site-packages/airflow/example_dags/example_python_operator.py
[2026-01-08T02:03:39.477+0000] {processor.py:914} INFO - Processing file /home/airflow/.local/lib/python3.12/site-packages/airflow/example_dags/example_python_operator.py for tasks to queue
[2026-01-08T02:03:39.480+0000] {logging_mixin.py:190} INFO - [2026-01-08T02:03:39.480+0000] {dagbag.py:587} INFO - Filling up the DagBag from /home/airflow/.local/lib/python3.12/site-packages/airflow/example_dags/example_python_operator.py
[2026-01-08T02:03:39.489+0000] {processor.py:925} INFO - DAG(s) 'example_python_operator' retrieved from /home/airflow/.local/lib/python3.12/site-packages/airflow/example_dags/example_python_operator.py
[2026-01-08T02:03:39.506+0000] {logging_mixin.py:190} INFO - [2026-01-08T02:03:39.506+0000] {dag.py:3211} INFO - Sync 1 DAGs
[2026-01-08T02:03:39.516+0000] {logging_mixin.py:190} INFO - [2026-01-08T02:03:39.515+0000] {dag.py:4138} INFO - Setting next_dagrun for example_python_operator to None, run_after=None
[2026-01-08T02:03:39.528+0000] {processor.py:208} INFO - Processing /home/airflow/.local/lib/python3.12/site-packages/airflow/example_dags/example_python_operator.py took 0.056 seconds
[2026-01-08T02:04:09.835+0000] {processor.py:186} INFO - Started process (PID=2026) to work on /home/airflow/.local/lib/python3.12/site-packages/airflow/example_dags/example_python_operator.py
[2026-01-08T02:04:09.837+0000] {processor.py:914} INFO - Processing file /home/airflow/.local/lib/python3.12/site-packages/airflow/example_dags/example_python_operator.py for tasks to queue
[2026-01-08T02:04:09.839+0000] {logging_mixin.py:190} INFO - [2026-01-08T02:04:09.839+0000] {dagbag.py:587} INFO - Filling up the DagBag from /home/airflow/.local/lib/python3.12/site-packages/airflow/example_dags/example_python_operator.py
[2026-01-08T02:04:09.849+0000] {processor.py:925} INFO - DAG(s) 'example_python_operator' retrieved from /home/airflow/.local/lib/python3.12/site-packages/airflow/example_dags/example_python_operator.py
[2026-01-08T02:04:09.867+0000] {logging_mixin.py:190} INFO - [2026-01-08T02:04:09.867+0000] {dag.py:3211} INFO - Sync 1 DAGs
[2026-01-08T02:04:09.877+0000] {logging_mixin.py:190} INFO - [2026-01-08T02:04:09.877+0000] {dag.py:4138} INFO - Setting next_dagrun for example_python_operator to None, run_after=None
[2026-01-08T02:04:09.890+0000] {processor.py:208} INFO - Processing /home/airflow/.local/lib/python3.12/site-packages/airflow/example_dags/example_python_operator.py took 0.060 seconds
[2026-01-08T02:04:40.953+0000] {processor.py:186} INFO - Started process (PID=2089) to work on /home/airflow/.local/lib/python3.12/site-packages/airflow/example_dags/example_python_operator.py
[2026-01-08T02:04:40.955+0000] {processor.py:914} INFO - Processing file /home/airflow/.local/lib/python3.12/site-packages/airflow/example_dags/example_python_operator.py for tasks to queue
[2026-01-08T02:04:40.957+0000] {logging_mixin.py:190} INFO - [2026-01-08T02:04:40.957+0000] {dagbag.py:587} INFO - Filling up the DagBag from /home/airflow/.local/lib/python3.12/site-packages/airflow/example_dags/example_python_operator.py
[2026-01-08T02:04:40.966+0000] {processor.py:925} INFO - DAG(s) 'example_python_operator' retrieved from /home/airflow/.local/lib/python3.12/site-packages/airflow/example_dags/example_python_operator.py
[2026-01-08T02:04:40.983+0000] {logging_mixin.py:190} INFO - [2026-01-08T02:04:40.983+0000] {dag.py:3211} INFO - Sync 1 DAGs
[2026-01-08T02:04:40.994+0000] {logging_mixin.py:190} INFO - [2026-01-08T02:04:40.994+0000] {dag.py:4138} INFO - Setting next_dagrun for example_python_operator to None, run_after=None
[2026-01-08T02:04:41.008+0000] {processor.py:208} INFO - Processing /home/airflow/.local/lib/python3.12/site-packages/airflow/example_dags/example_python_operator.py took 0.059 seconds
[2026-01-08T02:05:12.218+0000] {processor.py:186} INFO - Started process (PID=2152) to work on /home/airflow/.local/lib/python3.12/site-packages/airflow/example_dags/example_python_operator.py
[2026-01-08T02:05:12.219+0000] {processor.py:914} INFO - Processing file /home/airflow/.local/lib/python3.12/site-packages/airflow/example_dags/example_python_operator.py for tasks to queue
[2026-01-08T02:05:12.222+0000] {logging_mixin.py:190} INFO - [2026-01-08T02:05:12.222+0000] {dagbag.py:587} INFO - Filling up the DagBag from /home/airflow/.local/lib/python3.12/site-packages/airflow/example_dags/example_python_operator.py
[2026-01-08T02:05:12.231+0000] {processor.py:925} INFO - DAG(s) 'example_python_operator' retrieved from /home/airflow/.local/lib/python3.12/site-packages/airflow/example_dags/example_python_operator.py
[2026-01-08T02:05:12.248+0000] {logging_mixin.py:190} INFO - [2026-01-08T02:05:12.248+0000] {dag.py:3211} INFO - Sync 1 DAGs
[2026-01-08T02:05:12.258+0000] {logging_mixin.py:190} INFO - [2026-01-08T02:05:12.258+0000] {dag.py:4138} INFO - Setting next_dagrun for example_python_operator to None, run_after=None
[2026-01-08T02:05:12.274+0000] {processor.py:208} INFO - Processing /home/airflow/.local/lib/python3.12/site-packages/airflow/example_dags/example_python_operator.py took 0.060 seconds
[2026-01-08T02:05:43.659+0000] {processor.py:186} INFO - Started process (PID=2215) to work on /home/airflow/.local/lib/python3.12/site-packages/airflow/example_dags/example_python_operator.py
[2026-01-08T02:05:43.660+0000] {processor.py:914} INFO - Processing file /home/airflow/.local/lib/python3.12/site-packages/airflow/example_dags/example_python_operator.py for tasks to queue
[2026-01-08T02:05:43.663+0000] {logging_mixin.py:190} INFO - [2026-01-08T02:05:43.662+0000] {dagbag.py:587} INFO - Filling up the DagBag from /home/airflow/.local/lib/python3.12/site-packages/airflow/example_dags/example_python_operator.py
[2026-01-08T02:05:43.671+0000] {processor.py:925} INFO - DAG(s) 'example_python_operator' retrieved from /home/airflow/.local/lib/python3.12/site-packages/airflow/example_dags/example_python_operator.py
[2026-01-08T02:05:43.688+0000] {logging_mixin.py:190} INFO - [2026-01-08T02:05:43.688+0000] {dag.py:3211} INFO - Sync 1 DAGs
[2026-01-08T02:05:43.697+0000] {logging_mixin.py:190} INFO - [2026-01-08T02:05:43.697+0000] {dag.py:4138} INFO - Setting next_dagrun for example_python_operator to None, run_after=None
[2026-01-08T02:05:43.713+0000] {processor.py:208} INFO - Processing /home/airflow/.local/lib/python3.12/site-packages/airflow/example_dags/example_python_operator.py took 0.059 seconds
[2026-01-08T02:06:14.869+0000] {processor.py:186} INFO - Started process (PID=2278) to work on /home/airflow/.local/lib/python3.12/site-packages/airflow/example_dags/example_python_operator.py
[2026-01-08T02:06:14.871+0000] {processor.py:914} INFO - Processing file /home/airflow/.local/lib/python3.12/site-packages/airflow/example_dags/example_python_operator.py for tasks to queue
[2026-01-08T02:06:14.873+0000] {logging_mixin.py:190} INFO - [2026-01-08T02:06:14.873+0000] {dagbag.py:587} INFO - Filling up the DagBag from /home/airflow/.local/lib/python3.12/site-packages/airflow/example_dags/example_python_operator.py
[2026-01-08T02:06:14.882+0000] {processor.py:925} INFO - DAG(s) 'example_python_operator' retrieved from /home/airflow/.local/lib/python3.12/site-packages/airflow/example_dags/example_python_operator.py
[2026-01-08T02:06:14.898+0000] {logging_mixin.py:190} INFO - [2026-01-08T02:06:14.898+0000] {dag.py:3211} INFO - Sync 1 DAGs
[2026-01-08T02:06:14.909+0000] {logging_mixin.py:190} INFO - [2026-01-08T02:06:14.908+0000] {dag.py:4138} INFO - Setting next_dagrun for example_python_operator to None, run_after=None
[2026-01-08T02:06:14.924+0000] {processor.py:208} INFO - Processing /home/airflow/.local/lib/python3.12/site-packages/airflow/example_dags/example_python_operator.py took 0.059 seconds
[2026-01-08T02:06:45.392+0000] {processor.py:186} INFO - Started process (PID=2341) to work on /home/airflow/.local/lib/python3.12/site-packages/airflow/example_dags/example_python_operator.py
[2026-01-08T02:06:45.393+0000] {processor.py:914} INFO - Processing file /home/airflow/.local/lib/python3.12/site-packages/airflow/example_dags/example_python_operator.py for tasks to queue
[2026-01-08T02:06:45.396+0000] {logging_mixin.py:190} INFO - [2026-01-08T02:06:45.395+0000] {dagbag.py:587} INFO - Filling up the DagBag from /home/airflow/.local/lib/python3.12/site-packages/airflow/example_dags/example_python_operator.py
[2026-01-08T02:06:45.406+0000] {processor.py:925} INFO - DAG(s) 'example_python_operator' retrieved from /home/airflow/.local/lib/python3.12/site-packages/airflow/example_dags/example_python_operator.py
[2026-01-08T02:06:45.425+0000] {logging_mixin.py:190} INFO - [2026-01-08T02:06:45.424+0000] {dag.py:3211} INFO - Sync 1 DAGs
[2026-01-08T02:06:45.436+0000] {logging_mixin.py:190} INFO - [2026-01-08T02:06:45.436+0000] {dag.py:4138} INFO - Setting next_dagrun for example_python_operator to None, run_after=None
[2026-01-08T02:06:45.452+0000] {processor.py:208} INFO - Processing /home/airflow/.local/lib/python3.12/site-packages/airflow/example_dags/example_python_operator.py took 0.065 seconds
[2026-01-08T02:07:15.708+0000] {processor.py:186} INFO - Started process (PID=2404) to work on /home/airflow/.local/lib/python3.12/site-packages/airflow/example_dags/example_python_operator.py
[2026-01-08T02:07:15.709+0000] {processor.py:914} INFO - Processing file /home/airflow/.local/lib/python3.12/site-packages/airflow/example_dags/example_python_operator.py for tasks to queue
[2026-01-08T02:07:15.712+0000] {logging_mixin.py:190} INFO - [2026-01-08T02:07:15.711+0000] {dagbag.py:587} INFO - Filling up the DagBag from /home/airflow/.local/lib/python3.12/site-packages/airflow/example_dags/example_python_operator.py
[2026-01-08T02:07:15.721+0000] {processor.py:925} INFO - DAG(s) 'example_python_operator' retrieved from /home/airflow/.local/lib/python3.12/site-packages/airflow/example_dags/example_python_operator.py
[2026-01-08T02:07:15.737+0000] {logging_mixin.py:190} INFO - [2026-01-08T02:07:15.737+0000] {dag.py:3211} INFO - Sync 1 DAGs
[2026-01-08T02:07:15.746+0000] {logging_mixin.py:190} INFO - [2026-01-08T02:07:15.746+0000] {dag.py:4138} INFO - Setting next_dagrun for example_python_operator to None, run_after=None
[2026-01-08T02:07:15.762+0000] {processor.py:208} INFO - Processing /home/airflow/.local/lib/python3.12/site-packages/airflow/example_dags/example_python_operator.py took 0.058 seconds
[2026-01-08T02:07:46.099+0000] {processor.py:186} INFO - Started process (PID=2467) to work on /home/airflow/.local/lib/python3.12/site-packages/airflow/example_dags/example_python_operator.py
[2026-01-08T02:07:46.100+0000] {processor.py:914} INFO - Processing file /home/airflow/.local/lib/python3.12/site-packages/airflow/example_dags/example_python_operator.py for tasks to queue
[2026-01-08T02:07:46.103+0000] {logging_mixin.py:190} INFO - [2026-01-08T02:07:46.103+0000] {dagbag.py:587} INFO - Filling up the DagBag from /home/airflow/.local/lib/python3.12/site-packages/airflow/example_dags/example_python_operator.py
[2026-01-08T02:07:46.111+0000] {processor.py:925} INFO - DAG(s) 'example_python_operator' retrieved from /home/airflow/.local/lib/python3.12/site-packages/airflow/example_dags/example_python_operator.py
[2026-01-08T02:07:46.128+0000] {logging_mixin.py:190} INFO - [2026-01-08T02:07:46.128+0000] {dag.py:3211} INFO - Sync 1 DAGs
[2026-01-08T02:07:46.138+0000] {logging_mixin.py:190} INFO - [2026-01-08T02:07:46.138+0000] {dag.py:4138} INFO - Setting next_dagrun for example_python_operator to None, run_after=None
[2026-01-08T02:07:46.154+0000] {processor.py:208} INFO - Processing /home/airflow/.local/lib/python3.12/site-packages/airflow/example_dags/example_python_operator.py took 0.059 seconds
[2026-01-08T02:08:16.550+0000] {processor.py:186} INFO - Started process (PID=2530) to work on /home/airflow/.local/lib/python3.12/site-packages/airflow/example_dags/example_python_operator.py
[2026-01-08T02:08:16.551+0000] {processor.py:914} INFO - Processing file /home/airflow/.local/lib/python3.12/site-packages/airflow/example_dags/example_python_operator.py for tasks to queue
[2026-01-08T02:08:16.553+0000] {logging_mixin.py:190} INFO - [2026-01-08T02:08:16.553+0000] {dagbag.py:587} INFO - Filling up the DagBag from /home/airflow/.local/lib/python3.12/site-packages/airflow/example_dags/example_python_operator.py
[2026-01-08T02:08:16.562+0000] {processor.py:925} INFO - DAG(s) 'example_python_operator' retrieved from /home/airflow/.local/lib/python3.12/site-packages/airflow/example_dags/example_python_operator.py
[2026-01-08T02:08:16.581+0000] {logging_mixin.py:190} INFO - [2026-01-08T02:08:16.580+0000] {dag.py:3211} INFO - Sync 1 DAGs
[2026-01-08T02:08:16.591+0000] {logging_mixin.py:190} INFO - [2026-01-08T02:08:16.590+0000] {dag.py:4138} INFO - Setting next_dagrun for example_python_operator to None, run_after=None
[2026-01-08T02:08:16.611+0000] {processor.py:208} INFO - Processing /home/airflow/.local/lib/python3.12/site-packages/airflow/example_dags/example_python_operator.py took 0.066 seconds
[2026-01-08T02:08:47.574+0000] {processor.py:186} INFO - Started process (PID=2593) to work on /home/airflow/.local/lib/python3.12/site-packages/airflow/example_dags/example_python_operator.py
[2026-01-08T02:08:47.575+0000] {processor.py:914} INFO - Processing file /home/airflow/.local/lib/python3.12/site-packages/airflow/example_dags/example_python_operator.py for tasks to queue
[2026-01-08T02:08:47.577+0000] {logging_mixin.py:190} INFO - [2026-01-08T02:08:47.577+0000] {dagbag.py:587} INFO - Filling up the DagBag from /home/airflow/.local/lib/python3.12/site-packages/airflow/example_dags/example_python_operator.py
[2026-01-08T02:08:47.587+0000] {processor.py:925} INFO - DAG(s) 'example_python_operator' retrieved from /home/airflow/.local/lib/python3.12/site-packages/airflow/example_dags/example_python_operator.py
[2026-01-08T02:08:47.602+0000] {logging_mixin.py:190} INFO - [2026-01-08T02:08:47.602+0000] {dag.py:3211} INFO - Sync 1 DAGs
[2026-01-08T02:08:47.612+0000] {logging_mixin.py:190} INFO - [2026-01-08T02:08:47.612+0000] {dag.py:4138} INFO - Setting next_dagrun for example_python_operator to None, run_after=None
[2026-01-08T02:08:47.626+0000] {processor.py:208} INFO - Processing /home/airflow/.local/lib/python3.12/site-packages/airflow/example_dags/example_python_operator.py took 0.057 seconds
[2026-01-08T02:09:17.958+0000] {processor.py:186} INFO - Started process (PID=2656) to work on /home/airflow/.local/lib/python3.12/site-packages/airflow/example_dags/example_python_operator.py
[2026-01-08T02:09:17.959+0000] {processor.py:914} INFO - Processing file /home/airflow/.local/lib/python3.12/site-packages/airflow/example_dags/example_python_operator.py for tasks to queue
[2026-01-08T02:09:17.961+0000] {logging_mixin.py:190} INFO - [2026-01-08T02:09:17.961+0000] {dagbag.py:587} INFO - Filling up the DagBag from /home/airflow/.local/lib/python3.12/site-packages/airflow/example_dags/example_python_operator.py
[2026-01-08T02:09:17.971+0000] {processor.py:925} INFO - DAG(s) 'example_python_operator' retrieved from /home/airflow/.local/lib/python3.12/site-packages/airflow/example_dags/example_python_operator.py
[2026-01-08T02:09:17.992+0000] {logging_mixin.py:190} INFO - [2026-01-08T02:09:17.992+0000] {dag.py:3211} INFO - Sync 1 DAGs
[2026-01-08T02:09:18.003+0000] {logging_mixin.py:190} INFO - [2026-01-08T02:09:18.002+0000] {dag.py:4138} INFO - Setting next_dagrun for example_python_operator to None, run_after=None
[2026-01-08T02:09:18.021+0000] {processor.py:208} INFO - Processing /home/airflow/.local/lib/python3.12/site-packages/airflow/example_dags/example_python_operator.py took 0.068 seconds
[2026-01-08T02:09:48.410+0000] {processor.py:186} INFO - Started process (PID=2719) to work on /home/airflow/.local/lib/python3.12/site-packages/airflow/example_dags/example_python_operator.py
[2026-01-08T02:09:48.411+0000] {processor.py:914} INFO - Processing file /home/airflow/.local/lib/python3.12/site-packages/airflow/example_dags/example_python_operator.py for tasks to queue
[2026-01-08T02:09:48.413+0000] {logging_mixin.py:190} INFO - [2026-01-08T02:09:48.413+0000] {dagbag.py:587} INFO - Filling up the DagBag from /home/airflow/.local/lib/python3.12/site-packages/airflow/example_dags/example_python_operator.py
[2026-01-08T02:09:48.424+0000] {processor.py:925} INFO - DAG(s) 'example_python_operator' retrieved from /home/airflow/.local/lib/python3.12/site-packages/airflow/example_dags/example_python_operator.py
[2026-01-08T02:09:48.440+0000] {logging_mixin.py:190} INFO - [2026-01-08T02:09:48.440+0000] {dag.py:3211} INFO - Sync 1 DAGs
[2026-01-08T02:09:48.451+0000] {logging_mixin.py:190} INFO - [2026-01-08T02:09:48.450+0000] {dag.py:4138} INFO - Setting next_dagrun for example_python_operator to None, run_after=None
[2026-01-08T02:09:48.465+0000] {processor.py:208} INFO - Processing /home/airflow/.local/lib/python3.12/site-packages/airflow/example_dags/example_python_operator.py took 0.059 seconds
[2026-01-08T02:10:18.848+0000] {processor.py:186} INFO - Started process (PID=2782) to work on /home/airflow/.local/lib/python3.12/site-packages/airflow/example_dags/example_python_operator.py
[2026-01-08T02:10:18.850+0000] {processor.py:914} INFO - Processing file /home/airflow/.local/lib/python3.12/site-packages/airflow/example_dags/example_python_operator.py for tasks to queue
[2026-01-08T02:10:18.852+0000] {logging_mixin.py:190} INFO - [2026-01-08T02:10:18.852+0000] {dagbag.py:587} INFO - Filling up the DagBag from /home/airflow/.local/lib/python3.12/site-packages/airflow/example_dags/example_python_operator.py
[2026-01-08T02:10:18.861+0000] {processor.py:925} INFO - DAG(s) 'example_python_operator' retrieved from /home/airflow/.local/lib/python3.12/site-packages/airflow/example_dags/example_python_operator.py
[2026-01-08T02:10:18.878+0000] {logging_mixin.py:190} INFO - [2026-01-08T02:10:18.878+0000] {dag.py:3211} INFO - Sync 1 DAGs
[2026-01-08T02:10:18.887+0000] {logging_mixin.py:190} INFO - [2026-01-08T02:10:18.887+0000] {dag.py:4138} INFO - Setting next_dagrun for example_python_operator to None, run_after=None
[2026-01-08T02:10:18.903+0000] {processor.py:208} INFO - Processing /home/airflow/.local/lib/python3.12/site-packages/airflow/example_dags/example_python_operator.py took 0.060 seconds
[2026-01-08T02:10:49.337+0000] {processor.py:186} INFO - Started process (PID=2844) to work on /home/airflow/.local/lib/python3.12/site-packages/airflow/example_dags/example_python_operator.py
[2026-01-08T02:10:49.339+0000] {processor.py:914} INFO - Processing file /home/airflow/.local/lib/python3.12/site-packages/airflow/example_dags/example_python_operator.py for tasks to queue
[2026-01-08T02:10:49.341+0000] {logging_mixin.py:190} INFO - [2026-01-08T02:10:49.341+0000] {dagbag.py:587} INFO - Filling up the DagBag from /home/airflow/.local/lib/python3.12/site-packages/airflow/example_dags/example_python_operator.py
[2026-01-08T02:10:49.351+0000] {processor.py:925} INFO - DAG(s) 'example_python_operator' retrieved from /home/airflow/.local/lib/python3.12/site-packages/airflow/example_dags/example_python_operator.py
[2026-01-08T02:10:49.373+0000] {logging_mixin.py:190} INFO - [2026-01-08T02:10:49.372+0000] {dag.py:3211} INFO - Sync 1 DAGs
[2026-01-08T02:10:49.384+0000] {logging_mixin.py:190} INFO - [2026-01-08T02:10:49.384+0000] {dag.py:4138} INFO - Setting next_dagrun for example_python_operator to None, run_after=None
[2026-01-08T02:10:49.401+0000] {processor.py:208} INFO - Processing /home/airflow/.local/lib/python3.12/site-packages/airflow/example_dags/example_python_operator.py took 0.069 seconds
[2026-01-08T02:11:20.823+0000] {processor.py:186} INFO - Started process (PID=2907) to work on /home/airflow/.local/lib/python3.12/site-packages/airflow/example_dags/example_python_operator.py
[2026-01-08T02:11:20.825+0000] {processor.py:914} INFO - Processing file /home/airflow/.local/lib/python3.12/site-packages/airflow/example_dags/example_python_operator.py for tasks to queue
[2026-01-08T02:11:20.827+0000] {logging_mixin.py:190} INFO - [2026-01-08T02:11:20.827+0000] {dagbag.py:587} INFO - Filling up the DagBag from /home/airflow/.local/lib/python3.12/site-packages/airflow/example_dags/example_python_operator.py
[2026-01-08T02:11:20.836+0000] {processor.py:925} INFO - DAG(s) 'example_python_operator' retrieved from /home/airflow/.local/lib/python3.12/site-packages/airflow/example_dags/example_python_operator.py
[2026-01-08T02:11:20.851+0000] {logging_mixin.py:190} INFO - [2026-01-08T02:11:20.851+0000] {dag.py:3211} INFO - Sync 1 DAGs
[2026-01-08T02:11:20.862+0000] {logging_mixin.py:190} INFO - [2026-01-08T02:11:20.861+0000] {dag.py:4138} INFO - Setting next_dagrun for example_python_operator to None, run_after=None
[2026-01-08T02:11:20.876+0000] {processor.py:208} INFO - Processing /home/airflow/.local/lib/python3.12/site-packages/airflow/example_dags/example_python_operator.py took 0.058 seconds
[2026-01-08T02:11:51.123+0000] {processor.py:186} INFO - Started process (PID=2970) to work on /home/airflow/.local/lib/python3.12/site-packages/airflow/example_dags/example_python_operator.py
[2026-01-08T02:11:51.125+0000] {processor.py:914} INFO - Processing file /home/airflow/.local/lib/python3.12/site-packages/airflow/example_dags/example_python_operator.py for tasks to queue
[2026-01-08T02:11:51.127+0000] {logging_mixin.py:190} INFO - [2026-01-08T02:11:51.127+0000] {dagbag.py:587} INFO - Filling up the DagBag from /home/airflow/.local/lib/python3.12/site-packages/airflow/example_dags/example_python_operator.py
[2026-01-08T02:11:51.136+0000] {processor.py:925} INFO - DAG(s) 'example_python_operator' retrieved from /home/airflow/.local/lib/python3.12/site-packages/airflow/example_dags/example_python_operator.py
[2026-01-08T02:11:51.152+0000] {logging_mixin.py:190} INFO - [2026-01-08T02:11:51.152+0000] {dag.py:3211} INFO - Sync 1 DAGs
[2026-01-08T02:11:51.163+0000] {logging_mixin.py:190} INFO - [2026-01-08T02:11:51.162+0000] {dag.py:4138} INFO - Setting next_dagrun for example_python_operator to None, run_after=None
[2026-01-08T02:11:51.178+0000] {processor.py:208} INFO - Processing /home/airflow/.local/lib/python3.12/site-packages/airflow/example_dags/example_python_operator.py took 0.059 seconds
[2026-01-08T02:12:22.083+0000] {processor.py:186} INFO - Started process (PID=3034) to work on /home/airflow/.local/lib/python3.12/site-packages/airflow/example_dags/example_python_operator.py
[2026-01-08T02:12:22.084+0000] {processor.py:914} INFO - Processing file /home/airflow/.local/lib/python3.12/site-packages/airflow/example_dags/example_python_operator.py for tasks to queue
[2026-01-08T02:12:22.086+0000] {logging_mixin.py:190} INFO - [2026-01-08T02:12:22.086+0000] {dagbag.py:587} INFO - Filling up the DagBag from /home/airflow/.local/lib/python3.12/site-packages/airflow/example_dags/example_python_operator.py
[2026-01-08T02:12:22.096+0000] {processor.py:925} INFO - DAG(s) 'example_python_operator' retrieved from /home/airflow/.local/lib/python3.12/site-packages/airflow/example_dags/example_python_operator.py
[2026-01-08T02:12:22.112+0000] {logging_mixin.py:190} INFO - [2026-01-08T02:12:22.112+0000] {dag.py:3211} INFO - Sync 1 DAGs
[2026-01-08T02:12:22.121+0000] {logging_mixin.py:190} INFO - [2026-01-08T02:12:22.121+0000] {dag.py:4138} INFO - Setting next_dagrun for example_python_operator to None, run_after=None
[2026-01-08T02:12:22.135+0000] {processor.py:208} INFO - Processing /home/airflow/.local/lib/python3.12/site-packages/airflow/example_dags/example_python_operator.py took 0.056 seconds
[2026-01-08T02:12:52.881+0000] {processor.py:186} INFO - Started process (PID=3097) to work on /home/airflow/.local/lib/python3.12/site-packages/airflow/example_dags/example_python_operator.py
[2026-01-08T02:12:52.883+0000] {processor.py:914} INFO - Processing file /home/airflow/.local/lib/python3.12/site-packages/airflow/example_dags/example_python_operator.py for tasks to queue
[2026-01-08T02:12:52.885+0000] {logging_mixin.py:190} INFO - [2026-01-08T02:12:52.884+0000] {dagbag.py:587} INFO - Filling up the DagBag from /home/airflow/.local/lib/python3.12/site-packages/airflow/example_dags/example_python_operator.py
[2026-01-08T02:12:52.893+0000] {processor.py:925} INFO - DAG(s) 'example_python_operator' retrieved from /home/airflow/.local/lib/python3.12/site-packages/airflow/example_dags/example_python_operator.py
[2026-01-08T02:12:52.910+0000] {logging_mixin.py:190} INFO - [2026-01-08T02:12:52.910+0000] {dag.py:3211} INFO - Sync 1 DAGs
[2026-01-08T02:12:52.919+0000] {logging_mixin.py:190} INFO - [2026-01-08T02:12:52.919+0000] {dag.py:4138} INFO - Setting next_dagrun for example_python_operator to None, run_after=None
[2026-01-08T02:12:52.935+0000] {processor.py:208} INFO - Processing /home/airflow/.local/lib/python3.12/site-packages/airflow/example_dags/example_python_operator.py took 0.058 seconds
[2026-01-08T02:13:23.941+0000] {processor.py:186} INFO - Started process (PID=3160) to work on /home/airflow/.local/lib/python3.12/site-packages/airflow/example_dags/example_python_operator.py
[2026-01-08T02:13:23.942+0000] {processor.py:914} INFO - Processing file /home/airflow/.local/lib/python3.12/site-packages/airflow/example_dags/example_python_operator.py for tasks to queue
[2026-01-08T02:13:23.945+0000] {logging_mixin.py:190} INFO - [2026-01-08T02:13:23.944+0000] {dagbag.py:587} INFO - Filling up the DagBag from /home/airflow/.local/lib/python3.12/site-packages/airflow/example_dags/example_python_operator.py
[2026-01-08T02:13:23.954+0000] {processor.py:925} INFO - DAG(s) 'example_python_operator' retrieved from /home/airflow/.local/lib/python3.12/site-packages/airflow/example_dags/example_python_operator.py
[2026-01-08T02:13:23.971+0000] {logging_mixin.py:190} INFO - [2026-01-08T02:13:23.971+0000] {dag.py:3211} INFO - Sync 1 DAGs
[2026-01-08T02:13:23.981+0000] {logging_mixin.py:190} INFO - [2026-01-08T02:13:23.981+0000] {dag.py:4138} INFO - Setting next_dagrun for example_python_operator to None, run_after=None
[2026-01-08T02:13:23.995+0000] {processor.py:208} INFO - Processing /home/airflow/.local/lib/python3.12/site-packages/airflow/example_dags/example_python_operator.py took 0.059 seconds
[2026-01-08T02:13:54.987+0000] {processor.py:186} INFO - Started process (PID=3223) to work on /home/airflow/.local/lib/python3.12/site-packages/airflow/example_dags/example_python_operator.py
[2026-01-08T02:13:54.988+0000] {processor.py:914} INFO - Processing file /home/airflow/.local/lib/python3.12/site-packages/airflow/example_dags/example_python_operator.py for tasks to queue
[2026-01-08T02:13:54.991+0000] {logging_mixin.py:190} INFO - [2026-01-08T02:13:54.990+0000] {dagbag.py:587} INFO - Filling up the DagBag from /home/airflow/.local/lib/python3.12/site-packages/airflow/example_dags/example_python_operator.py
[2026-01-08T02:13:55.000+0000] {processor.py:925} INFO - DAG(s) 'example_python_operator' retrieved from /home/airflow/.local/lib/python3.12/site-packages/airflow/example_dags/example_python_operator.py
[2026-01-08T02:13:55.017+0000] {logging_mixin.py:190} INFO - [2026-01-08T02:13:55.017+0000] {dag.py:3211} INFO - Sync 1 DAGs
[2026-01-08T02:13:55.148+0000] {logging_mixin.py:190} INFO - [2026-01-08T02:13:55.148+0000] {dag.py:4138} INFO - Setting next_dagrun for example_python_operator to None, run_after=None
[2026-01-08T02:13:55.160+0000] {processor.py:208} INFO - Processing /home/airflow/.local/lib/python3.12/site-packages/airflow/example_dags/example_python_operator.py took 0.178 seconds
