[2026-01-08T01:48:21.192+0000] {processor.py:186} INFO - Started process (PID=76) to work on /home/airflow/.local/lib/python3.12/site-packages/airflow/example_dags/example_workday_timetable.py
[2026-01-08T01:48:21.193+0000] {processor.py:914} INFO - Processing file /home/airflow/.local/lib/python3.12/site-packages/airflow/example_dags/example_workday_timetable.py for tasks to queue
[2026-01-08T01:48:21.196+0000] {logging_mixin.py:190} INFO - [2026-01-08T01:48:21.195+0000] {dagbag.py:587} INFO - Filling up the DagBag from /home/airflow/.local/lib/python3.12/site-packages/airflow/example_dags/example_workday_timetable.py
[2026-01-08T01:48:21.202+0000] {processor.py:925} INFO - DAG(s) 'example_workday_timetable' retrieved from /home/airflow/.local/lib/python3.12/site-packages/airflow/example_dags/example_workday_timetable.py
[2026-01-08T01:48:21.287+0000] {logging_mixin.py:190} INFO - [2026-01-08T01:48:21.287+0000] {override.py:1858} INFO - Created Permission View: can edit on DAG:example_workday_timetable
[2026-01-08T01:48:21.298+0000] {logging_mixin.py:190} INFO - [2026-01-08T01:48:21.297+0000] {override.py:1858} INFO - Created Permission View: can read on DAG:example_workday_timetable
[2026-01-08T01:48:21.304+0000] {logging_mixin.py:190} INFO - [2026-01-08T01:48:21.304+0000] {override.py:1858} INFO - Created Permission View: can delete on DAG:example_workday_timetable
[2026-01-08T01:48:21.305+0000] {logging_mixin.py:190} INFO - [2026-01-08T01:48:21.305+0000] {dag.py:3211} INFO - Sync 1 DAGs
[2026-01-08T01:48:21.315+0000] {logging_mixin.py:190} INFO - [2026-01-08T01:48:21.315+0000] {dag.py:3234} INFO - Creating ORM DAG for example_workday_timetable
[2026-01-08T01:48:21.357+0000] {logging_mixin.py:190} INFO - [2026-01-08T01:48:21.357+0000] {dag.py:4138} INFO - Setting next_dagrun for example_workday_timetable to 2021-01-04 00:00:00+00:00, run_after=2021-01-05 00:00:00+00:00
[2026-01-08T01:48:21.374+0000] {processor.py:208} INFO - Processing /home/airflow/.local/lib/python3.12/site-packages/airflow/example_dags/example_workday_timetable.py took 0.187 seconds
[2026-01-08T01:48:51.516+0000] {processor.py:186} INFO - Started process (PID=137) to work on /home/airflow/.local/lib/python3.12/site-packages/airflow/example_dags/example_workday_timetable.py
[2026-01-08T01:48:51.518+0000] {processor.py:914} INFO - Processing file /home/airflow/.local/lib/python3.12/site-packages/airflow/example_dags/example_workday_timetable.py for tasks to queue
[2026-01-08T01:48:51.520+0000] {logging_mixin.py:190} INFO - [2026-01-08T01:48:51.520+0000] {dagbag.py:587} INFO - Filling up the DagBag from /home/airflow/.local/lib/python3.12/site-packages/airflow/example_dags/example_workday_timetable.py
[2026-01-08T01:48:51.525+0000] {processor.py:925} INFO - DAG(s) 'example_workday_timetable' retrieved from /home/airflow/.local/lib/python3.12/site-packages/airflow/example_dags/example_workday_timetable.py
[2026-01-08T01:48:51.541+0000] {logging_mixin.py:190} INFO - [2026-01-08T01:48:51.541+0000] {dag.py:3211} INFO - Sync 1 DAGs
[2026-01-08T01:48:51.579+0000] {logging_mixin.py:190} INFO - [2026-01-08T01:48:51.579+0000] {dag.py:4138} INFO - Setting next_dagrun for example_workday_timetable to 2021-01-04 00:00:00+00:00, run_after=2021-01-05 00:00:00+00:00
[2026-01-08T01:48:51.594+0000] {processor.py:208} INFO - Processing /home/airflow/.local/lib/python3.12/site-packages/airflow/example_dags/example_workday_timetable.py took 0.083 seconds
[2026-01-08T01:49:21.861+0000] {processor.py:186} INFO - Started process (PID=199) to work on /home/airflow/.local/lib/python3.12/site-packages/airflow/example_dags/example_workday_timetable.py
[2026-01-08T01:49:21.863+0000] {processor.py:914} INFO - Processing file /home/airflow/.local/lib/python3.12/site-packages/airflow/example_dags/example_workday_timetable.py for tasks to queue
[2026-01-08T01:49:21.865+0000] {logging_mixin.py:190} INFO - [2026-01-08T01:49:21.865+0000] {dagbag.py:587} INFO - Filling up the DagBag from /home/airflow/.local/lib/python3.12/site-packages/airflow/example_dags/example_workday_timetable.py
[2026-01-08T01:49:21.870+0000] {processor.py:925} INFO - DAG(s) 'example_workday_timetable' retrieved from /home/airflow/.local/lib/python3.12/site-packages/airflow/example_dags/example_workday_timetable.py
[2026-01-08T01:49:21.886+0000] {logging_mixin.py:190} INFO - [2026-01-08T01:49:21.886+0000] {dag.py:3211} INFO - Sync 1 DAGs
[2026-01-08T01:49:21.932+0000] {logging_mixin.py:190} INFO - [2026-01-08T01:49:21.932+0000] {dag.py:4138} INFO - Setting next_dagrun for example_workday_timetable to 2021-01-04 00:00:00+00:00, run_after=2021-01-05 00:00:00+00:00
[2026-01-08T01:49:21.946+0000] {processor.py:208} INFO - Processing /home/airflow/.local/lib/python3.12/site-packages/airflow/example_dags/example_workday_timetable.py took 0.089 seconds
[2026-01-08T01:49:52.322+0000] {processor.py:186} INFO - Started process (PID=261) to work on /home/airflow/.local/lib/python3.12/site-packages/airflow/example_dags/example_workday_timetable.py
[2026-01-08T01:49:52.323+0000] {processor.py:914} INFO - Processing file /home/airflow/.local/lib/python3.12/site-packages/airflow/example_dags/example_workday_timetable.py for tasks to queue
[2026-01-08T01:49:52.325+0000] {logging_mixin.py:190} INFO - [2026-01-08T01:49:52.324+0000] {dagbag.py:587} INFO - Filling up the DagBag from /home/airflow/.local/lib/python3.12/site-packages/airflow/example_dags/example_workday_timetable.py
[2026-01-08T01:49:52.329+0000] {processor.py:925} INFO - DAG(s) 'example_workday_timetable' retrieved from /home/airflow/.local/lib/python3.12/site-packages/airflow/example_dags/example_workday_timetable.py
[2026-01-08T01:49:52.347+0000] {logging_mixin.py:190} INFO - [2026-01-08T01:49:52.347+0000] {dag.py:3211} INFO - Sync 1 DAGs
[2026-01-08T01:49:52.387+0000] {logging_mixin.py:190} INFO - [2026-01-08T01:49:52.387+0000] {dag.py:4138} INFO - Setting next_dagrun for example_workday_timetable to 2021-01-04 00:00:00+00:00, run_after=2021-01-05 00:00:00+00:00
[2026-01-08T01:49:52.402+0000] {processor.py:208} INFO - Processing /home/airflow/.local/lib/python3.12/site-packages/airflow/example_dags/example_workday_timetable.py took 0.085 seconds
[2026-01-08T01:50:22.840+0000] {processor.py:186} INFO - Started process (PID=323) to work on /home/airflow/.local/lib/python3.12/site-packages/airflow/example_dags/example_workday_timetable.py
[2026-01-08T01:50:22.842+0000] {processor.py:914} INFO - Processing file /home/airflow/.local/lib/python3.12/site-packages/airflow/example_dags/example_workday_timetable.py for tasks to queue
[2026-01-08T01:50:22.844+0000] {logging_mixin.py:190} INFO - [2026-01-08T01:50:22.843+0000] {dagbag.py:587} INFO - Filling up the DagBag from /home/airflow/.local/lib/python3.12/site-packages/airflow/example_dags/example_workday_timetable.py
[2026-01-08T01:50:22.848+0000] {processor.py:925} INFO - DAG(s) 'example_workday_timetable' retrieved from /home/airflow/.local/lib/python3.12/site-packages/airflow/example_dags/example_workday_timetable.py
[2026-01-08T01:50:22.864+0000] {logging_mixin.py:190} INFO - [2026-01-08T01:50:22.864+0000] {dag.py:3211} INFO - Sync 1 DAGs
[2026-01-08T01:50:22.900+0000] {logging_mixin.py:190} INFO - [2026-01-08T01:50:22.900+0000] {dag.py:4138} INFO - Setting next_dagrun for example_workday_timetable to 2021-01-04 00:00:00+00:00, run_after=2021-01-05 00:00:00+00:00
[2026-01-08T01:50:22.915+0000] {processor.py:208} INFO - Processing /home/airflow/.local/lib/python3.12/site-packages/airflow/example_dags/example_workday_timetable.py took 0.079 seconds
[2026-01-08T01:50:53.321+0000] {processor.py:186} INFO - Started process (PID=385) to work on /home/airflow/.local/lib/python3.12/site-packages/airflow/example_dags/example_workday_timetable.py
[2026-01-08T01:50:53.323+0000] {processor.py:914} INFO - Processing file /home/airflow/.local/lib/python3.12/site-packages/airflow/example_dags/example_workday_timetable.py for tasks to queue
[2026-01-08T01:50:53.325+0000] {logging_mixin.py:190} INFO - [2026-01-08T01:50:53.325+0000] {dagbag.py:587} INFO - Filling up the DagBag from /home/airflow/.local/lib/python3.12/site-packages/airflow/example_dags/example_workday_timetable.py
[2026-01-08T01:50:53.330+0000] {processor.py:925} INFO - DAG(s) 'example_workday_timetable' retrieved from /home/airflow/.local/lib/python3.12/site-packages/airflow/example_dags/example_workday_timetable.py
[2026-01-08T01:50:53.345+0000] {logging_mixin.py:190} INFO - [2026-01-08T01:50:53.345+0000] {dag.py:3211} INFO - Sync 1 DAGs
[2026-01-08T01:50:53.383+0000] {logging_mixin.py:190} INFO - [2026-01-08T01:50:53.383+0000] {dag.py:4138} INFO - Setting next_dagrun for example_workday_timetable to 2021-01-04 00:00:00+00:00, run_after=2021-01-05 00:00:00+00:00
[2026-01-08T01:50:53.398+0000] {processor.py:208} INFO - Processing /home/airflow/.local/lib/python3.12/site-packages/airflow/example_dags/example_workday_timetable.py took 0.081 seconds
[2026-01-08T01:51:23.809+0000] {processor.py:186} INFO - Started process (PID=447) to work on /home/airflow/.local/lib/python3.12/site-packages/airflow/example_dags/example_workday_timetable.py
[2026-01-08T01:51:23.810+0000] {processor.py:914} INFO - Processing file /home/airflow/.local/lib/python3.12/site-packages/airflow/example_dags/example_workday_timetable.py for tasks to queue
[2026-01-08T01:51:23.813+0000] {logging_mixin.py:190} INFO - [2026-01-08T01:51:23.812+0000] {dagbag.py:587} INFO - Filling up the DagBag from /home/airflow/.local/lib/python3.12/site-packages/airflow/example_dags/example_workday_timetable.py
[2026-01-08T01:51:23.817+0000] {processor.py:925} INFO - DAG(s) 'example_workday_timetable' retrieved from /home/airflow/.local/lib/python3.12/site-packages/airflow/example_dags/example_workday_timetable.py
[2026-01-08T01:51:23.834+0000] {logging_mixin.py:190} INFO - [2026-01-08T01:51:23.834+0000] {dag.py:3211} INFO - Sync 1 DAGs
[2026-01-08T01:51:23.871+0000] {logging_mixin.py:190} INFO - [2026-01-08T01:51:23.870+0000] {dag.py:4138} INFO - Setting next_dagrun for example_workday_timetable to 2021-01-04 00:00:00+00:00, run_after=2021-01-05 00:00:00+00:00
[2026-01-08T01:51:23.883+0000] {processor.py:208} INFO - Processing /home/airflow/.local/lib/python3.12/site-packages/airflow/example_dags/example_workday_timetable.py took 0.079 seconds
[2026-01-08T01:51:54.438+0000] {processor.py:186} INFO - Started process (PID=509) to work on /home/airflow/.local/lib/python3.12/site-packages/airflow/example_dags/example_workday_timetable.py
[2026-01-08T01:51:54.439+0000] {processor.py:914} INFO - Processing file /home/airflow/.local/lib/python3.12/site-packages/airflow/example_dags/example_workday_timetable.py for tasks to queue
[2026-01-08T01:51:54.442+0000] {logging_mixin.py:190} INFO - [2026-01-08T01:51:54.441+0000] {dagbag.py:587} INFO - Filling up the DagBag from /home/airflow/.local/lib/python3.12/site-packages/airflow/example_dags/example_workday_timetable.py
[2026-01-08T01:51:54.446+0000] {processor.py:925} INFO - DAG(s) 'example_workday_timetable' retrieved from /home/airflow/.local/lib/python3.12/site-packages/airflow/example_dags/example_workday_timetable.py
[2026-01-08T01:51:54.462+0000] {logging_mixin.py:190} INFO - [2026-01-08T01:51:54.462+0000] {dag.py:3211} INFO - Sync 1 DAGs
[2026-01-08T01:51:54.504+0000] {logging_mixin.py:190} INFO - [2026-01-08T01:51:54.504+0000] {dag.py:4138} INFO - Setting next_dagrun for example_workday_timetable to 2021-01-04 00:00:00+00:00, run_after=2021-01-05 00:00:00+00:00
[2026-01-08T01:51:54.518+0000] {processor.py:208} INFO - Processing /home/airflow/.local/lib/python3.12/site-packages/airflow/example_dags/example_workday_timetable.py took 0.085 seconds
[2026-01-08T01:52:25.072+0000] {processor.py:186} INFO - Started process (PID=578) to work on /home/airflow/.local/lib/python3.12/site-packages/airflow/example_dags/example_workday_timetable.py
[2026-01-08T01:52:25.074+0000] {processor.py:914} INFO - Processing file /home/airflow/.local/lib/python3.12/site-packages/airflow/example_dags/example_workday_timetable.py for tasks to queue
[2026-01-08T01:52:25.076+0000] {logging_mixin.py:190} INFO - [2026-01-08T01:52:25.076+0000] {dagbag.py:587} INFO - Filling up the DagBag from /home/airflow/.local/lib/python3.12/site-packages/airflow/example_dags/example_workday_timetable.py
[2026-01-08T01:52:25.081+0000] {processor.py:925} INFO - DAG(s) 'example_workday_timetable' retrieved from /home/airflow/.local/lib/python3.12/site-packages/airflow/example_dags/example_workday_timetable.py
[2026-01-08T01:52:25.097+0000] {logging_mixin.py:190} INFO - [2026-01-08T01:52:25.097+0000] {dag.py:3211} INFO - Sync 1 DAGs
[2026-01-08T01:52:25.132+0000] {logging_mixin.py:190} INFO - [2026-01-08T01:52:25.132+0000] {dag.py:4138} INFO - Setting next_dagrun for example_workday_timetable to 2021-01-04 00:00:00+00:00, run_after=2021-01-05 00:00:00+00:00
[2026-01-08T01:52:25.148+0000] {processor.py:208} INFO - Processing /home/airflow/.local/lib/python3.12/site-packages/airflow/example_dags/example_workday_timetable.py took 0.080 seconds
[2026-01-08T01:52:56.267+0000] {processor.py:186} INFO - Started process (PID=640) to work on /home/airflow/.local/lib/python3.12/site-packages/airflow/example_dags/example_workday_timetable.py
[2026-01-08T01:52:56.268+0000] {processor.py:914} INFO - Processing file /home/airflow/.local/lib/python3.12/site-packages/airflow/example_dags/example_workday_timetable.py for tasks to queue
[2026-01-08T01:52:56.271+0000] {logging_mixin.py:190} INFO - [2026-01-08T01:52:56.270+0000] {dagbag.py:587} INFO - Filling up the DagBag from /home/airflow/.local/lib/python3.12/site-packages/airflow/example_dags/example_workday_timetable.py
[2026-01-08T01:52:56.276+0000] {processor.py:925} INFO - DAG(s) 'example_workday_timetable' retrieved from /home/airflow/.local/lib/python3.12/site-packages/airflow/example_dags/example_workday_timetable.py
[2026-01-08T01:52:56.292+0000] {logging_mixin.py:190} INFO - [2026-01-08T01:52:56.292+0000] {dag.py:3211} INFO - Sync 1 DAGs
[2026-01-08T01:52:56.335+0000] {logging_mixin.py:190} INFO - [2026-01-08T01:52:56.335+0000] {dag.py:4138} INFO - Setting next_dagrun for example_workday_timetable to 2021-01-04 00:00:00+00:00, run_after=2021-01-05 00:00:00+00:00
[2026-01-08T01:52:56.349+0000] {processor.py:208} INFO - Processing /home/airflow/.local/lib/python3.12/site-packages/airflow/example_dags/example_workday_timetable.py took 0.087 seconds
[2026-01-08T01:53:26.842+0000] {processor.py:186} INFO - Started process (PID=703) to work on /home/airflow/.local/lib/python3.12/site-packages/airflow/example_dags/example_workday_timetable.py
[2026-01-08T01:53:26.843+0000] {processor.py:914} INFO - Processing file /home/airflow/.local/lib/python3.12/site-packages/airflow/example_dags/example_workday_timetable.py for tasks to queue
[2026-01-08T01:53:26.845+0000] {logging_mixin.py:190} INFO - [2026-01-08T01:53:26.845+0000] {dagbag.py:587} INFO - Filling up the DagBag from /home/airflow/.local/lib/python3.12/site-packages/airflow/example_dags/example_workday_timetable.py
[2026-01-08T01:53:26.850+0000] {processor.py:925} INFO - DAG(s) 'example_workday_timetable' retrieved from /home/airflow/.local/lib/python3.12/site-packages/airflow/example_dags/example_workday_timetable.py
[2026-01-08T01:53:26.866+0000] {logging_mixin.py:190} INFO - [2026-01-08T01:53:26.866+0000] {dag.py:3211} INFO - Sync 1 DAGs
[2026-01-08T01:53:26.905+0000] {logging_mixin.py:190} INFO - [2026-01-08T01:53:26.905+0000] {dag.py:4138} INFO - Setting next_dagrun for example_workday_timetable to 2021-01-04 00:00:00+00:00, run_after=2021-01-05 00:00:00+00:00
[2026-01-08T01:53:26.919+0000] {processor.py:208} INFO - Processing /home/airflow/.local/lib/python3.12/site-packages/airflow/example_dags/example_workday_timetable.py took 0.081 seconds
[2026-01-08T01:53:57.402+0000] {processor.py:186} INFO - Started process (PID=765) to work on /home/airflow/.local/lib/python3.12/site-packages/airflow/example_dags/example_workday_timetable.py
[2026-01-08T01:53:57.403+0000] {processor.py:914} INFO - Processing file /home/airflow/.local/lib/python3.12/site-packages/airflow/example_dags/example_workday_timetable.py for tasks to queue
[2026-01-08T01:53:57.405+0000] {logging_mixin.py:190} INFO - [2026-01-08T01:53:57.405+0000] {dagbag.py:587} INFO - Filling up the DagBag from /home/airflow/.local/lib/python3.12/site-packages/airflow/example_dags/example_workday_timetable.py
[2026-01-08T01:53:57.410+0000] {processor.py:925} INFO - DAG(s) 'example_workday_timetable' retrieved from /home/airflow/.local/lib/python3.12/site-packages/airflow/example_dags/example_workday_timetable.py
[2026-01-08T01:53:57.427+0000] {logging_mixin.py:190} INFO - [2026-01-08T01:53:57.427+0000] {dag.py:3211} INFO - Sync 1 DAGs
[2026-01-08T01:53:57.466+0000] {logging_mixin.py:190} INFO - [2026-01-08T01:53:57.466+0000] {dag.py:4138} INFO - Setting next_dagrun for example_workday_timetable to 2021-01-04 00:00:00+00:00, run_after=2021-01-05 00:00:00+00:00
[2026-01-08T01:53:57.481+0000] {processor.py:208} INFO - Processing /home/airflow/.local/lib/python3.12/site-packages/airflow/example_dags/example_workday_timetable.py took 0.084 seconds
[2026-01-08T01:54:27.836+0000] {processor.py:186} INFO - Started process (PID=827) to work on /home/airflow/.local/lib/python3.12/site-packages/airflow/example_dags/example_workday_timetable.py
[2026-01-08T01:54:27.838+0000] {processor.py:914} INFO - Processing file /home/airflow/.local/lib/python3.12/site-packages/airflow/example_dags/example_workday_timetable.py for tasks to queue
[2026-01-08T01:54:27.840+0000] {logging_mixin.py:190} INFO - [2026-01-08T01:54:27.840+0000] {dagbag.py:587} INFO - Filling up the DagBag from /home/airflow/.local/lib/python3.12/site-packages/airflow/example_dags/example_workday_timetable.py
[2026-01-08T01:54:27.845+0000] {processor.py:925} INFO - DAG(s) 'example_workday_timetable' retrieved from /home/airflow/.local/lib/python3.12/site-packages/airflow/example_dags/example_workday_timetable.py
[2026-01-08T01:54:27.866+0000] {logging_mixin.py:190} INFO - [2026-01-08T01:54:27.865+0000] {dag.py:3211} INFO - Sync 1 DAGs
[2026-01-08T01:54:27.918+0000] {logging_mixin.py:190} INFO - [2026-01-08T01:54:27.917+0000] {dag.py:4138} INFO - Setting next_dagrun for example_workday_timetable to 2021-01-04 00:00:00+00:00, run_after=2021-01-05 00:00:00+00:00
[2026-01-08T01:54:27.937+0000] {processor.py:208} INFO - Processing /home/airflow/.local/lib/python3.12/site-packages/airflow/example_dags/example_workday_timetable.py took 0.106 seconds
[2026-01-08T01:54:58.618+0000] {processor.py:186} INFO - Started process (PID=889) to work on /home/airflow/.local/lib/python3.12/site-packages/airflow/example_dags/example_workday_timetable.py
[2026-01-08T01:54:58.619+0000] {processor.py:914} INFO - Processing file /home/airflow/.local/lib/python3.12/site-packages/airflow/example_dags/example_workday_timetable.py for tasks to queue
[2026-01-08T01:54:58.621+0000] {logging_mixin.py:190} INFO - [2026-01-08T01:54:58.621+0000] {dagbag.py:587} INFO - Filling up the DagBag from /home/airflow/.local/lib/python3.12/site-packages/airflow/example_dags/example_workday_timetable.py
[2026-01-08T01:54:58.626+0000] {processor.py:925} INFO - DAG(s) 'example_workday_timetable' retrieved from /home/airflow/.local/lib/python3.12/site-packages/airflow/example_dags/example_workday_timetable.py
[2026-01-08T01:54:58.644+0000] {logging_mixin.py:190} INFO - [2026-01-08T01:54:58.644+0000] {dag.py:3211} INFO - Sync 1 DAGs
[2026-01-08T01:54:58.682+0000] {logging_mixin.py:190} INFO - [2026-01-08T01:54:58.682+0000] {dag.py:4138} INFO - Setting next_dagrun for example_workday_timetable to 2021-01-04 00:00:00+00:00, run_after=2021-01-05 00:00:00+00:00
[2026-01-08T01:54:58.697+0000] {processor.py:208} INFO - Processing /home/airflow/.local/lib/python3.12/site-packages/airflow/example_dags/example_workday_timetable.py took 0.084 seconds
[2026-01-08T01:55:29.070+0000] {processor.py:186} INFO - Started process (PID=951) to work on /home/airflow/.local/lib/python3.12/site-packages/airflow/example_dags/example_workday_timetable.py
[2026-01-08T01:55:29.071+0000] {processor.py:914} INFO - Processing file /home/airflow/.local/lib/python3.12/site-packages/airflow/example_dags/example_workday_timetable.py for tasks to queue
[2026-01-08T01:55:29.074+0000] {logging_mixin.py:190} INFO - [2026-01-08T01:55:29.074+0000] {dagbag.py:587} INFO - Filling up the DagBag from /home/airflow/.local/lib/python3.12/site-packages/airflow/example_dags/example_workday_timetable.py
[2026-01-08T01:55:29.078+0000] {processor.py:925} INFO - DAG(s) 'example_workday_timetable' retrieved from /home/airflow/.local/lib/python3.12/site-packages/airflow/example_dags/example_workday_timetable.py
[2026-01-08T01:55:29.096+0000] {logging_mixin.py:190} INFO - [2026-01-08T01:55:29.096+0000] {dag.py:3211} INFO - Sync 1 DAGs
[2026-01-08T01:55:29.134+0000] {logging_mixin.py:190} INFO - [2026-01-08T01:55:29.134+0000] {dag.py:4138} INFO - Setting next_dagrun for example_workday_timetable to 2021-01-04 00:00:00+00:00, run_after=2021-01-05 00:00:00+00:00
[2026-01-08T01:55:29.149+0000] {processor.py:208} INFO - Processing /home/airflow/.local/lib/python3.12/site-packages/airflow/example_dags/example_workday_timetable.py took 0.084 seconds
[2026-01-08T01:55:59.803+0000] {processor.py:186} INFO - Started process (PID=1013) to work on /home/airflow/.local/lib/python3.12/site-packages/airflow/example_dags/example_workday_timetable.py
[2026-01-08T01:55:59.804+0000] {processor.py:914} INFO - Processing file /home/airflow/.local/lib/python3.12/site-packages/airflow/example_dags/example_workday_timetable.py for tasks to queue
[2026-01-08T01:55:59.806+0000] {logging_mixin.py:190} INFO - [2026-01-08T01:55:59.806+0000] {dagbag.py:587} INFO - Filling up the DagBag from /home/airflow/.local/lib/python3.12/site-packages/airflow/example_dags/example_workday_timetable.py
[2026-01-08T01:55:59.811+0000] {processor.py:925} INFO - DAG(s) 'example_workday_timetable' retrieved from /home/airflow/.local/lib/python3.12/site-packages/airflow/example_dags/example_workday_timetable.py
[2026-01-08T01:55:59.827+0000] {logging_mixin.py:190} INFO - [2026-01-08T01:55:59.826+0000] {dag.py:3211} INFO - Sync 1 DAGs
[2026-01-08T01:55:59.866+0000] {logging_mixin.py:190} INFO - [2026-01-08T01:55:59.866+0000] {dag.py:4138} INFO - Setting next_dagrun for example_workday_timetable to 2021-01-04 00:00:00+00:00, run_after=2021-01-05 00:00:00+00:00
[2026-01-08T01:55:59.881+0000] {processor.py:208} INFO - Processing /home/airflow/.local/lib/python3.12/site-packages/airflow/example_dags/example_workday_timetable.py took 0.082 seconds
[2026-01-08T01:56:30.365+0000] {processor.py:186} INFO - Started process (PID=1075) to work on /home/airflow/.local/lib/python3.12/site-packages/airflow/example_dags/example_workday_timetable.py
[2026-01-08T01:56:30.366+0000] {processor.py:914} INFO - Processing file /home/airflow/.local/lib/python3.12/site-packages/airflow/example_dags/example_workday_timetable.py for tasks to queue
[2026-01-08T01:56:30.369+0000] {logging_mixin.py:190} INFO - [2026-01-08T01:56:30.368+0000] {dagbag.py:587} INFO - Filling up the DagBag from /home/airflow/.local/lib/python3.12/site-packages/airflow/example_dags/example_workday_timetable.py
[2026-01-08T01:56:30.373+0000] {processor.py:925} INFO - DAG(s) 'example_workday_timetable' retrieved from /home/airflow/.local/lib/python3.12/site-packages/airflow/example_dags/example_workday_timetable.py
[2026-01-08T01:56:30.390+0000] {logging_mixin.py:190} INFO - [2026-01-08T01:56:30.390+0000] {dag.py:3211} INFO - Sync 1 DAGs
[2026-01-08T01:56:30.433+0000] {logging_mixin.py:190} INFO - [2026-01-08T01:56:30.433+0000] {dag.py:4138} INFO - Setting next_dagrun for example_workday_timetable to 2021-01-04 00:00:00+00:00, run_after=2021-01-05 00:00:00+00:00
[2026-01-08T01:56:30.451+0000] {processor.py:208} INFO - Processing /home/airflow/.local/lib/python3.12/site-packages/airflow/example_dags/example_workday_timetable.py took 0.090 seconds
[2026-01-08T01:57:00.778+0000] {processor.py:186} INFO - Started process (PID=1137) to work on /home/airflow/.local/lib/python3.12/site-packages/airflow/example_dags/example_workday_timetable.py
[2026-01-08T01:57:00.780+0000] {processor.py:914} INFO - Processing file /home/airflow/.local/lib/python3.12/site-packages/airflow/example_dags/example_workday_timetable.py for tasks to queue
[2026-01-08T01:57:00.782+0000] {logging_mixin.py:190} INFO - [2026-01-08T01:57:00.782+0000] {dagbag.py:587} INFO - Filling up the DagBag from /home/airflow/.local/lib/python3.12/site-packages/airflow/example_dags/example_workday_timetable.py
[2026-01-08T01:57:00.787+0000] {processor.py:925} INFO - DAG(s) 'example_workday_timetable' retrieved from /home/airflow/.local/lib/python3.12/site-packages/airflow/example_dags/example_workday_timetable.py
[2026-01-08T01:57:00.806+0000] {logging_mixin.py:190} INFO - [2026-01-08T01:57:00.805+0000] {dag.py:3211} INFO - Sync 1 DAGs
[2026-01-08T01:57:00.850+0000] {logging_mixin.py:190} INFO - [2026-01-08T01:57:00.850+0000] {dag.py:4138} INFO - Setting next_dagrun for example_workday_timetable to 2021-01-04 00:00:00+00:00, run_after=2021-01-05 00:00:00+00:00
[2026-01-08T01:57:00.868+0000] {processor.py:208} INFO - Processing /home/airflow/.local/lib/python3.12/site-packages/airflow/example_dags/example_workday_timetable.py took 0.094 seconds
[2026-01-08T01:57:31.098+0000] {processor.py:186} INFO - Started process (PID=1199) to work on /home/airflow/.local/lib/python3.12/site-packages/airflow/example_dags/example_workday_timetable.py
[2026-01-08T01:57:31.100+0000] {processor.py:914} INFO - Processing file /home/airflow/.local/lib/python3.12/site-packages/airflow/example_dags/example_workday_timetable.py for tasks to queue
[2026-01-08T01:57:31.102+0000] {logging_mixin.py:190} INFO - [2026-01-08T01:57:31.102+0000] {dagbag.py:587} INFO - Filling up the DagBag from /home/airflow/.local/lib/python3.12/site-packages/airflow/example_dags/example_workday_timetable.py
[2026-01-08T01:57:31.107+0000] {processor.py:925} INFO - DAG(s) 'example_workday_timetable' retrieved from /home/airflow/.local/lib/python3.12/site-packages/airflow/example_dags/example_workday_timetable.py
[2026-01-08T01:57:31.124+0000] {logging_mixin.py:190} INFO - [2026-01-08T01:57:31.124+0000] {dag.py:3211} INFO - Sync 1 DAGs
[2026-01-08T01:57:31.161+0000] {logging_mixin.py:190} INFO - [2026-01-08T01:57:31.161+0000] {dag.py:4138} INFO - Setting next_dagrun for example_workday_timetable to 2021-01-04 00:00:00+00:00, run_after=2021-01-05 00:00:00+00:00
[2026-01-08T01:57:31.174+0000] {processor.py:208} INFO - Processing /home/airflow/.local/lib/python3.12/site-packages/airflow/example_dags/example_workday_timetable.py took 0.080 seconds
[2026-01-08T01:58:01.677+0000] {processor.py:186} INFO - Started process (PID=1261) to work on /home/airflow/.local/lib/python3.12/site-packages/airflow/example_dags/example_workday_timetable.py
[2026-01-08T01:58:01.678+0000] {processor.py:914} INFO - Processing file /home/airflow/.local/lib/python3.12/site-packages/airflow/example_dags/example_workday_timetable.py for tasks to queue
[2026-01-08T01:58:01.680+0000] {logging_mixin.py:190} INFO - [2026-01-08T01:58:01.680+0000] {dagbag.py:587} INFO - Filling up the DagBag from /home/airflow/.local/lib/python3.12/site-packages/airflow/example_dags/example_workday_timetable.py
[2026-01-08T01:58:01.684+0000] {processor.py:925} INFO - DAG(s) 'example_workday_timetable' retrieved from /home/airflow/.local/lib/python3.12/site-packages/airflow/example_dags/example_workday_timetable.py
[2026-01-08T01:58:01.705+0000] {logging_mixin.py:190} INFO - [2026-01-08T01:58:01.704+0000] {dag.py:3211} INFO - Sync 1 DAGs
[2026-01-08T01:58:01.744+0000] {logging_mixin.py:190} INFO - [2026-01-08T01:58:01.744+0000] {dag.py:4138} INFO - Setting next_dagrun for example_workday_timetable to 2021-01-04 00:00:00+00:00, run_after=2021-01-05 00:00:00+00:00
[2026-01-08T01:58:01.758+0000] {processor.py:208} INFO - Processing /home/airflow/.local/lib/python3.12/site-packages/airflow/example_dags/example_workday_timetable.py took 0.086 seconds
[2026-01-08T01:58:32.282+0000] {processor.py:186} INFO - Started process (PID=1324) to work on /home/airflow/.local/lib/python3.12/site-packages/airflow/example_dags/example_workday_timetable.py
[2026-01-08T01:58:32.284+0000] {processor.py:914} INFO - Processing file /home/airflow/.local/lib/python3.12/site-packages/airflow/example_dags/example_workday_timetable.py for tasks to queue
[2026-01-08T01:58:32.286+0000] {logging_mixin.py:190} INFO - [2026-01-08T01:58:32.286+0000] {dagbag.py:587} INFO - Filling up the DagBag from /home/airflow/.local/lib/python3.12/site-packages/airflow/example_dags/example_workday_timetable.py
[2026-01-08T01:58:32.290+0000] {processor.py:925} INFO - DAG(s) 'example_workday_timetable' retrieved from /home/airflow/.local/lib/python3.12/site-packages/airflow/example_dags/example_workday_timetable.py
[2026-01-08T01:58:32.305+0000] {logging_mixin.py:190} INFO - [2026-01-08T01:58:32.305+0000] {dag.py:3211} INFO - Sync 1 DAGs
[2026-01-08T01:58:32.343+0000] {logging_mixin.py:190} INFO - [2026-01-08T01:58:32.342+0000] {dag.py:4138} INFO - Setting next_dagrun for example_workday_timetable to 2021-01-04 00:00:00+00:00, run_after=2021-01-05 00:00:00+00:00
[2026-01-08T01:58:32.357+0000] {processor.py:208} INFO - Processing /home/airflow/.local/lib/python3.12/site-packages/airflow/example_dags/example_workday_timetable.py took 0.079 seconds
[2026-01-08T01:59:02.539+0000] {processor.py:186} INFO - Started process (PID=1387) to work on /home/airflow/.local/lib/python3.12/site-packages/airflow/example_dags/example_workday_timetable.py
[2026-01-08T01:59:02.540+0000] {processor.py:914} INFO - Processing file /home/airflow/.local/lib/python3.12/site-packages/airflow/example_dags/example_workday_timetable.py for tasks to queue
[2026-01-08T01:59:02.542+0000] {logging_mixin.py:190} INFO - [2026-01-08T01:59:02.542+0000] {dagbag.py:587} INFO - Filling up the DagBag from /home/airflow/.local/lib/python3.12/site-packages/airflow/example_dags/example_workday_timetable.py
[2026-01-08T01:59:02.547+0000] {processor.py:925} INFO - DAG(s) 'example_workday_timetable' retrieved from /home/airflow/.local/lib/python3.12/site-packages/airflow/example_dags/example_workday_timetable.py
[2026-01-08T01:59:02.564+0000] {logging_mixin.py:190} INFO - [2026-01-08T01:59:02.563+0000] {dag.py:3211} INFO - Sync 1 DAGs
[2026-01-08T01:59:02.603+0000] {logging_mixin.py:190} INFO - [2026-01-08T01:59:02.603+0000] {dag.py:4138} INFO - Setting next_dagrun for example_workday_timetable to 2021-01-04 00:00:00+00:00, run_after=2021-01-05 00:00:00+00:00
[2026-01-08T01:59:02.617+0000] {processor.py:208} INFO - Processing /home/airflow/.local/lib/python3.12/site-packages/airflow/example_dags/example_workday_timetable.py took 0.082 seconds
[2026-01-08T01:59:32.924+0000] {processor.py:186} INFO - Started process (PID=1450) to work on /home/airflow/.local/lib/python3.12/site-packages/airflow/example_dags/example_workday_timetable.py
[2026-01-08T01:59:32.925+0000] {processor.py:914} INFO - Processing file /home/airflow/.local/lib/python3.12/site-packages/airflow/example_dags/example_workday_timetable.py for tasks to queue
[2026-01-08T01:59:32.928+0000] {logging_mixin.py:190} INFO - [2026-01-08T01:59:32.928+0000] {dagbag.py:587} INFO - Filling up the DagBag from /home/airflow/.local/lib/python3.12/site-packages/airflow/example_dags/example_workday_timetable.py
[2026-01-08T01:59:32.932+0000] {processor.py:925} INFO - DAG(s) 'example_workday_timetable' retrieved from /home/airflow/.local/lib/python3.12/site-packages/airflow/example_dags/example_workday_timetable.py
[2026-01-08T01:59:32.949+0000] {logging_mixin.py:190} INFO - [2026-01-08T01:59:32.949+0000] {dag.py:3211} INFO - Sync 1 DAGs
[2026-01-08T01:59:32.989+0000] {logging_mixin.py:190} INFO - [2026-01-08T01:59:32.989+0000] {dag.py:4138} INFO - Setting next_dagrun for example_workday_timetable to 2021-01-04 00:00:00+00:00, run_after=2021-01-05 00:00:00+00:00
[2026-01-08T01:59:33.003+0000] {processor.py:208} INFO - Processing /home/airflow/.local/lib/python3.12/site-packages/airflow/example_dags/example_workday_timetable.py took 0.083 seconds
[2026-01-08T02:00:03.254+0000] {processor.py:186} INFO - Started process (PID=1513) to work on /home/airflow/.local/lib/python3.12/site-packages/airflow/example_dags/example_workday_timetable.py
[2026-01-08T02:00:03.256+0000] {processor.py:914} INFO - Processing file /home/airflow/.local/lib/python3.12/site-packages/airflow/example_dags/example_workday_timetable.py for tasks to queue
[2026-01-08T02:00:03.258+0000] {logging_mixin.py:190} INFO - [2026-01-08T02:00:03.258+0000] {dagbag.py:587} INFO - Filling up the DagBag from /home/airflow/.local/lib/python3.12/site-packages/airflow/example_dags/example_workday_timetable.py
[2026-01-08T02:00:03.263+0000] {processor.py:925} INFO - DAG(s) 'example_workday_timetable' retrieved from /home/airflow/.local/lib/python3.12/site-packages/airflow/example_dags/example_workday_timetable.py
[2026-01-08T02:00:03.278+0000] {logging_mixin.py:190} INFO - [2026-01-08T02:00:03.278+0000] {dag.py:3211} INFO - Sync 1 DAGs
[2026-01-08T02:00:03.322+0000] {logging_mixin.py:190} INFO - [2026-01-08T02:00:03.322+0000] {dag.py:4138} INFO - Setting next_dagrun for example_workday_timetable to 2021-01-04 00:00:00+00:00, run_after=2021-01-05 00:00:00+00:00
[2026-01-08T02:00:03.338+0000] {processor.py:208} INFO - Processing /home/airflow/.local/lib/python3.12/site-packages/airflow/example_dags/example_workday_timetable.py took 0.089 seconds
[2026-01-08T02:00:34.116+0000] {processor.py:186} INFO - Started process (PID=1576) to work on /home/airflow/.local/lib/python3.12/site-packages/airflow/example_dags/example_workday_timetable.py
[2026-01-08T02:00:34.118+0000] {processor.py:914} INFO - Processing file /home/airflow/.local/lib/python3.12/site-packages/airflow/example_dags/example_workday_timetable.py for tasks to queue
[2026-01-08T02:00:34.120+0000] {logging_mixin.py:190} INFO - [2026-01-08T02:00:34.120+0000] {dagbag.py:587} INFO - Filling up the DagBag from /home/airflow/.local/lib/python3.12/site-packages/airflow/example_dags/example_workday_timetable.py
[2026-01-08T02:00:34.125+0000] {processor.py:925} INFO - DAG(s) 'example_workday_timetable' retrieved from /home/airflow/.local/lib/python3.12/site-packages/airflow/example_dags/example_workday_timetable.py
[2026-01-08T02:00:34.141+0000] {logging_mixin.py:190} INFO - [2026-01-08T02:00:34.140+0000] {dag.py:3211} INFO - Sync 1 DAGs
[2026-01-08T02:00:34.178+0000] {logging_mixin.py:190} INFO - [2026-01-08T02:00:34.178+0000] {dag.py:4138} INFO - Setting next_dagrun for example_workday_timetable to 2021-01-04 00:00:00+00:00, run_after=2021-01-05 00:00:00+00:00
[2026-01-08T02:00:34.192+0000] {processor.py:208} INFO - Processing /home/airflow/.local/lib/python3.12/site-packages/airflow/example_dags/example_workday_timetable.py took 0.080 seconds
[2026-01-08T02:01:04.561+0000] {processor.py:186} INFO - Started process (PID=1639) to work on /home/airflow/.local/lib/python3.12/site-packages/airflow/example_dags/example_workday_timetable.py
[2026-01-08T02:01:04.562+0000] {processor.py:914} INFO - Processing file /home/airflow/.local/lib/python3.12/site-packages/airflow/example_dags/example_workday_timetable.py for tasks to queue
[2026-01-08T02:01:04.565+0000] {logging_mixin.py:190} INFO - [2026-01-08T02:01:04.565+0000] {dagbag.py:587} INFO - Filling up the DagBag from /home/airflow/.local/lib/python3.12/site-packages/airflow/example_dags/example_workday_timetable.py
[2026-01-08T02:01:04.571+0000] {processor.py:925} INFO - DAG(s) 'example_workday_timetable' retrieved from /home/airflow/.local/lib/python3.12/site-packages/airflow/example_dags/example_workday_timetable.py
[2026-01-08T02:01:04.593+0000] {logging_mixin.py:190} INFO - [2026-01-08T02:01:04.593+0000] {dag.py:3211} INFO - Sync 1 DAGs
[2026-01-08T02:01:04.641+0000] {logging_mixin.py:190} INFO - [2026-01-08T02:01:04.641+0000] {dag.py:4138} INFO - Setting next_dagrun for example_workday_timetable to 2021-01-04 00:00:00+00:00, run_after=2021-01-05 00:00:00+00:00
[2026-01-08T02:01:04.659+0000] {processor.py:208} INFO - Processing /home/airflow/.local/lib/python3.12/site-packages/airflow/example_dags/example_workday_timetable.py took 0.103 seconds
[2026-01-08T02:01:35.267+0000] {processor.py:186} INFO - Started process (PID=1702) to work on /home/airflow/.local/lib/python3.12/site-packages/airflow/example_dags/example_workday_timetable.py
[2026-01-08T02:01:35.269+0000] {processor.py:914} INFO - Processing file /home/airflow/.local/lib/python3.12/site-packages/airflow/example_dags/example_workday_timetable.py for tasks to queue
[2026-01-08T02:01:35.271+0000] {logging_mixin.py:190} INFO - [2026-01-08T02:01:35.271+0000] {dagbag.py:587} INFO - Filling up the DagBag from /home/airflow/.local/lib/python3.12/site-packages/airflow/example_dags/example_workday_timetable.py
[2026-01-08T02:01:35.276+0000] {processor.py:925} INFO - DAG(s) 'example_workday_timetable' retrieved from /home/airflow/.local/lib/python3.12/site-packages/airflow/example_dags/example_workday_timetable.py
[2026-01-08T02:01:35.294+0000] {logging_mixin.py:190} INFO - [2026-01-08T02:01:35.293+0000] {dag.py:3211} INFO - Sync 1 DAGs
[2026-01-08T02:01:35.338+0000] {logging_mixin.py:190} INFO - [2026-01-08T02:01:35.338+0000] {dag.py:4138} INFO - Setting next_dagrun for example_workday_timetable to 2021-01-04 00:00:00+00:00, run_after=2021-01-05 00:00:00+00:00
[2026-01-08T02:01:35.353+0000] {processor.py:208} INFO - Processing /home/airflow/.local/lib/python3.12/site-packages/airflow/example_dags/example_workday_timetable.py took 0.090 seconds
[2026-01-08T02:02:06.260+0000] {processor.py:186} INFO - Started process (PID=1765) to work on /home/airflow/.local/lib/python3.12/site-packages/airflow/example_dags/example_workday_timetable.py
[2026-01-08T02:02:06.261+0000] {processor.py:914} INFO - Processing file /home/airflow/.local/lib/python3.12/site-packages/airflow/example_dags/example_workday_timetable.py for tasks to queue
[2026-01-08T02:02:06.264+0000] {logging_mixin.py:190} INFO - [2026-01-08T02:02:06.263+0000] {dagbag.py:587} INFO - Filling up the DagBag from /home/airflow/.local/lib/python3.12/site-packages/airflow/example_dags/example_workday_timetable.py
[2026-01-08T02:02:06.269+0000] {processor.py:925} INFO - DAG(s) 'example_workday_timetable' retrieved from /home/airflow/.local/lib/python3.12/site-packages/airflow/example_dags/example_workday_timetable.py
[2026-01-08T02:02:06.288+0000] {logging_mixin.py:190} INFO - [2026-01-08T02:02:06.288+0000] {dag.py:3211} INFO - Sync 1 DAGs
[2026-01-08T02:02:06.329+0000] {logging_mixin.py:190} INFO - [2026-01-08T02:02:06.329+0000] {dag.py:4138} INFO - Setting next_dagrun for example_workday_timetable to 2021-01-04 00:00:00+00:00, run_after=2021-01-05 00:00:00+00:00
[2026-01-08T02:02:06.345+0000] {processor.py:208} INFO - Processing /home/airflow/.local/lib/python3.12/site-packages/airflow/example_dags/example_workday_timetable.py took 0.092 seconds
[2026-01-08T02:02:36.470+0000] {processor.py:186} INFO - Started process (PID=1828) to work on /home/airflow/.local/lib/python3.12/site-packages/airflow/example_dags/example_workday_timetable.py
[2026-01-08T02:02:36.471+0000] {processor.py:914} INFO - Processing file /home/airflow/.local/lib/python3.12/site-packages/airflow/example_dags/example_workday_timetable.py for tasks to queue
[2026-01-08T02:02:36.474+0000] {logging_mixin.py:190} INFO - [2026-01-08T02:02:36.473+0000] {dagbag.py:587} INFO - Filling up the DagBag from /home/airflow/.local/lib/python3.12/site-packages/airflow/example_dags/example_workday_timetable.py
[2026-01-08T02:02:36.478+0000] {processor.py:925} INFO - DAG(s) 'example_workday_timetable' retrieved from /home/airflow/.local/lib/python3.12/site-packages/airflow/example_dags/example_workday_timetable.py
[2026-01-08T02:02:36.495+0000] {logging_mixin.py:190} INFO - [2026-01-08T02:02:36.494+0000] {dag.py:3211} INFO - Sync 1 DAGs
[2026-01-08T02:02:36.533+0000] {logging_mixin.py:190} INFO - [2026-01-08T02:02:36.533+0000] {dag.py:4138} INFO - Setting next_dagrun for example_workday_timetable to 2021-01-04 00:00:00+00:00, run_after=2021-01-05 00:00:00+00:00
[2026-01-08T02:02:36.548+0000] {processor.py:208} INFO - Processing /home/airflow/.local/lib/python3.12/site-packages/airflow/example_dags/example_workday_timetable.py took 0.083 seconds
[2026-01-08T02:03:07.331+0000] {processor.py:186} INFO - Started process (PID=1891) to work on /home/airflow/.local/lib/python3.12/site-packages/airflow/example_dags/example_workday_timetable.py
[2026-01-08T02:03:07.333+0000] {processor.py:914} INFO - Processing file /home/airflow/.local/lib/python3.12/site-packages/airflow/example_dags/example_workday_timetable.py for tasks to queue
[2026-01-08T02:03:07.335+0000] {logging_mixin.py:190} INFO - [2026-01-08T02:03:07.335+0000] {dagbag.py:587} INFO - Filling up the DagBag from /home/airflow/.local/lib/python3.12/site-packages/airflow/example_dags/example_workday_timetable.py
[2026-01-08T02:03:07.341+0000] {processor.py:925} INFO - DAG(s) 'example_workday_timetable' retrieved from /home/airflow/.local/lib/python3.12/site-packages/airflow/example_dags/example_workday_timetable.py
[2026-01-08T02:03:07.359+0000] {logging_mixin.py:190} INFO - [2026-01-08T02:03:07.359+0000] {dag.py:3211} INFO - Sync 1 DAGs
[2026-01-08T02:03:07.399+0000] {logging_mixin.py:190} INFO - [2026-01-08T02:03:07.399+0000] {dag.py:4138} INFO - Setting next_dagrun for example_workday_timetable to 2021-01-04 00:00:00+00:00, run_after=2021-01-05 00:00:00+00:00
[2026-01-08T02:03:07.422+0000] {processor.py:208} INFO - Processing /home/airflow/.local/lib/python3.12/site-packages/airflow/example_dags/example_workday_timetable.py took 0.095 seconds
[2026-01-08T02:03:37.653+0000] {processor.py:186} INFO - Started process (PID=1955) to work on /home/airflow/.local/lib/python3.12/site-packages/airflow/example_dags/example_workday_timetable.py
[2026-01-08T02:03:37.654+0000] {processor.py:914} INFO - Processing file /home/airflow/.local/lib/python3.12/site-packages/airflow/example_dags/example_workday_timetable.py for tasks to queue
[2026-01-08T02:03:37.656+0000] {logging_mixin.py:190} INFO - [2026-01-08T02:03:37.656+0000] {dagbag.py:587} INFO - Filling up the DagBag from /home/airflow/.local/lib/python3.12/site-packages/airflow/example_dags/example_workday_timetable.py
[2026-01-08T02:03:37.662+0000] {processor.py:925} INFO - DAG(s) 'example_workday_timetable' retrieved from /home/airflow/.local/lib/python3.12/site-packages/airflow/example_dags/example_workday_timetable.py
[2026-01-08T02:03:37.679+0000] {logging_mixin.py:190} INFO - [2026-01-08T02:03:37.679+0000] {dag.py:3211} INFO - Sync 1 DAGs
[2026-01-08T02:03:37.719+0000] {logging_mixin.py:190} INFO - [2026-01-08T02:03:37.719+0000] {dag.py:4138} INFO - Setting next_dagrun for example_workday_timetable to 2021-01-04 00:00:00+00:00, run_after=2021-01-05 00:00:00+00:00
[2026-01-08T02:03:37.735+0000] {processor.py:208} INFO - Processing /home/airflow/.local/lib/python3.12/site-packages/airflow/example_dags/example_workday_timetable.py took 0.086 seconds
[2026-01-08T02:04:08.006+0000] {processor.py:186} INFO - Started process (PID=2018) to work on /home/airflow/.local/lib/python3.12/site-packages/airflow/example_dags/example_workday_timetable.py
[2026-01-08T02:04:08.008+0000] {processor.py:914} INFO - Processing file /home/airflow/.local/lib/python3.12/site-packages/airflow/example_dags/example_workday_timetable.py for tasks to queue
[2026-01-08T02:04:08.010+0000] {logging_mixin.py:190} INFO - [2026-01-08T02:04:08.010+0000] {dagbag.py:587} INFO - Filling up the DagBag from /home/airflow/.local/lib/python3.12/site-packages/airflow/example_dags/example_workday_timetable.py
[2026-01-08T02:04:08.015+0000] {processor.py:925} INFO - DAG(s) 'example_workday_timetable' retrieved from /home/airflow/.local/lib/python3.12/site-packages/airflow/example_dags/example_workday_timetable.py
[2026-01-08T02:04:08.033+0000] {logging_mixin.py:190} INFO - [2026-01-08T02:04:08.033+0000] {dag.py:3211} INFO - Sync 1 DAGs
[2026-01-08T02:04:08.077+0000] {logging_mixin.py:190} INFO - [2026-01-08T02:04:08.076+0000] {dag.py:4138} INFO - Setting next_dagrun for example_workday_timetable to 2021-01-04 00:00:00+00:00, run_after=2021-01-05 00:00:00+00:00
[2026-01-08T02:04:08.092+0000] {processor.py:208} INFO - Processing /home/airflow/.local/lib/python3.12/site-packages/airflow/example_dags/example_workday_timetable.py took 0.090 seconds
[2026-01-08T02:04:38.318+0000] {processor.py:186} INFO - Started process (PID=2081) to work on /home/airflow/.local/lib/python3.12/site-packages/airflow/example_dags/example_workday_timetable.py
[2026-01-08T02:04:38.319+0000] {processor.py:914} INFO - Processing file /home/airflow/.local/lib/python3.12/site-packages/airflow/example_dags/example_workday_timetable.py for tasks to queue
[2026-01-08T02:04:38.322+0000] {logging_mixin.py:190} INFO - [2026-01-08T02:04:38.321+0000] {dagbag.py:587} INFO - Filling up the DagBag from /home/airflow/.local/lib/python3.12/site-packages/airflow/example_dags/example_workday_timetable.py
[2026-01-08T02:04:38.330+0000] {processor.py:925} INFO - DAG(s) 'example_workday_timetable' retrieved from /home/airflow/.local/lib/python3.12/site-packages/airflow/example_dags/example_workday_timetable.py
[2026-01-08T02:04:38.352+0000] {logging_mixin.py:190} INFO - [2026-01-08T02:04:38.351+0000] {dag.py:3211} INFO - Sync 1 DAGs
[2026-01-08T02:04:38.411+0000] {logging_mixin.py:190} INFO - [2026-01-08T02:04:38.411+0000] {dag.py:4138} INFO - Setting next_dagrun for example_workday_timetable to 2021-01-04 00:00:00+00:00, run_after=2021-01-05 00:00:00+00:00
[2026-01-08T02:04:38.434+0000] {processor.py:208} INFO - Processing /home/airflow/.local/lib/python3.12/site-packages/airflow/example_dags/example_workday_timetable.py took 0.122 seconds
[2026-01-08T02:05:08.506+0000] {processor.py:186} INFO - Started process (PID=2145) to work on /home/airflow/.local/lib/python3.12/site-packages/airflow/example_dags/example_workday_timetable.py
[2026-01-08T02:05:08.507+0000] {processor.py:914} INFO - Processing file /home/airflow/.local/lib/python3.12/site-packages/airflow/example_dags/example_workday_timetable.py for tasks to queue
[2026-01-08T02:05:08.509+0000] {logging_mixin.py:190} INFO - [2026-01-08T02:05:08.509+0000] {dagbag.py:587} INFO - Filling up the DagBag from /home/airflow/.local/lib/python3.12/site-packages/airflow/example_dags/example_workday_timetable.py
[2026-01-08T02:05:08.514+0000] {processor.py:925} INFO - DAG(s) 'example_workday_timetable' retrieved from /home/airflow/.local/lib/python3.12/site-packages/airflow/example_dags/example_workday_timetable.py
[2026-01-08T02:05:08.532+0000] {logging_mixin.py:190} INFO - [2026-01-08T02:05:08.532+0000] {dag.py:3211} INFO - Sync 1 DAGs
[2026-01-08T02:05:08.570+0000] {logging_mixin.py:190} INFO - [2026-01-08T02:05:08.570+0000] {dag.py:4138} INFO - Setting next_dagrun for example_workday_timetable to 2021-01-04 00:00:00+00:00, run_after=2021-01-05 00:00:00+00:00
[2026-01-08T02:05:08.588+0000] {processor.py:208} INFO - Processing /home/airflow/.local/lib/python3.12/site-packages/airflow/example_dags/example_workday_timetable.py took 0.087 seconds
[2026-01-08T02:05:38.808+0000] {processor.py:186} INFO - Started process (PID=2207) to work on /home/airflow/.local/lib/python3.12/site-packages/airflow/example_dags/example_workday_timetable.py
[2026-01-08T02:05:38.809+0000] {processor.py:914} INFO - Processing file /home/airflow/.local/lib/python3.12/site-packages/airflow/example_dags/example_workday_timetable.py for tasks to queue
[2026-01-08T02:05:38.812+0000] {logging_mixin.py:190} INFO - [2026-01-08T02:05:38.811+0000] {dagbag.py:587} INFO - Filling up the DagBag from /home/airflow/.local/lib/python3.12/site-packages/airflow/example_dags/example_workday_timetable.py
[2026-01-08T02:05:38.817+0000] {processor.py:925} INFO - DAG(s) 'example_workday_timetable' retrieved from /home/airflow/.local/lib/python3.12/site-packages/airflow/example_dags/example_workday_timetable.py
[2026-01-08T02:05:38.835+0000] {logging_mixin.py:190} INFO - [2026-01-08T02:05:38.835+0000] {dag.py:3211} INFO - Sync 1 DAGs
[2026-01-08T02:05:38.872+0000] {logging_mixin.py:190} INFO - [2026-01-08T02:05:38.872+0000] {dag.py:4138} INFO - Setting next_dagrun for example_workday_timetable to 2021-01-04 00:00:00+00:00, run_after=2021-01-05 00:00:00+00:00
[2026-01-08T02:05:38.886+0000] {processor.py:208} INFO - Processing /home/airflow/.local/lib/python3.12/site-packages/airflow/example_dags/example_workday_timetable.py took 0.082 seconds
[2026-01-08T02:06:09.129+0000] {processor.py:186} INFO - Started process (PID=2270) to work on /home/airflow/.local/lib/python3.12/site-packages/airflow/example_dags/example_workday_timetable.py
[2026-01-08T02:06:09.131+0000] {processor.py:914} INFO - Processing file /home/airflow/.local/lib/python3.12/site-packages/airflow/example_dags/example_workday_timetable.py for tasks to queue
[2026-01-08T02:06:09.133+0000] {logging_mixin.py:190} INFO - [2026-01-08T02:06:09.133+0000] {dagbag.py:587} INFO - Filling up the DagBag from /home/airflow/.local/lib/python3.12/site-packages/airflow/example_dags/example_workday_timetable.py
[2026-01-08T02:06:09.138+0000] {processor.py:925} INFO - DAG(s) 'example_workday_timetable' retrieved from /home/airflow/.local/lib/python3.12/site-packages/airflow/example_dags/example_workday_timetable.py
[2026-01-08T02:06:09.154+0000] {logging_mixin.py:190} INFO - [2026-01-08T02:06:09.154+0000] {dag.py:3211} INFO - Sync 1 DAGs
[2026-01-08T02:06:09.191+0000] {logging_mixin.py:190} INFO - [2026-01-08T02:06:09.191+0000] {dag.py:4138} INFO - Setting next_dagrun for example_workday_timetable to 2021-01-04 00:00:00+00:00, run_after=2021-01-05 00:00:00+00:00
[2026-01-08T02:06:09.205+0000] {processor.py:208} INFO - Processing /home/airflow/.local/lib/python3.12/site-packages/airflow/example_dags/example_workday_timetable.py took 0.080 seconds
[2026-01-08T02:06:39.624+0000] {processor.py:186} INFO - Started process (PID=2333) to work on /home/airflow/.local/lib/python3.12/site-packages/airflow/example_dags/example_workday_timetable.py
[2026-01-08T02:06:39.626+0000] {processor.py:914} INFO - Processing file /home/airflow/.local/lib/python3.12/site-packages/airflow/example_dags/example_workday_timetable.py for tasks to queue
[2026-01-08T02:06:39.628+0000] {logging_mixin.py:190} INFO - [2026-01-08T02:06:39.628+0000] {dagbag.py:587} INFO - Filling up the DagBag from /home/airflow/.local/lib/python3.12/site-packages/airflow/example_dags/example_workday_timetable.py
[2026-01-08T02:06:39.634+0000] {processor.py:925} INFO - DAG(s) 'example_workday_timetable' retrieved from /home/airflow/.local/lib/python3.12/site-packages/airflow/example_dags/example_workday_timetable.py
[2026-01-08T02:06:39.651+0000] {logging_mixin.py:190} INFO - [2026-01-08T02:06:39.651+0000] {dag.py:3211} INFO - Sync 1 DAGs
[2026-01-08T02:06:39.690+0000] {logging_mixin.py:190} INFO - [2026-01-08T02:06:39.689+0000] {dag.py:4138} INFO - Setting next_dagrun for example_workday_timetable to 2021-01-04 00:00:00+00:00, run_after=2021-01-05 00:00:00+00:00
[2026-01-08T02:06:39.707+0000] {processor.py:208} INFO - Processing /home/airflow/.local/lib/python3.12/site-packages/airflow/example_dags/example_workday_timetable.py took 0.087 seconds
[2026-01-08T02:07:09.970+0000] {processor.py:186} INFO - Started process (PID=2396) to work on /home/airflow/.local/lib/python3.12/site-packages/airflow/example_dags/example_workday_timetable.py
[2026-01-08T02:07:09.972+0000] {processor.py:914} INFO - Processing file /home/airflow/.local/lib/python3.12/site-packages/airflow/example_dags/example_workday_timetable.py for tasks to queue
[2026-01-08T02:07:09.974+0000] {logging_mixin.py:190} INFO - [2026-01-08T02:07:09.974+0000] {dagbag.py:587} INFO - Filling up the DagBag from /home/airflow/.local/lib/python3.12/site-packages/airflow/example_dags/example_workday_timetable.py
[2026-01-08T02:07:09.979+0000] {processor.py:925} INFO - DAG(s) 'example_workday_timetable' retrieved from /home/airflow/.local/lib/python3.12/site-packages/airflow/example_dags/example_workday_timetable.py
[2026-01-08T02:07:09.995+0000] {logging_mixin.py:190} INFO - [2026-01-08T02:07:09.995+0000] {dag.py:3211} INFO - Sync 1 DAGs
[2026-01-08T02:07:10.033+0000] {logging_mixin.py:190} INFO - [2026-01-08T02:07:10.032+0000] {dag.py:4138} INFO - Setting next_dagrun for example_workday_timetable to 2021-01-04 00:00:00+00:00, run_after=2021-01-05 00:00:00+00:00
[2026-01-08T02:07:10.050+0000] {processor.py:208} INFO - Processing /home/airflow/.local/lib/python3.12/site-packages/airflow/example_dags/example_workday_timetable.py took 0.084 seconds
[2026-01-08T02:07:40.333+0000] {processor.py:186} INFO - Started process (PID=2459) to work on /home/airflow/.local/lib/python3.12/site-packages/airflow/example_dags/example_workday_timetable.py
[2026-01-08T02:07:40.335+0000] {processor.py:914} INFO - Processing file /home/airflow/.local/lib/python3.12/site-packages/airflow/example_dags/example_workday_timetable.py for tasks to queue
[2026-01-08T02:07:40.338+0000] {logging_mixin.py:190} INFO - [2026-01-08T02:07:40.338+0000] {dagbag.py:587} INFO - Filling up the DagBag from /home/airflow/.local/lib/python3.12/site-packages/airflow/example_dags/example_workday_timetable.py
[2026-01-08T02:07:40.343+0000] {processor.py:925} INFO - DAG(s) 'example_workday_timetable' retrieved from /home/airflow/.local/lib/python3.12/site-packages/airflow/example_dags/example_workday_timetable.py
[2026-01-08T02:07:40.359+0000] {logging_mixin.py:190} INFO - [2026-01-08T02:07:40.359+0000] {dag.py:3211} INFO - Sync 1 DAGs
[2026-01-08T02:07:40.396+0000] {logging_mixin.py:190} INFO - [2026-01-08T02:07:40.396+0000] {dag.py:4138} INFO - Setting next_dagrun for example_workday_timetable to 2021-01-04 00:00:00+00:00, run_after=2021-01-05 00:00:00+00:00
[2026-01-08T02:07:40.410+0000] {processor.py:208} INFO - Processing /home/airflow/.local/lib/python3.12/site-packages/airflow/example_dags/example_workday_timetable.py took 0.081 seconds
[2026-01-08T02:08:10.715+0000] {processor.py:186} INFO - Started process (PID=2522) to work on /home/airflow/.local/lib/python3.12/site-packages/airflow/example_dags/example_workday_timetable.py
[2026-01-08T02:08:10.717+0000] {processor.py:914} INFO - Processing file /home/airflow/.local/lib/python3.12/site-packages/airflow/example_dags/example_workday_timetable.py for tasks to queue
[2026-01-08T02:08:10.720+0000] {logging_mixin.py:190} INFO - [2026-01-08T02:08:10.719+0000] {dagbag.py:587} INFO - Filling up the DagBag from /home/airflow/.local/lib/python3.12/site-packages/airflow/example_dags/example_workday_timetable.py
[2026-01-08T02:08:10.725+0000] {processor.py:925} INFO - DAG(s) 'example_workday_timetable' retrieved from /home/airflow/.local/lib/python3.12/site-packages/airflow/example_dags/example_workday_timetable.py
[2026-01-08T02:08:10.744+0000] {logging_mixin.py:190} INFO - [2026-01-08T02:08:10.744+0000] {dag.py:3211} INFO - Sync 1 DAGs
[2026-01-08T02:08:10.782+0000] {logging_mixin.py:190} INFO - [2026-01-08T02:08:10.781+0000] {dag.py:4138} INFO - Setting next_dagrun for example_workday_timetable to 2021-01-04 00:00:00+00:00, run_after=2021-01-05 00:00:00+00:00
[2026-01-08T02:08:10.797+0000] {processor.py:208} INFO - Processing /home/airflow/.local/lib/python3.12/site-packages/airflow/example_dags/example_workday_timetable.py took 0.086 seconds
[2026-01-08T02:08:40.923+0000] {processor.py:186} INFO - Started process (PID=2585) to work on /home/airflow/.local/lib/python3.12/site-packages/airflow/example_dags/example_workday_timetable.py
[2026-01-08T02:08:40.925+0000] {processor.py:914} INFO - Processing file /home/airflow/.local/lib/python3.12/site-packages/airflow/example_dags/example_workday_timetable.py for tasks to queue
[2026-01-08T02:08:40.927+0000] {logging_mixin.py:190} INFO - [2026-01-08T02:08:40.927+0000] {dagbag.py:587} INFO - Filling up the DagBag from /home/airflow/.local/lib/python3.12/site-packages/airflow/example_dags/example_workday_timetable.py
[2026-01-08T02:08:40.932+0000] {processor.py:925} INFO - DAG(s) 'example_workday_timetable' retrieved from /home/airflow/.local/lib/python3.12/site-packages/airflow/example_dags/example_workday_timetable.py
[2026-01-08T02:08:40.953+0000] {logging_mixin.py:190} INFO - [2026-01-08T02:08:40.953+0000] {dag.py:3211} INFO - Sync 1 DAGs
[2026-01-08T02:08:40.995+0000] {logging_mixin.py:190} INFO - [2026-01-08T02:08:40.995+0000] {dag.py:4138} INFO - Setting next_dagrun for example_workday_timetable to 2021-01-04 00:00:00+00:00, run_after=2021-01-05 00:00:00+00:00
[2026-01-08T02:08:41.015+0000] {processor.py:208} INFO - Processing /home/airflow/.local/lib/python3.12/site-packages/airflow/example_dags/example_workday_timetable.py took 0.096 seconds
[2026-01-08T02:09:11.195+0000] {processor.py:186} INFO - Started process (PID=2648) to work on /home/airflow/.local/lib/python3.12/site-packages/airflow/example_dags/example_workday_timetable.py
[2026-01-08T02:09:11.196+0000] {processor.py:914} INFO - Processing file /home/airflow/.local/lib/python3.12/site-packages/airflow/example_dags/example_workday_timetable.py for tasks to queue
[2026-01-08T02:09:11.199+0000] {logging_mixin.py:190} INFO - [2026-01-08T02:09:11.199+0000] {dagbag.py:587} INFO - Filling up the DagBag from /home/airflow/.local/lib/python3.12/site-packages/airflow/example_dags/example_workday_timetable.py
[2026-01-08T02:09:11.206+0000] {processor.py:925} INFO - DAG(s) 'example_workday_timetable' retrieved from /home/airflow/.local/lib/python3.12/site-packages/airflow/example_dags/example_workday_timetable.py
[2026-01-08T02:09:11.224+0000] {logging_mixin.py:190} INFO - [2026-01-08T02:09:11.224+0000] {dag.py:3211} INFO - Sync 1 DAGs
[2026-01-08T02:09:11.266+0000] {logging_mixin.py:190} INFO - [2026-01-08T02:09:11.266+0000] {dag.py:4138} INFO - Setting next_dagrun for example_workday_timetable to 2021-01-04 00:00:00+00:00, run_after=2021-01-05 00:00:00+00:00
[2026-01-08T02:09:11.281+0000] {processor.py:208} INFO - Processing /home/airflow/.local/lib/python3.12/site-packages/airflow/example_dags/example_workday_timetable.py took 0.094 seconds
[2026-01-08T02:09:41.647+0000] {processor.py:186} INFO - Started process (PID=2711) to work on /home/airflow/.local/lib/python3.12/site-packages/airflow/example_dags/example_workday_timetable.py
[2026-01-08T02:09:41.648+0000] {processor.py:914} INFO - Processing file /home/airflow/.local/lib/python3.12/site-packages/airflow/example_dags/example_workday_timetable.py for tasks to queue
[2026-01-08T02:09:41.650+0000] {logging_mixin.py:190} INFO - [2026-01-08T02:09:41.650+0000] {dagbag.py:587} INFO - Filling up the DagBag from /home/airflow/.local/lib/python3.12/site-packages/airflow/example_dags/example_workday_timetable.py
[2026-01-08T02:09:41.655+0000] {processor.py:925} INFO - DAG(s) 'example_workday_timetable' retrieved from /home/airflow/.local/lib/python3.12/site-packages/airflow/example_dags/example_workday_timetable.py
[2026-01-08T02:09:41.672+0000] {logging_mixin.py:190} INFO - [2026-01-08T02:09:41.672+0000] {dag.py:3211} INFO - Sync 1 DAGs
[2026-01-08T02:09:41.713+0000] {logging_mixin.py:190} INFO - [2026-01-08T02:09:41.712+0000] {dag.py:4138} INFO - Setting next_dagrun for example_workday_timetable to 2021-01-04 00:00:00+00:00, run_after=2021-01-05 00:00:00+00:00
[2026-01-08T02:09:41.729+0000] {processor.py:208} INFO - Processing /home/airflow/.local/lib/python3.12/site-packages/airflow/example_dags/example_workday_timetable.py took 0.086 seconds
[2026-01-08T02:10:12.087+0000] {processor.py:186} INFO - Started process (PID=2774) to work on /home/airflow/.local/lib/python3.12/site-packages/airflow/example_dags/example_workday_timetable.py
[2026-01-08T02:10:12.088+0000] {processor.py:914} INFO - Processing file /home/airflow/.local/lib/python3.12/site-packages/airflow/example_dags/example_workday_timetable.py for tasks to queue
[2026-01-08T02:10:12.090+0000] {logging_mixin.py:190} INFO - [2026-01-08T02:10:12.090+0000] {dagbag.py:587} INFO - Filling up the DagBag from /home/airflow/.local/lib/python3.12/site-packages/airflow/example_dags/example_workday_timetable.py
[2026-01-08T02:10:12.096+0000] {processor.py:925} INFO - DAG(s) 'example_workday_timetable' retrieved from /home/airflow/.local/lib/python3.12/site-packages/airflow/example_dags/example_workday_timetable.py
[2026-01-08T02:10:12.112+0000] {logging_mixin.py:190} INFO - [2026-01-08T02:10:12.112+0000] {dag.py:3211} INFO - Sync 1 DAGs
[2026-01-08T02:10:12.154+0000] {logging_mixin.py:190} INFO - [2026-01-08T02:10:12.153+0000] {dag.py:4138} INFO - Setting next_dagrun for example_workday_timetable to 2021-01-04 00:00:00+00:00, run_after=2021-01-05 00:00:00+00:00
[2026-01-08T02:10:12.169+0000] {processor.py:208} INFO - Processing /home/airflow/.local/lib/python3.12/site-packages/airflow/example_dags/example_workday_timetable.py took 0.087 seconds
[2026-01-08T02:10:42.522+0000] {processor.py:186} INFO - Started process (PID=2836) to work on /home/airflow/.local/lib/python3.12/site-packages/airflow/example_dags/example_workday_timetable.py
[2026-01-08T02:10:42.523+0000] {processor.py:914} INFO - Processing file /home/airflow/.local/lib/python3.12/site-packages/airflow/example_dags/example_workday_timetable.py for tasks to queue
[2026-01-08T02:10:42.526+0000] {logging_mixin.py:190} INFO - [2026-01-08T02:10:42.526+0000] {dagbag.py:587} INFO - Filling up the DagBag from /home/airflow/.local/lib/python3.12/site-packages/airflow/example_dags/example_workday_timetable.py
[2026-01-08T02:10:42.531+0000] {processor.py:925} INFO - DAG(s) 'example_workday_timetable' retrieved from /home/airflow/.local/lib/python3.12/site-packages/airflow/example_dags/example_workday_timetable.py
[2026-01-08T02:10:42.550+0000] {logging_mixin.py:190} INFO - [2026-01-08T02:10:42.550+0000] {dag.py:3211} INFO - Sync 1 DAGs
[2026-01-08T02:10:42.592+0000] {logging_mixin.py:190} INFO - [2026-01-08T02:10:42.592+0000] {dag.py:4138} INFO - Setting next_dagrun for example_workday_timetable to 2021-01-04 00:00:00+00:00, run_after=2021-01-05 00:00:00+00:00
[2026-01-08T02:10:42.607+0000] {processor.py:208} INFO - Processing /home/airflow/.local/lib/python3.12/site-packages/airflow/example_dags/example_workday_timetable.py took 0.089 seconds
[2026-01-08T02:11:12.899+0000] {processor.py:186} INFO - Started process (PID=2899) to work on /home/airflow/.local/lib/python3.12/site-packages/airflow/example_dags/example_workday_timetable.py
[2026-01-08T02:11:12.901+0000] {processor.py:914} INFO - Processing file /home/airflow/.local/lib/python3.12/site-packages/airflow/example_dags/example_workday_timetable.py for tasks to queue
[2026-01-08T02:11:12.903+0000] {logging_mixin.py:190} INFO - [2026-01-08T02:11:12.903+0000] {dagbag.py:587} INFO - Filling up the DagBag from /home/airflow/.local/lib/python3.12/site-packages/airflow/example_dags/example_workday_timetable.py
[2026-01-08T02:11:12.908+0000] {processor.py:925} INFO - DAG(s) 'example_workday_timetable' retrieved from /home/airflow/.local/lib/python3.12/site-packages/airflow/example_dags/example_workday_timetable.py
[2026-01-08T02:11:12.925+0000] {logging_mixin.py:190} INFO - [2026-01-08T02:11:12.924+0000] {dag.py:3211} INFO - Sync 1 DAGs
[2026-01-08T02:11:12.966+0000] {logging_mixin.py:190} INFO - [2026-01-08T02:11:12.966+0000] {dag.py:4138} INFO - Setting next_dagrun for example_workday_timetable to 2021-01-04 00:00:00+00:00, run_after=2021-01-05 00:00:00+00:00
[2026-01-08T02:11:12.983+0000] {processor.py:208} INFO - Processing /home/airflow/.local/lib/python3.12/site-packages/airflow/example_dags/example_workday_timetable.py took 0.089 seconds
[2026-01-08T02:11:43.383+0000] {processor.py:186} INFO - Started process (PID=2962) to work on /home/airflow/.local/lib/python3.12/site-packages/airflow/example_dags/example_workday_timetable.py
[2026-01-08T02:11:43.385+0000] {processor.py:914} INFO - Processing file /home/airflow/.local/lib/python3.12/site-packages/airflow/example_dags/example_workday_timetable.py for tasks to queue
[2026-01-08T02:11:43.388+0000] {logging_mixin.py:190} INFO - [2026-01-08T02:11:43.388+0000] {dagbag.py:587} INFO - Filling up the DagBag from /home/airflow/.local/lib/python3.12/site-packages/airflow/example_dags/example_workday_timetable.py
[2026-01-08T02:11:43.394+0000] {processor.py:925} INFO - DAG(s) 'example_workday_timetable' retrieved from /home/airflow/.local/lib/python3.12/site-packages/airflow/example_dags/example_workday_timetable.py
[2026-01-08T02:11:43.413+0000] {logging_mixin.py:190} INFO - [2026-01-08T02:11:43.413+0000] {dag.py:3211} INFO - Sync 1 DAGs
[2026-01-08T02:11:43.453+0000] {logging_mixin.py:190} INFO - [2026-01-08T02:11:43.453+0000] {dag.py:4138} INFO - Setting next_dagrun for example_workday_timetable to 2021-01-04 00:00:00+00:00, run_after=2021-01-05 00:00:00+00:00
[2026-01-08T02:11:43.468+0000] {processor.py:208} INFO - Processing /home/airflow/.local/lib/python3.12/site-packages/airflow/example_dags/example_workday_timetable.py took 0.090 seconds
[2026-01-08T02:12:14.352+0000] {processor.py:186} INFO - Started process (PID=3026) to work on /home/airflow/.local/lib/python3.12/site-packages/airflow/example_dags/example_workday_timetable.py
[2026-01-08T02:12:14.353+0000] {processor.py:914} INFO - Processing file /home/airflow/.local/lib/python3.12/site-packages/airflow/example_dags/example_workday_timetable.py for tasks to queue
[2026-01-08T02:12:14.356+0000] {logging_mixin.py:190} INFO - [2026-01-08T02:12:14.355+0000] {dagbag.py:587} INFO - Filling up the DagBag from /home/airflow/.local/lib/python3.12/site-packages/airflow/example_dags/example_workday_timetable.py
[2026-01-08T02:12:14.362+0000] {processor.py:925} INFO - DAG(s) 'example_workday_timetable' retrieved from /home/airflow/.local/lib/python3.12/site-packages/airflow/example_dags/example_workday_timetable.py
[2026-01-08T02:12:14.379+0000] {logging_mixin.py:190} INFO - [2026-01-08T02:12:14.379+0000] {dag.py:3211} INFO - Sync 1 DAGs
[2026-01-08T02:12:14.424+0000] {logging_mixin.py:190} INFO - [2026-01-08T02:12:14.423+0000] {dag.py:4138} INFO - Setting next_dagrun for example_workday_timetable to 2021-01-04 00:00:00+00:00, run_after=2021-01-05 00:00:00+00:00
[2026-01-08T02:12:14.440+0000] {processor.py:208} INFO - Processing /home/airflow/.local/lib/python3.12/site-packages/airflow/example_dags/example_workday_timetable.py took 0.093 seconds
[2026-01-08T02:12:45.166+0000] {processor.py:186} INFO - Started process (PID=3089) to work on /home/airflow/.local/lib/python3.12/site-packages/airflow/example_dags/example_workday_timetable.py
[2026-01-08T02:12:45.167+0000] {processor.py:914} INFO - Processing file /home/airflow/.local/lib/python3.12/site-packages/airflow/example_dags/example_workday_timetable.py for tasks to queue
[2026-01-08T02:12:45.170+0000] {logging_mixin.py:190} INFO - [2026-01-08T02:12:45.169+0000] {dagbag.py:587} INFO - Filling up the DagBag from /home/airflow/.local/lib/python3.12/site-packages/airflow/example_dags/example_workday_timetable.py
[2026-01-08T02:12:45.175+0000] {processor.py:925} INFO - DAG(s) 'example_workday_timetable' retrieved from /home/airflow/.local/lib/python3.12/site-packages/airflow/example_dags/example_workday_timetable.py
[2026-01-08T02:12:45.193+0000] {logging_mixin.py:190} INFO - [2026-01-08T02:12:45.192+0000] {dag.py:3211} INFO - Sync 1 DAGs
[2026-01-08T02:12:45.231+0000] {logging_mixin.py:190} INFO - [2026-01-08T02:12:45.231+0000] {dag.py:4138} INFO - Setting next_dagrun for example_workday_timetable to 2021-01-04 00:00:00+00:00, run_after=2021-01-05 00:00:00+00:00
[2026-01-08T02:12:45.244+0000] {processor.py:208} INFO - Processing /home/airflow/.local/lib/python3.12/site-packages/airflow/example_dags/example_workday_timetable.py took 0.083 seconds
[2026-01-08T02:13:16.144+0000] {processor.py:186} INFO - Started process (PID=3152) to work on /home/airflow/.local/lib/python3.12/site-packages/airflow/example_dags/example_workday_timetable.py
[2026-01-08T02:13:16.146+0000] {processor.py:914} INFO - Processing file /home/airflow/.local/lib/python3.12/site-packages/airflow/example_dags/example_workday_timetable.py for tasks to queue
[2026-01-08T02:13:16.148+0000] {logging_mixin.py:190} INFO - [2026-01-08T02:13:16.148+0000] {dagbag.py:587} INFO - Filling up the DagBag from /home/airflow/.local/lib/python3.12/site-packages/airflow/example_dags/example_workday_timetable.py
[2026-01-08T02:13:16.153+0000] {processor.py:925} INFO - DAG(s) 'example_workday_timetable' retrieved from /home/airflow/.local/lib/python3.12/site-packages/airflow/example_dags/example_workday_timetable.py
[2026-01-08T02:13:16.170+0000] {logging_mixin.py:190} INFO - [2026-01-08T02:13:16.170+0000] {dag.py:3211} INFO - Sync 1 DAGs
[2026-01-08T02:13:16.209+0000] {logging_mixin.py:190} INFO - [2026-01-08T02:13:16.209+0000] {dag.py:4138} INFO - Setting next_dagrun for example_workday_timetable to 2021-01-04 00:00:00+00:00, run_after=2021-01-05 00:00:00+00:00
[2026-01-08T02:13:16.226+0000] {processor.py:208} INFO - Processing /home/airflow/.local/lib/python3.12/site-packages/airflow/example_dags/example_workday_timetable.py took 0.086 seconds
[2026-01-08T02:13:46.788+0000] {processor.py:186} INFO - Started process (PID=3215) to work on /home/airflow/.local/lib/python3.12/site-packages/airflow/example_dags/example_workday_timetable.py
[2026-01-08T02:13:46.789+0000] {processor.py:914} INFO - Processing file /home/airflow/.local/lib/python3.12/site-packages/airflow/example_dags/example_workday_timetable.py for tasks to queue
[2026-01-08T02:13:46.792+0000] {logging_mixin.py:190} INFO - [2026-01-08T02:13:46.791+0000] {dagbag.py:587} INFO - Filling up the DagBag from /home/airflow/.local/lib/python3.12/site-packages/airflow/example_dags/example_workday_timetable.py
[2026-01-08T02:13:46.797+0000] {processor.py:925} INFO - DAG(s) 'example_workday_timetable' retrieved from /home/airflow/.local/lib/python3.12/site-packages/airflow/example_dags/example_workday_timetable.py
[2026-01-08T02:13:46.813+0000] {logging_mixin.py:190} INFO - [2026-01-08T02:13:46.813+0000] {dag.py:3211} INFO - Sync 1 DAGs
[2026-01-08T02:13:46.980+0000] {logging_mixin.py:190} INFO - [2026-01-08T02:13:46.980+0000] {dag.py:4138} INFO - Setting next_dagrun for example_workday_timetable to 2021-01-04 00:00:00+00:00, run_after=2021-01-05 00:00:00+00:00
[2026-01-08T02:13:46.994+0000] {processor.py:208} INFO - Processing /home/airflow/.local/lib/python3.12/site-packages/airflow/example_dags/example_workday_timetable.py took 0.211 seconds
[2026-01-08T02:14:17.511+0000] {processor.py:186} INFO - Started process (PID=3278) to work on /home/airflow/.local/lib/python3.12/site-packages/airflow/example_dags/example_workday_timetable.py
[2026-01-08T02:14:17.513+0000] {processor.py:914} INFO - Processing file /home/airflow/.local/lib/python3.12/site-packages/airflow/example_dags/example_workday_timetable.py for tasks to queue
[2026-01-08T02:14:17.515+0000] {logging_mixin.py:190} INFO - [2026-01-08T02:14:17.515+0000] {dagbag.py:587} INFO - Filling up the DagBag from /home/airflow/.local/lib/python3.12/site-packages/airflow/example_dags/example_workday_timetable.py
[2026-01-08T02:14:17.519+0000] {processor.py:925} INFO - DAG(s) 'example_workday_timetable' retrieved from /home/airflow/.local/lib/python3.12/site-packages/airflow/example_dags/example_workday_timetable.py
[2026-01-08T02:14:17.536+0000] {logging_mixin.py:190} INFO - [2026-01-08T02:14:17.536+0000] {dag.py:3211} INFO - Sync 1 DAGs
[2026-01-08T02:14:17.573+0000] {logging_mixin.py:190} INFO - [2026-01-08T02:14:17.573+0000] {dag.py:4138} INFO - Setting next_dagrun for example_workday_timetable to 2021-01-04 00:00:00+00:00, run_after=2021-01-05 00:00:00+00:00
[2026-01-08T02:14:17.718+0000] {processor.py:208} INFO - Processing /home/airflow/.local/lib/python3.12/site-packages/airflow/example_dags/example_workday_timetable.py took 0.213 seconds
