[2026-01-08T01:48:23.257+0000] {processor.py:186} INFO - Started process (PID=93) to work on /home/airflow/.local/lib/python3.12/site-packages/airflow/example_dags/example_task_group_decorator.py
[2026-01-08T01:48:23.258+0000] {processor.py:914} INFO - Processing file /home/airflow/.local/lib/python3.12/site-packages/airflow/example_dags/example_task_group_decorator.py for tasks to queue
[2026-01-08T01:48:23.261+0000] {logging_mixin.py:190} INFO - [2026-01-08T01:48:23.260+0000] {dagbag.py:587} INFO - Filling up the DagBag from /home/airflow/.local/lib/python3.12/site-packages/airflow/example_dags/example_task_group_decorator.py
[2026-01-08T01:48:23.273+0000] {processor.py:925} INFO - DAG(s) 'example_task_group_decorator' retrieved from /home/airflow/.local/lib/python3.12/site-packages/airflow/example_dags/example_task_group_decorator.py
[2026-01-08T01:48:23.346+0000] {logging_mixin.py:190} INFO - [2026-01-08T01:48:23.345+0000] {override.py:1858} INFO - Created Permission View: can edit on DAG:example_task_group_decorator
[2026-01-08T01:48:23.355+0000] {logging_mixin.py:190} INFO - [2026-01-08T01:48:23.355+0000] {override.py:1858} INFO - Created Permission View: can read on DAG:example_task_group_decorator
[2026-01-08T01:48:23.361+0000] {logging_mixin.py:190} INFO - [2026-01-08T01:48:23.361+0000] {override.py:1858} INFO - Created Permission View: can delete on DAG:example_task_group_decorator
[2026-01-08T01:48:23.362+0000] {logging_mixin.py:190} INFO - [2026-01-08T01:48:23.362+0000] {dag.py:3211} INFO - Sync 1 DAGs
[2026-01-08T01:48:23.373+0000] {logging_mixin.py:190} INFO - [2026-01-08T01:48:23.373+0000] {dag.py:3234} INFO - Creating ORM DAG for example_task_group_decorator
[2026-01-08T01:48:23.381+0000] {logging_mixin.py:190} INFO - [2026-01-08T01:48:23.380+0000] {dag.py:4138} INFO - Setting next_dagrun for example_task_group_decorator to 2026-01-07 00:00:00+00:00, run_after=2026-01-08 00:00:00+00:00
[2026-01-08T01:48:23.394+0000] {processor.py:208} INFO - Processing /home/airflow/.local/lib/python3.12/site-packages/airflow/example_dags/example_task_group_decorator.py took 0.141 seconds
[2026-01-08T01:48:53.430+0000] {processor.py:186} INFO - Started process (PID=155) to work on /home/airflow/.local/lib/python3.12/site-packages/airflow/example_dags/example_task_group_decorator.py
[2026-01-08T01:48:53.431+0000] {processor.py:914} INFO - Processing file /home/airflow/.local/lib/python3.12/site-packages/airflow/example_dags/example_task_group_decorator.py for tasks to queue
[2026-01-08T01:48:53.433+0000] {logging_mixin.py:190} INFO - [2026-01-08T01:48:53.433+0000] {dagbag.py:587} INFO - Filling up the DagBag from /home/airflow/.local/lib/python3.12/site-packages/airflow/example_dags/example_task_group_decorator.py
[2026-01-08T01:48:53.445+0000] {processor.py:925} INFO - DAG(s) 'example_task_group_decorator' retrieved from /home/airflow/.local/lib/python3.12/site-packages/airflow/example_dags/example_task_group_decorator.py
[2026-01-08T01:48:53.465+0000] {logging_mixin.py:190} INFO - [2026-01-08T01:48:53.465+0000] {dag.py:3211} INFO - Sync 1 DAGs
[2026-01-08T01:48:53.483+0000] {logging_mixin.py:190} INFO - [2026-01-08T01:48:53.483+0000] {dag.py:4138} INFO - Setting next_dagrun for example_task_group_decorator to 2026-01-07 00:00:00+00:00, run_after=2026-01-08 00:00:00+00:00
[2026-01-08T01:48:53.500+0000] {processor.py:208} INFO - Processing /home/airflow/.local/lib/python3.12/site-packages/airflow/example_dags/example_task_group_decorator.py took 0.074 seconds
[2026-01-08T01:49:23.836+0000] {processor.py:186} INFO - Started process (PID=217) to work on /home/airflow/.local/lib/python3.12/site-packages/airflow/example_dags/example_task_group_decorator.py
[2026-01-08T01:49:23.837+0000] {processor.py:914} INFO - Processing file /home/airflow/.local/lib/python3.12/site-packages/airflow/example_dags/example_task_group_decorator.py for tasks to queue
[2026-01-08T01:49:23.839+0000] {logging_mixin.py:190} INFO - [2026-01-08T01:49:23.839+0000] {dagbag.py:587} INFO - Filling up the DagBag from /home/airflow/.local/lib/python3.12/site-packages/airflow/example_dags/example_task_group_decorator.py
[2026-01-08T01:49:23.851+0000] {processor.py:925} INFO - DAG(s) 'example_task_group_decorator' retrieved from /home/airflow/.local/lib/python3.12/site-packages/airflow/example_dags/example_task_group_decorator.py
[2026-01-08T01:49:23.870+0000] {logging_mixin.py:190} INFO - [2026-01-08T01:49:23.870+0000] {dag.py:3211} INFO - Sync 1 DAGs
[2026-01-08T01:49:23.885+0000] {logging_mixin.py:190} INFO - [2026-01-08T01:49:23.885+0000] {dag.py:4138} INFO - Setting next_dagrun for example_task_group_decorator to 2026-01-07 00:00:00+00:00, run_after=2026-01-08 00:00:00+00:00
[2026-01-08T01:49:23.897+0000] {processor.py:208} INFO - Processing /home/airflow/.local/lib/python3.12/site-packages/airflow/example_dags/example_task_group_decorator.py took 0.066 seconds
[2026-01-08T01:49:54.635+0000] {processor.py:186} INFO - Started process (PID=285) to work on /home/airflow/.local/lib/python3.12/site-packages/airflow/example_dags/example_task_group_decorator.py
[2026-01-08T01:49:54.636+0000] {processor.py:914} INFO - Processing file /home/airflow/.local/lib/python3.12/site-packages/airflow/example_dags/example_task_group_decorator.py for tasks to queue
[2026-01-08T01:49:54.638+0000] {logging_mixin.py:190} INFO - [2026-01-08T01:49:54.638+0000] {dagbag.py:587} INFO - Filling up the DagBag from /home/airflow/.local/lib/python3.12/site-packages/airflow/example_dags/example_task_group_decorator.py
[2026-01-08T01:49:54.649+0000] {processor.py:925} INFO - DAG(s) 'example_task_group_decorator' retrieved from /home/airflow/.local/lib/python3.12/site-packages/airflow/example_dags/example_task_group_decorator.py
[2026-01-08T01:49:54.667+0000] {logging_mixin.py:190} INFO - [2026-01-08T01:49:54.667+0000] {dag.py:3211} INFO - Sync 1 DAGs
[2026-01-08T01:49:54.682+0000] {logging_mixin.py:190} INFO - [2026-01-08T01:49:54.682+0000] {dag.py:4138} INFO - Setting next_dagrun for example_task_group_decorator to 2026-01-07 00:00:00+00:00, run_after=2026-01-08 00:00:00+00:00
[2026-01-08T01:49:54.695+0000] {processor.py:208} INFO - Processing /home/airflow/.local/lib/python3.12/site-packages/airflow/example_dags/example_task_group_decorator.py took 0.065 seconds
[2026-01-08T01:50:24.956+0000] {processor.py:186} INFO - Started process (PID=347) to work on /home/airflow/.local/lib/python3.12/site-packages/airflow/example_dags/example_task_group_decorator.py
[2026-01-08T01:50:24.958+0000] {processor.py:914} INFO - Processing file /home/airflow/.local/lib/python3.12/site-packages/airflow/example_dags/example_task_group_decorator.py for tasks to queue
[2026-01-08T01:50:24.960+0000] {logging_mixin.py:190} INFO - [2026-01-08T01:50:24.960+0000] {dagbag.py:587} INFO - Filling up the DagBag from /home/airflow/.local/lib/python3.12/site-packages/airflow/example_dags/example_task_group_decorator.py
[2026-01-08T01:50:24.971+0000] {processor.py:925} INFO - DAG(s) 'example_task_group_decorator' retrieved from /home/airflow/.local/lib/python3.12/site-packages/airflow/example_dags/example_task_group_decorator.py
[2026-01-08T01:50:24.989+0000] {logging_mixin.py:190} INFO - [2026-01-08T01:50:24.989+0000] {dag.py:3211} INFO - Sync 1 DAGs
[2026-01-08T01:50:25.005+0000] {logging_mixin.py:190} INFO - [2026-01-08T01:50:25.005+0000] {dag.py:4138} INFO - Setting next_dagrun for example_task_group_decorator to 2026-01-07 00:00:00+00:00, run_after=2026-01-08 00:00:00+00:00
[2026-01-08T01:50:25.020+0000] {processor.py:208} INFO - Processing /home/airflow/.local/lib/python3.12/site-packages/airflow/example_dags/example_task_group_decorator.py took 0.069 seconds
[2026-01-08T01:50:55.298+0000] {processor.py:186} INFO - Started process (PID=409) to work on /home/airflow/.local/lib/python3.12/site-packages/airflow/example_dags/example_task_group_decorator.py
[2026-01-08T01:50:55.299+0000] {processor.py:914} INFO - Processing file /home/airflow/.local/lib/python3.12/site-packages/airflow/example_dags/example_task_group_decorator.py for tasks to queue
[2026-01-08T01:50:55.301+0000] {logging_mixin.py:190} INFO - [2026-01-08T01:50:55.301+0000] {dagbag.py:587} INFO - Filling up the DagBag from /home/airflow/.local/lib/python3.12/site-packages/airflow/example_dags/example_task_group_decorator.py
[2026-01-08T01:50:55.312+0000] {processor.py:925} INFO - DAG(s) 'example_task_group_decorator' retrieved from /home/airflow/.local/lib/python3.12/site-packages/airflow/example_dags/example_task_group_decorator.py
[2026-01-08T01:50:55.331+0000] {logging_mixin.py:190} INFO - [2026-01-08T01:50:55.330+0000] {dag.py:3211} INFO - Sync 1 DAGs
[2026-01-08T01:50:55.347+0000] {logging_mixin.py:190} INFO - [2026-01-08T01:50:55.347+0000] {dag.py:4138} INFO - Setting next_dagrun for example_task_group_decorator to 2026-01-07 00:00:00+00:00, run_after=2026-01-08 00:00:00+00:00
[2026-01-08T01:50:55.363+0000] {processor.py:208} INFO - Processing /home/airflow/.local/lib/python3.12/site-packages/airflow/example_dags/example_task_group_decorator.py took 0.070 seconds
[2026-01-08T01:51:26.134+0000] {processor.py:186} INFO - Started process (PID=471) to work on /home/airflow/.local/lib/python3.12/site-packages/airflow/example_dags/example_task_group_decorator.py
[2026-01-08T01:51:26.136+0000] {processor.py:914} INFO - Processing file /home/airflow/.local/lib/python3.12/site-packages/airflow/example_dags/example_task_group_decorator.py for tasks to queue
[2026-01-08T01:51:26.138+0000] {logging_mixin.py:190} INFO - [2026-01-08T01:51:26.137+0000] {dagbag.py:587} INFO - Filling up the DagBag from /home/airflow/.local/lib/python3.12/site-packages/airflow/example_dags/example_task_group_decorator.py
[2026-01-08T01:51:26.148+0000] {processor.py:925} INFO - DAG(s) 'example_task_group_decorator' retrieved from /home/airflow/.local/lib/python3.12/site-packages/airflow/example_dags/example_task_group_decorator.py
[2026-01-08T01:51:26.169+0000] {logging_mixin.py:190} INFO - [2026-01-08T01:51:26.169+0000] {dag.py:3211} INFO - Sync 1 DAGs
[2026-01-08T01:51:26.184+0000] {logging_mixin.py:190} INFO - [2026-01-08T01:51:26.184+0000] {dag.py:4138} INFO - Setting next_dagrun for example_task_group_decorator to 2026-01-07 00:00:00+00:00, run_after=2026-01-08 00:00:00+00:00
[2026-01-08T01:51:26.198+0000] {processor.py:208} INFO - Processing /home/airflow/.local/lib/python3.12/site-packages/airflow/example_dags/example_task_group_decorator.py took 0.068 seconds
[2026-01-08T01:51:56.656+0000] {processor.py:186} INFO - Started process (PID=534) to work on /home/airflow/.local/lib/python3.12/site-packages/airflow/example_dags/example_task_group_decorator.py
[2026-01-08T01:51:56.658+0000] {processor.py:914} INFO - Processing file /home/airflow/.local/lib/python3.12/site-packages/airflow/example_dags/example_task_group_decorator.py for tasks to queue
[2026-01-08T01:51:56.660+0000] {logging_mixin.py:190} INFO - [2026-01-08T01:51:56.659+0000] {dagbag.py:587} INFO - Filling up the DagBag from /home/airflow/.local/lib/python3.12/site-packages/airflow/example_dags/example_task_group_decorator.py
[2026-01-08T01:51:56.671+0000] {processor.py:925} INFO - DAG(s) 'example_task_group_decorator' retrieved from /home/airflow/.local/lib/python3.12/site-packages/airflow/example_dags/example_task_group_decorator.py
[2026-01-08T01:51:56.690+0000] {logging_mixin.py:190} INFO - [2026-01-08T01:51:56.690+0000] {dag.py:3211} INFO - Sync 1 DAGs
[2026-01-08T01:51:56.706+0000] {logging_mixin.py:190} INFO - [2026-01-08T01:51:56.706+0000] {dag.py:4138} INFO - Setting next_dagrun for example_task_group_decorator to 2026-01-07 00:00:00+00:00, run_after=2026-01-08 00:00:00+00:00
[2026-01-08T01:51:56.721+0000] {processor.py:208} INFO - Processing /home/airflow/.local/lib/python3.12/site-packages/airflow/example_dags/example_task_group_decorator.py took 0.069 seconds
[2026-01-08T01:52:27.020+0000] {processor.py:186} INFO - Started process (PID=596) to work on /home/airflow/.local/lib/python3.12/site-packages/airflow/example_dags/example_task_group_decorator.py
[2026-01-08T01:52:27.021+0000] {processor.py:914} INFO - Processing file /home/airflow/.local/lib/python3.12/site-packages/airflow/example_dags/example_task_group_decorator.py for tasks to queue
[2026-01-08T01:52:27.024+0000] {logging_mixin.py:190} INFO - [2026-01-08T01:52:27.023+0000] {dagbag.py:587} INFO - Filling up the DagBag from /home/airflow/.local/lib/python3.12/site-packages/airflow/example_dags/example_task_group_decorator.py
[2026-01-08T01:52:27.036+0000] {processor.py:925} INFO - DAG(s) 'example_task_group_decorator' retrieved from /home/airflow/.local/lib/python3.12/site-packages/airflow/example_dags/example_task_group_decorator.py
[2026-01-08T01:52:27.057+0000] {logging_mixin.py:190} INFO - [2026-01-08T01:52:27.056+0000] {dag.py:3211} INFO - Sync 1 DAGs
[2026-01-08T01:52:27.073+0000] {logging_mixin.py:190} INFO - [2026-01-08T01:52:27.073+0000] {dag.py:4138} INFO - Setting next_dagrun for example_task_group_decorator to 2026-01-07 00:00:00+00:00, run_after=2026-01-08 00:00:00+00:00
[2026-01-08T01:52:27.088+0000] {processor.py:208} INFO - Processing /home/airflow/.local/lib/python3.12/site-packages/airflow/example_dags/example_task_group_decorator.py took 0.074 seconds
[2026-01-08T01:52:57.458+0000] {processor.py:186} INFO - Started process (PID=658) to work on /home/airflow/.local/lib/python3.12/site-packages/airflow/example_dags/example_task_group_decorator.py
[2026-01-08T01:52:57.459+0000] {processor.py:914} INFO - Processing file /home/airflow/.local/lib/python3.12/site-packages/airflow/example_dags/example_task_group_decorator.py for tasks to queue
[2026-01-08T01:52:57.462+0000] {logging_mixin.py:190} INFO - [2026-01-08T01:52:57.462+0000] {dagbag.py:587} INFO - Filling up the DagBag from /home/airflow/.local/lib/python3.12/site-packages/airflow/example_dags/example_task_group_decorator.py
[2026-01-08T01:52:57.474+0000] {processor.py:925} INFO - DAG(s) 'example_task_group_decorator' retrieved from /home/airflow/.local/lib/python3.12/site-packages/airflow/example_dags/example_task_group_decorator.py
[2026-01-08T01:52:57.494+0000] {logging_mixin.py:190} INFO - [2026-01-08T01:52:57.494+0000] {dag.py:3211} INFO - Sync 1 DAGs
[2026-01-08T01:52:57.511+0000] {logging_mixin.py:190} INFO - [2026-01-08T01:52:57.511+0000] {dag.py:4138} INFO - Setting next_dagrun for example_task_group_decorator to 2026-01-07 00:00:00+00:00, run_after=2026-01-08 00:00:00+00:00
[2026-01-08T01:52:57.527+0000] {processor.py:208} INFO - Processing /home/airflow/.local/lib/python3.12/site-packages/airflow/example_dags/example_task_group_decorator.py took 0.074 seconds
[2026-01-08T01:53:27.978+0000] {processor.py:186} INFO - Started process (PID=720) to work on /home/airflow/.local/lib/python3.12/site-packages/airflow/example_dags/example_task_group_decorator.py
[2026-01-08T01:53:27.979+0000] {processor.py:914} INFO - Processing file /home/airflow/.local/lib/python3.12/site-packages/airflow/example_dags/example_task_group_decorator.py for tasks to queue
[2026-01-08T01:53:27.982+0000] {logging_mixin.py:190} INFO - [2026-01-08T01:53:27.981+0000] {dagbag.py:587} INFO - Filling up the DagBag from /home/airflow/.local/lib/python3.12/site-packages/airflow/example_dags/example_task_group_decorator.py
[2026-01-08T01:53:27.993+0000] {processor.py:925} INFO - DAG(s) 'example_task_group_decorator' retrieved from /home/airflow/.local/lib/python3.12/site-packages/airflow/example_dags/example_task_group_decorator.py
[2026-01-08T01:53:28.012+0000] {logging_mixin.py:190} INFO - [2026-01-08T01:53:28.012+0000] {dag.py:3211} INFO - Sync 1 DAGs
[2026-01-08T01:53:28.027+0000] {logging_mixin.py:190} INFO - [2026-01-08T01:53:28.027+0000] {dag.py:4138} INFO - Setting next_dagrun for example_task_group_decorator to 2026-01-07 00:00:00+00:00, run_after=2026-01-08 00:00:00+00:00
[2026-01-08T01:53:28.042+0000] {processor.py:208} INFO - Processing /home/airflow/.local/lib/python3.12/site-packages/airflow/example_dags/example_task_group_decorator.py took 0.068 seconds
[2026-01-08T01:53:58.492+0000] {processor.py:186} INFO - Started process (PID=782) to work on /home/airflow/.local/lib/python3.12/site-packages/airflow/example_dags/example_task_group_decorator.py
[2026-01-08T01:53:58.494+0000] {processor.py:914} INFO - Processing file /home/airflow/.local/lib/python3.12/site-packages/airflow/example_dags/example_task_group_decorator.py for tasks to queue
[2026-01-08T01:53:58.497+0000] {logging_mixin.py:190} INFO - [2026-01-08T01:53:58.497+0000] {dagbag.py:587} INFO - Filling up the DagBag from /home/airflow/.local/lib/python3.12/site-packages/airflow/example_dags/example_task_group_decorator.py
[2026-01-08T01:53:58.509+0000] {processor.py:925} INFO - DAG(s) 'example_task_group_decorator' retrieved from /home/airflow/.local/lib/python3.12/site-packages/airflow/example_dags/example_task_group_decorator.py
[2026-01-08T01:53:58.528+0000] {logging_mixin.py:190} INFO - [2026-01-08T01:53:58.528+0000] {dag.py:3211} INFO - Sync 1 DAGs
[2026-01-08T01:53:58.543+0000] {logging_mixin.py:190} INFO - [2026-01-08T01:53:58.543+0000] {dag.py:4138} INFO - Setting next_dagrun for example_task_group_decorator to 2026-01-07 00:00:00+00:00, run_after=2026-01-08 00:00:00+00:00
[2026-01-08T01:53:58.559+0000] {processor.py:208} INFO - Processing /home/airflow/.local/lib/python3.12/site-packages/airflow/example_dags/example_task_group_decorator.py took 0.072 seconds
[2026-01-08T01:54:29.061+0000] {processor.py:186} INFO - Started process (PID=844) to work on /home/airflow/.local/lib/python3.12/site-packages/airflow/example_dags/example_task_group_decorator.py
[2026-01-08T01:54:29.062+0000] {processor.py:914} INFO - Processing file /home/airflow/.local/lib/python3.12/site-packages/airflow/example_dags/example_task_group_decorator.py for tasks to queue
[2026-01-08T01:54:29.064+0000] {logging_mixin.py:190} INFO - [2026-01-08T01:54:29.064+0000] {dagbag.py:587} INFO - Filling up the DagBag from /home/airflow/.local/lib/python3.12/site-packages/airflow/example_dags/example_task_group_decorator.py
[2026-01-08T01:54:29.074+0000] {processor.py:925} INFO - DAG(s) 'example_task_group_decorator' retrieved from /home/airflow/.local/lib/python3.12/site-packages/airflow/example_dags/example_task_group_decorator.py
[2026-01-08T01:54:29.094+0000] {logging_mixin.py:190} INFO - [2026-01-08T01:54:29.093+0000] {dag.py:3211} INFO - Sync 1 DAGs
[2026-01-08T01:54:29.110+0000] {logging_mixin.py:190} INFO - [2026-01-08T01:54:29.110+0000] {dag.py:4138} INFO - Setting next_dagrun for example_task_group_decorator to 2026-01-07 00:00:00+00:00, run_after=2026-01-08 00:00:00+00:00
[2026-01-08T01:54:29.124+0000] {processor.py:208} INFO - Processing /home/airflow/.local/lib/python3.12/site-packages/airflow/example_dags/example_task_group_decorator.py took 0.067 seconds
[2026-01-08T01:54:59.638+0000] {processor.py:186} INFO - Started process (PID=906) to work on /home/airflow/.local/lib/python3.12/site-packages/airflow/example_dags/example_task_group_decorator.py
[2026-01-08T01:54:59.639+0000] {processor.py:914} INFO - Processing file /home/airflow/.local/lib/python3.12/site-packages/airflow/example_dags/example_task_group_decorator.py for tasks to queue
[2026-01-08T01:54:59.641+0000] {logging_mixin.py:190} INFO - [2026-01-08T01:54:59.641+0000] {dagbag.py:587} INFO - Filling up the DagBag from /home/airflow/.local/lib/python3.12/site-packages/airflow/example_dags/example_task_group_decorator.py
[2026-01-08T01:54:59.652+0000] {processor.py:925} INFO - DAG(s) 'example_task_group_decorator' retrieved from /home/airflow/.local/lib/python3.12/site-packages/airflow/example_dags/example_task_group_decorator.py
[2026-01-08T01:54:59.670+0000] {logging_mixin.py:190} INFO - [2026-01-08T01:54:59.670+0000] {dag.py:3211} INFO - Sync 1 DAGs
[2026-01-08T01:54:59.685+0000] {logging_mixin.py:190} INFO - [2026-01-08T01:54:59.685+0000] {dag.py:4138} INFO - Setting next_dagrun for example_task_group_decorator to 2026-01-07 00:00:00+00:00, run_after=2026-01-08 00:00:00+00:00
[2026-01-08T01:54:59.701+0000] {processor.py:208} INFO - Processing /home/airflow/.local/lib/python3.12/site-packages/airflow/example_dags/example_task_group_decorator.py took 0.068 seconds
[2026-01-08T01:55:30.379+0000] {processor.py:186} INFO - Started process (PID=968) to work on /home/airflow/.local/lib/python3.12/site-packages/airflow/example_dags/example_task_group_decorator.py
[2026-01-08T01:55:30.380+0000] {processor.py:914} INFO - Processing file /home/airflow/.local/lib/python3.12/site-packages/airflow/example_dags/example_task_group_decorator.py for tasks to queue
[2026-01-08T01:55:30.383+0000] {logging_mixin.py:190} INFO - [2026-01-08T01:55:30.382+0000] {dagbag.py:587} INFO - Filling up the DagBag from /home/airflow/.local/lib/python3.12/site-packages/airflow/example_dags/example_task_group_decorator.py
[2026-01-08T01:55:30.394+0000] {processor.py:925} INFO - DAG(s) 'example_task_group_decorator' retrieved from /home/airflow/.local/lib/python3.12/site-packages/airflow/example_dags/example_task_group_decorator.py
[2026-01-08T01:55:30.414+0000] {logging_mixin.py:190} INFO - [2026-01-08T01:55:30.413+0000] {dag.py:3211} INFO - Sync 1 DAGs
[2026-01-08T01:55:30.430+0000] {logging_mixin.py:190} INFO - [2026-01-08T01:55:30.430+0000] {dag.py:4138} INFO - Setting next_dagrun for example_task_group_decorator to 2026-01-07 00:00:00+00:00, run_after=2026-01-08 00:00:00+00:00
[2026-01-08T01:55:30.448+0000] {processor.py:208} INFO - Processing /home/airflow/.local/lib/python3.12/site-packages/airflow/example_dags/example_task_group_decorator.py took 0.074 seconds
[2026-01-08T01:56:01.044+0000] {processor.py:186} INFO - Started process (PID=1030) to work on /home/airflow/.local/lib/python3.12/site-packages/airflow/example_dags/example_task_group_decorator.py
[2026-01-08T01:56:01.045+0000] {processor.py:914} INFO - Processing file /home/airflow/.local/lib/python3.12/site-packages/airflow/example_dags/example_task_group_decorator.py for tasks to queue
[2026-01-08T01:56:01.048+0000] {logging_mixin.py:190} INFO - [2026-01-08T01:56:01.048+0000] {dagbag.py:587} INFO - Filling up the DagBag from /home/airflow/.local/lib/python3.12/site-packages/airflow/example_dags/example_task_group_decorator.py
[2026-01-08T01:56:01.059+0000] {processor.py:925} INFO - DAG(s) 'example_task_group_decorator' retrieved from /home/airflow/.local/lib/python3.12/site-packages/airflow/example_dags/example_task_group_decorator.py
[2026-01-08T01:56:01.078+0000] {logging_mixin.py:190} INFO - [2026-01-08T01:56:01.078+0000] {dag.py:3211} INFO - Sync 1 DAGs
[2026-01-08T01:56:01.093+0000] {logging_mixin.py:190} INFO - [2026-01-08T01:56:01.093+0000] {dag.py:4138} INFO - Setting next_dagrun for example_task_group_decorator to 2026-01-07 00:00:00+00:00, run_after=2026-01-08 00:00:00+00:00
[2026-01-08T01:56:01.109+0000] {processor.py:208} INFO - Processing /home/airflow/.local/lib/python3.12/site-packages/airflow/example_dags/example_task_group_decorator.py took 0.071 seconds
[2026-01-08T01:56:31.227+0000] {processor.py:186} INFO - Started process (PID=1092) to work on /home/airflow/.local/lib/python3.12/site-packages/airflow/example_dags/example_task_group_decorator.py
[2026-01-08T01:56:31.228+0000] {processor.py:914} INFO - Processing file /home/airflow/.local/lib/python3.12/site-packages/airflow/example_dags/example_task_group_decorator.py for tasks to queue
[2026-01-08T01:56:31.231+0000] {logging_mixin.py:190} INFO - [2026-01-08T01:56:31.230+0000] {dagbag.py:587} INFO - Filling up the DagBag from /home/airflow/.local/lib/python3.12/site-packages/airflow/example_dags/example_task_group_decorator.py
[2026-01-08T01:56:31.242+0000] {processor.py:925} INFO - DAG(s) 'example_task_group_decorator' retrieved from /home/airflow/.local/lib/python3.12/site-packages/airflow/example_dags/example_task_group_decorator.py
[2026-01-08T01:56:31.260+0000] {logging_mixin.py:190} INFO - [2026-01-08T01:56:31.260+0000] {dag.py:3211} INFO - Sync 1 DAGs
[2026-01-08T01:56:31.275+0000] {logging_mixin.py:190} INFO - [2026-01-08T01:56:31.275+0000] {dag.py:4138} INFO - Setting next_dagrun for example_task_group_decorator to 2026-01-07 00:00:00+00:00, run_after=2026-01-08 00:00:00+00:00
[2026-01-08T01:56:31.289+0000] {processor.py:208} INFO - Processing /home/airflow/.local/lib/python3.12/site-packages/airflow/example_dags/example_task_group_decorator.py took 0.066 seconds
[2026-01-08T01:57:01.682+0000] {processor.py:186} INFO - Started process (PID=1154) to work on /home/airflow/.local/lib/python3.12/site-packages/airflow/example_dags/example_task_group_decorator.py
[2026-01-08T01:57:01.683+0000] {processor.py:914} INFO - Processing file /home/airflow/.local/lib/python3.12/site-packages/airflow/example_dags/example_task_group_decorator.py for tasks to queue
[2026-01-08T01:57:01.686+0000] {logging_mixin.py:190} INFO - [2026-01-08T01:57:01.685+0000] {dagbag.py:587} INFO - Filling up the DagBag from /home/airflow/.local/lib/python3.12/site-packages/airflow/example_dags/example_task_group_decorator.py
[2026-01-08T01:57:01.697+0000] {processor.py:925} INFO - DAG(s) 'example_task_group_decorator' retrieved from /home/airflow/.local/lib/python3.12/site-packages/airflow/example_dags/example_task_group_decorator.py
[2026-01-08T01:57:01.716+0000] {logging_mixin.py:190} INFO - [2026-01-08T01:57:01.716+0000] {dag.py:3211} INFO - Sync 1 DAGs
[2026-01-08T01:57:01.732+0000] {logging_mixin.py:190} INFO - [2026-01-08T01:57:01.731+0000] {dag.py:4138} INFO - Setting next_dagrun for example_task_group_decorator to 2026-01-07 00:00:00+00:00, run_after=2026-01-08 00:00:00+00:00
[2026-01-08T01:57:01.745+0000] {processor.py:208} INFO - Processing /home/airflow/.local/lib/python3.12/site-packages/airflow/example_dags/example_task_group_decorator.py took 0.067 seconds
[2026-01-08T01:57:32.167+0000] {processor.py:186} INFO - Started process (PID=1216) to work on /home/airflow/.local/lib/python3.12/site-packages/airflow/example_dags/example_task_group_decorator.py
[2026-01-08T01:57:32.168+0000] {processor.py:914} INFO - Processing file /home/airflow/.local/lib/python3.12/site-packages/airflow/example_dags/example_task_group_decorator.py for tasks to queue
[2026-01-08T01:57:32.170+0000] {logging_mixin.py:190} INFO - [2026-01-08T01:57:32.170+0000] {dagbag.py:587} INFO - Filling up the DagBag from /home/airflow/.local/lib/python3.12/site-packages/airflow/example_dags/example_task_group_decorator.py
[2026-01-08T01:57:32.182+0000] {processor.py:925} INFO - DAG(s) 'example_task_group_decorator' retrieved from /home/airflow/.local/lib/python3.12/site-packages/airflow/example_dags/example_task_group_decorator.py
[2026-01-08T01:57:32.200+0000] {logging_mixin.py:190} INFO - [2026-01-08T01:57:32.200+0000] {dag.py:3211} INFO - Sync 1 DAGs
[2026-01-08T01:57:32.218+0000] {logging_mixin.py:190} INFO - [2026-01-08T01:57:32.218+0000] {dag.py:4138} INFO - Setting next_dagrun for example_task_group_decorator to 2026-01-07 00:00:00+00:00, run_after=2026-01-08 00:00:00+00:00
[2026-01-08T01:57:32.233+0000] {processor.py:208} INFO - Processing /home/airflow/.local/lib/python3.12/site-packages/airflow/example_dags/example_task_group_decorator.py took 0.070 seconds
[2026-01-08T01:58:02.784+0000] {processor.py:186} INFO - Started process (PID=1278) to work on /home/airflow/.local/lib/python3.12/site-packages/airflow/example_dags/example_task_group_decorator.py
[2026-01-08T01:58:02.785+0000] {processor.py:914} INFO - Processing file /home/airflow/.local/lib/python3.12/site-packages/airflow/example_dags/example_task_group_decorator.py for tasks to queue
[2026-01-08T01:58:02.787+0000] {logging_mixin.py:190} INFO - [2026-01-08T01:58:02.787+0000] {dagbag.py:587} INFO - Filling up the DagBag from /home/airflow/.local/lib/python3.12/site-packages/airflow/example_dags/example_task_group_decorator.py
[2026-01-08T01:58:02.798+0000] {processor.py:925} INFO - DAG(s) 'example_task_group_decorator' retrieved from /home/airflow/.local/lib/python3.12/site-packages/airflow/example_dags/example_task_group_decorator.py
[2026-01-08T01:58:02.816+0000] {logging_mixin.py:190} INFO - [2026-01-08T01:58:02.815+0000] {dag.py:3211} INFO - Sync 1 DAGs
[2026-01-08T01:58:02.831+0000] {logging_mixin.py:190} INFO - [2026-01-08T01:58:02.831+0000] {dag.py:4138} INFO - Setting next_dagrun for example_task_group_decorator to 2026-01-07 00:00:00+00:00, run_after=2026-01-08 00:00:00+00:00
[2026-01-08T01:58:02.845+0000] {processor.py:208} INFO - Processing /home/airflow/.local/lib/python3.12/site-packages/airflow/example_dags/example_task_group_decorator.py took 0.065 seconds
[2026-01-08T01:58:33.269+0000] {processor.py:186} INFO - Started process (PID=1341) to work on /home/airflow/.local/lib/python3.12/site-packages/airflow/example_dags/example_task_group_decorator.py
[2026-01-08T01:58:33.271+0000] {processor.py:914} INFO - Processing file /home/airflow/.local/lib/python3.12/site-packages/airflow/example_dags/example_task_group_decorator.py for tasks to queue
[2026-01-08T01:58:33.274+0000] {logging_mixin.py:190} INFO - [2026-01-08T01:58:33.274+0000] {dagbag.py:587} INFO - Filling up the DagBag from /home/airflow/.local/lib/python3.12/site-packages/airflow/example_dags/example_task_group_decorator.py
[2026-01-08T01:58:33.286+0000] {processor.py:925} INFO - DAG(s) 'example_task_group_decorator' retrieved from /home/airflow/.local/lib/python3.12/site-packages/airflow/example_dags/example_task_group_decorator.py
[2026-01-08T01:58:33.307+0000] {logging_mixin.py:190} INFO - [2026-01-08T01:58:33.307+0000] {dag.py:3211} INFO - Sync 1 DAGs
[2026-01-08T01:58:33.323+0000] {logging_mixin.py:190} INFO - [2026-01-08T01:58:33.323+0000] {dag.py:4138} INFO - Setting next_dagrun for example_task_group_decorator to 2026-01-07 00:00:00+00:00, run_after=2026-01-08 00:00:00+00:00
[2026-01-08T01:58:33.339+0000] {processor.py:208} INFO - Processing /home/airflow/.local/lib/python3.12/site-packages/airflow/example_dags/example_task_group_decorator.py took 0.075 seconds
[2026-01-08T01:59:03.505+0000] {processor.py:186} INFO - Started process (PID=1404) to work on /home/airflow/.local/lib/python3.12/site-packages/airflow/example_dags/example_task_group_decorator.py
[2026-01-08T01:59:03.506+0000] {processor.py:914} INFO - Processing file /home/airflow/.local/lib/python3.12/site-packages/airflow/example_dags/example_task_group_decorator.py for tasks to queue
[2026-01-08T01:59:03.508+0000] {logging_mixin.py:190} INFO - [2026-01-08T01:59:03.508+0000] {dagbag.py:587} INFO - Filling up the DagBag from /home/airflow/.local/lib/python3.12/site-packages/airflow/example_dags/example_task_group_decorator.py
[2026-01-08T01:59:03.519+0000] {processor.py:925} INFO - DAG(s) 'example_task_group_decorator' retrieved from /home/airflow/.local/lib/python3.12/site-packages/airflow/example_dags/example_task_group_decorator.py
[2026-01-08T01:59:03.539+0000] {logging_mixin.py:190} INFO - [2026-01-08T01:59:03.539+0000] {dag.py:3211} INFO - Sync 1 DAGs
[2026-01-08T01:59:03.555+0000] {logging_mixin.py:190} INFO - [2026-01-08T01:59:03.555+0000] {dag.py:4138} INFO - Setting next_dagrun for example_task_group_decorator to 2026-01-07 00:00:00+00:00, run_after=2026-01-08 00:00:00+00:00
[2026-01-08T01:59:03.573+0000] {processor.py:208} INFO - Processing /home/airflow/.local/lib/python3.12/site-packages/airflow/example_dags/example_task_group_decorator.py took 0.072 seconds
[2026-01-08T01:59:33.773+0000] {processor.py:186} INFO - Started process (PID=1467) to work on /home/airflow/.local/lib/python3.12/site-packages/airflow/example_dags/example_task_group_decorator.py
[2026-01-08T01:59:33.774+0000] {processor.py:914} INFO - Processing file /home/airflow/.local/lib/python3.12/site-packages/airflow/example_dags/example_task_group_decorator.py for tasks to queue
[2026-01-08T01:59:33.777+0000] {logging_mixin.py:190} INFO - [2026-01-08T01:59:33.776+0000] {dagbag.py:587} INFO - Filling up the DagBag from /home/airflow/.local/lib/python3.12/site-packages/airflow/example_dags/example_task_group_decorator.py
[2026-01-08T01:59:33.790+0000] {processor.py:925} INFO - DAG(s) 'example_task_group_decorator' retrieved from /home/airflow/.local/lib/python3.12/site-packages/airflow/example_dags/example_task_group_decorator.py
[2026-01-08T01:59:33.810+0000] {logging_mixin.py:190} INFO - [2026-01-08T01:59:33.810+0000] {dag.py:3211} INFO - Sync 1 DAGs
[2026-01-08T01:59:33.826+0000] {logging_mixin.py:190} INFO - [2026-01-08T01:59:33.826+0000] {dag.py:4138} INFO - Setting next_dagrun for example_task_group_decorator to 2026-01-07 00:00:00+00:00, run_after=2026-01-08 00:00:00+00:00
[2026-01-08T01:59:33.840+0000] {processor.py:208} INFO - Processing /home/airflow/.local/lib/python3.12/site-packages/airflow/example_dags/example_task_group_decorator.py took 0.072 seconds
[2026-01-08T02:00:04.470+0000] {processor.py:186} INFO - Started process (PID=1530) to work on /home/airflow/.local/lib/python3.12/site-packages/airflow/example_dags/example_task_group_decorator.py
[2026-01-08T02:00:04.471+0000] {processor.py:914} INFO - Processing file /home/airflow/.local/lib/python3.12/site-packages/airflow/example_dags/example_task_group_decorator.py for tasks to queue
[2026-01-08T02:00:04.473+0000] {logging_mixin.py:190} INFO - [2026-01-08T02:00:04.473+0000] {dagbag.py:587} INFO - Filling up the DagBag from /home/airflow/.local/lib/python3.12/site-packages/airflow/example_dags/example_task_group_decorator.py
[2026-01-08T02:00:04.486+0000] {processor.py:925} INFO - DAG(s) 'example_task_group_decorator' retrieved from /home/airflow/.local/lib/python3.12/site-packages/airflow/example_dags/example_task_group_decorator.py
[2026-01-08T02:00:04.504+0000] {logging_mixin.py:190} INFO - [2026-01-08T02:00:04.504+0000] {dag.py:3211} INFO - Sync 1 DAGs
[2026-01-08T02:00:04.520+0000] {logging_mixin.py:190} INFO - [2026-01-08T02:00:04.520+0000] {dag.py:4138} INFO - Setting next_dagrun for example_task_group_decorator to 2026-01-07 00:00:00+00:00, run_after=2026-01-08 00:00:00+00:00
[2026-01-08T02:00:04.533+0000] {processor.py:208} INFO - Processing /home/airflow/.local/lib/python3.12/site-packages/airflow/example_dags/example_task_group_decorator.py took 0.068 seconds
[2026-01-08T02:00:35.000+0000] {processor.py:186} INFO - Started process (PID=1593) to work on /home/airflow/.local/lib/python3.12/site-packages/airflow/example_dags/example_task_group_decorator.py
[2026-01-08T02:00:35.002+0000] {processor.py:914} INFO - Processing file /home/airflow/.local/lib/python3.12/site-packages/airflow/example_dags/example_task_group_decorator.py for tasks to queue
[2026-01-08T02:00:35.004+0000] {logging_mixin.py:190} INFO - [2026-01-08T02:00:35.004+0000] {dagbag.py:587} INFO - Filling up the DagBag from /home/airflow/.local/lib/python3.12/site-packages/airflow/example_dags/example_task_group_decorator.py
[2026-01-08T02:00:35.015+0000] {processor.py:925} INFO - DAG(s) 'example_task_group_decorator' retrieved from /home/airflow/.local/lib/python3.12/site-packages/airflow/example_dags/example_task_group_decorator.py
[2026-01-08T02:00:35.035+0000] {logging_mixin.py:190} INFO - [2026-01-08T02:00:35.035+0000] {dag.py:3211} INFO - Sync 1 DAGs
[2026-01-08T02:00:35.052+0000] {logging_mixin.py:190} INFO - [2026-01-08T02:00:35.052+0000] {dag.py:4138} INFO - Setting next_dagrun for example_task_group_decorator to 2026-01-07 00:00:00+00:00, run_after=2026-01-08 00:00:00+00:00
[2026-01-08T02:00:35.065+0000] {processor.py:208} INFO - Processing /home/airflow/.local/lib/python3.12/site-packages/airflow/example_dags/example_task_group_decorator.py took 0.069 seconds
[2026-01-08T02:01:05.706+0000] {processor.py:186} INFO - Started process (PID=1656) to work on /home/airflow/.local/lib/python3.12/site-packages/airflow/example_dags/example_task_group_decorator.py
[2026-01-08T02:01:05.708+0000] {processor.py:914} INFO - Processing file /home/airflow/.local/lib/python3.12/site-packages/airflow/example_dags/example_task_group_decorator.py for tasks to queue
[2026-01-08T02:01:05.710+0000] {logging_mixin.py:190} INFO - [2026-01-08T02:01:05.710+0000] {dagbag.py:587} INFO - Filling up the DagBag from /home/airflow/.local/lib/python3.12/site-packages/airflow/example_dags/example_task_group_decorator.py
[2026-01-08T02:01:05.722+0000] {processor.py:925} INFO - DAG(s) 'example_task_group_decorator' retrieved from /home/airflow/.local/lib/python3.12/site-packages/airflow/example_dags/example_task_group_decorator.py
[2026-01-08T02:01:05.743+0000] {logging_mixin.py:190} INFO - [2026-01-08T02:01:05.743+0000] {dag.py:3211} INFO - Sync 1 DAGs
[2026-01-08T02:01:05.760+0000] {logging_mixin.py:190} INFO - [2026-01-08T02:01:05.760+0000] {dag.py:4138} INFO - Setting next_dagrun for example_task_group_decorator to 2026-01-07 00:00:00+00:00, run_after=2026-01-08 00:00:00+00:00
[2026-01-08T02:01:05.775+0000] {processor.py:208} INFO - Processing /home/airflow/.local/lib/python3.12/site-packages/airflow/example_dags/example_task_group_decorator.py took 0.073 seconds
[2026-01-08T02:01:36.548+0000] {processor.py:186} INFO - Started process (PID=1719) to work on /home/airflow/.local/lib/python3.12/site-packages/airflow/example_dags/example_task_group_decorator.py
[2026-01-08T02:01:36.549+0000] {processor.py:914} INFO - Processing file /home/airflow/.local/lib/python3.12/site-packages/airflow/example_dags/example_task_group_decorator.py for tasks to queue
[2026-01-08T02:01:36.552+0000] {logging_mixin.py:190} INFO - [2026-01-08T02:01:36.551+0000] {dagbag.py:587} INFO - Filling up the DagBag from /home/airflow/.local/lib/python3.12/site-packages/airflow/example_dags/example_task_group_decorator.py
[2026-01-08T02:01:36.566+0000] {processor.py:925} INFO - DAG(s) 'example_task_group_decorator' retrieved from /home/airflow/.local/lib/python3.12/site-packages/airflow/example_dags/example_task_group_decorator.py
[2026-01-08T02:01:36.590+0000] {logging_mixin.py:190} INFO - [2026-01-08T02:01:36.590+0000] {dag.py:3211} INFO - Sync 1 DAGs
[2026-01-08T02:01:36.613+0000] {logging_mixin.py:190} INFO - [2026-01-08T02:01:36.612+0000] {dag.py:4138} INFO - Setting next_dagrun for example_task_group_decorator to 2026-01-07 00:00:00+00:00, run_after=2026-01-08 00:00:00+00:00
[2026-01-08T02:01:36.630+0000] {processor.py:208} INFO - Processing /home/airflow/.local/lib/python3.12/site-packages/airflow/example_dags/example_task_group_decorator.py took 0.086 seconds
[2026-01-08T02:02:07.568+0000] {processor.py:186} INFO - Started process (PID=1782) to work on /home/airflow/.local/lib/python3.12/site-packages/airflow/example_dags/example_task_group_decorator.py
[2026-01-08T02:02:07.570+0000] {processor.py:914} INFO - Processing file /home/airflow/.local/lib/python3.12/site-packages/airflow/example_dags/example_task_group_decorator.py for tasks to queue
[2026-01-08T02:02:07.572+0000] {logging_mixin.py:190} INFO - [2026-01-08T02:02:07.572+0000] {dagbag.py:587} INFO - Filling up the DagBag from /home/airflow/.local/lib/python3.12/site-packages/airflow/example_dags/example_task_group_decorator.py
[2026-01-08T02:02:07.583+0000] {processor.py:925} INFO - DAG(s) 'example_task_group_decorator' retrieved from /home/airflow/.local/lib/python3.12/site-packages/airflow/example_dags/example_task_group_decorator.py
[2026-01-08T02:02:07.602+0000] {logging_mixin.py:190} INFO - [2026-01-08T02:02:07.602+0000] {dag.py:3211} INFO - Sync 1 DAGs
[2026-01-08T02:02:07.619+0000] {logging_mixin.py:190} INFO - [2026-01-08T02:02:07.618+0000] {dag.py:4138} INFO - Setting next_dagrun for example_task_group_decorator to 2026-01-07 00:00:00+00:00, run_after=2026-01-08 00:00:00+00:00
[2026-01-08T02:02:07.635+0000] {processor.py:208} INFO - Processing /home/airflow/.local/lib/python3.12/site-packages/airflow/example_dags/example_task_group_decorator.py took 0.071 seconds
[2026-01-08T02:02:38.482+0000] {processor.py:186} INFO - Started process (PID=1846) to work on /home/airflow/.local/lib/python3.12/site-packages/airflow/example_dags/example_task_group_decorator.py
[2026-01-08T02:02:38.484+0000] {processor.py:914} INFO - Processing file /home/airflow/.local/lib/python3.12/site-packages/airflow/example_dags/example_task_group_decorator.py for tasks to queue
[2026-01-08T02:02:38.486+0000] {logging_mixin.py:190} INFO - [2026-01-08T02:02:38.486+0000] {dagbag.py:587} INFO - Filling up the DagBag from /home/airflow/.local/lib/python3.12/site-packages/airflow/example_dags/example_task_group_decorator.py
[2026-01-08T02:02:38.496+0000] {processor.py:925} INFO - DAG(s) 'example_task_group_decorator' retrieved from /home/airflow/.local/lib/python3.12/site-packages/airflow/example_dags/example_task_group_decorator.py
[2026-01-08T02:02:38.516+0000] {logging_mixin.py:190} INFO - [2026-01-08T02:02:38.516+0000] {dag.py:3211} INFO - Sync 1 DAGs
[2026-01-08T02:02:38.531+0000] {logging_mixin.py:190} INFO - [2026-01-08T02:02:38.531+0000] {dag.py:4138} INFO - Setting next_dagrun for example_task_group_decorator to 2026-01-07 00:00:00+00:00, run_after=2026-01-08 00:00:00+00:00
[2026-01-08T02:02:38.546+0000] {processor.py:208} INFO - Processing /home/airflow/.local/lib/python3.12/site-packages/airflow/example_dags/example_task_group_decorator.py took 0.068 seconds
[2026-01-08T02:03:09.514+0000] {processor.py:186} INFO - Started process (PID=1909) to work on /home/airflow/.local/lib/python3.12/site-packages/airflow/example_dags/example_task_group_decorator.py
[2026-01-08T02:03:09.516+0000] {processor.py:914} INFO - Processing file /home/airflow/.local/lib/python3.12/site-packages/airflow/example_dags/example_task_group_decorator.py for tasks to queue
[2026-01-08T02:03:09.518+0000] {logging_mixin.py:190} INFO - [2026-01-08T02:03:09.518+0000] {dagbag.py:587} INFO - Filling up the DagBag from /home/airflow/.local/lib/python3.12/site-packages/airflow/example_dags/example_task_group_decorator.py
[2026-01-08T02:03:09.531+0000] {processor.py:925} INFO - DAG(s) 'example_task_group_decorator' retrieved from /home/airflow/.local/lib/python3.12/site-packages/airflow/example_dags/example_task_group_decorator.py
[2026-01-08T02:03:09.551+0000] {logging_mixin.py:190} INFO - [2026-01-08T02:03:09.550+0000] {dag.py:3211} INFO - Sync 1 DAGs
[2026-01-08T02:03:09.567+0000] {logging_mixin.py:190} INFO - [2026-01-08T02:03:09.567+0000] {dag.py:4138} INFO - Setting next_dagrun for example_task_group_decorator to 2026-01-07 00:00:00+00:00, run_after=2026-01-08 00:00:00+00:00
[2026-01-08T02:03:09.584+0000] {processor.py:208} INFO - Processing /home/airflow/.local/lib/python3.12/site-packages/airflow/example_dags/example_task_group_decorator.py took 0.075 seconds
[2026-01-08T02:03:40.154+0000] {processor.py:186} INFO - Started process (PID=1973) to work on /home/airflow/.local/lib/python3.12/site-packages/airflow/example_dags/example_task_group_decorator.py
[2026-01-08T02:03:40.156+0000] {processor.py:914} INFO - Processing file /home/airflow/.local/lib/python3.12/site-packages/airflow/example_dags/example_task_group_decorator.py for tasks to queue
[2026-01-08T02:03:40.158+0000] {logging_mixin.py:190} INFO - [2026-01-08T02:03:40.158+0000] {dagbag.py:587} INFO - Filling up the DagBag from /home/airflow/.local/lib/python3.12/site-packages/airflow/example_dags/example_task_group_decorator.py
[2026-01-08T02:03:40.169+0000] {processor.py:925} INFO - DAG(s) 'example_task_group_decorator' retrieved from /home/airflow/.local/lib/python3.12/site-packages/airflow/example_dags/example_task_group_decorator.py
[2026-01-08T02:03:40.187+0000] {logging_mixin.py:190} INFO - [2026-01-08T02:03:40.187+0000] {dag.py:3211} INFO - Sync 1 DAGs
[2026-01-08T02:03:40.203+0000] {logging_mixin.py:190} INFO - [2026-01-08T02:03:40.203+0000] {dag.py:4138} INFO - Setting next_dagrun for example_task_group_decorator to 2026-01-07 00:00:00+00:00, run_after=2026-01-08 00:00:00+00:00
[2026-01-08T02:03:40.217+0000] {processor.py:208} INFO - Processing /home/airflow/.local/lib/python3.12/site-packages/airflow/example_dags/example_task_group_decorator.py took 0.067 seconds
[2026-01-08T02:04:10.298+0000] {processor.py:186} INFO - Started process (PID=2036) to work on /home/airflow/.local/lib/python3.12/site-packages/airflow/example_dags/example_task_group_decorator.py
[2026-01-08T02:04:10.299+0000] {processor.py:914} INFO - Processing file /home/airflow/.local/lib/python3.12/site-packages/airflow/example_dags/example_task_group_decorator.py for tasks to queue
[2026-01-08T02:04:10.301+0000] {logging_mixin.py:190} INFO - [2026-01-08T02:04:10.301+0000] {dagbag.py:587} INFO - Filling up the DagBag from /home/airflow/.local/lib/python3.12/site-packages/airflow/example_dags/example_task_group_decorator.py
[2026-01-08T02:04:10.313+0000] {processor.py:925} INFO - DAG(s) 'example_task_group_decorator' retrieved from /home/airflow/.local/lib/python3.12/site-packages/airflow/example_dags/example_task_group_decorator.py
[2026-01-08T02:04:10.331+0000] {logging_mixin.py:190} INFO - [2026-01-08T02:04:10.331+0000] {dag.py:3211} INFO - Sync 1 DAGs
[2026-01-08T02:04:10.347+0000] {logging_mixin.py:190} INFO - [2026-01-08T02:04:10.347+0000] {dag.py:4138} INFO - Setting next_dagrun for example_task_group_decorator to 2026-01-07 00:00:00+00:00, run_after=2026-01-08 00:00:00+00:00
[2026-01-08T02:04:10.362+0000] {processor.py:208} INFO - Processing /home/airflow/.local/lib/python3.12/site-packages/airflow/example_dags/example_task_group_decorator.py took 0.069 seconds
[2026-01-08T02:04:41.436+0000] {processor.py:186} INFO - Started process (PID=2099) to work on /home/airflow/.local/lib/python3.12/site-packages/airflow/example_dags/example_task_group_decorator.py
[2026-01-08T02:04:41.438+0000] {processor.py:914} INFO - Processing file /home/airflow/.local/lib/python3.12/site-packages/airflow/example_dags/example_task_group_decorator.py for tasks to queue
[2026-01-08T02:04:41.440+0000] {logging_mixin.py:190} INFO - [2026-01-08T02:04:41.440+0000] {dagbag.py:587} INFO - Filling up the DagBag from /home/airflow/.local/lib/python3.12/site-packages/airflow/example_dags/example_task_group_decorator.py
[2026-01-08T02:04:41.452+0000] {processor.py:925} INFO - DAG(s) 'example_task_group_decorator' retrieved from /home/airflow/.local/lib/python3.12/site-packages/airflow/example_dags/example_task_group_decorator.py
[2026-01-08T02:04:41.471+0000] {logging_mixin.py:190} INFO - [2026-01-08T02:04:41.471+0000] {dag.py:3211} INFO - Sync 1 DAGs
[2026-01-08T02:04:41.488+0000] {logging_mixin.py:190} INFO - [2026-01-08T02:04:41.488+0000] {dag.py:4138} INFO - Setting next_dagrun for example_task_group_decorator to 2026-01-07 00:00:00+00:00, run_after=2026-01-08 00:00:00+00:00
[2026-01-08T02:04:41.503+0000] {processor.py:208} INFO - Processing /home/airflow/.local/lib/python3.12/site-packages/airflow/example_dags/example_task_group_decorator.py took 0.072 seconds
[2026-01-08T02:05:12.930+0000] {processor.py:186} INFO - Started process (PID=2162) to work on /home/airflow/.local/lib/python3.12/site-packages/airflow/example_dags/example_task_group_decorator.py
[2026-01-08T02:05:12.931+0000] {processor.py:914} INFO - Processing file /home/airflow/.local/lib/python3.12/site-packages/airflow/example_dags/example_task_group_decorator.py for tasks to queue
[2026-01-08T02:05:12.933+0000] {logging_mixin.py:190} INFO - [2026-01-08T02:05:12.933+0000] {dagbag.py:587} INFO - Filling up the DagBag from /home/airflow/.local/lib/python3.12/site-packages/airflow/example_dags/example_task_group_decorator.py
[2026-01-08T02:05:12.944+0000] {processor.py:925} INFO - DAG(s) 'example_task_group_decorator' retrieved from /home/airflow/.local/lib/python3.12/site-packages/airflow/example_dags/example_task_group_decorator.py
[2026-01-08T02:05:12.964+0000] {logging_mixin.py:190} INFO - [2026-01-08T02:05:12.964+0000] {dag.py:3211} INFO - Sync 1 DAGs
[2026-01-08T02:05:12.981+0000] {logging_mixin.py:190} INFO - [2026-01-08T02:05:12.981+0000] {dag.py:4138} INFO - Setting next_dagrun for example_task_group_decorator to 2026-01-07 00:00:00+00:00, run_after=2026-01-08 00:00:00+00:00
[2026-01-08T02:05:12.997+0000] {processor.py:208} INFO - Processing /home/airflow/.local/lib/python3.12/site-packages/airflow/example_dags/example_task_group_decorator.py took 0.071 seconds
[2026-01-08T02:05:44.386+0000] {processor.py:186} INFO - Started process (PID=2225) to work on /home/airflow/.local/lib/python3.12/site-packages/airflow/example_dags/example_task_group_decorator.py
[2026-01-08T02:05:44.387+0000] {processor.py:914} INFO - Processing file /home/airflow/.local/lib/python3.12/site-packages/airflow/example_dags/example_task_group_decorator.py for tasks to queue
[2026-01-08T02:05:44.389+0000] {logging_mixin.py:190} INFO - [2026-01-08T02:05:44.389+0000] {dagbag.py:587} INFO - Filling up the DagBag from /home/airflow/.local/lib/python3.12/site-packages/airflow/example_dags/example_task_group_decorator.py
[2026-01-08T02:05:44.399+0000] {processor.py:925} INFO - DAG(s) 'example_task_group_decorator' retrieved from /home/airflow/.local/lib/python3.12/site-packages/airflow/example_dags/example_task_group_decorator.py
[2026-01-08T02:05:44.417+0000] {logging_mixin.py:190} INFO - [2026-01-08T02:05:44.417+0000] {dag.py:3211} INFO - Sync 1 DAGs
[2026-01-08T02:05:44.432+0000] {logging_mixin.py:190} INFO - [2026-01-08T02:05:44.432+0000] {dag.py:4138} INFO - Setting next_dagrun for example_task_group_decorator to 2026-01-07 00:00:00+00:00, run_after=2026-01-08 00:00:00+00:00
[2026-01-08T02:05:44.449+0000] {processor.py:208} INFO - Processing /home/airflow/.local/lib/python3.12/site-packages/airflow/example_dags/example_task_group_decorator.py took 0.068 seconds
[2026-01-08T02:06:15.630+0000] {processor.py:186} INFO - Started process (PID=2288) to work on /home/airflow/.local/lib/python3.12/site-packages/airflow/example_dags/example_task_group_decorator.py
[2026-01-08T02:06:15.631+0000] {processor.py:914} INFO - Processing file /home/airflow/.local/lib/python3.12/site-packages/airflow/example_dags/example_task_group_decorator.py for tasks to queue
[2026-01-08T02:06:15.634+0000] {logging_mixin.py:190} INFO - [2026-01-08T02:06:15.633+0000] {dagbag.py:587} INFO - Filling up the DagBag from /home/airflow/.local/lib/python3.12/site-packages/airflow/example_dags/example_task_group_decorator.py
[2026-01-08T02:06:15.644+0000] {processor.py:925} INFO - DAG(s) 'example_task_group_decorator' retrieved from /home/airflow/.local/lib/python3.12/site-packages/airflow/example_dags/example_task_group_decorator.py
[2026-01-08T02:06:15.663+0000] {logging_mixin.py:190} INFO - [2026-01-08T02:06:15.663+0000] {dag.py:3211} INFO - Sync 1 DAGs
[2026-01-08T02:06:15.680+0000] {logging_mixin.py:190} INFO - [2026-01-08T02:06:15.680+0000] {dag.py:4138} INFO - Setting next_dagrun for example_task_group_decorator to 2026-01-07 00:00:00+00:00, run_after=2026-01-08 00:00:00+00:00
[2026-01-08T02:06:15.696+0000] {processor.py:208} INFO - Processing /home/airflow/.local/lib/python3.12/site-packages/airflow/example_dags/example_task_group_decorator.py took 0.070 seconds
[2026-01-08T02:06:46.170+0000] {processor.py:186} INFO - Started process (PID=2351) to work on /home/airflow/.local/lib/python3.12/site-packages/airflow/example_dags/example_task_group_decorator.py
[2026-01-08T02:06:46.171+0000] {processor.py:914} INFO - Processing file /home/airflow/.local/lib/python3.12/site-packages/airflow/example_dags/example_task_group_decorator.py for tasks to queue
[2026-01-08T02:06:46.174+0000] {logging_mixin.py:190} INFO - [2026-01-08T02:06:46.173+0000] {dagbag.py:587} INFO - Filling up the DagBag from /home/airflow/.local/lib/python3.12/site-packages/airflow/example_dags/example_task_group_decorator.py
[2026-01-08T02:06:46.185+0000] {processor.py:925} INFO - DAG(s) 'example_task_group_decorator' retrieved from /home/airflow/.local/lib/python3.12/site-packages/airflow/example_dags/example_task_group_decorator.py
[2026-01-08T02:06:46.205+0000] {logging_mixin.py:190} INFO - [2026-01-08T02:06:46.205+0000] {dag.py:3211} INFO - Sync 1 DAGs
[2026-01-08T02:06:46.219+0000] {logging_mixin.py:190} INFO - [2026-01-08T02:06:46.219+0000] {dag.py:4138} INFO - Setting next_dagrun for example_task_group_decorator to 2026-01-07 00:00:00+00:00, run_after=2026-01-08 00:00:00+00:00
[2026-01-08T02:06:46.232+0000] {processor.py:208} INFO - Processing /home/airflow/.local/lib/python3.12/site-packages/airflow/example_dags/example_task_group_decorator.py took 0.067 seconds
[2026-01-08T02:07:16.407+0000] {processor.py:186} INFO - Started process (PID=2414) to work on /home/airflow/.local/lib/python3.12/site-packages/airflow/example_dags/example_task_group_decorator.py
[2026-01-08T02:07:16.408+0000] {processor.py:914} INFO - Processing file /home/airflow/.local/lib/python3.12/site-packages/airflow/example_dags/example_task_group_decorator.py for tasks to queue
[2026-01-08T02:07:16.410+0000] {logging_mixin.py:190} INFO - [2026-01-08T02:07:16.410+0000] {dagbag.py:587} INFO - Filling up the DagBag from /home/airflow/.local/lib/python3.12/site-packages/airflow/example_dags/example_task_group_decorator.py
[2026-01-08T02:07:16.422+0000] {processor.py:925} INFO - DAG(s) 'example_task_group_decorator' retrieved from /home/airflow/.local/lib/python3.12/site-packages/airflow/example_dags/example_task_group_decorator.py
[2026-01-08T02:07:16.439+0000] {logging_mixin.py:190} INFO - [2026-01-08T02:07:16.439+0000] {dag.py:3211} INFO - Sync 1 DAGs
[2026-01-08T02:07:16.454+0000] {logging_mixin.py:190} INFO - [2026-01-08T02:07:16.454+0000] {dag.py:4138} INFO - Setting next_dagrun for example_task_group_decorator to 2026-01-07 00:00:00+00:00, run_after=2026-01-08 00:00:00+00:00
[2026-01-08T02:07:16.469+0000] {processor.py:208} INFO - Processing /home/airflow/.local/lib/python3.12/site-packages/airflow/example_dags/example_task_group_decorator.py took 0.066 seconds
[2026-01-08T02:07:46.808+0000] {processor.py:186} INFO - Started process (PID=2477) to work on /home/airflow/.local/lib/python3.12/site-packages/airflow/example_dags/example_task_group_decorator.py
[2026-01-08T02:07:46.810+0000] {processor.py:914} INFO - Processing file /home/airflow/.local/lib/python3.12/site-packages/airflow/example_dags/example_task_group_decorator.py for tasks to queue
[2026-01-08T02:07:46.812+0000] {logging_mixin.py:190} INFO - [2026-01-08T02:07:46.812+0000] {dagbag.py:587} INFO - Filling up the DagBag from /home/airflow/.local/lib/python3.12/site-packages/airflow/example_dags/example_task_group_decorator.py
[2026-01-08T02:07:46.822+0000] {processor.py:925} INFO - DAG(s) 'example_task_group_decorator' retrieved from /home/airflow/.local/lib/python3.12/site-packages/airflow/example_dags/example_task_group_decorator.py
[2026-01-08T02:07:46.841+0000] {logging_mixin.py:190} INFO - [2026-01-08T02:07:46.841+0000] {dag.py:3211} INFO - Sync 1 DAGs
[2026-01-08T02:07:46.856+0000] {logging_mixin.py:190} INFO - [2026-01-08T02:07:46.856+0000] {dag.py:4138} INFO - Setting next_dagrun for example_task_group_decorator to 2026-01-07 00:00:00+00:00, run_after=2026-01-08 00:00:00+00:00
[2026-01-08T02:07:46.871+0000] {processor.py:208} INFO - Processing /home/airflow/.local/lib/python3.12/site-packages/airflow/example_dags/example_task_group_decorator.py took 0.067 seconds
[2026-01-08T02:08:17.034+0000] {processor.py:186} INFO - Started process (PID=2540) to work on /home/airflow/.local/lib/python3.12/site-packages/airflow/example_dags/example_task_group_decorator.py
[2026-01-08T02:08:17.036+0000] {processor.py:914} INFO - Processing file /home/airflow/.local/lib/python3.12/site-packages/airflow/example_dags/example_task_group_decorator.py for tasks to queue
[2026-01-08T02:08:17.038+0000] {logging_mixin.py:190} INFO - [2026-01-08T02:08:17.038+0000] {dagbag.py:587} INFO - Filling up the DagBag from /home/airflow/.local/lib/python3.12/site-packages/airflow/example_dags/example_task_group_decorator.py
[2026-01-08T02:08:17.049+0000] {processor.py:925} INFO - DAG(s) 'example_task_group_decorator' retrieved from /home/airflow/.local/lib/python3.12/site-packages/airflow/example_dags/example_task_group_decorator.py
[2026-01-08T02:08:17.067+0000] {logging_mixin.py:190} INFO - [2026-01-08T02:08:17.067+0000] {dag.py:3211} INFO - Sync 1 DAGs
[2026-01-08T02:08:17.083+0000] {logging_mixin.py:190} INFO - [2026-01-08T02:08:17.083+0000] {dag.py:4138} INFO - Setting next_dagrun for example_task_group_decorator to 2026-01-07 00:00:00+00:00, run_after=2026-01-08 00:00:00+00:00
[2026-01-08T02:08:17.096+0000] {processor.py:208} INFO - Processing /home/airflow/.local/lib/python3.12/site-packages/airflow/example_dags/example_task_group_decorator.py took 0.066 seconds
[2026-01-08T02:08:48.208+0000] {processor.py:186} INFO - Started process (PID=2603) to work on /home/airflow/.local/lib/python3.12/site-packages/airflow/example_dags/example_task_group_decorator.py
[2026-01-08T02:08:48.210+0000] {processor.py:914} INFO - Processing file /home/airflow/.local/lib/python3.12/site-packages/airflow/example_dags/example_task_group_decorator.py for tasks to queue
[2026-01-08T02:08:48.212+0000] {logging_mixin.py:190} INFO - [2026-01-08T02:08:48.212+0000] {dagbag.py:587} INFO - Filling up the DagBag from /home/airflow/.local/lib/python3.12/site-packages/airflow/example_dags/example_task_group_decorator.py
[2026-01-08T02:08:48.223+0000] {processor.py:925} INFO - DAG(s) 'example_task_group_decorator' retrieved from /home/airflow/.local/lib/python3.12/site-packages/airflow/example_dags/example_task_group_decorator.py
[2026-01-08T02:08:48.241+0000] {logging_mixin.py:190} INFO - [2026-01-08T02:08:48.241+0000] {dag.py:3211} INFO - Sync 1 DAGs
[2026-01-08T02:08:48.256+0000] {logging_mixin.py:190} INFO - [2026-01-08T02:08:48.256+0000] {dag.py:4138} INFO - Setting next_dagrun for example_task_group_decorator to 2026-01-07 00:00:00+00:00, run_after=2026-01-08 00:00:00+00:00
[2026-01-08T02:08:48.270+0000] {processor.py:208} INFO - Processing /home/airflow/.local/lib/python3.12/site-packages/airflow/example_dags/example_task_group_decorator.py took 0.067 seconds
[2026-01-08T02:09:18.741+0000] {processor.py:186} INFO - Started process (PID=2666) to work on /home/airflow/.local/lib/python3.12/site-packages/airflow/example_dags/example_task_group_decorator.py
[2026-01-08T02:09:18.742+0000] {processor.py:914} INFO - Processing file /home/airflow/.local/lib/python3.12/site-packages/airflow/example_dags/example_task_group_decorator.py for tasks to queue
[2026-01-08T02:09:18.745+0000] {logging_mixin.py:190} INFO - [2026-01-08T02:09:18.745+0000] {dagbag.py:587} INFO - Filling up the DagBag from /home/airflow/.local/lib/python3.12/site-packages/airflow/example_dags/example_task_group_decorator.py
[2026-01-08T02:09:18.757+0000] {processor.py:925} INFO - DAG(s) 'example_task_group_decorator' retrieved from /home/airflow/.local/lib/python3.12/site-packages/airflow/example_dags/example_task_group_decorator.py
[2026-01-08T02:09:18.777+0000] {logging_mixin.py:190} INFO - [2026-01-08T02:09:18.777+0000] {dag.py:3211} INFO - Sync 1 DAGs
[2026-01-08T02:09:18.794+0000] {logging_mixin.py:190} INFO - [2026-01-08T02:09:18.793+0000] {dag.py:4138} INFO - Setting next_dagrun for example_task_group_decorator to 2026-01-07 00:00:00+00:00, run_after=2026-01-08 00:00:00+00:00
[2026-01-08T02:09:18.810+0000] {processor.py:208} INFO - Processing /home/airflow/.local/lib/python3.12/site-packages/airflow/example_dags/example_task_group_decorator.py took 0.074 seconds
[2026-01-08T02:09:49.121+0000] {processor.py:186} INFO - Started process (PID=2729) to work on /home/airflow/.local/lib/python3.12/site-packages/airflow/example_dags/example_task_group_decorator.py
[2026-01-08T02:09:49.122+0000] {processor.py:914} INFO - Processing file /home/airflow/.local/lib/python3.12/site-packages/airflow/example_dags/example_task_group_decorator.py for tasks to queue
[2026-01-08T02:09:49.124+0000] {logging_mixin.py:190} INFO - [2026-01-08T02:09:49.124+0000] {dagbag.py:587} INFO - Filling up the DagBag from /home/airflow/.local/lib/python3.12/site-packages/airflow/example_dags/example_task_group_decorator.py
[2026-01-08T02:09:49.136+0000] {processor.py:925} INFO - DAG(s) 'example_task_group_decorator' retrieved from /home/airflow/.local/lib/python3.12/site-packages/airflow/example_dags/example_task_group_decorator.py
[2026-01-08T02:09:49.154+0000] {logging_mixin.py:190} INFO - [2026-01-08T02:09:49.153+0000] {dag.py:3211} INFO - Sync 1 DAGs
[2026-01-08T02:09:49.170+0000] {logging_mixin.py:190} INFO - [2026-01-08T02:09:49.170+0000] {dag.py:4138} INFO - Setting next_dagrun for example_task_group_decorator to 2026-01-07 00:00:00+00:00, run_after=2026-01-08 00:00:00+00:00
[2026-01-08T02:09:49.183+0000] {processor.py:208} INFO - Processing /home/airflow/.local/lib/python3.12/site-packages/airflow/example_dags/example_task_group_decorator.py took 0.067 seconds
[2026-01-08T02:10:19.544+0000] {processor.py:186} INFO - Started process (PID=2792) to work on /home/airflow/.local/lib/python3.12/site-packages/airflow/example_dags/example_task_group_decorator.py
[2026-01-08T02:10:19.545+0000] {processor.py:914} INFO - Processing file /home/airflow/.local/lib/python3.12/site-packages/airflow/example_dags/example_task_group_decorator.py for tasks to queue
[2026-01-08T02:10:19.547+0000] {logging_mixin.py:190} INFO - [2026-01-08T02:10:19.547+0000] {dagbag.py:587} INFO - Filling up the DagBag from /home/airflow/.local/lib/python3.12/site-packages/airflow/example_dags/example_task_group_decorator.py
[2026-01-08T02:10:19.559+0000] {processor.py:925} INFO - DAG(s) 'example_task_group_decorator' retrieved from /home/airflow/.local/lib/python3.12/site-packages/airflow/example_dags/example_task_group_decorator.py
[2026-01-08T02:10:19.577+0000] {logging_mixin.py:190} INFO - [2026-01-08T02:10:19.577+0000] {dag.py:3211} INFO - Sync 1 DAGs
[2026-01-08T02:10:19.593+0000] {logging_mixin.py:190} INFO - [2026-01-08T02:10:19.592+0000] {dag.py:4138} INFO - Setting next_dagrun for example_task_group_decorator to 2026-01-07 00:00:00+00:00, run_after=2026-01-08 00:00:00+00:00
[2026-01-08T02:10:19.607+0000] {processor.py:208} INFO - Processing /home/airflow/.local/lib/python3.12/site-packages/airflow/example_dags/example_task_group_decorator.py took 0.068 seconds
[2026-01-08T02:10:50.074+0000] {processor.py:186} INFO - Started process (PID=2854) to work on /home/airflow/.local/lib/python3.12/site-packages/airflow/example_dags/example_task_group_decorator.py
[2026-01-08T02:10:50.075+0000] {processor.py:914} INFO - Processing file /home/airflow/.local/lib/python3.12/site-packages/airflow/example_dags/example_task_group_decorator.py for tasks to queue
[2026-01-08T02:10:50.078+0000] {logging_mixin.py:190} INFO - [2026-01-08T02:10:50.078+0000] {dagbag.py:587} INFO - Filling up the DagBag from /home/airflow/.local/lib/python3.12/site-packages/airflow/example_dags/example_task_group_decorator.py
[2026-01-08T02:10:50.090+0000] {processor.py:925} INFO - DAG(s) 'example_task_group_decorator' retrieved from /home/airflow/.local/lib/python3.12/site-packages/airflow/example_dags/example_task_group_decorator.py
[2026-01-08T02:10:50.109+0000] {logging_mixin.py:190} INFO - [2026-01-08T02:10:50.109+0000] {dag.py:3211} INFO - Sync 1 DAGs
[2026-01-08T02:10:50.128+0000] {logging_mixin.py:190} INFO - [2026-01-08T02:10:50.128+0000] {dag.py:4138} INFO - Setting next_dagrun for example_task_group_decorator to 2026-01-07 00:00:00+00:00, run_after=2026-01-08 00:00:00+00:00
[2026-01-08T02:10:50.144+0000] {processor.py:208} INFO - Processing /home/airflow/.local/lib/python3.12/site-packages/airflow/example_dags/example_task_group_decorator.py took 0.075 seconds
[2026-01-08T02:11:21.557+0000] {processor.py:186} INFO - Started process (PID=2917) to work on /home/airflow/.local/lib/python3.12/site-packages/airflow/example_dags/example_task_group_decorator.py
[2026-01-08T02:11:21.559+0000] {processor.py:914} INFO - Processing file /home/airflow/.local/lib/python3.12/site-packages/airflow/example_dags/example_task_group_decorator.py for tasks to queue
[2026-01-08T02:11:21.561+0000] {logging_mixin.py:190} INFO - [2026-01-08T02:11:21.561+0000] {dagbag.py:587} INFO - Filling up the DagBag from /home/airflow/.local/lib/python3.12/site-packages/airflow/example_dags/example_task_group_decorator.py
[2026-01-08T02:11:21.572+0000] {processor.py:925} INFO - DAG(s) 'example_task_group_decorator' retrieved from /home/airflow/.local/lib/python3.12/site-packages/airflow/example_dags/example_task_group_decorator.py
[2026-01-08T02:11:21.590+0000] {logging_mixin.py:190} INFO - [2026-01-08T02:11:21.589+0000] {dag.py:3211} INFO - Sync 1 DAGs
[2026-01-08T02:11:21.605+0000] {logging_mixin.py:190} INFO - [2026-01-08T02:11:21.604+0000] {dag.py:4138} INFO - Setting next_dagrun for example_task_group_decorator to 2026-01-07 00:00:00+00:00, run_after=2026-01-08 00:00:00+00:00
[2026-01-08T02:11:21.621+0000] {processor.py:208} INFO - Processing /home/airflow/.local/lib/python3.12/site-packages/airflow/example_dags/example_task_group_decorator.py took 0.068 seconds
[2026-01-08T02:11:52.401+0000] {processor.py:186} INFO - Started process (PID=2980) to work on /home/airflow/.local/lib/python3.12/site-packages/airflow/example_dags/example_task_group_decorator.py
[2026-01-08T02:11:52.403+0000] {processor.py:914} INFO - Processing file /home/airflow/.local/lib/python3.12/site-packages/airflow/example_dags/example_task_group_decorator.py for tasks to queue
[2026-01-08T02:11:52.405+0000] {logging_mixin.py:190} INFO - [2026-01-08T02:11:52.404+0000] {dagbag.py:587} INFO - Filling up the DagBag from /home/airflow/.local/lib/python3.12/site-packages/airflow/example_dags/example_task_group_decorator.py
[2026-01-08T02:11:52.416+0000] {processor.py:925} INFO - DAG(s) 'example_task_group_decorator' retrieved from /home/airflow/.local/lib/python3.12/site-packages/airflow/example_dags/example_task_group_decorator.py
[2026-01-08T02:11:52.433+0000] {logging_mixin.py:190} INFO - [2026-01-08T02:11:52.432+0000] {dag.py:3211} INFO - Sync 1 DAGs
[2026-01-08T02:11:52.573+0000] {logging_mixin.py:190} INFO - [2026-01-08T02:11:52.573+0000] {dag.py:4138} INFO - Setting next_dagrun for example_task_group_decorator to 2026-01-07 00:00:00+00:00, run_after=2026-01-08 00:00:00+00:00
[2026-01-08T02:11:52.595+0000] {processor.py:208} INFO - Processing /home/airflow/.local/lib/python3.12/site-packages/airflow/example_dags/example_task_group_decorator.py took 0.198 seconds
[2026-01-08T02:12:22.783+0000] {processor.py:186} INFO - Started process (PID=3044) to work on /home/airflow/.local/lib/python3.12/site-packages/airflow/example_dags/example_task_group_decorator.py
[2026-01-08T02:12:22.784+0000] {processor.py:914} INFO - Processing file /home/airflow/.local/lib/python3.12/site-packages/airflow/example_dags/example_task_group_decorator.py for tasks to queue
[2026-01-08T02:12:22.787+0000] {logging_mixin.py:190} INFO - [2026-01-08T02:12:22.786+0000] {dagbag.py:587} INFO - Filling up the DagBag from /home/airflow/.local/lib/python3.12/site-packages/airflow/example_dags/example_task_group_decorator.py
[2026-01-08T02:12:22.799+0000] {processor.py:925} INFO - DAG(s) 'example_task_group_decorator' retrieved from /home/airflow/.local/lib/python3.12/site-packages/airflow/example_dags/example_task_group_decorator.py
[2026-01-08T02:12:22.818+0000] {logging_mixin.py:190} INFO - [2026-01-08T02:12:22.818+0000] {dag.py:3211} INFO - Sync 1 DAGs
[2026-01-08T02:12:22.835+0000] {logging_mixin.py:190} INFO - [2026-01-08T02:12:22.835+0000] {dag.py:4138} INFO - Setting next_dagrun for example_task_group_decorator to 2026-01-07 00:00:00+00:00, run_after=2026-01-08 00:00:00+00:00
[2026-01-08T02:12:22.850+0000] {processor.py:208} INFO - Processing /home/airflow/.local/lib/python3.12/site-packages/airflow/example_dags/example_task_group_decorator.py took 0.072 seconds
