[2026-01-08T01:48:19.257+0000] {processor.py:186} INFO - Started process (PID=63) to work on /home/airflow/.local/lib/python3.12/site-packages/airflow/example_dags/example_external_task_marker_dag.py
[2026-01-08T01:48:19.258+0000] {processor.py:914} INFO - Processing file /home/airflow/.local/lib/python3.12/site-packages/airflow/example_dags/example_external_task_marker_dag.py for tasks to queue
[2026-01-08T01:48:19.260+0000] {logging_mixin.py:190} INFO - [2026-01-08T01:48:19.260+0000] {dagbag.py:587} INFO - Filling up the DagBag from /home/airflow/.local/lib/python3.12/site-packages/airflow/example_dags/example_external_task_marker_dag.py
[2026-01-08T01:48:19.268+0000] {processor.py:925} INFO - DAG(s) 'example_external_task_marker_child', 'example_external_task_marker_parent' retrieved from /home/airflow/.local/lib/python3.12/site-packages/airflow/example_dags/example_external_task_marker_dag.py
[2026-01-08T01:48:19.427+0000] {logging_mixin.py:190} INFO - [2026-01-08T01:48:19.427+0000] {override.py:1858} INFO - Created Permission View: can edit on DAG:example_external_task_marker_child
[2026-01-08T01:48:19.437+0000] {logging_mixin.py:190} INFO - [2026-01-08T01:48:19.436+0000] {override.py:1858} INFO - Created Permission View: can read on DAG:example_external_task_marker_child
[2026-01-08T01:48:19.443+0000] {logging_mixin.py:190} INFO - [2026-01-08T01:48:19.442+0000] {override.py:1858} INFO - Created Permission View: can delete on DAG:example_external_task_marker_child
[2026-01-08T01:48:19.454+0000] {logging_mixin.py:190} INFO - [2026-01-08T01:48:19.454+0000] {override.py:1858} INFO - Created Permission View: can edit on DAG:example_external_task_marker_parent
[2026-01-08T01:48:19.461+0000] {logging_mixin.py:190} INFO - [2026-01-08T01:48:19.461+0000] {override.py:1858} INFO - Created Permission View: can read on DAG:example_external_task_marker_parent
[2026-01-08T01:48:19.468+0000] {logging_mixin.py:190} INFO - [2026-01-08T01:48:19.468+0000] {override.py:1858} INFO - Created Permission View: can delete on DAG:example_external_task_marker_parent
[2026-01-08T01:48:19.469+0000] {logging_mixin.py:190} INFO - [2026-01-08T01:48:19.469+0000] {dag.py:3211} INFO - Sync 2 DAGs
[2026-01-08T01:48:19.482+0000] {logging_mixin.py:190} INFO - [2026-01-08T01:48:19.482+0000] {dag.py:3234} INFO - Creating ORM DAG for example_external_task_marker_parent
[2026-01-08T01:48:19.484+0000] {logging_mixin.py:190} INFO - [2026-01-08T01:48:19.484+0000] {dag.py:3234} INFO - Creating ORM DAG for example_external_task_marker_child
[2026-01-08T01:48:19.485+0000] {logging_mixin.py:190} INFO - [2026-01-08T01:48:19.485+0000] {dag.py:4138} INFO - Setting next_dagrun for example_external_task_marker_child to None, run_after=None
[2026-01-08T01:48:19.486+0000] {logging_mixin.py:190} INFO - [2026-01-08T01:48:19.486+0000] {dag.py:4138} INFO - Setting next_dagrun for example_external_task_marker_parent to None, run_after=None
[2026-01-08T01:48:19.503+0000] {processor.py:208} INFO - Processing /home/airflow/.local/lib/python3.12/site-packages/airflow/example_dags/example_external_task_marker_dag.py took 0.251 seconds
[2026-01-08T01:48:49.658+0000] {processor.py:186} INFO - Started process (PID=125) to work on /home/airflow/.local/lib/python3.12/site-packages/airflow/example_dags/example_external_task_marker_dag.py
[2026-01-08T01:48:49.659+0000] {processor.py:914} INFO - Processing file /home/airflow/.local/lib/python3.12/site-packages/airflow/example_dags/example_external_task_marker_dag.py for tasks to queue
[2026-01-08T01:48:49.662+0000] {logging_mixin.py:190} INFO - [2026-01-08T01:48:49.661+0000] {dagbag.py:587} INFO - Filling up the DagBag from /home/airflow/.local/lib/python3.12/site-packages/airflow/example_dags/example_external_task_marker_dag.py
[2026-01-08T01:48:49.669+0000] {processor.py:925} INFO - DAG(s) 'example_external_task_marker_parent', 'example_external_task_marker_child' retrieved from /home/airflow/.local/lib/python3.12/site-packages/airflow/example_dags/example_external_task_marker_dag.py
[2026-01-08T01:48:49.690+0000] {logging_mixin.py:190} INFO - [2026-01-08T01:48:49.690+0000] {dag.py:3211} INFO - Sync 2 DAGs
[2026-01-08T01:48:49.702+0000] {logging_mixin.py:190} INFO - [2026-01-08T01:48:49.702+0000] {dag.py:4138} INFO - Setting next_dagrun for example_external_task_marker_child to None, run_after=None
[2026-01-08T01:48:49.706+0000] {logging_mixin.py:190} INFO - [2026-01-08T01:48:49.706+0000] {dag.py:4138} INFO - Setting next_dagrun for example_external_task_marker_parent to None, run_after=None
[2026-01-08T01:48:49.721+0000] {processor.py:208} INFO - Processing /home/airflow/.local/lib/python3.12/site-packages/airflow/example_dags/example_external_task_marker_dag.py took 0.069 seconds
[2026-01-08T01:49:20.140+0000] {processor.py:186} INFO - Started process (PID=187) to work on /home/airflow/.local/lib/python3.12/site-packages/airflow/example_dags/example_external_task_marker_dag.py
[2026-01-08T01:49:20.141+0000] {processor.py:914} INFO - Processing file /home/airflow/.local/lib/python3.12/site-packages/airflow/example_dags/example_external_task_marker_dag.py for tasks to queue
[2026-01-08T01:49:20.144+0000] {logging_mixin.py:190} INFO - [2026-01-08T01:49:20.144+0000] {dagbag.py:587} INFO - Filling up the DagBag from /home/airflow/.local/lib/python3.12/site-packages/airflow/example_dags/example_external_task_marker_dag.py
[2026-01-08T01:49:20.152+0000] {processor.py:925} INFO - DAG(s) 'example_external_task_marker_parent', 'example_external_task_marker_child' retrieved from /home/airflow/.local/lib/python3.12/site-packages/airflow/example_dags/example_external_task_marker_dag.py
[2026-01-08T01:49:20.172+0000] {logging_mixin.py:190} INFO - [2026-01-08T01:49:20.172+0000] {dag.py:3211} INFO - Sync 2 DAGs
[2026-01-08T01:49:20.184+0000] {logging_mixin.py:190} INFO - [2026-01-08T01:49:20.184+0000] {dag.py:4138} INFO - Setting next_dagrun for example_external_task_marker_child to None, run_after=None
[2026-01-08T01:49:20.187+0000] {logging_mixin.py:190} INFO - [2026-01-08T01:49:20.187+0000] {dag.py:4138} INFO - Setting next_dagrun for example_external_task_marker_parent to None, run_after=None
[2026-01-08T01:49:20.211+0000] {processor.py:208} INFO - Processing /home/airflow/.local/lib/python3.12/site-packages/airflow/example_dags/example_external_task_marker_dag.py took 0.076 seconds
[2026-01-08T01:49:50.623+0000] {processor.py:186} INFO - Started process (PID=249) to work on /home/airflow/.local/lib/python3.12/site-packages/airflow/example_dags/example_external_task_marker_dag.py
[2026-01-08T01:49:50.624+0000] {processor.py:914} INFO - Processing file /home/airflow/.local/lib/python3.12/site-packages/airflow/example_dags/example_external_task_marker_dag.py for tasks to queue
[2026-01-08T01:49:50.626+0000] {logging_mixin.py:190} INFO - [2026-01-08T01:49:50.626+0000] {dagbag.py:587} INFO - Filling up the DagBag from /home/airflow/.local/lib/python3.12/site-packages/airflow/example_dags/example_external_task_marker_dag.py
[2026-01-08T01:49:50.632+0000] {processor.py:925} INFO - DAG(s) 'example_external_task_marker_parent', 'example_external_task_marker_child' retrieved from /home/airflow/.local/lib/python3.12/site-packages/airflow/example_dags/example_external_task_marker_dag.py
[2026-01-08T01:49:50.650+0000] {logging_mixin.py:190} INFO - [2026-01-08T01:49:50.650+0000] {dag.py:3211} INFO - Sync 2 DAGs
[2026-01-08T01:49:50.661+0000] {logging_mixin.py:190} INFO - [2026-01-08T01:49:50.661+0000] {dag.py:4138} INFO - Setting next_dagrun for example_external_task_marker_child to None, run_after=None
[2026-01-08T01:49:50.665+0000] {logging_mixin.py:190} INFO - [2026-01-08T01:49:50.664+0000] {dag.py:4138} INFO - Setting next_dagrun for example_external_task_marker_parent to None, run_after=None
[2026-01-08T01:49:50.687+0000] {processor.py:208} INFO - Processing /home/airflow/.local/lib/python3.12/site-packages/airflow/example_dags/example_external_task_marker_dag.py took 0.069 seconds
[2026-01-08T01:50:21.123+0000] {processor.py:186} INFO - Started process (PID=311) to work on /home/airflow/.local/lib/python3.12/site-packages/airflow/example_dags/example_external_task_marker_dag.py
[2026-01-08T01:50:21.125+0000] {processor.py:914} INFO - Processing file /home/airflow/.local/lib/python3.12/site-packages/airflow/example_dags/example_external_task_marker_dag.py for tasks to queue
[2026-01-08T01:50:21.127+0000] {logging_mixin.py:190} INFO - [2026-01-08T01:50:21.127+0000] {dagbag.py:587} INFO - Filling up the DagBag from /home/airflow/.local/lib/python3.12/site-packages/airflow/example_dags/example_external_task_marker_dag.py
[2026-01-08T01:50:21.133+0000] {processor.py:925} INFO - DAG(s) 'example_external_task_marker_parent', 'example_external_task_marker_child' retrieved from /home/airflow/.local/lib/python3.12/site-packages/airflow/example_dags/example_external_task_marker_dag.py
[2026-01-08T01:50:21.152+0000] {logging_mixin.py:190} INFO - [2026-01-08T01:50:21.152+0000] {dag.py:3211} INFO - Sync 2 DAGs
[2026-01-08T01:50:21.162+0000] {logging_mixin.py:190} INFO - [2026-01-08T01:50:21.162+0000] {dag.py:4138} INFO - Setting next_dagrun for example_external_task_marker_child to None, run_after=None
[2026-01-08T01:50:21.166+0000] {logging_mixin.py:190} INFO - [2026-01-08T01:50:21.166+0000] {dag.py:4138} INFO - Setting next_dagrun for example_external_task_marker_parent to None, run_after=None
[2026-01-08T01:50:21.181+0000] {processor.py:208} INFO - Processing /home/airflow/.local/lib/python3.12/site-packages/airflow/example_dags/example_external_task_marker_dag.py took 0.062 seconds
[2026-01-08T01:50:51.525+0000] {processor.py:186} INFO - Started process (PID=373) to work on /home/airflow/.local/lib/python3.12/site-packages/airflow/example_dags/example_external_task_marker_dag.py
[2026-01-08T01:50:51.526+0000] {processor.py:914} INFO - Processing file /home/airflow/.local/lib/python3.12/site-packages/airflow/example_dags/example_external_task_marker_dag.py for tasks to queue
[2026-01-08T01:50:51.529+0000] {logging_mixin.py:190} INFO - [2026-01-08T01:50:51.529+0000] {dagbag.py:587} INFO - Filling up the DagBag from /home/airflow/.local/lib/python3.12/site-packages/airflow/example_dags/example_external_task_marker_dag.py
[2026-01-08T01:50:51.536+0000] {processor.py:925} INFO - DAG(s) 'example_external_task_marker_parent', 'example_external_task_marker_child' retrieved from /home/airflow/.local/lib/python3.12/site-packages/airflow/example_dags/example_external_task_marker_dag.py
[2026-01-08T01:50:51.557+0000] {logging_mixin.py:190} INFO - [2026-01-08T01:50:51.556+0000] {dag.py:3211} INFO - Sync 2 DAGs
[2026-01-08T01:50:51.568+0000] {logging_mixin.py:190} INFO - [2026-01-08T01:50:51.568+0000] {dag.py:4138} INFO - Setting next_dagrun for example_external_task_marker_child to None, run_after=None
[2026-01-08T01:50:51.571+0000] {logging_mixin.py:190} INFO - [2026-01-08T01:50:51.571+0000] {dag.py:4138} INFO - Setting next_dagrun for example_external_task_marker_parent to None, run_after=None
[2026-01-08T01:50:51.594+0000] {processor.py:208} INFO - Processing /home/airflow/.local/lib/python3.12/site-packages/airflow/example_dags/example_external_task_marker_dag.py took 0.074 seconds
[2026-01-08T01:51:22.070+0000] {processor.py:186} INFO - Started process (PID=435) to work on /home/airflow/.local/lib/python3.12/site-packages/airflow/example_dags/example_external_task_marker_dag.py
[2026-01-08T01:51:22.072+0000] {processor.py:914} INFO - Processing file /home/airflow/.local/lib/python3.12/site-packages/airflow/example_dags/example_external_task_marker_dag.py for tasks to queue
[2026-01-08T01:51:22.075+0000] {logging_mixin.py:190} INFO - [2026-01-08T01:51:22.075+0000] {dagbag.py:587} INFO - Filling up the DagBag from /home/airflow/.local/lib/python3.12/site-packages/airflow/example_dags/example_external_task_marker_dag.py
[2026-01-08T01:51:22.082+0000] {processor.py:925} INFO - DAG(s) 'example_external_task_marker_parent', 'example_external_task_marker_child' retrieved from /home/airflow/.local/lib/python3.12/site-packages/airflow/example_dags/example_external_task_marker_dag.py
[2026-01-08T01:51:22.103+0000] {logging_mixin.py:190} INFO - [2026-01-08T01:51:22.103+0000] {dag.py:3211} INFO - Sync 2 DAGs
[2026-01-08T01:51:22.114+0000] {logging_mixin.py:190} INFO - [2026-01-08T01:51:22.114+0000] {dag.py:4138} INFO - Setting next_dagrun for example_external_task_marker_child to None, run_after=None
[2026-01-08T01:51:22.118+0000] {logging_mixin.py:190} INFO - [2026-01-08T01:51:22.118+0000] {dag.py:4138} INFO - Setting next_dagrun for example_external_task_marker_parent to None, run_after=None
[2026-01-08T01:51:22.140+0000] {processor.py:208} INFO - Processing /home/airflow/.local/lib/python3.12/site-packages/airflow/example_dags/example_external_task_marker_dag.py took 0.074 seconds
[2026-01-08T01:51:52.690+0000] {processor.py:186} INFO - Started process (PID=497) to work on /home/airflow/.local/lib/python3.12/site-packages/airflow/example_dags/example_external_task_marker_dag.py
[2026-01-08T01:51:52.691+0000] {processor.py:914} INFO - Processing file /home/airflow/.local/lib/python3.12/site-packages/airflow/example_dags/example_external_task_marker_dag.py for tasks to queue
[2026-01-08T01:51:52.694+0000] {logging_mixin.py:190} INFO - [2026-01-08T01:51:52.694+0000] {dagbag.py:587} INFO - Filling up the DagBag from /home/airflow/.local/lib/python3.12/site-packages/airflow/example_dags/example_external_task_marker_dag.py
[2026-01-08T01:51:52.701+0000] {processor.py:925} INFO - DAG(s) 'example_external_task_marker_parent', 'example_external_task_marker_child' retrieved from /home/airflow/.local/lib/python3.12/site-packages/airflow/example_dags/example_external_task_marker_dag.py
[2026-01-08T01:51:52.721+0000] {logging_mixin.py:190} INFO - [2026-01-08T01:51:52.721+0000] {dag.py:3211} INFO - Sync 2 DAGs
[2026-01-08T01:51:52.732+0000] {logging_mixin.py:190} INFO - [2026-01-08T01:51:52.732+0000] {dag.py:4138} INFO - Setting next_dagrun for example_external_task_marker_child to None, run_after=None
[2026-01-08T01:51:52.735+0000] {logging_mixin.py:190} INFO - [2026-01-08T01:51:52.735+0000] {dag.py:4138} INFO - Setting next_dagrun for example_external_task_marker_parent to None, run_after=None
[2026-01-08T01:51:52.751+0000] {processor.py:208} INFO - Processing /home/airflow/.local/lib/python3.12/site-packages/airflow/example_dags/example_external_task_marker_dag.py took 0.066 seconds
[2026-01-08T01:52:23.348+0000] {processor.py:186} INFO - Started process (PID=560) to work on /home/airflow/.local/lib/python3.12/site-packages/airflow/example_dags/example_external_task_marker_dag.py
[2026-01-08T01:52:23.350+0000] {processor.py:914} INFO - Processing file /home/airflow/.local/lib/python3.12/site-packages/airflow/example_dags/example_external_task_marker_dag.py for tasks to queue
[2026-01-08T01:52:23.353+0000] {logging_mixin.py:190} INFO - [2026-01-08T01:52:23.352+0000] {dagbag.py:587} INFO - Filling up the DagBag from /home/airflow/.local/lib/python3.12/site-packages/airflow/example_dags/example_external_task_marker_dag.py
[2026-01-08T01:52:23.361+0000] {processor.py:925} INFO - DAG(s) 'example_external_task_marker_parent', 'example_external_task_marker_child' retrieved from /home/airflow/.local/lib/python3.12/site-packages/airflow/example_dags/example_external_task_marker_dag.py
[2026-01-08T01:52:23.382+0000] {logging_mixin.py:190} INFO - [2026-01-08T01:52:23.382+0000] {dag.py:3211} INFO - Sync 2 DAGs
[2026-01-08T01:52:23.394+0000] {logging_mixin.py:190} INFO - [2026-01-08T01:52:23.393+0000] {dag.py:4138} INFO - Setting next_dagrun for example_external_task_marker_child to None, run_after=None
[2026-01-08T01:52:23.397+0000] {logging_mixin.py:190} INFO - [2026-01-08T01:52:23.397+0000] {dag.py:4138} INFO - Setting next_dagrun for example_external_task_marker_parent to None, run_after=None
[2026-01-08T01:52:23.422+0000] {processor.py:208} INFO - Processing /home/airflow/.local/lib/python3.12/site-packages/airflow/example_dags/example_external_task_marker_dag.py took 0.079 seconds
[2026-01-08T01:52:53.645+0000] {processor.py:186} INFO - Started process (PID=622) to work on /home/airflow/.local/lib/python3.12/site-packages/airflow/example_dags/example_external_task_marker_dag.py
[2026-01-08T01:52:53.646+0000] {processor.py:914} INFO - Processing file /home/airflow/.local/lib/python3.12/site-packages/airflow/example_dags/example_external_task_marker_dag.py for tasks to queue
[2026-01-08T01:52:53.648+0000] {logging_mixin.py:190} INFO - [2026-01-08T01:52:53.648+0000] {dagbag.py:587} INFO - Filling up the DagBag from /home/airflow/.local/lib/python3.12/site-packages/airflow/example_dags/example_external_task_marker_dag.py
[2026-01-08T01:52:53.654+0000] {processor.py:925} INFO - DAG(s) 'example_external_task_marker_parent', 'example_external_task_marker_child' retrieved from /home/airflow/.local/lib/python3.12/site-packages/airflow/example_dags/example_external_task_marker_dag.py
[2026-01-08T01:52:53.672+0000] {logging_mixin.py:190} INFO - [2026-01-08T01:52:53.672+0000] {dag.py:3211} INFO - Sync 2 DAGs
[2026-01-08T01:52:53.683+0000] {logging_mixin.py:190} INFO - [2026-01-08T01:52:53.683+0000] {dag.py:4138} INFO - Setting next_dagrun for example_external_task_marker_child to None, run_after=None
[2026-01-08T01:52:53.686+0000] {logging_mixin.py:190} INFO - [2026-01-08T01:52:53.686+0000] {dag.py:4138} INFO - Setting next_dagrun for example_external_task_marker_parent to None, run_after=None
[2026-01-08T01:52:53.707+0000] {processor.py:208} INFO - Processing /home/airflow/.local/lib/python3.12/site-packages/airflow/example_dags/example_external_task_marker_dag.py took 0.067 seconds
[2026-01-08T01:53:24.000+0000] {processor.py:186} INFO - Started process (PID=684) to work on /home/airflow/.local/lib/python3.12/site-packages/airflow/example_dags/example_external_task_marker_dag.py
[2026-01-08T01:53:24.002+0000] {processor.py:914} INFO - Processing file /home/airflow/.local/lib/python3.12/site-packages/airflow/example_dags/example_external_task_marker_dag.py for tasks to queue
[2026-01-08T01:53:24.005+0000] {logging_mixin.py:190} INFO - [2026-01-08T01:53:24.005+0000] {dagbag.py:587} INFO - Filling up the DagBag from /home/airflow/.local/lib/python3.12/site-packages/airflow/example_dags/example_external_task_marker_dag.py
[2026-01-08T01:53:24.012+0000] {processor.py:925} INFO - DAG(s) 'example_external_task_marker_parent', 'example_external_task_marker_child' retrieved from /home/airflow/.local/lib/python3.12/site-packages/airflow/example_dags/example_external_task_marker_dag.py
[2026-01-08T01:53:24.033+0000] {logging_mixin.py:190} INFO - [2026-01-08T01:53:24.032+0000] {dag.py:3211} INFO - Sync 2 DAGs
[2026-01-08T01:53:24.044+0000] {logging_mixin.py:190} INFO - [2026-01-08T01:53:24.044+0000] {dag.py:4138} INFO - Setting next_dagrun for example_external_task_marker_child to None, run_after=None
[2026-01-08T01:53:24.048+0000] {logging_mixin.py:190} INFO - [2026-01-08T01:53:24.048+0000] {dag.py:4138} INFO - Setting next_dagrun for example_external_task_marker_parent to None, run_after=None
[2026-01-08T01:53:24.065+0000] {processor.py:208} INFO - Processing /home/airflow/.local/lib/python3.12/site-packages/airflow/example_dags/example_external_task_marker_dag.py took 0.069 seconds
[2026-01-08T01:53:54.666+0000] {processor.py:186} INFO - Started process (PID=746) to work on /home/airflow/.local/lib/python3.12/site-packages/airflow/example_dags/example_external_task_marker_dag.py
[2026-01-08T01:53:54.668+0000] {processor.py:914} INFO - Processing file /home/airflow/.local/lib/python3.12/site-packages/airflow/example_dags/example_external_task_marker_dag.py for tasks to queue
[2026-01-08T01:53:54.670+0000] {logging_mixin.py:190} INFO - [2026-01-08T01:53:54.670+0000] {dagbag.py:587} INFO - Filling up the DagBag from /home/airflow/.local/lib/python3.12/site-packages/airflow/example_dags/example_external_task_marker_dag.py
[2026-01-08T01:53:54.676+0000] {processor.py:925} INFO - DAG(s) 'example_external_task_marker_child', 'example_external_task_marker_parent' retrieved from /home/airflow/.local/lib/python3.12/site-packages/airflow/example_dags/example_external_task_marker_dag.py
[2026-01-08T01:53:54.694+0000] {logging_mixin.py:190} INFO - [2026-01-08T01:53:54.693+0000] {dag.py:3211} INFO - Sync 2 DAGs
[2026-01-08T01:53:54.705+0000] {logging_mixin.py:190} INFO - [2026-01-08T01:53:54.704+0000] {dag.py:4138} INFO - Setting next_dagrun for example_external_task_marker_child to None, run_after=None
[2026-01-08T01:53:54.708+0000] {logging_mixin.py:190} INFO - [2026-01-08T01:53:54.708+0000] {dag.py:4138} INFO - Setting next_dagrun for example_external_task_marker_parent to None, run_after=None
[2026-01-08T01:53:54.730+0000] {processor.py:208} INFO - Processing /home/airflow/.local/lib/python3.12/site-packages/airflow/example_dags/example_external_task_marker_dag.py took 0.068 seconds
[2026-01-08T01:54:25.069+0000] {processor.py:186} INFO - Started process (PID=814) to work on /home/airflow/.local/lib/python3.12/site-packages/airflow/example_dags/example_external_task_marker_dag.py
[2026-01-08T01:54:25.070+0000] {processor.py:914} INFO - Processing file /home/airflow/.local/lib/python3.12/site-packages/airflow/example_dags/example_external_task_marker_dag.py for tasks to queue
[2026-01-08T01:54:25.072+0000] {logging_mixin.py:190} INFO - [2026-01-08T01:54:25.072+0000] {dagbag.py:587} INFO - Filling up the DagBag from /home/airflow/.local/lib/python3.12/site-packages/airflow/example_dags/example_external_task_marker_dag.py
[2026-01-08T01:54:25.080+0000] {processor.py:925} INFO - DAG(s) 'example_external_task_marker_parent', 'example_external_task_marker_child' retrieved from /home/airflow/.local/lib/python3.12/site-packages/airflow/example_dags/example_external_task_marker_dag.py
[2026-01-08T01:54:25.102+0000] {logging_mixin.py:190} INFO - [2026-01-08T01:54:25.102+0000] {dag.py:3211} INFO - Sync 2 DAGs
[2026-01-08T01:54:25.114+0000] {logging_mixin.py:190} INFO - [2026-01-08T01:54:25.113+0000] {dag.py:4138} INFO - Setting next_dagrun for example_external_task_marker_child to None, run_after=None
[2026-01-08T01:54:25.118+0000] {logging_mixin.py:190} INFO - [2026-01-08T01:54:25.118+0000] {dag.py:4138} INFO - Setting next_dagrun for example_external_task_marker_parent to None, run_after=None
[2026-01-08T01:54:25.142+0000] {processor.py:208} INFO - Processing /home/airflow/.local/lib/python3.12/site-packages/airflow/example_dags/example_external_task_marker_dag.py took 0.078 seconds
[2026-01-08T01:54:55.777+0000] {processor.py:186} INFO - Started process (PID=876) to work on /home/airflow/.local/lib/python3.12/site-packages/airflow/example_dags/example_external_task_marker_dag.py
[2026-01-08T01:54:55.779+0000] {processor.py:914} INFO - Processing file /home/airflow/.local/lib/python3.12/site-packages/airflow/example_dags/example_external_task_marker_dag.py for tasks to queue
[2026-01-08T01:54:55.782+0000] {logging_mixin.py:190} INFO - [2026-01-08T01:54:55.782+0000] {dagbag.py:587} INFO - Filling up the DagBag from /home/airflow/.local/lib/python3.12/site-packages/airflow/example_dags/example_external_task_marker_dag.py
[2026-01-08T01:54:55.788+0000] {processor.py:925} INFO - DAG(s) 'example_external_task_marker_child', 'example_external_task_marker_parent' retrieved from /home/airflow/.local/lib/python3.12/site-packages/airflow/example_dags/example_external_task_marker_dag.py
[2026-01-08T01:54:55.807+0000] {logging_mixin.py:190} INFO - [2026-01-08T01:54:55.807+0000] {dag.py:3211} INFO - Sync 2 DAGs
[2026-01-08T01:54:55.818+0000] {logging_mixin.py:190} INFO - [2026-01-08T01:54:55.817+0000] {dag.py:4138} INFO - Setting next_dagrun for example_external_task_marker_child to None, run_after=None
[2026-01-08T01:54:55.821+0000] {logging_mixin.py:190} INFO - [2026-01-08T01:54:55.821+0000] {dag.py:4138} INFO - Setting next_dagrun for example_external_task_marker_parent to None, run_after=None
[2026-01-08T01:54:55.837+0000] {processor.py:208} INFO - Processing /home/airflow/.local/lib/python3.12/site-packages/airflow/example_dags/example_external_task_marker_dag.py took 0.064 seconds
[2026-01-08T01:55:26.062+0000] {processor.py:186} INFO - Started process (PID=938) to work on /home/airflow/.local/lib/python3.12/site-packages/airflow/example_dags/example_external_task_marker_dag.py
[2026-01-08T01:55:26.063+0000] {processor.py:914} INFO - Processing file /home/airflow/.local/lib/python3.12/site-packages/airflow/example_dags/example_external_task_marker_dag.py for tasks to queue
[2026-01-08T01:55:26.066+0000] {logging_mixin.py:190} INFO - [2026-01-08T01:55:26.066+0000] {dagbag.py:587} INFO - Filling up the DagBag from /home/airflow/.local/lib/python3.12/site-packages/airflow/example_dags/example_external_task_marker_dag.py
[2026-01-08T01:55:26.072+0000] {processor.py:925} INFO - DAG(s) 'example_external_task_marker_parent', 'example_external_task_marker_child' retrieved from /home/airflow/.local/lib/python3.12/site-packages/airflow/example_dags/example_external_task_marker_dag.py
[2026-01-08T01:55:26.090+0000] {logging_mixin.py:190} INFO - [2026-01-08T01:55:26.090+0000] {dag.py:3211} INFO - Sync 2 DAGs
[2026-01-08T01:55:26.100+0000] {logging_mixin.py:190} INFO - [2026-01-08T01:55:26.100+0000] {dag.py:4138} INFO - Setting next_dagrun for example_external_task_marker_child to None, run_after=None
[2026-01-08T01:55:26.103+0000] {logging_mixin.py:190} INFO - [2026-01-08T01:55:26.103+0000] {dag.py:4138} INFO - Setting next_dagrun for example_external_task_marker_parent to None, run_after=None
[2026-01-08T01:55:26.127+0000] {processor.py:208} INFO - Processing /home/airflow/.local/lib/python3.12/site-packages/airflow/example_dags/example_external_task_marker_dag.py took 0.069 seconds
[2026-01-08T01:55:56.847+0000] {processor.py:186} INFO - Started process (PID=1000) to work on /home/airflow/.local/lib/python3.12/site-packages/airflow/example_dags/example_external_task_marker_dag.py
[2026-01-08T01:55:56.849+0000] {processor.py:914} INFO - Processing file /home/airflow/.local/lib/python3.12/site-packages/airflow/example_dags/example_external_task_marker_dag.py for tasks to queue
[2026-01-08T01:55:56.852+0000] {logging_mixin.py:190} INFO - [2026-01-08T01:55:56.851+0000] {dagbag.py:587} INFO - Filling up the DagBag from /home/airflow/.local/lib/python3.12/site-packages/airflow/example_dags/example_external_task_marker_dag.py
[2026-01-08T01:55:56.859+0000] {processor.py:925} INFO - DAG(s) 'example_external_task_marker_child', 'example_external_task_marker_parent' retrieved from /home/airflow/.local/lib/python3.12/site-packages/airflow/example_dags/example_external_task_marker_dag.py
[2026-01-08T01:55:56.877+0000] {logging_mixin.py:190} INFO - [2026-01-08T01:55:56.877+0000] {dag.py:3211} INFO - Sync 2 DAGs
[2026-01-08T01:55:56.887+0000] {logging_mixin.py:190} INFO - [2026-01-08T01:55:56.887+0000] {dag.py:4138} INFO - Setting next_dagrun for example_external_task_marker_child to None, run_after=None
[2026-01-08T01:55:56.890+0000] {logging_mixin.py:190} INFO - [2026-01-08T01:55:56.890+0000] {dag.py:4138} INFO - Setting next_dagrun for example_external_task_marker_parent to None, run_after=None
[2026-01-08T01:55:56.905+0000] {processor.py:208} INFO - Processing /home/airflow/.local/lib/python3.12/site-packages/airflow/example_dags/example_external_task_marker_dag.py took 0.062 seconds
[2026-01-08T01:56:27.653+0000] {processor.py:186} INFO - Started process (PID=1062) to work on /home/airflow/.local/lib/python3.12/site-packages/airflow/example_dags/example_external_task_marker_dag.py
[2026-01-08T01:56:27.654+0000] {processor.py:914} INFO - Processing file /home/airflow/.local/lib/python3.12/site-packages/airflow/example_dags/example_external_task_marker_dag.py for tasks to queue
[2026-01-08T01:56:27.656+0000] {logging_mixin.py:190} INFO - [2026-01-08T01:56:27.656+0000] {dagbag.py:587} INFO - Filling up the DagBag from /home/airflow/.local/lib/python3.12/site-packages/airflow/example_dags/example_external_task_marker_dag.py
[2026-01-08T01:56:27.662+0000] {processor.py:925} INFO - DAG(s) 'example_external_task_marker_child', 'example_external_task_marker_parent' retrieved from /home/airflow/.local/lib/python3.12/site-packages/airflow/example_dags/example_external_task_marker_dag.py
[2026-01-08T01:56:27.684+0000] {logging_mixin.py:190} INFO - [2026-01-08T01:56:27.684+0000] {dag.py:3211} INFO - Sync 2 DAGs
[2026-01-08T01:56:27.695+0000] {logging_mixin.py:190} INFO - [2026-01-08T01:56:27.695+0000] {dag.py:4138} INFO - Setting next_dagrun for example_external_task_marker_child to None, run_after=None
[2026-01-08T01:56:27.699+0000] {logging_mixin.py:190} INFO - [2026-01-08T01:56:27.699+0000] {dag.py:4138} INFO - Setting next_dagrun for example_external_task_marker_parent to None, run_after=None
[2026-01-08T01:56:27.719+0000] {processor.py:208} INFO - Processing /home/airflow/.local/lib/python3.12/site-packages/airflow/example_dags/example_external_task_marker_dag.py took 0.071 seconds
[2026-01-08T01:56:57.957+0000] {processor.py:186} INFO - Started process (PID=1124) to work on /home/airflow/.local/lib/python3.12/site-packages/airflow/example_dags/example_external_task_marker_dag.py
[2026-01-08T01:56:57.959+0000] {processor.py:914} INFO - Processing file /home/airflow/.local/lib/python3.12/site-packages/airflow/example_dags/example_external_task_marker_dag.py for tasks to queue
[2026-01-08T01:56:57.961+0000] {logging_mixin.py:190} INFO - [2026-01-08T01:56:57.961+0000] {dagbag.py:587} INFO - Filling up the DagBag from /home/airflow/.local/lib/python3.12/site-packages/airflow/example_dags/example_external_task_marker_dag.py
[2026-01-08T01:56:57.969+0000] {processor.py:925} INFO - DAG(s) 'example_external_task_marker_child', 'example_external_task_marker_parent' retrieved from /home/airflow/.local/lib/python3.12/site-packages/airflow/example_dags/example_external_task_marker_dag.py
[2026-01-08T01:56:57.997+0000] {logging_mixin.py:190} INFO - [2026-01-08T01:56:57.997+0000] {dag.py:3211} INFO - Sync 2 DAGs
[2026-01-08T01:56:58.013+0000] {logging_mixin.py:190} INFO - [2026-01-08T01:56:58.013+0000] {dag.py:4138} INFO - Setting next_dagrun for example_external_task_marker_child to None, run_after=None
[2026-01-08T01:56:58.016+0000] {logging_mixin.py:190} INFO - [2026-01-08T01:56:58.016+0000] {dag.py:4138} INFO - Setting next_dagrun for example_external_task_marker_parent to None, run_after=None
[2026-01-08T01:56:58.039+0000] {processor.py:208} INFO - Processing /home/airflow/.local/lib/python3.12/site-packages/airflow/example_dags/example_external_task_marker_dag.py took 0.088 seconds
[2026-01-08T01:57:28.099+0000] {processor.py:186} INFO - Started process (PID=1186) to work on /home/airflow/.local/lib/python3.12/site-packages/airflow/example_dags/example_external_task_marker_dag.py
[2026-01-08T01:57:28.100+0000] {processor.py:914} INFO - Processing file /home/airflow/.local/lib/python3.12/site-packages/airflow/example_dags/example_external_task_marker_dag.py for tasks to queue
[2026-01-08T01:57:28.103+0000] {logging_mixin.py:190} INFO - [2026-01-08T01:57:28.103+0000] {dagbag.py:587} INFO - Filling up the DagBag from /home/airflow/.local/lib/python3.12/site-packages/airflow/example_dags/example_external_task_marker_dag.py
[2026-01-08T01:57:28.111+0000] {processor.py:925} INFO - DAG(s) 'example_external_task_marker_parent', 'example_external_task_marker_child' retrieved from /home/airflow/.local/lib/python3.12/site-packages/airflow/example_dags/example_external_task_marker_dag.py
[2026-01-08T01:57:28.133+0000] {logging_mixin.py:190} INFO - [2026-01-08T01:57:28.133+0000] {dag.py:3211} INFO - Sync 2 DAGs
[2026-01-08T01:57:28.146+0000] {logging_mixin.py:190} INFO - [2026-01-08T01:57:28.146+0000] {dag.py:4138} INFO - Setting next_dagrun for example_external_task_marker_child to None, run_after=None
[2026-01-08T01:57:28.150+0000] {logging_mixin.py:190} INFO - [2026-01-08T01:57:28.149+0000] {dag.py:4138} INFO - Setting next_dagrun for example_external_task_marker_parent to None, run_after=None
[2026-01-08T01:57:28.173+0000] {processor.py:208} INFO - Processing /home/airflow/.local/lib/python3.12/site-packages/airflow/example_dags/example_external_task_marker_dag.py took 0.080 seconds
[2026-01-08T01:57:58.887+0000] {processor.py:186} INFO - Started process (PID=1248) to work on /home/airflow/.local/lib/python3.12/site-packages/airflow/example_dags/example_external_task_marker_dag.py
[2026-01-08T01:57:58.888+0000] {processor.py:914} INFO - Processing file /home/airflow/.local/lib/python3.12/site-packages/airflow/example_dags/example_external_task_marker_dag.py for tasks to queue
[2026-01-08T01:57:58.890+0000] {logging_mixin.py:190} INFO - [2026-01-08T01:57:58.890+0000] {dagbag.py:587} INFO - Filling up the DagBag from /home/airflow/.local/lib/python3.12/site-packages/airflow/example_dags/example_external_task_marker_dag.py
[2026-01-08T01:57:58.896+0000] {processor.py:925} INFO - DAG(s) 'example_external_task_marker_child', 'example_external_task_marker_parent' retrieved from /home/airflow/.local/lib/python3.12/site-packages/airflow/example_dags/example_external_task_marker_dag.py
[2026-01-08T01:57:58.921+0000] {logging_mixin.py:190} INFO - [2026-01-08T01:57:58.920+0000] {dag.py:3211} INFO - Sync 2 DAGs
[2026-01-08T01:57:58.934+0000] {logging_mixin.py:190} INFO - [2026-01-08T01:57:58.933+0000] {dag.py:4138} INFO - Setting next_dagrun for example_external_task_marker_child to None, run_after=None
[2026-01-08T01:57:58.937+0000] {logging_mixin.py:190} INFO - [2026-01-08T01:57:58.937+0000] {dag.py:4138} INFO - Setting next_dagrun for example_external_task_marker_parent to None, run_after=None
[2026-01-08T01:57:58.952+0000] {processor.py:208} INFO - Processing /home/airflow/.local/lib/python3.12/site-packages/airflow/example_dags/example_external_task_marker_dag.py took 0.069 seconds
[2026-01-08T01:58:29.505+0000] {processor.py:186} INFO - Started process (PID=1311) to work on /home/airflow/.local/lib/python3.12/site-packages/airflow/example_dags/example_external_task_marker_dag.py
[2026-01-08T01:58:29.506+0000] {processor.py:914} INFO - Processing file /home/airflow/.local/lib/python3.12/site-packages/airflow/example_dags/example_external_task_marker_dag.py for tasks to queue
[2026-01-08T01:58:29.508+0000] {logging_mixin.py:190} INFO - [2026-01-08T01:58:29.508+0000] {dagbag.py:587} INFO - Filling up the DagBag from /home/airflow/.local/lib/python3.12/site-packages/airflow/example_dags/example_external_task_marker_dag.py
[2026-01-08T01:58:29.513+0000] {processor.py:925} INFO - DAG(s) 'example_external_task_marker_child', 'example_external_task_marker_parent' retrieved from /home/airflow/.local/lib/python3.12/site-packages/airflow/example_dags/example_external_task_marker_dag.py
[2026-01-08T01:58:29.531+0000] {logging_mixin.py:190} INFO - [2026-01-08T01:58:29.531+0000] {dag.py:3211} INFO - Sync 2 DAGs
[2026-01-08T01:58:29.543+0000] {logging_mixin.py:190} INFO - [2026-01-08T01:58:29.542+0000] {dag.py:4138} INFO - Setting next_dagrun for example_external_task_marker_child to None, run_after=None
[2026-01-08T01:58:29.546+0000] {logging_mixin.py:190} INFO - [2026-01-08T01:58:29.546+0000] {dag.py:4138} INFO - Setting next_dagrun for example_external_task_marker_parent to None, run_after=None
[2026-01-08T01:58:29.559+0000] {processor.py:208} INFO - Processing /home/airflow/.local/lib/python3.12/site-packages/airflow/example_dags/example_external_task_marker_dag.py took 0.059 seconds
[2026-01-08T01:58:59.783+0000] {processor.py:186} INFO - Started process (PID=1374) to work on /home/airflow/.local/lib/python3.12/site-packages/airflow/example_dags/example_external_task_marker_dag.py
[2026-01-08T01:58:59.785+0000] {processor.py:914} INFO - Processing file /home/airflow/.local/lib/python3.12/site-packages/airflow/example_dags/example_external_task_marker_dag.py for tasks to queue
[2026-01-08T01:58:59.787+0000] {logging_mixin.py:190} INFO - [2026-01-08T01:58:59.787+0000] {dagbag.py:587} INFO - Filling up the DagBag from /home/airflow/.local/lib/python3.12/site-packages/airflow/example_dags/example_external_task_marker_dag.py
[2026-01-08T01:58:59.793+0000] {processor.py:925} INFO - DAG(s) 'example_external_task_marker_parent', 'example_external_task_marker_child' retrieved from /home/airflow/.local/lib/python3.12/site-packages/airflow/example_dags/example_external_task_marker_dag.py
[2026-01-08T01:58:59.812+0000] {logging_mixin.py:190} INFO - [2026-01-08T01:58:59.812+0000] {dag.py:3211} INFO - Sync 2 DAGs
[2026-01-08T01:58:59.825+0000] {logging_mixin.py:190} INFO - [2026-01-08T01:58:59.824+0000] {dag.py:4138} INFO - Setting next_dagrun for example_external_task_marker_child to None, run_after=None
[2026-01-08T01:58:59.829+0000] {logging_mixin.py:190} INFO - [2026-01-08T01:58:59.828+0000] {dag.py:4138} INFO - Setting next_dagrun for example_external_task_marker_parent to None, run_after=None
[2026-01-08T01:58:59.845+0000] {processor.py:208} INFO - Processing /home/airflow/.local/lib/python3.12/site-packages/airflow/example_dags/example_external_task_marker_dag.py took 0.066 seconds
[2026-01-08T01:59:30.183+0000] {processor.py:186} INFO - Started process (PID=1437) to work on /home/airflow/.local/lib/python3.12/site-packages/airflow/example_dags/example_external_task_marker_dag.py
[2026-01-08T01:59:30.184+0000] {processor.py:914} INFO - Processing file /home/airflow/.local/lib/python3.12/site-packages/airflow/example_dags/example_external_task_marker_dag.py for tasks to queue
[2026-01-08T01:59:30.187+0000] {logging_mixin.py:190} INFO - [2026-01-08T01:59:30.187+0000] {dagbag.py:587} INFO - Filling up the DagBag from /home/airflow/.local/lib/python3.12/site-packages/airflow/example_dags/example_external_task_marker_dag.py
[2026-01-08T01:59:30.197+0000] {processor.py:925} INFO - DAG(s) 'example_external_task_marker_parent', 'example_external_task_marker_child' retrieved from /home/airflow/.local/lib/python3.12/site-packages/airflow/example_dags/example_external_task_marker_dag.py
[2026-01-08T01:59:30.220+0000] {logging_mixin.py:190} INFO - [2026-01-08T01:59:30.220+0000] {dag.py:3211} INFO - Sync 2 DAGs
[2026-01-08T01:59:30.233+0000] {logging_mixin.py:190} INFO - [2026-01-08T01:59:30.233+0000] {dag.py:4138} INFO - Setting next_dagrun for example_external_task_marker_child to None, run_after=None
[2026-01-08T01:59:30.238+0000] {logging_mixin.py:190} INFO - [2026-01-08T01:59:30.238+0000] {dag.py:4138} INFO - Setting next_dagrun for example_external_task_marker_parent to None, run_after=None
[2026-01-08T01:59:30.252+0000] {processor.py:208} INFO - Processing /home/airflow/.local/lib/python3.12/site-packages/airflow/example_dags/example_external_task_marker_dag.py took 0.074 seconds
[2026-01-08T02:00:00.420+0000] {processor.py:186} INFO - Started process (PID=1500) to work on /home/airflow/.local/lib/python3.12/site-packages/airflow/example_dags/example_external_task_marker_dag.py
[2026-01-08T02:00:00.422+0000] {processor.py:914} INFO - Processing file /home/airflow/.local/lib/python3.12/site-packages/airflow/example_dags/example_external_task_marker_dag.py for tasks to queue
[2026-01-08T02:00:00.425+0000] {logging_mixin.py:190} INFO - [2026-01-08T02:00:00.425+0000] {dagbag.py:587} INFO - Filling up the DagBag from /home/airflow/.local/lib/python3.12/site-packages/airflow/example_dags/example_external_task_marker_dag.py
[2026-01-08T02:00:00.433+0000] {processor.py:925} INFO - DAG(s) 'example_external_task_marker_parent', 'example_external_task_marker_child' retrieved from /home/airflow/.local/lib/python3.12/site-packages/airflow/example_dags/example_external_task_marker_dag.py
[2026-01-08T02:00:00.457+0000] {logging_mixin.py:190} INFO - [2026-01-08T02:00:00.456+0000] {dag.py:3211} INFO - Sync 2 DAGs
[2026-01-08T02:00:00.471+0000] {logging_mixin.py:190} INFO - [2026-01-08T02:00:00.470+0000] {dag.py:4138} INFO - Setting next_dagrun for example_external_task_marker_child to None, run_after=None
[2026-01-08T02:00:00.475+0000] {logging_mixin.py:190} INFO - [2026-01-08T02:00:00.475+0000] {dag.py:4138} INFO - Setting next_dagrun for example_external_task_marker_parent to None, run_after=None
[2026-01-08T02:00:00.489+0000] {processor.py:208} INFO - Processing /home/airflow/.local/lib/python3.12/site-packages/airflow/example_dags/example_external_task_marker_dag.py took 0.075 seconds
[2026-01-08T02:00:31.271+0000] {processor.py:186} INFO - Started process (PID=1563) to work on /home/airflow/.local/lib/python3.12/site-packages/airflow/example_dags/example_external_task_marker_dag.py
[2026-01-08T02:00:31.273+0000] {processor.py:914} INFO - Processing file /home/airflow/.local/lib/python3.12/site-packages/airflow/example_dags/example_external_task_marker_dag.py for tasks to queue
[2026-01-08T02:00:31.275+0000] {logging_mixin.py:190} INFO - [2026-01-08T02:00:31.275+0000] {dagbag.py:587} INFO - Filling up the DagBag from /home/airflow/.local/lib/python3.12/site-packages/airflow/example_dags/example_external_task_marker_dag.py
[2026-01-08T02:00:31.282+0000] {processor.py:925} INFO - DAG(s) 'example_external_task_marker_child', 'example_external_task_marker_parent' retrieved from /home/airflow/.local/lib/python3.12/site-packages/airflow/example_dags/example_external_task_marker_dag.py
[2026-01-08T02:00:31.302+0000] {logging_mixin.py:190} INFO - [2026-01-08T02:00:31.302+0000] {dag.py:3211} INFO - Sync 2 DAGs
[2026-01-08T02:00:31.314+0000] {logging_mixin.py:190} INFO - [2026-01-08T02:00:31.314+0000] {dag.py:4138} INFO - Setting next_dagrun for example_external_task_marker_child to None, run_after=None
[2026-01-08T02:00:31.317+0000] {logging_mixin.py:190} INFO - [2026-01-08T02:00:31.317+0000] {dag.py:4138} INFO - Setting next_dagrun for example_external_task_marker_parent to None, run_after=None
[2026-01-08T02:00:31.340+0000] {processor.py:208} INFO - Processing /home/airflow/.local/lib/python3.12/site-packages/airflow/example_dags/example_external_task_marker_dag.py took 0.074 seconds
[2026-01-08T02:01:01.814+0000] {processor.py:186} INFO - Started process (PID=1626) to work on /home/airflow/.local/lib/python3.12/site-packages/airflow/example_dags/example_external_task_marker_dag.py
[2026-01-08T02:01:01.815+0000] {processor.py:914} INFO - Processing file /home/airflow/.local/lib/python3.12/site-packages/airflow/example_dags/example_external_task_marker_dag.py for tasks to queue
[2026-01-08T02:01:01.817+0000] {logging_mixin.py:190} INFO - [2026-01-08T02:01:01.817+0000] {dagbag.py:587} INFO - Filling up the DagBag from /home/airflow/.local/lib/python3.12/site-packages/airflow/example_dags/example_external_task_marker_dag.py
[2026-01-08T02:01:01.824+0000] {processor.py:925} INFO - DAG(s) 'example_external_task_marker_child', 'example_external_task_marker_parent' retrieved from /home/airflow/.local/lib/python3.12/site-packages/airflow/example_dags/example_external_task_marker_dag.py
[2026-01-08T02:01:01.844+0000] {logging_mixin.py:190} INFO - [2026-01-08T02:01:01.844+0000] {dag.py:3211} INFO - Sync 2 DAGs
[2026-01-08T02:01:01.857+0000] {logging_mixin.py:190} INFO - [2026-01-08T02:01:01.856+0000] {dag.py:4138} INFO - Setting next_dagrun for example_external_task_marker_child to None, run_after=None
[2026-01-08T02:01:01.860+0000] {logging_mixin.py:190} INFO - [2026-01-08T02:01:01.860+0000] {dag.py:4138} INFO - Setting next_dagrun for example_external_task_marker_parent to None, run_after=None
[2026-01-08T02:01:01.875+0000] {processor.py:208} INFO - Processing /home/airflow/.local/lib/python3.12/site-packages/airflow/example_dags/example_external_task_marker_dag.py took 0.065 seconds
[2026-01-08T02:01:32.315+0000] {processor.py:186} INFO - Started process (PID=1689) to work on /home/airflow/.local/lib/python3.12/site-packages/airflow/example_dags/example_external_task_marker_dag.py
[2026-01-08T02:01:32.317+0000] {processor.py:914} INFO - Processing file /home/airflow/.local/lib/python3.12/site-packages/airflow/example_dags/example_external_task_marker_dag.py for tasks to queue
[2026-01-08T02:01:32.318+0000] {logging_mixin.py:190} INFO - [2026-01-08T02:01:32.318+0000] {dagbag.py:587} INFO - Filling up the DagBag from /home/airflow/.local/lib/python3.12/site-packages/airflow/example_dags/example_external_task_marker_dag.py
[2026-01-08T02:01:32.324+0000] {processor.py:925} INFO - DAG(s) 'example_external_task_marker_parent', 'example_external_task_marker_child' retrieved from /home/airflow/.local/lib/python3.12/site-packages/airflow/example_dags/example_external_task_marker_dag.py
[2026-01-08T02:01:32.344+0000] {logging_mixin.py:190} INFO - [2026-01-08T02:01:32.344+0000] {dag.py:3211} INFO - Sync 2 DAGs
[2026-01-08T02:01:32.355+0000] {logging_mixin.py:190} INFO - [2026-01-08T02:01:32.355+0000] {dag.py:4138} INFO - Setting next_dagrun for example_external_task_marker_child to None, run_after=None
[2026-01-08T02:01:32.359+0000] {logging_mixin.py:190} INFO - [2026-01-08T02:01:32.359+0000] {dag.py:4138} INFO - Setting next_dagrun for example_external_task_marker_parent to None, run_after=None
[2026-01-08T02:01:32.374+0000] {processor.py:208} INFO - Processing /home/airflow/.local/lib/python3.12/site-packages/airflow/example_dags/example_external_task_marker_dag.py took 0.064 seconds
[2026-01-08T02:02:02.453+0000] {processor.py:186} INFO - Started process (PID=1752) to work on /home/airflow/.local/lib/python3.12/site-packages/airflow/example_dags/example_external_task_marker_dag.py
[2026-01-08T02:02:02.455+0000] {processor.py:914} INFO - Processing file /home/airflow/.local/lib/python3.12/site-packages/airflow/example_dags/example_external_task_marker_dag.py for tasks to queue
[2026-01-08T02:02:02.457+0000] {logging_mixin.py:190} INFO - [2026-01-08T02:02:02.457+0000] {dagbag.py:587} INFO - Filling up the DagBag from /home/airflow/.local/lib/python3.12/site-packages/airflow/example_dags/example_external_task_marker_dag.py
[2026-01-08T02:02:02.464+0000] {processor.py:925} INFO - DAG(s) 'example_external_task_marker_child', 'example_external_task_marker_parent' retrieved from /home/airflow/.local/lib/python3.12/site-packages/airflow/example_dags/example_external_task_marker_dag.py
[2026-01-08T02:02:02.485+0000] {logging_mixin.py:190} INFO - [2026-01-08T02:02:02.485+0000] {dag.py:3211} INFO - Sync 2 DAGs
[2026-01-08T02:02:02.496+0000] {logging_mixin.py:190} INFO - [2026-01-08T02:02:02.496+0000] {dag.py:4138} INFO - Setting next_dagrun for example_external_task_marker_child to None, run_after=None
[2026-01-08T02:02:02.499+0000] {logging_mixin.py:190} INFO - [2026-01-08T02:02:02.499+0000] {dag.py:4138} INFO - Setting next_dagrun for example_external_task_marker_parent to None, run_after=None
[2026-01-08T02:02:02.512+0000] {processor.py:208} INFO - Processing /home/airflow/.local/lib/python3.12/site-packages/airflow/example_dags/example_external_task_marker_dag.py took 0.064 seconds
[2026-01-08T02:02:33.424+0000] {processor.py:186} INFO - Started process (PID=1815) to work on /home/airflow/.local/lib/python3.12/site-packages/airflow/example_dags/example_external_task_marker_dag.py
[2026-01-08T02:02:33.426+0000] {processor.py:914} INFO - Processing file /home/airflow/.local/lib/python3.12/site-packages/airflow/example_dags/example_external_task_marker_dag.py for tasks to queue
[2026-01-08T02:02:33.429+0000] {logging_mixin.py:190} INFO - [2026-01-08T02:02:33.428+0000] {dagbag.py:587} INFO - Filling up the DagBag from /home/airflow/.local/lib/python3.12/site-packages/airflow/example_dags/example_external_task_marker_dag.py
[2026-01-08T02:02:33.436+0000] {processor.py:925} INFO - DAG(s) 'example_external_task_marker_parent', 'example_external_task_marker_child' retrieved from /home/airflow/.local/lib/python3.12/site-packages/airflow/example_dags/example_external_task_marker_dag.py
[2026-01-08T02:02:33.459+0000] {logging_mixin.py:190} INFO - [2026-01-08T02:02:33.459+0000] {dag.py:3211} INFO - Sync 2 DAGs
[2026-01-08T02:02:33.472+0000] {logging_mixin.py:190} INFO - [2026-01-08T02:02:33.472+0000] {dag.py:4138} INFO - Setting next_dagrun for example_external_task_marker_child to None, run_after=None
[2026-01-08T02:02:33.476+0000] {logging_mixin.py:190} INFO - [2026-01-08T02:02:33.476+0000] {dag.py:4138} INFO - Setting next_dagrun for example_external_task_marker_parent to None, run_after=None
[2026-01-08T02:02:33.496+0000] {processor.py:208} INFO - Processing /home/airflow/.local/lib/python3.12/site-packages/airflow/example_dags/example_external_task_marker_dag.py took 0.077 seconds
[2026-01-08T02:03:04.526+0000] {processor.py:186} INFO - Started process (PID=1878) to work on /home/airflow/.local/lib/python3.12/site-packages/airflow/example_dags/example_external_task_marker_dag.py
[2026-01-08T02:03:04.528+0000] {processor.py:914} INFO - Processing file /home/airflow/.local/lib/python3.12/site-packages/airflow/example_dags/example_external_task_marker_dag.py for tasks to queue
[2026-01-08T02:03:04.531+0000] {logging_mixin.py:190} INFO - [2026-01-08T02:03:04.531+0000] {dagbag.py:587} INFO - Filling up the DagBag from /home/airflow/.local/lib/python3.12/site-packages/airflow/example_dags/example_external_task_marker_dag.py
[2026-01-08T02:03:04.537+0000] {processor.py:925} INFO - DAG(s) 'example_external_task_marker_parent', 'example_external_task_marker_child' retrieved from /home/airflow/.local/lib/python3.12/site-packages/airflow/example_dags/example_external_task_marker_dag.py
[2026-01-08T02:03:04.559+0000] {logging_mixin.py:190} INFO - [2026-01-08T02:03:04.559+0000] {dag.py:3211} INFO - Sync 2 DAGs
[2026-01-08T02:03:04.574+0000] {logging_mixin.py:190} INFO - [2026-01-08T02:03:04.573+0000] {dag.py:4138} INFO - Setting next_dagrun for example_external_task_marker_child to None, run_after=None
[2026-01-08T02:03:04.577+0000] {logging_mixin.py:190} INFO - [2026-01-08T02:03:04.577+0000] {dag.py:4138} INFO - Setting next_dagrun for example_external_task_marker_parent to None, run_after=None
[2026-01-08T02:03:04.592+0000] {processor.py:208} INFO - Processing /home/airflow/.local/lib/python3.12/site-packages/airflow/example_dags/example_external_task_marker_dag.py took 0.069 seconds
[2026-01-08T02:03:34.813+0000] {processor.py:186} INFO - Started process (PID=1943) to work on /home/airflow/.local/lib/python3.12/site-packages/airflow/example_dags/example_external_task_marker_dag.py
[2026-01-08T02:03:34.815+0000] {processor.py:914} INFO - Processing file /home/airflow/.local/lib/python3.12/site-packages/airflow/example_dags/example_external_task_marker_dag.py for tasks to queue
[2026-01-08T02:03:34.817+0000] {logging_mixin.py:190} INFO - [2026-01-08T02:03:34.817+0000] {dagbag.py:587} INFO - Filling up the DagBag from /home/airflow/.local/lib/python3.12/site-packages/airflow/example_dags/example_external_task_marker_dag.py
[2026-01-08T02:03:34.824+0000] {processor.py:925} INFO - DAG(s) 'example_external_task_marker_parent', 'example_external_task_marker_child' retrieved from /home/airflow/.local/lib/python3.12/site-packages/airflow/example_dags/example_external_task_marker_dag.py
[2026-01-08T02:03:34.842+0000] {logging_mixin.py:190} INFO - [2026-01-08T02:03:34.842+0000] {dag.py:3211} INFO - Sync 2 DAGs
[2026-01-08T02:03:34.853+0000] {logging_mixin.py:190} INFO - [2026-01-08T02:03:34.853+0000] {dag.py:4138} INFO - Setting next_dagrun for example_external_task_marker_child to None, run_after=None
[2026-01-08T02:03:34.856+0000] {logging_mixin.py:190} INFO - [2026-01-08T02:03:34.856+0000] {dag.py:4138} INFO - Setting next_dagrun for example_external_task_marker_parent to None, run_after=None
[2026-01-08T02:03:34.871+0000] {processor.py:208} INFO - Processing /home/airflow/.local/lib/python3.12/site-packages/airflow/example_dags/example_external_task_marker_dag.py took 0.063 seconds
[2026-01-08T02:04:05.122+0000] {processor.py:186} INFO - Started process (PID=2006) to work on /home/airflow/.local/lib/python3.12/site-packages/airflow/example_dags/example_external_task_marker_dag.py
[2026-01-08T02:04:05.124+0000] {processor.py:914} INFO - Processing file /home/airflow/.local/lib/python3.12/site-packages/airflow/example_dags/example_external_task_marker_dag.py for tasks to queue
[2026-01-08T02:04:05.127+0000] {logging_mixin.py:190} INFO - [2026-01-08T02:04:05.126+0000] {dagbag.py:587} INFO - Filling up the DagBag from /home/airflow/.local/lib/python3.12/site-packages/airflow/example_dags/example_external_task_marker_dag.py
[2026-01-08T02:04:05.133+0000] {processor.py:925} INFO - DAG(s) 'example_external_task_marker_parent', 'example_external_task_marker_child' retrieved from /home/airflow/.local/lib/python3.12/site-packages/airflow/example_dags/example_external_task_marker_dag.py
[2026-01-08T02:04:05.154+0000] {logging_mixin.py:190} INFO - [2026-01-08T02:04:05.154+0000] {dag.py:3211} INFO - Sync 2 DAGs
[2026-01-08T02:04:05.167+0000] {logging_mixin.py:190} INFO - [2026-01-08T02:04:05.167+0000] {dag.py:4138} INFO - Setting next_dagrun for example_external_task_marker_child to None, run_after=None
[2026-01-08T02:04:05.170+0000] {logging_mixin.py:190} INFO - [2026-01-08T02:04:05.170+0000] {dag.py:4138} INFO - Setting next_dagrun for example_external_task_marker_parent to None, run_after=None
[2026-01-08T02:04:05.189+0000] {processor.py:208} INFO - Processing /home/airflow/.local/lib/python3.12/site-packages/airflow/example_dags/example_external_task_marker_dag.py took 0.071 seconds
[2026-01-08T02:04:35.460+0000] {processor.py:186} INFO - Started process (PID=2069) to work on /home/airflow/.local/lib/python3.12/site-packages/airflow/example_dags/example_external_task_marker_dag.py
[2026-01-08T02:04:35.461+0000] {processor.py:914} INFO - Processing file /home/airflow/.local/lib/python3.12/site-packages/airflow/example_dags/example_external_task_marker_dag.py for tasks to queue
[2026-01-08T02:04:35.464+0000] {logging_mixin.py:190} INFO - [2026-01-08T02:04:35.464+0000] {dagbag.py:587} INFO - Filling up the DagBag from /home/airflow/.local/lib/python3.12/site-packages/airflow/example_dags/example_external_task_marker_dag.py
[2026-01-08T02:04:35.470+0000] {processor.py:925} INFO - DAG(s) 'example_external_task_marker_child', 'example_external_task_marker_parent' retrieved from /home/airflow/.local/lib/python3.12/site-packages/airflow/example_dags/example_external_task_marker_dag.py
[2026-01-08T02:04:35.488+0000] {logging_mixin.py:190} INFO - [2026-01-08T02:04:35.487+0000] {dag.py:3211} INFO - Sync 2 DAGs
[2026-01-08T02:04:35.497+0000] {logging_mixin.py:190} INFO - [2026-01-08T02:04:35.497+0000] {dag.py:4138} INFO - Setting next_dagrun for example_external_task_marker_child to None, run_after=None
[2026-01-08T02:04:35.500+0000] {logging_mixin.py:190} INFO - [2026-01-08T02:04:35.500+0000] {dag.py:4138} INFO - Setting next_dagrun for example_external_task_marker_parent to None, run_after=None
[2026-01-08T02:04:35.522+0000] {processor.py:208} INFO - Processing /home/airflow/.local/lib/python3.12/site-packages/airflow/example_dags/example_external_task_marker_dag.py took 0.066 seconds
[2026-01-08T02:05:05.629+0000] {processor.py:186} INFO - Started process (PID=2132) to work on /home/airflow/.local/lib/python3.12/site-packages/airflow/example_dags/example_external_task_marker_dag.py
[2026-01-08T02:05:05.630+0000] {processor.py:914} INFO - Processing file /home/airflow/.local/lib/python3.12/site-packages/airflow/example_dags/example_external_task_marker_dag.py for tasks to queue
[2026-01-08T02:05:05.633+0000] {logging_mixin.py:190} INFO - [2026-01-08T02:05:05.633+0000] {dagbag.py:587} INFO - Filling up the DagBag from /home/airflow/.local/lib/python3.12/site-packages/airflow/example_dags/example_external_task_marker_dag.py
[2026-01-08T02:05:05.639+0000] {processor.py:925} INFO - DAG(s) 'example_external_task_marker_child', 'example_external_task_marker_parent' retrieved from /home/airflow/.local/lib/python3.12/site-packages/airflow/example_dags/example_external_task_marker_dag.py
[2026-01-08T02:05:05.657+0000] {logging_mixin.py:190} INFO - [2026-01-08T02:05:05.657+0000] {dag.py:3211} INFO - Sync 2 DAGs
[2026-01-08T02:05:05.667+0000] {logging_mixin.py:190} INFO - [2026-01-08T02:05:05.667+0000] {dag.py:4138} INFO - Setting next_dagrun for example_external_task_marker_child to None, run_after=None
[2026-01-08T02:05:05.670+0000] {logging_mixin.py:190} INFO - [2026-01-08T02:05:05.670+0000] {dag.py:4138} INFO - Setting next_dagrun for example_external_task_marker_parent to None, run_after=None
[2026-01-08T02:05:05.684+0000] {processor.py:208} INFO - Processing /home/airflow/.local/lib/python3.12/site-packages/airflow/example_dags/example_external_task_marker_dag.py took 0.059 seconds
[2026-01-08T02:05:35.966+0000] {processor.py:186} INFO - Started process (PID=2195) to work on /home/airflow/.local/lib/python3.12/site-packages/airflow/example_dags/example_external_task_marker_dag.py
[2026-01-08T02:05:35.967+0000] {processor.py:914} INFO - Processing file /home/airflow/.local/lib/python3.12/site-packages/airflow/example_dags/example_external_task_marker_dag.py for tasks to queue
[2026-01-08T02:05:35.970+0000] {logging_mixin.py:190} INFO - [2026-01-08T02:05:35.970+0000] {dagbag.py:587} INFO - Filling up the DagBag from /home/airflow/.local/lib/python3.12/site-packages/airflow/example_dags/example_external_task_marker_dag.py
[2026-01-08T02:05:35.976+0000] {processor.py:925} INFO - DAG(s) 'example_external_task_marker_parent', 'example_external_task_marker_child' retrieved from /home/airflow/.local/lib/python3.12/site-packages/airflow/example_dags/example_external_task_marker_dag.py
[2026-01-08T02:05:35.995+0000] {logging_mixin.py:190} INFO - [2026-01-08T02:05:35.994+0000] {dag.py:3211} INFO - Sync 2 DAGs
[2026-01-08T02:05:36.006+0000] {logging_mixin.py:190} INFO - [2026-01-08T02:05:36.005+0000] {dag.py:4138} INFO - Setting next_dagrun for example_external_task_marker_child to None, run_after=None
[2026-01-08T02:05:36.009+0000] {logging_mixin.py:190} INFO - [2026-01-08T02:05:36.009+0000] {dag.py:4138} INFO - Setting next_dagrun for example_external_task_marker_parent to None, run_after=None
[2026-01-08T02:05:36.031+0000] {processor.py:208} INFO - Processing /home/airflow/.local/lib/python3.12/site-packages/airflow/example_dags/example_external_task_marker_dag.py took 0.069 seconds
[2026-01-08T02:06:06.273+0000] {processor.py:186} INFO - Started process (PID=2258) to work on /home/airflow/.local/lib/python3.12/site-packages/airflow/example_dags/example_external_task_marker_dag.py
[2026-01-08T02:06:06.274+0000] {processor.py:914} INFO - Processing file /home/airflow/.local/lib/python3.12/site-packages/airflow/example_dags/example_external_task_marker_dag.py for tasks to queue
[2026-01-08T02:06:06.276+0000] {logging_mixin.py:190} INFO - [2026-01-08T02:06:06.276+0000] {dagbag.py:587} INFO - Filling up the DagBag from /home/airflow/.local/lib/python3.12/site-packages/airflow/example_dags/example_external_task_marker_dag.py
[2026-01-08T02:06:06.282+0000] {processor.py:925} INFO - DAG(s) 'example_external_task_marker_child', 'example_external_task_marker_parent' retrieved from /home/airflow/.local/lib/python3.12/site-packages/airflow/example_dags/example_external_task_marker_dag.py
[2026-01-08T02:06:06.300+0000] {logging_mixin.py:190} INFO - [2026-01-08T02:06:06.299+0000] {dag.py:3211} INFO - Sync 2 DAGs
[2026-01-08T02:06:06.311+0000] {logging_mixin.py:190} INFO - [2026-01-08T02:06:06.310+0000] {dag.py:4138} INFO - Setting next_dagrun for example_external_task_marker_child to None, run_after=None
[2026-01-08T02:06:06.314+0000] {logging_mixin.py:190} INFO - [2026-01-08T02:06:06.314+0000] {dag.py:4138} INFO - Setting next_dagrun for example_external_task_marker_parent to None, run_after=None
[2026-01-08T02:06:06.328+0000] {processor.py:208} INFO - Processing /home/airflow/.local/lib/python3.12/site-packages/airflow/example_dags/example_external_task_marker_dag.py took 0.059 seconds
[2026-01-08T02:06:36.749+0000] {processor.py:186} INFO - Started process (PID=2321) to work on /home/airflow/.local/lib/python3.12/site-packages/airflow/example_dags/example_external_task_marker_dag.py
[2026-01-08T02:06:36.751+0000] {processor.py:914} INFO - Processing file /home/airflow/.local/lib/python3.12/site-packages/airflow/example_dags/example_external_task_marker_dag.py for tasks to queue
[2026-01-08T02:06:36.753+0000] {logging_mixin.py:190} INFO - [2026-01-08T02:06:36.753+0000] {dagbag.py:587} INFO - Filling up the DagBag from /home/airflow/.local/lib/python3.12/site-packages/airflow/example_dags/example_external_task_marker_dag.py
[2026-01-08T02:06:36.759+0000] {processor.py:925} INFO - DAG(s) 'example_external_task_marker_parent', 'example_external_task_marker_child' retrieved from /home/airflow/.local/lib/python3.12/site-packages/airflow/example_dags/example_external_task_marker_dag.py
[2026-01-08T02:06:36.777+0000] {logging_mixin.py:190} INFO - [2026-01-08T02:06:36.777+0000] {dag.py:3211} INFO - Sync 2 DAGs
[2026-01-08T02:06:36.787+0000] {logging_mixin.py:190} INFO - [2026-01-08T02:06:36.787+0000] {dag.py:4138} INFO - Setting next_dagrun for example_external_task_marker_child to None, run_after=None
[2026-01-08T02:06:36.790+0000] {logging_mixin.py:190} INFO - [2026-01-08T02:06:36.790+0000] {dag.py:4138} INFO - Setting next_dagrun for example_external_task_marker_parent to None, run_after=None
[2026-01-08T02:06:36.804+0000] {processor.py:208} INFO - Processing /home/airflow/.local/lib/python3.12/site-packages/airflow/example_dags/example_external_task_marker_dag.py took 0.059 seconds
[2026-01-08T02:07:07.195+0000] {processor.py:186} INFO - Started process (PID=2384) to work on /home/airflow/.local/lib/python3.12/site-packages/airflow/example_dags/example_external_task_marker_dag.py
[2026-01-08T02:07:07.197+0000] {processor.py:914} INFO - Processing file /home/airflow/.local/lib/python3.12/site-packages/airflow/example_dags/example_external_task_marker_dag.py for tasks to queue
[2026-01-08T02:07:07.200+0000] {logging_mixin.py:190} INFO - [2026-01-08T02:07:07.200+0000] {dagbag.py:587} INFO - Filling up the DagBag from /home/airflow/.local/lib/python3.12/site-packages/airflow/example_dags/example_external_task_marker_dag.py
[2026-01-08T02:07:07.206+0000] {processor.py:925} INFO - DAG(s) 'example_external_task_marker_child', 'example_external_task_marker_parent' retrieved from /home/airflow/.local/lib/python3.12/site-packages/airflow/example_dags/example_external_task_marker_dag.py
[2026-01-08T02:07:07.226+0000] {logging_mixin.py:190} INFO - [2026-01-08T02:07:07.226+0000] {dag.py:3211} INFO - Sync 2 DAGs
[2026-01-08T02:07:07.237+0000] {logging_mixin.py:190} INFO - [2026-01-08T02:07:07.237+0000] {dag.py:4138} INFO - Setting next_dagrun for example_external_task_marker_child to None, run_after=None
[2026-01-08T02:07:07.241+0000] {logging_mixin.py:190} INFO - [2026-01-08T02:07:07.241+0000] {dag.py:4138} INFO - Setting next_dagrun for example_external_task_marker_parent to None, run_after=None
[2026-01-08T02:07:07.260+0000] {processor.py:208} INFO - Processing /home/airflow/.local/lib/python3.12/site-packages/airflow/example_dags/example_external_task_marker_dag.py took 0.070 seconds
[2026-01-08T02:07:37.598+0000] {processor.py:186} INFO - Started process (PID=2447) to work on /home/airflow/.local/lib/python3.12/site-packages/airflow/example_dags/example_external_task_marker_dag.py
[2026-01-08T02:07:37.599+0000] {processor.py:914} INFO - Processing file /home/airflow/.local/lib/python3.12/site-packages/airflow/example_dags/example_external_task_marker_dag.py for tasks to queue
[2026-01-08T02:07:37.602+0000] {logging_mixin.py:190} INFO - [2026-01-08T02:07:37.601+0000] {dagbag.py:587} INFO - Filling up the DagBag from /home/airflow/.local/lib/python3.12/site-packages/airflow/example_dags/example_external_task_marker_dag.py
[2026-01-08T02:07:37.608+0000] {processor.py:925} INFO - DAG(s) 'example_external_task_marker_child', 'example_external_task_marker_parent' retrieved from /home/airflow/.local/lib/python3.12/site-packages/airflow/example_dags/example_external_task_marker_dag.py
[2026-01-08T02:07:37.627+0000] {logging_mixin.py:190} INFO - [2026-01-08T02:07:37.627+0000] {dag.py:3211} INFO - Sync 2 DAGs
[2026-01-08T02:07:37.637+0000] {logging_mixin.py:190} INFO - [2026-01-08T02:07:37.637+0000] {dag.py:4138} INFO - Setting next_dagrun for example_external_task_marker_child to None, run_after=None
[2026-01-08T02:07:37.640+0000] {logging_mixin.py:190} INFO - [2026-01-08T02:07:37.640+0000] {dag.py:4138} INFO - Setting next_dagrun for example_external_task_marker_parent to None, run_after=None
[2026-01-08T02:07:37.655+0000] {processor.py:208} INFO - Processing /home/airflow/.local/lib/python3.12/site-packages/airflow/example_dags/example_external_task_marker_dag.py took 0.062 seconds
[2026-01-08T02:08:07.792+0000] {processor.py:186} INFO - Started process (PID=2510) to work on /home/airflow/.local/lib/python3.12/site-packages/airflow/example_dags/example_external_task_marker_dag.py
[2026-01-08T02:08:07.794+0000] {processor.py:914} INFO - Processing file /home/airflow/.local/lib/python3.12/site-packages/airflow/example_dags/example_external_task_marker_dag.py for tasks to queue
[2026-01-08T02:08:07.796+0000] {logging_mixin.py:190} INFO - [2026-01-08T02:08:07.796+0000] {dagbag.py:587} INFO - Filling up the DagBag from /home/airflow/.local/lib/python3.12/site-packages/airflow/example_dags/example_external_task_marker_dag.py
[2026-01-08T02:08:07.802+0000] {processor.py:925} INFO - DAG(s) 'example_external_task_marker_child', 'example_external_task_marker_parent' retrieved from /home/airflow/.local/lib/python3.12/site-packages/airflow/example_dags/example_external_task_marker_dag.py
[2026-01-08T02:08:07.820+0000] {logging_mixin.py:190} INFO - [2026-01-08T02:08:07.820+0000] {dag.py:3211} INFO - Sync 2 DAGs
[2026-01-08T02:08:07.830+0000] {logging_mixin.py:190} INFO - [2026-01-08T02:08:07.830+0000] {dag.py:4138} INFO - Setting next_dagrun for example_external_task_marker_child to None, run_after=None
[2026-01-08T02:08:07.834+0000] {logging_mixin.py:190} INFO - [2026-01-08T02:08:07.834+0000] {dag.py:4138} INFO - Setting next_dagrun for example_external_task_marker_parent to None, run_after=None
[2026-01-08T02:08:07.849+0000] {processor.py:208} INFO - Processing /home/airflow/.local/lib/python3.12/site-packages/airflow/example_dags/example_external_task_marker_dag.py took 0.062 seconds
[2026-01-08T02:08:38.023+0000] {processor.py:186} INFO - Started process (PID=2573) to work on /home/airflow/.local/lib/python3.12/site-packages/airflow/example_dags/example_external_task_marker_dag.py
[2026-01-08T02:08:38.025+0000] {processor.py:914} INFO - Processing file /home/airflow/.local/lib/python3.12/site-packages/airflow/example_dags/example_external_task_marker_dag.py for tasks to queue
[2026-01-08T02:08:38.027+0000] {logging_mixin.py:190} INFO - [2026-01-08T02:08:38.027+0000] {dagbag.py:587} INFO - Filling up the DagBag from /home/airflow/.local/lib/python3.12/site-packages/airflow/example_dags/example_external_task_marker_dag.py
[2026-01-08T02:08:38.034+0000] {processor.py:925} INFO - DAG(s) 'example_external_task_marker_parent', 'example_external_task_marker_child' retrieved from /home/airflow/.local/lib/python3.12/site-packages/airflow/example_dags/example_external_task_marker_dag.py
[2026-01-08T02:08:38.052+0000] {logging_mixin.py:190} INFO - [2026-01-08T02:08:38.052+0000] {dag.py:3211} INFO - Sync 2 DAGs
[2026-01-08T02:08:38.062+0000] {logging_mixin.py:190} INFO - [2026-01-08T02:08:38.062+0000] {dag.py:4138} INFO - Setting next_dagrun for example_external_task_marker_child to None, run_after=None
[2026-01-08T02:08:38.065+0000] {logging_mixin.py:190} INFO - [2026-01-08T02:08:38.065+0000] {dag.py:4138} INFO - Setting next_dagrun for example_external_task_marker_parent to None, run_after=None
[2026-01-08T02:08:38.086+0000] {processor.py:208} INFO - Processing /home/airflow/.local/lib/python3.12/site-packages/airflow/example_dags/example_external_task_marker_dag.py took 0.068 seconds
[2026-01-08T02:09:08.290+0000] {processor.py:186} INFO - Started process (PID=2636) to work on /home/airflow/.local/lib/python3.12/site-packages/airflow/example_dags/example_external_task_marker_dag.py
[2026-01-08T02:09:08.292+0000] {processor.py:914} INFO - Processing file /home/airflow/.local/lib/python3.12/site-packages/airflow/example_dags/example_external_task_marker_dag.py for tasks to queue
[2026-01-08T02:09:08.295+0000] {logging_mixin.py:190} INFO - [2026-01-08T02:09:08.294+0000] {dagbag.py:587} INFO - Filling up the DagBag from /home/airflow/.local/lib/python3.12/site-packages/airflow/example_dags/example_external_task_marker_dag.py
[2026-01-08T02:09:08.301+0000] {processor.py:925} INFO - DAG(s) 'example_external_task_marker_child', 'example_external_task_marker_parent' retrieved from /home/airflow/.local/lib/python3.12/site-packages/airflow/example_dags/example_external_task_marker_dag.py
[2026-01-08T02:09:08.319+0000] {logging_mixin.py:190} INFO - [2026-01-08T02:09:08.319+0000] {dag.py:3211} INFO - Sync 2 DAGs
[2026-01-08T02:09:08.329+0000] {logging_mixin.py:190} INFO - [2026-01-08T02:09:08.329+0000] {dag.py:4138} INFO - Setting next_dagrun for example_external_task_marker_child to None, run_after=None
[2026-01-08T02:09:08.332+0000] {logging_mixin.py:190} INFO - [2026-01-08T02:09:08.332+0000] {dag.py:4138} INFO - Setting next_dagrun for example_external_task_marker_parent to None, run_after=None
[2026-01-08T02:09:08.346+0000] {processor.py:208} INFO - Processing /home/airflow/.local/lib/python3.12/site-packages/airflow/example_dags/example_external_task_marker_dag.py took 0.060 seconds
[2026-01-08T02:09:38.762+0000] {processor.py:186} INFO - Started process (PID=2699) to work on /home/airflow/.local/lib/python3.12/site-packages/airflow/example_dags/example_external_task_marker_dag.py
[2026-01-08T02:09:38.763+0000] {processor.py:914} INFO - Processing file /home/airflow/.local/lib/python3.12/site-packages/airflow/example_dags/example_external_task_marker_dag.py for tasks to queue
[2026-01-08T02:09:38.765+0000] {logging_mixin.py:190} INFO - [2026-01-08T02:09:38.765+0000] {dagbag.py:587} INFO - Filling up the DagBag from /home/airflow/.local/lib/python3.12/site-packages/airflow/example_dags/example_external_task_marker_dag.py
[2026-01-08T02:09:38.771+0000] {processor.py:925} INFO - DAG(s) 'example_external_task_marker_child', 'example_external_task_marker_parent' retrieved from /home/airflow/.local/lib/python3.12/site-packages/airflow/example_dags/example_external_task_marker_dag.py
[2026-01-08T02:09:38.795+0000] {logging_mixin.py:190} INFO - [2026-01-08T02:09:38.795+0000] {dag.py:3211} INFO - Sync 2 DAGs
[2026-01-08T02:09:38.807+0000] {logging_mixin.py:190} INFO - [2026-01-08T02:09:38.807+0000] {dag.py:4138} INFO - Setting next_dagrun for example_external_task_marker_child to None, run_after=None
[2026-01-08T02:09:38.812+0000] {logging_mixin.py:190} INFO - [2026-01-08T02:09:38.812+0000] {dag.py:4138} INFO - Setting next_dagrun for example_external_task_marker_parent to None, run_after=None
[2026-01-08T02:09:38.837+0000] {processor.py:208} INFO - Processing /home/airflow/.local/lib/python3.12/site-packages/airflow/example_dags/example_external_task_marker_dag.py took 0.080 seconds
[2026-01-08T02:10:09.219+0000] {processor.py:186} INFO - Started process (PID=2762) to work on /home/airflow/.local/lib/python3.12/site-packages/airflow/example_dags/example_external_task_marker_dag.py
[2026-01-08T02:10:09.221+0000] {processor.py:914} INFO - Processing file /home/airflow/.local/lib/python3.12/site-packages/airflow/example_dags/example_external_task_marker_dag.py for tasks to queue
[2026-01-08T02:10:09.223+0000] {logging_mixin.py:190} INFO - [2026-01-08T02:10:09.223+0000] {dagbag.py:587} INFO - Filling up the DagBag from /home/airflow/.local/lib/python3.12/site-packages/airflow/example_dags/example_external_task_marker_dag.py
[2026-01-08T02:10:09.230+0000] {processor.py:925} INFO - DAG(s) 'example_external_task_marker_parent', 'example_external_task_marker_child' retrieved from /home/airflow/.local/lib/python3.12/site-packages/airflow/example_dags/example_external_task_marker_dag.py
[2026-01-08T02:10:09.247+0000] {logging_mixin.py:190} INFO - [2026-01-08T02:10:09.247+0000] {dag.py:3211} INFO - Sync 2 DAGs
[2026-01-08T02:10:09.258+0000] {logging_mixin.py:190} INFO - [2026-01-08T02:10:09.257+0000] {dag.py:4138} INFO - Setting next_dagrun for example_external_task_marker_child to None, run_after=None
[2026-01-08T02:10:09.261+0000] {logging_mixin.py:190} INFO - [2026-01-08T02:10:09.261+0000] {dag.py:4138} INFO - Setting next_dagrun for example_external_task_marker_parent to None, run_after=None
[2026-01-08T02:10:09.275+0000] {processor.py:208} INFO - Processing /home/airflow/.local/lib/python3.12/site-packages/airflow/example_dags/example_external_task_marker_dag.py took 0.061 seconds
[2026-01-08T02:10:39.582+0000] {processor.py:186} INFO - Started process (PID=2824) to work on /home/airflow/.local/lib/python3.12/site-packages/airflow/example_dags/example_external_task_marker_dag.py
[2026-01-08T02:10:39.584+0000] {processor.py:914} INFO - Processing file /home/airflow/.local/lib/python3.12/site-packages/airflow/example_dags/example_external_task_marker_dag.py for tasks to queue
[2026-01-08T02:10:39.586+0000] {logging_mixin.py:190} INFO - [2026-01-08T02:10:39.586+0000] {dagbag.py:587} INFO - Filling up the DagBag from /home/airflow/.local/lib/python3.12/site-packages/airflow/example_dags/example_external_task_marker_dag.py
[2026-01-08T02:10:39.594+0000] {processor.py:925} INFO - DAG(s) 'example_external_task_marker_child', 'example_external_task_marker_parent' retrieved from /home/airflow/.local/lib/python3.12/site-packages/airflow/example_dags/example_external_task_marker_dag.py
[2026-01-08T02:10:39.617+0000] {logging_mixin.py:190} INFO - [2026-01-08T02:10:39.617+0000] {dag.py:3211} INFO - Sync 2 DAGs
[2026-01-08T02:10:39.630+0000] {logging_mixin.py:190} INFO - [2026-01-08T02:10:39.630+0000] {dag.py:4138} INFO - Setting next_dagrun for example_external_task_marker_child to None, run_after=None
[2026-01-08T02:10:39.634+0000] {logging_mixin.py:190} INFO - [2026-01-08T02:10:39.634+0000] {dag.py:4138} INFO - Setting next_dagrun for example_external_task_marker_parent to None, run_after=None
[2026-01-08T02:10:39.659+0000] {processor.py:208} INFO - Processing /home/airflow/.local/lib/python3.12/site-packages/airflow/example_dags/example_external_task_marker_dag.py took 0.082 seconds
[2026-01-08T02:11:09.922+0000] {processor.py:186} INFO - Started process (PID=2887) to work on /home/airflow/.local/lib/python3.12/site-packages/airflow/example_dags/example_external_task_marker_dag.py
[2026-01-08T02:11:09.924+0000] {processor.py:914} INFO - Processing file /home/airflow/.local/lib/python3.12/site-packages/airflow/example_dags/example_external_task_marker_dag.py for tasks to queue
[2026-01-08T02:11:09.927+0000] {logging_mixin.py:190} INFO - [2026-01-08T02:11:09.926+0000] {dagbag.py:587} INFO - Filling up the DagBag from /home/airflow/.local/lib/python3.12/site-packages/airflow/example_dags/example_external_task_marker_dag.py
[2026-01-08T02:11:09.934+0000] {processor.py:925} INFO - DAG(s) 'example_external_task_marker_parent', 'example_external_task_marker_child' retrieved from /home/airflow/.local/lib/python3.12/site-packages/airflow/example_dags/example_external_task_marker_dag.py
[2026-01-08T02:11:09.957+0000] {logging_mixin.py:190} INFO - [2026-01-08T02:11:09.956+0000] {dag.py:3211} INFO - Sync 2 DAGs
[2026-01-08T02:11:09.969+0000] {logging_mixin.py:190} INFO - [2026-01-08T02:11:09.969+0000] {dag.py:4138} INFO - Setting next_dagrun for example_external_task_marker_child to None, run_after=None
[2026-01-08T02:11:09.974+0000] {logging_mixin.py:190} INFO - [2026-01-08T02:11:09.974+0000] {dag.py:4138} INFO - Setting next_dagrun for example_external_task_marker_parent to None, run_after=None
[2026-01-08T02:11:09.988+0000] {processor.py:208} INFO - Processing /home/airflow/.local/lib/python3.12/site-packages/airflow/example_dags/example_external_task_marker_dag.py took 0.071 seconds
[2026-01-08T02:11:40.628+0000] {processor.py:186} INFO - Started process (PID=2950) to work on /home/airflow/.local/lib/python3.12/site-packages/airflow/example_dags/example_external_task_marker_dag.py
[2026-01-08T02:11:40.629+0000] {processor.py:914} INFO - Processing file /home/airflow/.local/lib/python3.12/site-packages/airflow/example_dags/example_external_task_marker_dag.py for tasks to queue
[2026-01-08T02:11:40.631+0000] {logging_mixin.py:190} INFO - [2026-01-08T02:11:40.631+0000] {dagbag.py:587} INFO - Filling up the DagBag from /home/airflow/.local/lib/python3.12/site-packages/airflow/example_dags/example_external_task_marker_dag.py
[2026-01-08T02:11:40.639+0000] {processor.py:925} INFO - DAG(s) 'example_external_task_marker_parent', 'example_external_task_marker_child' retrieved from /home/airflow/.local/lib/python3.12/site-packages/airflow/example_dags/example_external_task_marker_dag.py
[2026-01-08T02:11:40.658+0000] {logging_mixin.py:190} INFO - [2026-01-08T02:11:40.658+0000] {dag.py:3211} INFO - Sync 2 DAGs
[2026-01-08T02:11:40.670+0000] {logging_mixin.py:190} INFO - [2026-01-08T02:11:40.669+0000] {dag.py:4138} INFO - Setting next_dagrun for example_external_task_marker_child to None, run_after=None
[2026-01-08T02:11:40.673+0000] {logging_mixin.py:190} INFO - [2026-01-08T02:11:40.673+0000] {dag.py:4138} INFO - Setting next_dagrun for example_external_task_marker_parent to None, run_after=None
[2026-01-08T02:11:40.693+0000] {processor.py:208} INFO - Processing /home/airflow/.local/lib/python3.12/site-packages/airflow/example_dags/example_external_task_marker_dag.py took 0.070 seconds
[2026-01-08T02:12:11.538+0000] {processor.py:186} INFO - Started process (PID=3014) to work on /home/airflow/.local/lib/python3.12/site-packages/airflow/example_dags/example_external_task_marker_dag.py
[2026-01-08T02:12:11.540+0000] {processor.py:914} INFO - Processing file /home/airflow/.local/lib/python3.12/site-packages/airflow/example_dags/example_external_task_marker_dag.py for tasks to queue
[2026-01-08T02:12:11.542+0000] {logging_mixin.py:190} INFO - [2026-01-08T02:12:11.542+0000] {dagbag.py:587} INFO - Filling up the DagBag from /home/airflow/.local/lib/python3.12/site-packages/airflow/example_dags/example_external_task_marker_dag.py
[2026-01-08T02:12:11.549+0000] {processor.py:925} INFO - DAG(s) 'example_external_task_marker_parent', 'example_external_task_marker_child' retrieved from /home/airflow/.local/lib/python3.12/site-packages/airflow/example_dags/example_external_task_marker_dag.py
[2026-01-08T02:12:11.567+0000] {logging_mixin.py:190} INFO - [2026-01-08T02:12:11.567+0000] {dag.py:3211} INFO - Sync 2 DAGs
[2026-01-08T02:12:11.578+0000] {logging_mixin.py:190} INFO - [2026-01-08T02:12:11.578+0000] {dag.py:4138} INFO - Setting next_dagrun for example_external_task_marker_child to None, run_after=None
[2026-01-08T02:12:11.581+0000] {logging_mixin.py:190} INFO - [2026-01-08T02:12:11.581+0000] {dag.py:4138} INFO - Setting next_dagrun for example_external_task_marker_parent to None, run_after=None
[2026-01-08T02:12:11.593+0000] {processor.py:208} INFO - Processing /home/airflow/.local/lib/python3.12/site-packages/airflow/example_dags/example_external_task_marker_dag.py took 0.059 seconds
