[2026-01-08T01:48:22.235+0000] {processor.py:186} INFO - Started process (PID=82) to work on /home/airflow/.local/lib/python3.12/site-packages/airflow/example_dags/example_xcomargs.py
[2026-01-08T01:48:22.236+0000] {processor.py:914} INFO - Processing file /home/airflow/.local/lib/python3.12/site-packages/airflow/example_dags/example_xcomargs.py for tasks to queue
[2026-01-08T01:48:22.239+0000] {logging_mixin.py:190} INFO - [2026-01-08T01:48:22.238+0000] {dagbag.py:587} INFO - Filling up the DagBag from /home/airflow/.local/lib/python3.12/site-packages/airflow/example_dags/example_xcomargs.py
[2026-01-08T01:48:22.248+0000] {processor.py:925} INFO - DAG(s) 'example_xcom_args_with_operators', 'example_xcom_args' retrieved from /home/airflow/.local/lib/python3.12/site-packages/airflow/example_dags/example_xcomargs.py
[2026-01-08T01:48:22.329+0000] {logging_mixin.py:190} INFO - [2026-01-08T01:48:22.329+0000] {override.py:1858} INFO - Created Permission View: can edit on DAG:example_xcom_args_with_operators
[2026-01-08T01:48:22.338+0000] {logging_mixin.py:190} INFO - [2026-01-08T01:48:22.338+0000] {override.py:1858} INFO - Created Permission View: can read on DAG:example_xcom_args_with_operators
[2026-01-08T01:48:22.344+0000] {logging_mixin.py:190} INFO - [2026-01-08T01:48:22.344+0000] {override.py:1858} INFO - Created Permission View: can delete on DAG:example_xcom_args_with_operators
[2026-01-08T01:48:22.355+0000] {logging_mixin.py:190} INFO - [2026-01-08T01:48:22.355+0000] {override.py:1858} INFO - Created Permission View: can edit on DAG:example_xcom_args
[2026-01-08T01:48:22.362+0000] {logging_mixin.py:190} INFO - [2026-01-08T01:48:22.361+0000] {override.py:1858} INFO - Created Permission View: can read on DAG:example_xcom_args
[2026-01-08T01:48:22.368+0000] {logging_mixin.py:190} INFO - [2026-01-08T01:48:22.368+0000] {override.py:1858} INFO - Created Permission View: can delete on DAG:example_xcom_args
[2026-01-08T01:48:22.369+0000] {logging_mixin.py:190} INFO - [2026-01-08T01:48:22.369+0000] {dag.py:3211} INFO - Sync 2 DAGs
[2026-01-08T01:48:22.380+0000] {logging_mixin.py:190} INFO - [2026-01-08T01:48:22.380+0000] {dag.py:3234} INFO - Creating ORM DAG for example_xcom_args_with_operators
[2026-01-08T01:48:22.381+0000] {logging_mixin.py:190} INFO - [2026-01-08T01:48:22.381+0000] {dag.py:3234} INFO - Creating ORM DAG for example_xcom_args
[2026-01-08T01:48:22.382+0000] {logging_mixin.py:190} INFO - [2026-01-08T01:48:22.382+0000] {dag.py:4138} INFO - Setting next_dagrun for example_xcom_args to None, run_after=None
[2026-01-08T01:48:22.383+0000] {logging_mixin.py:190} INFO - [2026-01-08T01:48:22.383+0000] {dag.py:4138} INFO - Setting next_dagrun for example_xcom_args_with_operators to None, run_after=None
[2026-01-08T01:48:22.399+0000] {processor.py:208} INFO - Processing /home/airflow/.local/lib/python3.12/site-packages/airflow/example_dags/example_xcomargs.py took 0.168 seconds
[2026-01-08T01:48:52.928+0000] {processor.py:186} INFO - Started process (PID=144) to work on /home/airflow/.local/lib/python3.12/site-packages/airflow/example_dags/example_xcomargs.py
[2026-01-08T01:48:52.930+0000] {processor.py:914} INFO - Processing file /home/airflow/.local/lib/python3.12/site-packages/airflow/example_dags/example_xcomargs.py for tasks to queue
[2026-01-08T01:48:52.932+0000] {logging_mixin.py:190} INFO - [2026-01-08T01:48:52.932+0000] {dagbag.py:587} INFO - Filling up the DagBag from /home/airflow/.local/lib/python3.12/site-packages/airflow/example_dags/example_xcomargs.py
[2026-01-08T01:48:52.940+0000] {processor.py:925} INFO - DAG(s) 'example_xcom_args', 'example_xcom_args_with_operators' retrieved from /home/airflow/.local/lib/python3.12/site-packages/airflow/example_dags/example_xcomargs.py
[2026-01-08T01:48:52.957+0000] {logging_mixin.py:190} INFO - [2026-01-08T01:48:52.957+0000] {dag.py:3211} INFO - Sync 2 DAGs
[2026-01-08T01:48:52.968+0000] {logging_mixin.py:190} INFO - [2026-01-08T01:48:52.968+0000] {dag.py:4138} INFO - Setting next_dagrun for example_xcom_args to None, run_after=None
[2026-01-08T01:48:52.971+0000] {logging_mixin.py:190} INFO - [2026-01-08T01:48:52.971+0000] {dag.py:4138} INFO - Setting next_dagrun for example_xcom_args_with_operators to None, run_after=None
[2026-01-08T01:48:52.988+0000] {processor.py:208} INFO - Processing /home/airflow/.local/lib/python3.12/site-packages/airflow/example_dags/example_xcomargs.py took 0.064 seconds
[2026-01-08T01:49:23.358+0000] {processor.py:186} INFO - Started process (PID=206) to work on /home/airflow/.local/lib/python3.12/site-packages/airflow/example_dags/example_xcomargs.py
[2026-01-08T01:49:23.359+0000] {processor.py:914} INFO - Processing file /home/airflow/.local/lib/python3.12/site-packages/airflow/example_dags/example_xcomargs.py for tasks to queue
[2026-01-08T01:49:23.361+0000] {logging_mixin.py:190} INFO - [2026-01-08T01:49:23.361+0000] {dagbag.py:587} INFO - Filling up the DagBag from /home/airflow/.local/lib/python3.12/site-packages/airflow/example_dags/example_xcomargs.py
[2026-01-08T01:49:23.369+0000] {processor.py:925} INFO - DAG(s) 'example_xcom_args_with_operators', 'example_xcom_args' retrieved from /home/airflow/.local/lib/python3.12/site-packages/airflow/example_dags/example_xcomargs.py
[2026-01-08T01:49:23.387+0000] {logging_mixin.py:190} INFO - [2026-01-08T01:49:23.387+0000] {dag.py:3211} INFO - Sync 2 DAGs
[2026-01-08T01:49:23.398+0000] {logging_mixin.py:190} INFO - [2026-01-08T01:49:23.398+0000] {dag.py:4138} INFO - Setting next_dagrun for example_xcom_args to None, run_after=None
[2026-01-08T01:49:23.402+0000] {logging_mixin.py:190} INFO - [2026-01-08T01:49:23.402+0000] {dag.py:4138} INFO - Setting next_dagrun for example_xcom_args_with_operators to None, run_after=None
[2026-01-08T01:49:23.415+0000] {processor.py:208} INFO - Processing /home/airflow/.local/lib/python3.12/site-packages/airflow/example_dags/example_xcomargs.py took 0.061 seconds
[2026-01-08T01:49:53.941+0000] {processor.py:186} INFO - Started process (PID=268) to work on /home/airflow/.local/lib/python3.12/site-packages/airflow/example_dags/example_xcomargs.py
[2026-01-08T01:49:53.943+0000] {processor.py:914} INFO - Processing file /home/airflow/.local/lib/python3.12/site-packages/airflow/example_dags/example_xcomargs.py for tasks to queue
[2026-01-08T01:49:53.945+0000] {logging_mixin.py:190} INFO - [2026-01-08T01:49:53.945+0000] {dagbag.py:587} INFO - Filling up the DagBag from /home/airflow/.local/lib/python3.12/site-packages/airflow/example_dags/example_xcomargs.py
[2026-01-08T01:49:53.953+0000] {processor.py:925} INFO - DAG(s) 'example_xcom_args', 'example_xcom_args_with_operators' retrieved from /home/airflow/.local/lib/python3.12/site-packages/airflow/example_dags/example_xcomargs.py
[2026-01-08T01:49:53.972+0000] {logging_mixin.py:190} INFO - [2026-01-08T01:49:53.972+0000] {dag.py:3211} INFO - Sync 2 DAGs
[2026-01-08T01:49:53.982+0000] {logging_mixin.py:190} INFO - [2026-01-08T01:49:53.982+0000] {dag.py:4138} INFO - Setting next_dagrun for example_xcom_args to None, run_after=None
[2026-01-08T01:49:53.985+0000] {logging_mixin.py:190} INFO - [2026-01-08T01:49:53.985+0000] {dag.py:4138} INFO - Setting next_dagrun for example_xcom_args_with_operators to None, run_after=None
[2026-01-08T01:49:53.998+0000] {processor.py:208} INFO - Processing /home/airflow/.local/lib/python3.12/site-packages/airflow/example_dags/example_xcomargs.py took 0.061 seconds
[2026-01-08T01:50:24.336+0000] {processor.py:186} INFO - Started process (PID=336) to work on /home/airflow/.local/lib/python3.12/site-packages/airflow/example_dags/example_xcomargs.py
[2026-01-08T01:50:24.337+0000] {processor.py:914} INFO - Processing file /home/airflow/.local/lib/python3.12/site-packages/airflow/example_dags/example_xcomargs.py for tasks to queue
[2026-01-08T01:50:24.339+0000] {logging_mixin.py:190} INFO - [2026-01-08T01:50:24.339+0000] {dagbag.py:587} INFO - Filling up the DagBag from /home/airflow/.local/lib/python3.12/site-packages/airflow/example_dags/example_xcomargs.py
[2026-01-08T01:50:24.347+0000] {processor.py:925} INFO - DAG(s) 'example_xcom_args', 'example_xcom_args_with_operators' retrieved from /home/airflow/.local/lib/python3.12/site-packages/airflow/example_dags/example_xcomargs.py
[2026-01-08T01:50:24.365+0000] {logging_mixin.py:190} INFO - [2026-01-08T01:50:24.365+0000] {dag.py:3211} INFO - Sync 2 DAGs
[2026-01-08T01:50:24.377+0000] {logging_mixin.py:190} INFO - [2026-01-08T01:50:24.376+0000] {dag.py:4138} INFO - Setting next_dagrun for example_xcom_args to None, run_after=None
[2026-01-08T01:50:24.380+0000] {logging_mixin.py:190} INFO - [2026-01-08T01:50:24.380+0000] {dag.py:4138} INFO - Setting next_dagrun for example_xcom_args_with_operators to None, run_after=None
[2026-01-08T01:50:24.393+0000] {processor.py:208} INFO - Processing /home/airflow/.local/lib/python3.12/site-packages/airflow/example_dags/example_xcomargs.py took 0.063 seconds
[2026-01-08T01:50:54.704+0000] {processor.py:186} INFO - Started process (PID=398) to work on /home/airflow/.local/lib/python3.12/site-packages/airflow/example_dags/example_xcomargs.py
[2026-01-08T01:50:54.705+0000] {processor.py:914} INFO - Processing file /home/airflow/.local/lib/python3.12/site-packages/airflow/example_dags/example_xcomargs.py for tasks to queue
[2026-01-08T01:50:54.707+0000] {logging_mixin.py:190} INFO - [2026-01-08T01:50:54.707+0000] {dagbag.py:587} INFO - Filling up the DagBag from /home/airflow/.local/lib/python3.12/site-packages/airflow/example_dags/example_xcomargs.py
[2026-01-08T01:50:54.716+0000] {processor.py:925} INFO - DAG(s) 'example_xcom_args', 'example_xcom_args_with_operators' retrieved from /home/airflow/.local/lib/python3.12/site-packages/airflow/example_dags/example_xcomargs.py
[2026-01-08T01:50:54.734+0000] {logging_mixin.py:190} INFO - [2026-01-08T01:50:54.734+0000] {dag.py:3211} INFO - Sync 2 DAGs
[2026-01-08T01:50:54.744+0000] {logging_mixin.py:190} INFO - [2026-01-08T01:50:54.744+0000] {dag.py:4138} INFO - Setting next_dagrun for example_xcom_args to None, run_after=None
[2026-01-08T01:50:54.748+0000] {logging_mixin.py:190} INFO - [2026-01-08T01:50:54.748+0000] {dag.py:4138} INFO - Setting next_dagrun for example_xcom_args_with_operators to None, run_after=None
[2026-01-08T01:50:54.761+0000] {processor.py:208} INFO - Processing /home/airflow/.local/lib/python3.12/site-packages/airflow/example_dags/example_xcomargs.py took 0.062 seconds
[2026-01-08T01:51:25.343+0000] {processor.py:186} INFO - Started process (PID=460) to work on /home/airflow/.local/lib/python3.12/site-packages/airflow/example_dags/example_xcomargs.py
[2026-01-08T01:51:25.344+0000] {processor.py:914} INFO - Processing file /home/airflow/.local/lib/python3.12/site-packages/airflow/example_dags/example_xcomargs.py for tasks to queue
[2026-01-08T01:51:25.346+0000] {logging_mixin.py:190} INFO - [2026-01-08T01:51:25.346+0000] {dagbag.py:587} INFO - Filling up the DagBag from /home/airflow/.local/lib/python3.12/site-packages/airflow/example_dags/example_xcomargs.py
[2026-01-08T01:51:25.354+0000] {processor.py:925} INFO - DAG(s) 'example_xcom_args_with_operators', 'example_xcom_args' retrieved from /home/airflow/.local/lib/python3.12/site-packages/airflow/example_dags/example_xcomargs.py
[2026-01-08T01:51:25.370+0000] {logging_mixin.py:190} INFO - [2026-01-08T01:51:25.370+0000] {dag.py:3211} INFO - Sync 2 DAGs
[2026-01-08T01:51:25.380+0000] {logging_mixin.py:190} INFO - [2026-01-08T01:51:25.380+0000] {dag.py:4138} INFO - Setting next_dagrun for example_xcom_args to None, run_after=None
[2026-01-08T01:51:25.383+0000] {logging_mixin.py:190} INFO - [2026-01-08T01:51:25.383+0000] {dag.py:4138} INFO - Setting next_dagrun for example_xcom_args_with_operators to None, run_after=None
[2026-01-08T01:51:25.395+0000] {processor.py:208} INFO - Processing /home/airflow/.local/lib/python3.12/site-packages/airflow/example_dags/example_xcomargs.py took 0.056 seconds
[2026-01-08T01:51:55.946+0000] {processor.py:186} INFO - Started process (PID=523) to work on /home/airflow/.local/lib/python3.12/site-packages/airflow/example_dags/example_xcomargs.py
[2026-01-08T01:51:55.947+0000] {processor.py:914} INFO - Processing file /home/airflow/.local/lib/python3.12/site-packages/airflow/example_dags/example_xcomargs.py for tasks to queue
[2026-01-08T01:51:55.949+0000] {logging_mixin.py:190} INFO - [2026-01-08T01:51:55.948+0000] {dagbag.py:587} INFO - Filling up the DagBag from /home/airflow/.local/lib/python3.12/site-packages/airflow/example_dags/example_xcomargs.py
[2026-01-08T01:51:55.956+0000] {processor.py:925} INFO - DAG(s) 'example_xcom_args_with_operators', 'example_xcom_args' retrieved from /home/airflow/.local/lib/python3.12/site-packages/airflow/example_dags/example_xcomargs.py
[2026-01-08T01:51:55.973+0000] {logging_mixin.py:190} INFO - [2026-01-08T01:51:55.973+0000] {dag.py:3211} INFO - Sync 2 DAGs
[2026-01-08T01:51:55.985+0000] {logging_mixin.py:190} INFO - [2026-01-08T01:51:55.985+0000] {dag.py:4138} INFO - Setting next_dagrun for example_xcom_args to None, run_after=None
[2026-01-08T01:51:55.988+0000] {logging_mixin.py:190} INFO - [2026-01-08T01:51:55.988+0000] {dag.py:4138} INFO - Setting next_dagrun for example_xcom_args_with_operators to None, run_after=None
[2026-01-08T01:51:56.002+0000] {processor.py:208} INFO - Processing /home/airflow/.local/lib/python3.12/site-packages/airflow/example_dags/example_xcomargs.py took 0.061 seconds
[2026-01-08T01:52:26.503+0000] {processor.py:186} INFO - Started process (PID=585) to work on /home/airflow/.local/lib/python3.12/site-packages/airflow/example_dags/example_xcomargs.py
[2026-01-08T01:52:26.504+0000] {processor.py:914} INFO - Processing file /home/airflow/.local/lib/python3.12/site-packages/airflow/example_dags/example_xcomargs.py for tasks to queue
[2026-01-08T01:52:26.506+0000] {logging_mixin.py:190} INFO - [2026-01-08T01:52:26.506+0000] {dagbag.py:587} INFO - Filling up the DagBag from /home/airflow/.local/lib/python3.12/site-packages/airflow/example_dags/example_xcomargs.py
[2026-01-08T01:52:26.515+0000] {processor.py:925} INFO - DAG(s) 'example_xcom_args', 'example_xcom_args_with_operators' retrieved from /home/airflow/.local/lib/python3.12/site-packages/airflow/example_dags/example_xcomargs.py
[2026-01-08T01:52:26.533+0000] {logging_mixin.py:190} INFO - [2026-01-08T01:52:26.533+0000] {dag.py:3211} INFO - Sync 2 DAGs
[2026-01-08T01:52:26.543+0000] {logging_mixin.py:190} INFO - [2026-01-08T01:52:26.543+0000] {dag.py:4138} INFO - Setting next_dagrun for example_xcom_args to None, run_after=None
[2026-01-08T01:52:26.546+0000] {logging_mixin.py:190} INFO - [2026-01-08T01:52:26.546+0000] {dag.py:4138} INFO - Setting next_dagrun for example_xcom_args_with_operators to None, run_after=None
[2026-01-08T01:52:26.560+0000] {processor.py:208} INFO - Processing /home/airflow/.local/lib/python3.12/site-packages/airflow/example_dags/example_xcomargs.py took 0.062 seconds
[2026-01-08T01:52:56.823+0000] {processor.py:186} INFO - Started process (PID=647) to work on /home/airflow/.local/lib/python3.12/site-packages/airflow/example_dags/example_xcomargs.py
[2026-01-08T01:52:56.824+0000] {processor.py:914} INFO - Processing file /home/airflow/.local/lib/python3.12/site-packages/airflow/example_dags/example_xcomargs.py for tasks to queue
[2026-01-08T01:52:56.827+0000] {logging_mixin.py:190} INFO - [2026-01-08T01:52:56.827+0000] {dagbag.py:587} INFO - Filling up the DagBag from /home/airflow/.local/lib/python3.12/site-packages/airflow/example_dags/example_xcomargs.py
[2026-01-08T01:52:56.837+0000] {processor.py:925} INFO - DAG(s) 'example_xcom_args_with_operators', 'example_xcom_args' retrieved from /home/airflow/.local/lib/python3.12/site-packages/airflow/example_dags/example_xcomargs.py
[2026-01-08T01:52:56.858+0000] {logging_mixin.py:190} INFO - [2026-01-08T01:52:56.858+0000] {dag.py:3211} INFO - Sync 2 DAGs
[2026-01-08T01:52:56.870+0000] {logging_mixin.py:190} INFO - [2026-01-08T01:52:56.870+0000] {dag.py:4138} INFO - Setting next_dagrun for example_xcom_args to None, run_after=None
[2026-01-08T01:52:56.873+0000] {logging_mixin.py:190} INFO - [2026-01-08T01:52:56.873+0000] {dag.py:4138} INFO - Setting next_dagrun for example_xcom_args_with_operators to None, run_after=None
[2026-01-08T01:52:56.888+0000] {processor.py:208} INFO - Processing /home/airflow/.local/lib/python3.12/site-packages/airflow/example_dags/example_xcomargs.py took 0.070 seconds
[2026-01-08T01:53:27.239+0000] {processor.py:186} INFO - Started process (PID=709) to work on /home/airflow/.local/lib/python3.12/site-packages/airflow/example_dags/example_xcomargs.py
[2026-01-08T01:53:27.241+0000] {processor.py:914} INFO - Processing file /home/airflow/.local/lib/python3.12/site-packages/airflow/example_dags/example_xcomargs.py for tasks to queue
[2026-01-08T01:53:27.243+0000] {logging_mixin.py:190} INFO - [2026-01-08T01:53:27.243+0000] {dagbag.py:587} INFO - Filling up the DagBag from /home/airflow/.local/lib/python3.12/site-packages/airflow/example_dags/example_xcomargs.py
[2026-01-08T01:53:27.252+0000] {processor.py:925} INFO - DAG(s) 'example_xcom_args_with_operators', 'example_xcom_args' retrieved from /home/airflow/.local/lib/python3.12/site-packages/airflow/example_dags/example_xcomargs.py
[2026-01-08T01:53:27.271+0000] {logging_mixin.py:190} INFO - [2026-01-08T01:53:27.271+0000] {dag.py:3211} INFO - Sync 2 DAGs
[2026-01-08T01:53:27.282+0000] {logging_mixin.py:190} INFO - [2026-01-08T01:53:27.282+0000] {dag.py:4138} INFO - Setting next_dagrun for example_xcom_args to None, run_after=None
[2026-01-08T01:53:27.286+0000] {logging_mixin.py:190} INFO - [2026-01-08T01:53:27.285+0000] {dag.py:4138} INFO - Setting next_dagrun for example_xcom_args_with_operators to None, run_after=None
[2026-01-08T01:53:27.300+0000] {processor.py:208} INFO - Processing /home/airflow/.local/lib/python3.12/site-packages/airflow/example_dags/example_xcomargs.py took 0.065 seconds
[2026-01-08T01:53:57.783+0000] {processor.py:186} INFO - Started process (PID=771) to work on /home/airflow/.local/lib/python3.12/site-packages/airflow/example_dags/example_xcomargs.py
[2026-01-08T01:53:57.784+0000] {processor.py:914} INFO - Processing file /home/airflow/.local/lib/python3.12/site-packages/airflow/example_dags/example_xcomargs.py for tasks to queue
[2026-01-08T01:53:57.786+0000] {logging_mixin.py:190} INFO - [2026-01-08T01:53:57.786+0000] {dagbag.py:587} INFO - Filling up the DagBag from /home/airflow/.local/lib/python3.12/site-packages/airflow/example_dags/example_xcomargs.py
[2026-01-08T01:53:57.795+0000] {processor.py:925} INFO - DAG(s) 'example_xcom_args_with_operators', 'example_xcom_args' retrieved from /home/airflow/.local/lib/python3.12/site-packages/airflow/example_dags/example_xcomargs.py
[2026-01-08T01:53:57.818+0000] {logging_mixin.py:190} INFO - [2026-01-08T01:53:57.818+0000] {dag.py:3211} INFO - Sync 2 DAGs
[2026-01-08T01:53:57.832+0000] {logging_mixin.py:190} INFO - [2026-01-08T01:53:57.832+0000] {dag.py:4138} INFO - Setting next_dagrun for example_xcom_args to None, run_after=None
[2026-01-08T01:53:57.835+0000] {logging_mixin.py:190} INFO - [2026-01-08T01:53:57.835+0000] {dag.py:4138} INFO - Setting next_dagrun for example_xcom_args_with_operators to None, run_after=None
[2026-01-08T01:53:57.852+0000] {processor.py:208} INFO - Processing /home/airflow/.local/lib/python3.12/site-packages/airflow/example_dags/example_xcomargs.py took 0.074 seconds
[2026-01-08T01:54:28.405+0000] {processor.py:186} INFO - Started process (PID=833) to work on /home/airflow/.local/lib/python3.12/site-packages/airflow/example_dags/example_xcomargs.py
[2026-01-08T01:54:28.406+0000] {processor.py:914} INFO - Processing file /home/airflow/.local/lib/python3.12/site-packages/airflow/example_dags/example_xcomargs.py for tasks to queue
[2026-01-08T01:54:28.408+0000] {logging_mixin.py:190} INFO - [2026-01-08T01:54:28.408+0000] {dagbag.py:587} INFO - Filling up the DagBag from /home/airflow/.local/lib/python3.12/site-packages/airflow/example_dags/example_xcomargs.py
[2026-01-08T01:54:28.415+0000] {processor.py:925} INFO - DAG(s) 'example_xcom_args_with_operators', 'example_xcom_args' retrieved from /home/airflow/.local/lib/python3.12/site-packages/airflow/example_dags/example_xcomargs.py
[2026-01-08T01:54:28.433+0000] {logging_mixin.py:190} INFO - [2026-01-08T01:54:28.433+0000] {dag.py:3211} INFO - Sync 2 DAGs
[2026-01-08T01:54:28.443+0000] {logging_mixin.py:190} INFO - [2026-01-08T01:54:28.443+0000] {dag.py:4138} INFO - Setting next_dagrun for example_xcom_args to None, run_after=None
[2026-01-08T01:54:28.445+0000] {logging_mixin.py:190} INFO - [2026-01-08T01:54:28.445+0000] {dag.py:4138} INFO - Setting next_dagrun for example_xcom_args_with_operators to None, run_after=None
[2026-01-08T01:54:28.458+0000] {processor.py:208} INFO - Processing /home/airflow/.local/lib/python3.12/site-packages/airflow/example_dags/example_xcomargs.py took 0.057 seconds
[2026-01-08T01:54:58.995+0000] {processor.py:186} INFO - Started process (PID=895) to work on /home/airflow/.local/lib/python3.12/site-packages/airflow/example_dags/example_xcomargs.py
[2026-01-08T01:54:58.996+0000] {processor.py:914} INFO - Processing file /home/airflow/.local/lib/python3.12/site-packages/airflow/example_dags/example_xcomargs.py for tasks to queue
[2026-01-08T01:54:58.999+0000] {logging_mixin.py:190} INFO - [2026-01-08T01:54:58.998+0000] {dagbag.py:587} INFO - Filling up the DagBag from /home/airflow/.local/lib/python3.12/site-packages/airflow/example_dags/example_xcomargs.py
[2026-01-08T01:54:59.007+0000] {processor.py:925} INFO - DAG(s) 'example_xcom_args_with_operators', 'example_xcom_args' retrieved from /home/airflow/.local/lib/python3.12/site-packages/airflow/example_dags/example_xcomargs.py
[2026-01-08T01:54:59.023+0000] {logging_mixin.py:190} INFO - [2026-01-08T01:54:59.023+0000] {dag.py:3211} INFO - Sync 2 DAGs
[2026-01-08T01:54:59.034+0000] {logging_mixin.py:190} INFO - [2026-01-08T01:54:59.034+0000] {dag.py:4138} INFO - Setting next_dagrun for example_xcom_args to None, run_after=None
[2026-01-08T01:54:59.037+0000] {logging_mixin.py:190} INFO - [2026-01-08T01:54:59.037+0000] {dag.py:4138} INFO - Setting next_dagrun for example_xcom_args_with_operators to None, run_after=None
[2026-01-08T01:54:59.052+0000] {processor.py:208} INFO - Processing /home/airflow/.local/lib/python3.12/site-packages/airflow/example_dags/example_xcomargs.py took 0.061 seconds
[2026-01-08T01:55:29.615+0000] {processor.py:186} INFO - Started process (PID=957) to work on /home/airflow/.local/lib/python3.12/site-packages/airflow/example_dags/example_xcomargs.py
[2026-01-08T01:55:29.616+0000] {processor.py:914} INFO - Processing file /home/airflow/.local/lib/python3.12/site-packages/airflow/example_dags/example_xcomargs.py for tasks to queue
[2026-01-08T01:55:29.618+0000] {logging_mixin.py:190} INFO - [2026-01-08T01:55:29.618+0000] {dagbag.py:587} INFO - Filling up the DagBag from /home/airflow/.local/lib/python3.12/site-packages/airflow/example_dags/example_xcomargs.py
[2026-01-08T01:55:29.626+0000] {processor.py:925} INFO - DAG(s) 'example_xcom_args', 'example_xcom_args_with_operators' retrieved from /home/airflow/.local/lib/python3.12/site-packages/airflow/example_dags/example_xcomargs.py
[2026-01-08T01:55:29.645+0000] {logging_mixin.py:190} INFO - [2026-01-08T01:55:29.645+0000] {dag.py:3211} INFO - Sync 2 DAGs
[2026-01-08T01:55:29.655+0000] {logging_mixin.py:190} INFO - [2026-01-08T01:55:29.655+0000] {dag.py:4138} INFO - Setting next_dagrun for example_xcom_args to None, run_after=None
[2026-01-08T01:55:29.658+0000] {logging_mixin.py:190} INFO - [2026-01-08T01:55:29.658+0000] {dag.py:4138} INFO - Setting next_dagrun for example_xcom_args_with_operators to None, run_after=None
[2026-01-08T01:55:29.672+0000] {processor.py:208} INFO - Processing /home/airflow/.local/lib/python3.12/site-packages/airflow/example_dags/example_xcomargs.py took 0.061 seconds
[2026-01-08T01:56:00.321+0000] {processor.py:186} INFO - Started process (PID=1019) to work on /home/airflow/.local/lib/python3.12/site-packages/airflow/example_dags/example_xcomargs.py
[2026-01-08T01:56:00.322+0000] {processor.py:914} INFO - Processing file /home/airflow/.local/lib/python3.12/site-packages/airflow/example_dags/example_xcomargs.py for tasks to queue
[2026-01-08T01:56:00.324+0000] {logging_mixin.py:190} INFO - [2026-01-08T01:56:00.323+0000] {dagbag.py:587} INFO - Filling up the DagBag from /home/airflow/.local/lib/python3.12/site-packages/airflow/example_dags/example_xcomargs.py
[2026-01-08T01:56:00.332+0000] {processor.py:925} INFO - DAG(s) 'example_xcom_args', 'example_xcom_args_with_operators' retrieved from /home/airflow/.local/lib/python3.12/site-packages/airflow/example_dags/example_xcomargs.py
[2026-01-08T01:56:00.352+0000] {logging_mixin.py:190} INFO - [2026-01-08T01:56:00.352+0000] {dag.py:3211} INFO - Sync 2 DAGs
[2026-01-08T01:56:00.363+0000] {logging_mixin.py:190} INFO - [2026-01-08T01:56:00.363+0000] {dag.py:4138} INFO - Setting next_dagrun for example_xcom_args to None, run_after=None
[2026-01-08T01:56:00.367+0000] {logging_mixin.py:190} INFO - [2026-01-08T01:56:00.367+0000] {dag.py:4138} INFO - Setting next_dagrun for example_xcom_args_with_operators to None, run_after=None
[2026-01-08T01:56:00.382+0000] {processor.py:208} INFO - Processing /home/airflow/.local/lib/python3.12/site-packages/airflow/example_dags/example_xcomargs.py took 0.066 seconds
[2026-01-08T01:56:30.742+0000] {processor.py:186} INFO - Started process (PID=1081) to work on /home/airflow/.local/lib/python3.12/site-packages/airflow/example_dags/example_xcomargs.py
[2026-01-08T01:56:30.743+0000] {processor.py:914} INFO - Processing file /home/airflow/.local/lib/python3.12/site-packages/airflow/example_dags/example_xcomargs.py for tasks to queue
[2026-01-08T01:56:30.746+0000] {logging_mixin.py:190} INFO - [2026-01-08T01:56:30.745+0000] {dagbag.py:587} INFO - Filling up the DagBag from /home/airflow/.local/lib/python3.12/site-packages/airflow/example_dags/example_xcomargs.py
[2026-01-08T01:56:30.754+0000] {processor.py:925} INFO - DAG(s) 'example_xcom_args', 'example_xcom_args_with_operators' retrieved from /home/airflow/.local/lib/python3.12/site-packages/airflow/example_dags/example_xcomargs.py
[2026-01-08T01:56:30.772+0000] {logging_mixin.py:190} INFO - [2026-01-08T01:56:30.772+0000] {dag.py:3211} INFO - Sync 2 DAGs
[2026-01-08T01:56:30.784+0000] {logging_mixin.py:190} INFO - [2026-01-08T01:56:30.784+0000] {dag.py:4138} INFO - Setting next_dagrun for example_xcom_args to None, run_after=None
[2026-01-08T01:56:30.787+0000] {logging_mixin.py:190} INFO - [2026-01-08T01:56:30.787+0000] {dag.py:4138} INFO - Setting next_dagrun for example_xcom_args_with_operators to None, run_after=None
[2026-01-08T01:56:30.801+0000] {processor.py:208} INFO - Processing /home/airflow/.local/lib/python3.12/site-packages/airflow/example_dags/example_xcomargs.py took 0.064 seconds
[2026-01-08T01:57:01.180+0000] {processor.py:186} INFO - Started process (PID=1143) to work on /home/airflow/.local/lib/python3.12/site-packages/airflow/example_dags/example_xcomargs.py
[2026-01-08T01:57:01.181+0000] {processor.py:914} INFO - Processing file /home/airflow/.local/lib/python3.12/site-packages/airflow/example_dags/example_xcomargs.py for tasks to queue
[2026-01-08T01:57:01.184+0000] {logging_mixin.py:190} INFO - [2026-01-08T01:57:01.183+0000] {dagbag.py:587} INFO - Filling up the DagBag from /home/airflow/.local/lib/python3.12/site-packages/airflow/example_dags/example_xcomargs.py
[2026-01-08T01:57:01.192+0000] {processor.py:925} INFO - DAG(s) 'example_xcom_args', 'example_xcom_args_with_operators' retrieved from /home/airflow/.local/lib/python3.12/site-packages/airflow/example_dags/example_xcomargs.py
[2026-01-08T01:57:01.212+0000] {logging_mixin.py:190} INFO - [2026-01-08T01:57:01.212+0000] {dag.py:3211} INFO - Sync 2 DAGs
[2026-01-08T01:57:01.223+0000] {logging_mixin.py:190} INFO - [2026-01-08T01:57:01.223+0000] {dag.py:4138} INFO - Setting next_dagrun for example_xcom_args to None, run_after=None
[2026-01-08T01:57:01.226+0000] {logging_mixin.py:190} INFO - [2026-01-08T01:57:01.226+0000] {dag.py:4138} INFO - Setting next_dagrun for example_xcom_args_with_operators to None, run_after=None
[2026-01-08T01:57:01.241+0000] {processor.py:208} INFO - Processing /home/airflow/.local/lib/python3.12/site-packages/airflow/example_dags/example_xcomargs.py took 0.066 seconds
[2026-01-08T01:57:31.512+0000] {processor.py:186} INFO - Started process (PID=1205) to work on /home/airflow/.local/lib/python3.12/site-packages/airflow/example_dags/example_xcomargs.py
[2026-01-08T01:57:31.513+0000] {processor.py:914} INFO - Processing file /home/airflow/.local/lib/python3.12/site-packages/airflow/example_dags/example_xcomargs.py for tasks to queue
[2026-01-08T01:57:31.515+0000] {logging_mixin.py:190} INFO - [2026-01-08T01:57:31.514+0000] {dagbag.py:587} INFO - Filling up the DagBag from /home/airflow/.local/lib/python3.12/site-packages/airflow/example_dags/example_xcomargs.py
[2026-01-08T01:57:31.522+0000] {processor.py:925} INFO - DAG(s) 'example_xcom_args_with_operators', 'example_xcom_args' retrieved from /home/airflow/.local/lib/python3.12/site-packages/airflow/example_dags/example_xcomargs.py
[2026-01-08T01:57:31.541+0000] {logging_mixin.py:190} INFO - [2026-01-08T01:57:31.541+0000] {dag.py:3211} INFO - Sync 2 DAGs
[2026-01-08T01:57:31.551+0000] {logging_mixin.py:190} INFO - [2026-01-08T01:57:31.551+0000] {dag.py:4138} INFO - Setting next_dagrun for example_xcom_args to None, run_after=None
[2026-01-08T01:57:31.554+0000] {logging_mixin.py:190} INFO - [2026-01-08T01:57:31.554+0000] {dag.py:4138} INFO - Setting next_dagrun for example_xcom_args_with_operators to None, run_after=None
[2026-01-08T01:57:31.570+0000] {processor.py:208} INFO - Processing /home/airflow/.local/lib/python3.12/site-packages/airflow/example_dags/example_xcomargs.py took 0.062 seconds
[2026-01-08T01:58:02.094+0000] {processor.py:186} INFO - Started process (PID=1267) to work on /home/airflow/.local/lib/python3.12/site-packages/airflow/example_dags/example_xcomargs.py
[2026-01-08T01:58:02.095+0000] {processor.py:914} INFO - Processing file /home/airflow/.local/lib/python3.12/site-packages/airflow/example_dags/example_xcomargs.py for tasks to queue
[2026-01-08T01:58:02.097+0000] {logging_mixin.py:190} INFO - [2026-01-08T01:58:02.097+0000] {dagbag.py:587} INFO - Filling up the DagBag from /home/airflow/.local/lib/python3.12/site-packages/airflow/example_dags/example_xcomargs.py
[2026-01-08T01:58:02.104+0000] {processor.py:925} INFO - DAG(s) 'example_xcom_args', 'example_xcom_args_with_operators' retrieved from /home/airflow/.local/lib/python3.12/site-packages/airflow/example_dags/example_xcomargs.py
[2026-01-08T01:58:02.120+0000] {logging_mixin.py:190} INFO - [2026-01-08T01:58:02.120+0000] {dag.py:3211} INFO - Sync 2 DAGs
[2026-01-08T01:58:02.130+0000] {logging_mixin.py:190} INFO - [2026-01-08T01:58:02.130+0000] {dag.py:4138} INFO - Setting next_dagrun for example_xcom_args to None, run_after=None
[2026-01-08T01:58:02.133+0000] {logging_mixin.py:190} INFO - [2026-01-08T01:58:02.133+0000] {dag.py:4138} INFO - Setting next_dagrun for example_xcom_args_with_operators to None, run_after=None
[2026-01-08T01:58:02.147+0000] {processor.py:208} INFO - Processing /home/airflow/.local/lib/python3.12/site-packages/airflow/example_dags/example_xcomargs.py took 0.058 seconds
[2026-01-08T01:58:32.682+0000] {processor.py:186} INFO - Started process (PID=1330) to work on /home/airflow/.local/lib/python3.12/site-packages/airflow/example_dags/example_xcomargs.py
[2026-01-08T01:58:32.683+0000] {processor.py:914} INFO - Processing file /home/airflow/.local/lib/python3.12/site-packages/airflow/example_dags/example_xcomargs.py for tasks to queue
[2026-01-08T01:58:32.686+0000] {logging_mixin.py:190} INFO - [2026-01-08T01:58:32.685+0000] {dagbag.py:587} INFO - Filling up the DagBag from /home/airflow/.local/lib/python3.12/site-packages/airflow/example_dags/example_xcomargs.py
[2026-01-08T01:58:32.694+0000] {processor.py:925} INFO - DAG(s) 'example_xcom_args', 'example_xcom_args_with_operators' retrieved from /home/airflow/.local/lib/python3.12/site-packages/airflow/example_dags/example_xcomargs.py
[2026-01-08T01:58:32.711+0000] {logging_mixin.py:190} INFO - [2026-01-08T01:58:32.711+0000] {dag.py:3211} INFO - Sync 2 DAGs
[2026-01-08T01:58:32.721+0000] {logging_mixin.py:190} INFO - [2026-01-08T01:58:32.721+0000] {dag.py:4138} INFO - Setting next_dagrun for example_xcom_args to None, run_after=None
[2026-01-08T01:58:32.725+0000] {logging_mixin.py:190} INFO - [2026-01-08T01:58:32.724+0000] {dag.py:4138} INFO - Setting next_dagrun for example_xcom_args_with_operators to None, run_after=None
[2026-01-08T01:58:32.739+0000] {processor.py:208} INFO - Processing /home/airflow/.local/lib/python3.12/site-packages/airflow/example_dags/example_xcomargs.py took 0.061 seconds
[2026-01-08T01:59:02.937+0000] {processor.py:186} INFO - Started process (PID=1393) to work on /home/airflow/.local/lib/python3.12/site-packages/airflow/example_dags/example_xcomargs.py
[2026-01-08T01:59:02.938+0000] {processor.py:914} INFO - Processing file /home/airflow/.local/lib/python3.12/site-packages/airflow/example_dags/example_xcomargs.py for tasks to queue
[2026-01-08T01:59:02.941+0000] {logging_mixin.py:190} INFO - [2026-01-08T01:59:02.940+0000] {dagbag.py:587} INFO - Filling up the DagBag from /home/airflow/.local/lib/python3.12/site-packages/airflow/example_dags/example_xcomargs.py
[2026-01-08T01:59:02.949+0000] {processor.py:925} INFO - DAG(s) 'example_xcom_args_with_operators', 'example_xcom_args' retrieved from /home/airflow/.local/lib/python3.12/site-packages/airflow/example_dags/example_xcomargs.py
[2026-01-08T01:59:02.966+0000] {logging_mixin.py:190} INFO - [2026-01-08T01:59:02.965+0000] {dag.py:3211} INFO - Sync 2 DAGs
[2026-01-08T01:59:02.977+0000] {logging_mixin.py:190} INFO - [2026-01-08T01:59:02.976+0000] {dag.py:4138} INFO - Setting next_dagrun for example_xcom_args to None, run_after=None
[2026-01-08T01:59:02.981+0000] {logging_mixin.py:190} INFO - [2026-01-08T01:59:02.981+0000] {dag.py:4138} INFO - Setting next_dagrun for example_xcom_args_with_operators to None, run_after=None
[2026-01-08T01:59:02.996+0000] {processor.py:208} INFO - Processing /home/airflow/.local/lib/python3.12/site-packages/airflow/example_dags/example_xcomargs.py took 0.063 seconds
[2026-01-08T01:59:33.299+0000] {processor.py:186} INFO - Started process (PID=1456) to work on /home/airflow/.local/lib/python3.12/site-packages/airflow/example_dags/example_xcomargs.py
[2026-01-08T01:59:33.300+0000] {processor.py:914} INFO - Processing file /home/airflow/.local/lib/python3.12/site-packages/airflow/example_dags/example_xcomargs.py for tasks to queue
[2026-01-08T01:59:33.302+0000] {logging_mixin.py:190} INFO - [2026-01-08T01:59:33.302+0000] {dagbag.py:587} INFO - Filling up the DagBag from /home/airflow/.local/lib/python3.12/site-packages/airflow/example_dags/example_xcomargs.py
[2026-01-08T01:59:33.311+0000] {processor.py:925} INFO - DAG(s) 'example_xcom_args', 'example_xcom_args_with_operators' retrieved from /home/airflow/.local/lib/python3.12/site-packages/airflow/example_dags/example_xcomargs.py
[2026-01-08T01:59:33.327+0000] {logging_mixin.py:190} INFO - [2026-01-08T01:59:33.327+0000] {dag.py:3211} INFO - Sync 2 DAGs
[2026-01-08T01:59:33.337+0000] {logging_mixin.py:190} INFO - [2026-01-08T01:59:33.337+0000] {dag.py:4138} INFO - Setting next_dagrun for example_xcom_args to None, run_after=None
[2026-01-08T01:59:33.341+0000] {logging_mixin.py:190} INFO - [2026-01-08T01:59:33.341+0000] {dag.py:4138} INFO - Setting next_dagrun for example_xcom_args_with_operators to None, run_after=None
[2026-01-08T01:59:33.353+0000] {processor.py:208} INFO - Processing /home/airflow/.local/lib/python3.12/site-packages/airflow/example_dags/example_xcomargs.py took 0.059 seconds
[2026-01-08T02:00:03.794+0000] {processor.py:186} INFO - Started process (PID=1519) to work on /home/airflow/.local/lib/python3.12/site-packages/airflow/example_dags/example_xcomargs.py
[2026-01-08T02:00:03.795+0000] {processor.py:914} INFO - Processing file /home/airflow/.local/lib/python3.12/site-packages/airflow/example_dags/example_xcomargs.py for tasks to queue
[2026-01-08T02:00:03.797+0000] {logging_mixin.py:190} INFO - [2026-01-08T02:00:03.797+0000] {dagbag.py:587} INFO - Filling up the DagBag from /home/airflow/.local/lib/python3.12/site-packages/airflow/example_dags/example_xcomargs.py
[2026-01-08T02:00:03.804+0000] {processor.py:925} INFO - DAG(s) 'example_xcom_args_with_operators', 'example_xcom_args' retrieved from /home/airflow/.local/lib/python3.12/site-packages/airflow/example_dags/example_xcomargs.py
[2026-01-08T02:00:03.824+0000] {logging_mixin.py:190} INFO - [2026-01-08T02:00:03.824+0000] {dag.py:3211} INFO - Sync 2 DAGs
[2026-01-08T02:00:03.836+0000] {logging_mixin.py:190} INFO - [2026-01-08T02:00:03.835+0000] {dag.py:4138} INFO - Setting next_dagrun for example_xcom_args to None, run_after=None
[2026-01-08T02:00:03.839+0000] {logging_mixin.py:190} INFO - [2026-01-08T02:00:03.839+0000] {dag.py:4138} INFO - Setting next_dagrun for example_xcom_args_with_operators to None, run_after=None
[2026-01-08T02:00:03.851+0000] {processor.py:208} INFO - Processing /home/airflow/.local/lib/python3.12/site-packages/airflow/example_dags/example_xcomargs.py took 0.061 seconds
[2026-01-08T02:00:34.514+0000] {processor.py:186} INFO - Started process (PID=1582) to work on /home/airflow/.local/lib/python3.12/site-packages/airflow/example_dags/example_xcomargs.py
[2026-01-08T02:00:34.515+0000] {processor.py:914} INFO - Processing file /home/airflow/.local/lib/python3.12/site-packages/airflow/example_dags/example_xcomargs.py for tasks to queue
[2026-01-08T02:00:34.518+0000] {logging_mixin.py:190} INFO - [2026-01-08T02:00:34.517+0000] {dagbag.py:587} INFO - Filling up the DagBag from /home/airflow/.local/lib/python3.12/site-packages/airflow/example_dags/example_xcomargs.py
[2026-01-08T02:00:34.526+0000] {processor.py:925} INFO - DAG(s) 'example_xcom_args_with_operators', 'example_xcom_args' retrieved from /home/airflow/.local/lib/python3.12/site-packages/airflow/example_dags/example_xcomargs.py
[2026-01-08T02:00:34.543+0000] {logging_mixin.py:190} INFO - [2026-01-08T02:00:34.543+0000] {dag.py:3211} INFO - Sync 2 DAGs
[2026-01-08T02:00:34.554+0000] {logging_mixin.py:190} INFO - [2026-01-08T02:00:34.554+0000] {dag.py:4138} INFO - Setting next_dagrun for example_xcom_args to None, run_after=None
[2026-01-08T02:00:34.557+0000] {logging_mixin.py:190} INFO - [2026-01-08T02:00:34.557+0000] {dag.py:4138} INFO - Setting next_dagrun for example_xcom_args_with_operators to None, run_after=None
[2026-01-08T02:00:34.572+0000] {processor.py:208} INFO - Processing /home/airflow/.local/lib/python3.12/site-packages/airflow/example_dags/example_xcomargs.py took 0.062 seconds
[2026-01-08T02:01:05.157+0000] {processor.py:186} INFO - Started process (PID=1645) to work on /home/airflow/.local/lib/python3.12/site-packages/airflow/example_dags/example_xcomargs.py
[2026-01-08T02:01:05.158+0000] {processor.py:914} INFO - Processing file /home/airflow/.local/lib/python3.12/site-packages/airflow/example_dags/example_xcomargs.py for tasks to queue
[2026-01-08T02:01:05.161+0000] {logging_mixin.py:190} INFO - [2026-01-08T02:01:05.161+0000] {dagbag.py:587} INFO - Filling up the DagBag from /home/airflow/.local/lib/python3.12/site-packages/airflow/example_dags/example_xcomargs.py
[2026-01-08T02:01:05.170+0000] {processor.py:925} INFO - DAG(s) 'example_xcom_args', 'example_xcom_args_with_operators' retrieved from /home/airflow/.local/lib/python3.12/site-packages/airflow/example_dags/example_xcomargs.py
[2026-01-08T02:01:05.190+0000] {logging_mixin.py:190} INFO - [2026-01-08T02:01:05.190+0000] {dag.py:3211} INFO - Sync 2 DAGs
[2026-01-08T02:01:05.202+0000] {logging_mixin.py:190} INFO - [2026-01-08T02:01:05.202+0000] {dag.py:4138} INFO - Setting next_dagrun for example_xcom_args to None, run_after=None
[2026-01-08T02:01:05.206+0000] {logging_mixin.py:190} INFO - [2026-01-08T02:01:05.206+0000] {dag.py:4138} INFO - Setting next_dagrun for example_xcom_args_with_operators to None, run_after=None
[2026-01-08T02:01:05.220+0000] {processor.py:208} INFO - Processing /home/airflow/.local/lib/python3.12/site-packages/airflow/example_dags/example_xcomargs.py took 0.067 seconds
[2026-01-08T02:01:35.792+0000] {processor.py:186} INFO - Started process (PID=1708) to work on /home/airflow/.local/lib/python3.12/site-packages/airflow/example_dags/example_xcomargs.py
[2026-01-08T02:01:35.793+0000] {processor.py:914} INFO - Processing file /home/airflow/.local/lib/python3.12/site-packages/airflow/example_dags/example_xcomargs.py for tasks to queue
[2026-01-08T02:01:35.795+0000] {logging_mixin.py:190} INFO - [2026-01-08T02:01:35.795+0000] {dagbag.py:587} INFO - Filling up the DagBag from /home/airflow/.local/lib/python3.12/site-packages/airflow/example_dags/example_xcomargs.py
[2026-01-08T02:01:35.805+0000] {processor.py:925} INFO - DAG(s) 'example_xcom_args', 'example_xcom_args_with_operators' retrieved from /home/airflow/.local/lib/python3.12/site-packages/airflow/example_dags/example_xcomargs.py
[2026-01-08T02:01:35.824+0000] {logging_mixin.py:190} INFO - [2026-01-08T02:01:35.824+0000] {dag.py:3211} INFO - Sync 2 DAGs
[2026-01-08T02:01:35.835+0000] {logging_mixin.py:190} INFO - [2026-01-08T02:01:35.835+0000] {dag.py:4138} INFO - Setting next_dagrun for example_xcom_args to None, run_after=None
[2026-01-08T02:01:35.839+0000] {logging_mixin.py:190} INFO - [2026-01-08T02:01:35.839+0000] {dag.py:4138} INFO - Setting next_dagrun for example_xcom_args_with_operators to None, run_after=None
[2026-01-08T02:01:35.853+0000] {processor.py:208} INFO - Processing /home/airflow/.local/lib/python3.12/site-packages/airflow/example_dags/example_xcomargs.py took 0.066 seconds
[2026-01-08T02:02:06.818+0000] {processor.py:186} INFO - Started process (PID=1771) to work on /home/airflow/.local/lib/python3.12/site-packages/airflow/example_dags/example_xcomargs.py
[2026-01-08T02:02:06.819+0000] {processor.py:914} INFO - Processing file /home/airflow/.local/lib/python3.12/site-packages/airflow/example_dags/example_xcomargs.py for tasks to queue
[2026-01-08T02:02:06.821+0000] {logging_mixin.py:190} INFO - [2026-01-08T02:02:06.821+0000] {dagbag.py:587} INFO - Filling up the DagBag from /home/airflow/.local/lib/python3.12/site-packages/airflow/example_dags/example_xcomargs.py
[2026-01-08T02:02:06.829+0000] {processor.py:925} INFO - DAG(s) 'example_xcom_args', 'example_xcom_args_with_operators' retrieved from /home/airflow/.local/lib/python3.12/site-packages/airflow/example_dags/example_xcomargs.py
[2026-01-08T02:02:06.848+0000] {logging_mixin.py:190} INFO - [2026-01-08T02:02:06.847+0000] {dag.py:3211} INFO - Sync 2 DAGs
[2026-01-08T02:02:06.859+0000] {logging_mixin.py:190} INFO - [2026-01-08T02:02:06.859+0000] {dag.py:4138} INFO - Setting next_dagrun for example_xcom_args to None, run_after=None
[2026-01-08T02:02:06.862+0000] {logging_mixin.py:190} INFO - [2026-01-08T02:02:06.862+0000] {dag.py:4138} INFO - Setting next_dagrun for example_xcom_args_with_operators to None, run_after=None
[2026-01-08T02:02:06.877+0000] {processor.py:208} INFO - Processing /home/airflow/.local/lib/python3.12/site-packages/airflow/example_dags/example_xcomargs.py took 0.063 seconds
[2026-01-08T02:02:37.804+0000] {processor.py:186} INFO - Started process (PID=1834) to work on /home/airflow/.local/lib/python3.12/site-packages/airflow/example_dags/example_xcomargs.py
[2026-01-08T02:02:37.805+0000] {processor.py:914} INFO - Processing file /home/airflow/.local/lib/python3.12/site-packages/airflow/example_dags/example_xcomargs.py for tasks to queue
[2026-01-08T02:02:37.807+0000] {logging_mixin.py:190} INFO - [2026-01-08T02:02:37.807+0000] {dagbag.py:587} INFO - Filling up the DagBag from /home/airflow/.local/lib/python3.12/site-packages/airflow/example_dags/example_xcomargs.py
[2026-01-08T02:02:37.814+0000] {processor.py:925} INFO - DAG(s) 'example_xcom_args_with_operators', 'example_xcom_args' retrieved from /home/airflow/.local/lib/python3.12/site-packages/airflow/example_dags/example_xcomargs.py
[2026-01-08T02:02:37.833+0000] {logging_mixin.py:190} INFO - [2026-01-08T02:02:37.833+0000] {dag.py:3211} INFO - Sync 2 DAGs
[2026-01-08T02:02:37.843+0000] {logging_mixin.py:190} INFO - [2026-01-08T02:02:37.843+0000] {dag.py:4138} INFO - Setting next_dagrun for example_xcom_args to None, run_after=None
[2026-01-08T02:02:37.847+0000] {logging_mixin.py:190} INFO - [2026-01-08T02:02:37.846+0000] {dag.py:4138} INFO - Setting next_dagrun for example_xcom_args_with_operators to None, run_after=None
[2026-01-08T02:02:37.861+0000] {processor.py:208} INFO - Processing /home/airflow/.local/lib/python3.12/site-packages/airflow/example_dags/example_xcomargs.py took 0.062 seconds
[2026-01-08T02:03:08.977+0000] {processor.py:186} INFO - Started process (PID=1898) to work on /home/airflow/.local/lib/python3.12/site-packages/airflow/example_dags/example_xcomargs.py
[2026-01-08T02:03:08.979+0000] {processor.py:914} INFO - Processing file /home/airflow/.local/lib/python3.12/site-packages/airflow/example_dags/example_xcomargs.py for tasks to queue
[2026-01-08T02:03:08.981+0000] {logging_mixin.py:190} INFO - [2026-01-08T02:03:08.981+0000] {dagbag.py:587} INFO - Filling up the DagBag from /home/airflow/.local/lib/python3.12/site-packages/airflow/example_dags/example_xcomargs.py
[2026-01-08T02:03:08.990+0000] {processor.py:925} INFO - DAG(s) 'example_xcom_args', 'example_xcom_args_with_operators' retrieved from /home/airflow/.local/lib/python3.12/site-packages/airflow/example_dags/example_xcomargs.py
[2026-01-08T02:03:09.011+0000] {logging_mixin.py:190} INFO - [2026-01-08T02:03:09.011+0000] {dag.py:3211} INFO - Sync 2 DAGs
[2026-01-08T02:03:09.023+0000] {logging_mixin.py:190} INFO - [2026-01-08T02:03:09.023+0000] {dag.py:4138} INFO - Setting next_dagrun for example_xcom_args to None, run_after=None
[2026-01-08T02:03:09.027+0000] {logging_mixin.py:190} INFO - [2026-01-08T02:03:09.027+0000] {dag.py:4138} INFO - Setting next_dagrun for example_xcom_args_with_operators to None, run_after=None
[2026-01-08T02:03:09.040+0000] {processor.py:208} INFO - Processing /home/airflow/.local/lib/python3.12/site-packages/airflow/example_dags/example_xcomargs.py took 0.067 seconds
[2026-01-08T02:03:39.457+0000] {processor.py:186} INFO - Started process (PID=1962) to work on /home/airflow/.local/lib/python3.12/site-packages/airflow/example_dags/example_xcomargs.py
[2026-01-08T02:03:39.458+0000] {processor.py:914} INFO - Processing file /home/airflow/.local/lib/python3.12/site-packages/airflow/example_dags/example_xcomargs.py for tasks to queue
[2026-01-08T02:03:39.461+0000] {logging_mixin.py:190} INFO - [2026-01-08T02:03:39.461+0000] {dagbag.py:587} INFO - Filling up the DagBag from /home/airflow/.local/lib/python3.12/site-packages/airflow/example_dags/example_xcomargs.py
[2026-01-08T02:03:39.470+0000] {processor.py:925} INFO - DAG(s) 'example_xcom_args', 'example_xcom_args_with_operators' retrieved from /home/airflow/.local/lib/python3.12/site-packages/airflow/example_dags/example_xcomargs.py
[2026-01-08T02:03:39.488+0000] {logging_mixin.py:190} INFO - [2026-01-08T02:03:39.488+0000] {dag.py:3211} INFO - Sync 2 DAGs
[2026-01-08T02:03:39.498+0000] {logging_mixin.py:190} INFO - [2026-01-08T02:03:39.498+0000] {dag.py:4138} INFO - Setting next_dagrun for example_xcom_args to None, run_after=None
[2026-01-08T02:03:39.501+0000] {logging_mixin.py:190} INFO - [2026-01-08T02:03:39.501+0000] {dag.py:4138} INFO - Setting next_dagrun for example_xcom_args_with_operators to None, run_after=None
[2026-01-08T02:03:39.514+0000] {processor.py:208} INFO - Processing /home/airflow/.local/lib/python3.12/site-packages/airflow/example_dags/example_xcomargs.py took 0.062 seconds
[2026-01-08T02:04:09.807+0000] {processor.py:186} INFO - Started process (PID=2025) to work on /home/airflow/.local/lib/python3.12/site-packages/airflow/example_dags/example_xcomargs.py
[2026-01-08T02:04:09.809+0000] {processor.py:914} INFO - Processing file /home/airflow/.local/lib/python3.12/site-packages/airflow/example_dags/example_xcomargs.py for tasks to queue
[2026-01-08T02:04:09.811+0000] {logging_mixin.py:190} INFO - [2026-01-08T02:04:09.811+0000] {dagbag.py:587} INFO - Filling up the DagBag from /home/airflow/.local/lib/python3.12/site-packages/airflow/example_dags/example_xcomargs.py
[2026-01-08T02:04:09.819+0000] {processor.py:925} INFO - DAG(s) 'example_xcom_args', 'example_xcom_args_with_operators' retrieved from /home/airflow/.local/lib/python3.12/site-packages/airflow/example_dags/example_xcomargs.py
[2026-01-08T02:04:09.834+0000] {logging_mixin.py:190} INFO - [2026-01-08T02:04:09.834+0000] {dag.py:3211} INFO - Sync 2 DAGs
[2026-01-08T02:04:09.844+0000] {logging_mixin.py:190} INFO - [2026-01-08T02:04:09.844+0000] {dag.py:4138} INFO - Setting next_dagrun for example_xcom_args to None, run_after=None
[2026-01-08T02:04:09.848+0000] {logging_mixin.py:190} INFO - [2026-01-08T02:04:09.848+0000] {dag.py:4138} INFO - Setting next_dagrun for example_xcom_args_with_operators to None, run_after=None
[2026-01-08T02:04:09.861+0000] {processor.py:208} INFO - Processing /home/airflow/.local/lib/python3.12/site-packages/airflow/example_dags/example_xcomargs.py took 0.060 seconds
[2026-01-08T02:04:40.920+0000] {processor.py:186} INFO - Started process (PID=2088) to work on /home/airflow/.local/lib/python3.12/site-packages/airflow/example_dags/example_xcomargs.py
[2026-01-08T02:04:40.921+0000] {processor.py:914} INFO - Processing file /home/airflow/.local/lib/python3.12/site-packages/airflow/example_dags/example_xcomargs.py for tasks to queue
[2026-01-08T02:04:40.924+0000] {logging_mixin.py:190} INFO - [2026-01-08T02:04:40.924+0000] {dagbag.py:587} INFO - Filling up the DagBag from /home/airflow/.local/lib/python3.12/site-packages/airflow/example_dags/example_xcomargs.py
[2026-01-08T02:04:40.932+0000] {processor.py:925} INFO - DAG(s) 'example_xcom_args', 'example_xcom_args_with_operators' retrieved from /home/airflow/.local/lib/python3.12/site-packages/airflow/example_dags/example_xcomargs.py
[2026-01-08T02:04:40.953+0000] {logging_mixin.py:190} INFO - [2026-01-08T02:04:40.953+0000] {dag.py:3211} INFO - Sync 2 DAGs
[2026-01-08T02:04:40.963+0000] {logging_mixin.py:190} INFO - [2026-01-08T02:04:40.963+0000] {dag.py:4138} INFO - Setting next_dagrun for example_xcom_args to None, run_after=None
[2026-01-08T02:04:40.966+0000] {logging_mixin.py:190} INFO - [2026-01-08T02:04:40.966+0000] {dag.py:4138} INFO - Setting next_dagrun for example_xcom_args_with_operators to None, run_after=None
[2026-01-08T02:04:40.980+0000] {processor.py:208} INFO - Processing /home/airflow/.local/lib/python3.12/site-packages/airflow/example_dags/example_xcomargs.py took 0.064 seconds
[2026-01-08T02:05:12.218+0000] {processor.py:186} INFO - Started process (PID=2151) to work on /home/airflow/.local/lib/python3.12/site-packages/airflow/example_dags/example_xcomargs.py
[2026-01-08T02:05:12.219+0000] {processor.py:914} INFO - Processing file /home/airflow/.local/lib/python3.12/site-packages/airflow/example_dags/example_xcomargs.py for tasks to queue
[2026-01-08T02:05:12.222+0000] {logging_mixin.py:190} INFO - [2026-01-08T02:05:12.222+0000] {dagbag.py:587} INFO - Filling up the DagBag from /home/airflow/.local/lib/python3.12/site-packages/airflow/example_dags/example_xcomargs.py
[2026-01-08T02:05:12.230+0000] {processor.py:925} INFO - DAG(s) 'example_xcom_args_with_operators', 'example_xcom_args' retrieved from /home/airflow/.local/lib/python3.12/site-packages/airflow/example_dags/example_xcomargs.py
[2026-01-08T02:05:12.249+0000] {logging_mixin.py:190} INFO - [2026-01-08T02:05:12.249+0000] {dag.py:3211} INFO - Sync 2 DAGs
[2026-01-08T02:05:12.259+0000] {logging_mixin.py:190} INFO - [2026-01-08T02:05:12.259+0000] {dag.py:4138} INFO - Setting next_dagrun for example_xcom_args to None, run_after=None
[2026-01-08T02:05:12.262+0000] {logging_mixin.py:190} INFO - [2026-01-08T02:05:12.262+0000] {dag.py:4138} INFO - Setting next_dagrun for example_xcom_args_with_operators to None, run_after=None
[2026-01-08T02:05:12.275+0000] {processor.py:208} INFO - Processing /home/airflow/.local/lib/python3.12/site-packages/airflow/example_dags/example_xcomargs.py took 0.061 seconds
[2026-01-08T02:05:43.553+0000] {processor.py:186} INFO - Started process (PID=2214) to work on /home/airflow/.local/lib/python3.12/site-packages/airflow/example_dags/example_xcomargs.py
[2026-01-08T02:05:43.555+0000] {processor.py:914} INFO - Processing file /home/airflow/.local/lib/python3.12/site-packages/airflow/example_dags/example_xcomargs.py for tasks to queue
[2026-01-08T02:05:43.558+0000] {logging_mixin.py:190} INFO - [2026-01-08T02:05:43.557+0000] {dagbag.py:587} INFO - Filling up the DagBag from /home/airflow/.local/lib/python3.12/site-packages/airflow/example_dags/example_xcomargs.py
[2026-01-08T02:05:43.567+0000] {processor.py:925} INFO - DAG(s) 'example_xcom_args_with_operators', 'example_xcom_args' retrieved from /home/airflow/.local/lib/python3.12/site-packages/airflow/example_dags/example_xcomargs.py
[2026-01-08T02:05:43.585+0000] {logging_mixin.py:190} INFO - [2026-01-08T02:05:43.585+0000] {dag.py:3211} INFO - Sync 2 DAGs
[2026-01-08T02:05:43.595+0000] {logging_mixin.py:190} INFO - [2026-01-08T02:05:43.594+0000] {dag.py:4138} INFO - Setting next_dagrun for example_xcom_args to None, run_after=None
[2026-01-08T02:05:43.598+0000] {logging_mixin.py:190} INFO - [2026-01-08T02:05:43.598+0000] {dag.py:4138} INFO - Setting next_dagrun for example_xcom_args_with_operators to None, run_after=None
[2026-01-08T02:05:43.613+0000] {processor.py:208} INFO - Processing /home/airflow/.local/lib/python3.12/site-packages/airflow/example_dags/example_xcomargs.py took 0.065 seconds
[2026-01-08T02:06:14.869+0000] {processor.py:186} INFO - Started process (PID=2277) to work on /home/airflow/.local/lib/python3.12/site-packages/airflow/example_dags/example_xcomargs.py
[2026-01-08T02:06:14.871+0000] {processor.py:914} INFO - Processing file /home/airflow/.local/lib/python3.12/site-packages/airflow/example_dags/example_xcomargs.py for tasks to queue
[2026-01-08T02:06:14.873+0000] {logging_mixin.py:190} INFO - [2026-01-08T02:06:14.872+0000] {dagbag.py:587} INFO - Filling up the DagBag from /home/airflow/.local/lib/python3.12/site-packages/airflow/example_dags/example_xcomargs.py
[2026-01-08T02:06:14.880+0000] {processor.py:925} INFO - DAG(s) 'example_xcom_args_with_operators', 'example_xcom_args' retrieved from /home/airflow/.local/lib/python3.12/site-packages/airflow/example_dags/example_xcomargs.py
[2026-01-08T02:06:14.899+0000] {logging_mixin.py:190} INFO - [2026-01-08T02:06:14.899+0000] {dag.py:3211} INFO - Sync 2 DAGs
[2026-01-08T02:06:14.909+0000] {logging_mixin.py:190} INFO - [2026-01-08T02:06:14.909+0000] {dag.py:4138} INFO - Setting next_dagrun for example_xcom_args to None, run_after=None
[2026-01-08T02:06:14.913+0000] {logging_mixin.py:190} INFO - [2026-01-08T02:06:14.912+0000] {dag.py:4138} INFO - Setting next_dagrun for example_xcom_args_with_operators to None, run_after=None
[2026-01-08T02:06:14.925+0000] {processor.py:208} INFO - Processing /home/airflow/.local/lib/python3.12/site-packages/airflow/example_dags/example_xcomargs.py took 0.060 seconds
[2026-01-08T02:06:45.281+0000] {processor.py:186} INFO - Started process (PID=2340) to work on /home/airflow/.local/lib/python3.12/site-packages/airflow/example_dags/example_xcomargs.py
[2026-01-08T02:06:45.283+0000] {processor.py:914} INFO - Processing file /home/airflow/.local/lib/python3.12/site-packages/airflow/example_dags/example_xcomargs.py for tasks to queue
[2026-01-08T02:06:45.285+0000] {logging_mixin.py:190} INFO - [2026-01-08T02:06:45.285+0000] {dagbag.py:587} INFO - Filling up the DagBag from /home/airflow/.local/lib/python3.12/site-packages/airflow/example_dags/example_xcomargs.py
[2026-01-08T02:06:45.293+0000] {processor.py:925} INFO - DAG(s) 'example_xcom_args_with_operators', 'example_xcom_args' retrieved from /home/airflow/.local/lib/python3.12/site-packages/airflow/example_dags/example_xcomargs.py
[2026-01-08T02:06:45.312+0000] {logging_mixin.py:190} INFO - [2026-01-08T02:06:45.312+0000] {dag.py:3211} INFO - Sync 2 DAGs
[2026-01-08T02:06:45.321+0000] {logging_mixin.py:190} INFO - [2026-01-08T02:06:45.321+0000] {dag.py:4138} INFO - Setting next_dagrun for example_xcom_args to None, run_after=None
[2026-01-08T02:06:45.324+0000] {logging_mixin.py:190} INFO - [2026-01-08T02:06:45.324+0000] {dag.py:4138} INFO - Setting next_dagrun for example_xcom_args_with_operators to None, run_after=None
[2026-01-08T02:06:45.339+0000] {processor.py:208} INFO - Processing /home/airflow/.local/lib/python3.12/site-packages/airflow/example_dags/example_xcomargs.py took 0.062 seconds
[2026-01-08T02:07:15.707+0000] {processor.py:186} INFO - Started process (PID=2403) to work on /home/airflow/.local/lib/python3.12/site-packages/airflow/example_dags/example_xcomargs.py
[2026-01-08T02:07:15.709+0000] {processor.py:914} INFO - Processing file /home/airflow/.local/lib/python3.12/site-packages/airflow/example_dags/example_xcomargs.py for tasks to queue
[2026-01-08T02:07:15.711+0000] {logging_mixin.py:190} INFO - [2026-01-08T02:07:15.711+0000] {dagbag.py:587} INFO - Filling up the DagBag from /home/airflow/.local/lib/python3.12/site-packages/airflow/example_dags/example_xcomargs.py
[2026-01-08T02:07:15.719+0000] {processor.py:925} INFO - DAG(s) 'example_xcom_args_with_operators', 'example_xcom_args' retrieved from /home/airflow/.local/lib/python3.12/site-packages/airflow/example_dags/example_xcomargs.py
[2026-01-08T02:07:15.738+0000] {logging_mixin.py:190} INFO - [2026-01-08T02:07:15.738+0000] {dag.py:3211} INFO - Sync 2 DAGs
[2026-01-08T02:07:15.748+0000] {logging_mixin.py:190} INFO - [2026-01-08T02:07:15.748+0000] {dag.py:4138} INFO - Setting next_dagrun for example_xcom_args to None, run_after=None
[2026-01-08T02:07:15.751+0000] {logging_mixin.py:190} INFO - [2026-01-08T02:07:15.751+0000] {dag.py:4138} INFO - Setting next_dagrun for example_xcom_args_with_operators to None, run_after=None
[2026-01-08T02:07:15.763+0000] {processor.py:208} INFO - Processing /home/airflow/.local/lib/python3.12/site-packages/airflow/example_dags/example_xcomargs.py took 0.060 seconds
[2026-01-08T02:07:46.099+0000] {processor.py:186} INFO - Started process (PID=2466) to work on /home/airflow/.local/lib/python3.12/site-packages/airflow/example_dags/example_xcomargs.py
[2026-01-08T02:07:46.100+0000] {processor.py:914} INFO - Processing file /home/airflow/.local/lib/python3.12/site-packages/airflow/example_dags/example_xcomargs.py for tasks to queue
[2026-01-08T02:07:46.102+0000] {logging_mixin.py:190} INFO - [2026-01-08T02:07:46.102+0000] {dagbag.py:587} INFO - Filling up the DagBag from /home/airflow/.local/lib/python3.12/site-packages/airflow/example_dags/example_xcomargs.py
[2026-01-08T02:07:46.110+0000] {processor.py:925} INFO - DAG(s) 'example_xcom_args', 'example_xcom_args_with_operators' retrieved from /home/airflow/.local/lib/python3.12/site-packages/airflow/example_dags/example_xcomargs.py
[2026-01-08T02:07:46.129+0000] {logging_mixin.py:190} INFO - [2026-01-08T02:07:46.129+0000] {dag.py:3211} INFO - Sync 2 DAGs
[2026-01-08T02:07:46.139+0000] {logging_mixin.py:190} INFO - [2026-01-08T02:07:46.139+0000] {dag.py:4138} INFO - Setting next_dagrun for example_xcom_args to None, run_after=None
[2026-01-08T02:07:46.142+0000] {logging_mixin.py:190} INFO - [2026-01-08T02:07:46.142+0000] {dag.py:4138} INFO - Setting next_dagrun for example_xcom_args_with_operators to None, run_after=None
[2026-01-08T02:07:46.154+0000] {processor.py:208} INFO - Processing /home/airflow/.local/lib/python3.12/site-packages/airflow/example_dags/example_xcomargs.py took 0.059 seconds
[2026-01-08T02:08:16.523+0000] {processor.py:186} INFO - Started process (PID=2529) to work on /home/airflow/.local/lib/python3.12/site-packages/airflow/example_dags/example_xcomargs.py
[2026-01-08T02:08:16.524+0000] {processor.py:914} INFO - Processing file /home/airflow/.local/lib/python3.12/site-packages/airflow/example_dags/example_xcomargs.py for tasks to queue
[2026-01-08T02:08:16.527+0000] {logging_mixin.py:190} INFO - [2026-01-08T02:08:16.526+0000] {dagbag.py:587} INFO - Filling up the DagBag from /home/airflow/.local/lib/python3.12/site-packages/airflow/example_dags/example_xcomargs.py
[2026-01-08T02:08:16.534+0000] {processor.py:925} INFO - DAG(s) 'example_xcom_args_with_operators', 'example_xcom_args' retrieved from /home/airflow/.local/lib/python3.12/site-packages/airflow/example_dags/example_xcomargs.py
[2026-01-08T02:08:16.551+0000] {logging_mixin.py:190} INFO - [2026-01-08T02:08:16.551+0000] {dag.py:3211} INFO - Sync 2 DAGs
[2026-01-08T02:08:16.561+0000] {logging_mixin.py:190} INFO - [2026-01-08T02:08:16.561+0000] {dag.py:4138} INFO - Setting next_dagrun for example_xcom_args to None, run_after=None
[2026-01-08T02:08:16.564+0000] {logging_mixin.py:190} INFO - [2026-01-08T02:08:16.564+0000] {dag.py:4138} INFO - Setting next_dagrun for example_xcom_args_with_operators to None, run_after=None
[2026-01-08T02:08:16.577+0000] {processor.py:208} INFO - Processing /home/airflow/.local/lib/python3.12/site-packages/airflow/example_dags/example_xcomargs.py took 0.059 seconds
[2026-01-08T02:08:47.574+0000] {processor.py:186} INFO - Started process (PID=2592) to work on /home/airflow/.local/lib/python3.12/site-packages/airflow/example_dags/example_xcomargs.py
[2026-01-08T02:08:47.576+0000] {processor.py:914} INFO - Processing file /home/airflow/.local/lib/python3.12/site-packages/airflow/example_dags/example_xcomargs.py for tasks to queue
[2026-01-08T02:08:47.578+0000] {logging_mixin.py:190} INFO - [2026-01-08T02:08:47.577+0000] {dagbag.py:587} INFO - Filling up the DagBag from /home/airflow/.local/lib/python3.12/site-packages/airflow/example_dags/example_xcomargs.py
[2026-01-08T02:08:47.586+0000] {processor.py:925} INFO - DAG(s) 'example_xcom_args_with_operators', 'example_xcom_args' retrieved from /home/airflow/.local/lib/python3.12/site-packages/airflow/example_dags/example_xcomargs.py
[2026-01-08T02:08:47.605+0000] {logging_mixin.py:190} INFO - [2026-01-08T02:08:47.605+0000] {dag.py:3211} INFO - Sync 2 DAGs
[2026-01-08T02:08:47.615+0000] {logging_mixin.py:190} INFO - [2026-01-08T02:08:47.615+0000] {dag.py:4138} INFO - Setting next_dagrun for example_xcom_args to None, run_after=None
[2026-01-08T02:08:47.618+0000] {logging_mixin.py:190} INFO - [2026-01-08T02:08:47.618+0000] {dag.py:4138} INFO - Setting next_dagrun for example_xcom_args_with_operators to None, run_after=None
[2026-01-08T02:08:47.632+0000] {processor.py:208} INFO - Processing /home/airflow/.local/lib/python3.12/site-packages/airflow/example_dags/example_xcomargs.py took 0.062 seconds
[2026-01-08T02:09:17.958+0000] {processor.py:186} INFO - Started process (PID=2655) to work on /home/airflow/.local/lib/python3.12/site-packages/airflow/example_dags/example_xcomargs.py
[2026-01-08T02:09:17.959+0000] {processor.py:914} INFO - Processing file /home/airflow/.local/lib/python3.12/site-packages/airflow/example_dags/example_xcomargs.py for tasks to queue
[2026-01-08T02:09:17.962+0000] {logging_mixin.py:190} INFO - [2026-01-08T02:09:17.962+0000] {dagbag.py:587} INFO - Filling up the DagBag from /home/airflow/.local/lib/python3.12/site-packages/airflow/example_dags/example_xcomargs.py
[2026-01-08T02:09:17.975+0000] {processor.py:925} INFO - DAG(s) 'example_xcom_args', 'example_xcom_args_with_operators' retrieved from /home/airflow/.local/lib/python3.12/site-packages/airflow/example_dags/example_xcomargs.py
[2026-01-08T02:09:17.999+0000] {logging_mixin.py:190} INFO - [2026-01-08T02:09:17.999+0000] {dag.py:3211} INFO - Sync 2 DAGs
[2026-01-08T02:09:18.012+0000] {logging_mixin.py:190} INFO - [2026-01-08T02:09:18.011+0000] {dag.py:4138} INFO - Setting next_dagrun for example_xcom_args to None, run_after=None
[2026-01-08T02:09:18.016+0000] {logging_mixin.py:190} INFO - [2026-01-08T02:09:18.015+0000] {dag.py:4138} INFO - Setting next_dagrun for example_xcom_args_with_operators to None, run_after=None
[2026-01-08T02:09:18.028+0000] {processor.py:208} INFO - Processing /home/airflow/.local/lib/python3.12/site-packages/airflow/example_dags/example_xcomargs.py took 0.076 seconds
[2026-01-08T02:09:48.410+0000] {processor.py:186} INFO - Started process (PID=2718) to work on /home/airflow/.local/lib/python3.12/site-packages/airflow/example_dags/example_xcomargs.py
[2026-01-08T02:09:48.411+0000] {processor.py:914} INFO - Processing file /home/airflow/.local/lib/python3.12/site-packages/airflow/example_dags/example_xcomargs.py for tasks to queue
[2026-01-08T02:09:48.413+0000] {logging_mixin.py:190} INFO - [2026-01-08T02:09:48.413+0000] {dagbag.py:587} INFO - Filling up the DagBag from /home/airflow/.local/lib/python3.12/site-packages/airflow/example_dags/example_xcomargs.py
[2026-01-08T02:09:48.422+0000] {processor.py:925} INFO - DAG(s) 'example_xcom_args_with_operators', 'example_xcom_args' retrieved from /home/airflow/.local/lib/python3.12/site-packages/airflow/example_dags/example_xcomargs.py
[2026-01-08T02:09:48.442+0000] {logging_mixin.py:190} INFO - [2026-01-08T02:09:48.442+0000] {dag.py:3211} INFO - Sync 2 DAGs
[2026-01-08T02:09:48.453+0000] {logging_mixin.py:190} INFO - [2026-01-08T02:09:48.452+0000] {dag.py:4138} INFO - Setting next_dagrun for example_xcom_args to None, run_after=None
[2026-01-08T02:09:48.456+0000] {logging_mixin.py:190} INFO - [2026-01-08T02:09:48.455+0000] {dag.py:4138} INFO - Setting next_dagrun for example_xcom_args_with_operators to None, run_after=None
[2026-01-08T02:09:48.469+0000] {processor.py:208} INFO - Processing /home/airflow/.local/lib/python3.12/site-packages/airflow/example_dags/example_xcomargs.py took 0.064 seconds
[2026-01-08T02:10:18.746+0000] {processor.py:186} INFO - Started process (PID=2781) to work on /home/airflow/.local/lib/python3.12/site-packages/airflow/example_dags/example_xcomargs.py
[2026-01-08T02:10:18.747+0000] {processor.py:914} INFO - Processing file /home/airflow/.local/lib/python3.12/site-packages/airflow/example_dags/example_xcomargs.py for tasks to queue
[2026-01-08T02:10:18.750+0000] {logging_mixin.py:190} INFO - [2026-01-08T02:10:18.750+0000] {dagbag.py:587} INFO - Filling up the DagBag from /home/airflow/.local/lib/python3.12/site-packages/airflow/example_dags/example_xcomargs.py
[2026-01-08T02:10:18.760+0000] {processor.py:925} INFO - DAG(s) 'example_xcom_args_with_operators', 'example_xcom_args' retrieved from /home/airflow/.local/lib/python3.12/site-packages/airflow/example_dags/example_xcomargs.py
[2026-01-08T02:10:18.780+0000] {logging_mixin.py:190} INFO - [2026-01-08T02:10:18.780+0000] {dag.py:3211} INFO - Sync 2 DAGs
[2026-01-08T02:10:18.791+0000] {logging_mixin.py:190} INFO - [2026-01-08T02:10:18.791+0000] {dag.py:4138} INFO - Setting next_dagrun for example_xcom_args to None, run_after=None
[2026-01-08T02:10:18.794+0000] {logging_mixin.py:190} INFO - [2026-01-08T02:10:18.794+0000] {dag.py:4138} INFO - Setting next_dagrun for example_xcom_args_with_operators to None, run_after=None
[2026-01-08T02:10:18.806+0000] {processor.py:208} INFO - Processing /home/airflow/.local/lib/python3.12/site-packages/airflow/example_dags/example_xcomargs.py took 0.066 seconds
[2026-01-08T02:10:49.338+0000] {processor.py:186} INFO - Started process (PID=2843) to work on /home/airflow/.local/lib/python3.12/site-packages/airflow/example_dags/example_xcomargs.py
[2026-01-08T02:10:49.339+0000] {processor.py:914} INFO - Processing file /home/airflow/.local/lib/python3.12/site-packages/airflow/example_dags/example_xcomargs.py for tasks to queue
[2026-01-08T02:10:49.342+0000] {logging_mixin.py:190} INFO - [2026-01-08T02:10:49.341+0000] {dagbag.py:587} INFO - Filling up the DagBag from /home/airflow/.local/lib/python3.12/site-packages/airflow/example_dags/example_xcomargs.py
[2026-01-08T02:10:49.351+0000] {processor.py:925} INFO - DAG(s) 'example_xcom_args', 'example_xcom_args_with_operators' retrieved from /home/airflow/.local/lib/python3.12/site-packages/airflow/example_dags/example_xcomargs.py
[2026-01-08T02:10:49.375+0000] {logging_mixin.py:190} INFO - [2026-01-08T02:10:49.375+0000] {dag.py:3211} INFO - Sync 2 DAGs
[2026-01-08T02:10:49.388+0000] {logging_mixin.py:190} INFO - [2026-01-08T02:10:49.387+0000] {dag.py:4138} INFO - Setting next_dagrun for example_xcom_args to None, run_after=None
[2026-01-08T02:10:49.391+0000] {logging_mixin.py:190} INFO - [2026-01-08T02:10:49.391+0000] {dag.py:4138} INFO - Setting next_dagrun for example_xcom_args_with_operators to None, run_after=None
[2026-01-08T02:10:49.405+0000] {processor.py:208} INFO - Processing /home/airflow/.local/lib/python3.12/site-packages/airflow/example_dags/example_xcomargs.py took 0.073 seconds
[2026-01-08T02:11:20.823+0000] {processor.py:186} INFO - Started process (PID=2906) to work on /home/airflow/.local/lib/python3.12/site-packages/airflow/example_dags/example_xcomargs.py
[2026-01-08T02:11:20.824+0000] {processor.py:914} INFO - Processing file /home/airflow/.local/lib/python3.12/site-packages/airflow/example_dags/example_xcomargs.py for tasks to queue
[2026-01-08T02:11:20.827+0000] {logging_mixin.py:190} INFO - [2026-01-08T02:11:20.827+0000] {dagbag.py:587} INFO - Filling up the DagBag from /home/airflow/.local/lib/python3.12/site-packages/airflow/example_dags/example_xcomargs.py
[2026-01-08T02:11:20.834+0000] {processor.py:925} INFO - DAG(s) 'example_xcom_args', 'example_xcom_args_with_operators' retrieved from /home/airflow/.local/lib/python3.12/site-packages/airflow/example_dags/example_xcomargs.py
[2026-01-08T02:11:20.852+0000] {logging_mixin.py:190} INFO - [2026-01-08T02:11:20.852+0000] {dag.py:3211} INFO - Sync 2 DAGs
[2026-01-08T02:11:20.862+0000] {logging_mixin.py:190} INFO - [2026-01-08T02:11:20.862+0000] {dag.py:4138} INFO - Setting next_dagrun for example_xcom_args to None, run_after=None
[2026-01-08T02:11:20.865+0000] {logging_mixin.py:190} INFO - [2026-01-08T02:11:20.865+0000] {dag.py:4138} INFO - Setting next_dagrun for example_xcom_args_with_operators to None, run_after=None
[2026-01-08T02:11:20.878+0000] {processor.py:208} INFO - Processing /home/airflow/.local/lib/python3.12/site-packages/airflow/example_dags/example_xcomargs.py took 0.059 seconds
[2026-01-08T02:11:51.123+0000] {processor.py:186} INFO - Started process (PID=2969) to work on /home/airflow/.local/lib/python3.12/site-packages/airflow/example_dags/example_xcomargs.py
[2026-01-08T02:11:51.125+0000] {processor.py:914} INFO - Processing file /home/airflow/.local/lib/python3.12/site-packages/airflow/example_dags/example_xcomargs.py for tasks to queue
[2026-01-08T02:11:51.127+0000] {logging_mixin.py:190} INFO - [2026-01-08T02:11:51.127+0000] {dagbag.py:587} INFO - Filling up the DagBag from /home/airflow/.local/lib/python3.12/site-packages/airflow/example_dags/example_xcomargs.py
[2026-01-08T02:11:51.135+0000] {processor.py:925} INFO - DAG(s) 'example_xcom_args', 'example_xcom_args_with_operators' retrieved from /home/airflow/.local/lib/python3.12/site-packages/airflow/example_dags/example_xcomargs.py
[2026-01-08T02:11:51.154+0000] {logging_mixin.py:190} INFO - [2026-01-08T02:11:51.153+0000] {dag.py:3211} INFO - Sync 2 DAGs
[2026-01-08T02:11:51.164+0000] {logging_mixin.py:190} INFO - [2026-01-08T02:11:51.164+0000] {dag.py:4138} INFO - Setting next_dagrun for example_xcom_args to None, run_after=None
[2026-01-08T02:11:51.167+0000] {logging_mixin.py:190} INFO - [2026-01-08T02:11:51.166+0000] {dag.py:4138} INFO - Setting next_dagrun for example_xcom_args_with_operators to None, run_after=None
[2026-01-08T02:11:51.185+0000] {processor.py:208} INFO - Processing /home/airflow/.local/lib/python3.12/site-packages/airflow/example_dags/example_xcomargs.py took 0.066 seconds
[2026-01-08T02:12:22.083+0000] {processor.py:186} INFO - Started process (PID=3033) to work on /home/airflow/.local/lib/python3.12/site-packages/airflow/example_dags/example_xcomargs.py
[2026-01-08T02:12:22.084+0000] {processor.py:914} INFO - Processing file /home/airflow/.local/lib/python3.12/site-packages/airflow/example_dags/example_xcomargs.py for tasks to queue
[2026-01-08T02:12:22.086+0000] {logging_mixin.py:190} INFO - [2026-01-08T02:12:22.086+0000] {dagbag.py:587} INFO - Filling up the DagBag from /home/airflow/.local/lib/python3.12/site-packages/airflow/example_dags/example_xcomargs.py
[2026-01-08T02:12:22.094+0000] {processor.py:925} INFO - DAG(s) 'example_xcom_args', 'example_xcom_args_with_operators' retrieved from /home/airflow/.local/lib/python3.12/site-packages/airflow/example_dags/example_xcomargs.py
[2026-01-08T02:12:22.112+0000] {logging_mixin.py:190} INFO - [2026-01-08T02:12:22.112+0000] {dag.py:3211} INFO - Sync 2 DAGs
[2026-01-08T02:12:22.122+0000] {logging_mixin.py:190} INFO - [2026-01-08T02:12:22.122+0000] {dag.py:4138} INFO - Setting next_dagrun for example_xcom_args to None, run_after=None
[2026-01-08T02:12:22.125+0000] {logging_mixin.py:190} INFO - [2026-01-08T02:12:22.125+0000] {dag.py:4138} INFO - Setting next_dagrun for example_xcom_args_with_operators to None, run_after=None
[2026-01-08T02:12:22.137+0000] {processor.py:208} INFO - Processing /home/airflow/.local/lib/python3.12/site-packages/airflow/example_dags/example_xcomargs.py took 0.058 seconds
