[2026-01-08T01:48:22.443+0000] {processor.py:186} INFO - Started process (PID=84) to work on /home/airflow/.local/lib/python3.12/site-packages/airflow/example_dags/example_branch_python_dop_operator_3.py
[2026-01-08T01:48:22.444+0000] {processor.py:914} INFO - Processing file /home/airflow/.local/lib/python3.12/site-packages/airflow/example_dags/example_branch_python_dop_operator_3.py for tasks to queue
[2026-01-08T01:48:22.447+0000] {logging_mixin.py:190} INFO - [2026-01-08T01:48:22.447+0000] {dagbag.py:587} INFO - Filling up the DagBag from /home/airflow/.local/lib/python3.12/site-packages/airflow/example_dags/example_branch_python_dop_operator_3.py
[2026-01-08T01:48:22.456+0000] {processor.py:925} INFO - DAG(s) 'example_branch_dop_operator_v3' retrieved from /home/airflow/.local/lib/python3.12/site-packages/airflow/example_dags/example_branch_python_dop_operator_3.py
[2026-01-08T01:48:22.536+0000] {logging_mixin.py:190} INFO - [2026-01-08T01:48:22.536+0000] {override.py:1858} INFO - Created Permission View: can edit on DAG:example_branch_dop_operator_v3
[2026-01-08T01:48:22.547+0000] {logging_mixin.py:190} INFO - [2026-01-08T01:48:22.547+0000] {override.py:1858} INFO - Created Permission View: can read on DAG:example_branch_dop_operator_v3
[2026-01-08T01:48:22.554+0000] {logging_mixin.py:190} INFO - [2026-01-08T01:48:22.554+0000] {override.py:1858} INFO - Created Permission View: can delete on DAG:example_branch_dop_operator_v3
[2026-01-08T01:48:22.555+0000] {logging_mixin.py:190} INFO - [2026-01-08T01:48:22.555+0000] {dag.py:3211} INFO - Sync 1 DAGs
[2026-01-08T01:48:22.565+0000] {logging_mixin.py:190} INFO - [2026-01-08T01:48:22.565+0000] {dag.py:3234} INFO - Creating ORM DAG for example_branch_dop_operator_v3
[2026-01-08T01:48:22.575+0000] {logging_mixin.py:190} INFO - [2026-01-08T01:48:22.575+0000] {dag.py:4138} INFO - Setting next_dagrun for example_branch_dop_operator_v3 to 2026-01-08 01:47:00+00:00, run_after=2026-01-08 01:48:00+00:00
[2026-01-08T01:48:22.592+0000] {processor.py:208} INFO - Processing /home/airflow/.local/lib/python3.12/site-packages/airflow/example_dags/example_branch_python_dop_operator_3.py took 0.154 seconds
[2026-01-08T01:48:53.029+0000] {processor.py:186} INFO - Started process (PID=146) to work on /home/airflow/.local/lib/python3.12/site-packages/airflow/example_dags/example_branch_python_dop_operator_3.py
[2026-01-08T01:48:53.030+0000] {processor.py:914} INFO - Processing file /home/airflow/.local/lib/python3.12/site-packages/airflow/example_dags/example_branch_python_dop_operator_3.py for tasks to queue
[2026-01-08T01:48:53.032+0000] {logging_mixin.py:190} INFO - [2026-01-08T01:48:53.032+0000] {dagbag.py:587} INFO - Filling up the DagBag from /home/airflow/.local/lib/python3.12/site-packages/airflow/example_dags/example_branch_python_dop_operator_3.py
[2026-01-08T01:48:53.040+0000] {processor.py:925} INFO - DAG(s) 'example_branch_dop_operator_v3' retrieved from /home/airflow/.local/lib/python3.12/site-packages/airflow/example_dags/example_branch_python_dop_operator_3.py
[2026-01-08T01:48:53.057+0000] {logging_mixin.py:190} INFO - [2026-01-08T01:48:53.057+0000] {dag.py:3211} INFO - Sync 1 DAGs
[2026-01-08T01:48:53.076+0000] {logging_mixin.py:190} INFO - [2026-01-08T01:48:53.076+0000] {dag.py:4138} INFO - Setting next_dagrun for example_branch_dop_operator_v3 to 2026-01-08 01:47:00+00:00, run_after=2026-01-08 01:48:00+00:00
[2026-01-08T01:48:53.092+0000] {processor.py:208} INFO - Processing /home/airflow/.local/lib/python3.12/site-packages/airflow/example_dags/example_branch_python_dop_operator_3.py took 0.067 seconds
[2026-01-08T01:49:23.445+0000] {processor.py:186} INFO - Started process (PID=208) to work on /home/airflow/.local/lib/python3.12/site-packages/airflow/example_dags/example_branch_python_dop_operator_3.py
[2026-01-08T01:49:23.446+0000] {processor.py:914} INFO - Processing file /home/airflow/.local/lib/python3.12/site-packages/airflow/example_dags/example_branch_python_dop_operator_3.py for tasks to queue
[2026-01-08T01:49:23.448+0000] {logging_mixin.py:190} INFO - [2026-01-08T01:49:23.448+0000] {dagbag.py:587} INFO - Filling up the DagBag from /home/airflow/.local/lib/python3.12/site-packages/airflow/example_dags/example_branch_python_dop_operator_3.py
[2026-01-08T01:49:23.456+0000] {processor.py:925} INFO - DAG(s) 'example_branch_dop_operator_v3' retrieved from /home/airflow/.local/lib/python3.12/site-packages/airflow/example_dags/example_branch_python_dop_operator_3.py
[2026-01-08T01:49:23.475+0000] {logging_mixin.py:190} INFO - [2026-01-08T01:49:23.475+0000] {dag.py:3211} INFO - Sync 1 DAGs
[2026-01-08T01:49:23.495+0000] {logging_mixin.py:190} INFO - [2026-01-08T01:49:23.495+0000] {dag.py:4138} INFO - Setting next_dagrun for example_branch_dop_operator_v3 to 2026-01-08 01:48:00+00:00, run_after=2026-01-08 01:49:00+00:00
[2026-01-08T01:49:23.508+0000] {processor.py:208} INFO - Processing /home/airflow/.local/lib/python3.12/site-packages/airflow/example_dags/example_branch_python_dop_operator_3.py took 0.068 seconds
[2026-01-08T01:49:54.043+0000] {processor.py:186} INFO - Started process (PID=270) to work on /home/airflow/.local/lib/python3.12/site-packages/airflow/example_dags/example_branch_python_dop_operator_3.py
[2026-01-08T01:49:54.045+0000] {processor.py:914} INFO - Processing file /home/airflow/.local/lib/python3.12/site-packages/airflow/example_dags/example_branch_python_dop_operator_3.py for tasks to queue
[2026-01-08T01:49:54.047+0000] {logging_mixin.py:190} INFO - [2026-01-08T01:49:54.047+0000] {dagbag.py:587} INFO - Filling up the DagBag from /home/airflow/.local/lib/python3.12/site-packages/airflow/example_dags/example_branch_python_dop_operator_3.py
[2026-01-08T01:49:54.055+0000] {processor.py:925} INFO - DAG(s) 'example_branch_dop_operator_v3' retrieved from /home/airflow/.local/lib/python3.12/site-packages/airflow/example_dags/example_branch_python_dop_operator_3.py
[2026-01-08T01:49:54.072+0000] {logging_mixin.py:190} INFO - [2026-01-08T01:49:54.071+0000] {dag.py:3211} INFO - Sync 1 DAGs
[2026-01-08T01:49:54.091+0000] {logging_mixin.py:190} INFO - [2026-01-08T01:49:54.090+0000] {dag.py:4138} INFO - Setting next_dagrun for example_branch_dop_operator_v3 to 2026-01-08 01:48:00+00:00, run_after=2026-01-08 01:49:00+00:00
[2026-01-08T01:49:54.105+0000] {processor.py:208} INFO - Processing /home/airflow/.local/lib/python3.12/site-packages/airflow/example_dags/example_branch_python_dop_operator_3.py took 0.066 seconds
[2026-01-08T01:50:24.425+0000] {processor.py:186} INFO - Started process (PID=338) to work on /home/airflow/.local/lib/python3.12/site-packages/airflow/example_dags/example_branch_python_dop_operator_3.py
[2026-01-08T01:50:24.426+0000] {processor.py:914} INFO - Processing file /home/airflow/.local/lib/python3.12/site-packages/airflow/example_dags/example_branch_python_dop_operator_3.py for tasks to queue
[2026-01-08T01:50:24.429+0000] {logging_mixin.py:190} INFO - [2026-01-08T01:50:24.428+0000] {dagbag.py:587} INFO - Filling up the DagBag from /home/airflow/.local/lib/python3.12/site-packages/airflow/example_dags/example_branch_python_dop_operator_3.py
[2026-01-08T01:50:24.437+0000] {processor.py:925} INFO - DAG(s) 'example_branch_dop_operator_v3' retrieved from /home/airflow/.local/lib/python3.12/site-packages/airflow/example_dags/example_branch_python_dop_operator_3.py
[2026-01-08T01:50:24.451+0000] {logging_mixin.py:190} INFO - [2026-01-08T01:50:24.451+0000] {dag.py:3211} INFO - Sync 1 DAGs
[2026-01-08T01:50:24.469+0000] {logging_mixin.py:190} INFO - [2026-01-08T01:50:24.469+0000] {dag.py:4138} INFO - Setting next_dagrun for example_branch_dop_operator_v3 to 2026-01-08 01:49:00+00:00, run_after=2026-01-08 01:50:00+00:00
[2026-01-08T01:50:24.487+0000] {processor.py:208} INFO - Processing /home/airflow/.local/lib/python3.12/site-packages/airflow/example_dags/example_branch_python_dop_operator_3.py took 0.066 seconds
[2026-01-08T01:50:54.801+0000] {processor.py:186} INFO - Started process (PID=400) to work on /home/airflow/.local/lib/python3.12/site-packages/airflow/example_dags/example_branch_python_dop_operator_3.py
[2026-01-08T01:50:54.803+0000] {processor.py:914} INFO - Processing file /home/airflow/.local/lib/python3.12/site-packages/airflow/example_dags/example_branch_python_dop_operator_3.py for tasks to queue
[2026-01-08T01:50:54.806+0000] {logging_mixin.py:190} INFO - [2026-01-08T01:50:54.805+0000] {dagbag.py:587} INFO - Filling up the DagBag from /home/airflow/.local/lib/python3.12/site-packages/airflow/example_dags/example_branch_python_dop_operator_3.py
[2026-01-08T01:50:54.813+0000] {processor.py:925} INFO - DAG(s) 'example_branch_dop_operator_v3' retrieved from /home/airflow/.local/lib/python3.12/site-packages/airflow/example_dags/example_branch_python_dop_operator_3.py
[2026-01-08T01:50:54.829+0000] {logging_mixin.py:190} INFO - [2026-01-08T01:50:54.829+0000] {dag.py:3211} INFO - Sync 1 DAGs
[2026-01-08T01:50:54.852+0000] {logging_mixin.py:190} INFO - [2026-01-08T01:50:54.851+0000] {dag.py:4138} INFO - Setting next_dagrun for example_branch_dop_operator_v3 to 2026-01-08 01:49:00+00:00, run_after=2026-01-08 01:50:00+00:00
[2026-01-08T01:50:54.870+0000] {processor.py:208} INFO - Processing /home/airflow/.local/lib/python3.12/site-packages/airflow/example_dags/example_branch_python_dop_operator_3.py took 0.073 seconds
[2026-01-08T01:51:25.545+0000] {processor.py:186} INFO - Started process (PID=462) to work on /home/airflow/.local/lib/python3.12/site-packages/airflow/example_dags/example_branch_python_dop_operator_3.py
[2026-01-08T01:51:25.546+0000] {processor.py:914} INFO - Processing file /home/airflow/.local/lib/python3.12/site-packages/airflow/example_dags/example_branch_python_dop_operator_3.py for tasks to queue
[2026-01-08T01:51:25.548+0000] {logging_mixin.py:190} INFO - [2026-01-08T01:51:25.548+0000] {dagbag.py:587} INFO - Filling up the DagBag from /home/airflow/.local/lib/python3.12/site-packages/airflow/example_dags/example_branch_python_dop_operator_3.py
[2026-01-08T01:51:25.556+0000] {processor.py:925} INFO - DAG(s) 'example_branch_dop_operator_v3' retrieved from /home/airflow/.local/lib/python3.12/site-packages/airflow/example_dags/example_branch_python_dop_operator_3.py
[2026-01-08T01:51:25.572+0000] {logging_mixin.py:190} INFO - [2026-01-08T01:51:25.572+0000] {dag.py:3211} INFO - Sync 1 DAGs
[2026-01-08T01:51:25.589+0000] {logging_mixin.py:190} INFO - [2026-01-08T01:51:25.589+0000] {dag.py:4138} INFO - Setting next_dagrun for example_branch_dop_operator_v3 to 2026-01-08 01:50:00+00:00, run_after=2026-01-08 01:51:00+00:00
[2026-01-08T01:51:25.604+0000] {processor.py:208} INFO - Processing /home/airflow/.local/lib/python3.12/site-packages/airflow/example_dags/example_branch_python_dop_operator_3.py took 0.064 seconds
[2026-01-08T01:51:56.145+0000] {processor.py:186} INFO - Started process (PID=525) to work on /home/airflow/.local/lib/python3.12/site-packages/airflow/example_dags/example_branch_python_dop_operator_3.py
[2026-01-08T01:51:56.146+0000] {processor.py:914} INFO - Processing file /home/airflow/.local/lib/python3.12/site-packages/airflow/example_dags/example_branch_python_dop_operator_3.py for tasks to queue
[2026-01-08T01:51:56.148+0000] {logging_mixin.py:190} INFO - [2026-01-08T01:51:56.148+0000] {dagbag.py:587} INFO - Filling up the DagBag from /home/airflow/.local/lib/python3.12/site-packages/airflow/example_dags/example_branch_python_dop_operator_3.py
[2026-01-08T01:51:56.156+0000] {processor.py:925} INFO - DAG(s) 'example_branch_dop_operator_v3' retrieved from /home/airflow/.local/lib/python3.12/site-packages/airflow/example_dags/example_branch_python_dop_operator_3.py
[2026-01-08T01:51:56.173+0000] {logging_mixin.py:190} INFO - [2026-01-08T01:51:56.173+0000] {dag.py:3211} INFO - Sync 1 DAGs
[2026-01-08T01:51:56.192+0000] {logging_mixin.py:190} INFO - [2026-01-08T01:51:56.192+0000] {dag.py:4138} INFO - Setting next_dagrun for example_branch_dop_operator_v3 to 2026-01-08 01:50:00+00:00, run_after=2026-01-08 01:51:00+00:00
[2026-01-08T01:51:56.205+0000] {processor.py:208} INFO - Processing /home/airflow/.local/lib/python3.12/site-packages/airflow/example_dags/example_branch_python_dop_operator_3.py took 0.065 seconds
[2026-01-08T01:52:26.598+0000] {processor.py:186} INFO - Started process (PID=587) to work on /home/airflow/.local/lib/python3.12/site-packages/airflow/example_dags/example_branch_python_dop_operator_3.py
[2026-01-08T01:52:26.599+0000] {processor.py:914} INFO - Processing file /home/airflow/.local/lib/python3.12/site-packages/airflow/example_dags/example_branch_python_dop_operator_3.py for tasks to queue
[2026-01-08T01:52:26.602+0000] {logging_mixin.py:190} INFO - [2026-01-08T01:52:26.601+0000] {dagbag.py:587} INFO - Filling up the DagBag from /home/airflow/.local/lib/python3.12/site-packages/airflow/example_dags/example_branch_python_dop_operator_3.py
[2026-01-08T01:52:26.610+0000] {processor.py:925} INFO - DAG(s) 'example_branch_dop_operator_v3' retrieved from /home/airflow/.local/lib/python3.12/site-packages/airflow/example_dags/example_branch_python_dop_operator_3.py
[2026-01-08T01:52:26.626+0000] {logging_mixin.py:190} INFO - [2026-01-08T01:52:26.626+0000] {dag.py:3211} INFO - Sync 1 DAGs
[2026-01-08T01:52:26.643+0000] {logging_mixin.py:190} INFO - [2026-01-08T01:52:26.643+0000] {dag.py:4138} INFO - Setting next_dagrun for example_branch_dop_operator_v3 to 2026-01-08 01:51:00+00:00, run_after=2026-01-08 01:52:00+00:00
[2026-01-08T01:52:26.658+0000] {processor.py:208} INFO - Processing /home/airflow/.local/lib/python3.12/site-packages/airflow/example_dags/example_branch_python_dop_operator_3.py took 0.065 seconds
[2026-01-08T01:52:56.919+0000] {processor.py:186} INFO - Started process (PID=649) to work on /home/airflow/.local/lib/python3.12/site-packages/airflow/example_dags/example_branch_python_dop_operator_3.py
[2026-01-08T01:52:56.920+0000] {processor.py:914} INFO - Processing file /home/airflow/.local/lib/python3.12/site-packages/airflow/example_dags/example_branch_python_dop_operator_3.py for tasks to queue
[2026-01-08T01:52:56.923+0000] {logging_mixin.py:190} INFO - [2026-01-08T01:52:56.922+0000] {dagbag.py:587} INFO - Filling up the DagBag from /home/airflow/.local/lib/python3.12/site-packages/airflow/example_dags/example_branch_python_dop_operator_3.py
[2026-01-08T01:52:56.931+0000] {processor.py:925} INFO - DAG(s) 'example_branch_dop_operator_v3' retrieved from /home/airflow/.local/lib/python3.12/site-packages/airflow/example_dags/example_branch_python_dop_operator_3.py
[2026-01-08T01:52:56.949+0000] {logging_mixin.py:190} INFO - [2026-01-08T01:52:56.949+0000] {dag.py:3211} INFO - Sync 1 DAGs
[2026-01-08T01:52:56.968+0000] {logging_mixin.py:190} INFO - [2026-01-08T01:52:56.968+0000] {dag.py:4138} INFO - Setting next_dagrun for example_branch_dop_operator_v3 to 2026-01-08 01:51:00+00:00, run_after=2026-01-08 01:52:00+00:00
[2026-01-08T01:52:56.984+0000] {processor.py:208} INFO - Processing /home/airflow/.local/lib/python3.12/site-packages/airflow/example_dags/example_branch_python_dop_operator_3.py took 0.070 seconds
[2026-01-08T01:53:27.328+0000] {processor.py:186} INFO - Started process (PID=711) to work on /home/airflow/.local/lib/python3.12/site-packages/airflow/example_dags/example_branch_python_dop_operator_3.py
[2026-01-08T01:53:27.329+0000] {processor.py:914} INFO - Processing file /home/airflow/.local/lib/python3.12/site-packages/airflow/example_dags/example_branch_python_dop_operator_3.py for tasks to queue
[2026-01-08T01:53:27.331+0000] {logging_mixin.py:190} INFO - [2026-01-08T01:53:27.331+0000] {dagbag.py:587} INFO - Filling up the DagBag from /home/airflow/.local/lib/python3.12/site-packages/airflow/example_dags/example_branch_python_dop_operator_3.py
[2026-01-08T01:53:27.340+0000] {processor.py:925} INFO - DAG(s) 'example_branch_dop_operator_v3' retrieved from /home/airflow/.local/lib/python3.12/site-packages/airflow/example_dags/example_branch_python_dop_operator_3.py
[2026-01-08T01:53:27.356+0000] {logging_mixin.py:190} INFO - [2026-01-08T01:53:27.355+0000] {dag.py:3211} INFO - Sync 1 DAGs
[2026-01-08T01:53:27.372+0000] {logging_mixin.py:190} INFO - [2026-01-08T01:53:27.372+0000] {dag.py:4138} INFO - Setting next_dagrun for example_branch_dop_operator_v3 to 2026-01-08 01:52:00+00:00, run_after=2026-01-08 01:53:00+00:00
[2026-01-08T01:53:27.387+0000] {processor.py:208} INFO - Processing /home/airflow/.local/lib/python3.12/site-packages/airflow/example_dags/example_branch_python_dop_operator_3.py took 0.063 seconds
[2026-01-08T01:53:57.887+0000] {processor.py:186} INFO - Started process (PID=773) to work on /home/airflow/.local/lib/python3.12/site-packages/airflow/example_dags/example_branch_python_dop_operator_3.py
[2026-01-08T01:53:57.888+0000] {processor.py:914} INFO - Processing file /home/airflow/.local/lib/python3.12/site-packages/airflow/example_dags/example_branch_python_dop_operator_3.py for tasks to queue
[2026-01-08T01:53:57.891+0000] {logging_mixin.py:190} INFO - [2026-01-08T01:53:57.890+0000] {dagbag.py:587} INFO - Filling up the DagBag from /home/airflow/.local/lib/python3.12/site-packages/airflow/example_dags/example_branch_python_dop_operator_3.py
[2026-01-08T01:53:57.899+0000] {processor.py:925} INFO - DAG(s) 'example_branch_dop_operator_v3' retrieved from /home/airflow/.local/lib/python3.12/site-packages/airflow/example_dags/example_branch_python_dop_operator_3.py
[2026-01-08T01:53:57.922+0000] {logging_mixin.py:190} INFO - [2026-01-08T01:53:57.921+0000] {dag.py:3211} INFO - Sync 1 DAGs
[2026-01-08T01:53:57.948+0000] {logging_mixin.py:190} INFO - [2026-01-08T01:53:57.947+0000] {dag.py:4138} INFO - Setting next_dagrun for example_branch_dop_operator_v3 to 2026-01-08 01:52:00+00:00, run_after=2026-01-08 01:53:00+00:00
[2026-01-08T01:53:57.969+0000] {processor.py:208} INFO - Processing /home/airflow/.local/lib/python3.12/site-packages/airflow/example_dags/example_branch_python_dop_operator_3.py took 0.087 seconds
[2026-01-08T01:54:28.487+0000] {processor.py:186} INFO - Started process (PID=835) to work on /home/airflow/.local/lib/python3.12/site-packages/airflow/example_dags/example_branch_python_dop_operator_3.py
[2026-01-08T01:54:28.488+0000] {processor.py:914} INFO - Processing file /home/airflow/.local/lib/python3.12/site-packages/airflow/example_dags/example_branch_python_dop_operator_3.py for tasks to queue
[2026-01-08T01:54:28.489+0000] {logging_mixin.py:190} INFO - [2026-01-08T01:54:28.489+0000] {dagbag.py:587} INFO - Filling up the DagBag from /home/airflow/.local/lib/python3.12/site-packages/airflow/example_dags/example_branch_python_dop_operator_3.py
[2026-01-08T01:54:28.497+0000] {processor.py:925} INFO - DAG(s) 'example_branch_dop_operator_v3' retrieved from /home/airflow/.local/lib/python3.12/site-packages/airflow/example_dags/example_branch_python_dop_operator_3.py
[2026-01-08T01:54:28.513+0000] {logging_mixin.py:190} INFO - [2026-01-08T01:54:28.513+0000] {dag.py:3211} INFO - Sync 1 DAGs
[2026-01-08T01:54:28.530+0000] {logging_mixin.py:190} INFO - [2026-01-08T01:54:28.530+0000] {dag.py:4138} INFO - Setting next_dagrun for example_branch_dop_operator_v3 to 2026-01-08 01:53:00+00:00, run_after=2026-01-08 01:54:00+00:00
[2026-01-08T01:54:28.546+0000] {processor.py:208} INFO - Processing /home/airflow/.local/lib/python3.12/site-packages/airflow/example_dags/example_branch_python_dop_operator_3.py took 0.064 seconds
[2026-01-08T01:54:59.086+0000] {processor.py:186} INFO - Started process (PID=897) to work on /home/airflow/.local/lib/python3.12/site-packages/airflow/example_dags/example_branch_python_dop_operator_3.py
[2026-01-08T01:54:59.087+0000] {processor.py:914} INFO - Processing file /home/airflow/.local/lib/python3.12/site-packages/airflow/example_dags/example_branch_python_dop_operator_3.py for tasks to queue
[2026-01-08T01:54:59.089+0000] {logging_mixin.py:190} INFO - [2026-01-08T01:54:59.089+0000] {dagbag.py:587} INFO - Filling up the DagBag from /home/airflow/.local/lib/python3.12/site-packages/airflow/example_dags/example_branch_python_dop_operator_3.py
[2026-01-08T01:54:59.096+0000] {processor.py:925} INFO - DAG(s) 'example_branch_dop_operator_v3' retrieved from /home/airflow/.local/lib/python3.12/site-packages/airflow/example_dags/example_branch_python_dop_operator_3.py
[2026-01-08T01:54:59.111+0000] {logging_mixin.py:190} INFO - [2026-01-08T01:54:59.111+0000] {dag.py:3211} INFO - Sync 1 DAGs
[2026-01-08T01:54:59.129+0000] {logging_mixin.py:190} INFO - [2026-01-08T01:54:59.129+0000] {dag.py:4138} INFO - Setting next_dagrun for example_branch_dop_operator_v3 to 2026-01-08 01:53:00+00:00, run_after=2026-01-08 01:54:00+00:00
[2026-01-08T01:54:59.142+0000] {processor.py:208} INFO - Processing /home/airflow/.local/lib/python3.12/site-packages/airflow/example_dags/example_branch_python_dop_operator_3.py took 0.060 seconds
[2026-01-08T01:55:29.720+0000] {processor.py:186} INFO - Started process (PID=959) to work on /home/airflow/.local/lib/python3.12/site-packages/airflow/example_dags/example_branch_python_dop_operator_3.py
[2026-01-08T01:55:29.721+0000] {processor.py:914} INFO - Processing file /home/airflow/.local/lib/python3.12/site-packages/airflow/example_dags/example_branch_python_dop_operator_3.py for tasks to queue
[2026-01-08T01:55:29.723+0000] {logging_mixin.py:190} INFO - [2026-01-08T01:55:29.723+0000] {dagbag.py:587} INFO - Filling up the DagBag from /home/airflow/.local/lib/python3.12/site-packages/airflow/example_dags/example_branch_python_dop_operator_3.py
[2026-01-08T01:55:29.731+0000] {processor.py:925} INFO - DAG(s) 'example_branch_dop_operator_v3' retrieved from /home/airflow/.local/lib/python3.12/site-packages/airflow/example_dags/example_branch_python_dop_operator_3.py
[2026-01-08T01:55:29.745+0000] {logging_mixin.py:190} INFO - [2026-01-08T01:55:29.745+0000] {dag.py:3211} INFO - Sync 1 DAGs
[2026-01-08T01:55:29.762+0000] {logging_mixin.py:190} INFO - [2026-01-08T01:55:29.762+0000] {dag.py:4138} INFO - Setting next_dagrun for example_branch_dop_operator_v3 to 2026-01-08 01:54:00+00:00, run_after=2026-01-08 01:55:00+00:00
[2026-01-08T01:55:29.779+0000] {processor.py:208} INFO - Processing /home/airflow/.local/lib/python3.12/site-packages/airflow/example_dags/example_branch_python_dop_operator_3.py took 0.064 seconds
[2026-01-08T01:56:00.419+0000] {processor.py:186} INFO - Started process (PID=1021) to work on /home/airflow/.local/lib/python3.12/site-packages/airflow/example_dags/example_branch_python_dop_operator_3.py
[2026-01-08T01:56:00.420+0000] {processor.py:914} INFO - Processing file /home/airflow/.local/lib/python3.12/site-packages/airflow/example_dags/example_branch_python_dop_operator_3.py for tasks to queue
[2026-01-08T01:56:00.422+0000] {logging_mixin.py:190} INFO - [2026-01-08T01:56:00.422+0000] {dagbag.py:587} INFO - Filling up the DagBag from /home/airflow/.local/lib/python3.12/site-packages/airflow/example_dags/example_branch_python_dop_operator_3.py
[2026-01-08T01:56:00.429+0000] {processor.py:925} INFO - DAG(s) 'example_branch_dop_operator_v3' retrieved from /home/airflow/.local/lib/python3.12/site-packages/airflow/example_dags/example_branch_python_dop_operator_3.py
[2026-01-08T01:56:00.445+0000] {logging_mixin.py:190} INFO - [2026-01-08T01:56:00.445+0000] {dag.py:3211} INFO - Sync 1 DAGs
[2026-01-08T01:56:00.462+0000] {logging_mixin.py:190} INFO - [2026-01-08T01:56:00.462+0000] {dag.py:4138} INFO - Setting next_dagrun for example_branch_dop_operator_v3 to 2026-01-08 01:55:00+00:00, run_after=2026-01-08 01:56:00+00:00
[2026-01-08T01:56:00.477+0000] {processor.py:208} INFO - Processing /home/airflow/.local/lib/python3.12/site-packages/airflow/example_dags/example_branch_python_dop_operator_3.py took 0.062 seconds
[2026-01-08T01:56:30.832+0000] {processor.py:186} INFO - Started process (PID=1083) to work on /home/airflow/.local/lib/python3.12/site-packages/airflow/example_dags/example_branch_python_dop_operator_3.py
[2026-01-08T01:56:30.834+0000] {processor.py:914} INFO - Processing file /home/airflow/.local/lib/python3.12/site-packages/airflow/example_dags/example_branch_python_dop_operator_3.py for tasks to queue
[2026-01-08T01:56:30.835+0000] {logging_mixin.py:190} INFO - [2026-01-08T01:56:30.835+0000] {dagbag.py:587} INFO - Filling up the DagBag from /home/airflow/.local/lib/python3.12/site-packages/airflow/example_dags/example_branch_python_dop_operator_3.py
[2026-01-08T01:56:30.844+0000] {processor.py:925} INFO - DAG(s) 'example_branch_dop_operator_v3' retrieved from /home/airflow/.local/lib/python3.12/site-packages/airflow/example_dags/example_branch_python_dop_operator_3.py
[2026-01-08T01:56:30.860+0000] {logging_mixin.py:190} INFO - [2026-01-08T01:56:30.860+0000] {dag.py:3211} INFO - Sync 1 DAGs
[2026-01-08T01:56:30.879+0000] {logging_mixin.py:190} INFO - [2026-01-08T01:56:30.879+0000] {dag.py:4138} INFO - Setting next_dagrun for example_branch_dop_operator_v3 to 2026-01-08 01:55:00+00:00, run_after=2026-01-08 01:56:00+00:00
[2026-01-08T01:56:30.895+0000] {processor.py:208} INFO - Processing /home/airflow/.local/lib/python3.12/site-packages/airflow/example_dags/example_branch_python_dop_operator_3.py took 0.067 seconds
[2026-01-08T01:57:01.273+0000] {processor.py:186} INFO - Started process (PID=1145) to work on /home/airflow/.local/lib/python3.12/site-packages/airflow/example_dags/example_branch_python_dop_operator_3.py
[2026-01-08T01:57:01.275+0000] {processor.py:914} INFO - Processing file /home/airflow/.local/lib/python3.12/site-packages/airflow/example_dags/example_branch_python_dop_operator_3.py for tasks to queue
[2026-01-08T01:57:01.277+0000] {logging_mixin.py:190} INFO - [2026-01-08T01:57:01.277+0000] {dagbag.py:587} INFO - Filling up the DagBag from /home/airflow/.local/lib/python3.12/site-packages/airflow/example_dags/example_branch_python_dop_operator_3.py
[2026-01-08T01:57:01.285+0000] {processor.py:925} INFO - DAG(s) 'example_branch_dop_operator_v3' retrieved from /home/airflow/.local/lib/python3.12/site-packages/airflow/example_dags/example_branch_python_dop_operator_3.py
[2026-01-08T01:57:01.301+0000] {logging_mixin.py:190} INFO - [2026-01-08T01:57:01.301+0000] {dag.py:3211} INFO - Sync 1 DAGs
[2026-01-08T01:57:01.320+0000] {logging_mixin.py:190} INFO - [2026-01-08T01:57:01.319+0000] {dag.py:4138} INFO - Setting next_dagrun for example_branch_dop_operator_v3 to 2026-01-08 01:56:00+00:00, run_after=2026-01-08 01:57:00+00:00
[2026-01-08T01:57:01.336+0000] {processor.py:208} INFO - Processing /home/airflow/.local/lib/python3.12/site-packages/airflow/example_dags/example_branch_python_dop_operator_3.py took 0.067 seconds
[2026-01-08T01:57:31.600+0000] {processor.py:186} INFO - Started process (PID=1207) to work on /home/airflow/.local/lib/python3.12/site-packages/airflow/example_dags/example_branch_python_dop_operator_3.py
[2026-01-08T01:57:31.601+0000] {processor.py:914} INFO - Processing file /home/airflow/.local/lib/python3.12/site-packages/airflow/example_dags/example_branch_python_dop_operator_3.py for tasks to queue
[2026-01-08T01:57:31.603+0000] {logging_mixin.py:190} INFO - [2026-01-08T01:57:31.603+0000] {dagbag.py:587} INFO - Filling up the DagBag from /home/airflow/.local/lib/python3.12/site-packages/airflow/example_dags/example_branch_python_dop_operator_3.py
[2026-01-08T01:57:31.610+0000] {processor.py:925} INFO - DAG(s) 'example_branch_dop_operator_v3' retrieved from /home/airflow/.local/lib/python3.12/site-packages/airflow/example_dags/example_branch_python_dop_operator_3.py
[2026-01-08T01:57:31.626+0000] {logging_mixin.py:190} INFO - [2026-01-08T01:57:31.625+0000] {dag.py:3211} INFO - Sync 1 DAGs
[2026-01-08T01:57:31.643+0000] {logging_mixin.py:190} INFO - [2026-01-08T01:57:31.643+0000] {dag.py:4138} INFO - Setting next_dagrun for example_branch_dop_operator_v3 to 2026-01-08 01:56:00+00:00, run_after=2026-01-08 01:57:00+00:00
[2026-01-08T01:57:31.658+0000] {processor.py:208} INFO - Processing /home/airflow/.local/lib/python3.12/site-packages/airflow/example_dags/example_branch_python_dop_operator_3.py took 0.062 seconds
[2026-01-08T01:58:02.188+0000] {processor.py:186} INFO - Started process (PID=1269) to work on /home/airflow/.local/lib/python3.12/site-packages/airflow/example_dags/example_branch_python_dop_operator_3.py
[2026-01-08T01:58:02.189+0000] {processor.py:914} INFO - Processing file /home/airflow/.local/lib/python3.12/site-packages/airflow/example_dags/example_branch_python_dop_operator_3.py for tasks to queue
[2026-01-08T01:58:02.191+0000] {logging_mixin.py:190} INFO - [2026-01-08T01:58:02.191+0000] {dagbag.py:587} INFO - Filling up the DagBag from /home/airflow/.local/lib/python3.12/site-packages/airflow/example_dags/example_branch_python_dop_operator_3.py
[2026-01-08T01:58:02.199+0000] {processor.py:925} INFO - DAG(s) 'example_branch_dop_operator_v3' retrieved from /home/airflow/.local/lib/python3.12/site-packages/airflow/example_dags/example_branch_python_dop_operator_3.py
[2026-01-08T01:58:02.215+0000] {logging_mixin.py:190} INFO - [2026-01-08T01:58:02.215+0000] {dag.py:3211} INFO - Sync 1 DAGs
[2026-01-08T01:58:02.232+0000] {logging_mixin.py:190} INFO - [2026-01-08T01:58:02.232+0000] {dag.py:4138} INFO - Setting next_dagrun for example_branch_dop_operator_v3 to 2026-01-08 01:57:00+00:00, run_after=2026-01-08 01:58:00+00:00
[2026-01-08T01:58:02.248+0000] {processor.py:208} INFO - Processing /home/airflow/.local/lib/python3.12/site-packages/airflow/example_dags/example_branch_python_dop_operator_3.py took 0.064 seconds
[2026-01-08T01:58:32.769+0000] {processor.py:186} INFO - Started process (PID=1332) to work on /home/airflow/.local/lib/python3.12/site-packages/airflow/example_dags/example_branch_python_dop_operator_3.py
[2026-01-08T01:58:32.771+0000] {processor.py:914} INFO - Processing file /home/airflow/.local/lib/python3.12/site-packages/airflow/example_dags/example_branch_python_dop_operator_3.py for tasks to queue
[2026-01-08T01:58:32.773+0000] {logging_mixin.py:190} INFO - [2026-01-08T01:58:32.772+0000] {dagbag.py:587} INFO - Filling up the DagBag from /home/airflow/.local/lib/python3.12/site-packages/airflow/example_dags/example_branch_python_dop_operator_3.py
[2026-01-08T01:58:32.780+0000] {processor.py:925} INFO - DAG(s) 'example_branch_dop_operator_v3' retrieved from /home/airflow/.local/lib/python3.12/site-packages/airflow/example_dags/example_branch_python_dop_operator_3.py
[2026-01-08T01:58:32.796+0000] {logging_mixin.py:190} INFO - [2026-01-08T01:58:32.796+0000] {dag.py:3211} INFO - Sync 1 DAGs
[2026-01-08T01:58:32.814+0000] {logging_mixin.py:190} INFO - [2026-01-08T01:58:32.814+0000] {dag.py:4138} INFO - Setting next_dagrun for example_branch_dop_operator_v3 to 2026-01-08 01:57:00+00:00, run_after=2026-01-08 01:58:00+00:00
[2026-01-08T01:58:32.828+0000] {processor.py:208} INFO - Processing /home/airflow/.local/lib/python3.12/site-packages/airflow/example_dags/example_branch_python_dop_operator_3.py took 0.064 seconds
[2026-01-08T01:59:03.035+0000] {processor.py:186} INFO - Started process (PID=1395) to work on /home/airflow/.local/lib/python3.12/site-packages/airflow/example_dags/example_branch_python_dop_operator_3.py
[2026-01-08T01:59:03.036+0000] {processor.py:914} INFO - Processing file /home/airflow/.local/lib/python3.12/site-packages/airflow/example_dags/example_branch_python_dop_operator_3.py for tasks to queue
[2026-01-08T01:59:03.038+0000] {logging_mixin.py:190} INFO - [2026-01-08T01:59:03.038+0000] {dagbag.py:587} INFO - Filling up the DagBag from /home/airflow/.local/lib/python3.12/site-packages/airflow/example_dags/example_branch_python_dop_operator_3.py
[2026-01-08T01:59:03.047+0000] {processor.py:925} INFO - DAG(s) 'example_branch_dop_operator_v3' retrieved from /home/airflow/.local/lib/python3.12/site-packages/airflow/example_dags/example_branch_python_dop_operator_3.py
[2026-01-08T01:59:03.064+0000] {logging_mixin.py:190} INFO - [2026-01-08T01:59:03.064+0000] {dag.py:3211} INFO - Sync 1 DAGs
[2026-01-08T01:59:03.085+0000] {logging_mixin.py:190} INFO - [2026-01-08T01:59:03.085+0000] {dag.py:4138} INFO - Setting next_dagrun for example_branch_dop_operator_v3 to 2026-01-08 01:58:00+00:00, run_after=2026-01-08 01:59:00+00:00
[2026-01-08T01:59:03.102+0000] {processor.py:208} INFO - Processing /home/airflow/.local/lib/python3.12/site-packages/airflow/example_dags/example_branch_python_dop_operator_3.py took 0.072 seconds
[2026-01-08T01:59:33.386+0000] {processor.py:186} INFO - Started process (PID=1458) to work on /home/airflow/.local/lib/python3.12/site-packages/airflow/example_dags/example_branch_python_dop_operator_3.py
[2026-01-08T01:59:33.387+0000] {processor.py:914} INFO - Processing file /home/airflow/.local/lib/python3.12/site-packages/airflow/example_dags/example_branch_python_dop_operator_3.py for tasks to queue
[2026-01-08T01:59:33.390+0000] {logging_mixin.py:190} INFO - [2026-01-08T01:59:33.389+0000] {dagbag.py:587} INFO - Filling up the DagBag from /home/airflow/.local/lib/python3.12/site-packages/airflow/example_dags/example_branch_python_dop_operator_3.py
[2026-01-08T01:59:33.398+0000] {processor.py:925} INFO - DAG(s) 'example_branch_dop_operator_v3' retrieved from /home/airflow/.local/lib/python3.12/site-packages/airflow/example_dags/example_branch_python_dop_operator_3.py
[2026-01-08T01:59:33.414+0000] {logging_mixin.py:190} INFO - [2026-01-08T01:59:33.414+0000] {dag.py:3211} INFO - Sync 1 DAGs
[2026-01-08T01:59:33.432+0000] {logging_mixin.py:190} INFO - [2026-01-08T01:59:33.432+0000] {dag.py:4138} INFO - Setting next_dagrun for example_branch_dop_operator_v3 to 2026-01-08 01:58:00+00:00, run_after=2026-01-08 01:59:00+00:00
[2026-01-08T01:59:33.446+0000] {processor.py:208} INFO - Processing /home/airflow/.local/lib/python3.12/site-packages/airflow/example_dags/example_branch_python_dop_operator_3.py took 0.064 seconds
[2026-01-08T02:00:03.882+0000] {processor.py:186} INFO - Started process (PID=1521) to work on /home/airflow/.local/lib/python3.12/site-packages/airflow/example_dags/example_branch_python_dop_operator_3.py
[2026-01-08T02:00:03.883+0000] {processor.py:914} INFO - Processing file /home/airflow/.local/lib/python3.12/site-packages/airflow/example_dags/example_branch_python_dop_operator_3.py for tasks to queue
[2026-01-08T02:00:03.885+0000] {logging_mixin.py:190} INFO - [2026-01-08T02:00:03.885+0000] {dagbag.py:587} INFO - Filling up the DagBag from /home/airflow/.local/lib/python3.12/site-packages/airflow/example_dags/example_branch_python_dop_operator_3.py
[2026-01-08T02:00:03.893+0000] {processor.py:925} INFO - DAG(s) 'example_branch_dop_operator_v3' retrieved from /home/airflow/.local/lib/python3.12/site-packages/airflow/example_dags/example_branch_python_dop_operator_3.py
[2026-01-08T02:00:03.907+0000] {logging_mixin.py:190} INFO - [2026-01-08T02:00:03.907+0000] {dag.py:3211} INFO - Sync 1 DAGs
[2026-01-08T02:00:03.924+0000] {logging_mixin.py:190} INFO - [2026-01-08T02:00:03.924+0000] {dag.py:4138} INFO - Setting next_dagrun for example_branch_dop_operator_v3 to 2026-01-08 01:59:00+00:00, run_after=2026-01-08 02:00:00+00:00
[2026-01-08T02:00:03.937+0000] {processor.py:208} INFO - Processing /home/airflow/.local/lib/python3.12/site-packages/airflow/example_dags/example_branch_python_dop_operator_3.py took 0.060 seconds
[2026-01-08T02:00:34.600+0000] {processor.py:186} INFO - Started process (PID=1584) to work on /home/airflow/.local/lib/python3.12/site-packages/airflow/example_dags/example_branch_python_dop_operator_3.py
[2026-01-08T02:00:34.601+0000] {processor.py:914} INFO - Processing file /home/airflow/.local/lib/python3.12/site-packages/airflow/example_dags/example_branch_python_dop_operator_3.py for tasks to queue
[2026-01-08T02:00:34.604+0000] {logging_mixin.py:190} INFO - [2026-01-08T02:00:34.603+0000] {dagbag.py:587} INFO - Filling up the DagBag from /home/airflow/.local/lib/python3.12/site-packages/airflow/example_dags/example_branch_python_dop_operator_3.py
[2026-01-08T02:00:34.612+0000] {processor.py:925} INFO - DAG(s) 'example_branch_dop_operator_v3' retrieved from /home/airflow/.local/lib/python3.12/site-packages/airflow/example_dags/example_branch_python_dop_operator_3.py
[2026-01-08T02:00:34.629+0000] {logging_mixin.py:190} INFO - [2026-01-08T02:00:34.629+0000] {dag.py:3211} INFO - Sync 1 DAGs
[2026-01-08T02:00:34.651+0000] {logging_mixin.py:190} INFO - [2026-01-08T02:00:34.651+0000] {dag.py:4138} INFO - Setting next_dagrun for example_branch_dop_operator_v3 to 2026-01-08 01:59:00+00:00, run_after=2026-01-08 02:00:00+00:00
[2026-01-08T02:00:34.668+0000] {processor.py:208} INFO - Processing /home/airflow/.local/lib/python3.12/site-packages/airflow/example_dags/example_branch_python_dop_operator_3.py took 0.072 seconds
[2026-01-08T02:01:05.255+0000] {processor.py:186} INFO - Started process (PID=1647) to work on /home/airflow/.local/lib/python3.12/site-packages/airflow/example_dags/example_branch_python_dop_operator_3.py
[2026-01-08T02:01:05.257+0000] {processor.py:914} INFO - Processing file /home/airflow/.local/lib/python3.12/site-packages/airflow/example_dags/example_branch_python_dop_operator_3.py for tasks to queue
[2026-01-08T02:01:05.259+0000] {logging_mixin.py:190} INFO - [2026-01-08T02:01:05.259+0000] {dagbag.py:587} INFO - Filling up the DagBag from /home/airflow/.local/lib/python3.12/site-packages/airflow/example_dags/example_branch_python_dop_operator_3.py
[2026-01-08T02:01:05.268+0000] {processor.py:925} INFO - DAG(s) 'example_branch_dop_operator_v3' retrieved from /home/airflow/.local/lib/python3.12/site-packages/airflow/example_dags/example_branch_python_dop_operator_3.py
[2026-01-08T02:01:05.285+0000] {logging_mixin.py:190} INFO - [2026-01-08T02:01:05.285+0000] {dag.py:3211} INFO - Sync 1 DAGs
[2026-01-08T02:01:05.304+0000] {logging_mixin.py:190} INFO - [2026-01-08T02:01:05.304+0000] {dag.py:4138} INFO - Setting next_dagrun for example_branch_dop_operator_v3 to 2026-01-08 02:00:00+00:00, run_after=2026-01-08 02:01:00+00:00
[2026-01-08T02:01:05.320+0000] {processor.py:208} INFO - Processing /home/airflow/.local/lib/python3.12/site-packages/airflow/example_dags/example_branch_python_dop_operator_3.py took 0.069 seconds
[2026-01-08T02:01:35.899+0000] {processor.py:186} INFO - Started process (PID=1710) to work on /home/airflow/.local/lib/python3.12/site-packages/airflow/example_dags/example_branch_python_dop_operator_3.py
[2026-01-08T02:01:35.901+0000] {processor.py:914} INFO - Processing file /home/airflow/.local/lib/python3.12/site-packages/airflow/example_dags/example_branch_python_dop_operator_3.py for tasks to queue
[2026-01-08T02:01:35.903+0000] {logging_mixin.py:190} INFO - [2026-01-08T02:01:35.903+0000] {dagbag.py:587} INFO - Filling up the DagBag from /home/airflow/.local/lib/python3.12/site-packages/airflow/example_dags/example_branch_python_dop_operator_3.py
[2026-01-08T02:01:35.911+0000] {processor.py:925} INFO - DAG(s) 'example_branch_dop_operator_v3' retrieved from /home/airflow/.local/lib/python3.12/site-packages/airflow/example_dags/example_branch_python_dop_operator_3.py
[2026-01-08T02:01:35.928+0000] {logging_mixin.py:190} INFO - [2026-01-08T02:01:35.928+0000] {dag.py:3211} INFO - Sync 1 DAGs
[2026-01-08T02:01:35.947+0000] {logging_mixin.py:190} INFO - [2026-01-08T02:01:35.947+0000] {dag.py:4138} INFO - Setting next_dagrun for example_branch_dop_operator_v3 to 2026-01-08 02:00:00+00:00, run_after=2026-01-08 02:01:00+00:00
[2026-01-08T02:01:35.965+0000] {processor.py:208} INFO - Processing /home/airflow/.local/lib/python3.12/site-packages/airflow/example_dags/example_branch_python_dop_operator_3.py took 0.070 seconds
[2026-01-08T02:02:06.925+0000] {processor.py:186} INFO - Started process (PID=1773) to work on /home/airflow/.local/lib/python3.12/site-packages/airflow/example_dags/example_branch_python_dop_operator_3.py
[2026-01-08T02:02:06.926+0000] {processor.py:914} INFO - Processing file /home/airflow/.local/lib/python3.12/site-packages/airflow/example_dags/example_branch_python_dop_operator_3.py for tasks to queue
[2026-01-08T02:02:06.928+0000] {logging_mixin.py:190} INFO - [2026-01-08T02:02:06.928+0000] {dagbag.py:587} INFO - Filling up the DagBag from /home/airflow/.local/lib/python3.12/site-packages/airflow/example_dags/example_branch_python_dop_operator_3.py
[2026-01-08T02:02:06.936+0000] {processor.py:925} INFO - DAG(s) 'example_branch_dop_operator_v3' retrieved from /home/airflow/.local/lib/python3.12/site-packages/airflow/example_dags/example_branch_python_dop_operator_3.py
[2026-01-08T02:02:06.953+0000] {logging_mixin.py:190} INFO - [2026-01-08T02:02:06.953+0000] {dag.py:3211} INFO - Sync 1 DAGs
[2026-01-08T02:02:06.972+0000] {logging_mixin.py:190} INFO - [2026-01-08T02:02:06.972+0000] {dag.py:4138} INFO - Setting next_dagrun for example_branch_dop_operator_v3 to 2026-01-08 02:01:00+00:00, run_after=2026-01-08 02:02:00+00:00
[2026-01-08T02:02:06.994+0000] {processor.py:208} INFO - Processing /home/airflow/.local/lib/python3.12/site-packages/airflow/example_dags/example_branch_python_dop_operator_3.py took 0.074 seconds
[2026-01-08T02:02:37.900+0000] {processor.py:186} INFO - Started process (PID=1836) to work on /home/airflow/.local/lib/python3.12/site-packages/airflow/example_dags/example_branch_python_dop_operator_3.py
[2026-01-08T02:02:37.902+0000] {processor.py:914} INFO - Processing file /home/airflow/.local/lib/python3.12/site-packages/airflow/example_dags/example_branch_python_dop_operator_3.py for tasks to queue
[2026-01-08T02:02:37.904+0000] {logging_mixin.py:190} INFO - [2026-01-08T02:02:37.904+0000] {dagbag.py:587} INFO - Filling up the DagBag from /home/airflow/.local/lib/python3.12/site-packages/airflow/example_dags/example_branch_python_dop_operator_3.py
[2026-01-08T02:02:37.912+0000] {processor.py:925} INFO - DAG(s) 'example_branch_dop_operator_v3' retrieved from /home/airflow/.local/lib/python3.12/site-packages/airflow/example_dags/example_branch_python_dop_operator_3.py
[2026-01-08T02:02:37.929+0000] {logging_mixin.py:190} INFO - [2026-01-08T02:02:37.929+0000] {dag.py:3211} INFO - Sync 1 DAGs
[2026-01-08T02:02:37.946+0000] {logging_mixin.py:190} INFO - [2026-01-08T02:02:37.946+0000] {dag.py:4138} INFO - Setting next_dagrun for example_branch_dop_operator_v3 to 2026-01-08 02:01:00+00:00, run_after=2026-01-08 02:02:00+00:00
[2026-01-08T02:02:37.960+0000] {processor.py:208} INFO - Processing /home/airflow/.local/lib/python3.12/site-packages/airflow/example_dags/example_branch_python_dop_operator_3.py took 0.064 seconds
[2026-01-08T02:03:09.080+0000] {processor.py:186} INFO - Started process (PID=1900) to work on /home/airflow/.local/lib/python3.12/site-packages/airflow/example_dags/example_branch_python_dop_operator_3.py
[2026-01-08T02:03:09.081+0000] {processor.py:914} INFO - Processing file /home/airflow/.local/lib/python3.12/site-packages/airflow/example_dags/example_branch_python_dop_operator_3.py for tasks to queue
[2026-01-08T02:03:09.084+0000] {logging_mixin.py:190} INFO - [2026-01-08T02:03:09.084+0000] {dagbag.py:587} INFO - Filling up the DagBag from /home/airflow/.local/lib/python3.12/site-packages/airflow/example_dags/example_branch_python_dop_operator_3.py
[2026-01-08T02:03:09.092+0000] {processor.py:925} INFO - DAG(s) 'example_branch_dop_operator_v3' retrieved from /home/airflow/.local/lib/python3.12/site-packages/airflow/example_dags/example_branch_python_dop_operator_3.py
[2026-01-08T02:03:09.109+0000] {logging_mixin.py:190} INFO - [2026-01-08T02:03:09.109+0000] {dag.py:3211} INFO - Sync 1 DAGs
[2026-01-08T02:03:09.128+0000] {logging_mixin.py:190} INFO - [2026-01-08T02:03:09.127+0000] {dag.py:4138} INFO - Setting next_dagrun for example_branch_dop_operator_v3 to 2026-01-08 02:02:00+00:00, run_after=2026-01-08 02:03:00+00:00
[2026-01-08T02:03:09.144+0000] {processor.py:208} INFO - Processing /home/airflow/.local/lib/python3.12/site-packages/airflow/example_dags/example_branch_python_dop_operator_3.py took 0.069 seconds
[2026-01-08T02:03:39.554+0000] {processor.py:186} INFO - Started process (PID=1964) to work on /home/airflow/.local/lib/python3.12/site-packages/airflow/example_dags/example_branch_python_dop_operator_3.py
[2026-01-08T02:03:39.556+0000] {processor.py:914} INFO - Processing file /home/airflow/.local/lib/python3.12/site-packages/airflow/example_dags/example_branch_python_dop_operator_3.py for tasks to queue
[2026-01-08T02:03:39.558+0000] {logging_mixin.py:190} INFO - [2026-01-08T02:03:39.557+0000] {dagbag.py:587} INFO - Filling up the DagBag from /home/airflow/.local/lib/python3.12/site-packages/airflow/example_dags/example_branch_python_dop_operator_3.py
[2026-01-08T02:03:39.565+0000] {processor.py:925} INFO - DAG(s) 'example_branch_dop_operator_v3' retrieved from /home/airflow/.local/lib/python3.12/site-packages/airflow/example_dags/example_branch_python_dop_operator_3.py
[2026-01-08T02:03:39.580+0000] {logging_mixin.py:190} INFO - [2026-01-08T02:03:39.580+0000] {dag.py:3211} INFO - Sync 1 DAGs
[2026-01-08T02:03:39.598+0000] {logging_mixin.py:190} INFO - [2026-01-08T02:03:39.598+0000] {dag.py:4138} INFO - Setting next_dagrun for example_branch_dop_operator_v3 to 2026-01-08 02:02:00+00:00, run_after=2026-01-08 02:03:00+00:00
[2026-01-08T02:03:39.612+0000] {processor.py:208} INFO - Processing /home/airflow/.local/lib/python3.12/site-packages/airflow/example_dags/example_branch_python_dop_operator_3.py took 0.062 seconds
[2026-01-08T02:04:09.892+0000] {processor.py:186} INFO - Started process (PID=2027) to work on /home/airflow/.local/lib/python3.12/site-packages/airflow/example_dags/example_branch_python_dop_operator_3.py
[2026-01-08T02:04:09.893+0000] {processor.py:914} INFO - Processing file /home/airflow/.local/lib/python3.12/site-packages/airflow/example_dags/example_branch_python_dop_operator_3.py for tasks to queue
[2026-01-08T02:04:09.896+0000] {logging_mixin.py:190} INFO - [2026-01-08T02:04:09.895+0000] {dagbag.py:587} INFO - Filling up the DagBag from /home/airflow/.local/lib/python3.12/site-packages/airflow/example_dags/example_branch_python_dop_operator_3.py
[2026-01-08T02:04:09.904+0000] {processor.py:925} INFO - DAG(s) 'example_branch_dop_operator_v3' retrieved from /home/airflow/.local/lib/python3.12/site-packages/airflow/example_dags/example_branch_python_dop_operator_3.py
[2026-01-08T02:04:09.919+0000] {logging_mixin.py:190} INFO - [2026-01-08T02:04:09.919+0000] {dag.py:3211} INFO - Sync 1 DAGs
[2026-01-08T02:04:09.935+0000] {logging_mixin.py:190} INFO - [2026-01-08T02:04:09.935+0000] {dag.py:4138} INFO - Setting next_dagrun for example_branch_dop_operator_v3 to 2026-01-08 02:03:00+00:00, run_after=2026-01-08 02:04:00+00:00
[2026-01-08T02:04:09.949+0000] {processor.py:208} INFO - Processing /home/airflow/.local/lib/python3.12/site-packages/airflow/example_dags/example_branch_python_dop_operator_3.py took 0.062 seconds
[2026-01-08T02:04:41.019+0000] {processor.py:186} INFO - Started process (PID=2090) to work on /home/airflow/.local/lib/python3.12/site-packages/airflow/example_dags/example_branch_python_dop_operator_3.py
[2026-01-08T02:04:41.020+0000] {processor.py:914} INFO - Processing file /home/airflow/.local/lib/python3.12/site-packages/airflow/example_dags/example_branch_python_dop_operator_3.py for tasks to queue
[2026-01-08T02:04:41.023+0000] {logging_mixin.py:190} INFO - [2026-01-08T02:04:41.022+0000] {dagbag.py:587} INFO - Filling up the DagBag from /home/airflow/.local/lib/python3.12/site-packages/airflow/example_dags/example_branch_python_dop_operator_3.py
[2026-01-08T02:04:41.030+0000] {processor.py:925} INFO - DAG(s) 'example_branch_dop_operator_v3' retrieved from /home/airflow/.local/lib/python3.12/site-packages/airflow/example_dags/example_branch_python_dop_operator_3.py
[2026-01-08T02:04:41.045+0000] {logging_mixin.py:190} INFO - [2026-01-08T02:04:41.045+0000] {dag.py:3211} INFO - Sync 1 DAGs
[2026-01-08T02:04:41.062+0000] {logging_mixin.py:190} INFO - [2026-01-08T02:04:41.062+0000] {dag.py:4138} INFO - Setting next_dagrun for example_branch_dop_operator_v3 to 2026-01-08 02:03:00+00:00, run_after=2026-01-08 02:04:00+00:00
[2026-01-08T02:04:41.076+0000] {processor.py:208} INFO - Processing /home/airflow/.local/lib/python3.12/site-packages/airflow/example_dags/example_branch_python_dop_operator_3.py took 0.061 seconds
[2026-01-08T02:05:12.318+0000] {processor.py:186} INFO - Started process (PID=2153) to work on /home/airflow/.local/lib/python3.12/site-packages/airflow/example_dags/example_branch_python_dop_operator_3.py
[2026-01-08T02:05:12.319+0000] {processor.py:914} INFO - Processing file /home/airflow/.local/lib/python3.12/site-packages/airflow/example_dags/example_branch_python_dop_operator_3.py for tasks to queue
[2026-01-08T02:05:12.321+0000] {logging_mixin.py:190} INFO - [2026-01-08T02:05:12.321+0000] {dagbag.py:587} INFO - Filling up the DagBag from /home/airflow/.local/lib/python3.12/site-packages/airflow/example_dags/example_branch_python_dop_operator_3.py
[2026-01-08T02:05:12.330+0000] {processor.py:925} INFO - DAG(s) 'example_branch_dop_operator_v3' retrieved from /home/airflow/.local/lib/python3.12/site-packages/airflow/example_dags/example_branch_python_dop_operator_3.py
[2026-01-08T02:05:12.347+0000] {logging_mixin.py:190} INFO - [2026-01-08T02:05:12.347+0000] {dag.py:3211} INFO - Sync 1 DAGs
[2026-01-08T02:05:12.365+0000] {logging_mixin.py:190} INFO - [2026-01-08T02:05:12.365+0000] {dag.py:4138} INFO - Setting next_dagrun for example_branch_dop_operator_v3 to 2026-01-08 02:04:00+00:00, run_after=2026-01-08 02:05:00+00:00
[2026-01-08T02:05:12.383+0000] {processor.py:208} INFO - Processing /home/airflow/.local/lib/python3.12/site-packages/airflow/example_dags/example_branch_python_dop_operator_3.py took 0.070 seconds
[2026-01-08T02:05:43.659+0000] {processor.py:186} INFO - Started process (PID=2216) to work on /home/airflow/.local/lib/python3.12/site-packages/airflow/example_dags/example_branch_python_dop_operator_3.py
[2026-01-08T02:05:43.660+0000] {processor.py:914} INFO - Processing file /home/airflow/.local/lib/python3.12/site-packages/airflow/example_dags/example_branch_python_dop_operator_3.py for tasks to queue
[2026-01-08T02:05:43.663+0000] {logging_mixin.py:190} INFO - [2026-01-08T02:05:43.662+0000] {dagbag.py:587} INFO - Filling up the DagBag from /home/airflow/.local/lib/python3.12/site-packages/airflow/example_dags/example_branch_python_dop_operator_3.py
[2026-01-08T02:05:43.670+0000] {processor.py:925} INFO - DAG(s) 'example_branch_dop_operator_v3' retrieved from /home/airflow/.local/lib/python3.12/site-packages/airflow/example_dags/example_branch_python_dop_operator_3.py
[2026-01-08T02:05:43.686+0000] {logging_mixin.py:190} INFO - [2026-01-08T02:05:43.686+0000] {dag.py:3211} INFO - Sync 1 DAGs
[2026-01-08T02:05:43.703+0000] {logging_mixin.py:190} INFO - [2026-01-08T02:05:43.703+0000] {dag.py:4138} INFO - Setting next_dagrun for example_branch_dop_operator_v3 to 2026-01-08 02:04:00+00:00, run_after=2026-01-08 02:05:00+00:00
[2026-01-08T02:05:43.716+0000] {processor.py:208} INFO - Processing /home/airflow/.local/lib/python3.12/site-packages/airflow/example_dags/example_branch_python_dop_operator_3.py took 0.062 seconds
[2026-01-08T02:06:14.971+0000] {processor.py:186} INFO - Started process (PID=2279) to work on /home/airflow/.local/lib/python3.12/site-packages/airflow/example_dags/example_branch_python_dop_operator_3.py
[2026-01-08T02:06:14.972+0000] {processor.py:914} INFO - Processing file /home/airflow/.local/lib/python3.12/site-packages/airflow/example_dags/example_branch_python_dop_operator_3.py for tasks to queue
[2026-01-08T02:06:14.974+0000] {logging_mixin.py:190} INFO - [2026-01-08T02:06:14.974+0000] {dagbag.py:587} INFO - Filling up the DagBag from /home/airflow/.local/lib/python3.12/site-packages/airflow/example_dags/example_branch_python_dop_operator_3.py
[2026-01-08T02:06:14.982+0000] {processor.py:925} INFO - DAG(s) 'example_branch_dop_operator_v3' retrieved from /home/airflow/.local/lib/python3.12/site-packages/airflow/example_dags/example_branch_python_dop_operator_3.py
[2026-01-08T02:06:14.998+0000] {logging_mixin.py:190} INFO - [2026-01-08T02:06:14.998+0000] {dag.py:3211} INFO - Sync 1 DAGs
[2026-01-08T02:06:15.016+0000] {logging_mixin.py:190} INFO - [2026-01-08T02:06:15.016+0000] {dag.py:4138} INFO - Setting next_dagrun for example_branch_dop_operator_v3 to 2026-01-08 02:05:00+00:00, run_after=2026-01-08 02:06:00+00:00
[2026-01-08T02:06:15.034+0000] {processor.py:208} INFO - Processing /home/airflow/.local/lib/python3.12/site-packages/airflow/example_dags/example_branch_python_dop_operator_3.py took 0.068 seconds
[2026-01-08T02:06:45.497+0000] {processor.py:186} INFO - Started process (PID=2342) to work on /home/airflow/.local/lib/python3.12/site-packages/airflow/example_dags/example_branch_python_dop_operator_3.py
[2026-01-08T02:06:45.499+0000] {processor.py:914} INFO - Processing file /home/airflow/.local/lib/python3.12/site-packages/airflow/example_dags/example_branch_python_dop_operator_3.py for tasks to queue
[2026-01-08T02:06:45.501+0000] {logging_mixin.py:190} INFO - [2026-01-08T02:06:45.501+0000] {dagbag.py:587} INFO - Filling up the DagBag from /home/airflow/.local/lib/python3.12/site-packages/airflow/example_dags/example_branch_python_dop_operator_3.py
[2026-01-08T02:06:45.509+0000] {processor.py:925} INFO - DAG(s) 'example_branch_dop_operator_v3' retrieved from /home/airflow/.local/lib/python3.12/site-packages/airflow/example_dags/example_branch_python_dop_operator_3.py
[2026-01-08T02:06:45.526+0000] {logging_mixin.py:190} INFO - [2026-01-08T02:06:45.526+0000] {dag.py:3211} INFO - Sync 1 DAGs
[2026-01-08T02:06:45.544+0000] {logging_mixin.py:190} INFO - [2026-01-08T02:06:45.544+0000] {dag.py:4138} INFO - Setting next_dagrun for example_branch_dop_operator_v3 to 2026-01-08 02:05:00+00:00, run_after=2026-01-08 02:06:00+00:00
[2026-01-08T02:06:45.560+0000] {processor.py:208} INFO - Processing /home/airflow/.local/lib/python3.12/site-packages/airflow/example_dags/example_branch_python_dop_operator_3.py took 0.067 seconds
[2026-01-08T02:07:15.807+0000] {processor.py:186} INFO - Started process (PID=2405) to work on /home/airflow/.local/lib/python3.12/site-packages/airflow/example_dags/example_branch_python_dop_operator_3.py
[2026-01-08T02:07:15.808+0000] {processor.py:914} INFO - Processing file /home/airflow/.local/lib/python3.12/site-packages/airflow/example_dags/example_branch_python_dop_operator_3.py for tasks to queue
[2026-01-08T02:07:15.811+0000] {logging_mixin.py:190} INFO - [2026-01-08T02:07:15.811+0000] {dagbag.py:587} INFO - Filling up the DagBag from /home/airflow/.local/lib/python3.12/site-packages/airflow/example_dags/example_branch_python_dop_operator_3.py
[2026-01-08T02:07:15.819+0000] {processor.py:925} INFO - DAG(s) 'example_branch_dop_operator_v3' retrieved from /home/airflow/.local/lib/python3.12/site-packages/airflow/example_dags/example_branch_python_dop_operator_3.py
[2026-01-08T02:07:15.835+0000] {logging_mixin.py:190} INFO - [2026-01-08T02:07:15.835+0000] {dag.py:3211} INFO - Sync 1 DAGs
[2026-01-08T02:07:15.851+0000] {logging_mixin.py:190} INFO - [2026-01-08T02:07:15.851+0000] {dag.py:4138} INFO - Setting next_dagrun for example_branch_dop_operator_v3 to 2026-01-08 02:06:00+00:00, run_after=2026-01-08 02:07:00+00:00
[2026-01-08T02:07:15.868+0000] {processor.py:208} INFO - Processing /home/airflow/.local/lib/python3.12/site-packages/airflow/example_dags/example_branch_python_dop_operator_3.py took 0.066 seconds
[2026-01-08T02:07:46.193+0000] {processor.py:186} INFO - Started process (PID=2468) to work on /home/airflow/.local/lib/python3.12/site-packages/airflow/example_dags/example_branch_python_dop_operator_3.py
[2026-01-08T02:07:46.195+0000] {processor.py:914} INFO - Processing file /home/airflow/.local/lib/python3.12/site-packages/airflow/example_dags/example_branch_python_dop_operator_3.py for tasks to queue
[2026-01-08T02:07:46.197+0000] {logging_mixin.py:190} INFO - [2026-01-08T02:07:46.197+0000] {dagbag.py:587} INFO - Filling up the DagBag from /home/airflow/.local/lib/python3.12/site-packages/airflow/example_dags/example_branch_python_dop_operator_3.py
[2026-01-08T02:07:46.205+0000] {processor.py:925} INFO - DAG(s) 'example_branch_dop_operator_v3' retrieved from /home/airflow/.local/lib/python3.12/site-packages/airflow/example_dags/example_branch_python_dop_operator_3.py
[2026-01-08T02:07:46.220+0000] {logging_mixin.py:190} INFO - [2026-01-08T02:07:46.220+0000] {dag.py:3211} INFO - Sync 1 DAGs
[2026-01-08T02:07:46.238+0000] {logging_mixin.py:190} INFO - [2026-01-08T02:07:46.238+0000] {dag.py:4138} INFO - Setting next_dagrun for example_branch_dop_operator_v3 to 2026-01-08 02:06:00+00:00, run_after=2026-01-08 02:07:00+00:00
[2026-01-08T02:07:46.252+0000] {processor.py:208} INFO - Processing /home/airflow/.local/lib/python3.12/site-packages/airflow/example_dags/example_branch_python_dop_operator_3.py took 0.064 seconds
[2026-01-08T02:08:16.622+0000] {processor.py:186} INFO - Started process (PID=2531) to work on /home/airflow/.local/lib/python3.12/site-packages/airflow/example_dags/example_branch_python_dop_operator_3.py
[2026-01-08T02:08:16.623+0000] {processor.py:914} INFO - Processing file /home/airflow/.local/lib/python3.12/site-packages/airflow/example_dags/example_branch_python_dop_operator_3.py for tasks to queue
[2026-01-08T02:08:16.626+0000] {logging_mixin.py:190} INFO - [2026-01-08T02:08:16.626+0000] {dagbag.py:587} INFO - Filling up the DagBag from /home/airflow/.local/lib/python3.12/site-packages/airflow/example_dags/example_branch_python_dop_operator_3.py
[2026-01-08T02:08:16.635+0000] {processor.py:925} INFO - DAG(s) 'example_branch_dop_operator_v3' retrieved from /home/airflow/.local/lib/python3.12/site-packages/airflow/example_dags/example_branch_python_dop_operator_3.py
[2026-01-08T02:08:16.650+0000] {logging_mixin.py:190} INFO - [2026-01-08T02:08:16.649+0000] {dag.py:3211} INFO - Sync 1 DAGs
[2026-01-08T02:08:16.667+0000] {logging_mixin.py:190} INFO - [2026-01-08T02:08:16.667+0000] {dag.py:4138} INFO - Setting next_dagrun for example_branch_dop_operator_v3 to 2026-01-08 02:07:00+00:00, run_after=2026-01-08 02:08:00+00:00
[2026-01-08T02:08:16.684+0000] {processor.py:208} INFO - Processing /home/airflow/.local/lib/python3.12/site-packages/airflow/example_dags/example_branch_python_dop_operator_3.py took 0.066 seconds
[2026-01-08T02:08:47.677+0000] {processor.py:186} INFO - Started process (PID=2594) to work on /home/airflow/.local/lib/python3.12/site-packages/airflow/example_dags/example_branch_python_dop_operator_3.py
[2026-01-08T02:08:47.678+0000] {processor.py:914} INFO - Processing file /home/airflow/.local/lib/python3.12/site-packages/airflow/example_dags/example_branch_python_dop_operator_3.py for tasks to queue
[2026-01-08T02:08:47.681+0000] {logging_mixin.py:190} INFO - [2026-01-08T02:08:47.681+0000] {dagbag.py:587} INFO - Filling up the DagBag from /home/airflow/.local/lib/python3.12/site-packages/airflow/example_dags/example_branch_python_dop_operator_3.py
[2026-01-08T02:08:47.690+0000] {processor.py:925} INFO - DAG(s) 'example_branch_dop_operator_v3' retrieved from /home/airflow/.local/lib/python3.12/site-packages/airflow/example_dags/example_branch_python_dop_operator_3.py
[2026-01-08T02:08:47.707+0000] {logging_mixin.py:190} INFO - [2026-01-08T02:08:47.707+0000] {dag.py:3211} INFO - Sync 1 DAGs
[2026-01-08T02:08:47.725+0000] {logging_mixin.py:190} INFO - [2026-01-08T02:08:47.725+0000] {dag.py:4138} INFO - Setting next_dagrun for example_branch_dop_operator_v3 to 2026-01-08 02:07:00+00:00, run_after=2026-01-08 02:08:00+00:00
[2026-01-08T02:08:47.739+0000] {processor.py:208} INFO - Processing /home/airflow/.local/lib/python3.12/site-packages/airflow/example_dags/example_branch_python_dop_operator_3.py took 0.068 seconds
[2026-01-08T02:09:18.075+0000] {processor.py:186} INFO - Started process (PID=2657) to work on /home/airflow/.local/lib/python3.12/site-packages/airflow/example_dags/example_branch_python_dop_operator_3.py
[2026-01-08T02:09:18.076+0000] {processor.py:914} INFO - Processing file /home/airflow/.local/lib/python3.12/site-packages/airflow/example_dags/example_branch_python_dop_operator_3.py for tasks to queue
[2026-01-08T02:09:18.079+0000] {logging_mixin.py:190} INFO - [2026-01-08T02:09:18.079+0000] {dagbag.py:587} INFO - Filling up the DagBag from /home/airflow/.local/lib/python3.12/site-packages/airflow/example_dags/example_branch_python_dop_operator_3.py
[2026-01-08T02:09:18.090+0000] {processor.py:925} INFO - DAG(s) 'example_branch_dop_operator_v3' retrieved from /home/airflow/.local/lib/python3.12/site-packages/airflow/example_dags/example_branch_python_dop_operator_3.py
[2026-01-08T02:09:18.108+0000] {logging_mixin.py:190} INFO - [2026-01-08T02:09:18.108+0000] {dag.py:3211} INFO - Sync 1 DAGs
[2026-01-08T02:09:18.125+0000] {logging_mixin.py:190} INFO - [2026-01-08T02:09:18.125+0000] {dag.py:4138} INFO - Setting next_dagrun for example_branch_dop_operator_v3 to 2026-01-08 02:08:00+00:00, run_after=2026-01-08 02:09:00+00:00
[2026-01-08T02:09:18.138+0000] {processor.py:208} INFO - Processing /home/airflow/.local/lib/python3.12/site-packages/airflow/example_dags/example_branch_python_dop_operator_3.py took 0.069 seconds
[2026-01-08T02:09:48.507+0000] {processor.py:186} INFO - Started process (PID=2720) to work on /home/airflow/.local/lib/python3.12/site-packages/airflow/example_dags/example_branch_python_dop_operator_3.py
[2026-01-08T02:09:48.509+0000] {processor.py:914} INFO - Processing file /home/airflow/.local/lib/python3.12/site-packages/airflow/example_dags/example_branch_python_dop_operator_3.py for tasks to queue
[2026-01-08T02:09:48.511+0000] {logging_mixin.py:190} INFO - [2026-01-08T02:09:48.511+0000] {dagbag.py:587} INFO - Filling up the DagBag from /home/airflow/.local/lib/python3.12/site-packages/airflow/example_dags/example_branch_python_dop_operator_3.py
[2026-01-08T02:09:48.522+0000] {processor.py:925} INFO - DAG(s) 'example_branch_dop_operator_v3' retrieved from /home/airflow/.local/lib/python3.12/site-packages/airflow/example_dags/example_branch_python_dop_operator_3.py
[2026-01-08T02:09:48.544+0000] {logging_mixin.py:190} INFO - [2026-01-08T02:09:48.544+0000] {dag.py:3211} INFO - Sync 1 DAGs
[2026-01-08T02:09:48.567+0000] {logging_mixin.py:190} INFO - [2026-01-08T02:09:48.566+0000] {dag.py:4138} INFO - Setting next_dagrun for example_branch_dop_operator_v3 to 2026-01-08 02:08:00+00:00, run_after=2026-01-08 02:09:00+00:00
[2026-01-08T02:09:48.585+0000] {processor.py:208} INFO - Processing /home/airflow/.local/lib/python3.12/site-packages/airflow/example_dags/example_branch_python_dop_operator_3.py took 0.083 seconds
[2026-01-08T02:10:18.953+0000] {processor.py:186} INFO - Started process (PID=2783) to work on /home/airflow/.local/lib/python3.12/site-packages/airflow/example_dags/example_branch_python_dop_operator_3.py
[2026-01-08T02:10:18.955+0000] {processor.py:914} INFO - Processing file /home/airflow/.local/lib/python3.12/site-packages/airflow/example_dags/example_branch_python_dop_operator_3.py for tasks to queue
[2026-01-08T02:10:18.957+0000] {logging_mixin.py:190} INFO - [2026-01-08T02:10:18.957+0000] {dagbag.py:587} INFO - Filling up the DagBag from /home/airflow/.local/lib/python3.12/site-packages/airflow/example_dags/example_branch_python_dop_operator_3.py
[2026-01-08T02:10:18.965+0000] {processor.py:925} INFO - DAG(s) 'example_branch_dop_operator_v3' retrieved from /home/airflow/.local/lib/python3.12/site-packages/airflow/example_dags/example_branch_python_dop_operator_3.py
[2026-01-08T02:10:18.982+0000] {logging_mixin.py:190} INFO - [2026-01-08T02:10:18.981+0000] {dag.py:3211} INFO - Sync 1 DAGs
[2026-01-08T02:10:18.999+0000] {logging_mixin.py:190} INFO - [2026-01-08T02:10:18.999+0000] {dag.py:4138} INFO - Setting next_dagrun for example_branch_dop_operator_v3 to 2026-01-08 02:09:00+00:00, run_after=2026-01-08 02:10:00+00:00
[2026-01-08T02:10:19.015+0000] {processor.py:208} INFO - Processing /home/airflow/.local/lib/python3.12/site-packages/airflow/example_dags/example_branch_python_dop_operator_3.py took 0.067 seconds
[2026-01-08T02:10:49.450+0000] {processor.py:186} INFO - Started process (PID=2845) to work on /home/airflow/.local/lib/python3.12/site-packages/airflow/example_dags/example_branch_python_dop_operator_3.py
[2026-01-08T02:10:49.452+0000] {processor.py:914} INFO - Processing file /home/airflow/.local/lib/python3.12/site-packages/airflow/example_dags/example_branch_python_dop_operator_3.py for tasks to queue
[2026-01-08T02:10:49.454+0000] {logging_mixin.py:190} INFO - [2026-01-08T02:10:49.453+0000] {dagbag.py:587} INFO - Filling up the DagBag from /home/airflow/.local/lib/python3.12/site-packages/airflow/example_dags/example_branch_python_dop_operator_3.py
[2026-01-08T02:10:49.462+0000] {processor.py:925} INFO - DAG(s) 'example_branch_dop_operator_v3' retrieved from /home/airflow/.local/lib/python3.12/site-packages/airflow/example_dags/example_branch_python_dop_operator_3.py
[2026-01-08T02:10:49.476+0000] {logging_mixin.py:190} INFO - [2026-01-08T02:10:49.476+0000] {dag.py:3211} INFO - Sync 1 DAGs
[2026-01-08T02:10:49.496+0000] {logging_mixin.py:190} INFO - [2026-01-08T02:10:49.496+0000] {dag.py:4138} INFO - Setting next_dagrun for example_branch_dop_operator_v3 to 2026-01-08 02:09:00+00:00, run_after=2026-01-08 02:10:00+00:00
[2026-01-08T02:10:49.512+0000] {processor.py:208} INFO - Processing /home/airflow/.local/lib/python3.12/site-packages/airflow/example_dags/example_branch_python_dop_operator_3.py took 0.067 seconds
[2026-01-08T02:11:20.930+0000] {processor.py:186} INFO - Started process (PID=2908) to work on /home/airflow/.local/lib/python3.12/site-packages/airflow/example_dags/example_branch_python_dop_operator_3.py
[2026-01-08T02:11:20.931+0000] {processor.py:914} INFO - Processing file /home/airflow/.local/lib/python3.12/site-packages/airflow/example_dags/example_branch_python_dop_operator_3.py for tasks to queue
[2026-01-08T02:11:20.933+0000] {logging_mixin.py:190} INFO - [2026-01-08T02:11:20.933+0000] {dagbag.py:587} INFO - Filling up the DagBag from /home/airflow/.local/lib/python3.12/site-packages/airflow/example_dags/example_branch_python_dop_operator_3.py
[2026-01-08T02:11:20.941+0000] {processor.py:925} INFO - DAG(s) 'example_branch_dop_operator_v3' retrieved from /home/airflow/.local/lib/python3.12/site-packages/airflow/example_dags/example_branch_python_dop_operator_3.py
[2026-01-08T02:11:20.956+0000] {logging_mixin.py:190} INFO - [2026-01-08T02:11:20.956+0000] {dag.py:3211} INFO - Sync 1 DAGs
[2026-01-08T02:11:20.973+0000] {logging_mixin.py:190} INFO - [2026-01-08T02:11:20.973+0000] {dag.py:4138} INFO - Setting next_dagrun for example_branch_dop_operator_v3 to 2026-01-08 02:10:00+00:00, run_after=2026-01-08 02:11:00+00:00
[2026-01-08T02:11:20.988+0000] {processor.py:208} INFO - Processing /home/airflow/.local/lib/python3.12/site-packages/airflow/example_dags/example_branch_python_dop_operator_3.py took 0.062 seconds
[2026-01-08T02:11:51.224+0000] {processor.py:186} INFO - Started process (PID=2971) to work on /home/airflow/.local/lib/python3.12/site-packages/airflow/example_dags/example_branch_python_dop_operator_3.py
[2026-01-08T02:11:51.226+0000] {processor.py:914} INFO - Processing file /home/airflow/.local/lib/python3.12/site-packages/airflow/example_dags/example_branch_python_dop_operator_3.py for tasks to queue
[2026-01-08T02:11:51.228+0000] {logging_mixin.py:190} INFO - [2026-01-08T02:11:51.228+0000] {dagbag.py:587} INFO - Filling up the DagBag from /home/airflow/.local/lib/python3.12/site-packages/airflow/example_dags/example_branch_python_dop_operator_3.py
[2026-01-08T02:11:51.236+0000] {processor.py:925} INFO - DAG(s) 'example_branch_dop_operator_v3' retrieved from /home/airflow/.local/lib/python3.12/site-packages/airflow/example_dags/example_branch_python_dop_operator_3.py
[2026-01-08T02:11:51.252+0000] {logging_mixin.py:190} INFO - [2026-01-08T02:11:51.252+0000] {dag.py:3211} INFO - Sync 1 DAGs
[2026-01-08T02:11:51.272+0000] {logging_mixin.py:190} INFO - [2026-01-08T02:11:51.271+0000] {dag.py:4138} INFO - Setting next_dagrun for example_branch_dop_operator_v3 to 2026-01-08 02:10:00+00:00, run_after=2026-01-08 02:11:00+00:00
[2026-01-08T02:11:51.404+0000] {processor.py:208} INFO - Processing /home/airflow/.local/lib/python3.12/site-packages/airflow/example_dags/example_branch_python_dop_operator_3.py took 0.185 seconds
[2026-01-08T02:12:22.179+0000] {processor.py:186} INFO - Started process (PID=3035) to work on /home/airflow/.local/lib/python3.12/site-packages/airflow/example_dags/example_branch_python_dop_operator_3.py
[2026-01-08T02:12:22.180+0000] {processor.py:914} INFO - Processing file /home/airflow/.local/lib/python3.12/site-packages/airflow/example_dags/example_branch_python_dop_operator_3.py for tasks to queue
[2026-01-08T02:12:22.182+0000] {logging_mixin.py:190} INFO - [2026-01-08T02:12:22.182+0000] {dagbag.py:587} INFO - Filling up the DagBag from /home/airflow/.local/lib/python3.12/site-packages/airflow/example_dags/example_branch_python_dop_operator_3.py
[2026-01-08T02:12:22.191+0000] {processor.py:925} INFO - DAG(s) 'example_branch_dop_operator_v3' retrieved from /home/airflow/.local/lib/python3.12/site-packages/airflow/example_dags/example_branch_python_dop_operator_3.py
[2026-01-08T02:12:22.206+0000] {logging_mixin.py:190} INFO - [2026-01-08T02:12:22.206+0000] {dag.py:3211} INFO - Sync 1 DAGs
[2026-01-08T02:12:22.224+0000] {logging_mixin.py:190} INFO - [2026-01-08T02:12:22.224+0000] {dag.py:4138} INFO - Setting next_dagrun for example_branch_dop_operator_v3 to 2026-01-08 02:11:00+00:00, run_after=2026-01-08 02:12:00+00:00
[2026-01-08T02:12:22.239+0000] {processor.py:208} INFO - Processing /home/airflow/.local/lib/python3.12/site-packages/airflow/example_dags/example_branch_python_dop_operator_3.py took 0.066 seconds
