[2026-01-08T01:48:21.000+0000] {processor.py:186} INFO - Started process (PID=75) to work on /home/airflow/.local/lib/python3.12/site-packages/airflow/example_dags/example_xcom.py
[2026-01-08T01:48:21.001+0000] {processor.py:914} INFO - Processing file /home/airflow/.local/lib/python3.12/site-packages/airflow/example_dags/example_xcom.py for tasks to queue
[2026-01-08T01:48:21.004+0000] {logging_mixin.py:190} INFO - [2026-01-08T01:48:21.003+0000] {dagbag.py:587} INFO - Filling up the DagBag from /home/airflow/.local/lib/python3.12/site-packages/airflow/example_dags/example_xcom.py
[2026-01-08T01:48:21.012+0000] {processor.py:925} INFO - DAG(s) 'example_xcom' retrieved from /home/airflow/.local/lib/python3.12/site-packages/airflow/example_dags/example_xcom.py
[2026-01-08T01:48:21.093+0000] {logging_mixin.py:190} INFO - [2026-01-08T01:48:21.093+0000] {override.py:1858} INFO - Created Permission View: can edit on DAG:example_xcom
[2026-01-08T01:48:21.102+0000] {logging_mixin.py:190} INFO - [2026-01-08T01:48:21.102+0000] {override.py:1858} INFO - Created Permission View: can read on DAG:example_xcom
[2026-01-08T01:48:21.109+0000] {logging_mixin.py:190} INFO - [2026-01-08T01:48:21.109+0000] {override.py:1858} INFO - Created Permission View: can delete on DAG:example_xcom
[2026-01-08T01:48:21.110+0000] {logging_mixin.py:190} INFO - [2026-01-08T01:48:21.110+0000] {dag.py:3211} INFO - Sync 1 DAGs
[2026-01-08T01:48:21.122+0000] {logging_mixin.py:190} INFO - [2026-01-08T01:48:21.122+0000] {dag.py:3234} INFO - Creating ORM DAG for example_xcom
[2026-01-08T01:48:21.131+0000] {logging_mixin.py:190} INFO - [2026-01-08T01:48:21.131+0000] {dag.py:4138} INFO - Setting next_dagrun for example_xcom to 2021-01-01 00:00:00+00:00, run_after=2021-01-01 00:00:00+00:00
[2026-01-08T01:48:21.149+0000] {processor.py:208} INFO - Processing /home/airflow/.local/lib/python3.12/site-packages/airflow/example_dags/example_xcom.py took 0.153 seconds
[2026-01-08T01:48:51.413+0000] {processor.py:186} INFO - Started process (PID=136) to work on /home/airflow/.local/lib/python3.12/site-packages/airflow/example_dags/example_xcom.py
[2026-01-08T01:48:51.415+0000] {processor.py:914} INFO - Processing file /home/airflow/.local/lib/python3.12/site-packages/airflow/example_dags/example_xcom.py for tasks to queue
[2026-01-08T01:48:51.417+0000] {logging_mixin.py:190} INFO - [2026-01-08T01:48:51.417+0000] {dagbag.py:587} INFO - Filling up the DagBag from /home/airflow/.local/lib/python3.12/site-packages/airflow/example_dags/example_xcom.py
[2026-01-08T01:48:51.425+0000] {processor.py:925} INFO - DAG(s) 'example_xcom' retrieved from /home/airflow/.local/lib/python3.12/site-packages/airflow/example_dags/example_xcom.py
[2026-01-08T01:48:51.441+0000] {logging_mixin.py:190} INFO - [2026-01-08T01:48:51.441+0000] {dag.py:3211} INFO - Sync 1 DAGs
[2026-01-08T01:48:51.456+0000] {logging_mixin.py:190} INFO - [2026-01-08T01:48:51.456+0000] {dag.py:4138} INFO - Setting next_dagrun for example_xcom to 2021-01-01 00:00:00+00:00, run_after=2021-01-01 00:00:00+00:00
[2026-01-08T01:48:51.470+0000] {processor.py:208} INFO - Processing /home/airflow/.local/lib/python3.12/site-packages/airflow/example_dags/example_xcom.py took 0.061 seconds
[2026-01-08T01:49:21.861+0000] {processor.py:186} INFO - Started process (PID=198) to work on /home/airflow/.local/lib/python3.12/site-packages/airflow/example_dags/example_xcom.py
[2026-01-08T01:49:21.863+0000] {processor.py:914} INFO - Processing file /home/airflow/.local/lib/python3.12/site-packages/airflow/example_dags/example_xcom.py for tasks to queue
[2026-01-08T01:49:21.865+0000] {logging_mixin.py:190} INFO - [2026-01-08T01:49:21.865+0000] {dagbag.py:587} INFO - Filling up the DagBag from /home/airflow/.local/lib/python3.12/site-packages/airflow/example_dags/example_xcom.py
[2026-01-08T01:49:21.872+0000] {processor.py:925} INFO - DAG(s) 'example_xcom' retrieved from /home/airflow/.local/lib/python3.12/site-packages/airflow/example_dags/example_xcom.py
[2026-01-08T01:49:21.888+0000] {logging_mixin.py:190} INFO - [2026-01-08T01:49:21.888+0000] {dag.py:3211} INFO - Sync 1 DAGs
[2026-01-08T01:49:21.905+0000] {logging_mixin.py:190} INFO - [2026-01-08T01:49:21.905+0000] {dag.py:4138} INFO - Setting next_dagrun for example_xcom to 2021-01-01 00:00:00+00:00, run_after=2021-01-01 00:00:00+00:00
[2026-01-08T01:49:21.921+0000] {processor.py:208} INFO - Processing /home/airflow/.local/lib/python3.12/site-packages/airflow/example_dags/example_xcom.py took 0.064 seconds
[2026-01-08T01:49:52.321+0000] {processor.py:186} INFO - Started process (PID=260) to work on /home/airflow/.local/lib/python3.12/site-packages/airflow/example_dags/example_xcom.py
[2026-01-08T01:49:52.322+0000] {processor.py:914} INFO - Processing file /home/airflow/.local/lib/python3.12/site-packages/airflow/example_dags/example_xcom.py for tasks to queue
[2026-01-08T01:49:52.325+0000] {logging_mixin.py:190} INFO - [2026-01-08T01:49:52.324+0000] {dagbag.py:587} INFO - Filling up the DagBag from /home/airflow/.local/lib/python3.12/site-packages/airflow/example_dags/example_xcom.py
[2026-01-08T01:49:52.332+0000] {processor.py:925} INFO - DAG(s) 'example_xcom' retrieved from /home/airflow/.local/lib/python3.12/site-packages/airflow/example_dags/example_xcom.py
[2026-01-08T01:49:52.348+0000] {logging_mixin.py:190} INFO - [2026-01-08T01:49:52.348+0000] {dag.py:3211} INFO - Sync 1 DAGs
[2026-01-08T01:49:52.364+0000] {logging_mixin.py:190} INFO - [2026-01-08T01:49:52.364+0000] {dag.py:4138} INFO - Setting next_dagrun for example_xcom to 2021-01-01 00:00:00+00:00, run_after=2021-01-01 00:00:00+00:00
[2026-01-08T01:49:52.381+0000] {processor.py:208} INFO - Processing /home/airflow/.local/lib/python3.12/site-packages/airflow/example_dags/example_xcom.py took 0.064 seconds
[2026-01-08T01:50:22.839+0000] {processor.py:186} INFO - Started process (PID=322) to work on /home/airflow/.local/lib/python3.12/site-packages/airflow/example_dags/example_xcom.py
[2026-01-08T01:50:22.841+0000] {processor.py:914} INFO - Processing file /home/airflow/.local/lib/python3.12/site-packages/airflow/example_dags/example_xcom.py for tasks to queue
[2026-01-08T01:50:22.843+0000] {logging_mixin.py:190} INFO - [2026-01-08T01:50:22.843+0000] {dagbag.py:587} INFO - Filling up the DagBag from /home/airflow/.local/lib/python3.12/site-packages/airflow/example_dags/example_xcom.py
[2026-01-08T01:50:22.850+0000] {processor.py:925} INFO - DAG(s) 'example_xcom' retrieved from /home/airflow/.local/lib/python3.12/site-packages/airflow/example_dags/example_xcom.py
[2026-01-08T01:50:22.865+0000] {logging_mixin.py:190} INFO - [2026-01-08T01:50:22.865+0000] {dag.py:3211} INFO - Sync 1 DAGs
[2026-01-08T01:50:22.881+0000] {logging_mixin.py:190} INFO - [2026-01-08T01:50:22.880+0000] {dag.py:4138} INFO - Setting next_dagrun for example_xcom to 2021-01-01 00:00:00+00:00, run_after=2021-01-01 00:00:00+00:00
[2026-01-08T01:50:22.896+0000] {processor.py:208} INFO - Processing /home/airflow/.local/lib/python3.12/site-packages/airflow/example_dags/example_xcom.py took 0.061 seconds
[2026-01-08T01:50:53.219+0000] {processor.py:186} INFO - Started process (PID=384) to work on /home/airflow/.local/lib/python3.12/site-packages/airflow/example_dags/example_xcom.py
[2026-01-08T01:50:53.220+0000] {processor.py:914} INFO - Processing file /home/airflow/.local/lib/python3.12/site-packages/airflow/example_dags/example_xcom.py for tasks to queue
[2026-01-08T01:50:53.222+0000] {logging_mixin.py:190} INFO - [2026-01-08T01:50:53.222+0000] {dagbag.py:587} INFO - Filling up the DagBag from /home/airflow/.local/lib/python3.12/site-packages/airflow/example_dags/example_xcom.py
[2026-01-08T01:50:53.229+0000] {processor.py:925} INFO - DAG(s) 'example_xcom' retrieved from /home/airflow/.local/lib/python3.12/site-packages/airflow/example_dags/example_xcom.py
[2026-01-08T01:50:53.245+0000] {logging_mixin.py:190} INFO - [2026-01-08T01:50:53.244+0000] {dag.py:3211} INFO - Sync 1 DAGs
[2026-01-08T01:50:53.259+0000] {logging_mixin.py:190} INFO - [2026-01-08T01:50:53.259+0000] {dag.py:4138} INFO - Setting next_dagrun for example_xcom to 2021-01-01 00:00:00+00:00, run_after=2021-01-01 00:00:00+00:00
[2026-01-08T01:50:53.274+0000] {processor.py:208} INFO - Processing /home/airflow/.local/lib/python3.12/site-packages/airflow/example_dags/example_xcom.py took 0.059 seconds
[2026-01-08T01:51:23.808+0000] {processor.py:186} INFO - Started process (PID=446) to work on /home/airflow/.local/lib/python3.12/site-packages/airflow/example_dags/example_xcom.py
[2026-01-08T01:51:23.810+0000] {processor.py:914} INFO - Processing file /home/airflow/.local/lib/python3.12/site-packages/airflow/example_dags/example_xcom.py for tasks to queue
[2026-01-08T01:51:23.813+0000] {logging_mixin.py:190} INFO - [2026-01-08T01:51:23.812+0000] {dagbag.py:587} INFO - Filling up the DagBag from /home/airflow/.local/lib/python3.12/site-packages/airflow/example_dags/example_xcom.py
[2026-01-08T01:51:23.820+0000] {processor.py:925} INFO - DAG(s) 'example_xcom' retrieved from /home/airflow/.local/lib/python3.12/site-packages/airflow/example_dags/example_xcom.py
[2026-01-08T01:51:23.835+0000] {logging_mixin.py:190} INFO - [2026-01-08T01:51:23.835+0000] {dag.py:3211} INFO - Sync 1 DAGs
[2026-01-08T01:51:23.850+0000] {logging_mixin.py:190} INFO - [2026-01-08T01:51:23.850+0000] {dag.py:4138} INFO - Setting next_dagrun for example_xcom to 2021-01-01 00:00:00+00:00, run_after=2021-01-01 00:00:00+00:00
[2026-01-08T01:51:23.866+0000] {processor.py:208} INFO - Processing /home/airflow/.local/lib/python3.12/site-packages/airflow/example_dags/example_xcom.py took 0.061 seconds
[2026-01-08T01:51:54.440+0000] {processor.py:186} INFO - Started process (PID=508) to work on /home/airflow/.local/lib/python3.12/site-packages/airflow/example_dags/example_xcom.py
[2026-01-08T01:51:54.442+0000] {processor.py:914} INFO - Processing file /home/airflow/.local/lib/python3.12/site-packages/airflow/example_dags/example_xcom.py for tasks to queue
[2026-01-08T01:51:54.444+0000] {logging_mixin.py:190} INFO - [2026-01-08T01:51:54.444+0000] {dagbag.py:587} INFO - Filling up the DagBag from /home/airflow/.local/lib/python3.12/site-packages/airflow/example_dags/example_xcom.py
[2026-01-08T01:51:54.451+0000] {processor.py:925} INFO - DAG(s) 'example_xcom' retrieved from /home/airflow/.local/lib/python3.12/site-packages/airflow/example_dags/example_xcom.py
[2026-01-08T01:51:54.466+0000] {logging_mixin.py:190} INFO - [2026-01-08T01:51:54.466+0000] {dag.py:3211} INFO - Sync 1 DAGs
[2026-01-08T01:51:54.481+0000] {logging_mixin.py:190} INFO - [2026-01-08T01:51:54.481+0000] {dag.py:4138} INFO - Setting next_dagrun for example_xcom to 2021-01-01 00:00:00+00:00, run_after=2021-01-01 00:00:00+00:00
[2026-01-08T01:51:54.498+0000] {processor.py:208} INFO - Processing /home/airflow/.local/lib/python3.12/site-packages/airflow/example_dags/example_xcom.py took 0.062 seconds
[2026-01-08T01:52:24.982+0000] {processor.py:186} INFO - Started process (PID=577) to work on /home/airflow/.local/lib/python3.12/site-packages/airflow/example_dags/example_xcom.py
[2026-01-08T01:52:24.983+0000] {processor.py:914} INFO - Processing file /home/airflow/.local/lib/python3.12/site-packages/airflow/example_dags/example_xcom.py for tasks to queue
[2026-01-08T01:52:24.985+0000] {logging_mixin.py:190} INFO - [2026-01-08T01:52:24.985+0000] {dagbag.py:587} INFO - Filling up the DagBag from /home/airflow/.local/lib/python3.12/site-packages/airflow/example_dags/example_xcom.py
[2026-01-08T01:52:24.992+0000] {processor.py:925} INFO - DAG(s) 'example_xcom' retrieved from /home/airflow/.local/lib/python3.12/site-packages/airflow/example_dags/example_xcom.py
[2026-01-08T01:52:25.007+0000] {logging_mixin.py:190} INFO - [2026-01-08T01:52:25.006+0000] {dag.py:3211} INFO - Sync 1 DAGs
[2026-01-08T01:52:25.022+0000] {logging_mixin.py:190} INFO - [2026-01-08T01:52:25.022+0000] {dag.py:4138} INFO - Setting next_dagrun for example_xcom to 2021-01-01 00:00:00+00:00, run_after=2021-01-01 00:00:00+00:00
[2026-01-08T01:52:25.035+0000] {processor.py:208} INFO - Processing /home/airflow/.local/lib/python3.12/site-packages/airflow/example_dags/example_xcom.py took 0.058 seconds
[2026-01-08T01:52:56.162+0000] {processor.py:186} INFO - Started process (PID=639) to work on /home/airflow/.local/lib/python3.12/site-packages/airflow/example_dags/example_xcom.py
[2026-01-08T01:52:56.164+0000] {processor.py:914} INFO - Processing file /home/airflow/.local/lib/python3.12/site-packages/airflow/example_dags/example_xcom.py for tasks to queue
[2026-01-08T01:52:56.166+0000] {logging_mixin.py:190} INFO - [2026-01-08T01:52:56.166+0000] {dagbag.py:587} INFO - Filling up the DagBag from /home/airflow/.local/lib/python3.12/site-packages/airflow/example_dags/example_xcom.py
[2026-01-08T01:52:56.174+0000] {processor.py:925} INFO - DAG(s) 'example_xcom' retrieved from /home/airflow/.local/lib/python3.12/site-packages/airflow/example_dags/example_xcom.py
[2026-01-08T01:52:56.191+0000] {logging_mixin.py:190} INFO - [2026-01-08T01:52:56.191+0000] {dag.py:3211} INFO - Sync 1 DAGs
[2026-01-08T01:52:56.208+0000] {logging_mixin.py:190} INFO - [2026-01-08T01:52:56.208+0000] {dag.py:4138} INFO - Setting next_dagrun for example_xcom to 2021-01-01 00:00:00+00:00, run_after=2021-01-01 00:00:00+00:00
[2026-01-08T01:52:56.223+0000] {processor.py:208} INFO - Processing /home/airflow/.local/lib/python3.12/site-packages/airflow/example_dags/example_xcom.py took 0.066 seconds
[2026-01-08T01:53:26.841+0000] {processor.py:186} INFO - Started process (PID=702) to work on /home/airflow/.local/lib/python3.12/site-packages/airflow/example_dags/example_xcom.py
[2026-01-08T01:53:26.843+0000] {processor.py:914} INFO - Processing file /home/airflow/.local/lib/python3.12/site-packages/airflow/example_dags/example_xcom.py for tasks to queue
[2026-01-08T01:53:26.845+0000] {logging_mixin.py:190} INFO - [2026-01-08T01:53:26.845+0000] {dagbag.py:587} INFO - Filling up the DagBag from /home/airflow/.local/lib/python3.12/site-packages/airflow/example_dags/example_xcom.py
[2026-01-08T01:53:26.852+0000] {processor.py:925} INFO - DAG(s) 'example_xcom' retrieved from /home/airflow/.local/lib/python3.12/site-packages/airflow/example_dags/example_xcom.py
[2026-01-08T01:53:26.868+0000] {logging_mixin.py:190} INFO - [2026-01-08T01:53:26.868+0000] {dag.py:3211} INFO - Sync 1 DAGs
[2026-01-08T01:53:26.884+0000] {logging_mixin.py:190} INFO - [2026-01-08T01:53:26.884+0000] {dag.py:4138} INFO - Setting next_dagrun for example_xcom to 2021-01-01 00:00:00+00:00, run_after=2021-01-01 00:00:00+00:00
[2026-01-08T01:53:26.899+0000] {processor.py:208} INFO - Processing /home/airflow/.local/lib/python3.12/site-packages/airflow/example_dags/example_xcom.py took 0.061 seconds
[2026-01-08T01:53:57.295+0000] {processor.py:186} INFO - Started process (PID=764) to work on /home/airflow/.local/lib/python3.12/site-packages/airflow/example_dags/example_xcom.py
[2026-01-08T01:53:57.297+0000] {processor.py:914} INFO - Processing file /home/airflow/.local/lib/python3.12/site-packages/airflow/example_dags/example_xcom.py for tasks to queue
[2026-01-08T01:53:57.299+0000] {logging_mixin.py:190} INFO - [2026-01-08T01:53:57.299+0000] {dagbag.py:587} INFO - Filling up the DagBag from /home/airflow/.local/lib/python3.12/site-packages/airflow/example_dags/example_xcom.py
[2026-01-08T01:53:57.306+0000] {processor.py:925} INFO - DAG(s) 'example_xcom' retrieved from /home/airflow/.local/lib/python3.12/site-packages/airflow/example_dags/example_xcom.py
[2026-01-08T01:53:57.324+0000] {logging_mixin.py:190} INFO - [2026-01-08T01:53:57.324+0000] {dag.py:3211} INFO - Sync 1 DAGs
[2026-01-08T01:53:57.340+0000] {logging_mixin.py:190} INFO - [2026-01-08T01:53:57.340+0000] {dag.py:4138} INFO - Setting next_dagrun for example_xcom to 2021-01-01 00:00:00+00:00, run_after=2021-01-01 00:00:00+00:00
[2026-01-08T01:53:57.357+0000] {processor.py:208} INFO - Processing /home/airflow/.local/lib/python3.12/site-packages/airflow/example_dags/example_xcom.py took 0.066 seconds
[2026-01-08T01:54:27.727+0000] {processor.py:186} INFO - Started process (PID=826) to work on /home/airflow/.local/lib/python3.12/site-packages/airflow/example_dags/example_xcom.py
[2026-01-08T01:54:27.728+0000] {processor.py:914} INFO - Processing file /home/airflow/.local/lib/python3.12/site-packages/airflow/example_dags/example_xcom.py for tasks to queue
[2026-01-08T01:54:27.731+0000] {logging_mixin.py:190} INFO - [2026-01-08T01:54:27.730+0000] {dagbag.py:587} INFO - Filling up the DagBag from /home/airflow/.local/lib/python3.12/site-packages/airflow/example_dags/example_xcom.py
[2026-01-08T01:54:27.738+0000] {processor.py:925} INFO - DAG(s) 'example_xcom' retrieved from /home/airflow/.local/lib/python3.12/site-packages/airflow/example_dags/example_xcom.py
[2026-01-08T01:54:27.757+0000] {logging_mixin.py:190} INFO - [2026-01-08T01:54:27.757+0000] {dag.py:3211} INFO - Sync 1 DAGs
[2026-01-08T01:54:27.775+0000] {logging_mixin.py:190} INFO - [2026-01-08T01:54:27.774+0000] {dag.py:4138} INFO - Setting next_dagrun for example_xcom to 2021-01-01 00:00:00+00:00, run_after=2021-01-01 00:00:00+00:00
[2026-01-08T01:54:27.791+0000] {processor.py:208} INFO - Processing /home/airflow/.local/lib/python3.12/site-packages/airflow/example_dags/example_xcom.py took 0.069 seconds
[2026-01-08T01:54:58.618+0000] {processor.py:186} INFO - Started process (PID=888) to work on /home/airflow/.local/lib/python3.12/site-packages/airflow/example_dags/example_xcom.py
[2026-01-08T01:54:58.619+0000] {processor.py:914} INFO - Processing file /home/airflow/.local/lib/python3.12/site-packages/airflow/example_dags/example_xcom.py for tasks to queue
[2026-01-08T01:54:58.621+0000] {logging_mixin.py:190} INFO - [2026-01-08T01:54:58.621+0000] {dagbag.py:587} INFO - Filling up the DagBag from /home/airflow/.local/lib/python3.12/site-packages/airflow/example_dags/example_xcom.py
[2026-01-08T01:54:58.629+0000] {processor.py:925} INFO - DAG(s) 'example_xcom' retrieved from /home/airflow/.local/lib/python3.12/site-packages/airflow/example_dags/example_xcom.py
[2026-01-08T01:54:58.646+0000] {logging_mixin.py:190} INFO - [2026-01-08T01:54:58.646+0000] {dag.py:3211} INFO - Sync 1 DAGs
[2026-01-08T01:54:58.661+0000] {logging_mixin.py:190} INFO - [2026-01-08T01:54:58.660+0000] {dag.py:4138} INFO - Setting next_dagrun for example_xcom to 2021-01-01 00:00:00+00:00, run_after=2021-01-01 00:00:00+00:00
[2026-01-08T01:54:58.677+0000] {processor.py:208} INFO - Processing /home/airflow/.local/lib/python3.12/site-packages/airflow/example_dags/example_xcom.py took 0.064 seconds
[2026-01-08T01:55:28.963+0000] {processor.py:186} INFO - Started process (PID=950) to work on /home/airflow/.local/lib/python3.12/site-packages/airflow/example_dags/example_xcom.py
[2026-01-08T01:55:28.964+0000] {processor.py:914} INFO - Processing file /home/airflow/.local/lib/python3.12/site-packages/airflow/example_dags/example_xcom.py for tasks to queue
[2026-01-08T01:55:28.967+0000] {logging_mixin.py:190} INFO - [2026-01-08T01:55:28.967+0000] {dagbag.py:587} INFO - Filling up the DagBag from /home/airflow/.local/lib/python3.12/site-packages/airflow/example_dags/example_xcom.py
[2026-01-08T01:55:28.976+0000] {processor.py:925} INFO - DAG(s) 'example_xcom' retrieved from /home/airflow/.local/lib/python3.12/site-packages/airflow/example_dags/example_xcom.py
[2026-01-08T01:55:28.996+0000] {logging_mixin.py:190} INFO - [2026-01-08T01:55:28.995+0000] {dag.py:3211} INFO - Sync 1 DAGs
[2026-01-08T01:55:29.012+0000] {logging_mixin.py:190} INFO - [2026-01-08T01:55:29.011+0000] {dag.py:4138} INFO - Setting next_dagrun for example_xcom to 2021-01-01 00:00:00+00:00, run_after=2021-01-01 00:00:00+00:00
[2026-01-08T01:55:29.026+0000] {processor.py:208} INFO - Processing /home/airflow/.local/lib/python3.12/site-packages/airflow/example_dags/example_xcom.py took 0.069 seconds
[2026-01-08T01:55:59.707+0000] {processor.py:186} INFO - Started process (PID=1012) to work on /home/airflow/.local/lib/python3.12/site-packages/airflow/example_dags/example_xcom.py
[2026-01-08T01:55:59.708+0000] {processor.py:914} INFO - Processing file /home/airflow/.local/lib/python3.12/site-packages/airflow/example_dags/example_xcom.py for tasks to queue
[2026-01-08T01:55:59.711+0000] {logging_mixin.py:190} INFO - [2026-01-08T01:55:59.711+0000] {dagbag.py:587} INFO - Filling up the DagBag from /home/airflow/.local/lib/python3.12/site-packages/airflow/example_dags/example_xcom.py
[2026-01-08T01:55:59.718+0000] {processor.py:925} INFO - DAG(s) 'example_xcom' retrieved from /home/airflow/.local/lib/python3.12/site-packages/airflow/example_dags/example_xcom.py
[2026-01-08T01:55:59.735+0000] {logging_mixin.py:190} INFO - [2026-01-08T01:55:59.735+0000] {dag.py:3211} INFO - Sync 1 DAGs
[2026-01-08T01:55:59.752+0000] {logging_mixin.py:190} INFO - [2026-01-08T01:55:59.752+0000] {dag.py:4138} INFO - Setting next_dagrun for example_xcom to 2021-01-01 00:00:00+00:00, run_after=2021-01-01 00:00:00+00:00
[2026-01-08T01:55:59.765+0000] {processor.py:208} INFO - Processing /home/airflow/.local/lib/python3.12/site-packages/airflow/example_dags/example_xcom.py took 0.062 seconds
[2026-01-08T01:56:30.365+0000] {processor.py:186} INFO - Started process (PID=1074) to work on /home/airflow/.local/lib/python3.12/site-packages/airflow/example_dags/example_xcom.py
[2026-01-08T01:56:30.366+0000] {processor.py:914} INFO - Processing file /home/airflow/.local/lib/python3.12/site-packages/airflow/example_dags/example_xcom.py for tasks to queue
[2026-01-08T01:56:30.368+0000] {logging_mixin.py:190} INFO - [2026-01-08T01:56:30.368+0000] {dagbag.py:587} INFO - Filling up the DagBag from /home/airflow/.local/lib/python3.12/site-packages/airflow/example_dags/example_xcom.py
[2026-01-08T01:56:30.375+0000] {processor.py:925} INFO - DAG(s) 'example_xcom' retrieved from /home/airflow/.local/lib/python3.12/site-packages/airflow/example_dags/example_xcom.py
[2026-01-08T01:56:30.391+0000] {logging_mixin.py:190} INFO - [2026-01-08T01:56:30.391+0000] {dag.py:3211} INFO - Sync 1 DAGs
[2026-01-08T01:56:30.407+0000] {logging_mixin.py:190} INFO - [2026-01-08T01:56:30.407+0000] {dag.py:4138} INFO - Setting next_dagrun for example_xcom to 2021-01-01 00:00:00+00:00, run_after=2021-01-01 00:00:00+00:00
[2026-01-08T01:56:30.422+0000] {processor.py:208} INFO - Processing /home/airflow/.local/lib/python3.12/site-packages/airflow/example_dags/example_xcom.py took 0.061 seconds
[2026-01-08T01:57:00.778+0000] {processor.py:186} INFO - Started process (PID=1136) to work on /home/airflow/.local/lib/python3.12/site-packages/airflow/example_dags/example_xcom.py
[2026-01-08T01:57:00.780+0000] {processor.py:914} INFO - Processing file /home/airflow/.local/lib/python3.12/site-packages/airflow/example_dags/example_xcom.py for tasks to queue
[2026-01-08T01:57:00.782+0000] {logging_mixin.py:190} INFO - [2026-01-08T01:57:00.782+0000] {dagbag.py:587} INFO - Filling up the DagBag from /home/airflow/.local/lib/python3.12/site-packages/airflow/example_dags/example_xcom.py
[2026-01-08T01:57:00.790+0000] {processor.py:925} INFO - DAG(s) 'example_xcom' retrieved from /home/airflow/.local/lib/python3.12/site-packages/airflow/example_dags/example_xcom.py
[2026-01-08T01:57:00.806+0000] {logging_mixin.py:190} INFO - [2026-01-08T01:57:00.806+0000] {dag.py:3211} INFO - Sync 1 DAGs
[2026-01-08T01:57:00.824+0000] {logging_mixin.py:190} INFO - [2026-01-08T01:57:00.824+0000] {dag.py:4138} INFO - Setting next_dagrun for example_xcom to 2021-01-01 00:00:00+00:00, run_after=2021-01-01 00:00:00+00:00
[2026-01-08T01:57:00.840+0000] {processor.py:208} INFO - Processing /home/airflow/.local/lib/python3.12/site-packages/airflow/example_dags/example_xcom.py took 0.067 seconds
[2026-01-08T01:57:31.098+0000] {processor.py:186} INFO - Started process (PID=1198) to work on /home/airflow/.local/lib/python3.12/site-packages/airflow/example_dags/example_xcom.py
[2026-01-08T01:57:31.100+0000] {processor.py:914} INFO - Processing file /home/airflow/.local/lib/python3.12/site-packages/airflow/example_dags/example_xcom.py for tasks to queue
[2026-01-08T01:57:31.102+0000] {logging_mixin.py:190} INFO - [2026-01-08T01:57:31.102+0000] {dagbag.py:587} INFO - Filling up the DagBag from /home/airflow/.local/lib/python3.12/site-packages/airflow/example_dags/example_xcom.py
[2026-01-08T01:57:31.109+0000] {processor.py:925} INFO - DAG(s) 'example_xcom' retrieved from /home/airflow/.local/lib/python3.12/site-packages/airflow/example_dags/example_xcom.py
[2026-01-08T01:57:31.124+0000] {logging_mixin.py:190} INFO - [2026-01-08T01:57:31.124+0000] {dag.py:3211} INFO - Sync 1 DAGs
[2026-01-08T01:57:31.141+0000] {logging_mixin.py:190} INFO - [2026-01-08T01:57:31.140+0000] {dag.py:4138} INFO - Setting next_dagrun for example_xcom to 2021-01-01 00:00:00+00:00, run_after=2021-01-01 00:00:00+00:00
[2026-01-08T01:57:31.157+0000] {processor.py:208} INFO - Processing /home/airflow/.local/lib/python3.12/site-packages/airflow/example_dags/example_xcom.py took 0.063 seconds
[2026-01-08T01:58:01.677+0000] {processor.py:186} INFO - Started process (PID=1260) to work on /home/airflow/.local/lib/python3.12/site-packages/airflow/example_dags/example_xcom.py
[2026-01-08T01:58:01.678+0000] {processor.py:914} INFO - Processing file /home/airflow/.local/lib/python3.12/site-packages/airflow/example_dags/example_xcom.py for tasks to queue
[2026-01-08T01:58:01.680+0000] {logging_mixin.py:190} INFO - [2026-01-08T01:58:01.680+0000] {dagbag.py:587} INFO - Filling up the DagBag from /home/airflow/.local/lib/python3.12/site-packages/airflow/example_dags/example_xcom.py
[2026-01-08T01:58:01.687+0000] {processor.py:925} INFO - DAG(s) 'example_xcom' retrieved from /home/airflow/.local/lib/python3.12/site-packages/airflow/example_dags/example_xcom.py
[2026-01-08T01:58:01.706+0000] {logging_mixin.py:190} INFO - [2026-01-08T01:58:01.706+0000] {dag.py:3211} INFO - Sync 1 DAGs
[2026-01-08T01:58:01.723+0000] {logging_mixin.py:190} INFO - [2026-01-08T01:58:01.723+0000] {dag.py:4138} INFO - Setting next_dagrun for example_xcom to 2021-01-01 00:00:00+00:00, run_after=2021-01-01 00:00:00+00:00
[2026-01-08T01:58:01.737+0000] {processor.py:208} INFO - Processing /home/airflow/.local/lib/python3.12/site-packages/airflow/example_dags/example_xcom.py took 0.065 seconds
[2026-01-08T01:58:32.282+0000] {processor.py:186} INFO - Started process (PID=1323) to work on /home/airflow/.local/lib/python3.12/site-packages/airflow/example_dags/example_xcom.py
[2026-01-08T01:58:32.283+0000] {processor.py:914} INFO - Processing file /home/airflow/.local/lib/python3.12/site-packages/airflow/example_dags/example_xcom.py for tasks to queue
[2026-01-08T01:58:32.285+0000] {logging_mixin.py:190} INFO - [2026-01-08T01:58:32.285+0000] {dagbag.py:587} INFO - Filling up the DagBag from /home/airflow/.local/lib/python3.12/site-packages/airflow/example_dags/example_xcom.py
[2026-01-08T01:58:32.292+0000] {processor.py:925} INFO - DAG(s) 'example_xcom' retrieved from /home/airflow/.local/lib/python3.12/site-packages/airflow/example_dags/example_xcom.py
[2026-01-08T01:58:32.306+0000] {logging_mixin.py:190} INFO - [2026-01-08T01:58:32.306+0000] {dag.py:3211} INFO - Sync 1 DAGs
[2026-01-08T01:58:32.321+0000] {logging_mixin.py:190} INFO - [2026-01-08T01:58:32.321+0000] {dag.py:4138} INFO - Setting next_dagrun for example_xcom to 2021-01-01 00:00:00+00:00, run_after=2021-01-01 00:00:00+00:00
[2026-01-08T01:58:32.337+0000] {processor.py:208} INFO - Processing /home/airflow/.local/lib/python3.12/site-packages/airflow/example_dags/example_xcom.py took 0.060 seconds
[2026-01-08T01:59:02.538+0000] {processor.py:186} INFO - Started process (PID=1386) to work on /home/airflow/.local/lib/python3.12/site-packages/airflow/example_dags/example_xcom.py
[2026-01-08T01:59:02.539+0000] {processor.py:914} INFO - Processing file /home/airflow/.local/lib/python3.12/site-packages/airflow/example_dags/example_xcom.py for tasks to queue
[2026-01-08T01:59:02.542+0000] {logging_mixin.py:190} INFO - [2026-01-08T01:59:02.541+0000] {dagbag.py:587} INFO - Filling up the DagBag from /home/airflow/.local/lib/python3.12/site-packages/airflow/example_dags/example_xcom.py
[2026-01-08T01:59:02.549+0000] {processor.py:925} INFO - DAG(s) 'example_xcom' retrieved from /home/airflow/.local/lib/python3.12/site-packages/airflow/example_dags/example_xcom.py
[2026-01-08T01:59:02.565+0000] {logging_mixin.py:190} INFO - [2026-01-08T01:59:02.565+0000] {dag.py:3211} INFO - Sync 1 DAGs
[2026-01-08T01:59:02.581+0000] {logging_mixin.py:190} INFO - [2026-01-08T01:59:02.581+0000] {dag.py:4138} INFO - Setting next_dagrun for example_xcom to 2021-01-01 00:00:00+00:00, run_after=2021-01-01 00:00:00+00:00
[2026-01-08T01:59:02.595+0000] {processor.py:208} INFO - Processing /home/airflow/.local/lib/python3.12/site-packages/airflow/example_dags/example_xcom.py took 0.061 seconds
[2026-01-08T01:59:32.924+0000] {processor.py:186} INFO - Started process (PID=1449) to work on /home/airflow/.local/lib/python3.12/site-packages/airflow/example_dags/example_xcom.py
[2026-01-08T01:59:32.925+0000] {processor.py:914} INFO - Processing file /home/airflow/.local/lib/python3.12/site-packages/airflow/example_dags/example_xcom.py for tasks to queue
[2026-01-08T01:59:32.927+0000] {logging_mixin.py:190} INFO - [2026-01-08T01:59:32.927+0000] {dagbag.py:587} INFO - Filling up the DagBag from /home/airflow/.local/lib/python3.12/site-packages/airflow/example_dags/example_xcom.py
[2026-01-08T01:59:32.934+0000] {processor.py:925} INFO - DAG(s) 'example_xcom' retrieved from /home/airflow/.local/lib/python3.12/site-packages/airflow/example_dags/example_xcom.py
[2026-01-08T01:59:32.951+0000] {logging_mixin.py:190} INFO - [2026-01-08T01:59:32.951+0000] {dag.py:3211} INFO - Sync 1 DAGs
[2026-01-08T01:59:32.969+0000] {logging_mixin.py:190} INFO - [2026-01-08T01:59:32.969+0000] {dag.py:4138} INFO - Setting next_dagrun for example_xcom to 2021-01-01 00:00:00+00:00, run_after=2021-01-01 00:00:00+00:00
[2026-01-08T01:59:32.985+0000] {processor.py:208} INFO - Processing /home/airflow/.local/lib/python3.12/site-packages/airflow/example_dags/example_xcom.py took 0.065 seconds
[2026-01-08T02:00:03.143+0000] {processor.py:186} INFO - Started process (PID=1512) to work on /home/airflow/.local/lib/python3.12/site-packages/airflow/example_dags/example_xcom.py
[2026-01-08T02:00:03.144+0000] {processor.py:914} INFO - Processing file /home/airflow/.local/lib/python3.12/site-packages/airflow/example_dags/example_xcom.py for tasks to queue
[2026-01-08T02:00:03.147+0000] {logging_mixin.py:190} INFO - [2026-01-08T02:00:03.146+0000] {dagbag.py:587} INFO - Filling up the DagBag from /home/airflow/.local/lib/python3.12/site-packages/airflow/example_dags/example_xcom.py
[2026-01-08T02:00:03.154+0000] {processor.py:925} INFO - DAG(s) 'example_xcom' retrieved from /home/airflow/.local/lib/python3.12/site-packages/airflow/example_dags/example_xcom.py
[2026-01-08T02:00:03.171+0000] {logging_mixin.py:190} INFO - [2026-01-08T02:00:03.171+0000] {dag.py:3211} INFO - Sync 1 DAGs
[2026-01-08T02:00:03.187+0000] {logging_mixin.py:190} INFO - [2026-01-08T02:00:03.187+0000] {dag.py:4138} INFO - Setting next_dagrun for example_xcom to 2021-01-01 00:00:00+00:00, run_after=2021-01-01 00:00:00+00:00
[2026-01-08T02:00:03.201+0000] {processor.py:208} INFO - Processing /home/airflow/.local/lib/python3.12/site-packages/airflow/example_dags/example_xcom.py took 0.062 seconds
[2026-01-08T02:00:34.116+0000] {processor.py:186} INFO - Started process (PID=1575) to work on /home/airflow/.local/lib/python3.12/site-packages/airflow/example_dags/example_xcom.py
[2026-01-08T02:00:34.118+0000] {processor.py:914} INFO - Processing file /home/airflow/.local/lib/python3.12/site-packages/airflow/example_dags/example_xcom.py for tasks to queue
[2026-01-08T02:00:34.120+0000] {logging_mixin.py:190} INFO - [2026-01-08T02:00:34.120+0000] {dagbag.py:587} INFO - Filling up the DagBag from /home/airflow/.local/lib/python3.12/site-packages/airflow/example_dags/example_xcom.py
[2026-01-08T02:00:34.127+0000] {processor.py:925} INFO - DAG(s) 'example_xcom' retrieved from /home/airflow/.local/lib/python3.12/site-packages/airflow/example_dags/example_xcom.py
[2026-01-08T02:00:34.143+0000] {logging_mixin.py:190} INFO - [2026-01-08T02:00:34.143+0000] {dag.py:3211} INFO - Sync 1 DAGs
[2026-01-08T02:00:34.158+0000] {logging_mixin.py:190} INFO - [2026-01-08T02:00:34.157+0000] {dag.py:4138} INFO - Setting next_dagrun for example_xcom to 2021-01-01 00:00:00+00:00, run_after=2021-01-01 00:00:00+00:00
[2026-01-08T02:00:34.174+0000] {processor.py:208} INFO - Processing /home/airflow/.local/lib/python3.12/site-packages/airflow/example_dags/example_xcom.py took 0.061 seconds
[2026-01-08T02:01:04.458+0000] {processor.py:186} INFO - Started process (PID=1638) to work on /home/airflow/.local/lib/python3.12/site-packages/airflow/example_dags/example_xcom.py
[2026-01-08T02:01:04.460+0000] {processor.py:914} INFO - Processing file /home/airflow/.local/lib/python3.12/site-packages/airflow/example_dags/example_xcom.py for tasks to queue
[2026-01-08T02:01:04.462+0000] {logging_mixin.py:190} INFO - [2026-01-08T02:01:04.462+0000] {dagbag.py:587} INFO - Filling up the DagBag from /home/airflow/.local/lib/python3.12/site-packages/airflow/example_dags/example_xcom.py
[2026-01-08T02:01:04.469+0000] {processor.py:925} INFO - DAG(s) 'example_xcom' retrieved from /home/airflow/.local/lib/python3.12/site-packages/airflow/example_dags/example_xcom.py
[2026-01-08T02:01:04.488+0000] {logging_mixin.py:190} INFO - [2026-01-08T02:01:04.488+0000] {dag.py:3211} INFO - Sync 1 DAGs
[2026-01-08T02:01:04.505+0000] {logging_mixin.py:190} INFO - [2026-01-08T02:01:04.504+0000] {dag.py:4138} INFO - Setting next_dagrun for example_xcom to 2021-01-01 00:00:00+00:00, run_after=2021-01-01 00:00:00+00:00
[2026-01-08T02:01:04.522+0000] {processor.py:208} INFO - Processing /home/airflow/.local/lib/python3.12/site-packages/airflow/example_dags/example_xcom.py took 0.068 seconds
[2026-01-08T02:01:35.267+0000] {processor.py:186} INFO - Started process (PID=1701) to work on /home/airflow/.local/lib/python3.12/site-packages/airflow/example_dags/example_xcom.py
[2026-01-08T02:01:35.269+0000] {processor.py:914} INFO - Processing file /home/airflow/.local/lib/python3.12/site-packages/airflow/example_dags/example_xcom.py for tasks to queue
[2026-01-08T02:01:35.271+0000] {logging_mixin.py:190} INFO - [2026-01-08T02:01:35.271+0000] {dagbag.py:587} INFO - Filling up the DagBag from /home/airflow/.local/lib/python3.12/site-packages/airflow/example_dags/example_xcom.py
[2026-01-08T02:01:35.278+0000] {processor.py:925} INFO - DAG(s) 'example_xcom' retrieved from /home/airflow/.local/lib/python3.12/site-packages/airflow/example_dags/example_xcom.py
[2026-01-08T02:01:35.296+0000] {logging_mixin.py:190} INFO - [2026-01-08T02:01:35.296+0000] {dag.py:3211} INFO - Sync 1 DAGs
[2026-01-08T02:01:35.313+0000] {logging_mixin.py:190} INFO - [2026-01-08T02:01:35.313+0000] {dag.py:4138} INFO - Setting next_dagrun for example_xcom to 2021-01-01 00:00:00+00:00, run_after=2021-01-01 00:00:00+00:00
[2026-01-08T02:01:35.329+0000] {processor.py:208} INFO - Processing /home/airflow/.local/lib/python3.12/site-packages/airflow/example_dags/example_xcom.py took 0.066 seconds
[2026-01-08T02:02:06.041+0000] {processor.py:186} INFO - Started process (PID=1764) to work on /home/airflow/.local/lib/python3.12/site-packages/airflow/example_dags/example_xcom.py
[2026-01-08T02:02:06.043+0000] {processor.py:914} INFO - Processing file /home/airflow/.local/lib/python3.12/site-packages/airflow/example_dags/example_xcom.py for tasks to queue
[2026-01-08T02:02:06.045+0000] {logging_mixin.py:190} INFO - [2026-01-08T02:02:06.045+0000] {dagbag.py:587} INFO - Filling up the DagBag from /home/airflow/.local/lib/python3.12/site-packages/airflow/example_dags/example_xcom.py
[2026-01-08T02:02:06.052+0000] {processor.py:925} INFO - DAG(s) 'example_xcom' retrieved from /home/airflow/.local/lib/python3.12/site-packages/airflow/example_dags/example_xcom.py
[2026-01-08T02:02:06.070+0000] {logging_mixin.py:190} INFO - [2026-01-08T02:02:06.069+0000] {dag.py:3211} INFO - Sync 1 DAGs
[2026-01-08T02:02:06.085+0000] {logging_mixin.py:190} INFO - [2026-01-08T02:02:06.085+0000] {dag.py:4138} INFO - Setting next_dagrun for example_xcom to 2021-01-01 00:00:00+00:00, run_after=2021-01-01 00:00:00+00:00
[2026-01-08T02:02:06.099+0000] {processor.py:208} INFO - Processing /home/airflow/.local/lib/python3.12/site-packages/airflow/example_dags/example_xcom.py took 0.062 seconds
[2026-01-08T02:02:36.163+0000] {processor.py:186} INFO - Started process (PID=1826) to work on /home/airflow/.local/lib/python3.12/site-packages/airflow/example_dags/example_xcom.py
[2026-01-08T02:02:36.164+0000] {processor.py:914} INFO - Processing file /home/airflow/.local/lib/python3.12/site-packages/airflow/example_dags/example_xcom.py for tasks to queue
[2026-01-08T02:02:36.166+0000] {logging_mixin.py:190} INFO - [2026-01-08T02:02:36.166+0000] {dagbag.py:587} INFO - Filling up the DagBag from /home/airflow/.local/lib/python3.12/site-packages/airflow/example_dags/example_xcom.py
[2026-01-08T02:02:36.174+0000] {processor.py:925} INFO - DAG(s) 'example_xcom' retrieved from /home/airflow/.local/lib/python3.12/site-packages/airflow/example_dags/example_xcom.py
[2026-01-08T02:02:36.192+0000] {logging_mixin.py:190} INFO - [2026-01-08T02:02:36.191+0000] {dag.py:3211} INFO - Sync 1 DAGs
[2026-01-08T02:02:36.207+0000] {logging_mixin.py:190} INFO - [2026-01-08T02:02:36.207+0000] {dag.py:4138} INFO - Setting next_dagrun for example_xcom to 2021-01-01 00:00:00+00:00, run_after=2021-01-01 00:00:00+00:00
[2026-01-08T02:02:36.230+0000] {processor.py:208} INFO - Processing /home/airflow/.local/lib/python3.12/site-packages/airflow/example_dags/example_xcom.py took 0.072 seconds
[2026-01-08T02:03:06.324+0000] {processor.py:186} INFO - Started process (PID=1889) to work on /home/airflow/.local/lib/python3.12/site-packages/airflow/example_dags/example_xcom.py
[2026-01-08T02:03:06.325+0000] {processor.py:914} INFO - Processing file /home/airflow/.local/lib/python3.12/site-packages/airflow/example_dags/example_xcom.py for tasks to queue
[2026-01-08T02:03:06.327+0000] {logging_mixin.py:190} INFO - [2026-01-08T02:03:06.327+0000] {dagbag.py:587} INFO - Filling up the DagBag from /home/airflow/.local/lib/python3.12/site-packages/airflow/example_dags/example_xcom.py
[2026-01-08T02:03:06.335+0000] {processor.py:925} INFO - DAG(s) 'example_xcom' retrieved from /home/airflow/.local/lib/python3.12/site-packages/airflow/example_dags/example_xcom.py
[2026-01-08T02:03:06.352+0000] {logging_mixin.py:190} INFO - [2026-01-08T02:03:06.352+0000] {dag.py:3211} INFO - Sync 1 DAGs
[2026-01-08T02:03:06.367+0000] {logging_mixin.py:190} INFO - [2026-01-08T02:03:06.367+0000] {dag.py:4138} INFO - Setting next_dagrun for example_xcom to 2021-01-01 00:00:00+00:00, run_after=2021-01-01 00:00:00+00:00
[2026-01-08T02:03:06.380+0000] {processor.py:208} INFO - Processing /home/airflow/.local/lib/python3.12/site-packages/airflow/example_dags/example_xcom.py took 0.062 seconds
[2026-01-08T02:03:36.567+0000] {processor.py:186} INFO - Started process (PID=1954) to work on /home/airflow/.local/lib/python3.12/site-packages/airflow/example_dags/example_xcom.py
[2026-01-08T02:03:36.568+0000] {processor.py:914} INFO - Processing file /home/airflow/.local/lib/python3.12/site-packages/airflow/example_dags/example_xcom.py for tasks to queue
[2026-01-08T02:03:36.570+0000] {logging_mixin.py:190} INFO - [2026-01-08T02:03:36.570+0000] {dagbag.py:587} INFO - Filling up the DagBag from /home/airflow/.local/lib/python3.12/site-packages/airflow/example_dags/example_xcom.py
[2026-01-08T02:03:36.577+0000] {processor.py:925} INFO - DAG(s) 'example_xcom' retrieved from /home/airflow/.local/lib/python3.12/site-packages/airflow/example_dags/example_xcom.py
[2026-01-08T02:03:36.593+0000] {logging_mixin.py:190} INFO - [2026-01-08T02:03:36.592+0000] {dag.py:3211} INFO - Sync 1 DAGs
[2026-01-08T02:03:36.608+0000] {logging_mixin.py:190} INFO - [2026-01-08T02:03:36.607+0000] {dag.py:4138} INFO - Setting next_dagrun for example_xcom to 2021-01-01 00:00:00+00:00, run_after=2021-01-01 00:00:00+00:00
[2026-01-08T02:03:36.628+0000] {processor.py:208} INFO - Processing /home/airflow/.local/lib/python3.12/site-packages/airflow/example_dags/example_xcom.py took 0.066 seconds
[2026-01-08T02:04:06.914+0000] {processor.py:186} INFO - Started process (PID=2017) to work on /home/airflow/.local/lib/python3.12/site-packages/airflow/example_dags/example_xcom.py
[2026-01-08T02:04:06.915+0000] {processor.py:914} INFO - Processing file /home/airflow/.local/lib/python3.12/site-packages/airflow/example_dags/example_xcom.py for tasks to queue
[2026-01-08T02:04:06.918+0000] {logging_mixin.py:190} INFO - [2026-01-08T02:04:06.917+0000] {dagbag.py:587} INFO - Filling up the DagBag from /home/airflow/.local/lib/python3.12/site-packages/airflow/example_dags/example_xcom.py
[2026-01-08T02:04:06.925+0000] {processor.py:925} INFO - DAG(s) 'example_xcom' retrieved from /home/airflow/.local/lib/python3.12/site-packages/airflow/example_dags/example_xcom.py
[2026-01-08T02:04:06.945+0000] {logging_mixin.py:190} INFO - [2026-01-08T02:04:06.945+0000] {dag.py:3211} INFO - Sync 1 DAGs
[2026-01-08T02:04:06.961+0000] {logging_mixin.py:190} INFO - [2026-01-08T02:04:06.961+0000] {dag.py:4138} INFO - Setting next_dagrun for example_xcom to 2021-01-01 00:00:00+00:00, run_after=2021-01-01 00:00:00+00:00
[2026-01-08T02:04:06.985+0000] {processor.py:208} INFO - Processing /home/airflow/.local/lib/python3.12/site-packages/airflow/example_dags/example_xcom.py took 0.076 seconds
[2026-01-08T02:04:37.240+0000] {processor.py:186} INFO - Started process (PID=2080) to work on /home/airflow/.local/lib/python3.12/site-packages/airflow/example_dags/example_xcom.py
[2026-01-08T02:04:37.241+0000] {processor.py:914} INFO - Processing file /home/airflow/.local/lib/python3.12/site-packages/airflow/example_dags/example_xcom.py for tasks to queue
[2026-01-08T02:04:37.244+0000] {logging_mixin.py:190} INFO - [2026-01-08T02:04:37.243+0000] {dagbag.py:587} INFO - Filling up the DagBag from /home/airflow/.local/lib/python3.12/site-packages/airflow/example_dags/example_xcom.py
[2026-01-08T02:04:37.251+0000] {processor.py:925} INFO - DAG(s) 'example_xcom' retrieved from /home/airflow/.local/lib/python3.12/site-packages/airflow/example_dags/example_xcom.py
[2026-01-08T02:04:37.267+0000] {logging_mixin.py:190} INFO - [2026-01-08T02:04:37.267+0000] {dag.py:3211} INFO - Sync 1 DAGs
[2026-01-08T02:04:37.283+0000] {logging_mixin.py:190} INFO - [2026-01-08T02:04:37.283+0000] {dag.py:4138} INFO - Setting next_dagrun for example_xcom to 2021-01-01 00:00:00+00:00, run_after=2021-01-01 00:00:00+00:00
[2026-01-08T02:04:37.297+0000] {processor.py:208} INFO - Processing /home/airflow/.local/lib/python3.12/site-packages/airflow/example_dags/example_xcom.py took 0.061 seconds
[2026-01-08T02:05:07.400+0000] {processor.py:186} INFO - Started process (PID=2143) to work on /home/airflow/.local/lib/python3.12/site-packages/airflow/example_dags/example_xcom.py
[2026-01-08T02:05:07.402+0000] {processor.py:914} INFO - Processing file /home/airflow/.local/lib/python3.12/site-packages/airflow/example_dags/example_xcom.py for tasks to queue
[2026-01-08T02:05:07.404+0000] {logging_mixin.py:190} INFO - [2026-01-08T02:05:07.404+0000] {dagbag.py:587} INFO - Filling up the DagBag from /home/airflow/.local/lib/python3.12/site-packages/airflow/example_dags/example_xcom.py
[2026-01-08T02:05:07.411+0000] {processor.py:925} INFO - DAG(s) 'example_xcom' retrieved from /home/airflow/.local/lib/python3.12/site-packages/airflow/example_dags/example_xcom.py
[2026-01-08T02:05:07.427+0000] {logging_mixin.py:190} INFO - [2026-01-08T02:05:07.426+0000] {dag.py:3211} INFO - Sync 1 DAGs
[2026-01-08T02:05:07.441+0000] {logging_mixin.py:190} INFO - [2026-01-08T02:05:07.441+0000] {dag.py:4138} INFO - Setting next_dagrun for example_xcom to 2021-01-01 00:00:00+00:00, run_after=2021-01-01 00:00:00+00:00
[2026-01-08T02:05:07.463+0000] {processor.py:208} INFO - Processing /home/airflow/.local/lib/python3.12/site-packages/airflow/example_dags/example_xcom.py took 0.068 seconds
[2026-01-08T02:05:37.714+0000] {processor.py:186} INFO - Started process (PID=2206) to work on /home/airflow/.local/lib/python3.12/site-packages/airflow/example_dags/example_xcom.py
[2026-01-08T02:05:37.715+0000] {processor.py:914} INFO - Processing file /home/airflow/.local/lib/python3.12/site-packages/airflow/example_dags/example_xcom.py for tasks to queue
[2026-01-08T02:05:37.718+0000] {logging_mixin.py:190} INFO - [2026-01-08T02:05:37.718+0000] {dagbag.py:587} INFO - Filling up the DagBag from /home/airflow/.local/lib/python3.12/site-packages/airflow/example_dags/example_xcom.py
[2026-01-08T02:05:37.725+0000] {processor.py:925} INFO - DAG(s) 'example_xcom' retrieved from /home/airflow/.local/lib/python3.12/site-packages/airflow/example_dags/example_xcom.py
[2026-01-08T02:05:37.740+0000] {logging_mixin.py:190} INFO - [2026-01-08T02:05:37.740+0000] {dag.py:3211} INFO - Sync 1 DAGs
[2026-01-08T02:05:37.755+0000] {logging_mixin.py:190} INFO - [2026-01-08T02:05:37.755+0000] {dag.py:4138} INFO - Setting next_dagrun for example_xcom to 2021-01-01 00:00:00+00:00, run_after=2021-01-01 00:00:00+00:00
[2026-01-08T02:05:37.768+0000] {processor.py:208} INFO - Processing /home/airflow/.local/lib/python3.12/site-packages/airflow/example_dags/example_xcom.py took 0.060 seconds
[2026-01-08T02:06:08.031+0000] {processor.py:186} INFO - Started process (PID=2269) to work on /home/airflow/.local/lib/python3.12/site-packages/airflow/example_dags/example_xcom.py
[2026-01-08T02:06:08.032+0000] {processor.py:914} INFO - Processing file /home/airflow/.local/lib/python3.12/site-packages/airflow/example_dags/example_xcom.py for tasks to queue
[2026-01-08T02:06:08.035+0000] {logging_mixin.py:190} INFO - [2026-01-08T02:06:08.034+0000] {dagbag.py:587} INFO - Filling up the DagBag from /home/airflow/.local/lib/python3.12/site-packages/airflow/example_dags/example_xcom.py
[2026-01-08T02:06:08.042+0000] {processor.py:925} INFO - DAG(s) 'example_xcom' retrieved from /home/airflow/.local/lib/python3.12/site-packages/airflow/example_dags/example_xcom.py
[2026-01-08T02:06:08.059+0000] {logging_mixin.py:190} INFO - [2026-01-08T02:06:08.059+0000] {dag.py:3211} INFO - Sync 1 DAGs
[2026-01-08T02:06:08.074+0000] {logging_mixin.py:190} INFO - [2026-01-08T02:06:08.074+0000] {dag.py:4138} INFO - Setting next_dagrun for example_xcom to 2021-01-01 00:00:00+00:00, run_after=2021-01-01 00:00:00+00:00
[2026-01-08T02:06:08.088+0000] {processor.py:208} INFO - Processing /home/airflow/.local/lib/python3.12/site-packages/airflow/example_dags/example_xcom.py took 0.063 seconds
[2026-01-08T02:06:38.510+0000] {processor.py:186} INFO - Started process (PID=2332) to work on /home/airflow/.local/lib/python3.12/site-packages/airflow/example_dags/example_xcom.py
[2026-01-08T02:06:38.511+0000] {processor.py:914} INFO - Processing file /home/airflow/.local/lib/python3.12/site-packages/airflow/example_dags/example_xcom.py for tasks to queue
[2026-01-08T02:06:38.513+0000] {logging_mixin.py:190} INFO - [2026-01-08T02:06:38.513+0000] {dagbag.py:587} INFO - Filling up the DagBag from /home/airflow/.local/lib/python3.12/site-packages/airflow/example_dags/example_xcom.py
[2026-01-08T02:06:38.525+0000] {processor.py:925} INFO - DAG(s) 'example_xcom' retrieved from /home/airflow/.local/lib/python3.12/site-packages/airflow/example_dags/example_xcom.py
[2026-01-08T02:06:38.548+0000] {logging_mixin.py:190} INFO - [2026-01-08T02:06:38.548+0000] {dag.py:3211} INFO - Sync 1 DAGs
[2026-01-08T02:06:38.572+0000] {logging_mixin.py:190} INFO - [2026-01-08T02:06:38.572+0000] {dag.py:4138} INFO - Setting next_dagrun for example_xcom to 2021-01-01 00:00:00+00:00, run_after=2021-01-01 00:00:00+00:00
[2026-01-08T02:06:38.587+0000] {processor.py:208} INFO - Processing /home/airflow/.local/lib/python3.12/site-packages/airflow/example_dags/example_xcom.py took 0.083 seconds
[2026-01-08T02:07:08.948+0000] {processor.py:186} INFO - Started process (PID=2395) to work on /home/airflow/.local/lib/python3.12/site-packages/airflow/example_dags/example_xcom.py
[2026-01-08T02:07:08.949+0000] {processor.py:914} INFO - Processing file /home/airflow/.local/lib/python3.12/site-packages/airflow/example_dags/example_xcom.py for tasks to queue
[2026-01-08T02:07:08.951+0000] {logging_mixin.py:190} INFO - [2026-01-08T02:07:08.951+0000] {dagbag.py:587} INFO - Filling up the DagBag from /home/airflow/.local/lib/python3.12/site-packages/airflow/example_dags/example_xcom.py
[2026-01-08T02:07:08.959+0000] {processor.py:925} INFO - DAG(s) 'example_xcom' retrieved from /home/airflow/.local/lib/python3.12/site-packages/airflow/example_dags/example_xcom.py
[2026-01-08T02:07:08.979+0000] {logging_mixin.py:190} INFO - [2026-01-08T02:07:08.979+0000] {dag.py:3211} INFO - Sync 1 DAGs
[2026-01-08T02:07:08.996+0000] {logging_mixin.py:190} INFO - [2026-01-08T02:07:08.996+0000] {dag.py:4138} INFO - Setting next_dagrun for example_xcom to 2021-01-01 00:00:00+00:00, run_after=2021-01-01 00:00:00+00:00
[2026-01-08T02:07:09.021+0000] {processor.py:208} INFO - Processing /home/airflow/.local/lib/python3.12/site-packages/airflow/example_dags/example_xcom.py took 0.078 seconds
[2026-01-08T02:07:39.260+0000] {processor.py:186} INFO - Started process (PID=2458) to work on /home/airflow/.local/lib/python3.12/site-packages/airflow/example_dags/example_xcom.py
[2026-01-08T02:07:39.262+0000] {processor.py:914} INFO - Processing file /home/airflow/.local/lib/python3.12/site-packages/airflow/example_dags/example_xcom.py for tasks to queue
[2026-01-08T02:07:39.264+0000] {logging_mixin.py:190} INFO - [2026-01-08T02:07:39.264+0000] {dagbag.py:587} INFO - Filling up the DagBag from /home/airflow/.local/lib/python3.12/site-packages/airflow/example_dags/example_xcom.py
[2026-01-08T02:07:39.271+0000] {processor.py:925} INFO - DAG(s) 'example_xcom' retrieved from /home/airflow/.local/lib/python3.12/site-packages/airflow/example_dags/example_xcom.py
[2026-01-08T02:07:39.287+0000] {logging_mixin.py:190} INFO - [2026-01-08T02:07:39.287+0000] {dag.py:3211} INFO - Sync 1 DAGs
[2026-01-08T02:07:39.302+0000] {logging_mixin.py:190} INFO - [2026-01-08T02:07:39.302+0000] {dag.py:4138} INFO - Setting next_dagrun for example_xcom to 2021-01-01 00:00:00+00:00, run_after=2021-01-01 00:00:00+00:00
[2026-01-08T02:07:39.316+0000] {processor.py:208} INFO - Processing /home/airflow/.local/lib/python3.12/site-packages/airflow/example_dags/example_xcom.py took 0.061 seconds
[2026-01-08T02:08:09.700+0000] {processor.py:186} INFO - Started process (PID=2521) to work on /home/airflow/.local/lib/python3.12/site-packages/airflow/example_dags/example_xcom.py
[2026-01-08T02:08:09.702+0000] {processor.py:914} INFO - Processing file /home/airflow/.local/lib/python3.12/site-packages/airflow/example_dags/example_xcom.py for tasks to queue
[2026-01-08T02:08:09.704+0000] {logging_mixin.py:190} INFO - [2026-01-08T02:08:09.704+0000] {dagbag.py:587} INFO - Filling up the DagBag from /home/airflow/.local/lib/python3.12/site-packages/airflow/example_dags/example_xcom.py
[2026-01-08T02:08:09.711+0000] {processor.py:925} INFO - DAG(s) 'example_xcom' retrieved from /home/airflow/.local/lib/python3.12/site-packages/airflow/example_dags/example_xcom.py
[2026-01-08T02:08:09.727+0000] {logging_mixin.py:190} INFO - [2026-01-08T02:08:09.726+0000] {dag.py:3211} INFO - Sync 1 DAGs
[2026-01-08T02:08:09.742+0000] {logging_mixin.py:190} INFO - [2026-01-08T02:08:09.742+0000] {dag.py:4138} INFO - Setting next_dagrun for example_xcom to 2021-01-01 00:00:00+00:00, run_after=2021-01-01 00:00:00+00:00
[2026-01-08T02:08:09.754+0000] {processor.py:208} INFO - Processing /home/airflow/.local/lib/python3.12/site-packages/airflow/example_dags/example_xcom.py took 0.058 seconds
[2026-01-08T02:08:39.842+0000] {processor.py:186} INFO - Started process (PID=2584) to work on /home/airflow/.local/lib/python3.12/site-packages/airflow/example_dags/example_xcom.py
[2026-01-08T02:08:39.843+0000] {processor.py:914} INFO - Processing file /home/airflow/.local/lib/python3.12/site-packages/airflow/example_dags/example_xcom.py for tasks to queue
[2026-01-08T02:08:39.846+0000] {logging_mixin.py:190} INFO - [2026-01-08T02:08:39.846+0000] {dagbag.py:587} INFO - Filling up the DagBag from /home/airflow/.local/lib/python3.12/site-packages/airflow/example_dags/example_xcom.py
[2026-01-08T02:08:39.853+0000] {processor.py:925} INFO - DAG(s) 'example_xcom' retrieved from /home/airflow/.local/lib/python3.12/site-packages/airflow/example_dags/example_xcom.py
[2026-01-08T02:08:39.869+0000] {logging_mixin.py:190} INFO - [2026-01-08T02:08:39.869+0000] {dag.py:3211} INFO - Sync 1 DAGs
[2026-01-08T02:08:39.884+0000] {logging_mixin.py:190} INFO - [2026-01-08T02:08:39.884+0000] {dag.py:4138} INFO - Setting next_dagrun for example_xcom to 2021-01-01 00:00:00+00:00, run_after=2021-01-01 00:00:00+00:00
[2026-01-08T02:08:39.896+0000] {processor.py:208} INFO - Processing /home/airflow/.local/lib/python3.12/site-packages/airflow/example_dags/example_xcom.py took 0.061 seconds
[2026-01-08T02:09:10.094+0000] {processor.py:186} INFO - Started process (PID=2647) to work on /home/airflow/.local/lib/python3.12/site-packages/airflow/example_dags/example_xcom.py
[2026-01-08T02:09:10.095+0000] {processor.py:914} INFO - Processing file /home/airflow/.local/lib/python3.12/site-packages/airflow/example_dags/example_xcom.py for tasks to queue
[2026-01-08T02:09:10.098+0000] {logging_mixin.py:190} INFO - [2026-01-08T02:09:10.097+0000] {dagbag.py:587} INFO - Filling up the DagBag from /home/airflow/.local/lib/python3.12/site-packages/airflow/example_dags/example_xcom.py
[2026-01-08T02:09:10.105+0000] {processor.py:925} INFO - DAG(s) 'example_xcom' retrieved from /home/airflow/.local/lib/python3.12/site-packages/airflow/example_dags/example_xcom.py
[2026-01-08T02:09:10.122+0000] {logging_mixin.py:190} INFO - [2026-01-08T02:09:10.122+0000] {dag.py:3211} INFO - Sync 1 DAGs
[2026-01-08T02:09:10.137+0000] {logging_mixin.py:190} INFO - [2026-01-08T02:09:10.137+0000] {dag.py:4138} INFO - Setting next_dagrun for example_xcom to 2021-01-01 00:00:00+00:00, run_after=2021-01-01 00:00:00+00:00
[2026-01-08T02:09:10.158+0000] {processor.py:208} INFO - Processing /home/airflow/.local/lib/python3.12/site-packages/airflow/example_dags/example_xcom.py took 0.069 seconds
[2026-01-08T02:09:40.545+0000] {processor.py:186} INFO - Started process (PID=2710) to work on /home/airflow/.local/lib/python3.12/site-packages/airflow/example_dags/example_xcom.py
[2026-01-08T02:09:40.546+0000] {processor.py:914} INFO - Processing file /home/airflow/.local/lib/python3.12/site-packages/airflow/example_dags/example_xcom.py for tasks to queue
[2026-01-08T02:09:40.548+0000] {logging_mixin.py:190} INFO - [2026-01-08T02:09:40.548+0000] {dagbag.py:587} INFO - Filling up the DagBag from /home/airflow/.local/lib/python3.12/site-packages/airflow/example_dags/example_xcom.py
[2026-01-08T02:09:40.556+0000] {processor.py:925} INFO - DAG(s) 'example_xcom' retrieved from /home/airflow/.local/lib/python3.12/site-packages/airflow/example_dags/example_xcom.py
[2026-01-08T02:09:40.574+0000] {logging_mixin.py:190} INFO - [2026-01-08T02:09:40.574+0000] {dag.py:3211} INFO - Sync 1 DAGs
[2026-01-08T02:09:40.590+0000] {logging_mixin.py:190} INFO - [2026-01-08T02:09:40.589+0000] {dag.py:4138} INFO - Setting next_dagrun for example_xcom to 2021-01-01 00:00:00+00:00, run_after=2021-01-01 00:00:00+00:00
[2026-01-08T02:09:40.611+0000] {processor.py:208} INFO - Processing /home/airflow/.local/lib/python3.12/site-packages/airflow/example_dags/example_xcom.py took 0.072 seconds
[2026-01-08T02:10:11.002+0000] {processor.py:186} INFO - Started process (PID=2773) to work on /home/airflow/.local/lib/python3.12/site-packages/airflow/example_dags/example_xcom.py
[2026-01-08T02:10:11.003+0000] {processor.py:914} INFO - Processing file /home/airflow/.local/lib/python3.12/site-packages/airflow/example_dags/example_xcom.py for tasks to queue
[2026-01-08T02:10:11.006+0000] {logging_mixin.py:190} INFO - [2026-01-08T02:10:11.005+0000] {dagbag.py:587} INFO - Filling up the DagBag from /home/airflow/.local/lib/python3.12/site-packages/airflow/example_dags/example_xcom.py
[2026-01-08T02:10:11.013+0000] {processor.py:925} INFO - DAG(s) 'example_xcom' retrieved from /home/airflow/.local/lib/python3.12/site-packages/airflow/example_dags/example_xcom.py
[2026-01-08T02:10:11.031+0000] {logging_mixin.py:190} INFO - [2026-01-08T02:10:11.030+0000] {dag.py:3211} INFO - Sync 1 DAGs
[2026-01-08T02:10:11.049+0000] {logging_mixin.py:190} INFO - [2026-01-08T02:10:11.049+0000] {dag.py:4138} INFO - Setting next_dagrun for example_xcom to 2021-01-01 00:00:00+00:00, run_after=2021-01-01 00:00:00+00:00
[2026-01-08T02:10:11.069+0000] {processor.py:208} INFO - Processing /home/airflow/.local/lib/python3.12/site-packages/airflow/example_dags/example_xcom.py took 0.072 seconds
[2026-01-08T02:10:41.427+0000] {processor.py:186} INFO - Started process (PID=2835) to work on /home/airflow/.local/lib/python3.12/site-packages/airflow/example_dags/example_xcom.py
[2026-01-08T02:10:41.428+0000] {processor.py:914} INFO - Processing file /home/airflow/.local/lib/python3.12/site-packages/airflow/example_dags/example_xcom.py for tasks to queue
[2026-01-08T02:10:41.431+0000] {logging_mixin.py:190} INFO - [2026-01-08T02:10:41.431+0000] {dagbag.py:587} INFO - Filling up the DagBag from /home/airflow/.local/lib/python3.12/site-packages/airflow/example_dags/example_xcom.py
[2026-01-08T02:10:41.439+0000] {processor.py:925} INFO - DAG(s) 'example_xcom' retrieved from /home/airflow/.local/lib/python3.12/site-packages/airflow/example_dags/example_xcom.py
[2026-01-08T02:10:41.457+0000] {logging_mixin.py:190} INFO - [2026-01-08T02:10:41.456+0000] {dag.py:3211} INFO - Sync 1 DAGs
[2026-01-08T02:10:41.474+0000] {logging_mixin.py:190} INFO - [2026-01-08T02:10:41.474+0000] {dag.py:4138} INFO - Setting next_dagrun for example_xcom to 2021-01-01 00:00:00+00:00, run_after=2021-01-01 00:00:00+00:00
[2026-01-08T02:10:41.491+0000] {processor.py:208} INFO - Processing /home/airflow/.local/lib/python3.12/site-packages/airflow/example_dags/example_xcom.py took 0.069 seconds
[2026-01-08T02:11:11.808+0000] {processor.py:186} INFO - Started process (PID=2898) to work on /home/airflow/.local/lib/python3.12/site-packages/airflow/example_dags/example_xcom.py
[2026-01-08T02:11:11.810+0000] {processor.py:914} INFO - Processing file /home/airflow/.local/lib/python3.12/site-packages/airflow/example_dags/example_xcom.py for tasks to queue
[2026-01-08T02:11:11.813+0000] {logging_mixin.py:190} INFO - [2026-01-08T02:11:11.812+0000] {dagbag.py:587} INFO - Filling up the DagBag from /home/airflow/.local/lib/python3.12/site-packages/airflow/example_dags/example_xcom.py
[2026-01-08T02:11:11.823+0000] {processor.py:925} INFO - DAG(s) 'example_xcom' retrieved from /home/airflow/.local/lib/python3.12/site-packages/airflow/example_dags/example_xcom.py
[2026-01-08T02:11:11.842+0000] {logging_mixin.py:190} INFO - [2026-01-08T02:11:11.842+0000] {dag.py:3211} INFO - Sync 1 DAGs
[2026-01-08T02:11:11.863+0000] {logging_mixin.py:190} INFO - [2026-01-08T02:11:11.863+0000] {dag.py:4138} INFO - Setting next_dagrun for example_xcom to 2021-01-01 00:00:00+00:00, run_after=2021-01-01 00:00:00+00:00
[2026-01-08T02:11:11.891+0000] {processor.py:208} INFO - Processing /home/airflow/.local/lib/python3.12/site-packages/airflow/example_dags/example_xcom.py took 0.089 seconds
[2026-01-08T02:11:42.372+0000] {processor.py:186} INFO - Started process (PID=2961) to work on /home/airflow/.local/lib/python3.12/site-packages/airflow/example_dags/example_xcom.py
[2026-01-08T02:11:42.374+0000] {processor.py:914} INFO - Processing file /home/airflow/.local/lib/python3.12/site-packages/airflow/example_dags/example_xcom.py for tasks to queue
[2026-01-08T02:11:42.376+0000] {logging_mixin.py:190} INFO - [2026-01-08T02:11:42.376+0000] {dagbag.py:587} INFO - Filling up the DagBag from /home/airflow/.local/lib/python3.12/site-packages/airflow/example_dags/example_xcom.py
[2026-01-08T02:11:42.383+0000] {processor.py:925} INFO - DAG(s) 'example_xcom' retrieved from /home/airflow/.local/lib/python3.12/site-packages/airflow/example_dags/example_xcom.py
[2026-01-08T02:11:42.401+0000] {logging_mixin.py:190} INFO - [2026-01-08T02:11:42.401+0000] {dag.py:3211} INFO - Sync 1 DAGs
[2026-01-08T02:11:42.417+0000] {logging_mixin.py:190} INFO - [2026-01-08T02:11:42.417+0000] {dag.py:4138} INFO - Setting next_dagrun for example_xcom to 2021-01-01 00:00:00+00:00, run_after=2021-01-01 00:00:00+00:00
[2026-01-08T02:11:42.432+0000] {processor.py:208} INFO - Processing /home/airflow/.local/lib/python3.12/site-packages/airflow/example_dags/example_xcom.py took 0.064 seconds
[2026-01-08T02:12:13.259+0000] {processor.py:186} INFO - Started process (PID=3025) to work on /home/airflow/.local/lib/python3.12/site-packages/airflow/example_dags/example_xcom.py
[2026-01-08T02:12:13.260+0000] {processor.py:914} INFO - Processing file /home/airflow/.local/lib/python3.12/site-packages/airflow/example_dags/example_xcom.py for tasks to queue
[2026-01-08T02:12:13.262+0000] {logging_mixin.py:190} INFO - [2026-01-08T02:12:13.262+0000] {dagbag.py:587} INFO - Filling up the DagBag from /home/airflow/.local/lib/python3.12/site-packages/airflow/example_dags/example_xcom.py
[2026-01-08T02:12:13.270+0000] {processor.py:925} INFO - DAG(s) 'example_xcom' retrieved from /home/airflow/.local/lib/python3.12/site-packages/airflow/example_dags/example_xcom.py
[2026-01-08T02:12:13.286+0000] {logging_mixin.py:190} INFO - [2026-01-08T02:12:13.286+0000] {dag.py:3211} INFO - Sync 1 DAGs
[2026-01-08T02:12:13.302+0000] {logging_mixin.py:190} INFO - [2026-01-08T02:12:13.302+0000] {dag.py:4138} INFO - Setting next_dagrun for example_xcom to 2021-01-01 00:00:00+00:00, run_after=2021-01-01 00:00:00+00:00
[2026-01-08T02:12:13.324+0000] {processor.py:208} INFO - Processing /home/airflow/.local/lib/python3.12/site-packages/airflow/example_dags/example_xcom.py took 0.070 seconds
