[2026-01-08T01:48:19.989+0000] {processor.py:186} INFO - Started process (PID=67) to work on /home/airflow/.local/lib/python3.12/site-packages/airflow/example_dags/example_sensors.py
[2026-01-08T01:48:19.990+0000] {processor.py:914} INFO - Processing file /home/airflow/.local/lib/python3.12/site-packages/airflow/example_dags/example_sensors.py for tasks to queue
[2026-01-08T01:48:19.992+0000] {logging_mixin.py:190} INFO - [2026-01-08T01:48:19.992+0000] {dagbag.py:587} INFO - Filling up the DagBag from /home/airflow/.local/lib/python3.12/site-packages/airflow/example_dags/example_sensors.py
[2026-01-08T01:48:20.007+0000] {processor.py:925} INFO - DAG(s) 'example_sensors' retrieved from /home/airflow/.local/lib/python3.12/site-packages/airflow/example_dags/example_sensors.py
[2026-01-08T01:48:20.102+0000] {logging_mixin.py:190} INFO - [2026-01-08T01:48:20.102+0000] {override.py:1858} INFO - Created Permission View: can edit on DAG:example_sensors
[2026-01-08T01:48:20.112+0000] {logging_mixin.py:190} INFO - [2026-01-08T01:48:20.111+0000] {override.py:1858} INFO - Created Permission View: can read on DAG:example_sensors
[2026-01-08T01:48:20.118+0000] {logging_mixin.py:190} INFO - [2026-01-08T01:48:20.117+0000] {override.py:1858} INFO - Created Permission View: can delete on DAG:example_sensors
[2026-01-08T01:48:20.119+0000] {logging_mixin.py:190} INFO - [2026-01-08T01:48:20.118+0000] {dag.py:3211} INFO - Sync 1 DAGs
[2026-01-08T01:48:20.129+0000] {logging_mixin.py:190} INFO - [2026-01-08T01:48:20.128+0000] {dag.py:3234} INFO - Creating ORM DAG for example_sensors
[2026-01-08T01:48:20.130+0000] {logging_mixin.py:190} INFO - [2026-01-08T01:48:20.130+0000] {dag.py:4138} INFO - Setting next_dagrun for example_sensors to None, run_after=None
[2026-01-08T01:48:20.144+0000] {processor.py:208} INFO - Processing /home/airflow/.local/lib/python3.12/site-packages/airflow/example_dags/example_sensors.py took 0.161 seconds
[2026-01-08T01:48:50.892+0000] {processor.py:186} INFO - Started process (PID=129) to work on /home/airflow/.local/lib/python3.12/site-packages/airflow/example_dags/example_sensors.py
[2026-01-08T01:48:50.893+0000] {processor.py:914} INFO - Processing file /home/airflow/.local/lib/python3.12/site-packages/airflow/example_dags/example_sensors.py for tasks to queue
[2026-01-08T01:48:50.895+0000] {logging_mixin.py:190} INFO - [2026-01-08T01:48:50.895+0000] {dagbag.py:587} INFO - Filling up the DagBag from /home/airflow/.local/lib/python3.12/site-packages/airflow/example_dags/example_sensors.py
[2026-01-08T01:48:50.904+0000] {processor.py:925} INFO - DAG(s) 'example_sensors' retrieved from /home/airflow/.local/lib/python3.12/site-packages/airflow/example_dags/example_sensors.py
[2026-01-08T01:48:50.922+0000] {logging_mixin.py:190} INFO - [2026-01-08T01:48:50.922+0000] {dag.py:3211} INFO - Sync 1 DAGs
[2026-01-08T01:48:50.932+0000] {logging_mixin.py:190} INFO - [2026-01-08T01:48:50.932+0000] {dag.py:4138} INFO - Setting next_dagrun for example_sensors to None, run_after=None
[2026-01-08T01:48:50.947+0000] {processor.py:208} INFO - Processing /home/airflow/.local/lib/python3.12/site-packages/airflow/example_dags/example_sensors.py took 0.060 seconds
[2026-01-08T01:49:21.370+0000] {processor.py:186} INFO - Started process (PID=191) to work on /home/airflow/.local/lib/python3.12/site-packages/airflow/example_dags/example_sensors.py
[2026-01-08T01:49:21.371+0000] {processor.py:914} INFO - Processing file /home/airflow/.local/lib/python3.12/site-packages/airflow/example_dags/example_sensors.py for tasks to queue
[2026-01-08T01:49:21.373+0000] {logging_mixin.py:190} INFO - [2026-01-08T01:49:21.373+0000] {dagbag.py:587} INFO - Filling up the DagBag from /home/airflow/.local/lib/python3.12/site-packages/airflow/example_dags/example_sensors.py
[2026-01-08T01:49:21.381+0000] {processor.py:925} INFO - DAG(s) 'example_sensors' retrieved from /home/airflow/.local/lib/python3.12/site-packages/airflow/example_dags/example_sensors.py
[2026-01-08T01:49:21.401+0000] {logging_mixin.py:190} INFO - [2026-01-08T01:49:21.400+0000] {dag.py:3211} INFO - Sync 1 DAGs
[2026-01-08T01:49:21.410+0000] {logging_mixin.py:190} INFO - [2026-01-08T01:49:21.410+0000] {dag.py:4138} INFO - Setting next_dagrun for example_sensors to None, run_after=None
[2026-01-08T01:49:21.426+0000] {processor.py:208} INFO - Processing /home/airflow/.local/lib/python3.12/site-packages/airflow/example_dags/example_sensors.py took 0.061 seconds
[2026-01-08T01:49:51.847+0000] {processor.py:186} INFO - Started process (PID=253) to work on /home/airflow/.local/lib/python3.12/site-packages/airflow/example_dags/example_sensors.py
[2026-01-08T01:49:51.849+0000] {processor.py:914} INFO - Processing file /home/airflow/.local/lib/python3.12/site-packages/airflow/example_dags/example_sensors.py for tasks to queue
[2026-01-08T01:49:51.851+0000] {logging_mixin.py:190} INFO - [2026-01-08T01:49:51.851+0000] {dagbag.py:587} INFO - Filling up the DagBag from /home/airflow/.local/lib/python3.12/site-packages/airflow/example_dags/example_sensors.py
[2026-01-08T01:49:51.859+0000] {processor.py:925} INFO - DAG(s) 'example_sensors' retrieved from /home/airflow/.local/lib/python3.12/site-packages/airflow/example_dags/example_sensors.py
[2026-01-08T01:49:51.878+0000] {logging_mixin.py:190} INFO - [2026-01-08T01:49:51.878+0000] {dag.py:3211} INFO - Sync 1 DAGs
[2026-01-08T01:49:51.888+0000] {logging_mixin.py:190} INFO - [2026-01-08T01:49:51.888+0000] {dag.py:4138} INFO - Setting next_dagrun for example_sensors to None, run_after=None
[2026-01-08T01:49:51.900+0000] {processor.py:208} INFO - Processing /home/airflow/.local/lib/python3.12/site-packages/airflow/example_dags/example_sensors.py took 0.058 seconds
[2026-01-08T01:50:22.345+0000] {processor.py:186} INFO - Started process (PID=315) to work on /home/airflow/.local/lib/python3.12/site-packages/airflow/example_dags/example_sensors.py
[2026-01-08T01:50:22.347+0000] {processor.py:914} INFO - Processing file /home/airflow/.local/lib/python3.12/site-packages/airflow/example_dags/example_sensors.py for tasks to queue
[2026-01-08T01:50:22.349+0000] {logging_mixin.py:190} INFO - [2026-01-08T01:50:22.348+0000] {dagbag.py:587} INFO - Filling up the DagBag from /home/airflow/.local/lib/python3.12/site-packages/airflow/example_dags/example_sensors.py
[2026-01-08T01:50:22.356+0000] {processor.py:925} INFO - DAG(s) 'example_sensors' retrieved from /home/airflow/.local/lib/python3.12/site-packages/airflow/example_dags/example_sensors.py
[2026-01-08T01:50:22.374+0000] {logging_mixin.py:190} INFO - [2026-01-08T01:50:22.374+0000] {dag.py:3211} INFO - Sync 1 DAGs
[2026-01-08T01:50:22.385+0000] {logging_mixin.py:190} INFO - [2026-01-08T01:50:22.384+0000] {dag.py:4138} INFO - Setting next_dagrun for example_sensors to None, run_after=None
[2026-01-08T01:50:22.398+0000] {processor.py:208} INFO - Processing /home/airflow/.local/lib/python3.12/site-packages/airflow/example_dags/example_sensors.py took 0.057 seconds
[2026-01-08T01:50:52.750+0000] {processor.py:186} INFO - Started process (PID=377) to work on /home/airflow/.local/lib/python3.12/site-packages/airflow/example_dags/example_sensors.py
[2026-01-08T01:50:52.752+0000] {processor.py:914} INFO - Processing file /home/airflow/.local/lib/python3.12/site-packages/airflow/example_dags/example_sensors.py for tasks to queue
[2026-01-08T01:50:52.754+0000] {logging_mixin.py:190} INFO - [2026-01-08T01:50:52.754+0000] {dagbag.py:587} INFO - Filling up the DagBag from /home/airflow/.local/lib/python3.12/site-packages/airflow/example_dags/example_sensors.py
[2026-01-08T01:50:52.762+0000] {processor.py:925} INFO - DAG(s) 'example_sensors' retrieved from /home/airflow/.local/lib/python3.12/site-packages/airflow/example_dags/example_sensors.py
[2026-01-08T01:50:52.779+0000] {logging_mixin.py:190} INFO - [2026-01-08T01:50:52.779+0000] {dag.py:3211} INFO - Sync 1 DAGs
[2026-01-08T01:50:52.788+0000] {logging_mixin.py:190} INFO - [2026-01-08T01:50:52.788+0000] {dag.py:4138} INFO - Setting next_dagrun for example_sensors to None, run_after=None
[2026-01-08T01:50:52.803+0000] {processor.py:208} INFO - Processing /home/airflow/.local/lib/python3.12/site-packages/airflow/example_dags/example_sensors.py took 0.057 seconds
[2026-01-08T01:51:23.295+0000] {processor.py:186} INFO - Started process (PID=439) to work on /home/airflow/.local/lib/python3.12/site-packages/airflow/example_dags/example_sensors.py
[2026-01-08T01:51:23.297+0000] {processor.py:914} INFO - Processing file /home/airflow/.local/lib/python3.12/site-packages/airflow/example_dags/example_sensors.py for tasks to queue
[2026-01-08T01:51:23.299+0000] {logging_mixin.py:190} INFO - [2026-01-08T01:51:23.299+0000] {dagbag.py:587} INFO - Filling up the DagBag from /home/airflow/.local/lib/python3.12/site-packages/airflow/example_dags/example_sensors.py
[2026-01-08T01:51:23.307+0000] {processor.py:925} INFO - DAG(s) 'example_sensors' retrieved from /home/airflow/.local/lib/python3.12/site-packages/airflow/example_dags/example_sensors.py
[2026-01-08T01:51:23.326+0000] {logging_mixin.py:190} INFO - [2026-01-08T01:51:23.326+0000] {dag.py:3211} INFO - Sync 1 DAGs
[2026-01-08T01:51:23.337+0000] {logging_mixin.py:190} INFO - [2026-01-08T01:51:23.337+0000] {dag.py:4138} INFO - Setting next_dagrun for example_sensors to None, run_after=None
[2026-01-08T01:51:23.354+0000] {processor.py:208} INFO - Processing /home/airflow/.local/lib/python3.12/site-packages/airflow/example_dags/example_sensors.py took 0.063 seconds
[2026-01-08T01:51:53.921+0000] {processor.py:186} INFO - Started process (PID=501) to work on /home/airflow/.local/lib/python3.12/site-packages/airflow/example_dags/example_sensors.py
[2026-01-08T01:51:53.922+0000] {processor.py:914} INFO - Processing file /home/airflow/.local/lib/python3.12/site-packages/airflow/example_dags/example_sensors.py for tasks to queue
[2026-01-08T01:51:53.924+0000] {logging_mixin.py:190} INFO - [2026-01-08T01:51:53.924+0000] {dagbag.py:587} INFO - Filling up the DagBag from /home/airflow/.local/lib/python3.12/site-packages/airflow/example_dags/example_sensors.py
[2026-01-08T01:51:53.932+0000] {processor.py:925} INFO - DAG(s) 'example_sensors' retrieved from /home/airflow/.local/lib/python3.12/site-packages/airflow/example_dags/example_sensors.py
[2026-01-08T01:51:53.952+0000] {logging_mixin.py:190} INFO - [2026-01-08T01:51:53.952+0000] {dag.py:3211} INFO - Sync 1 DAGs
[2026-01-08T01:51:53.962+0000] {logging_mixin.py:190} INFO - [2026-01-08T01:51:53.962+0000] {dag.py:4138} INFO - Setting next_dagrun for example_sensors to None, run_after=None
[2026-01-08T01:51:53.978+0000] {processor.py:208} INFO - Processing /home/airflow/.local/lib/python3.12/site-packages/airflow/example_dags/example_sensors.py took 0.062 seconds
[2026-01-08T01:52:24.589+0000] {processor.py:186} INFO - Started process (PID=570) to work on /home/airflow/.local/lib/python3.12/site-packages/airflow/example_dags/example_sensors.py
[2026-01-08T01:52:24.590+0000] {processor.py:914} INFO - Processing file /home/airflow/.local/lib/python3.12/site-packages/airflow/example_dags/example_sensors.py for tasks to queue
[2026-01-08T01:52:24.592+0000] {logging_mixin.py:190} INFO - [2026-01-08T01:52:24.592+0000] {dagbag.py:587} INFO - Filling up the DagBag from /home/airflow/.local/lib/python3.12/site-packages/airflow/example_dags/example_sensors.py
[2026-01-08T01:52:24.601+0000] {processor.py:925} INFO - DAG(s) 'example_sensors' retrieved from /home/airflow/.local/lib/python3.12/site-packages/airflow/example_dags/example_sensors.py
[2026-01-08T01:52:24.622+0000] {logging_mixin.py:190} INFO - [2026-01-08T01:52:24.622+0000] {dag.py:3211} INFO - Sync 1 DAGs
[2026-01-08T01:52:24.633+0000] {logging_mixin.py:190} INFO - [2026-01-08T01:52:24.632+0000] {dag.py:4138} INFO - Setting next_dagrun for example_sensors to None, run_after=None
[2026-01-08T01:52:24.647+0000] {processor.py:208} INFO - Processing /home/airflow/.local/lib/python3.12/site-packages/airflow/example_dags/example_sensors.py took 0.063 seconds
[2026-01-08T01:52:55.775+0000] {processor.py:186} INFO - Started process (PID=632) to work on /home/airflow/.local/lib/python3.12/site-packages/airflow/example_dags/example_sensors.py
[2026-01-08T01:52:55.776+0000] {processor.py:914} INFO - Processing file /home/airflow/.local/lib/python3.12/site-packages/airflow/example_dags/example_sensors.py for tasks to queue
[2026-01-08T01:52:55.779+0000] {logging_mixin.py:190} INFO - [2026-01-08T01:52:55.778+0000] {dagbag.py:587} INFO - Filling up the DagBag from /home/airflow/.local/lib/python3.12/site-packages/airflow/example_dags/example_sensors.py
[2026-01-08T01:52:55.788+0000] {processor.py:925} INFO - DAG(s) 'example_sensors' retrieved from /home/airflow/.local/lib/python3.12/site-packages/airflow/example_dags/example_sensors.py
[2026-01-08T01:52:55.807+0000] {logging_mixin.py:190} INFO - [2026-01-08T01:52:55.807+0000] {dag.py:3211} INFO - Sync 1 DAGs
[2026-01-08T01:52:55.817+0000] {logging_mixin.py:190} INFO - [2026-01-08T01:52:55.817+0000] {dag.py:4138} INFO - Setting next_dagrun for example_sensors to None, run_after=None
[2026-01-08T01:52:55.839+0000] {processor.py:208} INFO - Processing /home/airflow/.local/lib/python3.12/site-packages/airflow/example_dags/example_sensors.py took 0.069 seconds
[2026-01-08T01:53:26.229+0000] {processor.py:186} INFO - Started process (PID=694) to work on /home/airflow/.local/lib/python3.12/site-packages/airflow/example_dags/example_sensors.py
[2026-01-08T01:53:26.231+0000] {processor.py:914} INFO - Processing file /home/airflow/.local/lib/python3.12/site-packages/airflow/example_dags/example_sensors.py for tasks to queue
[2026-01-08T01:53:26.234+0000] {logging_mixin.py:190} INFO - [2026-01-08T01:53:26.233+0000] {dagbag.py:587} INFO - Filling up the DagBag from /home/airflow/.local/lib/python3.12/site-packages/airflow/example_dags/example_sensors.py
[2026-01-08T01:53:26.243+0000] {processor.py:925} INFO - DAG(s) 'example_sensors' retrieved from /home/airflow/.local/lib/python3.12/site-packages/airflow/example_dags/example_sensors.py
[2026-01-08T01:53:26.264+0000] {logging_mixin.py:190} INFO - [2026-01-08T01:53:26.264+0000] {dag.py:3211} INFO - Sync 1 DAGs
[2026-01-08T01:53:26.276+0000] {logging_mixin.py:190} INFO - [2026-01-08T01:53:26.276+0000] {dag.py:4138} INFO - Setting next_dagrun for example_sensors to None, run_after=None
[2026-01-08T01:53:26.293+0000] {processor.py:208} INFO - Processing /home/airflow/.local/lib/python3.12/site-packages/airflow/example_dags/example_sensors.py took 0.068 seconds
[2026-01-08T01:53:56.797+0000] {processor.py:186} INFO - Started process (PID=756) to work on /home/airflow/.local/lib/python3.12/site-packages/airflow/example_dags/example_sensors.py
[2026-01-08T01:53:56.799+0000] {processor.py:914} INFO - Processing file /home/airflow/.local/lib/python3.12/site-packages/airflow/example_dags/example_sensors.py for tasks to queue
[2026-01-08T01:53:56.801+0000] {logging_mixin.py:190} INFO - [2026-01-08T01:53:56.801+0000] {dagbag.py:587} INFO - Filling up the DagBag from /home/airflow/.local/lib/python3.12/site-packages/airflow/example_dags/example_sensors.py
[2026-01-08T01:53:56.809+0000] {processor.py:925} INFO - DAG(s) 'example_sensors' retrieved from /home/airflow/.local/lib/python3.12/site-packages/airflow/example_dags/example_sensors.py
[2026-01-08T01:53:56.828+0000] {logging_mixin.py:190} INFO - [2026-01-08T01:53:56.828+0000] {dag.py:3211} INFO - Sync 1 DAGs
[2026-01-08T01:53:56.840+0000] {logging_mixin.py:190} INFO - [2026-01-08T01:53:56.840+0000] {dag.py:4138} INFO - Setting next_dagrun for example_sensors to None, run_after=None
[2026-01-08T01:53:56.855+0000] {processor.py:208} INFO - Processing /home/airflow/.local/lib/python3.12/site-packages/airflow/example_dags/example_sensors.py took 0.064 seconds
[2026-01-08T01:54:27.210+0000] {processor.py:186} INFO - Started process (PID=818) to work on /home/airflow/.local/lib/python3.12/site-packages/airflow/example_dags/example_sensors.py
[2026-01-08T01:54:27.212+0000] {processor.py:914} INFO - Processing file /home/airflow/.local/lib/python3.12/site-packages/airflow/example_dags/example_sensors.py for tasks to queue
[2026-01-08T01:54:27.214+0000] {logging_mixin.py:190} INFO - [2026-01-08T01:54:27.214+0000] {dagbag.py:587} INFO - Filling up the DagBag from /home/airflow/.local/lib/python3.12/site-packages/airflow/example_dags/example_sensors.py
[2026-01-08T01:54:27.222+0000] {processor.py:925} INFO - DAG(s) 'example_sensors' retrieved from /home/airflow/.local/lib/python3.12/site-packages/airflow/example_dags/example_sensors.py
[2026-01-08T01:54:27.244+0000] {logging_mixin.py:190} INFO - [2026-01-08T01:54:27.244+0000] {dag.py:3211} INFO - Sync 1 DAGs
[2026-01-08T01:54:27.256+0000] {logging_mixin.py:190} INFO - [2026-01-08T01:54:27.255+0000] {dag.py:4138} INFO - Setting next_dagrun for example_sensors to None, run_after=None
[2026-01-08T01:54:27.273+0000] {processor.py:208} INFO - Processing /home/airflow/.local/lib/python3.12/site-packages/airflow/example_dags/example_sensors.py took 0.067 seconds
[2026-01-08T01:54:58.000+0000] {processor.py:186} INFO - Started process (PID=880) to work on /home/airflow/.local/lib/python3.12/site-packages/airflow/example_dags/example_sensors.py
[2026-01-08T01:54:58.001+0000] {processor.py:914} INFO - Processing file /home/airflow/.local/lib/python3.12/site-packages/airflow/example_dags/example_sensors.py for tasks to queue
[2026-01-08T01:54:58.004+0000] {logging_mixin.py:190} INFO - [2026-01-08T01:54:58.003+0000] {dagbag.py:587} INFO - Filling up the DagBag from /home/airflow/.local/lib/python3.12/site-packages/airflow/example_dags/example_sensors.py
[2026-01-08T01:54:58.014+0000] {processor.py:925} INFO - DAG(s) 'example_sensors' retrieved from /home/airflow/.local/lib/python3.12/site-packages/airflow/example_dags/example_sensors.py
[2026-01-08T01:54:58.037+0000] {logging_mixin.py:190} INFO - [2026-01-08T01:54:58.037+0000] {dag.py:3211} INFO - Sync 1 DAGs
[2026-01-08T01:54:58.048+0000] {logging_mixin.py:190} INFO - [2026-01-08T01:54:58.048+0000] {dag.py:4138} INFO - Setting next_dagrun for example_sensors to None, run_after=None
[2026-01-08T01:54:58.071+0000] {processor.py:208} INFO - Processing /home/airflow/.local/lib/python3.12/site-packages/airflow/example_dags/example_sensors.py took 0.076 seconds
[2026-01-08T01:55:28.299+0000] {processor.py:186} INFO - Started process (PID=942) to work on /home/airflow/.local/lib/python3.12/site-packages/airflow/example_dags/example_sensors.py
[2026-01-08T01:55:28.301+0000] {processor.py:914} INFO - Processing file /home/airflow/.local/lib/python3.12/site-packages/airflow/example_dags/example_sensors.py for tasks to queue
[2026-01-08T01:55:28.304+0000] {logging_mixin.py:190} INFO - [2026-01-08T01:55:28.304+0000] {dagbag.py:587} INFO - Filling up the DagBag from /home/airflow/.local/lib/python3.12/site-packages/airflow/example_dags/example_sensors.py
[2026-01-08T01:55:28.312+0000] {processor.py:925} INFO - DAG(s) 'example_sensors' retrieved from /home/airflow/.local/lib/python3.12/site-packages/airflow/example_dags/example_sensors.py
[2026-01-08T01:55:28.331+0000] {logging_mixin.py:190} INFO - [2026-01-08T01:55:28.331+0000] {dag.py:3211} INFO - Sync 1 DAGs
[2026-01-08T01:55:28.342+0000] {logging_mixin.py:190} INFO - [2026-01-08T01:55:28.342+0000] {dag.py:4138} INFO - Setting next_dagrun for example_sensors to None, run_after=None
[2026-01-08T01:55:28.360+0000] {processor.py:208} INFO - Processing /home/airflow/.local/lib/python3.12/site-packages/airflow/example_dags/example_sensors.py took 0.064 seconds
[2026-01-08T01:55:59.089+0000] {processor.py:186} INFO - Started process (PID=1004) to work on /home/airflow/.local/lib/python3.12/site-packages/airflow/example_dags/example_sensors.py
[2026-01-08T01:55:59.092+0000] {processor.py:914} INFO - Processing file /home/airflow/.local/lib/python3.12/site-packages/airflow/example_dags/example_sensors.py for tasks to queue
[2026-01-08T01:55:59.095+0000] {logging_mixin.py:190} INFO - [2026-01-08T01:55:59.094+0000] {dagbag.py:587} INFO - Filling up the DagBag from /home/airflow/.local/lib/python3.12/site-packages/airflow/example_dags/example_sensors.py
[2026-01-08T01:55:59.102+0000] {processor.py:925} INFO - DAG(s) 'example_sensors' retrieved from /home/airflow/.local/lib/python3.12/site-packages/airflow/example_dags/example_sensors.py
[2026-01-08T01:55:59.122+0000] {logging_mixin.py:190} INFO - [2026-01-08T01:55:59.122+0000] {dag.py:3211} INFO - Sync 1 DAGs
[2026-01-08T01:55:59.133+0000] {logging_mixin.py:190} INFO - [2026-01-08T01:55:59.133+0000] {dag.py:4138} INFO - Setting next_dagrun for example_sensors to None, run_after=None
[2026-01-08T01:55:59.146+0000] {processor.py:208} INFO - Processing /home/airflow/.local/lib/python3.12/site-packages/airflow/example_dags/example_sensors.py took 0.061 seconds
[2026-01-08T01:56:29.781+0000] {processor.py:186} INFO - Started process (PID=1066) to work on /home/airflow/.local/lib/python3.12/site-packages/airflow/example_dags/example_sensors.py
[2026-01-08T01:56:29.782+0000] {processor.py:914} INFO - Processing file /home/airflow/.local/lib/python3.12/site-packages/airflow/example_dags/example_sensors.py for tasks to queue
[2026-01-08T01:56:29.784+0000] {logging_mixin.py:190} INFO - [2026-01-08T01:56:29.784+0000] {dagbag.py:587} INFO - Filling up the DagBag from /home/airflow/.local/lib/python3.12/site-packages/airflow/example_dags/example_sensors.py
[2026-01-08T01:56:29.793+0000] {processor.py:925} INFO - DAG(s) 'example_sensors' retrieved from /home/airflow/.local/lib/python3.12/site-packages/airflow/example_dags/example_sensors.py
[2026-01-08T01:56:29.812+0000] {logging_mixin.py:190} INFO - [2026-01-08T01:56:29.812+0000] {dag.py:3211} INFO - Sync 1 DAGs
[2026-01-08T01:56:29.823+0000] {logging_mixin.py:190} INFO - [2026-01-08T01:56:29.823+0000] {dag.py:4138} INFO - Setting next_dagrun for example_sensors to None, run_after=None
[2026-01-08T01:56:29.838+0000] {processor.py:208} INFO - Processing /home/airflow/.local/lib/python3.12/site-packages/airflow/example_dags/example_sensors.py took 0.062 seconds
[2026-01-08T01:57:00.114+0000] {processor.py:186} INFO - Started process (PID=1128) to work on /home/airflow/.local/lib/python3.12/site-packages/airflow/example_dags/example_sensors.py
[2026-01-08T01:57:00.115+0000] {processor.py:914} INFO - Processing file /home/airflow/.local/lib/python3.12/site-packages/airflow/example_dags/example_sensors.py for tasks to queue
[2026-01-08T01:57:00.119+0000] {logging_mixin.py:190} INFO - [2026-01-08T01:57:00.119+0000] {dagbag.py:587} INFO - Filling up the DagBag from /home/airflow/.local/lib/python3.12/site-packages/airflow/example_dags/example_sensors.py
[2026-01-08T01:57:00.128+0000] {processor.py:925} INFO - DAG(s) 'example_sensors' retrieved from /home/airflow/.local/lib/python3.12/site-packages/airflow/example_dags/example_sensors.py
[2026-01-08T01:57:00.149+0000] {logging_mixin.py:190} INFO - [2026-01-08T01:57:00.149+0000] {dag.py:3211} INFO - Sync 1 DAGs
[2026-01-08T01:57:00.160+0000] {logging_mixin.py:190} INFO - [2026-01-08T01:57:00.160+0000] {dag.py:4138} INFO - Setting next_dagrun for example_sensors to None, run_after=None
[2026-01-08T01:57:00.176+0000] {processor.py:208} INFO - Processing /home/airflow/.local/lib/python3.12/site-packages/airflow/example_dags/example_sensors.py took 0.067 seconds
[2026-01-08T01:57:30.336+0000] {processor.py:186} INFO - Started process (PID=1190) to work on /home/airflow/.local/lib/python3.12/site-packages/airflow/example_dags/example_sensors.py
[2026-01-08T01:57:30.337+0000] {processor.py:914} INFO - Processing file /home/airflow/.local/lib/python3.12/site-packages/airflow/example_dags/example_sensors.py for tasks to queue
[2026-01-08T01:57:30.340+0000] {logging_mixin.py:190} INFO - [2026-01-08T01:57:30.340+0000] {dagbag.py:587} INFO - Filling up the DagBag from /home/airflow/.local/lib/python3.12/site-packages/airflow/example_dags/example_sensors.py
[2026-01-08T01:57:30.348+0000] {processor.py:925} INFO - DAG(s) 'example_sensors' retrieved from /home/airflow/.local/lib/python3.12/site-packages/airflow/example_dags/example_sensors.py
[2026-01-08T01:57:30.369+0000] {logging_mixin.py:190} INFO - [2026-01-08T01:57:30.369+0000] {dag.py:3211} INFO - Sync 1 DAGs
[2026-01-08T01:57:30.380+0000] {logging_mixin.py:190} INFO - [2026-01-08T01:57:30.379+0000] {dag.py:4138} INFO - Setting next_dagrun for example_sensors to None, run_after=None
[2026-01-08T01:57:30.396+0000] {processor.py:208} INFO - Processing /home/airflow/.local/lib/python3.12/site-packages/airflow/example_dags/example_sensors.py took 0.064 seconds
[2026-01-08T01:58:01.044+0000] {processor.py:186} INFO - Started process (PID=1252) to work on /home/airflow/.local/lib/python3.12/site-packages/airflow/example_dags/example_sensors.py
[2026-01-08T01:58:01.046+0000] {processor.py:914} INFO - Processing file /home/airflow/.local/lib/python3.12/site-packages/airflow/example_dags/example_sensors.py for tasks to queue
[2026-01-08T01:58:01.048+0000] {logging_mixin.py:190} INFO - [2026-01-08T01:58:01.048+0000] {dagbag.py:587} INFO - Filling up the DagBag from /home/airflow/.local/lib/python3.12/site-packages/airflow/example_dags/example_sensors.py
[2026-01-08T01:58:01.055+0000] {processor.py:925} INFO - DAG(s) 'example_sensors' retrieved from /home/airflow/.local/lib/python3.12/site-packages/airflow/example_dags/example_sensors.py
[2026-01-08T01:58:01.074+0000] {logging_mixin.py:190} INFO - [2026-01-08T01:58:01.074+0000] {dag.py:3211} INFO - Sync 1 DAGs
[2026-01-08T01:58:01.085+0000] {logging_mixin.py:190} INFO - [2026-01-08T01:58:01.085+0000] {dag.py:4138} INFO - Setting next_dagrun for example_sensors to None, run_after=None
[2026-01-08T01:58:01.109+0000] {processor.py:208} INFO - Processing /home/airflow/.local/lib/python3.12/site-packages/airflow/example_dags/example_sensors.py took 0.068 seconds
[2026-01-08T01:58:31.657+0000] {processor.py:186} INFO - Started process (PID=1315) to work on /home/airflow/.local/lib/python3.12/site-packages/airflow/example_dags/example_sensors.py
[2026-01-08T01:58:31.659+0000] {processor.py:914} INFO - Processing file /home/airflow/.local/lib/python3.12/site-packages/airflow/example_dags/example_sensors.py for tasks to queue
[2026-01-08T01:58:31.661+0000] {logging_mixin.py:190} INFO - [2026-01-08T01:58:31.661+0000] {dagbag.py:587} INFO - Filling up the DagBag from /home/airflow/.local/lib/python3.12/site-packages/airflow/example_dags/example_sensors.py
[2026-01-08T01:58:31.668+0000] {processor.py:925} INFO - DAG(s) 'example_sensors' retrieved from /home/airflow/.local/lib/python3.12/site-packages/airflow/example_dags/example_sensors.py
[2026-01-08T01:58:31.687+0000] {logging_mixin.py:190} INFO - [2026-01-08T01:58:31.687+0000] {dag.py:3211} INFO - Sync 1 DAGs
[2026-01-08T01:58:31.696+0000] {logging_mixin.py:190} INFO - [2026-01-08T01:58:31.696+0000] {dag.py:4138} INFO - Setting next_dagrun for example_sensors to None, run_after=None
[2026-01-08T01:58:31.720+0000] {processor.py:208} INFO - Processing /home/airflow/.local/lib/python3.12/site-packages/airflow/example_dags/example_sensors.py took 0.068 seconds
[2026-01-08T01:59:01.955+0000] {processor.py:186} INFO - Started process (PID=1378) to work on /home/airflow/.local/lib/python3.12/site-packages/airflow/example_dags/example_sensors.py
[2026-01-08T01:59:01.956+0000] {processor.py:914} INFO - Processing file /home/airflow/.local/lib/python3.12/site-packages/airflow/example_dags/example_sensors.py for tasks to queue
[2026-01-08T01:59:01.958+0000] {logging_mixin.py:190} INFO - [2026-01-08T01:59:01.958+0000] {dagbag.py:587} INFO - Filling up the DagBag from /home/airflow/.local/lib/python3.12/site-packages/airflow/example_dags/example_sensors.py
[2026-01-08T01:59:01.966+0000] {processor.py:925} INFO - DAG(s) 'example_sensors' retrieved from /home/airflow/.local/lib/python3.12/site-packages/airflow/example_dags/example_sensors.py
[2026-01-08T01:59:01.989+0000] {logging_mixin.py:190} INFO - [2026-01-08T01:59:01.989+0000] {dag.py:3211} INFO - Sync 1 DAGs
[2026-01-08T01:59:01.999+0000] {logging_mixin.py:190} INFO - [2026-01-08T01:59:01.999+0000] {dag.py:4138} INFO - Setting next_dagrun for example_sensors to None, run_after=None
[2026-01-08T01:59:02.014+0000] {processor.py:208} INFO - Processing /home/airflow/.local/lib/python3.12/site-packages/airflow/example_dags/example_sensors.py took 0.064 seconds
[2026-01-08T01:59:32.317+0000] {processor.py:186} INFO - Started process (PID=1441) to work on /home/airflow/.local/lib/python3.12/site-packages/airflow/example_dags/example_sensors.py
[2026-01-08T01:59:32.318+0000] {processor.py:914} INFO - Processing file /home/airflow/.local/lib/python3.12/site-packages/airflow/example_dags/example_sensors.py for tasks to queue
[2026-01-08T01:59:32.320+0000] {logging_mixin.py:190} INFO - [2026-01-08T01:59:32.320+0000] {dagbag.py:587} INFO - Filling up the DagBag from /home/airflow/.local/lib/python3.12/site-packages/airflow/example_dags/example_sensors.py
[2026-01-08T01:59:32.327+0000] {processor.py:925} INFO - DAG(s) 'example_sensors' retrieved from /home/airflow/.local/lib/python3.12/site-packages/airflow/example_dags/example_sensors.py
[2026-01-08T01:59:32.347+0000] {logging_mixin.py:190} INFO - [2026-01-08T01:59:32.346+0000] {dag.py:3211} INFO - Sync 1 DAGs
[2026-01-08T01:59:32.357+0000] {logging_mixin.py:190} INFO - [2026-01-08T01:59:32.357+0000] {dag.py:4138} INFO - Setting next_dagrun for example_sensors to None, run_after=None
[2026-01-08T01:59:32.379+0000] {processor.py:208} INFO - Processing /home/airflow/.local/lib/python3.12/site-packages/airflow/example_dags/example_sensors.py took 0.066 seconds
[2026-01-08T02:00:02.631+0000] {processor.py:186} INFO - Started process (PID=1504) to work on /home/airflow/.local/lib/python3.12/site-packages/airflow/example_dags/example_sensors.py
[2026-01-08T02:00:02.632+0000] {processor.py:914} INFO - Processing file /home/airflow/.local/lib/python3.12/site-packages/airflow/example_dags/example_sensors.py for tasks to queue
[2026-01-08T02:00:02.636+0000] {logging_mixin.py:190} INFO - [2026-01-08T02:00:02.635+0000] {dagbag.py:587} INFO - Filling up the DagBag from /home/airflow/.local/lib/python3.12/site-packages/airflow/example_dags/example_sensors.py
[2026-01-08T02:00:02.646+0000] {processor.py:925} INFO - DAG(s) 'example_sensors' retrieved from /home/airflow/.local/lib/python3.12/site-packages/airflow/example_dags/example_sensors.py
[2026-01-08T02:00:02.667+0000] {logging_mixin.py:190} INFO - [2026-01-08T02:00:02.667+0000] {dag.py:3211} INFO - Sync 1 DAGs
[2026-01-08T02:00:02.677+0000] {logging_mixin.py:190} INFO - [2026-01-08T02:00:02.677+0000] {dag.py:4138} INFO - Setting next_dagrun for example_sensors to None, run_after=None
[2026-01-08T02:00:02.694+0000] {processor.py:208} INFO - Processing /home/airflow/.local/lib/python3.12/site-packages/airflow/example_dags/example_sensors.py took 0.073 seconds
[2026-01-08T02:00:33.440+0000] {processor.py:186} INFO - Started process (PID=1567) to work on /home/airflow/.local/lib/python3.12/site-packages/airflow/example_dags/example_sensors.py
[2026-01-08T02:00:33.441+0000] {processor.py:914} INFO - Processing file /home/airflow/.local/lib/python3.12/site-packages/airflow/example_dags/example_sensors.py for tasks to queue
[2026-01-08T02:00:33.444+0000] {logging_mixin.py:190} INFO - [2026-01-08T02:00:33.444+0000] {dagbag.py:587} INFO - Filling up the DagBag from /home/airflow/.local/lib/python3.12/site-packages/airflow/example_dags/example_sensors.py
[2026-01-08T02:00:33.453+0000] {processor.py:925} INFO - DAG(s) 'example_sensors' retrieved from /home/airflow/.local/lib/python3.12/site-packages/airflow/example_dags/example_sensors.py
[2026-01-08T02:00:33.476+0000] {logging_mixin.py:190} INFO - [2026-01-08T02:00:33.476+0000] {dag.py:3211} INFO - Sync 1 DAGs
[2026-01-08T02:00:33.489+0000] {logging_mixin.py:190} INFO - [2026-01-08T02:00:33.489+0000] {dag.py:4138} INFO - Setting next_dagrun for example_sensors to None, run_after=None
[2026-01-08T02:00:33.512+0000] {processor.py:208} INFO - Processing /home/airflow/.local/lib/python3.12/site-packages/airflow/example_dags/example_sensors.py took 0.077 seconds
[2026-01-08T02:01:04.001+0000] {processor.py:186} INFO - Started process (PID=1630) to work on /home/airflow/.local/lib/python3.12/site-packages/airflow/example_dags/example_sensors.py
[2026-01-08T02:01:04.003+0000] {processor.py:914} INFO - Processing file /home/airflow/.local/lib/python3.12/site-packages/airflow/example_dags/example_sensors.py for tasks to queue
[2026-01-08T02:01:04.006+0000] {logging_mixin.py:190} INFO - [2026-01-08T02:01:04.005+0000] {dagbag.py:587} INFO - Filling up the DagBag from /home/airflow/.local/lib/python3.12/site-packages/airflow/example_dags/example_sensors.py
[2026-01-08T02:01:04.015+0000] {processor.py:925} INFO - DAG(s) 'example_sensors' retrieved from /home/airflow/.local/lib/python3.12/site-packages/airflow/example_dags/example_sensors.py
[2026-01-08T02:01:04.038+0000] {logging_mixin.py:190} INFO - [2026-01-08T02:01:04.037+0000] {dag.py:3211} INFO - Sync 1 DAGs
[2026-01-08T02:01:04.049+0000] {logging_mixin.py:190} INFO - [2026-01-08T02:01:04.049+0000] {dag.py:4138} INFO - Setting next_dagrun for example_sensors to None, run_after=None
[2026-01-08T02:01:04.065+0000] {processor.py:208} INFO - Processing /home/airflow/.local/lib/python3.12/site-packages/airflow/example_dags/example_sensors.py took 0.069 seconds
[2026-01-08T02:01:34.465+0000] {processor.py:186} INFO - Started process (PID=1693) to work on /home/airflow/.local/lib/python3.12/site-packages/airflow/example_dags/example_sensors.py
[2026-01-08T02:01:34.467+0000] {processor.py:914} INFO - Processing file /home/airflow/.local/lib/python3.12/site-packages/airflow/example_dags/example_sensors.py for tasks to queue
[2026-01-08T02:01:34.469+0000] {logging_mixin.py:190} INFO - [2026-01-08T02:01:34.469+0000] {dagbag.py:587} INFO - Filling up the DagBag from /home/airflow/.local/lib/python3.12/site-packages/airflow/example_dags/example_sensors.py
[2026-01-08T02:01:34.477+0000] {processor.py:925} INFO - DAG(s) 'example_sensors' retrieved from /home/airflow/.local/lib/python3.12/site-packages/airflow/example_dags/example_sensors.py
[2026-01-08T02:01:34.498+0000] {logging_mixin.py:190} INFO - [2026-01-08T02:01:34.498+0000] {dag.py:3211} INFO - Sync 1 DAGs
[2026-01-08T02:01:34.508+0000] {logging_mixin.py:190} INFO - [2026-01-08T02:01:34.508+0000] {dag.py:4138} INFO - Setting next_dagrun for example_sensors to None, run_after=None
[2026-01-08T02:01:34.525+0000] {processor.py:208} INFO - Processing /home/airflow/.local/lib/python3.12/site-packages/airflow/example_dags/example_sensors.py took 0.064 seconds
[2026-01-08T02:02:04.598+0000] {processor.py:186} INFO - Started process (PID=1756) to work on /home/airflow/.local/lib/python3.12/site-packages/airflow/example_dags/example_sensors.py
[2026-01-08T02:02:04.599+0000] {processor.py:914} INFO - Processing file /home/airflow/.local/lib/python3.12/site-packages/airflow/example_dags/example_sensors.py for tasks to queue
[2026-01-08T02:02:04.601+0000] {logging_mixin.py:190} INFO - [2026-01-08T02:02:04.601+0000] {dagbag.py:587} INFO - Filling up the DagBag from /home/airflow/.local/lib/python3.12/site-packages/airflow/example_dags/example_sensors.py
[2026-01-08T02:02:04.609+0000] {processor.py:925} INFO - DAG(s) 'example_sensors' retrieved from /home/airflow/.local/lib/python3.12/site-packages/airflow/example_dags/example_sensors.py
[2026-01-08T02:02:04.627+0000] {logging_mixin.py:190} INFO - [2026-01-08T02:02:04.627+0000] {dag.py:3211} INFO - Sync 1 DAGs
[2026-01-08T02:02:04.637+0000] {logging_mixin.py:190} INFO - [2026-01-08T02:02:04.637+0000] {dag.py:4138} INFO - Setting next_dagrun for example_sensors to None, run_after=None
[2026-01-08T02:02:04.654+0000] {processor.py:208} INFO - Processing /home/airflow/.local/lib/python3.12/site-packages/airflow/example_dags/example_sensors.py took 0.060 seconds
[2026-01-08T02:02:34.715+0000] {processor.py:186} INFO - Started process (PID=1819) to work on /home/airflow/.local/lib/python3.12/site-packages/airflow/example_dags/example_sensors.py
[2026-01-08T02:02:34.717+0000] {processor.py:914} INFO - Processing file /home/airflow/.local/lib/python3.12/site-packages/airflow/example_dags/example_sensors.py for tasks to queue
[2026-01-08T02:02:34.719+0000] {logging_mixin.py:190} INFO - [2026-01-08T02:02:34.719+0000] {dagbag.py:587} INFO - Filling up the DagBag from /home/airflow/.local/lib/python3.12/site-packages/airflow/example_dags/example_sensors.py
[2026-01-08T02:02:34.727+0000] {processor.py:925} INFO - DAG(s) 'example_sensors' retrieved from /home/airflow/.local/lib/python3.12/site-packages/airflow/example_dags/example_sensors.py
[2026-01-08T02:02:34.749+0000] {logging_mixin.py:190} INFO - [2026-01-08T02:02:34.749+0000] {dag.py:3211} INFO - Sync 1 DAGs
[2026-01-08T02:02:34.759+0000] {logging_mixin.py:190} INFO - [2026-01-08T02:02:34.759+0000] {dag.py:4138} INFO - Setting next_dagrun for example_sensors to None, run_after=None
[2026-01-08T02:02:34.775+0000] {processor.py:208} INFO - Processing /home/airflow/.local/lib/python3.12/site-packages/airflow/example_dags/example_sensors.py took 0.065 seconds
[2026-01-08T02:03:04.883+0000] {processor.py:186} INFO - Started process (PID=1882) to work on /home/airflow/.local/lib/python3.12/site-packages/airflow/example_dags/example_sensors.py
[2026-01-08T02:03:04.884+0000] {processor.py:914} INFO - Processing file /home/airflow/.local/lib/python3.12/site-packages/airflow/example_dags/example_sensors.py for tasks to queue
[2026-01-08T02:03:04.887+0000] {logging_mixin.py:190} INFO - [2026-01-08T02:03:04.887+0000] {dagbag.py:587} INFO - Filling up the DagBag from /home/airflow/.local/lib/python3.12/site-packages/airflow/example_dags/example_sensors.py
[2026-01-08T02:03:04.896+0000] {processor.py:925} INFO - DAG(s) 'example_sensors' retrieved from /home/airflow/.local/lib/python3.12/site-packages/airflow/example_dags/example_sensors.py
[2026-01-08T02:03:04.918+0000] {logging_mixin.py:190} INFO - [2026-01-08T02:03:04.918+0000] {dag.py:3211} INFO - Sync 1 DAGs
[2026-01-08T02:03:04.928+0000] {logging_mixin.py:190} INFO - [2026-01-08T02:03:04.928+0000] {dag.py:4138} INFO - Setting next_dagrun for example_sensors to None, run_after=None
[2026-01-08T02:03:04.945+0000] {processor.py:208} INFO - Processing /home/airflow/.local/lib/python3.12/site-packages/airflow/example_dags/example_sensors.py took 0.066 seconds
[2026-01-08T02:03:35.136+0000] {processor.py:186} INFO - Started process (PID=1947) to work on /home/airflow/.local/lib/python3.12/site-packages/airflow/example_dags/example_sensors.py
[2026-01-08T02:03:35.137+0000] {processor.py:914} INFO - Processing file /home/airflow/.local/lib/python3.12/site-packages/airflow/example_dags/example_sensors.py for tasks to queue
[2026-01-08T02:03:35.140+0000] {logging_mixin.py:190} INFO - [2026-01-08T02:03:35.139+0000] {dagbag.py:587} INFO - Filling up the DagBag from /home/airflow/.local/lib/python3.12/site-packages/airflow/example_dags/example_sensors.py
[2026-01-08T02:03:35.148+0000] {processor.py:925} INFO - DAG(s) 'example_sensors' retrieved from /home/airflow/.local/lib/python3.12/site-packages/airflow/example_dags/example_sensors.py
[2026-01-08T02:03:35.167+0000] {logging_mixin.py:190} INFO - [2026-01-08T02:03:35.167+0000] {dag.py:3211} INFO - Sync 1 DAGs
[2026-01-08T02:03:35.177+0000] {logging_mixin.py:190} INFO - [2026-01-08T02:03:35.177+0000] {dag.py:4138} INFO - Setting next_dagrun for example_sensors to None, run_after=None
[2026-01-08T02:03:35.194+0000] {processor.py:208} INFO - Processing /home/airflow/.local/lib/python3.12/site-packages/airflow/example_dags/example_sensors.py took 0.063 seconds
[2026-01-08T02:04:05.457+0000] {processor.py:186} INFO - Started process (PID=2010) to work on /home/airflow/.local/lib/python3.12/site-packages/airflow/example_dags/example_sensors.py
[2026-01-08T02:04:05.458+0000] {processor.py:914} INFO - Processing file /home/airflow/.local/lib/python3.12/site-packages/airflow/example_dags/example_sensors.py for tasks to queue
[2026-01-08T02:04:05.461+0000] {logging_mixin.py:190} INFO - [2026-01-08T02:04:05.460+0000] {dagbag.py:587} INFO - Filling up the DagBag from /home/airflow/.local/lib/python3.12/site-packages/airflow/example_dags/example_sensors.py
[2026-01-08T02:04:05.469+0000] {processor.py:925} INFO - DAG(s) 'example_sensors' retrieved from /home/airflow/.local/lib/python3.12/site-packages/airflow/example_dags/example_sensors.py
[2026-01-08T02:04:05.492+0000] {logging_mixin.py:190} INFO - [2026-01-08T02:04:05.491+0000] {dag.py:3211} INFO - Sync 1 DAGs
[2026-01-08T02:04:05.503+0000] {logging_mixin.py:190} INFO - [2026-01-08T02:04:05.503+0000] {dag.py:4138} INFO - Setting next_dagrun for example_sensors to None, run_after=None
[2026-01-08T02:04:05.519+0000] {processor.py:208} INFO - Processing /home/airflow/.local/lib/python3.12/site-packages/airflow/example_dags/example_sensors.py took 0.067 seconds
[2026-01-08T02:04:35.794+0000] {processor.py:186} INFO - Started process (PID=2073) to work on /home/airflow/.local/lib/python3.12/site-packages/airflow/example_dags/example_sensors.py
[2026-01-08T02:04:35.795+0000] {processor.py:914} INFO - Processing file /home/airflow/.local/lib/python3.12/site-packages/airflow/example_dags/example_sensors.py for tasks to queue
[2026-01-08T02:04:35.798+0000] {logging_mixin.py:190} INFO - [2026-01-08T02:04:35.797+0000] {dagbag.py:587} INFO - Filling up the DagBag from /home/airflow/.local/lib/python3.12/site-packages/airflow/example_dags/example_sensors.py
[2026-01-08T02:04:35.806+0000] {processor.py:925} INFO - DAG(s) 'example_sensors' retrieved from /home/airflow/.local/lib/python3.12/site-packages/airflow/example_dags/example_sensors.py
[2026-01-08T02:04:35.826+0000] {logging_mixin.py:190} INFO - [2026-01-08T02:04:35.825+0000] {dag.py:3211} INFO - Sync 1 DAGs
[2026-01-08T02:04:35.835+0000] {logging_mixin.py:190} INFO - [2026-01-08T02:04:35.835+0000] {dag.py:4138} INFO - Setting next_dagrun for example_sensors to None, run_after=None
[2026-01-08T02:04:35.850+0000] {processor.py:208} INFO - Processing /home/airflow/.local/lib/python3.12/site-packages/airflow/example_dags/example_sensors.py took 0.062 seconds
[2026-01-08T02:05:05.944+0000] {processor.py:186} INFO - Started process (PID=2136) to work on /home/airflow/.local/lib/python3.12/site-packages/airflow/example_dags/example_sensors.py
[2026-01-08T02:05:05.945+0000] {processor.py:914} INFO - Processing file /home/airflow/.local/lib/python3.12/site-packages/airflow/example_dags/example_sensors.py for tasks to queue
[2026-01-08T02:05:05.947+0000] {logging_mixin.py:190} INFO - [2026-01-08T02:05:05.947+0000] {dagbag.py:587} INFO - Filling up the DagBag from /home/airflow/.local/lib/python3.12/site-packages/airflow/example_dags/example_sensors.py
[2026-01-08T02:05:05.955+0000] {processor.py:925} INFO - DAG(s) 'example_sensors' retrieved from /home/airflow/.local/lib/python3.12/site-packages/airflow/example_dags/example_sensors.py
[2026-01-08T02:05:05.974+0000] {logging_mixin.py:190} INFO - [2026-01-08T02:05:05.974+0000] {dag.py:3211} INFO - Sync 1 DAGs
[2026-01-08T02:05:05.984+0000] {logging_mixin.py:190} INFO - [2026-01-08T02:05:05.984+0000] {dag.py:4138} INFO - Setting next_dagrun for example_sensors to None, run_after=None
[2026-01-08T02:05:05.999+0000] {processor.py:208} INFO - Processing /home/airflow/.local/lib/python3.12/site-packages/airflow/example_dags/example_sensors.py took 0.060 seconds
[2026-01-08T02:05:36.288+0000] {processor.py:186} INFO - Started process (PID=2199) to work on /home/airflow/.local/lib/python3.12/site-packages/airflow/example_dags/example_sensors.py
[2026-01-08T02:05:36.290+0000] {processor.py:914} INFO - Processing file /home/airflow/.local/lib/python3.12/site-packages/airflow/example_dags/example_sensors.py for tasks to queue
[2026-01-08T02:05:36.292+0000] {logging_mixin.py:190} INFO - [2026-01-08T02:05:36.292+0000] {dagbag.py:587} INFO - Filling up the DagBag from /home/airflow/.local/lib/python3.12/site-packages/airflow/example_dags/example_sensors.py
[2026-01-08T02:05:36.300+0000] {processor.py:925} INFO - DAG(s) 'example_sensors' retrieved from /home/airflow/.local/lib/python3.12/site-packages/airflow/example_dags/example_sensors.py
[2026-01-08T02:05:36.318+0000] {logging_mixin.py:190} INFO - [2026-01-08T02:05:36.318+0000] {dag.py:3211} INFO - Sync 1 DAGs
[2026-01-08T02:05:36.327+0000] {logging_mixin.py:190} INFO - [2026-01-08T02:05:36.327+0000] {dag.py:4138} INFO - Setting next_dagrun for example_sensors to None, run_after=None
[2026-01-08T02:05:36.341+0000] {processor.py:208} INFO - Processing /home/airflow/.local/lib/python3.12/site-packages/airflow/example_dags/example_sensors.py took 0.057 seconds
[2026-01-08T02:06:06.593+0000] {processor.py:186} INFO - Started process (PID=2262) to work on /home/airflow/.local/lib/python3.12/site-packages/airflow/example_dags/example_sensors.py
[2026-01-08T02:06:06.594+0000] {processor.py:914} INFO - Processing file /home/airflow/.local/lib/python3.12/site-packages/airflow/example_dags/example_sensors.py for tasks to queue
[2026-01-08T02:06:06.596+0000] {logging_mixin.py:190} INFO - [2026-01-08T02:06:06.596+0000] {dagbag.py:587} INFO - Filling up the DagBag from /home/airflow/.local/lib/python3.12/site-packages/airflow/example_dags/example_sensors.py
[2026-01-08T02:06:06.604+0000] {processor.py:925} INFO - DAG(s) 'example_sensors' retrieved from /home/airflow/.local/lib/python3.12/site-packages/airflow/example_dags/example_sensors.py
[2026-01-08T02:06:06.623+0000] {logging_mixin.py:190} INFO - [2026-01-08T02:06:06.623+0000] {dag.py:3211} INFO - Sync 1 DAGs
[2026-01-08T02:06:06.633+0000] {logging_mixin.py:190} INFO - [2026-01-08T02:06:06.633+0000] {dag.py:4138} INFO - Setting next_dagrun for example_sensors to None, run_after=None
[2026-01-08T02:06:06.648+0000] {processor.py:208} INFO - Processing /home/airflow/.local/lib/python3.12/site-packages/airflow/example_dags/example_sensors.py took 0.060 seconds
[2026-01-08T02:06:37.082+0000] {processor.py:186} INFO - Started process (PID=2325) to work on /home/airflow/.local/lib/python3.12/site-packages/airflow/example_dags/example_sensors.py
[2026-01-08T02:06:37.083+0000] {processor.py:914} INFO - Processing file /home/airflow/.local/lib/python3.12/site-packages/airflow/example_dags/example_sensors.py for tasks to queue
[2026-01-08T02:06:37.086+0000] {logging_mixin.py:190} INFO - [2026-01-08T02:06:37.085+0000] {dagbag.py:587} INFO - Filling up the DagBag from /home/airflow/.local/lib/python3.12/site-packages/airflow/example_dags/example_sensors.py
[2026-01-08T02:06:37.094+0000] {processor.py:925} INFO - DAG(s) 'example_sensors' retrieved from /home/airflow/.local/lib/python3.12/site-packages/airflow/example_dags/example_sensors.py
[2026-01-08T02:06:37.115+0000] {logging_mixin.py:190} INFO - [2026-01-08T02:06:37.115+0000] {dag.py:3211} INFO - Sync 1 DAGs
[2026-01-08T02:06:37.125+0000] {logging_mixin.py:190} INFO - [2026-01-08T02:06:37.124+0000] {dag.py:4138} INFO - Setting next_dagrun for example_sensors to None, run_after=None
[2026-01-08T02:06:37.140+0000] {processor.py:208} INFO - Processing /home/airflow/.local/lib/python3.12/site-packages/airflow/example_dags/example_sensors.py took 0.063 seconds
[2026-01-08T02:07:07.525+0000] {processor.py:186} INFO - Started process (PID=2388) to work on /home/airflow/.local/lib/python3.12/site-packages/airflow/example_dags/example_sensors.py
[2026-01-08T02:07:07.527+0000] {processor.py:914} INFO - Processing file /home/airflow/.local/lib/python3.12/site-packages/airflow/example_dags/example_sensors.py for tasks to queue
[2026-01-08T02:07:07.529+0000] {logging_mixin.py:190} INFO - [2026-01-08T02:07:07.529+0000] {dagbag.py:587} INFO - Filling up the DagBag from /home/airflow/.local/lib/python3.12/site-packages/airflow/example_dags/example_sensors.py
[2026-01-08T02:07:07.538+0000] {processor.py:925} INFO - DAG(s) 'example_sensors' retrieved from /home/airflow/.local/lib/python3.12/site-packages/airflow/example_dags/example_sensors.py
[2026-01-08T02:07:07.558+0000] {logging_mixin.py:190} INFO - [2026-01-08T02:07:07.558+0000] {dag.py:3211} INFO - Sync 1 DAGs
[2026-01-08T02:07:07.569+0000] {logging_mixin.py:190} INFO - [2026-01-08T02:07:07.569+0000] {dag.py:4138} INFO - Setting next_dagrun for example_sensors to None, run_after=None
[2026-01-08T02:07:07.584+0000] {processor.py:208} INFO - Processing /home/airflow/.local/lib/python3.12/site-packages/airflow/example_dags/example_sensors.py took 0.064 seconds
[2026-01-08T02:07:37.909+0000] {processor.py:186} INFO - Started process (PID=2451) to work on /home/airflow/.local/lib/python3.12/site-packages/airflow/example_dags/example_sensors.py
[2026-01-08T02:07:37.910+0000] {processor.py:914} INFO - Processing file /home/airflow/.local/lib/python3.12/site-packages/airflow/example_dags/example_sensors.py for tasks to queue
[2026-01-08T02:07:37.912+0000] {logging_mixin.py:190} INFO - [2026-01-08T02:07:37.912+0000] {dagbag.py:587} INFO - Filling up the DagBag from /home/airflow/.local/lib/python3.12/site-packages/airflow/example_dags/example_sensors.py
[2026-01-08T02:07:37.920+0000] {processor.py:925} INFO - DAG(s) 'example_sensors' retrieved from /home/airflow/.local/lib/python3.12/site-packages/airflow/example_dags/example_sensors.py
[2026-01-08T02:07:37.939+0000] {logging_mixin.py:190} INFO - [2026-01-08T02:07:37.939+0000] {dag.py:3211} INFO - Sync 1 DAGs
[2026-01-08T02:07:37.948+0000] {logging_mixin.py:190} INFO - [2026-01-08T02:07:37.948+0000] {dag.py:4138} INFO - Setting next_dagrun for example_sensors to None, run_after=None
[2026-01-08T02:07:37.965+0000] {processor.py:208} INFO - Processing /home/airflow/.local/lib/python3.12/site-packages/airflow/example_dags/example_sensors.py took 0.060 seconds
[2026-01-08T02:08:08.138+0000] {processor.py:186} INFO - Started process (PID=2514) to work on /home/airflow/.local/lib/python3.12/site-packages/airflow/example_dags/example_sensors.py
[2026-01-08T02:08:08.139+0000] {processor.py:914} INFO - Processing file /home/airflow/.local/lib/python3.12/site-packages/airflow/example_dags/example_sensors.py for tasks to queue
[2026-01-08T02:08:08.141+0000] {logging_mixin.py:190} INFO - [2026-01-08T02:08:08.141+0000] {dagbag.py:587} INFO - Filling up the DagBag from /home/airflow/.local/lib/python3.12/site-packages/airflow/example_dags/example_sensors.py
[2026-01-08T02:08:08.149+0000] {processor.py:925} INFO - DAG(s) 'example_sensors' retrieved from /home/airflow/.local/lib/python3.12/site-packages/airflow/example_dags/example_sensors.py
[2026-01-08T02:08:08.169+0000] {logging_mixin.py:190} INFO - [2026-01-08T02:08:08.168+0000] {dag.py:3211} INFO - Sync 1 DAGs
[2026-01-08T02:08:08.178+0000] {logging_mixin.py:190} INFO - [2026-01-08T02:08:08.178+0000] {dag.py:4138} INFO - Setting next_dagrun for example_sensors to None, run_after=None
[2026-01-08T02:08:08.193+0000] {processor.py:208} INFO - Processing /home/airflow/.local/lib/python3.12/site-packages/airflow/example_dags/example_sensors.py took 0.060 seconds
[2026-01-08T02:08:38.335+0000] {processor.py:186} INFO - Started process (PID=2577) to work on /home/airflow/.local/lib/python3.12/site-packages/airflow/example_dags/example_sensors.py
[2026-01-08T02:08:38.336+0000] {processor.py:914} INFO - Processing file /home/airflow/.local/lib/python3.12/site-packages/airflow/example_dags/example_sensors.py for tasks to queue
[2026-01-08T02:08:38.338+0000] {logging_mixin.py:190} INFO - [2026-01-08T02:08:38.338+0000] {dagbag.py:587} INFO - Filling up the DagBag from /home/airflow/.local/lib/python3.12/site-packages/airflow/example_dags/example_sensors.py
[2026-01-08T02:08:38.346+0000] {processor.py:925} INFO - DAG(s) 'example_sensors' retrieved from /home/airflow/.local/lib/python3.12/site-packages/airflow/example_dags/example_sensors.py
[2026-01-08T02:08:38.365+0000] {logging_mixin.py:190} INFO - [2026-01-08T02:08:38.365+0000] {dag.py:3211} INFO - Sync 1 DAGs
[2026-01-08T02:08:38.375+0000] {logging_mixin.py:190} INFO - [2026-01-08T02:08:38.375+0000] {dag.py:4138} INFO - Setting next_dagrun for example_sensors to None, run_after=None
[2026-01-08T02:08:38.393+0000] {processor.py:208} INFO - Processing /home/airflow/.local/lib/python3.12/site-packages/airflow/example_dags/example_sensors.py took 0.063 seconds
[2026-01-08T02:09:08.616+0000] {processor.py:186} INFO - Started process (PID=2640) to work on /home/airflow/.local/lib/python3.12/site-packages/airflow/example_dags/example_sensors.py
[2026-01-08T02:09:08.617+0000] {processor.py:914} INFO - Processing file /home/airflow/.local/lib/python3.12/site-packages/airflow/example_dags/example_sensors.py for tasks to queue
[2026-01-08T02:09:08.621+0000] {logging_mixin.py:190} INFO - [2026-01-08T02:09:08.620+0000] {dagbag.py:587} INFO - Filling up the DagBag from /home/airflow/.local/lib/python3.12/site-packages/airflow/example_dags/example_sensors.py
[2026-01-08T02:09:08.634+0000] {processor.py:925} INFO - DAG(s) 'example_sensors' retrieved from /home/airflow/.local/lib/python3.12/site-packages/airflow/example_dags/example_sensors.py
[2026-01-08T02:09:08.661+0000] {logging_mixin.py:190} INFO - [2026-01-08T02:09:08.661+0000] {dag.py:3211} INFO - Sync 1 DAGs
[2026-01-08T02:09:08.677+0000] {logging_mixin.py:190} INFO - [2026-01-08T02:09:08.676+0000] {dag.py:4138} INFO - Setting next_dagrun for example_sensors to None, run_after=None
[2026-01-08T02:09:08.694+0000] {processor.py:208} INFO - Processing /home/airflow/.local/lib/python3.12/site-packages/airflow/example_dags/example_sensors.py took 0.084 seconds
[2026-01-08T02:09:39.115+0000] {processor.py:186} INFO - Started process (PID=2703) to work on /home/airflow/.local/lib/python3.12/site-packages/airflow/example_dags/example_sensors.py
[2026-01-08T02:09:39.117+0000] {processor.py:914} INFO - Processing file /home/airflow/.local/lib/python3.12/site-packages/airflow/example_dags/example_sensors.py for tasks to queue
[2026-01-08T02:09:39.119+0000] {logging_mixin.py:190} INFO - [2026-01-08T02:09:39.119+0000] {dagbag.py:587} INFO - Filling up the DagBag from /home/airflow/.local/lib/python3.12/site-packages/airflow/example_dags/example_sensors.py
[2026-01-08T02:09:39.128+0000] {processor.py:925} INFO - DAG(s) 'example_sensors' retrieved from /home/airflow/.local/lib/python3.12/site-packages/airflow/example_dags/example_sensors.py
[2026-01-08T02:09:39.147+0000] {logging_mixin.py:190} INFO - [2026-01-08T02:09:39.147+0000] {dag.py:3211} INFO - Sync 1 DAGs
[2026-01-08T02:09:39.158+0000] {logging_mixin.py:190} INFO - [2026-01-08T02:09:39.158+0000] {dag.py:4138} INFO - Setting next_dagrun for example_sensors to None, run_after=None
[2026-01-08T02:09:39.175+0000] {processor.py:208} INFO - Processing /home/airflow/.local/lib/python3.12/site-packages/airflow/example_dags/example_sensors.py took 0.066 seconds
[2026-01-08T02:10:09.553+0000] {processor.py:186} INFO - Started process (PID=2766) to work on /home/airflow/.local/lib/python3.12/site-packages/airflow/example_dags/example_sensors.py
[2026-01-08T02:10:09.555+0000] {processor.py:914} INFO - Processing file /home/airflow/.local/lib/python3.12/site-packages/airflow/example_dags/example_sensors.py for tasks to queue
[2026-01-08T02:10:09.557+0000] {logging_mixin.py:190} INFO - [2026-01-08T02:10:09.557+0000] {dagbag.py:587} INFO - Filling up the DagBag from /home/airflow/.local/lib/python3.12/site-packages/airflow/example_dags/example_sensors.py
[2026-01-08T02:10:09.567+0000] {processor.py:925} INFO - DAG(s) 'example_sensors' retrieved from /home/airflow/.local/lib/python3.12/site-packages/airflow/example_dags/example_sensors.py
[2026-01-08T02:10:09.589+0000] {logging_mixin.py:190} INFO - [2026-01-08T02:10:09.589+0000] {dag.py:3211} INFO - Sync 1 DAGs
[2026-01-08T02:10:09.602+0000] {logging_mixin.py:190} INFO - [2026-01-08T02:10:09.602+0000] {dag.py:4138} INFO - Setting next_dagrun for example_sensors to None, run_after=None
[2026-01-08T02:10:09.621+0000] {processor.py:208} INFO - Processing /home/airflow/.local/lib/python3.12/site-packages/airflow/example_dags/example_sensors.py took 0.073 seconds
[2026-01-08T02:10:39.946+0000] {processor.py:186} INFO - Started process (PID=2828) to work on /home/airflow/.local/lib/python3.12/site-packages/airflow/example_dags/example_sensors.py
[2026-01-08T02:10:39.947+0000] {processor.py:914} INFO - Processing file /home/airflow/.local/lib/python3.12/site-packages/airflow/example_dags/example_sensors.py for tasks to queue
[2026-01-08T02:10:39.950+0000] {logging_mixin.py:190} INFO - [2026-01-08T02:10:39.950+0000] {dagbag.py:587} INFO - Filling up the DagBag from /home/airflow/.local/lib/python3.12/site-packages/airflow/example_dags/example_sensors.py
[2026-01-08T02:10:39.962+0000] {processor.py:925} INFO - DAG(s) 'example_sensors' retrieved from /home/airflow/.local/lib/python3.12/site-packages/airflow/example_dags/example_sensors.py
[2026-01-08T02:10:39.985+0000] {logging_mixin.py:190} INFO - [2026-01-08T02:10:39.985+0000] {dag.py:3211} INFO - Sync 1 DAGs
[2026-01-08T02:10:39.997+0000] {logging_mixin.py:190} INFO - [2026-01-08T02:10:39.997+0000] {dag.py:4138} INFO - Setting next_dagrun for example_sensors to None, run_after=None
[2026-01-08T02:10:40.017+0000] {processor.py:208} INFO - Processing /home/airflow/.local/lib/python3.12/site-packages/airflow/example_dags/example_sensors.py took 0.077 seconds
[2026-01-08T02:11:10.274+0000] {processor.py:186} INFO - Started process (PID=2891) to work on /home/airflow/.local/lib/python3.12/site-packages/airflow/example_dags/example_sensors.py
[2026-01-08T02:11:10.275+0000] {processor.py:914} INFO - Processing file /home/airflow/.local/lib/python3.12/site-packages/airflow/example_dags/example_sensors.py for tasks to queue
[2026-01-08T02:11:10.278+0000] {logging_mixin.py:190} INFO - [2026-01-08T02:11:10.277+0000] {dagbag.py:587} INFO - Filling up the DagBag from /home/airflow/.local/lib/python3.12/site-packages/airflow/example_dags/example_sensors.py
[2026-01-08T02:11:10.286+0000] {processor.py:925} INFO - DAG(s) 'example_sensors' retrieved from /home/airflow/.local/lib/python3.12/site-packages/airflow/example_dags/example_sensors.py
[2026-01-08T02:11:10.307+0000] {logging_mixin.py:190} INFO - [2026-01-08T02:11:10.306+0000] {dag.py:3211} INFO - Sync 1 DAGs
[2026-01-08T02:11:10.317+0000] {logging_mixin.py:190} INFO - [2026-01-08T02:11:10.317+0000] {dag.py:4138} INFO - Setting next_dagrun for example_sensors to None, run_after=None
[2026-01-08T02:11:10.333+0000] {processor.py:208} INFO - Processing /home/airflow/.local/lib/python3.12/site-packages/airflow/example_dags/example_sensors.py took 0.063 seconds
[2026-01-08T02:11:40.960+0000] {processor.py:186} INFO - Started process (PID=2954) to work on /home/airflow/.local/lib/python3.12/site-packages/airflow/example_dags/example_sensors.py
[2026-01-08T02:11:40.962+0000] {processor.py:914} INFO - Processing file /home/airflow/.local/lib/python3.12/site-packages/airflow/example_dags/example_sensors.py for tasks to queue
[2026-01-08T02:11:40.964+0000] {logging_mixin.py:190} INFO - [2026-01-08T02:11:40.964+0000] {dagbag.py:587} INFO - Filling up the DagBag from /home/airflow/.local/lib/python3.12/site-packages/airflow/example_dags/example_sensors.py
[2026-01-08T02:11:40.972+0000] {processor.py:925} INFO - DAG(s) 'example_sensors' retrieved from /home/airflow/.local/lib/python3.12/site-packages/airflow/example_dags/example_sensors.py
[2026-01-08T02:11:40.991+0000] {logging_mixin.py:190} INFO - [2026-01-08T02:11:40.990+0000] {dag.py:3211} INFO - Sync 1 DAGs
[2026-01-08T02:11:41.000+0000] {logging_mixin.py:190} INFO - [2026-01-08T02:11:41.000+0000] {dag.py:4138} INFO - Setting next_dagrun for example_sensors to None, run_after=None
[2026-01-08T02:11:41.015+0000] {processor.py:208} INFO - Processing /home/airflow/.local/lib/python3.12/site-packages/airflow/example_dags/example_sensors.py took 0.060 seconds
[2026-01-08T02:12:11.853+0000] {processor.py:186} INFO - Started process (PID=3018) to work on /home/airflow/.local/lib/python3.12/site-packages/airflow/example_dags/example_sensors.py
[2026-01-08T02:12:11.854+0000] {processor.py:914} INFO - Processing file /home/airflow/.local/lib/python3.12/site-packages/airflow/example_dags/example_sensors.py for tasks to queue
[2026-01-08T02:12:11.856+0000] {logging_mixin.py:190} INFO - [2026-01-08T02:12:11.856+0000] {dagbag.py:587} INFO - Filling up the DagBag from /home/airflow/.local/lib/python3.12/site-packages/airflow/example_dags/example_sensors.py
[2026-01-08T02:12:11.865+0000] {processor.py:925} INFO - DAG(s) 'example_sensors' retrieved from /home/airflow/.local/lib/python3.12/site-packages/airflow/example_dags/example_sensors.py
[2026-01-08T02:12:11.885+0000] {logging_mixin.py:190} INFO - [2026-01-08T02:12:11.885+0000] {dag.py:3211} INFO - Sync 1 DAGs
[2026-01-08T02:12:11.895+0000] {logging_mixin.py:190} INFO - [2026-01-08T02:12:11.895+0000] {dag.py:4138} INFO - Setting next_dagrun for example_sensors to None, run_after=None
[2026-01-08T02:12:11.911+0000] {processor.py:208} INFO - Processing /home/airflow/.local/lib/python3.12/site-packages/airflow/example_dags/example_sensors.py took 0.063 seconds
