[2026-01-08T01:48:22.638+0000] {processor.py:186} INFO - Started process (PID=86) to work on /home/airflow/.local/lib/python3.12/site-packages/airflow/example_dags/example_short_circuit_decorator.py
[2026-01-08T01:48:22.639+0000] {processor.py:914} INFO - Processing file /home/airflow/.local/lib/python3.12/site-packages/airflow/example_dags/example_short_circuit_decorator.py for tasks to queue
[2026-01-08T01:48:22.642+0000] {logging_mixin.py:190} INFO - [2026-01-08T01:48:22.641+0000] {dagbag.py:587} INFO - Filling up the DagBag from /home/airflow/.local/lib/python3.12/site-packages/airflow/example_dags/example_short_circuit_decorator.py
[2026-01-08T01:48:22.652+0000] {processor.py:925} INFO - DAG(s) 'example_short_circuit_decorator' retrieved from /home/airflow/.local/lib/python3.12/site-packages/airflow/example_dags/example_short_circuit_decorator.py
[2026-01-08T01:48:22.727+0000] {logging_mixin.py:190} INFO - [2026-01-08T01:48:22.727+0000] {override.py:1858} INFO - Created Permission View: can edit on DAG:example_short_circuit_decorator
[2026-01-08T01:48:22.735+0000] {logging_mixin.py:190} INFO - [2026-01-08T01:48:22.735+0000] {override.py:1858} INFO - Created Permission View: can read on DAG:example_short_circuit_decorator
[2026-01-08T01:48:22.742+0000] {logging_mixin.py:190} INFO - [2026-01-08T01:48:22.742+0000] {override.py:1858} INFO - Created Permission View: can delete on DAG:example_short_circuit_decorator
[2026-01-08T01:48:22.743+0000] {logging_mixin.py:190} INFO - [2026-01-08T01:48:22.743+0000] {dag.py:3211} INFO - Sync 1 DAGs
[2026-01-08T01:48:22.752+0000] {logging_mixin.py:190} INFO - [2026-01-08T01:48:22.752+0000] {dag.py:3234} INFO - Creating ORM DAG for example_short_circuit_decorator
[2026-01-08T01:48:22.760+0000] {logging_mixin.py:190} INFO - [2026-01-08T01:48:22.760+0000] {dag.py:4138} INFO - Setting next_dagrun for example_short_circuit_decorator to 2026-01-07 00:00:00+00:00, run_after=2026-01-08 00:00:00+00:00
[2026-01-08T01:48:22.773+0000] {processor.py:208} INFO - Processing /home/airflow/.local/lib/python3.12/site-packages/airflow/example_dags/example_short_circuit_decorator.py took 0.141 seconds
[2026-01-08T01:48:53.127+0000] {processor.py:186} INFO - Started process (PID=148) to work on /home/airflow/.local/lib/python3.12/site-packages/airflow/example_dags/example_short_circuit_decorator.py
[2026-01-08T01:48:53.129+0000] {processor.py:914} INFO - Processing file /home/airflow/.local/lib/python3.12/site-packages/airflow/example_dags/example_short_circuit_decorator.py for tasks to queue
[2026-01-08T01:48:53.131+0000] {logging_mixin.py:190} INFO - [2026-01-08T01:48:53.131+0000] {dagbag.py:587} INFO - Filling up the DagBag from /home/airflow/.local/lib/python3.12/site-packages/airflow/example_dags/example_short_circuit_decorator.py
[2026-01-08T01:48:53.139+0000] {processor.py:925} INFO - DAG(s) 'example_short_circuit_decorator' retrieved from /home/airflow/.local/lib/python3.12/site-packages/airflow/example_dags/example_short_circuit_decorator.py
[2026-01-08T01:48:53.156+0000] {logging_mixin.py:190} INFO - [2026-01-08T01:48:53.155+0000] {dag.py:3211} INFO - Sync 1 DAGs
[2026-01-08T01:48:53.172+0000] {logging_mixin.py:190} INFO - [2026-01-08T01:48:53.171+0000] {dag.py:4138} INFO - Setting next_dagrun for example_short_circuit_decorator to 2026-01-07 00:00:00+00:00, run_after=2026-01-08 00:00:00+00:00
[2026-01-08T01:48:53.188+0000] {processor.py:208} INFO - Processing /home/airflow/.local/lib/python3.12/site-packages/airflow/example_dags/example_short_circuit_decorator.py took 0.065 seconds
[2026-01-08T01:49:23.539+0000] {processor.py:186} INFO - Started process (PID=210) to work on /home/airflow/.local/lib/python3.12/site-packages/airflow/example_dags/example_short_circuit_decorator.py
[2026-01-08T01:49:23.540+0000] {processor.py:914} INFO - Processing file /home/airflow/.local/lib/python3.12/site-packages/airflow/example_dags/example_short_circuit_decorator.py for tasks to queue
[2026-01-08T01:49:23.542+0000] {logging_mixin.py:190} INFO - [2026-01-08T01:49:23.542+0000] {dagbag.py:587} INFO - Filling up the DagBag from /home/airflow/.local/lib/python3.12/site-packages/airflow/example_dags/example_short_circuit_decorator.py
[2026-01-08T01:49:23.550+0000] {processor.py:925} INFO - DAG(s) 'example_short_circuit_decorator' retrieved from /home/airflow/.local/lib/python3.12/site-packages/airflow/example_dags/example_short_circuit_decorator.py
[2026-01-08T01:49:23.567+0000] {logging_mixin.py:190} INFO - [2026-01-08T01:49:23.567+0000] {dag.py:3211} INFO - Sync 1 DAGs
[2026-01-08T01:49:23.584+0000] {logging_mixin.py:190} INFO - [2026-01-08T01:49:23.584+0000] {dag.py:4138} INFO - Setting next_dagrun for example_short_circuit_decorator to 2026-01-07 00:00:00+00:00, run_after=2026-01-08 00:00:00+00:00
[2026-01-08T01:49:23.597+0000] {processor.py:208} INFO - Processing /home/airflow/.local/lib/python3.12/site-packages/airflow/example_dags/example_short_circuit_decorator.py took 0.063 seconds
[2026-01-08T01:49:54.147+0000] {processor.py:186} INFO - Started process (PID=272) to work on /home/airflow/.local/lib/python3.12/site-packages/airflow/example_dags/example_short_circuit_decorator.py
[2026-01-08T01:49:54.149+0000] {processor.py:914} INFO - Processing file /home/airflow/.local/lib/python3.12/site-packages/airflow/example_dags/example_short_circuit_decorator.py for tasks to queue
[2026-01-08T01:49:54.152+0000] {logging_mixin.py:190} INFO - [2026-01-08T01:49:54.151+0000] {dagbag.py:587} INFO - Filling up the DagBag from /home/airflow/.local/lib/python3.12/site-packages/airflow/example_dags/example_short_circuit_decorator.py
[2026-01-08T01:49:54.161+0000] {processor.py:925} INFO - DAG(s) 'example_short_circuit_decorator' retrieved from /home/airflow/.local/lib/python3.12/site-packages/airflow/example_dags/example_short_circuit_decorator.py
[2026-01-08T01:49:54.181+0000] {logging_mixin.py:190} INFO - [2026-01-08T01:49:54.181+0000] {dag.py:3211} INFO - Sync 1 DAGs
[2026-01-08T01:49:54.201+0000] {logging_mixin.py:190} INFO - [2026-01-08T01:49:54.201+0000] {dag.py:4138} INFO - Setting next_dagrun for example_short_circuit_decorator to 2026-01-07 00:00:00+00:00, run_after=2026-01-08 00:00:00+00:00
[2026-01-08T01:49:54.222+0000] {processor.py:208} INFO - Processing /home/airflow/.local/lib/python3.12/site-packages/airflow/example_dags/example_short_circuit_decorator.py took 0.080 seconds
[2026-01-08T01:50:24.525+0000] {processor.py:186} INFO - Started process (PID=340) to work on /home/airflow/.local/lib/python3.12/site-packages/airflow/example_dags/example_short_circuit_decorator.py
[2026-01-08T01:50:24.527+0000] {processor.py:914} INFO - Processing file /home/airflow/.local/lib/python3.12/site-packages/airflow/example_dags/example_short_circuit_decorator.py for tasks to queue
[2026-01-08T01:50:24.529+0000] {logging_mixin.py:190} INFO - [2026-01-08T01:50:24.529+0000] {dagbag.py:587} INFO - Filling up the DagBag from /home/airflow/.local/lib/python3.12/site-packages/airflow/example_dags/example_short_circuit_decorator.py
[2026-01-08T01:50:24.537+0000] {processor.py:925} INFO - DAG(s) 'example_short_circuit_decorator' retrieved from /home/airflow/.local/lib/python3.12/site-packages/airflow/example_dags/example_short_circuit_decorator.py
[2026-01-08T01:50:24.554+0000] {logging_mixin.py:190} INFO - [2026-01-08T01:50:24.554+0000] {dag.py:3211} INFO - Sync 1 DAGs
[2026-01-08T01:50:24.570+0000] {logging_mixin.py:190} INFO - [2026-01-08T01:50:24.570+0000] {dag.py:4138} INFO - Setting next_dagrun for example_short_circuit_decorator to 2026-01-07 00:00:00+00:00, run_after=2026-01-08 00:00:00+00:00
[2026-01-08T01:50:24.584+0000] {processor.py:208} INFO - Processing /home/airflow/.local/lib/python3.12/site-packages/airflow/example_dags/example_short_circuit_decorator.py took 0.063 seconds
[2026-01-08T01:50:54.905+0000] {processor.py:186} INFO - Started process (PID=402) to work on /home/airflow/.local/lib/python3.12/site-packages/airflow/example_dags/example_short_circuit_decorator.py
[2026-01-08T01:50:54.906+0000] {processor.py:914} INFO - Processing file /home/airflow/.local/lib/python3.12/site-packages/airflow/example_dags/example_short_circuit_decorator.py for tasks to queue
[2026-01-08T01:50:54.909+0000] {logging_mixin.py:190} INFO - [2026-01-08T01:50:54.908+0000] {dagbag.py:587} INFO - Filling up the DagBag from /home/airflow/.local/lib/python3.12/site-packages/airflow/example_dags/example_short_circuit_decorator.py
[2026-01-08T01:50:54.916+0000] {processor.py:925} INFO - DAG(s) 'example_short_circuit_decorator' retrieved from /home/airflow/.local/lib/python3.12/site-packages/airflow/example_dags/example_short_circuit_decorator.py
[2026-01-08T01:50:54.933+0000] {logging_mixin.py:190} INFO - [2026-01-08T01:50:54.933+0000] {dag.py:3211} INFO - Sync 1 DAGs
[2026-01-08T01:50:54.949+0000] {logging_mixin.py:190} INFO - [2026-01-08T01:50:54.948+0000] {dag.py:4138} INFO - Setting next_dagrun for example_short_circuit_decorator to 2026-01-07 00:00:00+00:00, run_after=2026-01-08 00:00:00+00:00
[2026-01-08T01:50:54.964+0000] {processor.py:208} INFO - Processing /home/airflow/.local/lib/python3.12/site-packages/airflow/example_dags/example_short_circuit_decorator.py took 0.062 seconds
[2026-01-08T01:51:25.648+0000] {processor.py:186} INFO - Started process (PID=464) to work on /home/airflow/.local/lib/python3.12/site-packages/airflow/example_dags/example_short_circuit_decorator.py
[2026-01-08T01:51:25.649+0000] {processor.py:914} INFO - Processing file /home/airflow/.local/lib/python3.12/site-packages/airflow/example_dags/example_short_circuit_decorator.py for tasks to queue
[2026-01-08T01:51:25.652+0000] {logging_mixin.py:190} INFO - [2026-01-08T01:51:25.651+0000] {dagbag.py:587} INFO - Filling up the DagBag from /home/airflow/.local/lib/python3.12/site-packages/airflow/example_dags/example_short_circuit_decorator.py
[2026-01-08T01:51:25.659+0000] {processor.py:925} INFO - DAG(s) 'example_short_circuit_decorator' retrieved from /home/airflow/.local/lib/python3.12/site-packages/airflow/example_dags/example_short_circuit_decorator.py
[2026-01-08T01:51:25.677+0000] {logging_mixin.py:190} INFO - [2026-01-08T01:51:25.677+0000] {dag.py:3211} INFO - Sync 1 DAGs
[2026-01-08T01:51:25.693+0000] {logging_mixin.py:190} INFO - [2026-01-08T01:51:25.693+0000] {dag.py:4138} INFO - Setting next_dagrun for example_short_circuit_decorator to 2026-01-07 00:00:00+00:00, run_after=2026-01-08 00:00:00+00:00
[2026-01-08T01:51:25.709+0000] {processor.py:208} INFO - Processing /home/airflow/.local/lib/python3.12/site-packages/airflow/example_dags/example_short_circuit_decorator.py took 0.066 seconds
[2026-01-08T01:51:56.254+0000] {processor.py:186} INFO - Started process (PID=527) to work on /home/airflow/.local/lib/python3.12/site-packages/airflow/example_dags/example_short_circuit_decorator.py
[2026-01-08T01:51:56.255+0000] {processor.py:914} INFO - Processing file /home/airflow/.local/lib/python3.12/site-packages/airflow/example_dags/example_short_circuit_decorator.py for tasks to queue
[2026-01-08T01:51:56.258+0000] {logging_mixin.py:190} INFO - [2026-01-08T01:51:56.257+0000] {dagbag.py:587} INFO - Filling up the DagBag from /home/airflow/.local/lib/python3.12/site-packages/airflow/example_dags/example_short_circuit_decorator.py
[2026-01-08T01:51:56.266+0000] {processor.py:925} INFO - DAG(s) 'example_short_circuit_decorator' retrieved from /home/airflow/.local/lib/python3.12/site-packages/airflow/example_dags/example_short_circuit_decorator.py
[2026-01-08T01:51:56.283+0000] {logging_mixin.py:190} INFO - [2026-01-08T01:51:56.283+0000] {dag.py:3211} INFO - Sync 1 DAGs
[2026-01-08T01:51:56.299+0000] {logging_mixin.py:190} INFO - [2026-01-08T01:51:56.299+0000] {dag.py:4138} INFO - Setting next_dagrun for example_short_circuit_decorator to 2026-01-07 00:00:00+00:00, run_after=2026-01-08 00:00:00+00:00
[2026-01-08T01:51:56.312+0000] {processor.py:208} INFO - Processing /home/airflow/.local/lib/python3.12/site-packages/airflow/example_dags/example_short_circuit_decorator.py took 0.063 seconds
[2026-01-08T01:52:26.692+0000] {processor.py:186} INFO - Started process (PID=589) to work on /home/airflow/.local/lib/python3.12/site-packages/airflow/example_dags/example_short_circuit_decorator.py
[2026-01-08T01:52:26.693+0000] {processor.py:914} INFO - Processing file /home/airflow/.local/lib/python3.12/site-packages/airflow/example_dags/example_short_circuit_decorator.py for tasks to queue
[2026-01-08T01:52:26.696+0000] {logging_mixin.py:190} INFO - [2026-01-08T01:52:26.696+0000] {dagbag.py:587} INFO - Filling up the DagBag from /home/airflow/.local/lib/python3.12/site-packages/airflow/example_dags/example_short_circuit_decorator.py
[2026-01-08T01:52:26.704+0000] {processor.py:925} INFO - DAG(s) 'example_short_circuit_decorator' retrieved from /home/airflow/.local/lib/python3.12/site-packages/airflow/example_dags/example_short_circuit_decorator.py
[2026-01-08T01:52:26.720+0000] {logging_mixin.py:190} INFO - [2026-01-08T01:52:26.720+0000] {dag.py:3211} INFO - Sync 1 DAGs
[2026-01-08T01:52:26.735+0000] {logging_mixin.py:190} INFO - [2026-01-08T01:52:26.735+0000] {dag.py:4138} INFO - Setting next_dagrun for example_short_circuit_decorator to 2026-01-07 00:00:00+00:00, run_after=2026-01-08 00:00:00+00:00
[2026-01-08T01:52:26.750+0000] {processor.py:208} INFO - Processing /home/airflow/.local/lib/python3.12/site-packages/airflow/example_dags/example_short_circuit_decorator.py took 0.062 seconds
[2026-01-08T01:52:57.017+0000] {processor.py:186} INFO - Started process (PID=651) to work on /home/airflow/.local/lib/python3.12/site-packages/airflow/example_dags/example_short_circuit_decorator.py
[2026-01-08T01:52:57.018+0000] {processor.py:914} INFO - Processing file /home/airflow/.local/lib/python3.12/site-packages/airflow/example_dags/example_short_circuit_decorator.py for tasks to queue
[2026-01-08T01:52:57.020+0000] {logging_mixin.py:190} INFO - [2026-01-08T01:52:57.020+0000] {dagbag.py:587} INFO - Filling up the DagBag from /home/airflow/.local/lib/python3.12/site-packages/airflow/example_dags/example_short_circuit_decorator.py
[2026-01-08T01:52:57.028+0000] {processor.py:925} INFO - DAG(s) 'example_short_circuit_decorator' retrieved from /home/airflow/.local/lib/python3.12/site-packages/airflow/example_dags/example_short_circuit_decorator.py
[2026-01-08T01:52:57.048+0000] {logging_mixin.py:190} INFO - [2026-01-08T01:52:57.047+0000] {dag.py:3211} INFO - Sync 1 DAGs
[2026-01-08T01:52:57.068+0000] {logging_mixin.py:190} INFO - [2026-01-08T01:52:57.068+0000] {dag.py:4138} INFO - Setting next_dagrun for example_short_circuit_decorator to 2026-01-07 00:00:00+00:00, run_after=2026-01-08 00:00:00+00:00
[2026-01-08T01:52:57.085+0000] {processor.py:208} INFO - Processing /home/airflow/.local/lib/python3.12/site-packages/airflow/example_dags/example_short_circuit_decorator.py took 0.072 seconds
[2026-01-08T01:53:27.423+0000] {processor.py:186} INFO - Started process (PID=713) to work on /home/airflow/.local/lib/python3.12/site-packages/airflow/example_dags/example_short_circuit_decorator.py
[2026-01-08T01:53:27.424+0000] {processor.py:914} INFO - Processing file /home/airflow/.local/lib/python3.12/site-packages/airflow/example_dags/example_short_circuit_decorator.py for tasks to queue
[2026-01-08T01:53:27.427+0000] {logging_mixin.py:190} INFO - [2026-01-08T01:53:27.426+0000] {dagbag.py:587} INFO - Filling up the DagBag from /home/airflow/.local/lib/python3.12/site-packages/airflow/example_dags/example_short_circuit_decorator.py
[2026-01-08T01:53:27.434+0000] {processor.py:925} INFO - DAG(s) 'example_short_circuit_decorator' retrieved from /home/airflow/.local/lib/python3.12/site-packages/airflow/example_dags/example_short_circuit_decorator.py
[2026-01-08T01:53:27.452+0000] {logging_mixin.py:190} INFO - [2026-01-08T01:53:27.452+0000] {dag.py:3211} INFO - Sync 1 DAGs
[2026-01-08T01:53:27.469+0000] {logging_mixin.py:190} INFO - [2026-01-08T01:53:27.469+0000] {dag.py:4138} INFO - Setting next_dagrun for example_short_circuit_decorator to 2026-01-07 00:00:00+00:00, run_after=2026-01-08 00:00:00+00:00
[2026-01-08T01:53:27.490+0000] {processor.py:208} INFO - Processing /home/airflow/.local/lib/python3.12/site-packages/airflow/example_dags/example_short_circuit_decorator.py took 0.071 seconds
[2026-01-08T01:53:57.997+0000] {processor.py:186} INFO - Started process (PID=775) to work on /home/airflow/.local/lib/python3.12/site-packages/airflow/example_dags/example_short_circuit_decorator.py
[2026-01-08T01:53:57.998+0000] {processor.py:914} INFO - Processing file /home/airflow/.local/lib/python3.12/site-packages/airflow/example_dags/example_short_circuit_decorator.py for tasks to queue
[2026-01-08T01:53:58.000+0000] {logging_mixin.py:190} INFO - [2026-01-08T01:53:58.000+0000] {dagbag.py:587} INFO - Filling up the DagBag from /home/airflow/.local/lib/python3.12/site-packages/airflow/example_dags/example_short_circuit_decorator.py
[2026-01-08T01:53:58.009+0000] {processor.py:925} INFO - DAG(s) 'example_short_circuit_decorator' retrieved from /home/airflow/.local/lib/python3.12/site-packages/airflow/example_dags/example_short_circuit_decorator.py
[2026-01-08T01:53:58.026+0000] {logging_mixin.py:190} INFO - [2026-01-08T01:53:58.026+0000] {dag.py:3211} INFO - Sync 1 DAGs
[2026-01-08T01:53:58.043+0000] {logging_mixin.py:190} INFO - [2026-01-08T01:53:58.043+0000] {dag.py:4138} INFO - Setting next_dagrun for example_short_circuit_decorator to 2026-01-07 00:00:00+00:00, run_after=2026-01-08 00:00:00+00:00
[2026-01-08T01:53:58.059+0000] {processor.py:208} INFO - Processing /home/airflow/.local/lib/python3.12/site-packages/airflow/example_dags/example_short_circuit_decorator.py took 0.067 seconds
[2026-01-08T01:54:28.579+0000] {processor.py:186} INFO - Started process (PID=837) to work on /home/airflow/.local/lib/python3.12/site-packages/airflow/example_dags/example_short_circuit_decorator.py
[2026-01-08T01:54:28.580+0000] {processor.py:914} INFO - Processing file /home/airflow/.local/lib/python3.12/site-packages/airflow/example_dags/example_short_circuit_decorator.py for tasks to queue
[2026-01-08T01:54:28.582+0000] {logging_mixin.py:190} INFO - [2026-01-08T01:54:28.582+0000] {dagbag.py:587} INFO - Filling up the DagBag from /home/airflow/.local/lib/python3.12/site-packages/airflow/example_dags/example_short_circuit_decorator.py
[2026-01-08T01:54:28.589+0000] {processor.py:925} INFO - DAG(s) 'example_short_circuit_decorator' retrieved from /home/airflow/.local/lib/python3.12/site-packages/airflow/example_dags/example_short_circuit_decorator.py
[2026-01-08T01:54:28.607+0000] {logging_mixin.py:190} INFO - [2026-01-08T01:54:28.606+0000] {dag.py:3211} INFO - Sync 1 DAGs
[2026-01-08T01:54:28.622+0000] {logging_mixin.py:190} INFO - [2026-01-08T01:54:28.622+0000] {dag.py:4138} INFO - Setting next_dagrun for example_short_circuit_decorator to 2026-01-07 00:00:00+00:00, run_after=2026-01-08 00:00:00+00:00
[2026-01-08T01:54:28.637+0000] {processor.py:208} INFO - Processing /home/airflow/.local/lib/python3.12/site-packages/airflow/example_dags/example_short_circuit_decorator.py took 0.063 seconds
[2026-01-08T01:54:59.174+0000] {processor.py:186} INFO - Started process (PID=899) to work on /home/airflow/.local/lib/python3.12/site-packages/airflow/example_dags/example_short_circuit_decorator.py
[2026-01-08T01:54:59.175+0000] {processor.py:914} INFO - Processing file /home/airflow/.local/lib/python3.12/site-packages/airflow/example_dags/example_short_circuit_decorator.py for tasks to queue
[2026-01-08T01:54:59.177+0000] {logging_mixin.py:190} INFO - [2026-01-08T01:54:59.177+0000] {dagbag.py:587} INFO - Filling up the DagBag from /home/airflow/.local/lib/python3.12/site-packages/airflow/example_dags/example_short_circuit_decorator.py
[2026-01-08T01:54:59.184+0000] {processor.py:925} INFO - DAG(s) 'example_short_circuit_decorator' retrieved from /home/airflow/.local/lib/python3.12/site-packages/airflow/example_dags/example_short_circuit_decorator.py
[2026-01-08T01:54:59.201+0000] {logging_mixin.py:190} INFO - [2026-01-08T01:54:59.201+0000] {dag.py:3211} INFO - Sync 1 DAGs
[2026-01-08T01:54:59.216+0000] {logging_mixin.py:190} INFO - [2026-01-08T01:54:59.216+0000] {dag.py:4138} INFO - Setting next_dagrun for example_short_circuit_decorator to 2026-01-07 00:00:00+00:00, run_after=2026-01-08 00:00:00+00:00
[2026-01-08T01:54:59.231+0000] {processor.py:208} INFO - Processing /home/airflow/.local/lib/python3.12/site-packages/airflow/example_dags/example_short_circuit_decorator.py took 0.062 seconds
[2026-01-08T01:55:29.830+0000] {processor.py:186} INFO - Started process (PID=961) to work on /home/airflow/.local/lib/python3.12/site-packages/airflow/example_dags/example_short_circuit_decorator.py
[2026-01-08T01:55:29.831+0000] {processor.py:914} INFO - Processing file /home/airflow/.local/lib/python3.12/site-packages/airflow/example_dags/example_short_circuit_decorator.py for tasks to queue
[2026-01-08T01:55:29.833+0000] {logging_mixin.py:190} INFO - [2026-01-08T01:55:29.833+0000] {dagbag.py:587} INFO - Filling up the DagBag from /home/airflow/.local/lib/python3.12/site-packages/airflow/example_dags/example_short_circuit_decorator.py
[2026-01-08T01:55:29.841+0000] {processor.py:925} INFO - DAG(s) 'example_short_circuit_decorator' retrieved from /home/airflow/.local/lib/python3.12/site-packages/airflow/example_dags/example_short_circuit_decorator.py
[2026-01-08T01:55:29.859+0000] {logging_mixin.py:190} INFO - [2026-01-08T01:55:29.859+0000] {dag.py:3211} INFO - Sync 1 DAGs
[2026-01-08T01:55:29.874+0000] {logging_mixin.py:190} INFO - [2026-01-08T01:55:29.874+0000] {dag.py:4138} INFO - Setting next_dagrun for example_short_circuit_decorator to 2026-01-07 00:00:00+00:00, run_after=2026-01-08 00:00:00+00:00
[2026-01-08T01:55:29.891+0000] {processor.py:208} INFO - Processing /home/airflow/.local/lib/python3.12/site-packages/airflow/example_dags/example_short_circuit_decorator.py took 0.065 seconds
[2026-01-08T01:56:00.522+0000] {processor.py:186} INFO - Started process (PID=1023) to work on /home/airflow/.local/lib/python3.12/site-packages/airflow/example_dags/example_short_circuit_decorator.py
[2026-01-08T01:56:00.523+0000] {processor.py:914} INFO - Processing file /home/airflow/.local/lib/python3.12/site-packages/airflow/example_dags/example_short_circuit_decorator.py for tasks to queue
[2026-01-08T01:56:00.526+0000] {logging_mixin.py:190} INFO - [2026-01-08T01:56:00.525+0000] {dagbag.py:587} INFO - Filling up the DagBag from /home/airflow/.local/lib/python3.12/site-packages/airflow/example_dags/example_short_circuit_decorator.py
[2026-01-08T01:56:00.533+0000] {processor.py:925} INFO - DAG(s) 'example_short_circuit_decorator' retrieved from /home/airflow/.local/lib/python3.12/site-packages/airflow/example_dags/example_short_circuit_decorator.py
[2026-01-08T01:56:00.550+0000] {logging_mixin.py:190} INFO - [2026-01-08T01:56:00.550+0000] {dag.py:3211} INFO - Sync 1 DAGs
[2026-01-08T01:56:00.564+0000] {logging_mixin.py:190} INFO - [2026-01-08T01:56:00.564+0000] {dag.py:4138} INFO - Setting next_dagrun for example_short_circuit_decorator to 2026-01-07 00:00:00+00:00, run_after=2026-01-08 00:00:00+00:00
[2026-01-08T01:56:00.577+0000] {processor.py:208} INFO - Processing /home/airflow/.local/lib/python3.12/site-packages/airflow/example_dags/example_short_circuit_decorator.py took 0.060 seconds
[2026-01-08T01:56:30.926+0000] {processor.py:186} INFO - Started process (PID=1085) to work on /home/airflow/.local/lib/python3.12/site-packages/airflow/example_dags/example_short_circuit_decorator.py
[2026-01-08T01:56:30.927+0000] {processor.py:914} INFO - Processing file /home/airflow/.local/lib/python3.12/site-packages/airflow/example_dags/example_short_circuit_decorator.py for tasks to queue
[2026-01-08T01:56:30.930+0000] {logging_mixin.py:190} INFO - [2026-01-08T01:56:30.929+0000] {dagbag.py:587} INFO - Filling up the DagBag from /home/airflow/.local/lib/python3.12/site-packages/airflow/example_dags/example_short_circuit_decorator.py
[2026-01-08T01:56:30.937+0000] {processor.py:925} INFO - DAG(s) 'example_short_circuit_decorator' retrieved from /home/airflow/.local/lib/python3.12/site-packages/airflow/example_dags/example_short_circuit_decorator.py
[2026-01-08T01:56:30.953+0000] {logging_mixin.py:190} INFO - [2026-01-08T01:56:30.953+0000] {dag.py:3211} INFO - Sync 1 DAGs
[2026-01-08T01:56:30.968+0000] {logging_mixin.py:190} INFO - [2026-01-08T01:56:30.968+0000] {dag.py:4138} INFO - Setting next_dagrun for example_short_circuit_decorator to 2026-01-07 00:00:00+00:00, run_after=2026-01-08 00:00:00+00:00
[2026-01-08T01:56:30.982+0000] {processor.py:208} INFO - Processing /home/airflow/.local/lib/python3.12/site-packages/airflow/example_dags/example_short_circuit_decorator.py took 0.060 seconds
[2026-01-08T01:57:01.368+0000] {processor.py:186} INFO - Started process (PID=1147) to work on /home/airflow/.local/lib/python3.12/site-packages/airflow/example_dags/example_short_circuit_decorator.py
[2026-01-08T01:57:01.369+0000] {processor.py:914} INFO - Processing file /home/airflow/.local/lib/python3.12/site-packages/airflow/example_dags/example_short_circuit_decorator.py for tasks to queue
[2026-01-08T01:57:01.372+0000] {logging_mixin.py:190} INFO - [2026-01-08T01:57:01.372+0000] {dagbag.py:587} INFO - Filling up the DagBag from /home/airflow/.local/lib/python3.12/site-packages/airflow/example_dags/example_short_circuit_decorator.py
[2026-01-08T01:57:01.382+0000] {processor.py:925} INFO - DAG(s) 'example_short_circuit_decorator' retrieved from /home/airflow/.local/lib/python3.12/site-packages/airflow/example_dags/example_short_circuit_decorator.py
[2026-01-08T01:57:01.398+0000] {logging_mixin.py:190} INFO - [2026-01-08T01:57:01.398+0000] {dag.py:3211} INFO - Sync 1 DAGs
[2026-01-08T01:57:01.414+0000] {logging_mixin.py:190} INFO - [2026-01-08T01:57:01.414+0000] {dag.py:4138} INFO - Setting next_dagrun for example_short_circuit_decorator to 2026-01-07 00:00:00+00:00, run_after=2026-01-08 00:00:00+00:00
[2026-01-08T01:57:01.430+0000] {processor.py:208} INFO - Processing /home/airflow/.local/lib/python3.12/site-packages/airflow/example_dags/example_short_circuit_decorator.py took 0.066 seconds
[2026-01-08T01:57:31.792+0000] {processor.py:186} INFO - Started process (PID=1209) to work on /home/airflow/.local/lib/python3.12/site-packages/airflow/example_dags/example_short_circuit_decorator.py
[2026-01-08T01:57:31.793+0000] {processor.py:914} INFO - Processing file /home/airflow/.local/lib/python3.12/site-packages/airflow/example_dags/example_short_circuit_decorator.py for tasks to queue
[2026-01-08T01:57:31.795+0000] {logging_mixin.py:190} INFO - [2026-01-08T01:57:31.795+0000] {dagbag.py:587} INFO - Filling up the DagBag from /home/airflow/.local/lib/python3.12/site-packages/airflow/example_dags/example_short_circuit_decorator.py
[2026-01-08T01:57:31.803+0000] {processor.py:925} INFO - DAG(s) 'example_short_circuit_decorator' retrieved from /home/airflow/.local/lib/python3.12/site-packages/airflow/example_dags/example_short_circuit_decorator.py
[2026-01-08T01:57:31.819+0000] {logging_mixin.py:190} INFO - [2026-01-08T01:57:31.819+0000] {dag.py:3211} INFO - Sync 1 DAGs
[2026-01-08T01:57:31.834+0000] {logging_mixin.py:190} INFO - [2026-01-08T01:57:31.834+0000] {dag.py:4138} INFO - Setting next_dagrun for example_short_circuit_decorator to 2026-01-07 00:00:00+00:00, run_after=2026-01-08 00:00:00+00:00
[2026-01-08T01:57:31.849+0000] {processor.py:208} INFO - Processing /home/airflow/.local/lib/python3.12/site-packages/airflow/example_dags/example_short_circuit_decorator.py took 0.062 seconds
[2026-01-08T01:58:02.280+0000] {processor.py:186} INFO - Started process (PID=1271) to work on /home/airflow/.local/lib/python3.12/site-packages/airflow/example_dags/example_short_circuit_decorator.py
[2026-01-08T01:58:02.281+0000] {processor.py:914} INFO - Processing file /home/airflow/.local/lib/python3.12/site-packages/airflow/example_dags/example_short_circuit_decorator.py for tasks to queue
[2026-01-08T01:58:02.283+0000] {logging_mixin.py:190} INFO - [2026-01-08T01:58:02.283+0000] {dagbag.py:587} INFO - Filling up the DagBag from /home/airflow/.local/lib/python3.12/site-packages/airflow/example_dags/example_short_circuit_decorator.py
[2026-01-08T01:58:02.290+0000] {processor.py:925} INFO - DAG(s) 'example_short_circuit_decorator' retrieved from /home/airflow/.local/lib/python3.12/site-packages/airflow/example_dags/example_short_circuit_decorator.py
[2026-01-08T01:58:02.308+0000] {logging_mixin.py:190} INFO - [2026-01-08T01:58:02.308+0000] {dag.py:3211} INFO - Sync 1 DAGs
[2026-01-08T01:58:02.323+0000] {logging_mixin.py:190} INFO - [2026-01-08T01:58:02.323+0000] {dag.py:4138} INFO - Setting next_dagrun for example_short_circuit_decorator to 2026-01-07 00:00:00+00:00, run_after=2026-01-08 00:00:00+00:00
[2026-01-08T01:58:02.339+0000] {processor.py:208} INFO - Processing /home/airflow/.local/lib/python3.12/site-packages/airflow/example_dags/example_short_circuit_decorator.py took 0.063 seconds
[2026-01-08T01:58:32.858+0000] {processor.py:186} INFO - Started process (PID=1334) to work on /home/airflow/.local/lib/python3.12/site-packages/airflow/example_dags/example_short_circuit_decorator.py
[2026-01-08T01:58:32.859+0000] {processor.py:914} INFO - Processing file /home/airflow/.local/lib/python3.12/site-packages/airflow/example_dags/example_short_circuit_decorator.py for tasks to queue
[2026-01-08T01:58:32.862+0000] {logging_mixin.py:190} INFO - [2026-01-08T01:58:32.861+0000] {dagbag.py:587} INFO - Filling up the DagBag from /home/airflow/.local/lib/python3.12/site-packages/airflow/example_dags/example_short_circuit_decorator.py
[2026-01-08T01:58:32.870+0000] {processor.py:925} INFO - DAG(s) 'example_short_circuit_decorator' retrieved from /home/airflow/.local/lib/python3.12/site-packages/airflow/example_dags/example_short_circuit_decorator.py
[2026-01-08T01:58:32.888+0000] {logging_mixin.py:190} INFO - [2026-01-08T01:58:32.887+0000] {dag.py:3211} INFO - Sync 1 DAGs
[2026-01-08T01:58:32.904+0000] {logging_mixin.py:190} INFO - [2026-01-08T01:58:32.904+0000] {dag.py:4138} INFO - Setting next_dagrun for example_short_circuit_decorator to 2026-01-07 00:00:00+00:00, run_after=2026-01-08 00:00:00+00:00
[2026-01-08T01:58:32.920+0000] {processor.py:208} INFO - Processing /home/airflow/.local/lib/python3.12/site-packages/airflow/example_dags/example_short_circuit_decorator.py took 0.066 seconds
[2026-01-08T01:59:03.132+0000] {processor.py:186} INFO - Started process (PID=1397) to work on /home/airflow/.local/lib/python3.12/site-packages/airflow/example_dags/example_short_circuit_decorator.py
[2026-01-08T01:59:03.133+0000] {processor.py:914} INFO - Processing file /home/airflow/.local/lib/python3.12/site-packages/airflow/example_dags/example_short_circuit_decorator.py for tasks to queue
[2026-01-08T01:59:03.136+0000] {logging_mixin.py:190} INFO - [2026-01-08T01:59:03.135+0000] {dagbag.py:587} INFO - Filling up the DagBag from /home/airflow/.local/lib/python3.12/site-packages/airflow/example_dags/example_short_circuit_decorator.py
[2026-01-08T01:59:03.145+0000] {processor.py:925} INFO - DAG(s) 'example_short_circuit_decorator' retrieved from /home/airflow/.local/lib/python3.12/site-packages/airflow/example_dags/example_short_circuit_decorator.py
[2026-01-08T01:59:03.162+0000] {logging_mixin.py:190} INFO - [2026-01-08T01:59:03.162+0000] {dag.py:3211} INFO - Sync 1 DAGs
[2026-01-08T01:59:03.180+0000] {logging_mixin.py:190} INFO - [2026-01-08T01:59:03.180+0000] {dag.py:4138} INFO - Setting next_dagrun for example_short_circuit_decorator to 2026-01-07 00:00:00+00:00, run_after=2026-01-08 00:00:00+00:00
[2026-01-08T01:59:03.195+0000] {processor.py:208} INFO - Processing /home/airflow/.local/lib/python3.12/site-packages/airflow/example_dags/example_short_circuit_decorator.py took 0.068 seconds
[2026-01-08T01:59:33.479+0000] {processor.py:186} INFO - Started process (PID=1460) to work on /home/airflow/.local/lib/python3.12/site-packages/airflow/example_dags/example_short_circuit_decorator.py
[2026-01-08T01:59:33.480+0000] {processor.py:914} INFO - Processing file /home/airflow/.local/lib/python3.12/site-packages/airflow/example_dags/example_short_circuit_decorator.py for tasks to queue
[2026-01-08T01:59:33.482+0000] {logging_mixin.py:190} INFO - [2026-01-08T01:59:33.482+0000] {dagbag.py:587} INFO - Filling up the DagBag from /home/airflow/.local/lib/python3.12/site-packages/airflow/example_dags/example_short_circuit_decorator.py
[2026-01-08T01:59:33.490+0000] {processor.py:925} INFO - DAG(s) 'example_short_circuit_decorator' retrieved from /home/airflow/.local/lib/python3.12/site-packages/airflow/example_dags/example_short_circuit_decorator.py
[2026-01-08T01:59:33.506+0000] {logging_mixin.py:190} INFO - [2026-01-08T01:59:33.506+0000] {dag.py:3211} INFO - Sync 1 DAGs
[2026-01-08T01:59:33.522+0000] {logging_mixin.py:190} INFO - [2026-01-08T01:59:33.522+0000] {dag.py:4138} INFO - Setting next_dagrun for example_short_circuit_decorator to 2026-01-07 00:00:00+00:00, run_after=2026-01-08 00:00:00+00:00
[2026-01-08T01:59:33.536+0000] {processor.py:208} INFO - Processing /home/airflow/.local/lib/python3.12/site-packages/airflow/example_dags/example_short_circuit_decorator.py took 0.062 seconds
[2026-01-08T02:00:03.975+0000] {processor.py:186} INFO - Started process (PID=1523) to work on /home/airflow/.local/lib/python3.12/site-packages/airflow/example_dags/example_short_circuit_decorator.py
[2026-01-08T02:00:03.976+0000] {processor.py:914} INFO - Processing file /home/airflow/.local/lib/python3.12/site-packages/airflow/example_dags/example_short_circuit_decorator.py for tasks to queue
[2026-01-08T02:00:03.978+0000] {logging_mixin.py:190} INFO - [2026-01-08T02:00:03.978+0000] {dagbag.py:587} INFO - Filling up the DagBag from /home/airflow/.local/lib/python3.12/site-packages/airflow/example_dags/example_short_circuit_decorator.py
[2026-01-08T02:00:03.986+0000] {processor.py:925} INFO - DAG(s) 'example_short_circuit_decorator' retrieved from /home/airflow/.local/lib/python3.12/site-packages/airflow/example_dags/example_short_circuit_decorator.py
[2026-01-08T02:00:04.003+0000] {logging_mixin.py:190} INFO - [2026-01-08T02:00:04.003+0000] {dag.py:3211} INFO - Sync 1 DAGs
[2026-01-08T02:00:04.019+0000] {logging_mixin.py:190} INFO - [2026-01-08T02:00:04.019+0000] {dag.py:4138} INFO - Setting next_dagrun for example_short_circuit_decorator to 2026-01-07 00:00:00+00:00, run_after=2026-01-08 00:00:00+00:00
[2026-01-08T02:00:04.031+0000] {processor.py:208} INFO - Processing /home/airflow/.local/lib/python3.12/site-packages/airflow/example_dags/example_short_circuit_decorator.py took 0.061 seconds
[2026-01-08T02:00:34.700+0000] {processor.py:186} INFO - Started process (PID=1586) to work on /home/airflow/.local/lib/python3.12/site-packages/airflow/example_dags/example_short_circuit_decorator.py
[2026-01-08T02:00:34.702+0000] {processor.py:914} INFO - Processing file /home/airflow/.local/lib/python3.12/site-packages/airflow/example_dags/example_short_circuit_decorator.py for tasks to queue
[2026-01-08T02:00:34.704+0000] {logging_mixin.py:190} INFO - [2026-01-08T02:00:34.704+0000] {dagbag.py:587} INFO - Filling up the DagBag from /home/airflow/.local/lib/python3.12/site-packages/airflow/example_dags/example_short_circuit_decorator.py
[2026-01-08T02:00:34.712+0000] {processor.py:925} INFO - DAG(s) 'example_short_circuit_decorator' retrieved from /home/airflow/.local/lib/python3.12/site-packages/airflow/example_dags/example_short_circuit_decorator.py
[2026-01-08T02:00:34.731+0000] {logging_mixin.py:190} INFO - [2026-01-08T02:00:34.731+0000] {dag.py:3211} INFO - Sync 1 DAGs
[2026-01-08T02:00:34.747+0000] {logging_mixin.py:190} INFO - [2026-01-08T02:00:34.747+0000] {dag.py:4138} INFO - Setting next_dagrun for example_short_circuit_decorator to 2026-01-07 00:00:00+00:00, run_after=2026-01-08 00:00:00+00:00
[2026-01-08T02:00:34.765+0000] {processor.py:208} INFO - Processing /home/airflow/.local/lib/python3.12/site-packages/airflow/example_dags/example_short_circuit_decorator.py took 0.070 seconds
[2026-01-08T02:01:05.351+0000] {processor.py:186} INFO - Started process (PID=1649) to work on /home/airflow/.local/lib/python3.12/site-packages/airflow/example_dags/example_short_circuit_decorator.py
[2026-01-08T02:01:05.353+0000] {processor.py:914} INFO - Processing file /home/airflow/.local/lib/python3.12/site-packages/airflow/example_dags/example_short_circuit_decorator.py for tasks to queue
[2026-01-08T02:01:05.356+0000] {logging_mixin.py:190} INFO - [2026-01-08T02:01:05.355+0000] {dagbag.py:587} INFO - Filling up the DagBag from /home/airflow/.local/lib/python3.12/site-packages/airflow/example_dags/example_short_circuit_decorator.py
[2026-01-08T02:01:05.364+0000] {processor.py:925} INFO - DAG(s) 'example_short_circuit_decorator' retrieved from /home/airflow/.local/lib/python3.12/site-packages/airflow/example_dags/example_short_circuit_decorator.py
[2026-01-08T02:01:05.383+0000] {logging_mixin.py:190} INFO - [2026-01-08T02:01:05.383+0000] {dag.py:3211} INFO - Sync 1 DAGs
[2026-01-08T02:01:05.400+0000] {logging_mixin.py:190} INFO - [2026-01-08T02:01:05.400+0000] {dag.py:4138} INFO - Setting next_dagrun for example_short_circuit_decorator to 2026-01-07 00:00:00+00:00, run_after=2026-01-08 00:00:00+00:00
[2026-01-08T02:01:05.417+0000] {processor.py:208} INFO - Processing /home/airflow/.local/lib/python3.12/site-packages/airflow/example_dags/example_short_circuit_decorator.py took 0.070 seconds
[2026-01-08T02:01:36.102+0000] {processor.py:186} INFO - Started process (PID=1712) to work on /home/airflow/.local/lib/python3.12/site-packages/airflow/example_dags/example_short_circuit_decorator.py
[2026-01-08T02:01:36.103+0000] {processor.py:914} INFO - Processing file /home/airflow/.local/lib/python3.12/site-packages/airflow/example_dags/example_short_circuit_decorator.py for tasks to queue
[2026-01-08T02:01:36.106+0000] {logging_mixin.py:190} INFO - [2026-01-08T02:01:36.105+0000] {dagbag.py:587} INFO - Filling up the DagBag from /home/airflow/.local/lib/python3.12/site-packages/airflow/example_dags/example_short_circuit_decorator.py
[2026-01-08T02:01:36.114+0000] {processor.py:925} INFO - DAG(s) 'example_short_circuit_decorator' retrieved from /home/airflow/.local/lib/python3.12/site-packages/airflow/example_dags/example_short_circuit_decorator.py
[2026-01-08T02:01:36.134+0000] {logging_mixin.py:190} INFO - [2026-01-08T02:01:36.134+0000] {dag.py:3211} INFO - Sync 1 DAGs
[2026-01-08T02:01:36.152+0000] {logging_mixin.py:190} INFO - [2026-01-08T02:01:36.152+0000] {dag.py:4138} INFO - Setting next_dagrun for example_short_circuit_decorator to 2026-01-07 00:00:00+00:00, run_after=2026-01-08 00:00:00+00:00
[2026-01-08T02:01:36.170+0000] {processor.py:208} INFO - Processing /home/airflow/.local/lib/python3.12/site-packages/airflow/example_dags/example_short_circuit_decorator.py took 0.073 seconds
[2026-01-08T02:02:07.050+0000] {processor.py:186} INFO - Started process (PID=1775) to work on /home/airflow/.local/lib/python3.12/site-packages/airflow/example_dags/example_short_circuit_decorator.py
[2026-01-08T02:02:07.051+0000] {processor.py:914} INFO - Processing file /home/airflow/.local/lib/python3.12/site-packages/airflow/example_dags/example_short_circuit_decorator.py for tasks to queue
[2026-01-08T02:02:07.054+0000] {logging_mixin.py:190} INFO - [2026-01-08T02:02:07.054+0000] {dagbag.py:587} INFO - Filling up the DagBag from /home/airflow/.local/lib/python3.12/site-packages/airflow/example_dags/example_short_circuit_decorator.py
[2026-01-08T02:02:07.061+0000] {processor.py:925} INFO - DAG(s) 'example_short_circuit_decorator' retrieved from /home/airflow/.local/lib/python3.12/site-packages/airflow/example_dags/example_short_circuit_decorator.py
[2026-01-08T02:02:07.078+0000] {logging_mixin.py:190} INFO - [2026-01-08T02:02:07.078+0000] {dag.py:3211} INFO - Sync 1 DAGs
[2026-01-08T02:02:07.094+0000] {logging_mixin.py:190} INFO - [2026-01-08T02:02:07.094+0000] {dag.py:4138} INFO - Setting next_dagrun for example_short_circuit_decorator to 2026-01-07 00:00:00+00:00, run_after=2026-01-08 00:00:00+00:00
[2026-01-08T02:02:07.111+0000] {processor.py:208} INFO - Processing /home/airflow/.local/lib/python3.12/site-packages/airflow/example_dags/example_short_circuit_decorator.py took 0.065 seconds
[2026-01-08T02:02:37.998+0000] {processor.py:186} INFO - Started process (PID=1838) to work on /home/airflow/.local/lib/python3.12/site-packages/airflow/example_dags/example_short_circuit_decorator.py
[2026-01-08T02:02:37.999+0000] {processor.py:914} INFO - Processing file /home/airflow/.local/lib/python3.12/site-packages/airflow/example_dags/example_short_circuit_decorator.py for tasks to queue
[2026-01-08T02:02:38.002+0000] {logging_mixin.py:190} INFO - [2026-01-08T02:02:38.001+0000] {dagbag.py:587} INFO - Filling up the DagBag from /home/airflow/.local/lib/python3.12/site-packages/airflow/example_dags/example_short_circuit_decorator.py
[2026-01-08T02:02:38.009+0000] {processor.py:925} INFO - DAG(s) 'example_short_circuit_decorator' retrieved from /home/airflow/.local/lib/python3.12/site-packages/airflow/example_dags/example_short_circuit_decorator.py
[2026-01-08T02:02:38.028+0000] {logging_mixin.py:190} INFO - [2026-01-08T02:02:38.027+0000] {dag.py:3211} INFO - Sync 1 DAGs
[2026-01-08T02:02:38.043+0000] {logging_mixin.py:190} INFO - [2026-01-08T02:02:38.043+0000] {dag.py:4138} INFO - Setting next_dagrun for example_short_circuit_decorator to 2026-01-07 00:00:00+00:00, run_after=2026-01-08 00:00:00+00:00
[2026-01-08T02:02:38.056+0000] {processor.py:208} INFO - Processing /home/airflow/.local/lib/python3.12/site-packages/airflow/example_dags/example_short_circuit_decorator.py took 0.063 seconds
[2026-01-08T02:03:09.180+0000] {processor.py:186} INFO - Started process (PID=1902) to work on /home/airflow/.local/lib/python3.12/site-packages/airflow/example_dags/example_short_circuit_decorator.py
[2026-01-08T02:03:09.181+0000] {processor.py:914} INFO - Processing file /home/airflow/.local/lib/python3.12/site-packages/airflow/example_dags/example_short_circuit_decorator.py for tasks to queue
[2026-01-08T02:03:09.184+0000] {logging_mixin.py:190} INFO - [2026-01-08T02:03:09.183+0000] {dagbag.py:587} INFO - Filling up the DagBag from /home/airflow/.local/lib/python3.12/site-packages/airflow/example_dags/example_short_circuit_decorator.py
[2026-01-08T02:03:09.192+0000] {processor.py:925} INFO - DAG(s) 'example_short_circuit_decorator' retrieved from /home/airflow/.local/lib/python3.12/site-packages/airflow/example_dags/example_short_circuit_decorator.py
[2026-01-08T02:03:09.209+0000] {logging_mixin.py:190} INFO - [2026-01-08T02:03:09.208+0000] {dag.py:3211} INFO - Sync 1 DAGs
[2026-01-08T02:03:09.226+0000] {logging_mixin.py:190} INFO - [2026-01-08T02:03:09.225+0000] {dag.py:4138} INFO - Setting next_dagrun for example_short_circuit_decorator to 2026-01-07 00:00:00+00:00, run_after=2026-01-08 00:00:00+00:00
[2026-01-08T02:03:09.240+0000] {processor.py:208} INFO - Processing /home/airflow/.local/lib/python3.12/site-packages/airflow/example_dags/example_short_circuit_decorator.py took 0.066 seconds
[2026-01-08T02:03:39.655+0000] {processor.py:186} INFO - Started process (PID=1966) to work on /home/airflow/.local/lib/python3.12/site-packages/airflow/example_dags/example_short_circuit_decorator.py
[2026-01-08T02:03:39.657+0000] {processor.py:914} INFO - Processing file /home/airflow/.local/lib/python3.12/site-packages/airflow/example_dags/example_short_circuit_decorator.py for tasks to queue
[2026-01-08T02:03:39.659+0000] {logging_mixin.py:190} INFO - [2026-01-08T02:03:39.658+0000] {dagbag.py:587} INFO - Filling up the DagBag from /home/airflow/.local/lib/python3.12/site-packages/airflow/example_dags/example_short_circuit_decorator.py
[2026-01-08T02:03:39.667+0000] {processor.py:925} INFO - DAG(s) 'example_short_circuit_decorator' retrieved from /home/airflow/.local/lib/python3.12/site-packages/airflow/example_dags/example_short_circuit_decorator.py
[2026-01-08T02:03:39.684+0000] {logging_mixin.py:190} INFO - [2026-01-08T02:03:39.684+0000] {dag.py:3211} INFO - Sync 1 DAGs
[2026-01-08T02:03:39.699+0000] {logging_mixin.py:190} INFO - [2026-01-08T02:03:39.699+0000] {dag.py:4138} INFO - Setting next_dagrun for example_short_circuit_decorator to 2026-01-07 00:00:00+00:00, run_after=2026-01-08 00:00:00+00:00
[2026-01-08T02:03:39.714+0000] {processor.py:208} INFO - Processing /home/airflow/.local/lib/python3.12/site-packages/airflow/example_dags/example_short_circuit_decorator.py took 0.063 seconds
[2026-01-08T02:04:09.986+0000] {processor.py:186} INFO - Started process (PID=2029) to work on /home/airflow/.local/lib/python3.12/site-packages/airflow/example_dags/example_short_circuit_decorator.py
[2026-01-08T02:04:09.987+0000] {processor.py:914} INFO - Processing file /home/airflow/.local/lib/python3.12/site-packages/airflow/example_dags/example_short_circuit_decorator.py for tasks to queue
[2026-01-08T02:04:09.989+0000] {logging_mixin.py:190} INFO - [2026-01-08T02:04:09.989+0000] {dagbag.py:587} INFO - Filling up the DagBag from /home/airflow/.local/lib/python3.12/site-packages/airflow/example_dags/example_short_circuit_decorator.py
[2026-01-08T02:04:09.997+0000] {processor.py:925} INFO - DAG(s) 'example_short_circuit_decorator' retrieved from /home/airflow/.local/lib/python3.12/site-packages/airflow/example_dags/example_short_circuit_decorator.py
[2026-01-08T02:04:10.014+0000] {logging_mixin.py:190} INFO - [2026-01-08T02:04:10.013+0000] {dag.py:3211} INFO - Sync 1 DAGs
[2026-01-08T02:04:10.028+0000] {logging_mixin.py:190} INFO - [2026-01-08T02:04:10.028+0000] {dag.py:4138} INFO - Setting next_dagrun for example_short_circuit_decorator to 2026-01-07 00:00:00+00:00, run_after=2026-01-08 00:00:00+00:00
[2026-01-08T02:04:10.042+0000] {processor.py:208} INFO - Processing /home/airflow/.local/lib/python3.12/site-packages/airflow/example_dags/example_short_circuit_decorator.py took 0.061 seconds
[2026-01-08T02:04:41.114+0000] {processor.py:186} INFO - Started process (PID=2092) to work on /home/airflow/.local/lib/python3.12/site-packages/airflow/example_dags/example_short_circuit_decorator.py
[2026-01-08T02:04:41.115+0000] {processor.py:914} INFO - Processing file /home/airflow/.local/lib/python3.12/site-packages/airflow/example_dags/example_short_circuit_decorator.py for tasks to queue
[2026-01-08T02:04:41.117+0000] {logging_mixin.py:190} INFO - [2026-01-08T02:04:41.117+0000] {dagbag.py:587} INFO - Filling up the DagBag from /home/airflow/.local/lib/python3.12/site-packages/airflow/example_dags/example_short_circuit_decorator.py
[2026-01-08T02:04:41.126+0000] {processor.py:925} INFO - DAG(s) 'example_short_circuit_decorator' retrieved from /home/airflow/.local/lib/python3.12/site-packages/airflow/example_dags/example_short_circuit_decorator.py
[2026-01-08T02:04:41.143+0000] {logging_mixin.py:190} INFO - [2026-01-08T02:04:41.143+0000] {dag.py:3211} INFO - Sync 1 DAGs
[2026-01-08T02:04:41.162+0000] {logging_mixin.py:190} INFO - [2026-01-08T02:04:41.162+0000] {dag.py:4138} INFO - Setting next_dagrun for example_short_circuit_decorator to 2026-01-07 00:00:00+00:00, run_after=2026-01-08 00:00:00+00:00
[2026-01-08T02:04:41.177+0000] {processor.py:208} INFO - Processing /home/airflow/.local/lib/python3.12/site-packages/airflow/example_dags/example_short_circuit_decorator.py took 0.068 seconds
[2026-01-08T02:05:12.427+0000] {processor.py:186} INFO - Started process (PID=2155) to work on /home/airflow/.local/lib/python3.12/site-packages/airflow/example_dags/example_short_circuit_decorator.py
[2026-01-08T02:05:12.428+0000] {processor.py:914} INFO - Processing file /home/airflow/.local/lib/python3.12/site-packages/airflow/example_dags/example_short_circuit_decorator.py for tasks to queue
[2026-01-08T02:05:12.430+0000] {logging_mixin.py:190} INFO - [2026-01-08T02:05:12.430+0000] {dagbag.py:587} INFO - Filling up the DagBag from /home/airflow/.local/lib/python3.12/site-packages/airflow/example_dags/example_short_circuit_decorator.py
[2026-01-08T02:05:12.438+0000] {processor.py:925} INFO - DAG(s) 'example_short_circuit_decorator' retrieved from /home/airflow/.local/lib/python3.12/site-packages/airflow/example_dags/example_short_circuit_decorator.py
[2026-01-08T02:05:12.457+0000] {logging_mixin.py:190} INFO - [2026-01-08T02:05:12.456+0000] {dag.py:3211} INFO - Sync 1 DAGs
[2026-01-08T02:05:12.472+0000] {logging_mixin.py:190} INFO - [2026-01-08T02:05:12.472+0000] {dag.py:4138} INFO - Setting next_dagrun for example_short_circuit_decorator to 2026-01-07 00:00:00+00:00, run_after=2026-01-08 00:00:00+00:00
[2026-01-08T02:05:12.491+0000] {processor.py:208} INFO - Processing /home/airflow/.local/lib/python3.12/site-packages/airflow/example_dags/example_short_circuit_decorator.py took 0.068 seconds
[2026-01-08T02:05:43.872+0000] {processor.py:186} INFO - Started process (PID=2218) to work on /home/airflow/.local/lib/python3.12/site-packages/airflow/example_dags/example_short_circuit_decorator.py
[2026-01-08T02:05:43.874+0000] {processor.py:914} INFO - Processing file /home/airflow/.local/lib/python3.12/site-packages/airflow/example_dags/example_short_circuit_decorator.py for tasks to queue
[2026-01-08T02:05:43.876+0000] {logging_mixin.py:190} INFO - [2026-01-08T02:05:43.876+0000] {dagbag.py:587} INFO - Filling up the DagBag from /home/airflow/.local/lib/python3.12/site-packages/airflow/example_dags/example_short_circuit_decorator.py
[2026-01-08T02:05:43.883+0000] {processor.py:925} INFO - DAG(s) 'example_short_circuit_decorator' retrieved from /home/airflow/.local/lib/python3.12/site-packages/airflow/example_dags/example_short_circuit_decorator.py
[2026-01-08T02:05:43.900+0000] {logging_mixin.py:190} INFO - [2026-01-08T02:05:43.900+0000] {dag.py:3211} INFO - Sync 1 DAGs
[2026-01-08T02:05:43.914+0000] {logging_mixin.py:190} INFO - [2026-01-08T02:05:43.914+0000] {dag.py:4138} INFO - Setting next_dagrun for example_short_circuit_decorator to 2026-01-07 00:00:00+00:00, run_after=2026-01-08 00:00:00+00:00
[2026-01-08T02:05:43.929+0000] {processor.py:208} INFO - Processing /home/airflow/.local/lib/python3.12/site-packages/airflow/example_dags/example_short_circuit_decorator.py took 0.061 seconds
[2026-01-08T02:06:15.080+0000] {processor.py:186} INFO - Started process (PID=2281) to work on /home/airflow/.local/lib/python3.12/site-packages/airflow/example_dags/example_short_circuit_decorator.py
[2026-01-08T02:06:15.082+0000] {processor.py:914} INFO - Processing file /home/airflow/.local/lib/python3.12/site-packages/airflow/example_dags/example_short_circuit_decorator.py for tasks to queue
[2026-01-08T02:06:15.084+0000] {logging_mixin.py:190} INFO - [2026-01-08T02:06:15.084+0000] {dagbag.py:587} INFO - Filling up the DagBag from /home/airflow/.local/lib/python3.12/site-packages/airflow/example_dags/example_short_circuit_decorator.py
[2026-01-08T02:06:15.092+0000] {processor.py:925} INFO - DAG(s) 'example_short_circuit_decorator' retrieved from /home/airflow/.local/lib/python3.12/site-packages/airflow/example_dags/example_short_circuit_decorator.py
[2026-01-08T02:06:15.111+0000] {logging_mixin.py:190} INFO - [2026-01-08T02:06:15.110+0000] {dag.py:3211} INFO - Sync 1 DAGs
[2026-01-08T02:06:15.127+0000] {logging_mixin.py:190} INFO - [2026-01-08T02:06:15.126+0000] {dag.py:4138} INFO - Setting next_dagrun for example_short_circuit_decorator to 2026-01-07 00:00:00+00:00, run_after=2026-01-08 00:00:00+00:00
[2026-01-08T02:06:15.143+0000] {processor.py:208} INFO - Processing /home/airflow/.local/lib/python3.12/site-packages/airflow/example_dags/example_short_circuit_decorator.py took 0.068 seconds
[2026-01-08T02:06:45.607+0000] {processor.py:186} INFO - Started process (PID=2344) to work on /home/airflow/.local/lib/python3.12/site-packages/airflow/example_dags/example_short_circuit_decorator.py
[2026-01-08T02:06:45.608+0000] {processor.py:914} INFO - Processing file /home/airflow/.local/lib/python3.12/site-packages/airflow/example_dags/example_short_circuit_decorator.py for tasks to queue
[2026-01-08T02:06:45.610+0000] {logging_mixin.py:190} INFO - [2026-01-08T02:06:45.610+0000] {dagbag.py:587} INFO - Filling up the DagBag from /home/airflow/.local/lib/python3.12/site-packages/airflow/example_dags/example_short_circuit_decorator.py
[2026-01-08T02:06:45.618+0000] {processor.py:925} INFO - DAG(s) 'example_short_circuit_decorator' retrieved from /home/airflow/.local/lib/python3.12/site-packages/airflow/example_dags/example_short_circuit_decorator.py
[2026-01-08T02:06:45.635+0000] {logging_mixin.py:190} INFO - [2026-01-08T02:06:45.635+0000] {dag.py:3211} INFO - Sync 1 DAGs
[2026-01-08T02:06:45.650+0000] {logging_mixin.py:190} INFO - [2026-01-08T02:06:45.650+0000] {dag.py:4138} INFO - Setting next_dagrun for example_short_circuit_decorator to 2026-01-07 00:00:00+00:00, run_after=2026-01-08 00:00:00+00:00
[2026-01-08T02:06:45.665+0000] {processor.py:208} INFO - Processing /home/airflow/.local/lib/python3.12/site-packages/airflow/example_dags/example_short_circuit_decorator.py took 0.063 seconds
[2026-01-08T02:07:15.917+0000] {processor.py:186} INFO - Started process (PID=2407) to work on /home/airflow/.local/lib/python3.12/site-packages/airflow/example_dags/example_short_circuit_decorator.py
[2026-01-08T02:07:15.918+0000] {processor.py:914} INFO - Processing file /home/airflow/.local/lib/python3.12/site-packages/airflow/example_dags/example_short_circuit_decorator.py for tasks to queue
[2026-01-08T02:07:15.920+0000] {logging_mixin.py:190} INFO - [2026-01-08T02:07:15.920+0000] {dagbag.py:587} INFO - Filling up the DagBag from /home/airflow/.local/lib/python3.12/site-packages/airflow/example_dags/example_short_circuit_decorator.py
[2026-01-08T02:07:15.927+0000] {processor.py:925} INFO - DAG(s) 'example_short_circuit_decorator' retrieved from /home/airflow/.local/lib/python3.12/site-packages/airflow/example_dags/example_short_circuit_decorator.py
[2026-01-08T02:07:15.947+0000] {logging_mixin.py:190} INFO - [2026-01-08T02:07:15.946+0000] {dag.py:3211} INFO - Sync 1 DAGs
[2026-01-08T02:07:15.962+0000] {logging_mixin.py:190} INFO - [2026-01-08T02:07:15.961+0000] {dag.py:4138} INFO - Setting next_dagrun for example_short_circuit_decorator to 2026-01-07 00:00:00+00:00, run_after=2026-01-08 00:00:00+00:00
[2026-01-08T02:07:15.978+0000] {processor.py:208} INFO - Processing /home/airflow/.local/lib/python3.12/site-packages/airflow/example_dags/example_short_circuit_decorator.py took 0.066 seconds
[2026-01-08T02:07:46.291+0000] {processor.py:186} INFO - Started process (PID=2470) to work on /home/airflow/.local/lib/python3.12/site-packages/airflow/example_dags/example_short_circuit_decorator.py
[2026-01-08T02:07:46.294+0000] {processor.py:914} INFO - Processing file /home/airflow/.local/lib/python3.12/site-packages/airflow/example_dags/example_short_circuit_decorator.py for tasks to queue
[2026-01-08T02:07:46.296+0000] {logging_mixin.py:190} INFO - [2026-01-08T02:07:46.295+0000] {dagbag.py:587} INFO - Filling up the DagBag from /home/airflow/.local/lib/python3.12/site-packages/airflow/example_dags/example_short_circuit_decorator.py
[2026-01-08T02:07:46.303+0000] {processor.py:925} INFO - DAG(s) 'example_short_circuit_decorator' retrieved from /home/airflow/.local/lib/python3.12/site-packages/airflow/example_dags/example_short_circuit_decorator.py
[2026-01-08T02:07:46.320+0000] {logging_mixin.py:190} INFO - [2026-01-08T02:07:46.320+0000] {dag.py:3211} INFO - Sync 1 DAGs
[2026-01-08T02:07:46.338+0000] {logging_mixin.py:190} INFO - [2026-01-08T02:07:46.338+0000] {dag.py:4138} INFO - Setting next_dagrun for example_short_circuit_decorator to 2026-01-07 00:00:00+00:00, run_after=2026-01-08 00:00:00+00:00
[2026-01-08T02:07:46.352+0000] {processor.py:208} INFO - Processing /home/airflow/.local/lib/python3.12/site-packages/airflow/example_dags/example_short_circuit_decorator.py took 0.065 seconds
[2026-01-08T02:08:16.722+0000] {processor.py:186} INFO - Started process (PID=2533) to work on /home/airflow/.local/lib/python3.12/site-packages/airflow/example_dags/example_short_circuit_decorator.py
[2026-01-08T02:08:16.724+0000] {processor.py:914} INFO - Processing file /home/airflow/.local/lib/python3.12/site-packages/airflow/example_dags/example_short_circuit_decorator.py for tasks to queue
[2026-01-08T02:08:16.726+0000] {logging_mixin.py:190} INFO - [2026-01-08T02:08:16.726+0000] {dagbag.py:587} INFO - Filling up the DagBag from /home/airflow/.local/lib/python3.12/site-packages/airflow/example_dags/example_short_circuit_decorator.py
[2026-01-08T02:08:16.735+0000] {processor.py:925} INFO - DAG(s) 'example_short_circuit_decorator' retrieved from /home/airflow/.local/lib/python3.12/site-packages/airflow/example_dags/example_short_circuit_decorator.py
[2026-01-08T02:08:16.752+0000] {logging_mixin.py:190} INFO - [2026-01-08T02:08:16.752+0000] {dag.py:3211} INFO - Sync 1 DAGs
[2026-01-08T02:08:16.768+0000] {logging_mixin.py:190} INFO - [2026-01-08T02:08:16.768+0000] {dag.py:4138} INFO - Setting next_dagrun for example_short_circuit_decorator to 2026-01-07 00:00:00+00:00, run_after=2026-01-08 00:00:00+00:00
[2026-01-08T02:08:16.782+0000] {processor.py:208} INFO - Processing /home/airflow/.local/lib/python3.12/site-packages/airflow/example_dags/example_short_circuit_decorator.py took 0.066 seconds
[2026-01-08T02:08:47.782+0000] {processor.py:186} INFO - Started process (PID=2596) to work on /home/airflow/.local/lib/python3.12/site-packages/airflow/example_dags/example_short_circuit_decorator.py
[2026-01-08T02:08:47.784+0000] {processor.py:914} INFO - Processing file /home/airflow/.local/lib/python3.12/site-packages/airflow/example_dags/example_short_circuit_decorator.py for tasks to queue
[2026-01-08T02:08:47.786+0000] {logging_mixin.py:190} INFO - [2026-01-08T02:08:47.786+0000] {dagbag.py:587} INFO - Filling up the DagBag from /home/airflow/.local/lib/python3.12/site-packages/airflow/example_dags/example_short_circuit_decorator.py
[2026-01-08T02:08:47.794+0000] {processor.py:925} INFO - DAG(s) 'example_short_circuit_decorator' retrieved from /home/airflow/.local/lib/python3.12/site-packages/airflow/example_dags/example_short_circuit_decorator.py
[2026-01-08T02:08:47.811+0000] {logging_mixin.py:190} INFO - [2026-01-08T02:08:47.811+0000] {dag.py:3211} INFO - Sync 1 DAGs
[2026-01-08T02:08:47.826+0000] {logging_mixin.py:190} INFO - [2026-01-08T02:08:47.826+0000] {dag.py:4138} INFO - Setting next_dagrun for example_short_circuit_decorator to 2026-01-07 00:00:00+00:00, run_after=2026-01-08 00:00:00+00:00
[2026-01-08T02:08:47.841+0000] {processor.py:208} INFO - Processing /home/airflow/.local/lib/python3.12/site-packages/airflow/example_dags/example_short_circuit_decorator.py took 0.063 seconds
[2026-01-08T02:09:18.184+0000] {processor.py:186} INFO - Started process (PID=2659) to work on /home/airflow/.local/lib/python3.12/site-packages/airflow/example_dags/example_short_circuit_decorator.py
[2026-01-08T02:09:18.185+0000] {processor.py:914} INFO - Processing file /home/airflow/.local/lib/python3.12/site-packages/airflow/example_dags/example_short_circuit_decorator.py for tasks to queue
[2026-01-08T02:09:18.189+0000] {logging_mixin.py:190} INFO - [2026-01-08T02:09:18.189+0000] {dagbag.py:587} INFO - Filling up the DagBag from /home/airflow/.local/lib/python3.12/site-packages/airflow/example_dags/example_short_circuit_decorator.py
[2026-01-08T02:09:18.198+0000] {processor.py:925} INFO - DAG(s) 'example_short_circuit_decorator' retrieved from /home/airflow/.local/lib/python3.12/site-packages/airflow/example_dags/example_short_circuit_decorator.py
[2026-01-08T02:09:18.218+0000] {logging_mixin.py:190} INFO - [2026-01-08T02:09:18.218+0000] {dag.py:3211} INFO - Sync 1 DAGs
[2026-01-08T02:09:18.234+0000] {logging_mixin.py:190} INFO - [2026-01-08T02:09:18.234+0000] {dag.py:4138} INFO - Setting next_dagrun for example_short_circuit_decorator to 2026-01-07 00:00:00+00:00, run_after=2026-01-08 00:00:00+00:00
[2026-01-08T02:09:18.248+0000] {processor.py:208} INFO - Processing /home/airflow/.local/lib/python3.12/site-packages/airflow/example_dags/example_short_circuit_decorator.py took 0.070 seconds
[2026-01-08T02:09:48.628+0000] {processor.py:186} INFO - Started process (PID=2722) to work on /home/airflow/.local/lib/python3.12/site-packages/airflow/example_dags/example_short_circuit_decorator.py
[2026-01-08T02:09:48.629+0000] {processor.py:914} INFO - Processing file /home/airflow/.local/lib/python3.12/site-packages/airflow/example_dags/example_short_circuit_decorator.py for tasks to queue
[2026-01-08T02:09:48.631+0000] {logging_mixin.py:190} INFO - [2026-01-08T02:09:48.631+0000] {dagbag.py:587} INFO - Filling up the DagBag from /home/airflow/.local/lib/python3.12/site-packages/airflow/example_dags/example_short_circuit_decorator.py
[2026-01-08T02:09:48.644+0000] {processor.py:925} INFO - DAG(s) 'example_short_circuit_decorator' retrieved from /home/airflow/.local/lib/python3.12/site-packages/airflow/example_dags/example_short_circuit_decorator.py
[2026-01-08T02:09:48.670+0000] {logging_mixin.py:190} INFO - [2026-01-08T02:09:48.669+0000] {dag.py:3211} INFO - Sync 1 DAGs
[2026-01-08T02:09:48.688+0000] {logging_mixin.py:190} INFO - [2026-01-08T02:09:48.688+0000] {dag.py:4138} INFO - Setting next_dagrun for example_short_circuit_decorator to 2026-01-07 00:00:00+00:00, run_after=2026-01-08 00:00:00+00:00
[2026-01-08T02:09:48.704+0000] {processor.py:208} INFO - Processing /home/airflow/.local/lib/python3.12/site-packages/airflow/example_dags/example_short_circuit_decorator.py took 0.082 seconds
[2026-01-08T02:10:19.060+0000] {processor.py:186} INFO - Started process (PID=2785) to work on /home/airflow/.local/lib/python3.12/site-packages/airflow/example_dags/example_short_circuit_decorator.py
[2026-01-08T02:10:19.061+0000] {processor.py:914} INFO - Processing file /home/airflow/.local/lib/python3.12/site-packages/airflow/example_dags/example_short_circuit_decorator.py for tasks to queue
[2026-01-08T02:10:19.063+0000] {logging_mixin.py:190} INFO - [2026-01-08T02:10:19.063+0000] {dagbag.py:587} INFO - Filling up the DagBag from /home/airflow/.local/lib/python3.12/site-packages/airflow/example_dags/example_short_circuit_decorator.py
[2026-01-08T02:10:19.071+0000] {processor.py:925} INFO - DAG(s) 'example_short_circuit_decorator' retrieved from /home/airflow/.local/lib/python3.12/site-packages/airflow/example_dags/example_short_circuit_decorator.py
[2026-01-08T02:10:19.089+0000] {logging_mixin.py:190} INFO - [2026-01-08T02:10:19.088+0000] {dag.py:3211} INFO - Sync 1 DAGs
[2026-01-08T02:10:19.104+0000] {logging_mixin.py:190} INFO - [2026-01-08T02:10:19.103+0000] {dag.py:4138} INFO - Setting next_dagrun for example_short_circuit_decorator to 2026-01-07 00:00:00+00:00, run_after=2026-01-08 00:00:00+00:00
[2026-01-08T02:10:19.117+0000] {processor.py:208} INFO - Processing /home/airflow/.local/lib/python3.12/site-packages/airflow/example_dags/example_short_circuit_decorator.py took 0.062 seconds
[2026-01-08T02:10:49.562+0000] {processor.py:186} INFO - Started process (PID=2847) to work on /home/airflow/.local/lib/python3.12/site-packages/airflow/example_dags/example_short_circuit_decorator.py
[2026-01-08T02:10:49.564+0000] {processor.py:914} INFO - Processing file /home/airflow/.local/lib/python3.12/site-packages/airflow/example_dags/example_short_circuit_decorator.py for tasks to queue
[2026-01-08T02:10:49.566+0000] {logging_mixin.py:190} INFO - [2026-01-08T02:10:49.566+0000] {dagbag.py:587} INFO - Filling up the DagBag from /home/airflow/.local/lib/python3.12/site-packages/airflow/example_dags/example_short_circuit_decorator.py
[2026-01-08T02:10:49.574+0000] {processor.py:925} INFO - DAG(s) 'example_short_circuit_decorator' retrieved from /home/airflow/.local/lib/python3.12/site-packages/airflow/example_dags/example_short_circuit_decorator.py
[2026-01-08T02:10:49.592+0000] {logging_mixin.py:190} INFO - [2026-01-08T02:10:49.592+0000] {dag.py:3211} INFO - Sync 1 DAGs
[2026-01-08T02:10:49.608+0000] {logging_mixin.py:190} INFO - [2026-01-08T02:10:49.607+0000] {dag.py:4138} INFO - Setting next_dagrun for example_short_circuit_decorator to 2026-01-07 00:00:00+00:00, run_after=2026-01-08 00:00:00+00:00
[2026-01-08T02:10:49.623+0000] {processor.py:208} INFO - Processing /home/airflow/.local/lib/python3.12/site-packages/airflow/example_dags/example_short_circuit_decorator.py took 0.065 seconds
[2026-01-08T02:11:21.036+0000] {processor.py:186} INFO - Started process (PID=2910) to work on /home/airflow/.local/lib/python3.12/site-packages/airflow/example_dags/example_short_circuit_decorator.py
[2026-01-08T02:11:21.037+0000] {processor.py:914} INFO - Processing file /home/airflow/.local/lib/python3.12/site-packages/airflow/example_dags/example_short_circuit_decorator.py for tasks to queue
[2026-01-08T02:11:21.040+0000] {logging_mixin.py:190} INFO - [2026-01-08T02:11:21.039+0000] {dagbag.py:587} INFO - Filling up the DagBag from /home/airflow/.local/lib/python3.12/site-packages/airflow/example_dags/example_short_circuit_decorator.py
[2026-01-08T02:11:21.048+0000] {processor.py:925} INFO - DAG(s) 'example_short_circuit_decorator' retrieved from /home/airflow/.local/lib/python3.12/site-packages/airflow/example_dags/example_short_circuit_decorator.py
[2026-01-08T02:11:21.067+0000] {logging_mixin.py:190} INFO - [2026-01-08T02:11:21.066+0000] {dag.py:3211} INFO - Sync 1 DAGs
[2026-01-08T02:11:21.082+0000] {logging_mixin.py:190} INFO - [2026-01-08T02:11:21.082+0000] {dag.py:4138} INFO - Setting next_dagrun for example_short_circuit_decorator to 2026-01-07 00:00:00+00:00, run_after=2026-01-08 00:00:00+00:00
[2026-01-08T02:11:21.097+0000] {processor.py:208} INFO - Processing /home/airflow/.local/lib/python3.12/site-packages/airflow/example_dags/example_short_circuit_decorator.py took 0.065 seconds
[2026-01-08T02:11:51.452+0000] {processor.py:186} INFO - Started process (PID=2973) to work on /home/airflow/.local/lib/python3.12/site-packages/airflow/example_dags/example_short_circuit_decorator.py
[2026-01-08T02:11:51.453+0000] {processor.py:914} INFO - Processing file /home/airflow/.local/lib/python3.12/site-packages/airflow/example_dags/example_short_circuit_decorator.py for tasks to queue
[2026-01-08T02:11:51.455+0000] {logging_mixin.py:190} INFO - [2026-01-08T02:11:51.455+0000] {dagbag.py:587} INFO - Filling up the DagBag from /home/airflow/.local/lib/python3.12/site-packages/airflow/example_dags/example_short_circuit_decorator.py
[2026-01-08T02:11:51.462+0000] {processor.py:925} INFO - DAG(s) 'example_short_circuit_decorator' retrieved from /home/airflow/.local/lib/python3.12/site-packages/airflow/example_dags/example_short_circuit_decorator.py
[2026-01-08T02:11:51.480+0000] {logging_mixin.py:190} INFO - [2026-01-08T02:11:51.480+0000] {dag.py:3211} INFO - Sync 1 DAGs
[2026-01-08T02:11:51.496+0000] {logging_mixin.py:190} INFO - [2026-01-08T02:11:51.496+0000] {dag.py:4138} INFO - Setting next_dagrun for example_short_circuit_decorator to 2026-01-07 00:00:00+00:00, run_after=2026-01-08 00:00:00+00:00
[2026-01-08T02:11:51.628+0000] {processor.py:208} INFO - Processing /home/airflow/.local/lib/python3.12/site-packages/airflow/example_dags/example_short_circuit_decorator.py took 0.181 seconds
[2026-01-08T02:12:22.284+0000] {processor.py:186} INFO - Started process (PID=3037) to work on /home/airflow/.local/lib/python3.12/site-packages/airflow/example_dags/example_short_circuit_decorator.py
[2026-01-08T02:12:22.286+0000] {processor.py:914} INFO - Processing file /home/airflow/.local/lib/python3.12/site-packages/airflow/example_dags/example_short_circuit_decorator.py for tasks to queue
[2026-01-08T02:12:22.288+0000] {logging_mixin.py:190} INFO - [2026-01-08T02:12:22.288+0000] {dagbag.py:587} INFO - Filling up the DagBag from /home/airflow/.local/lib/python3.12/site-packages/airflow/example_dags/example_short_circuit_decorator.py
[2026-01-08T02:12:22.296+0000] {processor.py:925} INFO - DAG(s) 'example_short_circuit_decorator' retrieved from /home/airflow/.local/lib/python3.12/site-packages/airflow/example_dags/example_short_circuit_decorator.py
[2026-01-08T02:12:22.314+0000] {logging_mixin.py:190} INFO - [2026-01-08T02:12:22.314+0000] {dag.py:3211} INFO - Sync 1 DAGs
[2026-01-08T02:12:22.330+0000] {logging_mixin.py:190} INFO - [2026-01-08T02:12:22.330+0000] {dag.py:4138} INFO - Setting next_dagrun for example_short_circuit_decorator to 2026-01-07 00:00:00+00:00, run_after=2026-01-08 00:00:00+00:00
[2026-01-08T02:12:22.345+0000] {processor.py:208} INFO - Processing /home/airflow/.local/lib/python3.12/site-packages/airflow/example_dags/example_short_circuit_decorator.py took 0.064 seconds
[2026-01-08T02:12:53.092+0000] {processor.py:186} INFO - Started process (PID=3100) to work on /home/airflow/.local/lib/python3.12/site-packages/airflow/example_dags/example_short_circuit_decorator.py
[2026-01-08T02:12:53.093+0000] {processor.py:914} INFO - Processing file /home/airflow/.local/lib/python3.12/site-packages/airflow/example_dags/example_short_circuit_decorator.py for tasks to queue
[2026-01-08T02:12:53.096+0000] {logging_mixin.py:190} INFO - [2026-01-08T02:12:53.096+0000] {dagbag.py:587} INFO - Filling up the DagBag from /home/airflow/.local/lib/python3.12/site-packages/airflow/example_dags/example_short_circuit_decorator.py
[2026-01-08T02:12:53.104+0000] {processor.py:925} INFO - DAG(s) 'example_short_circuit_decorator' retrieved from /home/airflow/.local/lib/python3.12/site-packages/airflow/example_dags/example_short_circuit_decorator.py
[2026-01-08T02:12:53.124+0000] {logging_mixin.py:190} INFO - [2026-01-08T02:12:53.124+0000] {dag.py:3211} INFO - Sync 1 DAGs
[2026-01-08T02:12:53.139+0000] {logging_mixin.py:190} INFO - [2026-01-08T02:12:53.139+0000] {dag.py:4138} INFO - Setting next_dagrun for example_short_circuit_decorator to 2026-01-07 00:00:00+00:00, run_after=2026-01-08 00:00:00+00:00
[2026-01-08T02:12:53.153+0000] {processor.py:208} INFO - Processing /home/airflow/.local/lib/python3.12/site-packages/airflow/example_dags/example_short_circuit_decorator.py took 0.065 seconds
[2026-01-08T02:13:24.152+0000] {processor.py:186} INFO - Started process (PID=3163) to work on /home/airflow/.local/lib/python3.12/site-packages/airflow/example_dags/example_short_circuit_decorator.py
[2026-01-08T02:13:24.153+0000] {processor.py:914} INFO - Processing file /home/airflow/.local/lib/python3.12/site-packages/airflow/example_dags/example_short_circuit_decorator.py for tasks to queue
[2026-01-08T02:13:24.155+0000] {logging_mixin.py:190} INFO - [2026-01-08T02:13:24.155+0000] {dagbag.py:587} INFO - Filling up the DagBag from /home/airflow/.local/lib/python3.12/site-packages/airflow/example_dags/example_short_circuit_decorator.py
[2026-01-08T02:13:24.163+0000] {processor.py:925} INFO - DAG(s) 'example_short_circuit_decorator' retrieved from /home/airflow/.local/lib/python3.12/site-packages/airflow/example_dags/example_short_circuit_decorator.py
[2026-01-08T02:13:24.180+0000] {logging_mixin.py:190} INFO - [2026-01-08T02:13:24.180+0000] {dag.py:3211} INFO - Sync 1 DAGs
[2026-01-08T02:13:24.196+0000] {logging_mixin.py:190} INFO - [2026-01-08T02:13:24.195+0000] {dag.py:4138} INFO - Setting next_dagrun for example_short_circuit_decorator to 2026-01-07 00:00:00+00:00, run_after=2026-01-08 00:00:00+00:00
[2026-01-08T02:13:24.211+0000] {processor.py:208} INFO - Processing /home/airflow/.local/lib/python3.12/site-packages/airflow/example_dags/example_short_circuit_decorator.py took 0.063 seconds
[2026-01-08T02:13:55.419+0000] {processor.py:186} INFO - Started process (PID=3226) to work on /home/airflow/.local/lib/python3.12/site-packages/airflow/example_dags/example_short_circuit_decorator.py
[2026-01-08T02:13:55.420+0000] {processor.py:914} INFO - Processing file /home/airflow/.local/lib/python3.12/site-packages/airflow/example_dags/example_short_circuit_decorator.py for tasks to queue
[2026-01-08T02:13:55.422+0000] {logging_mixin.py:190} INFO - [2026-01-08T02:13:55.422+0000] {dagbag.py:587} INFO - Filling up the DagBag from /home/airflow/.local/lib/python3.12/site-packages/airflow/example_dags/example_short_circuit_decorator.py
[2026-01-08T02:13:55.429+0000] {processor.py:925} INFO - DAG(s) 'example_short_circuit_decorator' retrieved from /home/airflow/.local/lib/python3.12/site-packages/airflow/example_dags/example_short_circuit_decorator.py
[2026-01-08T02:13:55.445+0000] {logging_mixin.py:190} INFO - [2026-01-08T02:13:55.445+0000] {dag.py:3211} INFO - Sync 1 DAGs
[2026-01-08T02:13:55.578+0000] {logging_mixin.py:190} INFO - [2026-01-08T02:13:55.578+0000] {dag.py:4138} INFO - Setting next_dagrun for example_short_circuit_decorator to 2026-01-07 00:00:00+00:00, run_after=2026-01-08 00:00:00+00:00
[2026-01-08T02:13:55.593+0000] {processor.py:208} INFO - Processing /home/airflow/.local/lib/python3.12/site-packages/airflow/example_dags/example_short_circuit_decorator.py took 0.178 seconds
