[2026-01-08T01:48:23.943+0000] {processor.py:186} INFO - Started process (PID=99) to work on /home/airflow/.local/lib/python3.12/site-packages/airflow/example_dags/example_dag_decorator.py
[2026-01-08T01:48:23.944+0000] {processor.py:914} INFO - Processing file /home/airflow/.local/lib/python3.12/site-packages/airflow/example_dags/example_dag_decorator.py for tasks to queue
[2026-01-08T01:48:23.947+0000] {logging_mixin.py:190} INFO - [2026-01-08T01:48:23.946+0000] {dagbag.py:587} INFO - Filling up the DagBag from /home/airflow/.local/lib/python3.12/site-packages/airflow/example_dags/example_dag_decorator.py
[2026-01-08T01:48:23.957+0000] {processor.py:925} INFO - DAG(s) 'example_dag_decorator' retrieved from /home/airflow/.local/lib/python3.12/site-packages/airflow/example_dags/example_dag_decorator.py
[2026-01-08T01:48:24.039+0000] {logging_mixin.py:190} INFO - [2026-01-08T01:48:24.038+0000] {override.py:1858} INFO - Created Permission View: can edit on DAG:example_dag_decorator
[2026-01-08T01:48:24.047+0000] {logging_mixin.py:190} INFO - [2026-01-08T01:48:24.047+0000] {override.py:1858} INFO - Created Permission View: can read on DAG:example_dag_decorator
[2026-01-08T01:48:24.056+0000] {logging_mixin.py:190} INFO - [2026-01-08T01:48:24.055+0000] {override.py:1858} INFO - Created Permission View: can delete on DAG:example_dag_decorator
[2026-01-08T01:48:24.057+0000] {logging_mixin.py:190} INFO - [2026-01-08T01:48:24.057+0000] {dag.py:3211} INFO - Sync 1 DAGs
[2026-01-08T01:48:24.068+0000] {logging_mixin.py:190} INFO - [2026-01-08T01:48:24.068+0000] {dag.py:3234} INFO - Creating ORM DAG for example_dag_decorator
[2026-01-08T01:48:24.069+0000] {logging_mixin.py:190} INFO - [2026-01-08T01:48:24.069+0000] {dag.py:4138} INFO - Setting next_dagrun for example_dag_decorator to None, run_after=None
[2026-01-08T01:48:24.083+0000] {processor.py:208} INFO - Processing /home/airflow/.local/lib/python3.12/site-packages/airflow/example_dags/example_dag_decorator.py took 0.145 seconds
[2026-01-08T01:48:54.813+0000] {processor.py:186} INFO - Started process (PID=167) to work on /home/airflow/.local/lib/python3.12/site-packages/airflow/example_dags/example_dag_decorator.py
[2026-01-08T01:48:54.814+0000] {processor.py:914} INFO - Processing file /home/airflow/.local/lib/python3.12/site-packages/airflow/example_dags/example_dag_decorator.py for tasks to queue
[2026-01-08T01:48:54.817+0000] {logging_mixin.py:190} INFO - [2026-01-08T01:48:54.816+0000] {dagbag.py:587} INFO - Filling up the DagBag from /home/airflow/.local/lib/python3.12/site-packages/airflow/example_dags/example_dag_decorator.py
[2026-01-08T01:48:54.825+0000] {processor.py:925} INFO - DAG(s) 'example_dag_decorator' retrieved from /home/airflow/.local/lib/python3.12/site-packages/airflow/example_dags/example_dag_decorator.py
[2026-01-08T01:48:54.891+0000] {logging_mixin.py:190} INFO - [2026-01-08T01:48:54.891+0000] {dag.py:3211} INFO - Sync 1 DAGs
[2026-01-08T01:48:54.901+0000] {logging_mixin.py:190} INFO - [2026-01-08T01:48:54.900+0000] {dag.py:4138} INFO - Setting next_dagrun for example_dag_decorator to None, run_after=None
[2026-01-08T01:48:54.917+0000] {processor.py:208} INFO - Processing /home/airflow/.local/lib/python3.12/site-packages/airflow/example_dags/example_dag_decorator.py took 0.108 seconds
[2026-01-08T01:49:25.221+0000] {processor.py:186} INFO - Started process (PID=229) to work on /home/airflow/.local/lib/python3.12/site-packages/airflow/example_dags/example_dag_decorator.py
[2026-01-08T01:49:25.223+0000] {processor.py:914} INFO - Processing file /home/airflow/.local/lib/python3.12/site-packages/airflow/example_dags/example_dag_decorator.py for tasks to queue
[2026-01-08T01:49:25.225+0000] {logging_mixin.py:190} INFO - [2026-01-08T01:49:25.225+0000] {dagbag.py:587} INFO - Filling up the DagBag from /home/airflow/.local/lib/python3.12/site-packages/airflow/example_dags/example_dag_decorator.py
[2026-01-08T01:49:25.234+0000] {processor.py:925} INFO - DAG(s) 'example_dag_decorator' retrieved from /home/airflow/.local/lib/python3.12/site-packages/airflow/example_dags/example_dag_decorator.py
[2026-01-08T01:49:25.327+0000] {logging_mixin.py:190} INFO - [2026-01-08T01:49:25.326+0000] {dag.py:3211} INFO - Sync 1 DAGs
[2026-01-08T01:49:25.336+0000] {logging_mixin.py:190} INFO - [2026-01-08T01:49:25.336+0000] {dag.py:4138} INFO - Setting next_dagrun for example_dag_decorator to None, run_after=None
[2026-01-08T01:49:25.351+0000] {processor.py:208} INFO - Processing /home/airflow/.local/lib/python3.12/site-packages/airflow/example_dags/example_dag_decorator.py took 0.134 seconds
[2026-01-08T01:49:55.940+0000] {processor.py:186} INFO - Started process (PID=291) to work on /home/airflow/.local/lib/python3.12/site-packages/airflow/example_dags/example_dag_decorator.py
[2026-01-08T01:49:55.942+0000] {processor.py:914} INFO - Processing file /home/airflow/.local/lib/python3.12/site-packages/airflow/example_dags/example_dag_decorator.py for tasks to queue
[2026-01-08T01:49:55.944+0000] {logging_mixin.py:190} INFO - [2026-01-08T01:49:55.944+0000] {dagbag.py:587} INFO - Filling up the DagBag from /home/airflow/.local/lib/python3.12/site-packages/airflow/example_dags/example_dag_decorator.py
[2026-01-08T01:49:55.955+0000] {processor.py:925} INFO - DAG(s) 'example_dag_decorator' retrieved from /home/airflow/.local/lib/python3.12/site-packages/airflow/example_dags/example_dag_decorator.py
[2026-01-08T01:49:56.030+0000] {logging_mixin.py:190} INFO - [2026-01-08T01:49:56.029+0000] {dag.py:3211} INFO - Sync 1 DAGs
[2026-01-08T01:49:56.038+0000] {logging_mixin.py:190} INFO - [2026-01-08T01:49:56.038+0000] {dag.py:4138} INFO - Setting next_dagrun for example_dag_decorator to None, run_after=None
[2026-01-08T01:49:56.053+0000] {processor.py:208} INFO - Processing /home/airflow/.local/lib/python3.12/site-packages/airflow/example_dags/example_dag_decorator.py took 0.117 seconds
[2026-01-08T01:50:26.258+0000] {processor.py:186} INFO - Started process (PID=353) to work on /home/airflow/.local/lib/python3.12/site-packages/airflow/example_dags/example_dag_decorator.py
[2026-01-08T01:50:26.260+0000] {processor.py:914} INFO - Processing file /home/airflow/.local/lib/python3.12/site-packages/airflow/example_dags/example_dag_decorator.py for tasks to queue
[2026-01-08T01:50:26.262+0000] {logging_mixin.py:190} INFO - [2026-01-08T01:50:26.262+0000] {dagbag.py:587} INFO - Filling up the DagBag from /home/airflow/.local/lib/python3.12/site-packages/airflow/example_dags/example_dag_decorator.py
[2026-01-08T01:50:26.271+0000] {processor.py:925} INFO - DAG(s) 'example_dag_decorator' retrieved from /home/airflow/.local/lib/python3.12/site-packages/airflow/example_dags/example_dag_decorator.py
[2026-01-08T01:50:26.342+0000] {logging_mixin.py:190} INFO - [2026-01-08T01:50:26.342+0000] {dag.py:3211} INFO - Sync 1 DAGs
[2026-01-08T01:50:26.351+0000] {logging_mixin.py:190} INFO - [2026-01-08T01:50:26.351+0000] {dag.py:4138} INFO - Setting next_dagrun for example_dag_decorator to None, run_after=None
[2026-01-08T01:50:26.367+0000] {processor.py:208} INFO - Processing /home/airflow/.local/lib/python3.12/site-packages/airflow/example_dags/example_dag_decorator.py took 0.113 seconds
[2026-01-08T01:50:56.633+0000] {processor.py:186} INFO - Started process (PID=415) to work on /home/airflow/.local/lib/python3.12/site-packages/airflow/example_dags/example_dag_decorator.py
[2026-01-08T01:50:56.634+0000] {processor.py:914} INFO - Processing file /home/airflow/.local/lib/python3.12/site-packages/airflow/example_dags/example_dag_decorator.py for tasks to queue
[2026-01-08T01:50:56.637+0000] {logging_mixin.py:190} INFO - [2026-01-08T01:50:56.636+0000] {dagbag.py:587} INFO - Filling up the DagBag from /home/airflow/.local/lib/python3.12/site-packages/airflow/example_dags/example_dag_decorator.py
[2026-01-08T01:50:56.646+0000] {processor.py:925} INFO - DAG(s) 'example_dag_decorator' retrieved from /home/airflow/.local/lib/python3.12/site-packages/airflow/example_dags/example_dag_decorator.py
[2026-01-08T01:50:56.717+0000] {logging_mixin.py:190} INFO - [2026-01-08T01:50:56.717+0000] {dag.py:3211} INFO - Sync 1 DAGs
[2026-01-08T01:50:56.726+0000] {logging_mixin.py:190} INFO - [2026-01-08T01:50:56.726+0000] {dag.py:4138} INFO - Setting next_dagrun for example_dag_decorator to None, run_after=None
[2026-01-08T01:50:56.743+0000] {processor.py:208} INFO - Processing /home/airflow/.local/lib/python3.12/site-packages/airflow/example_dags/example_dag_decorator.py took 0.114 seconds
[2026-01-08T01:51:27.582+0000] {processor.py:186} INFO - Started process (PID=477) to work on /home/airflow/.local/lib/python3.12/site-packages/airflow/example_dags/example_dag_decorator.py
[2026-01-08T01:51:27.583+0000] {processor.py:914} INFO - Processing file /home/airflow/.local/lib/python3.12/site-packages/airflow/example_dags/example_dag_decorator.py for tasks to queue
[2026-01-08T01:51:27.585+0000] {logging_mixin.py:190} INFO - [2026-01-08T01:51:27.585+0000] {dagbag.py:587} INFO - Filling up the DagBag from /home/airflow/.local/lib/python3.12/site-packages/airflow/example_dags/example_dag_decorator.py
[2026-01-08T01:51:27.594+0000] {processor.py:925} INFO - DAG(s) 'example_dag_decorator' retrieved from /home/airflow/.local/lib/python3.12/site-packages/airflow/example_dags/example_dag_decorator.py
[2026-01-08T01:51:27.683+0000] {logging_mixin.py:190} INFO - [2026-01-08T01:51:27.683+0000] {dag.py:3211} INFO - Sync 1 DAGs
[2026-01-08T01:51:27.696+0000] {logging_mixin.py:190} INFO - [2026-01-08T01:51:27.695+0000] {dag.py:4138} INFO - Setting next_dagrun for example_dag_decorator to None, run_after=None
[2026-01-08T01:51:27.715+0000] {processor.py:208} INFO - Processing /home/airflow/.local/lib/python3.12/site-packages/airflow/example_dags/example_dag_decorator.py took 0.138 seconds
[2026-01-08T01:51:58.126+0000] {processor.py:186} INFO - Started process (PID=541) to work on /home/airflow/.local/lib/python3.12/site-packages/airflow/example_dags/example_dag_decorator.py
[2026-01-08T01:51:58.127+0000] {processor.py:914} INFO - Processing file /home/airflow/.local/lib/python3.12/site-packages/airflow/example_dags/example_dag_decorator.py for tasks to queue
[2026-01-08T01:51:58.129+0000] {logging_mixin.py:190} INFO - [2026-01-08T01:51:58.129+0000] {dagbag.py:587} INFO - Filling up the DagBag from /home/airflow/.local/lib/python3.12/site-packages/airflow/example_dags/example_dag_decorator.py
[2026-01-08T01:51:58.138+0000] {processor.py:925} INFO - DAG(s) 'example_dag_decorator' retrieved from /home/airflow/.local/lib/python3.12/site-packages/airflow/example_dags/example_dag_decorator.py
[2026-01-08T01:51:58.209+0000] {logging_mixin.py:190} INFO - [2026-01-08T01:51:58.209+0000] {dag.py:3211} INFO - Sync 1 DAGs
[2026-01-08T01:51:58.219+0000] {logging_mixin.py:190} INFO - [2026-01-08T01:51:58.218+0000] {dag.py:4138} INFO - Setting next_dagrun for example_dag_decorator to None, run_after=None
[2026-01-08T01:51:58.232+0000] {processor.py:208} INFO - Processing /home/airflow/.local/lib/python3.12/site-packages/airflow/example_dags/example_dag_decorator.py took 0.110 seconds
[2026-01-08T01:52:28.378+0000] {processor.py:186} INFO - Started process (PID=602) to work on /home/airflow/.local/lib/python3.12/site-packages/airflow/example_dags/example_dag_decorator.py
[2026-01-08T01:52:28.379+0000] {processor.py:914} INFO - Processing file /home/airflow/.local/lib/python3.12/site-packages/airflow/example_dags/example_dag_decorator.py for tasks to queue
[2026-01-08T01:52:28.381+0000] {logging_mixin.py:190} INFO - [2026-01-08T01:52:28.381+0000] {dagbag.py:587} INFO - Filling up the DagBag from /home/airflow/.local/lib/python3.12/site-packages/airflow/example_dags/example_dag_decorator.py
[2026-01-08T01:52:28.391+0000] {processor.py:925} INFO - DAG(s) 'example_dag_decorator' retrieved from /home/airflow/.local/lib/python3.12/site-packages/airflow/example_dags/example_dag_decorator.py
[2026-01-08T01:52:28.464+0000] {logging_mixin.py:190} INFO - [2026-01-08T01:52:28.463+0000] {dag.py:3211} INFO - Sync 1 DAGs
[2026-01-08T01:52:28.471+0000] {logging_mixin.py:190} INFO - [2026-01-08T01:52:28.471+0000] {dag.py:4138} INFO - Setting next_dagrun for example_dag_decorator to None, run_after=None
[2026-01-08T01:52:28.488+0000] {processor.py:208} INFO - Processing /home/airflow/.local/lib/python3.12/site-packages/airflow/example_dags/example_dag_decorator.py took 0.115 seconds
[2026-01-08T01:52:58.840+0000] {processor.py:186} INFO - Started process (PID=664) to work on /home/airflow/.local/lib/python3.12/site-packages/airflow/example_dags/example_dag_decorator.py
[2026-01-08T01:52:58.841+0000] {processor.py:914} INFO - Processing file /home/airflow/.local/lib/python3.12/site-packages/airflow/example_dags/example_dag_decorator.py for tasks to queue
[2026-01-08T01:52:58.843+0000] {logging_mixin.py:190} INFO - [2026-01-08T01:52:58.843+0000] {dagbag.py:587} INFO - Filling up the DagBag from /home/airflow/.local/lib/python3.12/site-packages/airflow/example_dags/example_dag_decorator.py
[2026-01-08T01:52:58.853+0000] {processor.py:925} INFO - DAG(s) 'example_dag_decorator' retrieved from /home/airflow/.local/lib/python3.12/site-packages/airflow/example_dags/example_dag_decorator.py
[2026-01-08T01:52:58.933+0000] {logging_mixin.py:190} INFO - [2026-01-08T01:52:58.932+0000] {dag.py:3211} INFO - Sync 1 DAGs
[2026-01-08T01:52:58.942+0000] {logging_mixin.py:190} INFO - [2026-01-08T01:52:58.942+0000] {dag.py:4138} INFO - Setting next_dagrun for example_dag_decorator to None, run_after=None
[2026-01-08T01:52:58.962+0000] {processor.py:208} INFO - Processing /home/airflow/.local/lib/python3.12/site-packages/airflow/example_dags/example_dag_decorator.py took 0.127 seconds
[2026-01-08T01:53:29.295+0000] {processor.py:186} INFO - Started process (PID=726) to work on /home/airflow/.local/lib/python3.12/site-packages/airflow/example_dags/example_dag_decorator.py
[2026-01-08T01:53:29.296+0000] {processor.py:914} INFO - Processing file /home/airflow/.local/lib/python3.12/site-packages/airflow/example_dags/example_dag_decorator.py for tasks to queue
[2026-01-08T01:53:29.299+0000] {logging_mixin.py:190} INFO - [2026-01-08T01:53:29.298+0000] {dagbag.py:587} INFO - Filling up the DagBag from /home/airflow/.local/lib/python3.12/site-packages/airflow/example_dags/example_dag_decorator.py
[2026-01-08T01:53:29.307+0000] {processor.py:925} INFO - DAG(s) 'example_dag_decorator' retrieved from /home/airflow/.local/lib/python3.12/site-packages/airflow/example_dags/example_dag_decorator.py
[2026-01-08T01:53:29.381+0000] {logging_mixin.py:190} INFO - [2026-01-08T01:53:29.381+0000] {dag.py:3211} INFO - Sync 1 DAGs
[2026-01-08T01:53:29.389+0000] {logging_mixin.py:190} INFO - [2026-01-08T01:53:29.389+0000] {dag.py:4138} INFO - Setting next_dagrun for example_dag_decorator to None, run_after=None
[2026-01-08T01:53:29.406+0000] {processor.py:208} INFO - Processing /home/airflow/.local/lib/python3.12/site-packages/airflow/example_dags/example_dag_decorator.py took 0.116 seconds
[2026-01-08T01:53:59.773+0000] {processor.py:186} INFO - Started process (PID=788) to work on /home/airflow/.local/lib/python3.12/site-packages/airflow/example_dags/example_dag_decorator.py
[2026-01-08T01:53:59.774+0000] {processor.py:914} INFO - Processing file /home/airflow/.local/lib/python3.12/site-packages/airflow/example_dags/example_dag_decorator.py for tasks to queue
[2026-01-08T01:53:59.776+0000] {logging_mixin.py:190} INFO - [2026-01-08T01:53:59.776+0000] {dagbag.py:587} INFO - Filling up the DagBag from /home/airflow/.local/lib/python3.12/site-packages/airflow/example_dags/example_dag_decorator.py
[2026-01-08T01:53:59.785+0000] {processor.py:925} INFO - DAG(s) 'example_dag_decorator' retrieved from /home/airflow/.local/lib/python3.12/site-packages/airflow/example_dags/example_dag_decorator.py
[2026-01-08T01:53:59.857+0000] {logging_mixin.py:190} INFO - [2026-01-08T01:53:59.856+0000] {dag.py:3211} INFO - Sync 1 DAGs
[2026-01-08T01:53:59.865+0000] {logging_mixin.py:190} INFO - [2026-01-08T01:53:59.865+0000] {dag.py:4138} INFO - Setting next_dagrun for example_dag_decorator to None, run_after=None
[2026-01-08T01:53:59.881+0000] {processor.py:208} INFO - Processing /home/airflow/.local/lib/python3.12/site-packages/airflow/example_dags/example_dag_decorator.py took 0.112 seconds
[2026-01-08T01:54:30.370+0000] {processor.py:186} INFO - Started process (PID=850) to work on /home/airflow/.local/lib/python3.12/site-packages/airflow/example_dags/example_dag_decorator.py
[2026-01-08T01:54:30.371+0000] {processor.py:914} INFO - Processing file /home/airflow/.local/lib/python3.12/site-packages/airflow/example_dags/example_dag_decorator.py for tasks to queue
[2026-01-08T01:54:30.373+0000] {logging_mixin.py:190} INFO - [2026-01-08T01:54:30.373+0000] {dagbag.py:587} INFO - Filling up the DagBag from /home/airflow/.local/lib/python3.12/site-packages/airflow/example_dags/example_dag_decorator.py
[2026-01-08T01:54:30.382+0000] {processor.py:925} INFO - DAG(s) 'example_dag_decorator' retrieved from /home/airflow/.local/lib/python3.12/site-packages/airflow/example_dags/example_dag_decorator.py
[2026-01-08T01:54:30.455+0000] {logging_mixin.py:190} INFO - [2026-01-08T01:54:30.455+0000] {dag.py:3211} INFO - Sync 1 DAGs
[2026-01-08T01:54:30.463+0000] {logging_mixin.py:190} INFO - [2026-01-08T01:54:30.463+0000] {dag.py:4138} INFO - Setting next_dagrun for example_dag_decorator to None, run_after=None
[2026-01-08T01:54:30.479+0000] {processor.py:208} INFO - Processing /home/airflow/.local/lib/python3.12/site-packages/airflow/example_dags/example_dag_decorator.py took 0.113 seconds
[2026-01-08T01:55:00.916+0000] {processor.py:186} INFO - Started process (PID=912) to work on /home/airflow/.local/lib/python3.12/site-packages/airflow/example_dags/example_dag_decorator.py
[2026-01-08T01:55:00.917+0000] {processor.py:914} INFO - Processing file /home/airflow/.local/lib/python3.12/site-packages/airflow/example_dags/example_dag_decorator.py for tasks to queue
[2026-01-08T01:55:00.919+0000] {logging_mixin.py:190} INFO - [2026-01-08T01:55:00.919+0000] {dagbag.py:587} INFO - Filling up the DagBag from /home/airflow/.local/lib/python3.12/site-packages/airflow/example_dags/example_dag_decorator.py
[2026-01-08T01:55:00.928+0000] {processor.py:925} INFO - DAG(s) 'example_dag_decorator' retrieved from /home/airflow/.local/lib/python3.12/site-packages/airflow/example_dags/example_dag_decorator.py
[2026-01-08T01:55:00.996+0000] {logging_mixin.py:190} INFO - [2026-01-08T01:55:00.996+0000] {dag.py:3211} INFO - Sync 1 DAGs
[2026-01-08T01:55:01.005+0000] {logging_mixin.py:190} INFO - [2026-01-08T01:55:01.005+0000] {dag.py:4138} INFO - Setting next_dagrun for example_dag_decorator to None, run_after=None
[2026-01-08T01:55:01.022+0000] {processor.py:208} INFO - Processing /home/airflow/.local/lib/python3.12/site-packages/airflow/example_dags/example_dag_decorator.py took 0.111 seconds
[2026-01-08T01:55:31.655+0000] {processor.py:186} INFO - Started process (PID=974) to work on /home/airflow/.local/lib/python3.12/site-packages/airflow/example_dags/example_dag_decorator.py
[2026-01-08T01:55:31.656+0000] {processor.py:914} INFO - Processing file /home/airflow/.local/lib/python3.12/site-packages/airflow/example_dags/example_dag_decorator.py for tasks to queue
[2026-01-08T01:55:31.658+0000] {logging_mixin.py:190} INFO - [2026-01-08T01:55:31.658+0000] {dagbag.py:587} INFO - Filling up the DagBag from /home/airflow/.local/lib/python3.12/site-packages/airflow/example_dags/example_dag_decorator.py
[2026-01-08T01:55:31.667+0000] {processor.py:925} INFO - DAG(s) 'example_dag_decorator' retrieved from /home/airflow/.local/lib/python3.12/site-packages/airflow/example_dags/example_dag_decorator.py
[2026-01-08T01:55:31.738+0000] {logging_mixin.py:190} INFO - [2026-01-08T01:55:31.738+0000] {dag.py:3211} INFO - Sync 1 DAGs
[2026-01-08T01:55:31.747+0000] {logging_mixin.py:190} INFO - [2026-01-08T01:55:31.747+0000] {dag.py:4138} INFO - Setting next_dagrun for example_dag_decorator to None, run_after=None
[2026-01-08T01:55:31.766+0000] {processor.py:208} INFO - Processing /home/airflow/.local/lib/python3.12/site-packages/airflow/example_dags/example_dag_decorator.py took 0.116 seconds
[2026-01-08T01:56:02.320+0000] {processor.py:186} INFO - Started process (PID=1036) to work on /home/airflow/.local/lib/python3.12/site-packages/airflow/example_dags/example_dag_decorator.py
[2026-01-08T01:56:02.322+0000] {processor.py:914} INFO - Processing file /home/airflow/.local/lib/python3.12/site-packages/airflow/example_dags/example_dag_decorator.py for tasks to queue
[2026-01-08T01:56:02.324+0000] {logging_mixin.py:190} INFO - [2026-01-08T01:56:02.323+0000] {dagbag.py:587} INFO - Filling up the DagBag from /home/airflow/.local/lib/python3.12/site-packages/airflow/example_dags/example_dag_decorator.py
[2026-01-08T01:56:02.332+0000] {processor.py:925} INFO - DAG(s) 'example_dag_decorator' retrieved from /home/airflow/.local/lib/python3.12/site-packages/airflow/example_dags/example_dag_decorator.py
[2026-01-08T01:56:02.401+0000] {logging_mixin.py:190} INFO - [2026-01-08T01:56:02.401+0000] {dag.py:3211} INFO - Sync 1 DAGs
[2026-01-08T01:56:02.410+0000] {logging_mixin.py:190} INFO - [2026-01-08T01:56:02.409+0000] {dag.py:4138} INFO - Setting next_dagrun for example_dag_decorator to None, run_after=None
[2026-01-08T01:56:02.425+0000] {processor.py:208} INFO - Processing /home/airflow/.local/lib/python3.12/site-packages/airflow/example_dags/example_dag_decorator.py took 0.109 seconds
[2026-01-08T01:56:32.613+0000] {processor.py:186} INFO - Started process (PID=1098) to work on /home/airflow/.local/lib/python3.12/site-packages/airflow/example_dags/example_dag_decorator.py
[2026-01-08T01:56:32.614+0000] {processor.py:914} INFO - Processing file /home/airflow/.local/lib/python3.12/site-packages/airflow/example_dags/example_dag_decorator.py for tasks to queue
[2026-01-08T01:56:32.617+0000] {logging_mixin.py:190} INFO - [2026-01-08T01:56:32.617+0000] {dagbag.py:587} INFO - Filling up the DagBag from /home/airflow/.local/lib/python3.12/site-packages/airflow/example_dags/example_dag_decorator.py
[2026-01-08T01:56:32.626+0000] {processor.py:925} INFO - DAG(s) 'example_dag_decorator' retrieved from /home/airflow/.local/lib/python3.12/site-packages/airflow/example_dags/example_dag_decorator.py
[2026-01-08T01:56:32.697+0000] {logging_mixin.py:190} INFO - [2026-01-08T01:56:32.697+0000] {dag.py:3211} INFO - Sync 1 DAGs
[2026-01-08T01:56:32.706+0000] {logging_mixin.py:190} INFO - [2026-01-08T01:56:32.706+0000] {dag.py:4138} INFO - Setting next_dagrun for example_dag_decorator to None, run_after=None
[2026-01-08T01:56:32.725+0000] {processor.py:208} INFO - Processing /home/airflow/.local/lib/python3.12/site-packages/airflow/example_dags/example_dag_decorator.py took 0.116 seconds
[2026-01-08T01:57:03.049+0000] {processor.py:186} INFO - Started process (PID=1160) to work on /home/airflow/.local/lib/python3.12/site-packages/airflow/example_dags/example_dag_decorator.py
[2026-01-08T01:57:03.051+0000] {processor.py:914} INFO - Processing file /home/airflow/.local/lib/python3.12/site-packages/airflow/example_dags/example_dag_decorator.py for tasks to queue
[2026-01-08T01:57:03.053+0000] {logging_mixin.py:190} INFO - [2026-01-08T01:57:03.053+0000] {dagbag.py:587} INFO - Filling up the DagBag from /home/airflow/.local/lib/python3.12/site-packages/airflow/example_dags/example_dag_decorator.py
[2026-01-08T01:57:03.062+0000] {processor.py:925} INFO - DAG(s) 'example_dag_decorator' retrieved from /home/airflow/.local/lib/python3.12/site-packages/airflow/example_dags/example_dag_decorator.py
[2026-01-08T01:57:03.132+0000] {logging_mixin.py:190} INFO - [2026-01-08T01:57:03.131+0000] {dag.py:3211} INFO - Sync 1 DAGs
[2026-01-08T01:57:03.140+0000] {logging_mixin.py:190} INFO - [2026-01-08T01:57:03.140+0000] {dag.py:4138} INFO - Setting next_dagrun for example_dag_decorator to None, run_after=None
[2026-01-08T01:57:03.155+0000] {processor.py:208} INFO - Processing /home/airflow/.local/lib/python3.12/site-packages/airflow/example_dags/example_dag_decorator.py took 0.109 seconds
[2026-01-08T01:57:33.555+0000] {processor.py:186} INFO - Started process (PID=1222) to work on /home/airflow/.local/lib/python3.12/site-packages/airflow/example_dags/example_dag_decorator.py
[2026-01-08T01:57:33.557+0000] {processor.py:914} INFO - Processing file /home/airflow/.local/lib/python3.12/site-packages/airflow/example_dags/example_dag_decorator.py for tasks to queue
[2026-01-08T01:57:33.559+0000] {logging_mixin.py:190} INFO - [2026-01-08T01:57:33.559+0000] {dagbag.py:587} INFO - Filling up the DagBag from /home/airflow/.local/lib/python3.12/site-packages/airflow/example_dags/example_dag_decorator.py
[2026-01-08T01:57:33.568+0000] {processor.py:925} INFO - DAG(s) 'example_dag_decorator' retrieved from /home/airflow/.local/lib/python3.12/site-packages/airflow/example_dags/example_dag_decorator.py
[2026-01-08T01:57:33.639+0000] {logging_mixin.py:190} INFO - [2026-01-08T01:57:33.638+0000] {dag.py:3211} INFO - Sync 1 DAGs
[2026-01-08T01:57:33.649+0000] {logging_mixin.py:190} INFO - [2026-01-08T01:57:33.648+0000] {dag.py:4138} INFO - Setting next_dagrun for example_dag_decorator to None, run_after=None
[2026-01-08T01:57:33.666+0000] {processor.py:208} INFO - Processing /home/airflow/.local/lib/python3.12/site-packages/airflow/example_dags/example_dag_decorator.py took 0.114 seconds
[2026-01-08T01:58:04.171+0000] {processor.py:186} INFO - Started process (PID=1284) to work on /home/airflow/.local/lib/python3.12/site-packages/airflow/example_dags/example_dag_decorator.py
[2026-01-08T01:58:04.173+0000] {processor.py:914} INFO - Processing file /home/airflow/.local/lib/python3.12/site-packages/airflow/example_dags/example_dag_decorator.py for tasks to queue
[2026-01-08T01:58:04.175+0000] {logging_mixin.py:190} INFO - [2026-01-08T01:58:04.175+0000] {dagbag.py:587} INFO - Filling up the DagBag from /home/airflow/.local/lib/python3.12/site-packages/airflow/example_dags/example_dag_decorator.py
[2026-01-08T01:58:04.184+0000] {processor.py:925} INFO - DAG(s) 'example_dag_decorator' retrieved from /home/airflow/.local/lib/python3.12/site-packages/airflow/example_dags/example_dag_decorator.py
[2026-01-08T01:58:04.255+0000] {logging_mixin.py:190} INFO - [2026-01-08T01:58:04.255+0000] {dag.py:3211} INFO - Sync 1 DAGs
[2026-01-08T01:58:04.265+0000] {logging_mixin.py:190} INFO - [2026-01-08T01:58:04.265+0000] {dag.py:4138} INFO - Setting next_dagrun for example_dag_decorator to None, run_after=None
[2026-01-08T01:58:04.281+0000] {processor.py:208} INFO - Processing /home/airflow/.local/lib/python3.12/site-packages/airflow/example_dags/example_dag_decorator.py took 0.114 seconds
[2026-01-08T01:58:34.549+0000] {processor.py:186} INFO - Started process (PID=1347) to work on /home/airflow/.local/lib/python3.12/site-packages/airflow/example_dags/example_dag_decorator.py
[2026-01-08T01:58:34.550+0000] {processor.py:914} INFO - Processing file /home/airflow/.local/lib/python3.12/site-packages/airflow/example_dags/example_dag_decorator.py for tasks to queue
[2026-01-08T01:58:34.552+0000] {logging_mixin.py:190} INFO - [2026-01-08T01:58:34.552+0000] {dagbag.py:587} INFO - Filling up the DagBag from /home/airflow/.local/lib/python3.12/site-packages/airflow/example_dags/example_dag_decorator.py
[2026-01-08T01:58:34.562+0000] {processor.py:925} INFO - DAG(s) 'example_dag_decorator' retrieved from /home/airflow/.local/lib/python3.12/site-packages/airflow/example_dags/example_dag_decorator.py
[2026-01-08T01:58:34.630+0000] {logging_mixin.py:190} INFO - [2026-01-08T01:58:34.630+0000] {dag.py:3211} INFO - Sync 1 DAGs
[2026-01-08T01:58:34.639+0000] {logging_mixin.py:190} INFO - [2026-01-08T01:58:34.639+0000] {dag.py:4138} INFO - Setting next_dagrun for example_dag_decorator to None, run_after=None
[2026-01-08T01:58:34.653+0000] {processor.py:208} INFO - Processing /home/airflow/.local/lib/python3.12/site-packages/airflow/example_dags/example_dag_decorator.py took 0.109 seconds
[2026-01-08T01:59:04.887+0000] {processor.py:186} INFO - Started process (PID=1410) to work on /home/airflow/.local/lib/python3.12/site-packages/airflow/example_dags/example_dag_decorator.py
[2026-01-08T01:59:04.888+0000] {processor.py:914} INFO - Processing file /home/airflow/.local/lib/python3.12/site-packages/airflow/example_dags/example_dag_decorator.py for tasks to queue
[2026-01-08T01:59:04.891+0000] {logging_mixin.py:190} INFO - [2026-01-08T01:59:04.891+0000] {dagbag.py:587} INFO - Filling up the DagBag from /home/airflow/.local/lib/python3.12/site-packages/airflow/example_dags/example_dag_decorator.py
[2026-01-08T01:59:04.900+0000] {processor.py:925} INFO - DAG(s) 'example_dag_decorator' retrieved from /home/airflow/.local/lib/python3.12/site-packages/airflow/example_dags/example_dag_decorator.py
[2026-01-08T01:59:04.968+0000] {logging_mixin.py:190} INFO - [2026-01-08T01:59:04.968+0000] {dag.py:3211} INFO - Sync 1 DAGs
[2026-01-08T01:59:04.976+0000] {logging_mixin.py:190} INFO - [2026-01-08T01:59:04.976+0000] {dag.py:4138} INFO - Setting next_dagrun for example_dag_decorator to None, run_after=None
[2026-01-08T01:59:04.993+0000] {processor.py:208} INFO - Processing /home/airflow/.local/lib/python3.12/site-packages/airflow/example_dags/example_dag_decorator.py took 0.110 seconds
[2026-01-08T01:59:35.126+0000] {processor.py:186} INFO - Started process (PID=1473) to work on /home/airflow/.local/lib/python3.12/site-packages/airflow/example_dags/example_dag_decorator.py
[2026-01-08T01:59:35.127+0000] {processor.py:914} INFO - Processing file /home/airflow/.local/lib/python3.12/site-packages/airflow/example_dags/example_dag_decorator.py for tasks to queue
[2026-01-08T01:59:35.130+0000] {logging_mixin.py:190} INFO - [2026-01-08T01:59:35.129+0000] {dagbag.py:587} INFO - Filling up the DagBag from /home/airflow/.local/lib/python3.12/site-packages/airflow/example_dags/example_dag_decorator.py
[2026-01-08T01:59:35.138+0000] {processor.py:925} INFO - DAG(s) 'example_dag_decorator' retrieved from /home/airflow/.local/lib/python3.12/site-packages/airflow/example_dags/example_dag_decorator.py
[2026-01-08T01:59:35.212+0000] {logging_mixin.py:190} INFO - [2026-01-08T01:59:35.212+0000] {dag.py:3211} INFO - Sync 1 DAGs
[2026-01-08T01:59:35.221+0000] {logging_mixin.py:190} INFO - [2026-01-08T01:59:35.221+0000] {dag.py:4138} INFO - Setting next_dagrun for example_dag_decorator to None, run_after=None
[2026-01-08T01:59:35.238+0000] {processor.py:208} INFO - Processing /home/airflow/.local/lib/python3.12/site-packages/airflow/example_dags/example_dag_decorator.py took 0.116 seconds
[2026-01-08T02:00:05.780+0000] {processor.py:186} INFO - Started process (PID=1536) to work on /home/airflow/.local/lib/python3.12/site-packages/airflow/example_dags/example_dag_decorator.py
[2026-01-08T02:00:05.782+0000] {processor.py:914} INFO - Processing file /home/airflow/.local/lib/python3.12/site-packages/airflow/example_dags/example_dag_decorator.py for tasks to queue
[2026-01-08T02:00:05.784+0000] {logging_mixin.py:190} INFO - [2026-01-08T02:00:05.784+0000] {dagbag.py:587} INFO - Filling up the DagBag from /home/airflow/.local/lib/python3.12/site-packages/airflow/example_dags/example_dag_decorator.py
[2026-01-08T02:00:05.794+0000] {processor.py:925} INFO - DAG(s) 'example_dag_decorator' retrieved from /home/airflow/.local/lib/python3.12/site-packages/airflow/example_dags/example_dag_decorator.py
[2026-01-08T02:00:05.865+0000] {logging_mixin.py:190} INFO - [2026-01-08T02:00:05.865+0000] {dag.py:3211} INFO - Sync 1 DAGs
[2026-01-08T02:00:05.874+0000] {logging_mixin.py:190} INFO - [2026-01-08T02:00:05.874+0000] {dag.py:4138} INFO - Setting next_dagrun for example_dag_decorator to None, run_after=None
[2026-01-08T02:00:05.891+0000] {processor.py:208} INFO - Processing /home/airflow/.local/lib/python3.12/site-packages/airflow/example_dags/example_dag_decorator.py took 0.116 seconds
[2026-01-08T02:00:36.394+0000] {processor.py:186} INFO - Started process (PID=1599) to work on /home/airflow/.local/lib/python3.12/site-packages/airflow/example_dags/example_dag_decorator.py
[2026-01-08T02:00:36.395+0000] {processor.py:914} INFO - Processing file /home/airflow/.local/lib/python3.12/site-packages/airflow/example_dags/example_dag_decorator.py for tasks to queue
[2026-01-08T02:00:36.398+0000] {logging_mixin.py:190} INFO - [2026-01-08T02:00:36.398+0000] {dagbag.py:587} INFO - Filling up the DagBag from /home/airflow/.local/lib/python3.12/site-packages/airflow/example_dags/example_dag_decorator.py
[2026-01-08T02:00:36.408+0000] {processor.py:925} INFO - DAG(s) 'example_dag_decorator' retrieved from /home/airflow/.local/lib/python3.12/site-packages/airflow/example_dags/example_dag_decorator.py
[2026-01-08T02:00:36.486+0000] {logging_mixin.py:190} INFO - [2026-01-08T02:00:36.486+0000] {dag.py:3211} INFO - Sync 1 DAGs
[2026-01-08T02:00:36.495+0000] {logging_mixin.py:190} INFO - [2026-01-08T02:00:36.495+0000] {dag.py:4138} INFO - Setting next_dagrun for example_dag_decorator to None, run_after=None
[2026-01-08T02:00:36.511+0000] {processor.py:208} INFO - Processing /home/airflow/.local/lib/python3.12/site-packages/airflow/example_dags/example_dag_decorator.py took 0.122 seconds
[2026-01-08T02:01:07.066+0000] {processor.py:186} INFO - Started process (PID=1662) to work on /home/airflow/.local/lib/python3.12/site-packages/airflow/example_dags/example_dag_decorator.py
[2026-01-08T02:01:07.068+0000] {processor.py:914} INFO - Processing file /home/airflow/.local/lib/python3.12/site-packages/airflow/example_dags/example_dag_decorator.py for tasks to queue
[2026-01-08T02:01:07.070+0000] {logging_mixin.py:190} INFO - [2026-01-08T02:01:07.070+0000] {dagbag.py:587} INFO - Filling up the DagBag from /home/airflow/.local/lib/python3.12/site-packages/airflow/example_dags/example_dag_decorator.py
[2026-01-08T02:01:07.079+0000] {processor.py:925} INFO - DAG(s) 'example_dag_decorator' retrieved from /home/airflow/.local/lib/python3.12/site-packages/airflow/example_dags/example_dag_decorator.py
[2026-01-08T02:01:07.151+0000] {logging_mixin.py:190} INFO - [2026-01-08T02:01:07.150+0000] {dag.py:3211} INFO - Sync 1 DAGs
[2026-01-08T02:01:07.160+0000] {logging_mixin.py:190} INFO - [2026-01-08T02:01:07.159+0000] {dag.py:4138} INFO - Setting next_dagrun for example_dag_decorator to None, run_after=None
[2026-01-08T02:01:07.178+0000] {processor.py:208} INFO - Processing /home/airflow/.local/lib/python3.12/site-packages/airflow/example_dags/example_dag_decorator.py took 0.116 seconds
[2026-01-08T02:01:38.064+0000] {processor.py:186} INFO - Started process (PID=1725) to work on /home/airflow/.local/lib/python3.12/site-packages/airflow/example_dags/example_dag_decorator.py
[2026-01-08T02:01:38.065+0000] {processor.py:914} INFO - Processing file /home/airflow/.local/lib/python3.12/site-packages/airflow/example_dags/example_dag_decorator.py for tasks to queue
[2026-01-08T02:01:38.068+0000] {logging_mixin.py:190} INFO - [2026-01-08T02:01:38.067+0000] {dagbag.py:587} INFO - Filling up the DagBag from /home/airflow/.local/lib/python3.12/site-packages/airflow/example_dags/example_dag_decorator.py
[2026-01-08T02:01:38.078+0000] {processor.py:925} INFO - DAG(s) 'example_dag_decorator' retrieved from /home/airflow/.local/lib/python3.12/site-packages/airflow/example_dags/example_dag_decorator.py
[2026-01-08T02:01:38.166+0000] {logging_mixin.py:190} INFO - [2026-01-08T02:01:38.166+0000] {dag.py:3211} INFO - Sync 1 DAGs
[2026-01-08T02:01:38.177+0000] {logging_mixin.py:190} INFO - [2026-01-08T02:01:38.177+0000] {dag.py:4138} INFO - Setting next_dagrun for example_dag_decorator to None, run_after=None
[2026-01-08T02:01:38.201+0000] {processor.py:208} INFO - Processing /home/airflow/.local/lib/python3.12/site-packages/airflow/example_dags/example_dag_decorator.py took 0.143 seconds
[2026-01-08T02:02:08.993+0000] {processor.py:186} INFO - Started process (PID=1788) to work on /home/airflow/.local/lib/python3.12/site-packages/airflow/example_dags/example_dag_decorator.py
[2026-01-08T02:02:08.995+0000] {processor.py:914} INFO - Processing file /home/airflow/.local/lib/python3.12/site-packages/airflow/example_dags/example_dag_decorator.py for tasks to queue
[2026-01-08T02:02:08.997+0000] {logging_mixin.py:190} INFO - [2026-01-08T02:02:08.997+0000] {dagbag.py:587} INFO - Filling up the DagBag from /home/airflow/.local/lib/python3.12/site-packages/airflow/example_dags/example_dag_decorator.py
[2026-01-08T02:02:09.008+0000] {processor.py:925} INFO - DAG(s) 'example_dag_decorator' retrieved from /home/airflow/.local/lib/python3.12/site-packages/airflow/example_dags/example_dag_decorator.py
[2026-01-08T02:02:09.086+0000] {logging_mixin.py:190} INFO - [2026-01-08T02:02:09.085+0000] {dag.py:3211} INFO - Sync 1 DAGs
[2026-01-08T02:02:09.096+0000] {logging_mixin.py:190} INFO - [2026-01-08T02:02:09.096+0000] {dag.py:4138} INFO - Setting next_dagrun for example_dag_decorator to None, run_after=None
[2026-01-08T02:02:09.111+0000] {processor.py:208} INFO - Processing /home/airflow/.local/lib/python3.12/site-packages/airflow/example_dags/example_dag_decorator.py took 0.122 seconds
[2026-01-08T02:02:39.949+0000] {processor.py:186} INFO - Started process (PID=1852) to work on /home/airflow/.local/lib/python3.12/site-packages/airflow/example_dags/example_dag_decorator.py
[2026-01-08T02:02:39.950+0000] {processor.py:914} INFO - Processing file /home/airflow/.local/lib/python3.12/site-packages/airflow/example_dags/example_dag_decorator.py for tasks to queue
[2026-01-08T02:02:39.953+0000] {logging_mixin.py:190} INFO - [2026-01-08T02:02:39.952+0000] {dagbag.py:587} INFO - Filling up the DagBag from /home/airflow/.local/lib/python3.12/site-packages/airflow/example_dags/example_dag_decorator.py
[2026-01-08T02:02:39.962+0000] {processor.py:925} INFO - DAG(s) 'example_dag_decorator' retrieved from /home/airflow/.local/lib/python3.12/site-packages/airflow/example_dags/example_dag_decorator.py
[2026-01-08T02:02:40.032+0000] {logging_mixin.py:190} INFO - [2026-01-08T02:02:40.031+0000] {dag.py:3211} INFO - Sync 1 DAGs
[2026-01-08T02:02:40.041+0000] {logging_mixin.py:190} INFO - [2026-01-08T02:02:40.041+0000] {dag.py:4138} INFO - Setting next_dagrun for example_dag_decorator to None, run_after=None
[2026-01-08T02:02:40.056+0000] {processor.py:208} INFO - Processing /home/airflow/.local/lib/python3.12/site-packages/airflow/example_dags/example_dag_decorator.py took 0.112 seconds
[2026-01-08T02:03:10.952+0000] {processor.py:186} INFO - Started process (PID=1915) to work on /home/airflow/.local/lib/python3.12/site-packages/airflow/example_dags/example_dag_decorator.py
[2026-01-08T02:03:10.953+0000] {processor.py:914} INFO - Processing file /home/airflow/.local/lib/python3.12/site-packages/airflow/example_dags/example_dag_decorator.py for tasks to queue
[2026-01-08T02:03:10.955+0000] {logging_mixin.py:190} INFO - [2026-01-08T02:03:10.955+0000] {dagbag.py:587} INFO - Filling up the DagBag from /home/airflow/.local/lib/python3.12/site-packages/airflow/example_dags/example_dag_decorator.py
[2026-01-08T02:03:10.965+0000] {processor.py:925} INFO - DAG(s) 'example_dag_decorator' retrieved from /home/airflow/.local/lib/python3.12/site-packages/airflow/example_dags/example_dag_decorator.py
[2026-01-08T02:03:11.040+0000] {logging_mixin.py:190} INFO - [2026-01-08T02:03:11.040+0000] {dag.py:3211} INFO - Sync 1 DAGs
[2026-01-08T02:03:11.048+0000] {logging_mixin.py:190} INFO - [2026-01-08T02:03:11.047+0000] {dag.py:4138} INFO - Setting next_dagrun for example_dag_decorator to None, run_after=None
[2026-01-08T02:03:11.064+0000] {processor.py:208} INFO - Processing /home/airflow/.local/lib/python3.12/site-packages/airflow/example_dags/example_dag_decorator.py took 0.117 seconds
[2026-01-08T02:03:41.482+0000] {processor.py:186} INFO - Started process (PID=1979) to work on /home/airflow/.local/lib/python3.12/site-packages/airflow/example_dags/example_dag_decorator.py
[2026-01-08T02:03:41.483+0000] {processor.py:914} INFO - Processing file /home/airflow/.local/lib/python3.12/site-packages/airflow/example_dags/example_dag_decorator.py for tasks to queue
[2026-01-08T02:03:41.486+0000] {logging_mixin.py:190} INFO - [2026-01-08T02:03:41.486+0000] {dagbag.py:587} INFO - Filling up the DagBag from /home/airflow/.local/lib/python3.12/site-packages/airflow/example_dags/example_dag_decorator.py
[2026-01-08T02:03:41.495+0000] {processor.py:925} INFO - DAG(s) 'example_dag_decorator' retrieved from /home/airflow/.local/lib/python3.12/site-packages/airflow/example_dags/example_dag_decorator.py
[2026-01-08T02:03:41.570+0000] {logging_mixin.py:190} INFO - [2026-01-08T02:03:41.570+0000] {dag.py:3211} INFO - Sync 1 DAGs
[2026-01-08T02:03:41.580+0000] {logging_mixin.py:190} INFO - [2026-01-08T02:03:41.579+0000] {dag.py:4138} INFO - Setting next_dagrun for example_dag_decorator to None, run_after=None
[2026-01-08T02:03:41.599+0000] {processor.py:208} INFO - Processing /home/airflow/.local/lib/python3.12/site-packages/airflow/example_dags/example_dag_decorator.py took 0.121 seconds
[2026-01-08T02:04:11.667+0000] {processor.py:186} INFO - Started process (PID=2041) to work on /home/airflow/.local/lib/python3.12/site-packages/airflow/example_dags/example_dag_decorator.py
[2026-01-08T02:04:11.668+0000] {processor.py:914} INFO - Processing file /home/airflow/.local/lib/python3.12/site-packages/airflow/example_dags/example_dag_decorator.py for tasks to queue
[2026-01-08T02:04:11.670+0000] {logging_mixin.py:190} INFO - [2026-01-08T02:04:11.670+0000] {dagbag.py:587} INFO - Filling up the DagBag from /home/airflow/.local/lib/python3.12/site-packages/airflow/example_dags/example_dag_decorator.py
[2026-01-08T02:04:11.679+0000] {processor.py:925} INFO - DAG(s) 'example_dag_decorator' retrieved from /home/airflow/.local/lib/python3.12/site-packages/airflow/example_dags/example_dag_decorator.py
[2026-01-08T02:04:11.750+0000] {logging_mixin.py:190} INFO - [2026-01-08T02:04:11.750+0000] {dag.py:3211} INFO - Sync 1 DAGs
[2026-01-08T02:04:11.758+0000] {logging_mixin.py:190} INFO - [2026-01-08T02:04:11.758+0000] {dag.py:4138} INFO - Setting next_dagrun for example_dag_decorator to None, run_after=None
[2026-01-08T02:04:11.775+0000] {processor.py:208} INFO - Processing /home/airflow/.local/lib/python3.12/site-packages/airflow/example_dags/example_dag_decorator.py took 0.113 seconds
[2026-01-08T02:04:41.835+0000] {processor.py:186} INFO - Started process (PID=2104) to work on /home/airflow/.local/lib/python3.12/site-packages/airflow/example_dags/example_dag_decorator.py
[2026-01-08T02:04:41.837+0000] {processor.py:914} INFO - Processing file /home/airflow/.local/lib/python3.12/site-packages/airflow/example_dags/example_dag_decorator.py for tasks to queue
[2026-01-08T02:04:41.839+0000] {logging_mixin.py:190} INFO - [2026-01-08T02:04:41.839+0000] {dagbag.py:587} INFO - Filling up the DagBag from /home/airflow/.local/lib/python3.12/site-packages/airflow/example_dags/example_dag_decorator.py
[2026-01-08T02:04:41.848+0000] {processor.py:925} INFO - DAG(s) 'example_dag_decorator' retrieved from /home/airflow/.local/lib/python3.12/site-packages/airflow/example_dags/example_dag_decorator.py
[2026-01-08T02:04:41.926+0000] {logging_mixin.py:190} INFO - [2026-01-08T02:04:41.926+0000] {dag.py:3211} INFO - Sync 1 DAGs
[2026-01-08T02:04:41.935+0000] {logging_mixin.py:190} INFO - [2026-01-08T02:04:41.935+0000] {dag.py:4138} INFO - Setting next_dagrun for example_dag_decorator to None, run_after=None
[2026-01-08T02:04:41.951+0000] {processor.py:208} INFO - Processing /home/airflow/.local/lib/python3.12/site-packages/airflow/example_dags/example_dag_decorator.py took 0.121 seconds
[2026-01-08T02:05:13.631+0000] {processor.py:186} INFO - Started process (PID=2168) to work on /home/airflow/.local/lib/python3.12/site-packages/airflow/example_dags/example_dag_decorator.py
[2026-01-08T02:05:13.633+0000] {processor.py:914} INFO - Processing file /home/airflow/.local/lib/python3.12/site-packages/airflow/example_dags/example_dag_decorator.py for tasks to queue
[2026-01-08T02:05:13.634+0000] {logging_mixin.py:190} INFO - [2026-01-08T02:05:13.634+0000] {dagbag.py:587} INFO - Filling up the DagBag from /home/airflow/.local/lib/python3.12/site-packages/airflow/example_dags/example_dag_decorator.py
[2026-01-08T02:05:13.643+0000] {processor.py:925} INFO - DAG(s) 'example_dag_decorator' retrieved from /home/airflow/.local/lib/python3.12/site-packages/airflow/example_dags/example_dag_decorator.py
[2026-01-08T02:05:13.709+0000] {logging_mixin.py:190} INFO - [2026-01-08T02:05:13.709+0000] {dag.py:3211} INFO - Sync 1 DAGs
[2026-01-08T02:05:13.718+0000] {logging_mixin.py:190} INFO - [2026-01-08T02:05:13.718+0000] {dag.py:4138} INFO - Setting next_dagrun for example_dag_decorator to None, run_after=None
[2026-01-08T02:05:13.736+0000] {processor.py:208} INFO - Processing /home/airflow/.local/lib/python3.12/site-packages/airflow/example_dags/example_dag_decorator.py took 0.108 seconds
[2026-01-08T02:05:44.905+0000] {processor.py:186} INFO - Started process (PID=2231) to work on /home/airflow/.local/lib/python3.12/site-packages/airflow/example_dags/example_dag_decorator.py
[2026-01-08T02:05:44.906+0000] {processor.py:914} INFO - Processing file /home/airflow/.local/lib/python3.12/site-packages/airflow/example_dags/example_dag_decorator.py for tasks to queue
[2026-01-08T02:05:44.909+0000] {logging_mixin.py:190} INFO - [2026-01-08T02:05:44.909+0000] {dagbag.py:587} INFO - Filling up the DagBag from /home/airflow/.local/lib/python3.12/site-packages/airflow/example_dags/example_dag_decorator.py
[2026-01-08T02:05:44.918+0000] {processor.py:925} INFO - DAG(s) 'example_dag_decorator' retrieved from /home/airflow/.local/lib/python3.12/site-packages/airflow/example_dags/example_dag_decorator.py
[2026-01-08T02:05:44.986+0000] {logging_mixin.py:190} INFO - [2026-01-08T02:05:44.986+0000] {dag.py:3211} INFO - Sync 1 DAGs
[2026-01-08T02:05:44.993+0000] {logging_mixin.py:190} INFO - [2026-01-08T02:05:44.993+0000] {dag.py:4138} INFO - Setting next_dagrun for example_dag_decorator to None, run_after=None
[2026-01-08T02:05:45.009+0000] {processor.py:208} INFO - Processing /home/airflow/.local/lib/python3.12/site-packages/airflow/example_dags/example_dag_decorator.py took 0.109 seconds
[2026-01-08T02:06:16.304+0000] {processor.py:186} INFO - Started process (PID=2294) to work on /home/airflow/.local/lib/python3.12/site-packages/airflow/example_dags/example_dag_decorator.py
[2026-01-08T02:06:16.305+0000] {processor.py:914} INFO - Processing file /home/airflow/.local/lib/python3.12/site-packages/airflow/example_dags/example_dag_decorator.py for tasks to queue
[2026-01-08T02:06:16.308+0000] {logging_mixin.py:190} INFO - [2026-01-08T02:06:16.308+0000] {dagbag.py:587} INFO - Filling up the DagBag from /home/airflow/.local/lib/python3.12/site-packages/airflow/example_dags/example_dag_decorator.py
[2026-01-08T02:06:16.318+0000] {processor.py:925} INFO - DAG(s) 'example_dag_decorator' retrieved from /home/airflow/.local/lib/python3.12/site-packages/airflow/example_dags/example_dag_decorator.py
[2026-01-08T02:06:16.396+0000] {logging_mixin.py:190} INFO - [2026-01-08T02:06:16.396+0000] {dag.py:3211} INFO - Sync 1 DAGs
[2026-01-08T02:06:16.406+0000] {logging_mixin.py:190} INFO - [2026-01-08T02:06:16.405+0000] {dag.py:4138} INFO - Setting next_dagrun for example_dag_decorator to None, run_after=None
[2026-01-08T02:06:16.421+0000] {processor.py:208} INFO - Processing /home/airflow/.local/lib/python3.12/site-packages/airflow/example_dags/example_dag_decorator.py took 0.122 seconds
[2026-01-08T02:06:46.638+0000] {processor.py:186} INFO - Started process (PID=2357) to work on /home/airflow/.local/lib/python3.12/site-packages/airflow/example_dags/example_dag_decorator.py
[2026-01-08T02:06:46.639+0000] {processor.py:914} INFO - Processing file /home/airflow/.local/lib/python3.12/site-packages/airflow/example_dags/example_dag_decorator.py for tasks to queue
[2026-01-08T02:06:46.642+0000] {logging_mixin.py:190} INFO - [2026-01-08T02:06:46.642+0000] {dagbag.py:587} INFO - Filling up the DagBag from /home/airflow/.local/lib/python3.12/site-packages/airflow/example_dags/example_dag_decorator.py
[2026-01-08T02:06:46.651+0000] {processor.py:925} INFO - DAG(s) 'example_dag_decorator' retrieved from /home/airflow/.local/lib/python3.12/site-packages/airflow/example_dags/example_dag_decorator.py
[2026-01-08T02:06:46.723+0000] {logging_mixin.py:190} INFO - [2026-01-08T02:06:46.723+0000] {dag.py:3211} INFO - Sync 1 DAGs
[2026-01-08T02:06:46.733+0000] {logging_mixin.py:190} INFO - [2026-01-08T02:06:46.732+0000] {dag.py:4138} INFO - Setting next_dagrun for example_dag_decorator to None, run_after=None
[2026-01-08T02:06:46.748+0000] {processor.py:208} INFO - Processing /home/airflow/.local/lib/python3.12/site-packages/airflow/example_dags/example_dag_decorator.py took 0.115 seconds
[2026-01-08T02:07:16.827+0000] {processor.py:186} INFO - Started process (PID=2420) to work on /home/airflow/.local/lib/python3.12/site-packages/airflow/example_dags/example_dag_decorator.py
[2026-01-08T02:07:16.829+0000] {processor.py:914} INFO - Processing file /home/airflow/.local/lib/python3.12/site-packages/airflow/example_dags/example_dag_decorator.py for tasks to queue
[2026-01-08T02:07:16.831+0000] {logging_mixin.py:190} INFO - [2026-01-08T02:07:16.831+0000] {dagbag.py:587} INFO - Filling up the DagBag from /home/airflow/.local/lib/python3.12/site-packages/airflow/example_dags/example_dag_decorator.py
[2026-01-08T02:07:16.840+0000] {processor.py:925} INFO - DAG(s) 'example_dag_decorator' retrieved from /home/airflow/.local/lib/python3.12/site-packages/airflow/example_dags/example_dag_decorator.py
[2026-01-08T02:07:16.911+0000] {logging_mixin.py:190} INFO - [2026-01-08T02:07:16.911+0000] {dag.py:3211} INFO - Sync 1 DAGs
[2026-01-08T02:07:16.920+0000] {logging_mixin.py:190} INFO - [2026-01-08T02:07:16.920+0000] {dag.py:4138} INFO - Setting next_dagrun for example_dag_decorator to None, run_after=None
[2026-01-08T02:07:16.937+0000] {processor.py:208} INFO - Processing /home/airflow/.local/lib/python3.12/site-packages/airflow/example_dags/example_dag_decorator.py took 0.114 seconds
[2026-01-08T02:07:47.187+0000] {processor.py:186} INFO - Started process (PID=2483) to work on /home/airflow/.local/lib/python3.12/site-packages/airflow/example_dags/example_dag_decorator.py
[2026-01-08T02:07:47.189+0000] {processor.py:914} INFO - Processing file /home/airflow/.local/lib/python3.12/site-packages/airflow/example_dags/example_dag_decorator.py for tasks to queue
[2026-01-08T02:07:47.191+0000] {logging_mixin.py:190} INFO - [2026-01-08T02:07:47.191+0000] {dagbag.py:587} INFO - Filling up the DagBag from /home/airflow/.local/lib/python3.12/site-packages/airflow/example_dags/example_dag_decorator.py
[2026-01-08T02:07:47.200+0000] {processor.py:925} INFO - DAG(s) 'example_dag_decorator' retrieved from /home/airflow/.local/lib/python3.12/site-packages/airflow/example_dags/example_dag_decorator.py
[2026-01-08T02:07:47.269+0000] {logging_mixin.py:190} INFO - [2026-01-08T02:07:47.269+0000] {dag.py:3211} INFO - Sync 1 DAGs
[2026-01-08T02:07:47.277+0000] {logging_mixin.py:190} INFO - [2026-01-08T02:07:47.277+0000] {dag.py:4138} INFO - Setting next_dagrun for example_dag_decorator to None, run_after=None
[2026-01-08T02:07:47.294+0000] {processor.py:208} INFO - Processing /home/airflow/.local/lib/python3.12/site-packages/airflow/example_dags/example_dag_decorator.py took 0.111 seconds
[2026-01-08T02:08:18.315+0000] {processor.py:186} INFO - Started process (PID=2546) to work on /home/airflow/.local/lib/python3.12/site-packages/airflow/example_dags/example_dag_decorator.py
[2026-01-08T02:08:18.316+0000] {processor.py:914} INFO - Processing file /home/airflow/.local/lib/python3.12/site-packages/airflow/example_dags/example_dag_decorator.py for tasks to queue
[2026-01-08T02:08:18.319+0000] {logging_mixin.py:190} INFO - [2026-01-08T02:08:18.318+0000] {dagbag.py:587} INFO - Filling up the DagBag from /home/airflow/.local/lib/python3.12/site-packages/airflow/example_dags/example_dag_decorator.py
[2026-01-08T02:08:18.327+0000] {processor.py:925} INFO - DAG(s) 'example_dag_decorator' retrieved from /home/airflow/.local/lib/python3.12/site-packages/airflow/example_dags/example_dag_decorator.py
[2026-01-08T02:08:18.398+0000] {logging_mixin.py:190} INFO - [2026-01-08T02:08:18.398+0000] {dag.py:3211} INFO - Sync 1 DAGs
[2026-01-08T02:08:18.552+0000] {logging_mixin.py:190} INFO - [2026-01-08T02:08:18.552+0000] {dag.py:4138} INFO - Setting next_dagrun for example_dag_decorator to None, run_after=None
[2026-01-08T02:08:18.573+0000] {processor.py:208} INFO - Processing /home/airflow/.local/lib/python3.12/site-packages/airflow/example_dags/example_dag_decorator.py took 0.262 seconds
[2026-01-08T02:08:49.482+0000] {processor.py:186} INFO - Started process (PID=2609) to work on /home/airflow/.local/lib/python3.12/site-packages/airflow/example_dags/example_dag_decorator.py
[2026-01-08T02:08:49.483+0000] {processor.py:914} INFO - Processing file /home/airflow/.local/lib/python3.12/site-packages/airflow/example_dags/example_dag_decorator.py for tasks to queue
[2026-01-08T02:08:49.485+0000] {logging_mixin.py:190} INFO - [2026-01-08T02:08:49.485+0000] {dagbag.py:587} INFO - Filling up the DagBag from /home/airflow/.local/lib/python3.12/site-packages/airflow/example_dags/example_dag_decorator.py
[2026-01-08T02:08:49.494+0000] {processor.py:925} INFO - DAG(s) 'example_dag_decorator' retrieved from /home/airflow/.local/lib/python3.12/site-packages/airflow/example_dags/example_dag_decorator.py
[2026-01-08T02:08:49.564+0000] {logging_mixin.py:190} INFO - [2026-01-08T02:08:49.563+0000] {dag.py:3211} INFO - Sync 1 DAGs
[2026-01-08T02:08:49.573+0000] {logging_mixin.py:190} INFO - [2026-01-08T02:08:49.573+0000] {dag.py:4138} INFO - Setting next_dagrun for example_dag_decorator to None, run_after=None
[2026-01-08T02:08:49.726+0000] {processor.py:208} INFO - Processing /home/airflow/.local/lib/python3.12/site-packages/airflow/example_dags/example_dag_decorator.py took 0.250 seconds
[2026-01-08T02:09:20.021+0000] {processor.py:186} INFO - Started process (PID=2672) to work on /home/airflow/.local/lib/python3.12/site-packages/airflow/example_dags/example_dag_decorator.py
[2026-01-08T02:09:20.022+0000] {processor.py:914} INFO - Processing file /home/airflow/.local/lib/python3.12/site-packages/airflow/example_dags/example_dag_decorator.py for tasks to queue
[2026-01-08T02:09:20.024+0000] {logging_mixin.py:190} INFO - [2026-01-08T02:09:20.024+0000] {dagbag.py:587} INFO - Filling up the DagBag from /home/airflow/.local/lib/python3.12/site-packages/airflow/example_dags/example_dag_decorator.py
[2026-01-08T02:09:20.033+0000] {processor.py:925} INFO - DAG(s) 'example_dag_decorator' retrieved from /home/airflow/.local/lib/python3.12/site-packages/airflow/example_dags/example_dag_decorator.py
[2026-01-08T02:09:20.103+0000] {logging_mixin.py:190} INFO - [2026-01-08T02:09:20.102+0000] {dag.py:3211} INFO - Sync 1 DAGs
[2026-01-08T02:09:20.112+0000] {logging_mixin.py:190} INFO - [2026-01-08T02:09:20.112+0000] {dag.py:4138} INFO - Setting next_dagrun for example_dag_decorator to None, run_after=None
[2026-01-08T02:09:20.129+0000] {processor.py:208} INFO - Processing /home/airflow/.local/lib/python3.12/site-packages/airflow/example_dags/example_dag_decorator.py took 0.112 seconds
[2026-01-08T02:09:50.406+0000] {processor.py:186} INFO - Started process (PID=2735) to work on /home/airflow/.local/lib/python3.12/site-packages/airflow/example_dags/example_dag_decorator.py
[2026-01-08T02:09:50.407+0000] {processor.py:914} INFO - Processing file /home/airflow/.local/lib/python3.12/site-packages/airflow/example_dags/example_dag_decorator.py for tasks to queue
[2026-01-08T02:09:50.409+0000] {logging_mixin.py:190} INFO - [2026-01-08T02:09:50.409+0000] {dagbag.py:587} INFO - Filling up the DagBag from /home/airflow/.local/lib/python3.12/site-packages/airflow/example_dags/example_dag_decorator.py
[2026-01-08T02:09:50.418+0000] {processor.py:925} INFO - DAG(s) 'example_dag_decorator' retrieved from /home/airflow/.local/lib/python3.12/site-packages/airflow/example_dags/example_dag_decorator.py
[2026-01-08T02:09:50.486+0000] {logging_mixin.py:190} INFO - [2026-01-08T02:09:50.486+0000] {dag.py:3211} INFO - Sync 1 DAGs
[2026-01-08T02:09:50.495+0000] {logging_mixin.py:190} INFO - [2026-01-08T02:09:50.495+0000] {dag.py:4138} INFO - Setting next_dagrun for example_dag_decorator to None, run_after=None
[2026-01-08T02:09:50.521+0000] {processor.py:208} INFO - Processing /home/airflow/.local/lib/python3.12/site-packages/airflow/example_dags/example_dag_decorator.py took 0.120 seconds
[2026-01-08T02:10:20.857+0000] {processor.py:186} INFO - Started process (PID=2798) to work on /home/airflow/.local/lib/python3.12/site-packages/airflow/example_dags/example_dag_decorator.py
[2026-01-08T02:10:20.858+0000] {processor.py:914} INFO - Processing file /home/airflow/.local/lib/python3.12/site-packages/airflow/example_dags/example_dag_decorator.py for tasks to queue
[2026-01-08T02:10:20.862+0000] {logging_mixin.py:190} INFO - [2026-01-08T02:10:20.862+0000] {dagbag.py:587} INFO - Filling up the DagBag from /home/airflow/.local/lib/python3.12/site-packages/airflow/example_dags/example_dag_decorator.py
[2026-01-08T02:10:20.874+0000] {processor.py:925} INFO - DAG(s) 'example_dag_decorator' retrieved from /home/airflow/.local/lib/python3.12/site-packages/airflow/example_dags/example_dag_decorator.py
[2026-01-08T02:10:21.074+0000] {logging_mixin.py:190} INFO - [2026-01-08T02:10:21.073+0000] {dag.py:3211} INFO - Sync 1 DAGs
[2026-01-08T02:10:21.082+0000] {logging_mixin.py:190} INFO - [2026-01-08T02:10:21.082+0000] {dag.py:4138} INFO - Setting next_dagrun for example_dag_decorator to None, run_after=None
[2026-01-08T02:10:21.107+0000] {processor.py:208} INFO - Processing /home/airflow/.local/lib/python3.12/site-packages/airflow/example_dags/example_dag_decorator.py took 0.257 seconds
[2026-01-08T02:10:51.403+0000] {processor.py:186} INFO - Started process (PID=2860) to work on /home/airflow/.local/lib/python3.12/site-packages/airflow/example_dags/example_dag_decorator.py
[2026-01-08T02:10:51.405+0000] {processor.py:914} INFO - Processing file /home/airflow/.local/lib/python3.12/site-packages/airflow/example_dags/example_dag_decorator.py for tasks to queue
[2026-01-08T02:10:51.408+0000] {logging_mixin.py:190} INFO - [2026-01-08T02:10:51.407+0000] {dagbag.py:587} INFO - Filling up the DagBag from /home/airflow/.local/lib/python3.12/site-packages/airflow/example_dags/example_dag_decorator.py
[2026-01-08T02:10:51.419+0000] {processor.py:925} INFO - DAG(s) 'example_dag_decorator' retrieved from /home/airflow/.local/lib/python3.12/site-packages/airflow/example_dags/example_dag_decorator.py
[2026-01-08T02:10:51.437+0000] {logging_mixin.py:190} INFO - [2026-01-08T02:10:51.437+0000] {dag.py:3211} INFO - Sync 1 DAGs
[2026-01-08T02:10:51.448+0000] {logging_mixin.py:190} INFO - [2026-01-08T02:10:51.447+0000] {dag.py:4138} INFO - Setting next_dagrun for example_dag_decorator to None, run_after=None
[2026-01-08T02:10:51.473+0000] {processor.py:208} INFO - Processing /home/airflow/.local/lib/python3.12/site-packages/airflow/example_dags/example_dag_decorator.py took 0.074 seconds
[2026-01-08T02:11:21.986+0000] {processor.py:186} INFO - Started process (PID=2923) to work on /home/airflow/.local/lib/python3.12/site-packages/airflow/example_dags/example_dag_decorator.py
[2026-01-08T02:11:21.988+0000] {processor.py:914} INFO - Processing file /home/airflow/.local/lib/python3.12/site-packages/airflow/example_dags/example_dag_decorator.py for tasks to queue
[2026-01-08T02:11:21.990+0000] {logging_mixin.py:190} INFO - [2026-01-08T02:11:21.990+0000] {dagbag.py:587} INFO - Filling up the DagBag from /home/airflow/.local/lib/python3.12/site-packages/airflow/example_dags/example_dag_decorator.py
[2026-01-08T02:11:21.999+0000] {processor.py:925} INFO - DAG(s) 'example_dag_decorator' retrieved from /home/airflow/.local/lib/python3.12/site-packages/airflow/example_dags/example_dag_decorator.py
[2026-01-08T02:11:22.017+0000] {logging_mixin.py:190} INFO - [2026-01-08T02:11:22.017+0000] {dag.py:3211} INFO - Sync 1 DAGs
[2026-01-08T02:11:22.027+0000] {logging_mixin.py:190} INFO - [2026-01-08T02:11:22.027+0000] {dag.py:4138} INFO - Setting next_dagrun for example_dag_decorator to None, run_after=None
[2026-01-08T02:11:22.043+0000] {processor.py:208} INFO - Processing /home/airflow/.local/lib/python3.12/site-packages/airflow/example_dags/example_dag_decorator.py took 0.061 seconds
[2026-01-08T02:11:52.961+0000] {processor.py:186} INFO - Started process (PID=2985) to work on /home/airflow/.local/lib/python3.12/site-packages/airflow/example_dags/example_dag_decorator.py
[2026-01-08T02:11:52.962+0000] {processor.py:914} INFO - Processing file /home/airflow/.local/lib/python3.12/site-packages/airflow/example_dags/example_dag_decorator.py for tasks to queue
[2026-01-08T02:11:52.964+0000] {logging_mixin.py:190} INFO - [2026-01-08T02:11:52.964+0000] {dagbag.py:587} INFO - Filling up the DagBag from /home/airflow/.local/lib/python3.12/site-packages/airflow/example_dags/example_dag_decorator.py
[2026-01-08T02:11:52.974+0000] {processor.py:925} INFO - DAG(s) 'example_dag_decorator' retrieved from /home/airflow/.local/lib/python3.12/site-packages/airflow/example_dags/example_dag_decorator.py
[2026-01-08T02:11:52.992+0000] {logging_mixin.py:190} INFO - [2026-01-08T02:11:52.992+0000] {dag.py:3211} INFO - Sync 1 DAGs
[2026-01-08T02:11:53.002+0000] {logging_mixin.py:190} INFO - [2026-01-08T02:11:53.002+0000] {dag.py:4138} INFO - Setting next_dagrun for example_dag_decorator to None, run_after=None
[2026-01-08T02:11:53.018+0000] {processor.py:208} INFO - Processing /home/airflow/.local/lib/python3.12/site-packages/airflow/example_dags/example_dag_decorator.py took 0.063 seconds
[2026-01-08T02:12:23.065+0000] {processor.py:186} INFO - Started process (PID=3048) to work on /home/airflow/.local/lib/python3.12/site-packages/airflow/example_dags/example_dag_decorator.py
[2026-01-08T02:12:23.066+0000] {processor.py:914} INFO - Processing file /home/airflow/.local/lib/python3.12/site-packages/airflow/example_dags/example_dag_decorator.py for tasks to queue
[2026-01-08T02:12:23.069+0000] {logging_mixin.py:190} INFO - [2026-01-08T02:12:23.069+0000] {dagbag.py:587} INFO - Filling up the DagBag from /home/airflow/.local/lib/python3.12/site-packages/airflow/example_dags/example_dag_decorator.py
[2026-01-08T02:12:23.081+0000] {processor.py:925} INFO - DAG(s) 'example_dag_decorator' retrieved from /home/airflow/.local/lib/python3.12/site-packages/airflow/example_dags/example_dag_decorator.py
[2026-01-08T02:12:23.303+0000] {logging_mixin.py:190} INFO - [2026-01-08T02:12:23.303+0000] {dag.py:3211} INFO - Sync 1 DAGs
[2026-01-08T02:12:23.310+0000] {logging_mixin.py:190} INFO - [2026-01-08T02:12:23.310+0000] {dag.py:4138} INFO - Setting next_dagrun for example_dag_decorator to None, run_after=None
[2026-01-08T02:12:23.322+0000] {processor.py:208} INFO - Processing /home/airflow/.local/lib/python3.12/site-packages/airflow/example_dags/example_dag_decorator.py took 0.262 seconds
[2026-01-08T02:12:53.884+0000] {processor.py:186} INFO - Started process (PID=3112) to work on /home/airflow/.local/lib/python3.12/site-packages/airflow/example_dags/example_dag_decorator.py
[2026-01-08T02:12:53.885+0000] {processor.py:914} INFO - Processing file /home/airflow/.local/lib/python3.12/site-packages/airflow/example_dags/example_dag_decorator.py for tasks to queue
[2026-01-08T02:12:53.887+0000] {logging_mixin.py:190} INFO - [2026-01-08T02:12:53.887+0000] {dagbag.py:587} INFO - Filling up the DagBag from /home/airflow/.local/lib/python3.12/site-packages/airflow/example_dags/example_dag_decorator.py
[2026-01-08T02:12:53.896+0000] {processor.py:925} INFO - DAG(s) 'example_dag_decorator' retrieved from /home/airflow/.local/lib/python3.12/site-packages/airflow/example_dags/example_dag_decorator.py
[2026-01-08T02:12:54.077+0000] {logging_mixin.py:190} INFO - [2026-01-08T02:12:54.076+0000] {dag.py:3211} INFO - Sync 1 DAGs
[2026-01-08T02:12:54.084+0000] {logging_mixin.py:190} INFO - [2026-01-08T02:12:54.084+0000] {dag.py:4138} INFO - Setting next_dagrun for example_dag_decorator to None, run_after=None
[2026-01-08T02:12:54.098+0000] {processor.py:208} INFO - Processing /home/airflow/.local/lib/python3.12/site-packages/airflow/example_dags/example_dag_decorator.py took 0.219 seconds
[2026-01-08T02:13:24.821+0000] {processor.py:186} INFO - Started process (PID=3175) to work on /home/airflow/.local/lib/python3.12/site-packages/airflow/example_dags/example_dag_decorator.py
[2026-01-08T02:13:24.823+0000] {processor.py:914} INFO - Processing file /home/airflow/.local/lib/python3.12/site-packages/airflow/example_dags/example_dag_decorator.py for tasks to queue
[2026-01-08T02:13:24.825+0000] {logging_mixin.py:190} INFO - [2026-01-08T02:13:24.825+0000] {dagbag.py:587} INFO - Filling up the DagBag from /home/airflow/.local/lib/python3.12/site-packages/airflow/example_dags/example_dag_decorator.py
[2026-01-08T02:13:24.835+0000] {processor.py:925} INFO - DAG(s) 'example_dag_decorator' retrieved from /home/airflow/.local/lib/python3.12/site-packages/airflow/example_dags/example_dag_decorator.py
[2026-01-08T02:13:25.032+0000] {logging_mixin.py:190} INFO - [2026-01-08T02:13:25.032+0000] {dag.py:3211} INFO - Sync 1 DAGs
[2026-01-08T02:13:25.041+0000] {logging_mixin.py:190} INFO - [2026-01-08T02:13:25.041+0000] {dag.py:4138} INFO - Setting next_dagrun for example_dag_decorator to None, run_after=None
[2026-01-08T02:13:25.056+0000] {processor.py:208} INFO - Processing /home/airflow/.local/lib/python3.12/site-packages/airflow/example_dags/example_dag_decorator.py took 0.239 seconds
[2026-01-08T02:13:56.970+0000] {processor.py:186} INFO - Started process (PID=3240) to work on /home/airflow/.local/lib/python3.12/site-packages/airflow/example_dags/example_dag_decorator.py
[2026-01-08T02:13:56.971+0000] {processor.py:914} INFO - Processing file /home/airflow/.local/lib/python3.12/site-packages/airflow/example_dags/example_dag_decorator.py for tasks to queue
[2026-01-08T02:13:56.973+0000] {logging_mixin.py:190} INFO - [2026-01-08T02:13:56.973+0000] {dagbag.py:587} INFO - Filling up the DagBag from /home/airflow/.local/lib/python3.12/site-packages/airflow/example_dags/example_dag_decorator.py
[2026-01-08T02:13:56.982+0000] {processor.py:925} INFO - DAG(s) 'example_dag_decorator' retrieved from /home/airflow/.local/lib/python3.12/site-packages/airflow/example_dags/example_dag_decorator.py
[2026-01-08T02:13:57.172+0000] {logging_mixin.py:190} INFO - [2026-01-08T02:13:57.171+0000] {dag.py:3211} INFO - Sync 1 DAGs
[2026-01-08T02:13:57.181+0000] {logging_mixin.py:190} INFO - [2026-01-08T02:13:57.181+0000] {dag.py:4138} INFO - Setting next_dagrun for example_dag_decorator to None, run_after=None
[2026-01-08T02:13:57.204+0000] {processor.py:208} INFO - Processing /home/airflow/.local/lib/python3.12/site-packages/airflow/example_dags/example_dag_decorator.py took 0.239 seconds
