[2026-01-08T01:48:20.200+0000] {processor.py:186} INFO - Started process (PID=68) to work on /home/airflow/.local/lib/python3.12/site-packages/airflow/example_dags/example_complex.py
[2026-01-08T01:48:20.201+0000] {processor.py:914} INFO - Processing file /home/airflow/.local/lib/python3.12/site-packages/airflow/example_dags/example_complex.py for tasks to queue
[2026-01-08T01:48:20.204+0000] {logging_mixin.py:190} INFO - [2026-01-08T01:48:20.204+0000] {dagbag.py:587} INFO - Filling up the DagBag from /home/airflow/.local/lib/python3.12/site-packages/airflow/example_dags/example_complex.py
[2026-01-08T01:48:20.214+0000] {processor.py:925} INFO - DAG(s) 'example_complex' retrieved from /home/airflow/.local/lib/python3.12/site-packages/airflow/example_dags/example_complex.py
[2026-01-08T01:48:20.306+0000] {logging_mixin.py:190} INFO - [2026-01-08T01:48:20.306+0000] {override.py:1858} INFO - Created Permission View: can edit on DAG:example_complex
[2026-01-08T01:48:20.315+0000] {logging_mixin.py:190} INFO - [2026-01-08T01:48:20.315+0000] {override.py:1858} INFO - Created Permission View: can read on DAG:example_complex
[2026-01-08T01:48:20.321+0000] {logging_mixin.py:190} INFO - [2026-01-08T01:48:20.321+0000] {override.py:1858} INFO - Created Permission View: can delete on DAG:example_complex
[2026-01-08T01:48:20.322+0000] {logging_mixin.py:190} INFO - [2026-01-08T01:48:20.322+0000] {dag.py:3211} INFO - Sync 1 DAGs
[2026-01-08T01:48:20.332+0000] {logging_mixin.py:190} INFO - [2026-01-08T01:48:20.331+0000] {dag.py:3234} INFO - Creating ORM DAG for example_complex
[2026-01-08T01:48:20.333+0000] {logging_mixin.py:190} INFO - [2026-01-08T01:48:20.333+0000] {dag.py:4138} INFO - Setting next_dagrun for example_complex to None, run_after=None
[2026-01-08T01:48:20.348+0000] {processor.py:208} INFO - Processing /home/airflow/.local/lib/python3.12/site-packages/airflow/example_dags/example_complex.py took 0.153 seconds
[2026-01-08T01:48:50.992+0000] {processor.py:186} INFO - Started process (PID=130) to work on /home/airflow/.local/lib/python3.12/site-packages/airflow/example_dags/example_complex.py
[2026-01-08T01:48:50.994+0000] {processor.py:914} INFO - Processing file /home/airflow/.local/lib/python3.12/site-packages/airflow/example_dags/example_complex.py for tasks to queue
[2026-01-08T01:48:50.996+0000] {logging_mixin.py:190} INFO - [2026-01-08T01:48:50.995+0000] {dagbag.py:587} INFO - Filling up the DagBag from /home/airflow/.local/lib/python3.12/site-packages/airflow/example_dags/example_complex.py
[2026-01-08T01:48:51.003+0000] {processor.py:925} INFO - DAG(s) 'example_complex' retrieved from /home/airflow/.local/lib/python3.12/site-packages/airflow/example_dags/example_complex.py
[2026-01-08T01:48:51.026+0000] {logging_mixin.py:190} INFO - [2026-01-08T01:48:51.026+0000] {dag.py:3211} INFO - Sync 1 DAGs
[2026-01-08T01:48:51.036+0000] {logging_mixin.py:190} INFO - [2026-01-08T01:48:51.036+0000] {dag.py:4138} INFO - Setting next_dagrun for example_complex to None, run_after=None
[2026-01-08T01:48:51.051+0000] {processor.py:208} INFO - Processing /home/airflow/.local/lib/python3.12/site-packages/airflow/example_dags/example_complex.py took 0.063 seconds
[2026-01-08T01:49:21.464+0000] {processor.py:186} INFO - Started process (PID=192) to work on /home/airflow/.local/lib/python3.12/site-packages/airflow/example_dags/example_complex.py
[2026-01-08T01:49:21.465+0000] {processor.py:914} INFO - Processing file /home/airflow/.local/lib/python3.12/site-packages/airflow/example_dags/example_complex.py for tasks to queue
[2026-01-08T01:49:21.467+0000] {logging_mixin.py:190} INFO - [2026-01-08T01:49:21.467+0000] {dagbag.py:587} INFO - Filling up the DagBag from /home/airflow/.local/lib/python3.12/site-packages/airflow/example_dags/example_complex.py
[2026-01-08T01:49:21.475+0000] {processor.py:925} INFO - DAG(s) 'example_complex' retrieved from /home/airflow/.local/lib/python3.12/site-packages/airflow/example_dags/example_complex.py
[2026-01-08T01:49:21.496+0000] {logging_mixin.py:190} INFO - [2026-01-08T01:49:21.496+0000] {dag.py:3211} INFO - Sync 1 DAGs
[2026-01-08T01:49:21.507+0000] {logging_mixin.py:190} INFO - [2026-01-08T01:49:21.506+0000] {dag.py:4138} INFO - Setting next_dagrun for example_complex to None, run_after=None
[2026-01-08T01:49:21.521+0000] {processor.py:208} INFO - Processing /home/airflow/.local/lib/python3.12/site-packages/airflow/example_dags/example_complex.py took 0.061 seconds
[2026-01-08T01:49:51.847+0000] {processor.py:186} INFO - Started process (PID=254) to work on /home/airflow/.local/lib/python3.12/site-packages/airflow/example_dags/example_complex.py
[2026-01-08T01:49:51.848+0000] {processor.py:914} INFO - Processing file /home/airflow/.local/lib/python3.12/site-packages/airflow/example_dags/example_complex.py for tasks to queue
[2026-01-08T01:49:51.851+0000] {logging_mixin.py:190} INFO - [2026-01-08T01:49:51.851+0000] {dagbag.py:587} INFO - Filling up the DagBag from /home/airflow/.local/lib/python3.12/site-packages/airflow/example_dags/example_complex.py
[2026-01-08T01:49:51.859+0000] {processor.py:925} INFO - DAG(s) 'example_complex' retrieved from /home/airflow/.local/lib/python3.12/site-packages/airflow/example_dags/example_complex.py
[2026-01-08T01:49:51.880+0000] {logging_mixin.py:190} INFO - [2026-01-08T01:49:51.880+0000] {dag.py:3211} INFO - Sync 1 DAGs
[2026-01-08T01:49:51.890+0000] {logging_mixin.py:190} INFO - [2026-01-08T01:49:51.890+0000] {dag.py:4138} INFO - Setting next_dagrun for example_complex to None, run_after=None
[2026-01-08T01:49:51.903+0000] {processor.py:208} INFO - Processing /home/airflow/.local/lib/python3.12/site-packages/airflow/example_dags/example_complex.py took 0.060 seconds
[2026-01-08T01:50:22.447+0000] {processor.py:186} INFO - Started process (PID=316) to work on /home/airflow/.local/lib/python3.12/site-packages/airflow/example_dags/example_complex.py
[2026-01-08T01:50:22.448+0000] {processor.py:914} INFO - Processing file /home/airflow/.local/lib/python3.12/site-packages/airflow/example_dags/example_complex.py for tasks to queue
[2026-01-08T01:50:22.450+0000] {logging_mixin.py:190} INFO - [2026-01-08T01:50:22.450+0000] {dagbag.py:587} INFO - Filling up the DagBag from /home/airflow/.local/lib/python3.12/site-packages/airflow/example_dags/example_complex.py
[2026-01-08T01:50:22.458+0000] {processor.py:925} INFO - DAG(s) 'example_complex' retrieved from /home/airflow/.local/lib/python3.12/site-packages/airflow/example_dags/example_complex.py
[2026-01-08T01:50:22.480+0000] {logging_mixin.py:190} INFO - [2026-01-08T01:50:22.480+0000] {dag.py:3211} INFO - Sync 1 DAGs
[2026-01-08T01:50:22.490+0000] {logging_mixin.py:190} INFO - [2026-01-08T01:50:22.490+0000] {dag.py:4138} INFO - Setting next_dagrun for example_complex to None, run_after=None
[2026-01-08T01:50:22.504+0000] {processor.py:208} INFO - Processing /home/airflow/.local/lib/python3.12/site-packages/airflow/example_dags/example_complex.py took 0.061 seconds
[2026-01-08T01:50:52.848+0000] {processor.py:186} INFO - Started process (PID=378) to work on /home/airflow/.local/lib/python3.12/site-packages/airflow/example_dags/example_complex.py
[2026-01-08T01:50:52.849+0000] {processor.py:914} INFO - Processing file /home/airflow/.local/lib/python3.12/site-packages/airflow/example_dags/example_complex.py for tasks to queue
[2026-01-08T01:50:52.852+0000] {logging_mixin.py:190} INFO - [2026-01-08T01:50:52.851+0000] {dagbag.py:587} INFO - Filling up the DagBag from /home/airflow/.local/lib/python3.12/site-packages/airflow/example_dags/example_complex.py
[2026-01-08T01:50:52.860+0000] {processor.py:925} INFO - DAG(s) 'example_complex' retrieved from /home/airflow/.local/lib/python3.12/site-packages/airflow/example_dags/example_complex.py
[2026-01-08T01:50:52.881+0000] {logging_mixin.py:190} INFO - [2026-01-08T01:50:52.881+0000] {dag.py:3211} INFO - Sync 1 DAGs
[2026-01-08T01:50:52.891+0000] {logging_mixin.py:190} INFO - [2026-01-08T01:50:52.891+0000] {dag.py:4138} INFO - Setting next_dagrun for example_complex to None, run_after=None
[2026-01-08T01:50:52.905+0000] {processor.py:208} INFO - Processing /home/airflow/.local/lib/python3.12/site-packages/airflow/example_dags/example_complex.py took 0.061 seconds
[2026-01-08T01:51:23.399+0000] {processor.py:186} INFO - Started process (PID=440) to work on /home/airflow/.local/lib/python3.12/site-packages/airflow/example_dags/example_complex.py
[2026-01-08T01:51:23.401+0000] {processor.py:914} INFO - Processing file /home/airflow/.local/lib/python3.12/site-packages/airflow/example_dags/example_complex.py for tasks to queue
[2026-01-08T01:51:23.403+0000] {logging_mixin.py:190} INFO - [2026-01-08T01:51:23.403+0000] {dagbag.py:587} INFO - Filling up the DagBag from /home/airflow/.local/lib/python3.12/site-packages/airflow/example_dags/example_complex.py
[2026-01-08T01:51:23.411+0000] {processor.py:925} INFO - DAG(s) 'example_complex' retrieved from /home/airflow/.local/lib/python3.12/site-packages/airflow/example_dags/example_complex.py
[2026-01-08T01:51:23.433+0000] {logging_mixin.py:190} INFO - [2026-01-08T01:51:23.433+0000] {dag.py:3211} INFO - Sync 1 DAGs
[2026-01-08T01:51:23.443+0000] {logging_mixin.py:190} INFO - [2026-01-08T01:51:23.443+0000] {dag.py:4138} INFO - Setting next_dagrun for example_complex to None, run_after=None
[2026-01-08T01:51:23.459+0000] {processor.py:208} INFO - Processing /home/airflow/.local/lib/python3.12/site-packages/airflow/example_dags/example_complex.py took 0.064 seconds
[2026-01-08T01:51:54.025+0000] {processor.py:186} INFO - Started process (PID=502) to work on /home/airflow/.local/lib/python3.12/site-packages/airflow/example_dags/example_complex.py
[2026-01-08T01:51:54.027+0000] {processor.py:914} INFO - Processing file /home/airflow/.local/lib/python3.12/site-packages/airflow/example_dags/example_complex.py for tasks to queue
[2026-01-08T01:51:54.029+0000] {logging_mixin.py:190} INFO - [2026-01-08T01:51:54.029+0000] {dagbag.py:587} INFO - Filling up the DagBag from /home/airflow/.local/lib/python3.12/site-packages/airflow/example_dags/example_complex.py
[2026-01-08T01:51:54.037+0000] {processor.py:925} INFO - DAG(s) 'example_complex' retrieved from /home/airflow/.local/lib/python3.12/site-packages/airflow/example_dags/example_complex.py
[2026-01-08T01:51:54.060+0000] {logging_mixin.py:190} INFO - [2026-01-08T01:51:54.059+0000] {dag.py:3211} INFO - Sync 1 DAGs
[2026-01-08T01:51:54.069+0000] {logging_mixin.py:190} INFO - [2026-01-08T01:51:54.069+0000] {dag.py:4138} INFO - Setting next_dagrun for example_complex to None, run_after=None
[2026-01-08T01:51:54.083+0000] {processor.py:208} INFO - Processing /home/airflow/.local/lib/python3.12/site-packages/airflow/example_dags/example_complex.py took 0.062 seconds
[2026-01-08T01:52:24.590+0000] {processor.py:186} INFO - Started process (PID=571) to work on /home/airflow/.local/lib/python3.12/site-packages/airflow/example_dags/example_complex.py
[2026-01-08T01:52:24.591+0000] {processor.py:914} INFO - Processing file /home/airflow/.local/lib/python3.12/site-packages/airflow/example_dags/example_complex.py for tasks to queue
[2026-01-08T01:52:24.593+0000] {logging_mixin.py:190} INFO - [2026-01-08T01:52:24.593+0000] {dagbag.py:587} INFO - Filling up the DagBag from /home/airflow/.local/lib/python3.12/site-packages/airflow/example_dags/example_complex.py
[2026-01-08T01:52:24.602+0000] {processor.py:925} INFO - DAG(s) 'example_complex' retrieved from /home/airflow/.local/lib/python3.12/site-packages/airflow/example_dags/example_complex.py
[2026-01-08T01:52:24.625+0000] {logging_mixin.py:190} INFO - [2026-01-08T01:52:24.625+0000] {dag.py:3211} INFO - Sync 1 DAGs
[2026-01-08T01:52:24.635+0000] {logging_mixin.py:190} INFO - [2026-01-08T01:52:24.635+0000] {dag.py:4138} INFO - Setting next_dagrun for example_complex to None, run_after=None
[2026-01-08T01:52:24.648+0000] {processor.py:208} INFO - Processing /home/airflow/.local/lib/python3.12/site-packages/airflow/example_dags/example_complex.py took 0.063 seconds
[2026-01-08T01:52:55.774+0000] {processor.py:186} INFO - Started process (PID=633) to work on /home/airflow/.local/lib/python3.12/site-packages/airflow/example_dags/example_complex.py
[2026-01-08T01:52:55.775+0000] {processor.py:914} INFO - Processing file /home/airflow/.local/lib/python3.12/site-packages/airflow/example_dags/example_complex.py for tasks to queue
[2026-01-08T01:52:55.777+0000] {logging_mixin.py:190} INFO - [2026-01-08T01:52:55.777+0000] {dagbag.py:587} INFO - Filling up the DagBag from /home/airflow/.local/lib/python3.12/site-packages/airflow/example_dags/example_complex.py
[2026-01-08T01:52:55.786+0000] {processor.py:925} INFO - DAG(s) 'example_complex' retrieved from /home/airflow/.local/lib/python3.12/site-packages/airflow/example_dags/example_complex.py
[2026-01-08T01:52:55.808+0000] {logging_mixin.py:190} INFO - [2026-01-08T01:52:55.807+0000] {dag.py:3211} INFO - Sync 1 DAGs
[2026-01-08T01:52:55.818+0000] {logging_mixin.py:190} INFO - [2026-01-08T01:52:55.817+0000] {dag.py:4138} INFO - Setting next_dagrun for example_complex to None, run_after=None
[2026-01-08T01:52:55.839+0000] {processor.py:208} INFO - Processing /home/airflow/.local/lib/python3.12/site-packages/airflow/example_dags/example_complex.py took 0.070 seconds
[2026-01-08T01:53:26.228+0000] {processor.py:186} INFO - Started process (PID=695) to work on /home/airflow/.local/lib/python3.12/site-packages/airflow/example_dags/example_complex.py
[2026-01-08T01:53:26.230+0000] {processor.py:914} INFO - Processing file /home/airflow/.local/lib/python3.12/site-packages/airflow/example_dags/example_complex.py for tasks to queue
[2026-01-08T01:53:26.233+0000] {logging_mixin.py:190} INFO - [2026-01-08T01:53:26.232+0000] {dagbag.py:587} INFO - Filling up the DagBag from /home/airflow/.local/lib/python3.12/site-packages/airflow/example_dags/example_complex.py
[2026-01-08T01:53:26.242+0000] {processor.py:925} INFO - DAG(s) 'example_complex' retrieved from /home/airflow/.local/lib/python3.12/site-packages/airflow/example_dags/example_complex.py
[2026-01-08T01:53:26.267+0000] {logging_mixin.py:190} INFO - [2026-01-08T01:53:26.267+0000] {dag.py:3211} INFO - Sync 1 DAGs
[2026-01-08T01:53:26.278+0000] {logging_mixin.py:190} INFO - [2026-01-08T01:53:26.278+0000] {dag.py:4138} INFO - Setting next_dagrun for example_complex to None, run_after=None
[2026-01-08T01:53:26.294+0000] {processor.py:208} INFO - Processing /home/airflow/.local/lib/python3.12/site-packages/airflow/example_dags/example_complex.py took 0.070 seconds
[2026-01-08T01:53:56.797+0000] {processor.py:186} INFO - Started process (PID=757) to work on /home/airflow/.local/lib/python3.12/site-packages/airflow/example_dags/example_complex.py
[2026-01-08T01:53:56.799+0000] {processor.py:914} INFO - Processing file /home/airflow/.local/lib/python3.12/site-packages/airflow/example_dags/example_complex.py for tasks to queue
[2026-01-08T01:53:56.801+0000] {logging_mixin.py:190} INFO - [2026-01-08T01:53:56.801+0000] {dagbag.py:587} INFO - Filling up the DagBag from /home/airflow/.local/lib/python3.12/site-packages/airflow/example_dags/example_complex.py
[2026-01-08T01:53:56.811+0000] {processor.py:925} INFO - DAG(s) 'example_complex' retrieved from /home/airflow/.local/lib/python3.12/site-packages/airflow/example_dags/example_complex.py
[2026-01-08T01:53:56.832+0000] {logging_mixin.py:190} INFO - [2026-01-08T01:53:56.832+0000] {dag.py:3211} INFO - Sync 1 DAGs
[2026-01-08T01:53:56.843+0000] {logging_mixin.py:190} INFO - [2026-01-08T01:53:56.843+0000] {dag.py:4138} INFO - Setting next_dagrun for example_complex to None, run_after=None
[2026-01-08T01:53:56.858+0000] {processor.py:208} INFO - Processing /home/airflow/.local/lib/python3.12/site-packages/airflow/example_dags/example_complex.py took 0.067 seconds
[2026-01-08T01:54:27.211+0000] {processor.py:186} INFO - Started process (PID=819) to work on /home/airflow/.local/lib/python3.12/site-packages/airflow/example_dags/example_complex.py
[2026-01-08T01:54:27.212+0000] {processor.py:914} INFO - Processing file /home/airflow/.local/lib/python3.12/site-packages/airflow/example_dags/example_complex.py for tasks to queue
[2026-01-08T01:54:27.214+0000] {logging_mixin.py:190} INFO - [2026-01-08T01:54:27.214+0000] {dagbag.py:587} INFO - Filling up the DagBag from /home/airflow/.local/lib/python3.12/site-packages/airflow/example_dags/example_complex.py
[2026-01-08T01:54:27.222+0000] {processor.py:925} INFO - DAG(s) 'example_complex' retrieved from /home/airflow/.local/lib/python3.12/site-packages/airflow/example_dags/example_complex.py
[2026-01-08T01:54:27.246+0000] {logging_mixin.py:190} INFO - [2026-01-08T01:54:27.246+0000] {dag.py:3211} INFO - Sync 1 DAGs
[2026-01-08T01:54:27.257+0000] {logging_mixin.py:190} INFO - [2026-01-08T01:54:27.257+0000] {dag.py:4138} INFO - Setting next_dagrun for example_complex to None, run_after=None
[2026-01-08T01:54:27.274+0000] {processor.py:208} INFO - Processing /home/airflow/.local/lib/python3.12/site-packages/airflow/example_dags/example_complex.py took 0.067 seconds
[2026-01-08T01:54:58.000+0000] {processor.py:186} INFO - Started process (PID=881) to work on /home/airflow/.local/lib/python3.12/site-packages/airflow/example_dags/example_complex.py
[2026-01-08T01:54:58.001+0000] {processor.py:914} INFO - Processing file /home/airflow/.local/lib/python3.12/site-packages/airflow/example_dags/example_complex.py for tasks to queue
[2026-01-08T01:54:58.004+0000] {logging_mixin.py:190} INFO - [2026-01-08T01:54:58.003+0000] {dagbag.py:587} INFO - Filling up the DagBag from /home/airflow/.local/lib/python3.12/site-packages/airflow/example_dags/example_complex.py
[2026-01-08T01:54:58.014+0000] {processor.py:925} INFO - DAG(s) 'example_complex' retrieved from /home/airflow/.local/lib/python3.12/site-packages/airflow/example_dags/example_complex.py
[2026-01-08T01:54:58.041+0000] {logging_mixin.py:190} INFO - [2026-01-08T01:54:58.040+0000] {dag.py:3211} INFO - Sync 1 DAGs
[2026-01-08T01:54:58.051+0000] {logging_mixin.py:190} INFO - [2026-01-08T01:54:58.051+0000] {dag.py:4138} INFO - Setting next_dagrun for example_complex to None, run_after=None
[2026-01-08T01:54:58.071+0000] {processor.py:208} INFO - Processing /home/airflow/.local/lib/python3.12/site-packages/airflow/example_dags/example_complex.py took 0.077 seconds
[2026-01-08T01:55:28.299+0000] {processor.py:186} INFO - Started process (PID=943) to work on /home/airflow/.local/lib/python3.12/site-packages/airflow/example_dags/example_complex.py
[2026-01-08T01:55:28.301+0000] {processor.py:914} INFO - Processing file /home/airflow/.local/lib/python3.12/site-packages/airflow/example_dags/example_complex.py for tasks to queue
[2026-01-08T01:55:28.304+0000] {logging_mixin.py:190} INFO - [2026-01-08T01:55:28.304+0000] {dagbag.py:587} INFO - Filling up the DagBag from /home/airflow/.local/lib/python3.12/site-packages/airflow/example_dags/example_complex.py
[2026-01-08T01:55:28.312+0000] {processor.py:925} INFO - DAG(s) 'example_complex' retrieved from /home/airflow/.local/lib/python3.12/site-packages/airflow/example_dags/example_complex.py
[2026-01-08T01:55:28.333+0000] {logging_mixin.py:190} INFO - [2026-01-08T01:55:28.333+0000] {dag.py:3211} INFO - Sync 1 DAGs
[2026-01-08T01:55:28.344+0000] {logging_mixin.py:190} INFO - [2026-01-08T01:55:28.344+0000] {dag.py:4138} INFO - Setting next_dagrun for example_complex to None, run_after=None
[2026-01-08T01:55:28.360+0000] {processor.py:208} INFO - Processing /home/airflow/.local/lib/python3.12/site-packages/airflow/example_dags/example_complex.py took 0.065 seconds
[2026-01-08T01:55:59.089+0000] {processor.py:186} INFO - Started process (PID=1005) to work on /home/airflow/.local/lib/python3.12/site-packages/airflow/example_dags/example_complex.py
[2026-01-08T01:55:59.091+0000] {processor.py:914} INFO - Processing file /home/airflow/.local/lib/python3.12/site-packages/airflow/example_dags/example_complex.py for tasks to queue
[2026-01-08T01:55:59.095+0000] {logging_mixin.py:190} INFO - [2026-01-08T01:55:59.094+0000] {dagbag.py:587} INFO - Filling up the DagBag from /home/airflow/.local/lib/python3.12/site-packages/airflow/example_dags/example_complex.py
[2026-01-08T01:55:59.102+0000] {processor.py:925} INFO - DAG(s) 'example_complex' retrieved from /home/airflow/.local/lib/python3.12/site-packages/airflow/example_dags/example_complex.py
[2026-01-08T01:55:59.124+0000] {logging_mixin.py:190} INFO - [2026-01-08T01:55:59.124+0000] {dag.py:3211} INFO - Sync 1 DAGs
[2026-01-08T01:55:59.134+0000] {logging_mixin.py:190} INFO - [2026-01-08T01:55:59.133+0000] {dag.py:4138} INFO - Setting next_dagrun for example_complex to None, run_after=None
[2026-01-08T01:55:59.147+0000] {processor.py:208} INFO - Processing /home/airflow/.local/lib/python3.12/site-packages/airflow/example_dags/example_complex.py took 0.062 seconds
[2026-01-08T01:56:29.782+0000] {processor.py:186} INFO - Started process (PID=1067) to work on /home/airflow/.local/lib/python3.12/site-packages/airflow/example_dags/example_complex.py
[2026-01-08T01:56:29.783+0000] {processor.py:914} INFO - Processing file /home/airflow/.local/lib/python3.12/site-packages/airflow/example_dags/example_complex.py for tasks to queue
[2026-01-08T01:56:29.785+0000] {logging_mixin.py:190} INFO - [2026-01-08T01:56:29.785+0000] {dagbag.py:587} INFO - Filling up the DagBag from /home/airflow/.local/lib/python3.12/site-packages/airflow/example_dags/example_complex.py
[2026-01-08T01:56:29.793+0000] {processor.py:925} INFO - DAG(s) 'example_complex' retrieved from /home/airflow/.local/lib/python3.12/site-packages/airflow/example_dags/example_complex.py
[2026-01-08T01:56:29.815+0000] {logging_mixin.py:190} INFO - [2026-01-08T01:56:29.815+0000] {dag.py:3211} INFO - Sync 1 DAGs
[2026-01-08T01:56:29.825+0000] {logging_mixin.py:190} INFO - [2026-01-08T01:56:29.825+0000] {dag.py:4138} INFO - Setting next_dagrun for example_complex to None, run_after=None
[2026-01-08T01:56:29.838+0000] {processor.py:208} INFO - Processing /home/airflow/.local/lib/python3.12/site-packages/airflow/example_dags/example_complex.py took 0.061 seconds
[2026-01-08T01:57:00.114+0000] {processor.py:186} INFO - Started process (PID=1129) to work on /home/airflow/.local/lib/python3.12/site-packages/airflow/example_dags/example_complex.py
[2026-01-08T01:57:00.116+0000] {processor.py:914} INFO - Processing file /home/airflow/.local/lib/python3.12/site-packages/airflow/example_dags/example_complex.py for tasks to queue
[2026-01-08T01:57:00.119+0000] {logging_mixin.py:190} INFO - [2026-01-08T01:57:00.119+0000] {dagbag.py:587} INFO - Filling up the DagBag from /home/airflow/.local/lib/python3.12/site-packages/airflow/example_dags/example_complex.py
[2026-01-08T01:57:00.128+0000] {processor.py:925} INFO - DAG(s) 'example_complex' retrieved from /home/airflow/.local/lib/python3.12/site-packages/airflow/example_dags/example_complex.py
[2026-01-08T01:57:00.151+0000] {logging_mixin.py:190} INFO - [2026-01-08T01:57:00.151+0000] {dag.py:3211} INFO - Sync 1 DAGs
[2026-01-08T01:57:00.162+0000] {logging_mixin.py:190} INFO - [2026-01-08T01:57:00.162+0000] {dag.py:4138} INFO - Setting next_dagrun for example_complex to None, run_after=None
[2026-01-08T01:57:00.176+0000] {processor.py:208} INFO - Processing /home/airflow/.local/lib/python3.12/site-packages/airflow/example_dags/example_complex.py took 0.067 seconds
[2026-01-08T01:57:30.336+0000] {processor.py:186} INFO - Started process (PID=1191) to work on /home/airflow/.local/lib/python3.12/site-packages/airflow/example_dags/example_complex.py
[2026-01-08T01:57:30.338+0000] {processor.py:914} INFO - Processing file /home/airflow/.local/lib/python3.12/site-packages/airflow/example_dags/example_complex.py for tasks to queue
[2026-01-08T01:57:30.340+0000] {logging_mixin.py:190} INFO - [2026-01-08T01:57:30.340+0000] {dagbag.py:587} INFO - Filling up the DagBag from /home/airflow/.local/lib/python3.12/site-packages/airflow/example_dags/example_complex.py
[2026-01-08T01:57:30.349+0000] {processor.py:925} INFO - DAG(s) 'example_complex' retrieved from /home/airflow/.local/lib/python3.12/site-packages/airflow/example_dags/example_complex.py
[2026-01-08T01:57:30.373+0000] {logging_mixin.py:190} INFO - [2026-01-08T01:57:30.372+0000] {dag.py:3211} INFO - Sync 1 DAGs
[2026-01-08T01:57:30.385+0000] {logging_mixin.py:190} INFO - [2026-01-08T01:57:30.384+0000] {dag.py:4138} INFO - Setting next_dagrun for example_complex to None, run_after=None
[2026-01-08T01:57:30.399+0000] {processor.py:208} INFO - Processing /home/airflow/.local/lib/python3.12/site-packages/airflow/example_dags/example_complex.py took 0.067 seconds
[2026-01-08T01:58:01.045+0000] {processor.py:186} INFO - Started process (PID=1253) to work on /home/airflow/.local/lib/python3.12/site-packages/airflow/example_dags/example_complex.py
[2026-01-08T01:58:01.046+0000] {processor.py:914} INFO - Processing file /home/airflow/.local/lib/python3.12/site-packages/airflow/example_dags/example_complex.py for tasks to queue
[2026-01-08T01:58:01.048+0000] {logging_mixin.py:190} INFO - [2026-01-08T01:58:01.048+0000] {dagbag.py:587} INFO - Filling up the DagBag from /home/airflow/.local/lib/python3.12/site-packages/airflow/example_dags/example_complex.py
[2026-01-08T01:58:01.056+0000] {processor.py:925} INFO - DAG(s) 'example_complex' retrieved from /home/airflow/.local/lib/python3.12/site-packages/airflow/example_dags/example_complex.py
[2026-01-08T01:58:01.077+0000] {logging_mixin.py:190} INFO - [2026-01-08T01:58:01.077+0000] {dag.py:3211} INFO - Sync 1 DAGs
[2026-01-08T01:58:01.088+0000] {logging_mixin.py:190} INFO - [2026-01-08T01:58:01.088+0000] {dag.py:4138} INFO - Setting next_dagrun for example_complex to None, run_after=None
[2026-01-08T01:58:01.110+0000] {processor.py:208} INFO - Processing /home/airflow/.local/lib/python3.12/site-packages/airflow/example_dags/example_complex.py took 0.069 seconds
[2026-01-08T01:58:31.657+0000] {processor.py:186} INFO - Started process (PID=1316) to work on /home/airflow/.local/lib/python3.12/site-packages/airflow/example_dags/example_complex.py
[2026-01-08T01:58:31.659+0000] {processor.py:914} INFO - Processing file /home/airflow/.local/lib/python3.12/site-packages/airflow/example_dags/example_complex.py for tasks to queue
[2026-01-08T01:58:31.661+0000] {logging_mixin.py:190} INFO - [2026-01-08T01:58:31.661+0000] {dagbag.py:587} INFO - Filling up the DagBag from /home/airflow/.local/lib/python3.12/site-packages/airflow/example_dags/example_complex.py
[2026-01-08T01:58:31.668+0000] {processor.py:925} INFO - DAG(s) 'example_complex' retrieved from /home/airflow/.local/lib/python3.12/site-packages/airflow/example_dags/example_complex.py
[2026-01-08T01:58:31.689+0000] {logging_mixin.py:190} INFO - [2026-01-08T01:58:31.689+0000] {dag.py:3211} INFO - Sync 1 DAGs
[2026-01-08T01:58:31.699+0000] {logging_mixin.py:190} INFO - [2026-01-08T01:58:31.698+0000] {dag.py:4138} INFO - Setting next_dagrun for example_complex to None, run_after=None
[2026-01-08T01:58:31.720+0000] {processor.py:208} INFO - Processing /home/airflow/.local/lib/python3.12/site-packages/airflow/example_dags/example_complex.py took 0.068 seconds
[2026-01-08T01:59:01.955+0000] {processor.py:186} INFO - Started process (PID=1379) to work on /home/airflow/.local/lib/python3.12/site-packages/airflow/example_dags/example_complex.py
[2026-01-08T01:59:01.956+0000] {processor.py:914} INFO - Processing file /home/airflow/.local/lib/python3.12/site-packages/airflow/example_dags/example_complex.py for tasks to queue
[2026-01-08T01:59:01.958+0000] {logging_mixin.py:190} INFO - [2026-01-08T01:59:01.958+0000] {dagbag.py:587} INFO - Filling up the DagBag from /home/airflow/.local/lib/python3.12/site-packages/airflow/example_dags/example_complex.py
[2026-01-08T01:59:01.966+0000] {processor.py:925} INFO - DAG(s) 'example_complex' retrieved from /home/airflow/.local/lib/python3.12/site-packages/airflow/example_dags/example_complex.py
[2026-01-08T01:59:01.993+0000] {logging_mixin.py:190} INFO - [2026-01-08T01:59:01.992+0000] {dag.py:3211} INFO - Sync 1 DAGs
[2026-01-08T01:59:02.002+0000] {logging_mixin.py:190} INFO - [2026-01-08T01:59:02.002+0000] {dag.py:4138} INFO - Setting next_dagrun for example_complex to None, run_after=None
[2026-01-08T01:59:02.014+0000] {processor.py:208} INFO - Processing /home/airflow/.local/lib/python3.12/site-packages/airflow/example_dags/example_complex.py took 0.064 seconds
[2026-01-08T01:59:32.317+0000] {processor.py:186} INFO - Started process (PID=1442) to work on /home/airflow/.local/lib/python3.12/site-packages/airflow/example_dags/example_complex.py
[2026-01-08T01:59:32.318+0000] {processor.py:914} INFO - Processing file /home/airflow/.local/lib/python3.12/site-packages/airflow/example_dags/example_complex.py for tasks to queue
[2026-01-08T01:59:32.320+0000] {logging_mixin.py:190} INFO - [2026-01-08T01:59:32.320+0000] {dagbag.py:587} INFO - Filling up the DagBag from /home/airflow/.local/lib/python3.12/site-packages/airflow/example_dags/example_complex.py
[2026-01-08T01:59:32.328+0000] {processor.py:925} INFO - DAG(s) 'example_complex' retrieved from /home/airflow/.local/lib/python3.12/site-packages/airflow/example_dags/example_complex.py
[2026-01-08T01:59:32.349+0000] {logging_mixin.py:190} INFO - [2026-01-08T01:59:32.349+0000] {dag.py:3211} INFO - Sync 1 DAGs
[2026-01-08T01:59:32.359+0000] {logging_mixin.py:190} INFO - [2026-01-08T01:59:32.359+0000] {dag.py:4138} INFO - Setting next_dagrun for example_complex to None, run_after=None
[2026-01-08T01:59:32.379+0000] {processor.py:208} INFO - Processing /home/airflow/.local/lib/python3.12/site-packages/airflow/example_dags/example_complex.py took 0.066 seconds
[2026-01-08T02:00:02.635+0000] {processor.py:186} INFO - Started process (PID=1505) to work on /home/airflow/.local/lib/python3.12/site-packages/airflow/example_dags/example_complex.py
[2026-01-08T02:00:02.636+0000] {processor.py:914} INFO - Processing file /home/airflow/.local/lib/python3.12/site-packages/airflow/example_dags/example_complex.py for tasks to queue
[2026-01-08T02:00:02.640+0000] {logging_mixin.py:190} INFO - [2026-01-08T02:00:02.639+0000] {dagbag.py:587} INFO - Filling up the DagBag from /home/airflow/.local/lib/python3.12/site-packages/airflow/example_dags/example_complex.py
[2026-01-08T02:00:02.649+0000] {processor.py:925} INFO - DAG(s) 'example_complex' retrieved from /home/airflow/.local/lib/python3.12/site-packages/airflow/example_dags/example_complex.py
[2026-01-08T02:00:02.671+0000] {logging_mixin.py:190} INFO - [2026-01-08T02:00:02.671+0000] {dag.py:3211} INFO - Sync 1 DAGs
[2026-01-08T02:00:02.681+0000] {logging_mixin.py:190} INFO - [2026-01-08T02:00:02.681+0000] {dag.py:4138} INFO - Setting next_dagrun for example_complex to None, run_after=None
[2026-01-08T02:00:02.699+0000] {processor.py:208} INFO - Processing /home/airflow/.local/lib/python3.12/site-packages/airflow/example_dags/example_complex.py took 0.072 seconds
[2026-01-08T02:00:33.440+0000] {processor.py:186} INFO - Started process (PID=1568) to work on /home/airflow/.local/lib/python3.12/site-packages/airflow/example_dags/example_complex.py
[2026-01-08T02:00:33.441+0000] {processor.py:914} INFO - Processing file /home/airflow/.local/lib/python3.12/site-packages/airflow/example_dags/example_complex.py for tasks to queue
[2026-01-08T02:00:33.444+0000] {logging_mixin.py:190} INFO - [2026-01-08T02:00:33.444+0000] {dagbag.py:587} INFO - Filling up the DagBag from /home/airflow/.local/lib/python3.12/site-packages/airflow/example_dags/example_complex.py
[2026-01-08T02:00:33.453+0000] {processor.py:925} INFO - DAG(s) 'example_complex' retrieved from /home/airflow/.local/lib/python3.12/site-packages/airflow/example_dags/example_complex.py
[2026-01-08T02:00:33.479+0000] {logging_mixin.py:190} INFO - [2026-01-08T02:00:33.479+0000] {dag.py:3211} INFO - Sync 1 DAGs
[2026-01-08T02:00:33.491+0000] {logging_mixin.py:190} INFO - [2026-01-08T02:00:33.491+0000] {dag.py:4138} INFO - Setting next_dagrun for example_complex to None, run_after=None
[2026-01-08T02:00:33.512+0000] {processor.py:208} INFO - Processing /home/airflow/.local/lib/python3.12/site-packages/airflow/example_dags/example_complex.py took 0.077 seconds
[2026-01-08T02:01:04.002+0000] {processor.py:186} INFO - Started process (PID=1631) to work on /home/airflow/.local/lib/python3.12/site-packages/airflow/example_dags/example_complex.py
[2026-01-08T02:01:04.003+0000] {processor.py:914} INFO - Processing file /home/airflow/.local/lib/python3.12/site-packages/airflow/example_dags/example_complex.py for tasks to queue
[2026-01-08T02:01:04.006+0000] {logging_mixin.py:190} INFO - [2026-01-08T02:01:04.006+0000] {dagbag.py:587} INFO - Filling up the DagBag from /home/airflow/.local/lib/python3.12/site-packages/airflow/example_dags/example_complex.py
[2026-01-08T02:01:04.015+0000] {processor.py:925} INFO - DAG(s) 'example_complex' retrieved from /home/airflow/.local/lib/python3.12/site-packages/airflow/example_dags/example_complex.py
[2026-01-08T02:01:04.040+0000] {logging_mixin.py:190} INFO - [2026-01-08T02:01:04.040+0000] {dag.py:3211} INFO - Sync 1 DAGs
[2026-01-08T02:01:04.051+0000] {logging_mixin.py:190} INFO - [2026-01-08T02:01:04.050+0000] {dag.py:4138} INFO - Setting next_dagrun for example_complex to None, run_after=None
[2026-01-08T02:01:04.067+0000] {processor.py:208} INFO - Processing /home/airflow/.local/lib/python3.12/site-packages/airflow/example_dags/example_complex.py took 0.071 seconds
[2026-01-08T02:01:34.466+0000] {processor.py:186} INFO - Started process (PID=1694) to work on /home/airflow/.local/lib/python3.12/site-packages/airflow/example_dags/example_complex.py
[2026-01-08T02:01:34.467+0000] {processor.py:914} INFO - Processing file /home/airflow/.local/lib/python3.12/site-packages/airflow/example_dags/example_complex.py for tasks to queue
[2026-01-08T02:01:34.469+0000] {logging_mixin.py:190} INFO - [2026-01-08T02:01:34.469+0000] {dagbag.py:587} INFO - Filling up the DagBag from /home/airflow/.local/lib/python3.12/site-packages/airflow/example_dags/example_complex.py
[2026-01-08T02:01:34.477+0000] {processor.py:925} INFO - DAG(s) 'example_complex' retrieved from /home/airflow/.local/lib/python3.12/site-packages/airflow/example_dags/example_complex.py
[2026-01-08T02:01:34.500+0000] {logging_mixin.py:190} INFO - [2026-01-08T02:01:34.500+0000] {dag.py:3211} INFO - Sync 1 DAGs
[2026-01-08T02:01:34.510+0000] {logging_mixin.py:190} INFO - [2026-01-08T02:01:34.510+0000] {dag.py:4138} INFO - Setting next_dagrun for example_complex to None, run_after=None
[2026-01-08T02:01:34.526+0000] {processor.py:208} INFO - Processing /home/airflow/.local/lib/python3.12/site-packages/airflow/example_dags/example_complex.py took 0.065 seconds
[2026-01-08T02:02:04.598+0000] {processor.py:186} INFO - Started process (PID=1757) to work on /home/airflow/.local/lib/python3.12/site-packages/airflow/example_dags/example_complex.py
[2026-01-08T02:02:04.599+0000] {processor.py:914} INFO - Processing file /home/airflow/.local/lib/python3.12/site-packages/airflow/example_dags/example_complex.py for tasks to queue
[2026-01-08T02:02:04.602+0000] {logging_mixin.py:190} INFO - [2026-01-08T02:02:04.602+0000] {dagbag.py:587} INFO - Filling up the DagBag from /home/airflow/.local/lib/python3.12/site-packages/airflow/example_dags/example_complex.py
[2026-01-08T02:02:04.609+0000] {processor.py:925} INFO - DAG(s) 'example_complex' retrieved from /home/airflow/.local/lib/python3.12/site-packages/airflow/example_dags/example_complex.py
[2026-01-08T02:02:04.631+0000] {logging_mixin.py:190} INFO - [2026-01-08T02:02:04.631+0000] {dag.py:3211} INFO - Sync 1 DAGs
[2026-01-08T02:02:04.640+0000] {logging_mixin.py:190} INFO - [2026-01-08T02:02:04.640+0000] {dag.py:4138} INFO - Setting next_dagrun for example_complex to None, run_after=None
[2026-01-08T02:02:04.655+0000] {processor.py:208} INFO - Processing /home/airflow/.local/lib/python3.12/site-packages/airflow/example_dags/example_complex.py took 0.061 seconds
[2026-01-08T02:02:34.715+0000] {processor.py:186} INFO - Started process (PID=1820) to work on /home/airflow/.local/lib/python3.12/site-packages/airflow/example_dags/example_complex.py
[2026-01-08T02:02:34.717+0000] {processor.py:914} INFO - Processing file /home/airflow/.local/lib/python3.12/site-packages/airflow/example_dags/example_complex.py for tasks to queue
[2026-01-08T02:02:34.719+0000] {logging_mixin.py:190} INFO - [2026-01-08T02:02:34.719+0000] {dagbag.py:587} INFO - Filling up the DagBag from /home/airflow/.local/lib/python3.12/site-packages/airflow/example_dags/example_complex.py
[2026-01-08T02:02:34.728+0000] {processor.py:925} INFO - DAG(s) 'example_complex' retrieved from /home/airflow/.local/lib/python3.12/site-packages/airflow/example_dags/example_complex.py
[2026-01-08T02:02:34.751+0000] {logging_mixin.py:190} INFO - [2026-01-08T02:02:34.751+0000] {dag.py:3211} INFO - Sync 1 DAGs
[2026-01-08T02:02:34.760+0000] {logging_mixin.py:190} INFO - [2026-01-08T02:02:34.760+0000] {dag.py:4138} INFO - Setting next_dagrun for example_complex to None, run_after=None
[2026-01-08T02:02:34.775+0000] {processor.py:208} INFO - Processing /home/airflow/.local/lib/python3.12/site-packages/airflow/example_dags/example_complex.py took 0.064 seconds
[2026-01-08T02:03:04.883+0000] {processor.py:186} INFO - Started process (PID=1883) to work on /home/airflow/.local/lib/python3.12/site-packages/airflow/example_dags/example_complex.py
[2026-01-08T02:03:04.885+0000] {processor.py:914} INFO - Processing file /home/airflow/.local/lib/python3.12/site-packages/airflow/example_dags/example_complex.py for tasks to queue
[2026-01-08T02:03:04.887+0000] {logging_mixin.py:190} INFO - [2026-01-08T02:03:04.887+0000] {dagbag.py:587} INFO - Filling up the DagBag from /home/airflow/.local/lib/python3.12/site-packages/airflow/example_dags/example_complex.py
[2026-01-08T02:03:04.897+0000] {processor.py:925} INFO - DAG(s) 'example_complex' retrieved from /home/airflow/.local/lib/python3.12/site-packages/airflow/example_dags/example_complex.py
[2026-01-08T02:03:04.922+0000] {logging_mixin.py:190} INFO - [2026-01-08T02:03:04.921+0000] {dag.py:3211} INFO - Sync 1 DAGs
[2026-01-08T02:03:04.934+0000] {logging_mixin.py:190} INFO - [2026-01-08T02:03:04.934+0000] {dag.py:4138} INFO - Setting next_dagrun for example_complex to None, run_after=None
[2026-01-08T02:03:04.952+0000] {processor.py:208} INFO - Processing /home/airflow/.local/lib/python3.12/site-packages/airflow/example_dags/example_complex.py took 0.074 seconds
[2026-01-08T02:03:35.239+0000] {processor.py:186} INFO - Started process (PID=1948) to work on /home/airflow/.local/lib/python3.12/site-packages/airflow/example_dags/example_complex.py
[2026-01-08T02:03:35.241+0000] {processor.py:914} INFO - Processing file /home/airflow/.local/lib/python3.12/site-packages/airflow/example_dags/example_complex.py for tasks to queue
[2026-01-08T02:03:35.243+0000] {logging_mixin.py:190} INFO - [2026-01-08T02:03:35.243+0000] {dagbag.py:587} INFO - Filling up the DagBag from /home/airflow/.local/lib/python3.12/site-packages/airflow/example_dags/example_complex.py
[2026-01-08T02:03:35.251+0000] {processor.py:925} INFO - DAG(s) 'example_complex' retrieved from /home/airflow/.local/lib/python3.12/site-packages/airflow/example_dags/example_complex.py
[2026-01-08T02:03:35.272+0000] {logging_mixin.py:190} INFO - [2026-01-08T02:03:35.272+0000] {dag.py:3211} INFO - Sync 1 DAGs
[2026-01-08T02:03:35.282+0000] {logging_mixin.py:190} INFO - [2026-01-08T02:03:35.281+0000] {dag.py:4138} INFO - Setting next_dagrun for example_complex to None, run_after=None
[2026-01-08T02:03:35.298+0000] {processor.py:208} INFO - Processing /home/airflow/.local/lib/python3.12/site-packages/airflow/example_dags/example_complex.py took 0.063 seconds
[2026-01-08T02:04:05.580+0000] {processor.py:186} INFO - Started process (PID=2011) to work on /home/airflow/.local/lib/python3.12/site-packages/airflow/example_dags/example_complex.py
[2026-01-08T02:04:05.581+0000] {processor.py:914} INFO - Processing file /home/airflow/.local/lib/python3.12/site-packages/airflow/example_dags/example_complex.py for tasks to queue
[2026-01-08T02:04:05.583+0000] {logging_mixin.py:190} INFO - [2026-01-08T02:04:05.583+0000] {dagbag.py:587} INFO - Filling up the DagBag from /home/airflow/.local/lib/python3.12/site-packages/airflow/example_dags/example_complex.py
[2026-01-08T02:04:05.592+0000] {processor.py:925} INFO - DAG(s) 'example_complex' retrieved from /home/airflow/.local/lib/python3.12/site-packages/airflow/example_dags/example_complex.py
[2026-01-08T02:04:05.614+0000] {logging_mixin.py:190} INFO - [2026-01-08T02:04:05.614+0000] {dag.py:3211} INFO - Sync 1 DAGs
[2026-01-08T02:04:05.624+0000] {logging_mixin.py:190} INFO - [2026-01-08T02:04:05.624+0000] {dag.py:4138} INFO - Setting next_dagrun for example_complex to None, run_after=None
[2026-01-08T02:04:05.639+0000] {processor.py:208} INFO - Processing /home/airflow/.local/lib/python3.12/site-packages/airflow/example_dags/example_complex.py took 0.064 seconds
[2026-01-08T02:04:35.898+0000] {processor.py:186} INFO - Started process (PID=2074) to work on /home/airflow/.local/lib/python3.12/site-packages/airflow/example_dags/example_complex.py
[2026-01-08T02:04:35.899+0000] {processor.py:914} INFO - Processing file /home/airflow/.local/lib/python3.12/site-packages/airflow/example_dags/example_complex.py for tasks to queue
[2026-01-08T02:04:35.902+0000] {logging_mixin.py:190} INFO - [2026-01-08T02:04:35.901+0000] {dagbag.py:587} INFO - Filling up the DagBag from /home/airflow/.local/lib/python3.12/site-packages/airflow/example_dags/example_complex.py
[2026-01-08T02:04:35.910+0000] {processor.py:925} INFO - DAG(s) 'example_complex' retrieved from /home/airflow/.local/lib/python3.12/site-packages/airflow/example_dags/example_complex.py
[2026-01-08T02:04:35.932+0000] {logging_mixin.py:190} INFO - [2026-01-08T02:04:35.932+0000] {dag.py:3211} INFO - Sync 1 DAGs
[2026-01-08T02:04:35.942+0000] {logging_mixin.py:190} INFO - [2026-01-08T02:04:35.942+0000] {dag.py:4138} INFO - Setting next_dagrun for example_complex to None, run_after=None
[2026-01-08T02:04:35.958+0000] {processor.py:208} INFO - Processing /home/airflow/.local/lib/python3.12/site-packages/airflow/example_dags/example_complex.py took 0.065 seconds
[2026-01-08T02:05:06.054+0000] {processor.py:186} INFO - Started process (PID=2137) to work on /home/airflow/.local/lib/python3.12/site-packages/airflow/example_dags/example_complex.py
[2026-01-08T02:05:06.056+0000] {processor.py:914} INFO - Processing file /home/airflow/.local/lib/python3.12/site-packages/airflow/example_dags/example_complex.py for tasks to queue
[2026-01-08T02:05:06.058+0000] {logging_mixin.py:190} INFO - [2026-01-08T02:05:06.058+0000] {dagbag.py:587} INFO - Filling up the DagBag from /home/airflow/.local/lib/python3.12/site-packages/airflow/example_dags/example_complex.py
[2026-01-08T02:05:06.066+0000] {processor.py:925} INFO - DAG(s) 'example_complex' retrieved from /home/airflow/.local/lib/python3.12/site-packages/airflow/example_dags/example_complex.py
[2026-01-08T02:05:06.087+0000] {logging_mixin.py:190} INFO - [2026-01-08T02:05:06.087+0000] {dag.py:3211} INFO - Sync 1 DAGs
[2026-01-08T02:05:06.097+0000] {logging_mixin.py:190} INFO - [2026-01-08T02:05:06.097+0000] {dag.py:4138} INFO - Setting next_dagrun for example_complex to None, run_after=None
[2026-01-08T02:05:06.112+0000] {processor.py:208} INFO - Processing /home/airflow/.local/lib/python3.12/site-packages/airflow/example_dags/example_complex.py took 0.063 seconds
[2026-01-08T02:05:36.379+0000] {processor.py:186} INFO - Started process (PID=2200) to work on /home/airflow/.local/lib/python3.12/site-packages/airflow/example_dags/example_complex.py
[2026-01-08T02:05:36.380+0000] {processor.py:914} INFO - Processing file /home/airflow/.local/lib/python3.12/site-packages/airflow/example_dags/example_complex.py for tasks to queue
[2026-01-08T02:05:36.382+0000] {logging_mixin.py:190} INFO - [2026-01-08T02:05:36.382+0000] {dagbag.py:587} INFO - Filling up the DagBag from /home/airflow/.local/lib/python3.12/site-packages/airflow/example_dags/example_complex.py
[2026-01-08T02:05:36.390+0000] {processor.py:925} INFO - DAG(s) 'example_complex' retrieved from /home/airflow/.local/lib/python3.12/site-packages/airflow/example_dags/example_complex.py
[2026-01-08T02:05:36.411+0000] {logging_mixin.py:190} INFO - [2026-01-08T02:05:36.411+0000] {dag.py:3211} INFO - Sync 1 DAGs
[2026-01-08T02:05:36.421+0000] {logging_mixin.py:190} INFO - [2026-01-08T02:05:36.421+0000] {dag.py:4138} INFO - Setting next_dagrun for example_complex to None, run_after=None
[2026-01-08T02:05:36.435+0000] {processor.py:208} INFO - Processing /home/airflow/.local/lib/python3.12/site-packages/airflow/example_dags/example_complex.py took 0.060 seconds
[2026-01-08T02:06:06.692+0000] {processor.py:186} INFO - Started process (PID=2263) to work on /home/airflow/.local/lib/python3.12/site-packages/airflow/example_dags/example_complex.py
[2026-01-08T02:06:06.693+0000] {processor.py:914} INFO - Processing file /home/airflow/.local/lib/python3.12/site-packages/airflow/example_dags/example_complex.py for tasks to queue
[2026-01-08T02:06:06.695+0000] {logging_mixin.py:190} INFO - [2026-01-08T02:06:06.695+0000] {dagbag.py:587} INFO - Filling up the DagBag from /home/airflow/.local/lib/python3.12/site-packages/airflow/example_dags/example_complex.py
[2026-01-08T02:06:06.704+0000] {processor.py:925} INFO - DAG(s) 'example_complex' retrieved from /home/airflow/.local/lib/python3.12/site-packages/airflow/example_dags/example_complex.py
[2026-01-08T02:06:06.727+0000] {logging_mixin.py:190} INFO - [2026-01-08T02:06:06.727+0000] {dag.py:3211} INFO - Sync 1 DAGs
[2026-01-08T02:06:06.738+0000] {logging_mixin.py:190} INFO - [2026-01-08T02:06:06.738+0000] {dag.py:4138} INFO - Setting next_dagrun for example_complex to None, run_after=None
[2026-01-08T02:06:06.754+0000] {processor.py:208} INFO - Processing /home/airflow/.local/lib/python3.12/site-packages/airflow/example_dags/example_complex.py took 0.068 seconds
[2026-01-08T02:06:37.188+0000] {processor.py:186} INFO - Started process (PID=2326) to work on /home/airflow/.local/lib/python3.12/site-packages/airflow/example_dags/example_complex.py
[2026-01-08T02:06:37.190+0000] {processor.py:914} INFO - Processing file /home/airflow/.local/lib/python3.12/site-packages/airflow/example_dags/example_complex.py for tasks to queue
[2026-01-08T02:06:37.193+0000] {logging_mixin.py:190} INFO - [2026-01-08T02:06:37.192+0000] {dagbag.py:587} INFO - Filling up the DagBag from /home/airflow/.local/lib/python3.12/site-packages/airflow/example_dags/example_complex.py
[2026-01-08T02:06:37.201+0000] {processor.py:925} INFO - DAG(s) 'example_complex' retrieved from /home/airflow/.local/lib/python3.12/site-packages/airflow/example_dags/example_complex.py
[2026-01-08T02:06:37.222+0000] {logging_mixin.py:190} INFO - [2026-01-08T02:06:37.222+0000] {dag.py:3211} INFO - Sync 1 DAGs
[2026-01-08T02:06:37.232+0000] {logging_mixin.py:190} INFO - [2026-01-08T02:06:37.232+0000] {dag.py:4138} INFO - Setting next_dagrun for example_complex to None, run_after=None
[2026-01-08T02:06:37.247+0000] {processor.py:208} INFO - Processing /home/airflow/.local/lib/python3.12/site-packages/airflow/example_dags/example_complex.py took 0.063 seconds
[2026-01-08T02:07:07.630+0000] {processor.py:186} INFO - Started process (PID=2389) to work on /home/airflow/.local/lib/python3.12/site-packages/airflow/example_dags/example_complex.py
[2026-01-08T02:07:07.632+0000] {processor.py:914} INFO - Processing file /home/airflow/.local/lib/python3.12/site-packages/airflow/example_dags/example_complex.py for tasks to queue
[2026-01-08T02:07:07.634+0000] {logging_mixin.py:190} INFO - [2026-01-08T02:07:07.634+0000] {dagbag.py:587} INFO - Filling up the DagBag from /home/airflow/.local/lib/python3.12/site-packages/airflow/example_dags/example_complex.py
[2026-01-08T02:07:07.642+0000] {processor.py:925} INFO - DAG(s) 'example_complex' retrieved from /home/airflow/.local/lib/python3.12/site-packages/airflow/example_dags/example_complex.py
[2026-01-08T02:07:07.663+0000] {logging_mixin.py:190} INFO - [2026-01-08T02:07:07.663+0000] {dag.py:3211} INFO - Sync 1 DAGs
[2026-01-08T02:07:07.673+0000] {logging_mixin.py:190} INFO - [2026-01-08T02:07:07.673+0000] {dag.py:4138} INFO - Setting next_dagrun for example_complex to None, run_after=None
[2026-01-08T02:07:07.688+0000] {processor.py:208} INFO - Processing /home/airflow/.local/lib/python3.12/site-packages/airflow/example_dags/example_complex.py took 0.061 seconds
[2026-01-08T02:07:37.909+0000] {processor.py:186} INFO - Started process (PID=2452) to work on /home/airflow/.local/lib/python3.12/site-packages/airflow/example_dags/example_complex.py
[2026-01-08T02:07:37.910+0000] {processor.py:914} INFO - Processing file /home/airflow/.local/lib/python3.12/site-packages/airflow/example_dags/example_complex.py for tasks to queue
[2026-01-08T02:07:37.913+0000] {logging_mixin.py:190} INFO - [2026-01-08T02:07:37.912+0000] {dagbag.py:587} INFO - Filling up the DagBag from /home/airflow/.local/lib/python3.12/site-packages/airflow/example_dags/example_complex.py
[2026-01-08T02:07:37.921+0000] {processor.py:925} INFO - DAG(s) 'example_complex' retrieved from /home/airflow/.local/lib/python3.12/site-packages/airflow/example_dags/example_complex.py
[2026-01-08T02:07:37.941+0000] {logging_mixin.py:190} INFO - [2026-01-08T02:07:37.940+0000] {dag.py:3211} INFO - Sync 1 DAGs
[2026-01-08T02:07:37.950+0000] {logging_mixin.py:190} INFO - [2026-01-08T02:07:37.950+0000] {dag.py:4138} INFO - Setting next_dagrun for example_complex to None, run_after=None
[2026-01-08T02:07:37.965+0000] {processor.py:208} INFO - Processing /home/airflow/.local/lib/python3.12/site-packages/airflow/example_dags/example_complex.py took 0.060 seconds
[2026-01-08T02:08:08.258+0000] {processor.py:186} INFO - Started process (PID=2515) to work on /home/airflow/.local/lib/python3.12/site-packages/airflow/example_dags/example_complex.py
[2026-01-08T02:08:08.259+0000] {processor.py:914} INFO - Processing file /home/airflow/.local/lib/python3.12/site-packages/airflow/example_dags/example_complex.py for tasks to queue
[2026-01-08T02:08:08.262+0000] {logging_mixin.py:190} INFO - [2026-01-08T02:08:08.262+0000] {dagbag.py:587} INFO - Filling up the DagBag from /home/airflow/.local/lib/python3.12/site-packages/airflow/example_dags/example_complex.py
[2026-01-08T02:08:08.271+0000] {processor.py:925} INFO - DAG(s) 'example_complex' retrieved from /home/airflow/.local/lib/python3.12/site-packages/airflow/example_dags/example_complex.py
[2026-01-08T02:08:08.295+0000] {logging_mixin.py:190} INFO - [2026-01-08T02:08:08.295+0000] {dag.py:3211} INFO - Sync 1 DAGs
[2026-01-08T02:08:08.306+0000] {logging_mixin.py:190} INFO - [2026-01-08T02:08:08.306+0000] {dag.py:4138} INFO - Setting next_dagrun for example_complex to None, run_after=None
[2026-01-08T02:08:08.323+0000] {processor.py:208} INFO - Processing /home/airflow/.local/lib/python3.12/site-packages/airflow/example_dags/example_complex.py took 0.070 seconds
[2026-01-08T02:08:38.458+0000] {processor.py:186} INFO - Started process (PID=2578) to work on /home/airflow/.local/lib/python3.12/site-packages/airflow/example_dags/example_complex.py
[2026-01-08T02:08:38.460+0000] {processor.py:914} INFO - Processing file /home/airflow/.local/lib/python3.12/site-packages/airflow/example_dags/example_complex.py for tasks to queue
[2026-01-08T02:08:38.463+0000] {logging_mixin.py:190} INFO - [2026-01-08T02:08:38.463+0000] {dagbag.py:587} INFO - Filling up the DagBag from /home/airflow/.local/lib/python3.12/site-packages/airflow/example_dags/example_complex.py
[2026-01-08T02:08:38.474+0000] {processor.py:925} INFO - DAG(s) 'example_complex' retrieved from /home/airflow/.local/lib/python3.12/site-packages/airflow/example_dags/example_complex.py
[2026-01-08T02:08:38.499+0000] {logging_mixin.py:190} INFO - [2026-01-08T02:08:38.499+0000] {dag.py:3211} INFO - Sync 1 DAGs
[2026-01-08T02:08:38.512+0000] {logging_mixin.py:190} INFO - [2026-01-08T02:08:38.512+0000] {dag.py:4138} INFO - Setting next_dagrun for example_complex to None, run_after=None
[2026-01-08T02:08:38.530+0000] {processor.py:208} INFO - Processing /home/airflow/.local/lib/python3.12/site-packages/airflow/example_dags/example_complex.py took 0.080 seconds
[2026-01-08T02:09:08.738+0000] {processor.py:186} INFO - Started process (PID=2641) to work on /home/airflow/.local/lib/python3.12/site-packages/airflow/example_dags/example_complex.py
[2026-01-08T02:09:08.739+0000] {processor.py:914} INFO - Processing file /home/airflow/.local/lib/python3.12/site-packages/airflow/example_dags/example_complex.py for tasks to queue
[2026-01-08T02:09:08.741+0000] {logging_mixin.py:190} INFO - [2026-01-08T02:09:08.741+0000] {dagbag.py:587} INFO - Filling up the DagBag from /home/airflow/.local/lib/python3.12/site-packages/airflow/example_dags/example_complex.py
[2026-01-08T02:09:08.749+0000] {processor.py:925} INFO - DAG(s) 'example_complex' retrieved from /home/airflow/.local/lib/python3.12/site-packages/airflow/example_dags/example_complex.py
[2026-01-08T02:09:08.773+0000] {logging_mixin.py:190} INFO - [2026-01-08T02:09:08.772+0000] {dag.py:3211} INFO - Sync 1 DAGs
[2026-01-08T02:09:08.782+0000] {logging_mixin.py:190} INFO - [2026-01-08T02:09:08.782+0000] {dag.py:4138} INFO - Setting next_dagrun for example_complex to None, run_after=None
[2026-01-08T02:09:08.799+0000] {processor.py:208} INFO - Processing /home/airflow/.local/lib/python3.12/site-packages/airflow/example_dags/example_complex.py took 0.066 seconds
[2026-01-08T02:09:39.224+0000] {processor.py:186} INFO - Started process (PID=2704) to work on /home/airflow/.local/lib/python3.12/site-packages/airflow/example_dags/example_complex.py
[2026-01-08T02:09:39.225+0000] {processor.py:914} INFO - Processing file /home/airflow/.local/lib/python3.12/site-packages/airflow/example_dags/example_complex.py for tasks to queue
[2026-01-08T02:09:39.228+0000] {logging_mixin.py:190} INFO - [2026-01-08T02:09:39.228+0000] {dagbag.py:587} INFO - Filling up the DagBag from /home/airflow/.local/lib/python3.12/site-packages/airflow/example_dags/example_complex.py
[2026-01-08T02:09:39.238+0000] {processor.py:925} INFO - DAG(s) 'example_complex' retrieved from /home/airflow/.local/lib/python3.12/site-packages/airflow/example_dags/example_complex.py
[2026-01-08T02:09:39.260+0000] {logging_mixin.py:190} INFO - [2026-01-08T02:09:39.260+0000] {dag.py:3211} INFO - Sync 1 DAGs
[2026-01-08T02:09:39.270+0000] {logging_mixin.py:190} INFO - [2026-01-08T02:09:39.270+0000] {dag.py:4138} INFO - Setting next_dagrun for example_complex to None, run_after=None
[2026-01-08T02:09:39.285+0000] {processor.py:208} INFO - Processing /home/airflow/.local/lib/python3.12/site-packages/airflow/example_dags/example_complex.py took 0.066 seconds
[2026-01-08T02:10:09.671+0000] {processor.py:186} INFO - Started process (PID=2767) to work on /home/airflow/.local/lib/python3.12/site-packages/airflow/example_dags/example_complex.py
[2026-01-08T02:10:09.672+0000] {processor.py:914} INFO - Processing file /home/airflow/.local/lib/python3.12/site-packages/airflow/example_dags/example_complex.py for tasks to queue
[2026-01-08T02:10:09.675+0000] {logging_mixin.py:190} INFO - [2026-01-08T02:10:09.674+0000] {dagbag.py:587} INFO - Filling up the DagBag from /home/airflow/.local/lib/python3.12/site-packages/airflow/example_dags/example_complex.py
[2026-01-08T02:10:09.685+0000] {processor.py:925} INFO - DAG(s) 'example_complex' retrieved from /home/airflow/.local/lib/python3.12/site-packages/airflow/example_dags/example_complex.py
[2026-01-08T02:10:09.708+0000] {logging_mixin.py:190} INFO - [2026-01-08T02:10:09.707+0000] {dag.py:3211} INFO - Sync 1 DAGs
[2026-01-08T02:10:09.718+0000] {logging_mixin.py:190} INFO - [2026-01-08T02:10:09.717+0000] {dag.py:4138} INFO - Setting next_dagrun for example_complex to None, run_after=None
[2026-01-08T02:10:09.732+0000] {processor.py:208} INFO - Processing /home/airflow/.local/lib/python3.12/site-packages/airflow/example_dags/example_complex.py took 0.065 seconds
[2026-01-08T02:10:40.062+0000] {processor.py:186} INFO - Started process (PID=2829) to work on /home/airflow/.local/lib/python3.12/site-packages/airflow/example_dags/example_complex.py
[2026-01-08T02:10:40.064+0000] {processor.py:914} INFO - Processing file /home/airflow/.local/lib/python3.12/site-packages/airflow/example_dags/example_complex.py for tasks to queue
[2026-01-08T02:10:40.066+0000] {logging_mixin.py:190} INFO - [2026-01-08T02:10:40.066+0000] {dagbag.py:587} INFO - Filling up the DagBag from /home/airflow/.local/lib/python3.12/site-packages/airflow/example_dags/example_complex.py
[2026-01-08T02:10:40.075+0000] {processor.py:925} INFO - DAG(s) 'example_complex' retrieved from /home/airflow/.local/lib/python3.12/site-packages/airflow/example_dags/example_complex.py
[2026-01-08T02:10:40.102+0000] {logging_mixin.py:190} INFO - [2026-01-08T02:10:40.102+0000] {dag.py:3211} INFO - Sync 1 DAGs
[2026-01-08T02:10:40.115+0000] {logging_mixin.py:190} INFO - [2026-01-08T02:10:40.115+0000] {dag.py:4138} INFO - Setting next_dagrun for example_complex to None, run_after=None
[2026-01-08T02:10:40.133+0000] {processor.py:208} INFO - Processing /home/airflow/.local/lib/python3.12/site-packages/airflow/example_dags/example_complex.py took 0.075 seconds
[2026-01-08T02:11:10.384+0000] {processor.py:186} INFO - Started process (PID=2892) to work on /home/airflow/.local/lib/python3.12/site-packages/airflow/example_dags/example_complex.py
[2026-01-08T02:11:10.386+0000] {processor.py:914} INFO - Processing file /home/airflow/.local/lib/python3.12/site-packages/airflow/example_dags/example_complex.py for tasks to queue
[2026-01-08T02:11:10.388+0000] {logging_mixin.py:190} INFO - [2026-01-08T02:11:10.388+0000] {dagbag.py:587} INFO - Filling up the DagBag from /home/airflow/.local/lib/python3.12/site-packages/airflow/example_dags/example_complex.py
[2026-01-08T02:11:10.400+0000] {processor.py:925} INFO - DAG(s) 'example_complex' retrieved from /home/airflow/.local/lib/python3.12/site-packages/airflow/example_dags/example_complex.py
[2026-01-08T02:11:10.428+0000] {logging_mixin.py:190} INFO - [2026-01-08T02:11:10.428+0000] {dag.py:3211} INFO - Sync 1 DAGs
[2026-01-08T02:11:10.440+0000] {logging_mixin.py:190} INFO - [2026-01-08T02:11:10.440+0000] {dag.py:4138} INFO - Setting next_dagrun for example_complex to None, run_after=None
[2026-01-08T02:11:10.459+0000] {processor.py:208} INFO - Processing /home/airflow/.local/lib/python3.12/site-packages/airflow/example_dags/example_complex.py took 0.080 seconds
[2026-01-08T02:11:41.056+0000] {processor.py:186} INFO - Started process (PID=2955) to work on /home/airflow/.local/lib/python3.12/site-packages/airflow/example_dags/example_complex.py
[2026-01-08T02:11:41.058+0000] {processor.py:914} INFO - Processing file /home/airflow/.local/lib/python3.12/site-packages/airflow/example_dags/example_complex.py for tasks to queue
[2026-01-08T02:11:41.060+0000] {logging_mixin.py:190} INFO - [2026-01-08T02:11:41.060+0000] {dagbag.py:587} INFO - Filling up the DagBag from /home/airflow/.local/lib/python3.12/site-packages/airflow/example_dags/example_complex.py
[2026-01-08T02:11:41.068+0000] {processor.py:925} INFO - DAG(s) 'example_complex' retrieved from /home/airflow/.local/lib/python3.12/site-packages/airflow/example_dags/example_complex.py
[2026-01-08T02:11:41.091+0000] {logging_mixin.py:190} INFO - [2026-01-08T02:11:41.091+0000] {dag.py:3211} INFO - Sync 1 DAGs
[2026-01-08T02:11:41.102+0000] {logging_mixin.py:190} INFO - [2026-01-08T02:11:41.101+0000] {dag.py:4138} INFO - Setting next_dagrun for example_complex to None, run_after=None
[2026-01-08T02:11:41.116+0000] {processor.py:208} INFO - Processing /home/airflow/.local/lib/python3.12/site-packages/airflow/example_dags/example_complex.py took 0.065 seconds
[2026-01-08T02:12:11.949+0000] {processor.py:186} INFO - Started process (PID=3019) to work on /home/airflow/.local/lib/python3.12/site-packages/airflow/example_dags/example_complex.py
[2026-01-08T02:12:11.951+0000] {processor.py:914} INFO - Processing file /home/airflow/.local/lib/python3.12/site-packages/airflow/example_dags/example_complex.py for tasks to queue
[2026-01-08T02:12:11.953+0000] {logging_mixin.py:190} INFO - [2026-01-08T02:12:11.952+0000] {dagbag.py:587} INFO - Filling up the DagBag from /home/airflow/.local/lib/python3.12/site-packages/airflow/example_dags/example_complex.py
[2026-01-08T02:12:11.961+0000] {processor.py:925} INFO - DAG(s) 'example_complex' retrieved from /home/airflow/.local/lib/python3.12/site-packages/airflow/example_dags/example_complex.py
[2026-01-08T02:12:11.985+0000] {logging_mixin.py:190} INFO - [2026-01-08T02:12:11.984+0000] {dag.py:3211} INFO - Sync 1 DAGs
[2026-01-08T02:12:11.995+0000] {logging_mixin.py:190} INFO - [2026-01-08T02:12:11.994+0000] {dag.py:4138} INFO - Setting next_dagrun for example_complex to None, run_after=None
[2026-01-08T02:12:12.008+0000] {processor.py:208} INFO - Processing /home/airflow/.local/lib/python3.12/site-packages/airflow/example_dags/example_complex.py took 0.064 seconds
