[2026-01-08T01:48:23.429+0000] {processor.py:186} INFO - Started process (PID=95) to work on /home/airflow/.local/lib/python3.12/site-packages/airflow/example_dags/example_skip_dag.py
[2026-01-08T01:48:23.431+0000] {processor.py:914} INFO - Processing file /home/airflow/.local/lib/python3.12/site-packages/airflow/example_dags/example_skip_dag.py for tasks to queue
[2026-01-08T01:48:23.433+0000] {logging_mixin.py:190} INFO - [2026-01-08T01:48:23.433+0000] {dagbag.py:587} INFO - Filling up the DagBag from /home/airflow/.local/lib/python3.12/site-packages/airflow/example_dags/example_skip_dag.py
[2026-01-08T01:48:23.442+0000] {processor.py:925} INFO - DAG(s) 'example_skip_dag' retrieved from /home/airflow/.local/lib/python3.12/site-packages/airflow/example_dags/example_skip_dag.py
[2026-01-08T01:48:23.517+0000] {logging_mixin.py:190} INFO - [2026-01-08T01:48:23.516+0000] {override.py:1858} INFO - Created Permission View: can edit on DAG:example_skip_dag
[2026-01-08T01:48:23.525+0000] {logging_mixin.py:190} INFO - [2026-01-08T01:48:23.525+0000] {override.py:1858} INFO - Created Permission View: can read on DAG:example_skip_dag
[2026-01-08T01:48:23.533+0000] {logging_mixin.py:190} INFO - [2026-01-08T01:48:23.532+0000] {override.py:1858} INFO - Created Permission View: can delete on DAG:example_skip_dag
[2026-01-08T01:48:23.533+0000] {logging_mixin.py:190} INFO - [2026-01-08T01:48:23.533+0000] {dag.py:3211} INFO - Sync 1 DAGs
[2026-01-08T01:48:23.543+0000] {logging_mixin.py:190} INFO - [2026-01-08T01:48:23.542+0000] {dag.py:3234} INFO - Creating ORM DAG for example_skip_dag
[2026-01-08T01:48:23.551+0000] {logging_mixin.py:190} INFO - [2026-01-08T01:48:23.551+0000] {dag.py:4138} INFO - Setting next_dagrun for example_skip_dag to 2026-01-07 00:00:00+00:00, run_after=2026-01-08 00:00:00+00:00
[2026-01-08T01:48:23.564+0000] {processor.py:208} INFO - Processing /home/airflow/.local/lib/python3.12/site-packages/airflow/example_dags/example_skip_dag.py took 0.140 seconds
[2026-01-08T01:48:54.532+0000] {processor.py:186} INFO - Started process (PID=163) to work on /home/airflow/.local/lib/python3.12/site-packages/airflow/example_dags/example_skip_dag.py
[2026-01-08T01:48:54.533+0000] {processor.py:914} INFO - Processing file /home/airflow/.local/lib/python3.12/site-packages/airflow/example_dags/example_skip_dag.py for tasks to queue
[2026-01-08T01:48:54.536+0000] {logging_mixin.py:190} INFO - [2026-01-08T01:48:54.536+0000] {dagbag.py:587} INFO - Filling up the DagBag from /home/airflow/.local/lib/python3.12/site-packages/airflow/example_dags/example_skip_dag.py
[2026-01-08T01:48:54.543+0000] {processor.py:925} INFO - DAG(s) 'example_skip_dag' retrieved from /home/airflow/.local/lib/python3.12/site-packages/airflow/example_dags/example_skip_dag.py
[2026-01-08T01:48:54.563+0000] {logging_mixin.py:190} INFO - [2026-01-08T01:48:54.563+0000] {dag.py:3211} INFO - Sync 1 DAGs
[2026-01-08T01:48:54.579+0000] {logging_mixin.py:190} INFO - [2026-01-08T01:48:54.579+0000] {dag.py:4138} INFO - Setting next_dagrun for example_skip_dag to 2026-01-07 00:00:00+00:00, run_after=2026-01-08 00:00:00+00:00
[2026-01-08T01:48:54.602+0000] {processor.py:208} INFO - Processing /home/airflow/.local/lib/python3.12/site-packages/airflow/example_dags/example_skip_dag.py took 0.075 seconds
[2026-01-08T01:49:24.913+0000] {processor.py:186} INFO - Started process (PID=225) to work on /home/airflow/.local/lib/python3.12/site-packages/airflow/example_dags/example_skip_dag.py
[2026-01-08T01:49:24.915+0000] {processor.py:914} INFO - Processing file /home/airflow/.local/lib/python3.12/site-packages/airflow/example_dags/example_skip_dag.py for tasks to queue
[2026-01-08T01:49:24.917+0000] {logging_mixin.py:190} INFO - [2026-01-08T01:49:24.917+0000] {dagbag.py:587} INFO - Filling up the DagBag from /home/airflow/.local/lib/python3.12/site-packages/airflow/example_dags/example_skip_dag.py
[2026-01-08T01:49:24.923+0000] {processor.py:925} INFO - DAG(s) 'example_skip_dag' retrieved from /home/airflow/.local/lib/python3.12/site-packages/airflow/example_dags/example_skip_dag.py
[2026-01-08T01:49:24.943+0000] {logging_mixin.py:190} INFO - [2026-01-08T01:49:24.943+0000] {dag.py:3211} INFO - Sync 1 DAGs
[2026-01-08T01:49:24.961+0000] {logging_mixin.py:190} INFO - [2026-01-08T01:49:24.960+0000] {dag.py:4138} INFO - Setting next_dagrun for example_skip_dag to 2026-01-07 00:00:00+00:00, run_after=2026-01-08 00:00:00+00:00
[2026-01-08T01:49:24.989+0000] {processor.py:208} INFO - Processing /home/airflow/.local/lib/python3.12/site-packages/airflow/example_dags/example_skip_dag.py took 0.080 seconds
[2026-01-08T01:49:55.668+0000] {processor.py:186} INFO - Started process (PID=287) to work on /home/airflow/.local/lib/python3.12/site-packages/airflow/example_dags/example_skip_dag.py
[2026-01-08T01:49:55.669+0000] {processor.py:914} INFO - Processing file /home/airflow/.local/lib/python3.12/site-packages/airflow/example_dags/example_skip_dag.py for tasks to queue
[2026-01-08T01:49:55.671+0000] {logging_mixin.py:190} INFO - [2026-01-08T01:49:55.671+0000] {dagbag.py:587} INFO - Filling up the DagBag from /home/airflow/.local/lib/python3.12/site-packages/airflow/example_dags/example_skip_dag.py
[2026-01-08T01:49:55.677+0000] {processor.py:925} INFO - DAG(s) 'example_skip_dag' retrieved from /home/airflow/.local/lib/python3.12/site-packages/airflow/example_dags/example_skip_dag.py
[2026-01-08T01:49:55.694+0000] {logging_mixin.py:190} INFO - [2026-01-08T01:49:55.694+0000] {dag.py:3211} INFO - Sync 1 DAGs
[2026-01-08T01:49:55.710+0000] {logging_mixin.py:190} INFO - [2026-01-08T01:49:55.710+0000] {dag.py:4138} INFO - Setting next_dagrun for example_skip_dag to 2026-01-07 00:00:00+00:00, run_after=2026-01-08 00:00:00+00:00
[2026-01-08T01:49:55.727+0000] {processor.py:208} INFO - Processing /home/airflow/.local/lib/python3.12/site-packages/airflow/example_dags/example_skip_dag.py took 0.063 seconds
[2026-01-08T01:50:25.961+0000] {processor.py:186} INFO - Started process (PID=349) to work on /home/airflow/.local/lib/python3.12/site-packages/airflow/example_dags/example_skip_dag.py
[2026-01-08T01:50:25.963+0000] {processor.py:914} INFO - Processing file /home/airflow/.local/lib/python3.12/site-packages/airflow/example_dags/example_skip_dag.py for tasks to queue
[2026-01-08T01:50:25.966+0000] {logging_mixin.py:190} INFO - [2026-01-08T01:50:25.965+0000] {dagbag.py:587} INFO - Filling up the DagBag from /home/airflow/.local/lib/python3.12/site-packages/airflow/example_dags/example_skip_dag.py
[2026-01-08T01:50:25.975+0000] {processor.py:925} INFO - DAG(s) 'example_skip_dag' retrieved from /home/airflow/.local/lib/python3.12/site-packages/airflow/example_dags/example_skip_dag.py
[2026-01-08T01:50:25.999+0000] {logging_mixin.py:190} INFO - [2026-01-08T01:50:25.999+0000] {dag.py:3211} INFO - Sync 1 DAGs
[2026-01-08T01:50:26.018+0000] {logging_mixin.py:190} INFO - [2026-01-08T01:50:26.018+0000] {dag.py:4138} INFO - Setting next_dagrun for example_skip_dag to 2026-01-07 00:00:00+00:00, run_after=2026-01-08 00:00:00+00:00
[2026-01-08T01:50:26.034+0000] {processor.py:208} INFO - Processing /home/airflow/.local/lib/python3.12/site-packages/airflow/example_dags/example_skip_dag.py took 0.080 seconds
[2026-01-08T01:50:56.313+0000] {processor.py:186} INFO - Started process (PID=411) to work on /home/airflow/.local/lib/python3.12/site-packages/airflow/example_dags/example_skip_dag.py
[2026-01-08T01:50:56.315+0000] {processor.py:914} INFO - Processing file /home/airflow/.local/lib/python3.12/site-packages/airflow/example_dags/example_skip_dag.py for tasks to queue
[2026-01-08T01:50:56.317+0000] {logging_mixin.py:190} INFO - [2026-01-08T01:50:56.317+0000] {dagbag.py:587} INFO - Filling up the DagBag from /home/airflow/.local/lib/python3.12/site-packages/airflow/example_dags/example_skip_dag.py
[2026-01-08T01:50:56.323+0000] {processor.py:925} INFO - DAG(s) 'example_skip_dag' retrieved from /home/airflow/.local/lib/python3.12/site-packages/airflow/example_dags/example_skip_dag.py
[2026-01-08T01:50:56.347+0000] {logging_mixin.py:190} INFO - [2026-01-08T01:50:56.347+0000] {dag.py:3211} INFO - Sync 1 DAGs
[2026-01-08T01:50:56.373+0000] {logging_mixin.py:190} INFO - [2026-01-08T01:50:56.373+0000] {dag.py:4138} INFO - Setting next_dagrun for example_skip_dag to 2026-01-07 00:00:00+00:00, run_after=2026-01-08 00:00:00+00:00
[2026-01-08T01:50:56.391+0000] {processor.py:208} INFO - Processing /home/airflow/.local/lib/python3.12/site-packages/airflow/example_dags/example_skip_dag.py took 0.082 seconds
[2026-01-08T01:51:27.145+0000] {processor.py:186} INFO - Started process (PID=473) to work on /home/airflow/.local/lib/python3.12/site-packages/airflow/example_dags/example_skip_dag.py
[2026-01-08T01:51:27.147+0000] {processor.py:914} INFO - Processing file /home/airflow/.local/lib/python3.12/site-packages/airflow/example_dags/example_skip_dag.py for tasks to queue
[2026-01-08T01:51:27.149+0000] {logging_mixin.py:190} INFO - [2026-01-08T01:51:27.149+0000] {dagbag.py:587} INFO - Filling up the DagBag from /home/airflow/.local/lib/python3.12/site-packages/airflow/example_dags/example_skip_dag.py
[2026-01-08T01:51:27.155+0000] {processor.py:925} INFO - DAG(s) 'example_skip_dag' retrieved from /home/airflow/.local/lib/python3.12/site-packages/airflow/example_dags/example_skip_dag.py
[2026-01-08T01:51:27.174+0000] {logging_mixin.py:190} INFO - [2026-01-08T01:51:27.173+0000] {dag.py:3211} INFO - Sync 1 DAGs
[2026-01-08T01:51:27.191+0000] {logging_mixin.py:190} INFO - [2026-01-08T01:51:27.191+0000] {dag.py:4138} INFO - Setting next_dagrun for example_skip_dag to 2026-01-07 00:00:00+00:00, run_after=2026-01-08 00:00:00+00:00
[2026-01-08T01:51:27.208+0000] {processor.py:208} INFO - Processing /home/airflow/.local/lib/python3.12/site-packages/airflow/example_dags/example_skip_dag.py took 0.068 seconds
[2026-01-08T01:51:57.738+0000] {processor.py:186} INFO - Started process (PID=536) to work on /home/airflow/.local/lib/python3.12/site-packages/airflow/example_dags/example_skip_dag.py
[2026-01-08T01:51:57.740+0000] {processor.py:914} INFO - Processing file /home/airflow/.local/lib/python3.12/site-packages/airflow/example_dags/example_skip_dag.py for tasks to queue
[2026-01-08T01:51:57.743+0000] {logging_mixin.py:190} INFO - [2026-01-08T01:51:57.743+0000] {dagbag.py:587} INFO - Filling up the DagBag from /home/airflow/.local/lib/python3.12/site-packages/airflow/example_dags/example_skip_dag.py
[2026-01-08T01:51:57.752+0000] {processor.py:925} INFO - DAG(s) 'example_skip_dag' retrieved from /home/airflow/.local/lib/python3.12/site-packages/airflow/example_dags/example_skip_dag.py
[2026-01-08T01:51:57.772+0000] {logging_mixin.py:190} INFO - [2026-01-08T01:51:57.772+0000] {dag.py:3211} INFO - Sync 1 DAGs
[2026-01-08T01:51:57.797+0000] {logging_mixin.py:190} INFO - [2026-01-08T01:51:57.797+0000] {dag.py:4138} INFO - Setting next_dagrun for example_skip_dag to 2026-01-07 00:00:00+00:00, run_after=2026-01-08 00:00:00+00:00
[2026-01-08T01:51:57.819+0000] {processor.py:208} INFO - Processing /home/airflow/.local/lib/python3.12/site-packages/airflow/example_dags/example_skip_dag.py took 0.087 seconds
[2026-01-08T01:52:28.088+0000] {processor.py:186} INFO - Started process (PID=598) to work on /home/airflow/.local/lib/python3.12/site-packages/airflow/example_dags/example_skip_dag.py
[2026-01-08T01:52:28.090+0000] {processor.py:914} INFO - Processing file /home/airflow/.local/lib/python3.12/site-packages/airflow/example_dags/example_skip_dag.py for tasks to queue
[2026-01-08T01:52:28.091+0000] {logging_mixin.py:190} INFO - [2026-01-08T01:52:28.091+0000] {dagbag.py:587} INFO - Filling up the DagBag from /home/airflow/.local/lib/python3.12/site-packages/airflow/example_dags/example_skip_dag.py
[2026-01-08T01:52:28.097+0000] {processor.py:925} INFO - DAG(s) 'example_skip_dag' retrieved from /home/airflow/.local/lib/python3.12/site-packages/airflow/example_dags/example_skip_dag.py
[2026-01-08T01:52:28.115+0000] {logging_mixin.py:190} INFO - [2026-01-08T01:52:28.115+0000] {dag.py:3211} INFO - Sync 1 DAGs
[2026-01-08T01:52:28.131+0000] {logging_mixin.py:190} INFO - [2026-01-08T01:52:28.131+0000] {dag.py:4138} INFO - Setting next_dagrun for example_skip_dag to 2026-01-07 00:00:00+00:00, run_after=2026-01-08 00:00:00+00:00
[2026-01-08T01:52:28.155+0000] {processor.py:208} INFO - Processing /home/airflow/.local/lib/python3.12/site-packages/airflow/example_dags/example_skip_dag.py took 0.071 seconds
[2026-01-08T01:52:58.562+0000] {processor.py:186} INFO - Started process (PID=660) to work on /home/airflow/.local/lib/python3.12/site-packages/airflow/example_dags/example_skip_dag.py
[2026-01-08T01:52:58.563+0000] {processor.py:914} INFO - Processing file /home/airflow/.local/lib/python3.12/site-packages/airflow/example_dags/example_skip_dag.py for tasks to queue
[2026-01-08T01:52:58.566+0000] {logging_mixin.py:190} INFO - [2026-01-08T01:52:58.565+0000] {dagbag.py:587} INFO - Filling up the DagBag from /home/airflow/.local/lib/python3.12/site-packages/airflow/example_dags/example_skip_dag.py
[2026-01-08T01:52:58.572+0000] {processor.py:925} INFO - DAG(s) 'example_skip_dag' retrieved from /home/airflow/.local/lib/python3.12/site-packages/airflow/example_dags/example_skip_dag.py
[2026-01-08T01:52:58.591+0000] {logging_mixin.py:190} INFO - [2026-01-08T01:52:58.591+0000] {dag.py:3211} INFO - Sync 1 DAGs
[2026-01-08T01:52:58.609+0000] {logging_mixin.py:190} INFO - [2026-01-08T01:52:58.608+0000] {dag.py:4138} INFO - Setting next_dagrun for example_skip_dag to 2026-01-07 00:00:00+00:00, run_after=2026-01-08 00:00:00+00:00
[2026-01-08T01:52:58.635+0000] {processor.py:208} INFO - Processing /home/airflow/.local/lib/python3.12/site-packages/airflow/example_dags/example_skip_dag.py took 0.077 seconds
[2026-01-08T01:53:29.010+0000] {processor.py:186} INFO - Started process (PID=722) to work on /home/airflow/.local/lib/python3.12/site-packages/airflow/example_dags/example_skip_dag.py
[2026-01-08T01:53:29.012+0000] {processor.py:914} INFO - Processing file /home/airflow/.local/lib/python3.12/site-packages/airflow/example_dags/example_skip_dag.py for tasks to queue
[2026-01-08T01:53:29.014+0000] {logging_mixin.py:190} INFO - [2026-01-08T01:53:29.014+0000] {dagbag.py:587} INFO - Filling up the DagBag from /home/airflow/.local/lib/python3.12/site-packages/airflow/example_dags/example_skip_dag.py
[2026-01-08T01:53:29.020+0000] {processor.py:925} INFO - DAG(s) 'example_skip_dag' retrieved from /home/airflow/.local/lib/python3.12/site-packages/airflow/example_dags/example_skip_dag.py
[2026-01-08T01:53:29.038+0000] {logging_mixin.py:190} INFO - [2026-01-08T01:53:29.038+0000] {dag.py:3211} INFO - Sync 1 DAGs
[2026-01-08T01:53:29.055+0000] {logging_mixin.py:190} INFO - [2026-01-08T01:53:29.055+0000] {dag.py:4138} INFO - Setting next_dagrun for example_skip_dag to 2026-01-07 00:00:00+00:00, run_after=2026-01-08 00:00:00+00:00
[2026-01-08T01:53:29.079+0000] {processor.py:208} INFO - Processing /home/airflow/.local/lib/python3.12/site-packages/airflow/example_dags/example_skip_dag.py took 0.074 seconds
[2026-01-08T01:53:59.496+0000] {processor.py:186} INFO - Started process (PID=784) to work on /home/airflow/.local/lib/python3.12/site-packages/airflow/example_dags/example_skip_dag.py
[2026-01-08T01:53:59.498+0000] {processor.py:914} INFO - Processing file /home/airflow/.local/lib/python3.12/site-packages/airflow/example_dags/example_skip_dag.py for tasks to queue
[2026-01-08T01:53:59.500+0000] {logging_mixin.py:190} INFO - [2026-01-08T01:53:59.500+0000] {dagbag.py:587} INFO - Filling up the DagBag from /home/airflow/.local/lib/python3.12/site-packages/airflow/example_dags/example_skip_dag.py
[2026-01-08T01:53:59.506+0000] {processor.py:925} INFO - DAG(s) 'example_skip_dag' retrieved from /home/airflow/.local/lib/python3.12/site-packages/airflow/example_dags/example_skip_dag.py
[2026-01-08T01:53:59.523+0000] {logging_mixin.py:190} INFO - [2026-01-08T01:53:59.523+0000] {dag.py:3211} INFO - Sync 1 DAGs
[2026-01-08T01:53:59.538+0000] {logging_mixin.py:190} INFO - [2026-01-08T01:53:59.538+0000] {dag.py:4138} INFO - Setting next_dagrun for example_skip_dag to 2026-01-07 00:00:00+00:00, run_after=2026-01-08 00:00:00+00:00
[2026-01-08T01:53:59.554+0000] {processor.py:208} INFO - Processing /home/airflow/.local/lib/python3.12/site-packages/airflow/example_dags/example_skip_dag.py took 0.062 seconds
[2026-01-08T01:54:30.090+0000] {processor.py:186} INFO - Started process (PID=846) to work on /home/airflow/.local/lib/python3.12/site-packages/airflow/example_dags/example_skip_dag.py
[2026-01-08T01:54:30.091+0000] {processor.py:914} INFO - Processing file /home/airflow/.local/lib/python3.12/site-packages/airflow/example_dags/example_skip_dag.py for tasks to queue
[2026-01-08T01:54:30.094+0000] {logging_mixin.py:190} INFO - [2026-01-08T01:54:30.093+0000] {dagbag.py:587} INFO - Filling up the DagBag from /home/airflow/.local/lib/python3.12/site-packages/airflow/example_dags/example_skip_dag.py
[2026-01-08T01:54:30.099+0000] {processor.py:925} INFO - DAG(s) 'example_skip_dag' retrieved from /home/airflow/.local/lib/python3.12/site-packages/airflow/example_dags/example_skip_dag.py
[2026-01-08T01:54:30.117+0000] {logging_mixin.py:190} INFO - [2026-01-08T01:54:30.117+0000] {dag.py:3211} INFO - Sync 1 DAGs
[2026-01-08T01:54:30.133+0000] {logging_mixin.py:190} INFO - [2026-01-08T01:54:30.133+0000] {dag.py:4138} INFO - Setting next_dagrun for example_skip_dag to 2026-01-07 00:00:00+00:00, run_after=2026-01-08 00:00:00+00:00
[2026-01-08T01:54:30.148+0000] {processor.py:208} INFO - Processing /home/airflow/.local/lib/python3.12/site-packages/airflow/example_dags/example_skip_dag.py took 0.063 seconds
[2026-01-08T01:55:00.646+0000] {processor.py:186} INFO - Started process (PID=908) to work on /home/airflow/.local/lib/python3.12/site-packages/airflow/example_dags/example_skip_dag.py
[2026-01-08T01:55:00.648+0000] {processor.py:914} INFO - Processing file /home/airflow/.local/lib/python3.12/site-packages/airflow/example_dags/example_skip_dag.py for tasks to queue
[2026-01-08T01:55:00.650+0000] {logging_mixin.py:190} INFO - [2026-01-08T01:55:00.649+0000] {dagbag.py:587} INFO - Filling up the DagBag from /home/airflow/.local/lib/python3.12/site-packages/airflow/example_dags/example_skip_dag.py
[2026-01-08T01:55:00.656+0000] {processor.py:925} INFO - DAG(s) 'example_skip_dag' retrieved from /home/airflow/.local/lib/python3.12/site-packages/airflow/example_dags/example_skip_dag.py
[2026-01-08T01:55:00.674+0000] {logging_mixin.py:190} INFO - [2026-01-08T01:55:00.674+0000] {dag.py:3211} INFO - Sync 1 DAGs
[2026-01-08T01:55:00.691+0000] {logging_mixin.py:190} INFO - [2026-01-08T01:55:00.691+0000] {dag.py:4138} INFO - Setting next_dagrun for example_skip_dag to 2026-01-07 00:00:00+00:00, run_after=2026-01-08 00:00:00+00:00
[2026-01-08T01:55:00.706+0000] {processor.py:208} INFO - Processing /home/airflow/.local/lib/python3.12/site-packages/airflow/example_dags/example_skip_dag.py took 0.064 seconds
[2026-01-08T01:55:31.371+0000] {processor.py:186} INFO - Started process (PID=970) to work on /home/airflow/.local/lib/python3.12/site-packages/airflow/example_dags/example_skip_dag.py
[2026-01-08T01:55:31.373+0000] {processor.py:914} INFO - Processing file /home/airflow/.local/lib/python3.12/site-packages/airflow/example_dags/example_skip_dag.py for tasks to queue
[2026-01-08T01:55:31.375+0000] {logging_mixin.py:190} INFO - [2026-01-08T01:55:31.375+0000] {dagbag.py:587} INFO - Filling up the DagBag from /home/airflow/.local/lib/python3.12/site-packages/airflow/example_dags/example_skip_dag.py
[2026-01-08T01:55:31.382+0000] {processor.py:925} INFO - DAG(s) 'example_skip_dag' retrieved from /home/airflow/.local/lib/python3.12/site-packages/airflow/example_dags/example_skip_dag.py
[2026-01-08T01:55:31.402+0000] {logging_mixin.py:190} INFO - [2026-01-08T01:55:31.402+0000] {dag.py:3211} INFO - Sync 1 DAGs
[2026-01-08T01:55:31.419+0000] {logging_mixin.py:190} INFO - [2026-01-08T01:55:31.419+0000] {dag.py:4138} INFO - Setting next_dagrun for example_skip_dag to 2026-01-07 00:00:00+00:00, run_after=2026-01-08 00:00:00+00:00
[2026-01-08T01:55:31.443+0000] {processor.py:208} INFO - Processing /home/airflow/.local/lib/python3.12/site-packages/airflow/example_dags/example_skip_dag.py took 0.076 seconds
[2026-01-08T01:56:02.046+0000] {processor.py:186} INFO - Started process (PID=1032) to work on /home/airflow/.local/lib/python3.12/site-packages/airflow/example_dags/example_skip_dag.py
[2026-01-08T01:56:02.048+0000] {processor.py:914} INFO - Processing file /home/airflow/.local/lib/python3.12/site-packages/airflow/example_dags/example_skip_dag.py for tasks to queue
[2026-01-08T01:56:02.050+0000] {logging_mixin.py:190} INFO - [2026-01-08T01:56:02.050+0000] {dagbag.py:587} INFO - Filling up the DagBag from /home/airflow/.local/lib/python3.12/site-packages/airflow/example_dags/example_skip_dag.py
[2026-01-08T01:56:02.057+0000] {processor.py:925} INFO - DAG(s) 'example_skip_dag' retrieved from /home/airflow/.local/lib/python3.12/site-packages/airflow/example_dags/example_skip_dag.py
[2026-01-08T01:56:02.074+0000] {logging_mixin.py:190} INFO - [2026-01-08T01:56:02.074+0000] {dag.py:3211} INFO - Sync 1 DAGs
[2026-01-08T01:56:02.090+0000] {logging_mixin.py:190} INFO - [2026-01-08T01:56:02.090+0000] {dag.py:4138} INFO - Setting next_dagrun for example_skip_dag to 2026-01-07 00:00:00+00:00, run_after=2026-01-08 00:00:00+00:00
[2026-01-08T01:56:02.107+0000] {processor.py:208} INFO - Processing /home/airflow/.local/lib/python3.12/site-packages/airflow/example_dags/example_skip_dag.py took 0.066 seconds
[2026-01-08T01:56:32.320+0000] {processor.py:186} INFO - Started process (PID=1094) to work on /home/airflow/.local/lib/python3.12/site-packages/airflow/example_dags/example_skip_dag.py
[2026-01-08T01:56:32.321+0000] {processor.py:914} INFO - Processing file /home/airflow/.local/lib/python3.12/site-packages/airflow/example_dags/example_skip_dag.py for tasks to queue
[2026-01-08T01:56:32.324+0000] {logging_mixin.py:190} INFO - [2026-01-08T01:56:32.324+0000] {dagbag.py:587} INFO - Filling up the DagBag from /home/airflow/.local/lib/python3.12/site-packages/airflow/example_dags/example_skip_dag.py
[2026-01-08T01:56:32.330+0000] {processor.py:925} INFO - DAG(s) 'example_skip_dag' retrieved from /home/airflow/.local/lib/python3.12/site-packages/airflow/example_dags/example_skip_dag.py
[2026-01-08T01:56:32.348+0000] {logging_mixin.py:190} INFO - [2026-01-08T01:56:32.348+0000] {dag.py:3211} INFO - Sync 1 DAGs
[2026-01-08T01:56:32.364+0000] {logging_mixin.py:190} INFO - [2026-01-08T01:56:32.364+0000] {dag.py:4138} INFO - Setting next_dagrun for example_skip_dag to 2026-01-07 00:00:00+00:00, run_after=2026-01-08 00:00:00+00:00
[2026-01-08T01:56:32.387+0000] {processor.py:208} INFO - Processing /home/airflow/.local/lib/python3.12/site-packages/airflow/example_dags/example_skip_dag.py took 0.072 seconds
[2026-01-08T01:57:02.770+0000] {processor.py:186} INFO - Started process (PID=1156) to work on /home/airflow/.local/lib/python3.12/site-packages/airflow/example_dags/example_skip_dag.py
[2026-01-08T01:57:02.771+0000] {processor.py:914} INFO - Processing file /home/airflow/.local/lib/python3.12/site-packages/airflow/example_dags/example_skip_dag.py for tasks to queue
[2026-01-08T01:57:02.773+0000] {logging_mixin.py:190} INFO - [2026-01-08T01:57:02.773+0000] {dagbag.py:587} INFO - Filling up the DagBag from /home/airflow/.local/lib/python3.12/site-packages/airflow/example_dags/example_skip_dag.py
[2026-01-08T01:57:02.779+0000] {processor.py:925} INFO - DAG(s) 'example_skip_dag' retrieved from /home/airflow/.local/lib/python3.12/site-packages/airflow/example_dags/example_skip_dag.py
[2026-01-08T01:57:02.796+0000] {logging_mixin.py:190} INFO - [2026-01-08T01:57:02.796+0000] {dag.py:3211} INFO - Sync 1 DAGs
[2026-01-08T01:57:02.812+0000] {logging_mixin.py:190} INFO - [2026-01-08T01:57:02.812+0000] {dag.py:4138} INFO - Setting next_dagrun for example_skip_dag to 2026-01-07 00:00:00+00:00, run_after=2026-01-08 00:00:00+00:00
[2026-01-08T01:57:02.828+0000] {processor.py:208} INFO - Processing /home/airflow/.local/lib/python3.12/site-packages/airflow/example_dags/example_skip_dag.py took 0.063 seconds
[2026-01-08T01:57:33.271+0000] {processor.py:186} INFO - Started process (PID=1218) to work on /home/airflow/.local/lib/python3.12/site-packages/airflow/example_dags/example_skip_dag.py
[2026-01-08T01:57:33.273+0000] {processor.py:914} INFO - Processing file /home/airflow/.local/lib/python3.12/site-packages/airflow/example_dags/example_skip_dag.py for tasks to queue
[2026-01-08T01:57:33.275+0000] {logging_mixin.py:190} INFO - [2026-01-08T01:57:33.275+0000] {dagbag.py:587} INFO - Filling up the DagBag from /home/airflow/.local/lib/python3.12/site-packages/airflow/example_dags/example_skip_dag.py
[2026-01-08T01:57:33.281+0000] {processor.py:925} INFO - DAG(s) 'example_skip_dag' retrieved from /home/airflow/.local/lib/python3.12/site-packages/airflow/example_dags/example_skip_dag.py
[2026-01-08T01:57:33.298+0000] {logging_mixin.py:190} INFO - [2026-01-08T01:57:33.298+0000] {dag.py:3211} INFO - Sync 1 DAGs
[2026-01-08T01:57:33.315+0000] {logging_mixin.py:190} INFO - [2026-01-08T01:57:33.314+0000] {dag.py:4138} INFO - Setting next_dagrun for example_skip_dag to 2026-01-07 00:00:00+00:00, run_after=2026-01-08 00:00:00+00:00
[2026-01-08T01:57:33.331+0000] {processor.py:208} INFO - Processing /home/airflow/.local/lib/python3.12/site-packages/airflow/example_dags/example_skip_dag.py took 0.064 seconds
[2026-01-08T01:58:03.883+0000] {processor.py:186} INFO - Started process (PID=1280) to work on /home/airflow/.local/lib/python3.12/site-packages/airflow/example_dags/example_skip_dag.py
[2026-01-08T01:58:03.885+0000] {processor.py:914} INFO - Processing file /home/airflow/.local/lib/python3.12/site-packages/airflow/example_dags/example_skip_dag.py for tasks to queue
[2026-01-08T01:58:03.888+0000] {logging_mixin.py:190} INFO - [2026-01-08T01:58:03.888+0000] {dagbag.py:587} INFO - Filling up the DagBag from /home/airflow/.local/lib/python3.12/site-packages/airflow/example_dags/example_skip_dag.py
[2026-01-08T01:58:03.894+0000] {processor.py:925} INFO - DAG(s) 'example_skip_dag' retrieved from /home/airflow/.local/lib/python3.12/site-packages/airflow/example_dags/example_skip_dag.py
[2026-01-08T01:58:03.912+0000] {logging_mixin.py:190} INFO - [2026-01-08T01:58:03.911+0000] {dag.py:3211} INFO - Sync 1 DAGs
[2026-01-08T01:58:03.927+0000] {logging_mixin.py:190} INFO - [2026-01-08T01:58:03.927+0000] {dag.py:4138} INFO - Setting next_dagrun for example_skip_dag to 2026-01-07 00:00:00+00:00, run_after=2026-01-08 00:00:00+00:00
[2026-01-08T01:58:03.949+0000] {processor.py:208} INFO - Processing /home/airflow/.local/lib/python3.12/site-packages/airflow/example_dags/example_skip_dag.py took 0.070 seconds
[2026-01-08T01:58:34.269+0000] {processor.py:186} INFO - Started process (PID=1343) to work on /home/airflow/.local/lib/python3.12/site-packages/airflow/example_dags/example_skip_dag.py
[2026-01-08T01:58:34.270+0000] {processor.py:914} INFO - Processing file /home/airflow/.local/lib/python3.12/site-packages/airflow/example_dags/example_skip_dag.py for tasks to queue
[2026-01-08T01:58:34.272+0000] {logging_mixin.py:190} INFO - [2026-01-08T01:58:34.272+0000] {dagbag.py:587} INFO - Filling up the DagBag from /home/airflow/.local/lib/python3.12/site-packages/airflow/example_dags/example_skip_dag.py
[2026-01-08T01:58:34.279+0000] {processor.py:925} INFO - DAG(s) 'example_skip_dag' retrieved from /home/airflow/.local/lib/python3.12/site-packages/airflow/example_dags/example_skip_dag.py
[2026-01-08T01:58:34.297+0000] {logging_mixin.py:190} INFO - [2026-01-08T01:58:34.296+0000] {dag.py:3211} INFO - Sync 1 DAGs
[2026-01-08T01:58:34.313+0000] {logging_mixin.py:190} INFO - [2026-01-08T01:58:34.313+0000] {dag.py:4138} INFO - Setting next_dagrun for example_skip_dag to 2026-01-07 00:00:00+00:00, run_after=2026-01-08 00:00:00+00:00
[2026-01-08T01:58:34.328+0000] {processor.py:208} INFO - Processing /home/airflow/.local/lib/python3.12/site-packages/airflow/example_dags/example_skip_dag.py took 0.063 seconds
[2026-01-08T01:59:04.610+0000] {processor.py:186} INFO - Started process (PID=1406) to work on /home/airflow/.local/lib/python3.12/site-packages/airflow/example_dags/example_skip_dag.py
[2026-01-08T01:59:04.611+0000] {processor.py:914} INFO - Processing file /home/airflow/.local/lib/python3.12/site-packages/airflow/example_dags/example_skip_dag.py for tasks to queue
[2026-01-08T01:59:04.614+0000] {logging_mixin.py:190} INFO - [2026-01-08T01:59:04.614+0000] {dagbag.py:587} INFO - Filling up the DagBag from /home/airflow/.local/lib/python3.12/site-packages/airflow/example_dags/example_skip_dag.py
[2026-01-08T01:59:04.620+0000] {processor.py:925} INFO - DAG(s) 'example_skip_dag' retrieved from /home/airflow/.local/lib/python3.12/site-packages/airflow/example_dags/example_skip_dag.py
[2026-01-08T01:59:04.637+0000] {logging_mixin.py:190} INFO - [2026-01-08T01:59:04.637+0000] {dag.py:3211} INFO - Sync 1 DAGs
[2026-01-08T01:59:04.653+0000] {logging_mixin.py:190} INFO - [2026-01-08T01:59:04.653+0000] {dag.py:4138} INFO - Setting next_dagrun for example_skip_dag to 2026-01-07 00:00:00+00:00, run_after=2026-01-08 00:00:00+00:00
[2026-01-08T01:59:04.669+0000] {processor.py:208} INFO - Processing /home/airflow/.local/lib/python3.12/site-packages/airflow/example_dags/example_skip_dag.py took 0.063 seconds
[2026-01-08T01:59:34.857+0000] {processor.py:186} INFO - Started process (PID=1469) to work on /home/airflow/.local/lib/python3.12/site-packages/airflow/example_dags/example_skip_dag.py
[2026-01-08T01:59:34.858+0000] {processor.py:914} INFO - Processing file /home/airflow/.local/lib/python3.12/site-packages/airflow/example_dags/example_skip_dag.py for tasks to queue
[2026-01-08T01:59:34.860+0000] {logging_mixin.py:190} INFO - [2026-01-08T01:59:34.860+0000] {dagbag.py:587} INFO - Filling up the DagBag from /home/airflow/.local/lib/python3.12/site-packages/airflow/example_dags/example_skip_dag.py
[2026-01-08T01:59:34.866+0000] {processor.py:925} INFO - DAG(s) 'example_skip_dag' retrieved from /home/airflow/.local/lib/python3.12/site-packages/airflow/example_dags/example_skip_dag.py
[2026-01-08T01:59:34.883+0000] {logging_mixin.py:190} INFO - [2026-01-08T01:59:34.883+0000] {dag.py:3211} INFO - Sync 1 DAGs
[2026-01-08T01:59:34.900+0000] {logging_mixin.py:190} INFO - [2026-01-08T01:59:34.900+0000] {dag.py:4138} INFO - Setting next_dagrun for example_skip_dag to 2026-01-07 00:00:00+00:00, run_after=2026-01-08 00:00:00+00:00
[2026-01-08T01:59:34.914+0000] {processor.py:208} INFO - Processing /home/airflow/.local/lib/python3.12/site-packages/airflow/example_dags/example_skip_dag.py took 0.062 seconds
[2026-01-08T02:00:05.472+0000] {processor.py:186} INFO - Started process (PID=1532) to work on /home/airflow/.local/lib/python3.12/site-packages/airflow/example_dags/example_skip_dag.py
[2026-01-08T02:00:05.474+0000] {processor.py:914} INFO - Processing file /home/airflow/.local/lib/python3.12/site-packages/airflow/example_dags/example_skip_dag.py for tasks to queue
[2026-01-08T02:00:05.476+0000] {logging_mixin.py:190} INFO - [2026-01-08T02:00:05.476+0000] {dagbag.py:587} INFO - Filling up the DagBag from /home/airflow/.local/lib/python3.12/site-packages/airflow/example_dags/example_skip_dag.py
[2026-01-08T02:00:05.483+0000] {processor.py:925} INFO - DAG(s) 'example_skip_dag' retrieved from /home/airflow/.local/lib/python3.12/site-packages/airflow/example_dags/example_skip_dag.py
[2026-01-08T02:00:05.499+0000] {logging_mixin.py:190} INFO - [2026-01-08T02:00:05.499+0000] {dag.py:3211} INFO - Sync 1 DAGs
[2026-01-08T02:00:05.515+0000] {logging_mixin.py:190} INFO - [2026-01-08T02:00:05.515+0000] {dag.py:4138} INFO - Setting next_dagrun for example_skip_dag to 2026-01-07 00:00:00+00:00, run_after=2026-01-08 00:00:00+00:00
[2026-01-08T02:00:05.539+0000] {processor.py:208} INFO - Processing /home/airflow/.local/lib/python3.12/site-packages/airflow/example_dags/example_skip_dag.py took 0.071 seconds
[2026-01-08T02:00:36.098+0000] {processor.py:186} INFO - Started process (PID=1595) to work on /home/airflow/.local/lib/python3.12/site-packages/airflow/example_dags/example_skip_dag.py
[2026-01-08T02:00:36.100+0000] {processor.py:914} INFO - Processing file /home/airflow/.local/lib/python3.12/site-packages/airflow/example_dags/example_skip_dag.py for tasks to queue
[2026-01-08T02:00:36.102+0000] {logging_mixin.py:190} INFO - [2026-01-08T02:00:36.102+0000] {dagbag.py:587} INFO - Filling up the DagBag from /home/airflow/.local/lib/python3.12/site-packages/airflow/example_dags/example_skip_dag.py
[2026-01-08T02:00:36.109+0000] {processor.py:925} INFO - DAG(s) 'example_skip_dag' retrieved from /home/airflow/.local/lib/python3.12/site-packages/airflow/example_dags/example_skip_dag.py
[2026-01-08T02:00:36.126+0000] {logging_mixin.py:190} INFO - [2026-01-08T02:00:36.126+0000] {dag.py:3211} INFO - Sync 1 DAGs
[2026-01-08T02:00:36.143+0000] {logging_mixin.py:190} INFO - [2026-01-08T02:00:36.143+0000] {dag.py:4138} INFO - Setting next_dagrun for example_skip_dag to 2026-01-07 00:00:00+00:00, run_after=2026-01-08 00:00:00+00:00
[2026-01-08T02:00:36.169+0000] {processor.py:208} INFO - Processing /home/airflow/.local/lib/python3.12/site-packages/airflow/example_dags/example_skip_dag.py took 0.076 seconds
[2026-01-08T02:01:06.778+0000] {processor.py:186} INFO - Started process (PID=1658) to work on /home/airflow/.local/lib/python3.12/site-packages/airflow/example_dags/example_skip_dag.py
[2026-01-08T02:01:06.779+0000] {processor.py:914} INFO - Processing file /home/airflow/.local/lib/python3.12/site-packages/airflow/example_dags/example_skip_dag.py for tasks to queue
[2026-01-08T02:01:06.782+0000] {logging_mixin.py:190} INFO - [2026-01-08T02:01:06.782+0000] {dagbag.py:587} INFO - Filling up the DagBag from /home/airflow/.local/lib/python3.12/site-packages/airflow/example_dags/example_skip_dag.py
[2026-01-08T02:01:06.788+0000] {processor.py:925} INFO - DAG(s) 'example_skip_dag' retrieved from /home/airflow/.local/lib/python3.12/site-packages/airflow/example_dags/example_skip_dag.py
[2026-01-08T02:01:06.805+0000] {logging_mixin.py:190} INFO - [2026-01-08T02:01:06.805+0000] {dag.py:3211} INFO - Sync 1 DAGs
[2026-01-08T02:01:06.821+0000] {logging_mixin.py:190} INFO - [2026-01-08T02:01:06.821+0000] {dag.py:4138} INFO - Setting next_dagrun for example_skip_dag to 2026-01-07 00:00:00+00:00, run_after=2026-01-08 00:00:00+00:00
[2026-01-08T02:01:06.839+0000] {processor.py:208} INFO - Processing /home/airflow/.local/lib/python3.12/site-packages/airflow/example_dags/example_skip_dag.py took 0.065 seconds
[2026-01-08T02:01:37.672+0000] {processor.py:186} INFO - Started process (PID=1721) to work on /home/airflow/.local/lib/python3.12/site-packages/airflow/example_dags/example_skip_dag.py
[2026-01-08T02:01:37.674+0000] {processor.py:914} INFO - Processing file /home/airflow/.local/lib/python3.12/site-packages/airflow/example_dags/example_skip_dag.py for tasks to queue
[2026-01-08T02:01:37.676+0000] {logging_mixin.py:190} INFO - [2026-01-08T02:01:37.676+0000] {dagbag.py:587} INFO - Filling up the DagBag from /home/airflow/.local/lib/python3.12/site-packages/airflow/example_dags/example_skip_dag.py
[2026-01-08T02:01:37.682+0000] {processor.py:925} INFO - DAG(s) 'example_skip_dag' retrieved from /home/airflow/.local/lib/python3.12/site-packages/airflow/example_dags/example_skip_dag.py
[2026-01-08T02:01:37.700+0000] {logging_mixin.py:190} INFO - [2026-01-08T02:01:37.700+0000] {dag.py:3211} INFO - Sync 1 DAGs
[2026-01-08T02:01:37.717+0000] {logging_mixin.py:190} INFO - [2026-01-08T02:01:37.717+0000] {dag.py:4138} INFO - Setting next_dagrun for example_skip_dag to 2026-01-07 00:00:00+00:00, run_after=2026-01-08 00:00:00+00:00
[2026-01-08T02:01:37.734+0000] {processor.py:208} INFO - Processing /home/airflow/.local/lib/python3.12/site-packages/airflow/example_dags/example_skip_dag.py took 0.066 seconds
[2026-01-08T02:02:08.562+0000] {processor.py:186} INFO - Started process (PID=1784) to work on /home/airflow/.local/lib/python3.12/site-packages/airflow/example_dags/example_skip_dag.py
[2026-01-08T02:02:08.564+0000] {processor.py:914} INFO - Processing file /home/airflow/.local/lib/python3.12/site-packages/airflow/example_dags/example_skip_dag.py for tasks to queue
[2026-01-08T02:02:08.566+0000] {logging_mixin.py:190} INFO - [2026-01-08T02:02:08.566+0000] {dagbag.py:587} INFO - Filling up the DagBag from /home/airflow/.local/lib/python3.12/site-packages/airflow/example_dags/example_skip_dag.py
[2026-01-08T02:02:08.575+0000] {processor.py:925} INFO - DAG(s) 'example_skip_dag' retrieved from /home/airflow/.local/lib/python3.12/site-packages/airflow/example_dags/example_skip_dag.py
[2026-01-08T02:02:08.597+0000] {logging_mixin.py:190} INFO - [2026-01-08T02:02:08.597+0000] {dag.py:3211} INFO - Sync 1 DAGs
[2026-01-08T02:02:08.620+0000] {logging_mixin.py:190} INFO - [2026-01-08T02:02:08.619+0000] {dag.py:4138} INFO - Setting next_dagrun for example_skip_dag to 2026-01-07 00:00:00+00:00, run_after=2026-01-08 00:00:00+00:00
[2026-01-08T02:02:08.643+0000] {processor.py:208} INFO - Processing /home/airflow/.local/lib/python3.12/site-packages/airflow/example_dags/example_skip_dag.py took 0.086 seconds
[2026-01-08T02:02:39.515+0000] {processor.py:186} INFO - Started process (PID=1848) to work on /home/airflow/.local/lib/python3.12/site-packages/airflow/example_dags/example_skip_dag.py
[2026-01-08T02:02:39.516+0000] {processor.py:914} INFO - Processing file /home/airflow/.local/lib/python3.12/site-packages/airflow/example_dags/example_skip_dag.py for tasks to queue
[2026-01-08T02:02:39.518+0000] {logging_mixin.py:190} INFO - [2026-01-08T02:02:39.518+0000] {dagbag.py:587} INFO - Filling up the DagBag from /home/airflow/.local/lib/python3.12/site-packages/airflow/example_dags/example_skip_dag.py
[2026-01-08T02:02:39.524+0000] {processor.py:925} INFO - DAG(s) 'example_skip_dag' retrieved from /home/airflow/.local/lib/python3.12/site-packages/airflow/example_dags/example_skip_dag.py
[2026-01-08T02:02:39.541+0000] {logging_mixin.py:190} INFO - [2026-01-08T02:02:39.540+0000] {dag.py:3211} INFO - Sync 1 DAGs
[2026-01-08T02:02:39.558+0000] {logging_mixin.py:190} INFO - [2026-01-08T02:02:39.558+0000] {dag.py:4138} INFO - Setting next_dagrun for example_skip_dag to 2026-01-07 00:00:00+00:00, run_after=2026-01-08 00:00:00+00:00
[2026-01-08T02:02:39.583+0000] {processor.py:208} INFO - Processing /home/airflow/.local/lib/python3.12/site-packages/airflow/example_dags/example_skip_dag.py took 0.077 seconds
[2026-01-08T02:03:09.632+0000] {processor.py:186} INFO - Started process (PID=1910) to work on /home/airflow/.local/lib/python3.12/site-packages/airflow/example_dags/example_skip_dag.py
[2026-01-08T02:03:09.633+0000] {processor.py:914} INFO - Processing file /home/airflow/.local/lib/python3.12/site-packages/airflow/example_dags/example_skip_dag.py for tasks to queue
[2026-01-08T02:03:09.635+0000] {logging_mixin.py:190} INFO - [2026-01-08T02:03:09.635+0000] {dagbag.py:587} INFO - Filling up the DagBag from /home/airflow/.local/lib/python3.12/site-packages/airflow/example_dags/example_skip_dag.py
[2026-01-08T02:03:09.642+0000] {processor.py:925} INFO - DAG(s) 'example_skip_dag' retrieved from /home/airflow/.local/lib/python3.12/site-packages/airflow/example_dags/example_skip_dag.py
[2026-01-08T02:03:09.658+0000] {logging_mixin.py:190} INFO - [2026-01-08T02:03:09.658+0000] {dag.py:3211} INFO - Sync 1 DAGs
[2026-01-08T02:03:09.674+0000] {logging_mixin.py:190} INFO - [2026-01-08T02:03:09.674+0000] {dag.py:4138} INFO - Setting next_dagrun for example_skip_dag to 2026-01-07 00:00:00+00:00, run_after=2026-01-08 00:00:00+00:00
[2026-01-08T02:03:09.690+0000] {processor.py:208} INFO - Processing /home/airflow/.local/lib/python3.12/site-packages/airflow/example_dags/example_skip_dag.py took 0.063 seconds
[2026-01-08T02:03:40.155+0000] {processor.py:186} INFO - Started process (PID=1974) to work on /home/airflow/.local/lib/python3.12/site-packages/airflow/example_dags/example_skip_dag.py
[2026-01-08T02:03:40.156+0000] {processor.py:914} INFO - Processing file /home/airflow/.local/lib/python3.12/site-packages/airflow/example_dags/example_skip_dag.py for tasks to queue
[2026-01-08T02:03:40.158+0000] {logging_mixin.py:190} INFO - [2026-01-08T02:03:40.158+0000] {dagbag.py:587} INFO - Filling up the DagBag from /home/airflow/.local/lib/python3.12/site-packages/airflow/example_dags/example_skip_dag.py
[2026-01-08T02:03:40.164+0000] {processor.py:925} INFO - DAG(s) 'example_skip_dag' retrieved from /home/airflow/.local/lib/python3.12/site-packages/airflow/example_dags/example_skip_dag.py
[2026-01-08T02:03:40.182+0000] {logging_mixin.py:190} INFO - [2026-01-08T02:03:40.182+0000] {dag.py:3211} INFO - Sync 1 DAGs
[2026-01-08T02:03:40.198+0000] {logging_mixin.py:190} INFO - [2026-01-08T02:03:40.198+0000] {dag.py:4138} INFO - Setting next_dagrun for example_skip_dag to 2026-01-07 00:00:00+00:00, run_after=2026-01-08 00:00:00+00:00
[2026-01-08T02:03:40.215+0000] {processor.py:208} INFO - Processing /home/airflow/.local/lib/python3.12/site-packages/airflow/example_dags/example_skip_dag.py took 0.065 seconds
[2026-01-08T02:04:10.361+0000] {processor.py:186} INFO - Started process (PID=2037) to work on /home/airflow/.local/lib/python3.12/site-packages/airflow/example_dags/example_skip_dag.py
[2026-01-08T02:04:10.362+0000] {processor.py:914} INFO - Processing file /home/airflow/.local/lib/python3.12/site-packages/airflow/example_dags/example_skip_dag.py for tasks to queue
[2026-01-08T02:04:10.364+0000] {logging_mixin.py:190} INFO - [2026-01-08T02:04:10.364+0000] {dagbag.py:587} INFO - Filling up the DagBag from /home/airflow/.local/lib/python3.12/site-packages/airflow/example_dags/example_skip_dag.py
[2026-01-08T02:04:10.371+0000] {processor.py:925} INFO - DAG(s) 'example_skip_dag' retrieved from /home/airflow/.local/lib/python3.12/site-packages/airflow/example_dags/example_skip_dag.py
[2026-01-08T02:04:10.389+0000] {logging_mixin.py:190} INFO - [2026-01-08T02:04:10.389+0000] {dag.py:3211} INFO - Sync 1 DAGs
[2026-01-08T02:04:10.405+0000] {logging_mixin.py:190} INFO - [2026-01-08T02:04:10.405+0000] {dag.py:4138} INFO - Setting next_dagrun for example_skip_dag to 2026-01-07 00:00:00+00:00, run_after=2026-01-08 00:00:00+00:00
[2026-01-08T02:04:10.419+0000] {processor.py:208} INFO - Processing /home/airflow/.local/lib/python3.12/site-packages/airflow/example_dags/example_skip_dag.py took 0.063 seconds
[2026-01-08T02:04:41.515+0000] {processor.py:186} INFO - Started process (PID=2100) to work on /home/airflow/.local/lib/python3.12/site-packages/airflow/example_dags/example_skip_dag.py
[2026-01-08T02:04:41.516+0000] {processor.py:914} INFO - Processing file /home/airflow/.local/lib/python3.12/site-packages/airflow/example_dags/example_skip_dag.py for tasks to queue
[2026-01-08T02:04:41.518+0000] {logging_mixin.py:190} INFO - [2026-01-08T02:04:41.518+0000] {dagbag.py:587} INFO - Filling up the DagBag from /home/airflow/.local/lib/python3.12/site-packages/airflow/example_dags/example_skip_dag.py
[2026-01-08T02:04:41.525+0000] {processor.py:925} INFO - DAG(s) 'example_skip_dag' retrieved from /home/airflow/.local/lib/python3.12/site-packages/airflow/example_dags/example_skip_dag.py
[2026-01-08T02:04:41.540+0000] {logging_mixin.py:190} INFO - [2026-01-08T02:04:41.540+0000] {dag.py:3211} INFO - Sync 1 DAGs
[2026-01-08T02:04:41.558+0000] {logging_mixin.py:190} INFO - [2026-01-08T02:04:41.558+0000] {dag.py:4138} INFO - Setting next_dagrun for example_skip_dag to 2026-01-07 00:00:00+00:00, run_after=2026-01-08 00:00:00+00:00
[2026-01-08T02:04:41.573+0000] {processor.py:208} INFO - Processing /home/airflow/.local/lib/python3.12/site-packages/airflow/example_dags/example_skip_dag.py took 0.063 seconds
[2026-01-08T02:05:12.930+0000] {processor.py:186} INFO - Started process (PID=2163) to work on /home/airflow/.local/lib/python3.12/site-packages/airflow/example_dags/example_skip_dag.py
[2026-01-08T02:05:12.931+0000] {processor.py:914} INFO - Processing file /home/airflow/.local/lib/python3.12/site-packages/airflow/example_dags/example_skip_dag.py for tasks to queue
[2026-01-08T02:05:12.933+0000] {logging_mixin.py:190} INFO - [2026-01-08T02:05:12.933+0000] {dagbag.py:587} INFO - Filling up the DagBag from /home/airflow/.local/lib/python3.12/site-packages/airflow/example_dags/example_skip_dag.py
[2026-01-08T02:05:12.939+0000] {processor.py:925} INFO - DAG(s) 'example_skip_dag' retrieved from /home/airflow/.local/lib/python3.12/site-packages/airflow/example_dags/example_skip_dag.py
[2026-01-08T02:05:12.956+0000] {logging_mixin.py:190} INFO - [2026-01-08T02:05:12.956+0000] {dag.py:3211} INFO - Sync 1 DAGs
[2026-01-08T02:05:12.974+0000] {logging_mixin.py:190} INFO - [2026-01-08T02:05:12.974+0000] {dag.py:4138} INFO - Setting next_dagrun for example_skip_dag to 2026-01-07 00:00:00+00:00, run_after=2026-01-08 00:00:00+00:00
[2026-01-08T02:05:12.992+0000] {processor.py:208} INFO - Processing /home/airflow/.local/lib/python3.12/site-packages/airflow/example_dags/example_skip_dag.py took 0.066 seconds
[2026-01-08T02:05:44.481+0000] {processor.py:186} INFO - Started process (PID=2227) to work on /home/airflow/.local/lib/python3.12/site-packages/airflow/example_dags/example_skip_dag.py
[2026-01-08T02:05:44.482+0000] {processor.py:914} INFO - Processing file /home/airflow/.local/lib/python3.12/site-packages/airflow/example_dags/example_skip_dag.py for tasks to queue
[2026-01-08T02:05:44.483+0000] {logging_mixin.py:190} INFO - [2026-01-08T02:05:44.483+0000] {dagbag.py:587} INFO - Filling up the DagBag from /home/airflow/.local/lib/python3.12/site-packages/airflow/example_dags/example_skip_dag.py
[2026-01-08T02:05:44.489+0000] {processor.py:925} INFO - DAG(s) 'example_skip_dag' retrieved from /home/airflow/.local/lib/python3.12/site-packages/airflow/example_dags/example_skip_dag.py
[2026-01-08T02:05:44.507+0000] {logging_mixin.py:190} INFO - [2026-01-08T02:05:44.507+0000] {dag.py:3211} INFO - Sync 1 DAGs
[2026-01-08T02:05:44.522+0000] {logging_mixin.py:190} INFO - [2026-01-08T02:05:44.522+0000] {dag.py:4138} INFO - Setting next_dagrun for example_skip_dag to 2026-01-07 00:00:00+00:00, run_after=2026-01-08 00:00:00+00:00
[2026-01-08T02:05:44.541+0000] {processor.py:208} INFO - Processing /home/airflow/.local/lib/python3.12/site-packages/airflow/example_dags/example_skip_dag.py took 0.064 seconds
[2026-01-08T02:06:16.098+0000] {processor.py:186} INFO - Started process (PID=2290) to work on /home/airflow/.local/lib/python3.12/site-packages/airflow/example_dags/example_skip_dag.py
[2026-01-08T02:06:16.100+0000] {processor.py:914} INFO - Processing file /home/airflow/.local/lib/python3.12/site-packages/airflow/example_dags/example_skip_dag.py for tasks to queue
[2026-01-08T02:06:16.102+0000] {logging_mixin.py:190} INFO - [2026-01-08T02:06:16.101+0000] {dagbag.py:587} INFO - Filling up the DagBag from /home/airflow/.local/lib/python3.12/site-packages/airflow/example_dags/example_skip_dag.py
[2026-01-08T02:06:16.108+0000] {processor.py:925} INFO - DAG(s) 'example_skip_dag' retrieved from /home/airflow/.local/lib/python3.12/site-packages/airflow/example_dags/example_skip_dag.py
[2026-01-08T02:06:16.124+0000] {logging_mixin.py:190} INFO - [2026-01-08T02:06:16.124+0000] {dag.py:3211} INFO - Sync 1 DAGs
[2026-01-08T02:06:16.140+0000] {logging_mixin.py:190} INFO - [2026-01-08T02:06:16.140+0000] {dag.py:4138} INFO - Setting next_dagrun for example_skip_dag to 2026-01-07 00:00:00+00:00, run_after=2026-01-08 00:00:00+00:00
[2026-01-08T02:06:16.154+0000] {processor.py:208} INFO - Processing /home/airflow/.local/lib/python3.12/site-packages/airflow/example_dags/example_skip_dag.py took 0.060 seconds
[2026-01-08T02:06:46.269+0000] {processor.py:186} INFO - Started process (PID=2353) to work on /home/airflow/.local/lib/python3.12/site-packages/airflow/example_dags/example_skip_dag.py
[2026-01-08T02:06:46.270+0000] {processor.py:914} INFO - Processing file /home/airflow/.local/lib/python3.12/site-packages/airflow/example_dags/example_skip_dag.py for tasks to queue
[2026-01-08T02:06:46.272+0000] {logging_mixin.py:190} INFO - [2026-01-08T02:06:46.272+0000] {dagbag.py:587} INFO - Filling up the DagBag from /home/airflow/.local/lib/python3.12/site-packages/airflow/example_dags/example_skip_dag.py
[2026-01-08T02:06:46.281+0000] {processor.py:925} INFO - DAG(s) 'example_skip_dag' retrieved from /home/airflow/.local/lib/python3.12/site-packages/airflow/example_dags/example_skip_dag.py
[2026-01-08T02:06:46.299+0000] {logging_mixin.py:190} INFO - [2026-01-08T02:06:46.299+0000] {dag.py:3211} INFO - Sync 1 DAGs
[2026-01-08T02:06:46.317+0000] {logging_mixin.py:190} INFO - [2026-01-08T02:06:46.317+0000] {dag.py:4138} INFO - Setting next_dagrun for example_skip_dag to 2026-01-07 00:00:00+00:00, run_after=2026-01-08 00:00:00+00:00
[2026-01-08T02:06:46.335+0000] {processor.py:208} INFO - Processing /home/airflow/.local/lib/python3.12/site-packages/airflow/example_dags/example_skip_dag.py took 0.071 seconds
[2026-01-08T02:07:16.499+0000] {processor.py:186} INFO - Started process (PID=2415) to work on /home/airflow/.local/lib/python3.12/site-packages/airflow/example_dags/example_skip_dag.py
[2026-01-08T02:07:16.500+0000] {processor.py:914} INFO - Processing file /home/airflow/.local/lib/python3.12/site-packages/airflow/example_dags/example_skip_dag.py for tasks to queue
[2026-01-08T02:07:16.503+0000] {logging_mixin.py:190} INFO - [2026-01-08T02:07:16.502+0000] {dagbag.py:587} INFO - Filling up the DagBag from /home/airflow/.local/lib/python3.12/site-packages/airflow/example_dags/example_skip_dag.py
[2026-01-08T02:07:16.509+0000] {processor.py:925} INFO - DAG(s) 'example_skip_dag' retrieved from /home/airflow/.local/lib/python3.12/site-packages/airflow/example_dags/example_skip_dag.py
[2026-01-08T02:07:16.526+0000] {logging_mixin.py:190} INFO - [2026-01-08T02:07:16.526+0000] {dag.py:3211} INFO - Sync 1 DAGs
[2026-01-08T02:07:16.542+0000] {logging_mixin.py:190} INFO - [2026-01-08T02:07:16.542+0000] {dag.py:4138} INFO - Setting next_dagrun for example_skip_dag to 2026-01-07 00:00:00+00:00, run_after=2026-01-08 00:00:00+00:00
[2026-01-08T02:07:16.557+0000] {processor.py:208} INFO - Processing /home/airflow/.local/lib/python3.12/site-packages/airflow/example_dags/example_skip_dag.py took 0.062 seconds
[2026-01-08T02:07:46.889+0000] {processor.py:186} INFO - Started process (PID=2478) to work on /home/airflow/.local/lib/python3.12/site-packages/airflow/example_dags/example_skip_dag.py
[2026-01-08T02:07:46.890+0000] {processor.py:914} INFO - Processing file /home/airflow/.local/lib/python3.12/site-packages/airflow/example_dags/example_skip_dag.py for tasks to queue
[2026-01-08T02:07:46.892+0000] {logging_mixin.py:190} INFO - [2026-01-08T02:07:46.892+0000] {dagbag.py:587} INFO - Filling up the DagBag from /home/airflow/.local/lib/python3.12/site-packages/airflow/example_dags/example_skip_dag.py
[2026-01-08T02:07:46.899+0000] {processor.py:925} INFO - DAG(s) 'example_skip_dag' retrieved from /home/airflow/.local/lib/python3.12/site-packages/airflow/example_dags/example_skip_dag.py
[2026-01-08T02:07:46.914+0000] {logging_mixin.py:190} INFO - [2026-01-08T02:07:46.914+0000] {dag.py:3211} INFO - Sync 1 DAGs
[2026-01-08T02:07:46.930+0000] {logging_mixin.py:190} INFO - [2026-01-08T02:07:46.930+0000] {dag.py:4138} INFO - Setting next_dagrun for example_skip_dag to 2026-01-07 00:00:00+00:00, run_after=2026-01-08 00:00:00+00:00
[2026-01-08T02:07:46.947+0000] {processor.py:208} INFO - Processing /home/airflow/.local/lib/python3.12/site-packages/airflow/example_dags/example_skip_dag.py took 0.062 seconds
[2026-01-08T02:08:17.108+0000] {processor.py:186} INFO - Started process (PID=2541) to work on /home/airflow/.local/lib/python3.12/site-packages/airflow/example_dags/example_skip_dag.py
[2026-01-08T02:08:17.110+0000] {processor.py:914} INFO - Processing file /home/airflow/.local/lib/python3.12/site-packages/airflow/example_dags/example_skip_dag.py for tasks to queue
[2026-01-08T02:08:17.112+0000] {logging_mixin.py:190} INFO - [2026-01-08T02:08:17.112+0000] {dagbag.py:587} INFO - Filling up the DagBag from /home/airflow/.local/lib/python3.12/site-packages/airflow/example_dags/example_skip_dag.py
[2026-01-08T02:08:17.118+0000] {processor.py:925} INFO - DAG(s) 'example_skip_dag' retrieved from /home/airflow/.local/lib/python3.12/site-packages/airflow/example_dags/example_skip_dag.py
[2026-01-08T02:08:17.134+0000] {logging_mixin.py:190} INFO - [2026-01-08T02:08:17.133+0000] {dag.py:3211} INFO - Sync 1 DAGs
[2026-01-08T02:08:17.150+0000] {logging_mixin.py:190} INFO - [2026-01-08T02:08:17.150+0000] {dag.py:4138} INFO - Setting next_dagrun for example_skip_dag to 2026-01-07 00:00:00+00:00, run_after=2026-01-08 00:00:00+00:00
[2026-01-08T02:08:17.166+0000] {processor.py:208} INFO - Processing /home/airflow/.local/lib/python3.12/site-packages/airflow/example_dags/example_skip_dag.py took 0.061 seconds
[2026-01-08T02:08:48.286+0000] {processor.py:186} INFO - Started process (PID=2604) to work on /home/airflow/.local/lib/python3.12/site-packages/airflow/example_dags/example_skip_dag.py
[2026-01-08T02:08:48.287+0000] {processor.py:914} INFO - Processing file /home/airflow/.local/lib/python3.12/site-packages/airflow/example_dags/example_skip_dag.py for tasks to queue
[2026-01-08T02:08:48.289+0000] {logging_mixin.py:190} INFO - [2026-01-08T02:08:48.289+0000] {dagbag.py:587} INFO - Filling up the DagBag from /home/airflow/.local/lib/python3.12/site-packages/airflow/example_dags/example_skip_dag.py
[2026-01-08T02:08:48.295+0000] {processor.py:925} INFO - DAG(s) 'example_skip_dag' retrieved from /home/airflow/.local/lib/python3.12/site-packages/airflow/example_dags/example_skip_dag.py
[2026-01-08T02:08:48.311+0000] {logging_mixin.py:190} INFO - [2026-01-08T02:08:48.311+0000] {dag.py:3211} INFO - Sync 1 DAGs
[2026-01-08T02:08:48.326+0000] {logging_mixin.py:190} INFO - [2026-01-08T02:08:48.326+0000] {dag.py:4138} INFO - Setting next_dagrun for example_skip_dag to 2026-01-07 00:00:00+00:00, run_after=2026-01-08 00:00:00+00:00
[2026-01-08T02:08:48.342+0000] {processor.py:208} INFO - Processing /home/airflow/.local/lib/python3.12/site-packages/airflow/example_dags/example_skip_dag.py took 0.061 seconds
[2026-01-08T02:09:18.826+0000] {processor.py:186} INFO - Started process (PID=2667) to work on /home/airflow/.local/lib/python3.12/site-packages/airflow/example_dags/example_skip_dag.py
[2026-01-08T02:09:18.827+0000] {processor.py:914} INFO - Processing file /home/airflow/.local/lib/python3.12/site-packages/airflow/example_dags/example_skip_dag.py for tasks to queue
[2026-01-08T02:09:18.829+0000] {logging_mixin.py:190} INFO - [2026-01-08T02:09:18.829+0000] {dagbag.py:587} INFO - Filling up the DagBag from /home/airflow/.local/lib/python3.12/site-packages/airflow/example_dags/example_skip_dag.py
[2026-01-08T02:09:18.836+0000] {processor.py:925} INFO - DAG(s) 'example_skip_dag' retrieved from /home/airflow/.local/lib/python3.12/site-packages/airflow/example_dags/example_skip_dag.py
[2026-01-08T02:09:18.851+0000] {logging_mixin.py:190} INFO - [2026-01-08T02:09:18.851+0000] {dag.py:3211} INFO - Sync 1 DAGs
[2026-01-08T02:09:18.868+0000] {logging_mixin.py:190} INFO - [2026-01-08T02:09:18.868+0000] {dag.py:4138} INFO - Setting next_dagrun for example_skip_dag to 2026-01-07 00:00:00+00:00, run_after=2026-01-08 00:00:00+00:00
[2026-01-08T02:09:18.881+0000] {processor.py:208} INFO - Processing /home/airflow/.local/lib/python3.12/site-packages/airflow/example_dags/example_skip_dag.py took 0.060 seconds
[2026-01-08T02:09:49.121+0000] {processor.py:186} INFO - Started process (PID=2730) to work on /home/airflow/.local/lib/python3.12/site-packages/airflow/example_dags/example_skip_dag.py
[2026-01-08T02:09:49.122+0000] {processor.py:914} INFO - Processing file /home/airflow/.local/lib/python3.12/site-packages/airflow/example_dags/example_skip_dag.py for tasks to queue
[2026-01-08T02:09:49.124+0000] {logging_mixin.py:190} INFO - [2026-01-08T02:09:49.124+0000] {dagbag.py:587} INFO - Filling up the DagBag from /home/airflow/.local/lib/python3.12/site-packages/airflow/example_dags/example_skip_dag.py
[2026-01-08T02:09:49.131+0000] {processor.py:925} INFO - DAG(s) 'example_skip_dag' retrieved from /home/airflow/.local/lib/python3.12/site-packages/airflow/example_dags/example_skip_dag.py
[2026-01-08T02:09:49.148+0000] {logging_mixin.py:190} INFO - [2026-01-08T02:09:49.147+0000] {dag.py:3211} INFO - Sync 1 DAGs
[2026-01-08T02:09:49.164+0000] {logging_mixin.py:190} INFO - [2026-01-08T02:09:49.163+0000] {dag.py:4138} INFO - Setting next_dagrun for example_skip_dag to 2026-01-07 00:00:00+00:00, run_after=2026-01-08 00:00:00+00:00
[2026-01-08T02:09:49.178+0000] {processor.py:208} INFO - Processing /home/airflow/.local/lib/python3.12/site-packages/airflow/example_dags/example_skip_dag.py took 0.061 seconds
[2026-01-08T02:10:19.544+0000] {processor.py:186} INFO - Started process (PID=2793) to work on /home/airflow/.local/lib/python3.12/site-packages/airflow/example_dags/example_skip_dag.py
[2026-01-08T02:10:19.545+0000] {processor.py:914} INFO - Processing file /home/airflow/.local/lib/python3.12/site-packages/airflow/example_dags/example_skip_dag.py for tasks to queue
[2026-01-08T02:10:19.548+0000] {logging_mixin.py:190} INFO - [2026-01-08T02:10:19.547+0000] {dagbag.py:587} INFO - Filling up the DagBag from /home/airflow/.local/lib/python3.12/site-packages/airflow/example_dags/example_skip_dag.py
[2026-01-08T02:10:19.554+0000] {processor.py:925} INFO - DAG(s) 'example_skip_dag' retrieved from /home/airflow/.local/lib/python3.12/site-packages/airflow/example_dags/example_skip_dag.py
[2026-01-08T02:10:19.572+0000] {logging_mixin.py:190} INFO - [2026-01-08T02:10:19.571+0000] {dag.py:3211} INFO - Sync 1 DAGs
[2026-01-08T02:10:19.588+0000] {logging_mixin.py:190} INFO - [2026-01-08T02:10:19.588+0000] {dag.py:4138} INFO - Setting next_dagrun for example_skip_dag to 2026-01-07 00:00:00+00:00, run_after=2026-01-08 00:00:00+00:00
[2026-01-08T02:10:19.604+0000] {processor.py:208} INFO - Processing /home/airflow/.local/lib/python3.12/site-packages/airflow/example_dags/example_skip_dag.py took 0.065 seconds
[2026-01-08T02:10:50.187+0000] {processor.py:186} INFO - Started process (PID=2855) to work on /home/airflow/.local/lib/python3.12/site-packages/airflow/example_dags/example_skip_dag.py
[2026-01-08T02:10:50.188+0000] {processor.py:914} INFO - Processing file /home/airflow/.local/lib/python3.12/site-packages/airflow/example_dags/example_skip_dag.py for tasks to queue
[2026-01-08T02:10:50.190+0000] {logging_mixin.py:190} INFO - [2026-01-08T02:10:50.190+0000] {dagbag.py:587} INFO - Filling up the DagBag from /home/airflow/.local/lib/python3.12/site-packages/airflow/example_dags/example_skip_dag.py
[2026-01-08T02:10:50.197+0000] {processor.py:925} INFO - DAG(s) 'example_skip_dag' retrieved from /home/airflow/.local/lib/python3.12/site-packages/airflow/example_dags/example_skip_dag.py
[2026-01-08T02:10:50.213+0000] {logging_mixin.py:190} INFO - [2026-01-08T02:10:50.213+0000] {dag.py:3211} INFO - Sync 1 DAGs
[2026-01-08T02:10:50.230+0000] {logging_mixin.py:190} INFO - [2026-01-08T02:10:50.230+0000] {dag.py:4138} INFO - Setting next_dagrun for example_skip_dag to 2026-01-07 00:00:00+00:00, run_after=2026-01-08 00:00:00+00:00
[2026-01-08T02:10:50.248+0000] {processor.py:208} INFO - Processing /home/airflow/.local/lib/python3.12/site-packages/airflow/example_dags/example_skip_dag.py took 0.066 seconds
[2026-01-08T02:11:21.664+0000] {processor.py:186} INFO - Started process (PID=2918) to work on /home/airflow/.local/lib/python3.12/site-packages/airflow/example_dags/example_skip_dag.py
[2026-01-08T02:11:21.666+0000] {processor.py:914} INFO - Processing file /home/airflow/.local/lib/python3.12/site-packages/airflow/example_dags/example_skip_dag.py for tasks to queue
[2026-01-08T02:11:21.668+0000] {logging_mixin.py:190} INFO - [2026-01-08T02:11:21.668+0000] {dagbag.py:587} INFO - Filling up the DagBag from /home/airflow/.local/lib/python3.12/site-packages/airflow/example_dags/example_skip_dag.py
[2026-01-08T02:11:21.674+0000] {processor.py:925} INFO - DAG(s) 'example_skip_dag' retrieved from /home/airflow/.local/lib/python3.12/site-packages/airflow/example_dags/example_skip_dag.py
[2026-01-08T02:11:21.690+0000] {logging_mixin.py:190} INFO - [2026-01-08T02:11:21.690+0000] {dag.py:3211} INFO - Sync 1 DAGs
[2026-01-08T02:11:21.706+0000] {logging_mixin.py:190} INFO - [2026-01-08T02:11:21.706+0000] {dag.py:4138} INFO - Setting next_dagrun for example_skip_dag to 2026-01-07 00:00:00+00:00, run_after=2026-01-08 00:00:00+00:00
[2026-01-08T02:11:21.720+0000] {processor.py:208} INFO - Processing /home/airflow/.local/lib/python3.12/site-packages/airflow/example_dags/example_skip_dag.py took 0.060 seconds
[2026-01-08T02:11:52.423+0000] {processor.py:186} INFO - Started process (PID=2981) to work on /home/airflow/.local/lib/python3.12/site-packages/airflow/example_dags/example_skip_dag.py
[2026-01-08T02:11:52.424+0000] {processor.py:914} INFO - Processing file /home/airflow/.local/lib/python3.12/site-packages/airflow/example_dags/example_skip_dag.py for tasks to queue
[2026-01-08T02:11:52.426+0000] {logging_mixin.py:190} INFO - [2026-01-08T02:11:52.426+0000] {dagbag.py:587} INFO - Filling up the DagBag from /home/airflow/.local/lib/python3.12/site-packages/airflow/example_dags/example_skip_dag.py
[2026-01-08T02:11:52.433+0000] {processor.py:925} INFO - DAG(s) 'example_skip_dag' retrieved from /home/airflow/.local/lib/python3.12/site-packages/airflow/example_dags/example_skip_dag.py
[2026-01-08T02:11:52.448+0000] {logging_mixin.py:190} INFO - [2026-01-08T02:11:52.448+0000] {dag.py:3211} INFO - Sync 1 DAGs
[2026-01-08T02:11:52.465+0000] {logging_mixin.py:190} INFO - [2026-01-08T02:11:52.465+0000] {dag.py:4138} INFO - Setting next_dagrun for example_skip_dag to 2026-01-07 00:00:00+00:00, run_after=2026-01-08 00:00:00+00:00
[2026-01-08T02:11:52.598+0000] {processor.py:208} INFO - Processing /home/airflow/.local/lib/python3.12/site-packages/airflow/example_dags/example_skip_dag.py took 0.180 seconds
[2026-01-08T02:12:22.887+0000] {processor.py:186} INFO - Started process (PID=3045) to work on /home/airflow/.local/lib/python3.12/site-packages/airflow/example_dags/example_skip_dag.py
[2026-01-08T02:12:22.888+0000] {processor.py:914} INFO - Processing file /home/airflow/.local/lib/python3.12/site-packages/airflow/example_dags/example_skip_dag.py for tasks to queue
[2026-01-08T02:12:22.890+0000] {logging_mixin.py:190} INFO - [2026-01-08T02:12:22.890+0000] {dagbag.py:587} INFO - Filling up the DagBag from /home/airflow/.local/lib/python3.12/site-packages/airflow/example_dags/example_skip_dag.py
[2026-01-08T02:12:22.897+0000] {processor.py:925} INFO - DAG(s) 'example_skip_dag' retrieved from /home/airflow/.local/lib/python3.12/site-packages/airflow/example_dags/example_skip_dag.py
[2026-01-08T02:12:22.913+0000] {logging_mixin.py:190} INFO - [2026-01-08T02:12:22.913+0000] {dag.py:3211} INFO - Sync 1 DAGs
[2026-01-08T02:12:22.930+0000] {logging_mixin.py:190} INFO - [2026-01-08T02:12:22.930+0000] {dag.py:4138} INFO - Setting next_dagrun for example_skip_dag to 2026-01-07 00:00:00+00:00, run_after=2026-01-08 00:00:00+00:00
[2026-01-08T02:12:22.945+0000] {processor.py:208} INFO - Processing /home/airflow/.local/lib/python3.12/site-packages/airflow/example_dags/example_skip_dag.py took 0.063 seconds
[2026-01-08T02:12:53.602+0000] {processor.py:186} INFO - Started process (PID=3108) to work on /home/airflow/.local/lib/python3.12/site-packages/airflow/example_dags/example_skip_dag.py
[2026-01-08T02:12:53.604+0000] {processor.py:914} INFO - Processing file /home/airflow/.local/lib/python3.12/site-packages/airflow/example_dags/example_skip_dag.py for tasks to queue
[2026-01-08T02:12:53.606+0000] {logging_mixin.py:190} INFO - [2026-01-08T02:12:53.606+0000] {dagbag.py:587} INFO - Filling up the DagBag from /home/airflow/.local/lib/python3.12/site-packages/airflow/example_dags/example_skip_dag.py
[2026-01-08T02:12:53.612+0000] {processor.py:925} INFO - DAG(s) 'example_skip_dag' retrieved from /home/airflow/.local/lib/python3.12/site-packages/airflow/example_dags/example_skip_dag.py
[2026-01-08T02:12:53.630+0000] {logging_mixin.py:190} INFO - [2026-01-08T02:12:53.629+0000] {dag.py:3211} INFO - Sync 1 DAGs
[2026-01-08T02:12:53.646+0000] {logging_mixin.py:190} INFO - [2026-01-08T02:12:53.646+0000] {dag.py:4138} INFO - Setting next_dagrun for example_skip_dag to 2026-01-07 00:00:00+00:00, run_after=2026-01-08 00:00:00+00:00
[2026-01-08T02:12:53.661+0000] {processor.py:208} INFO - Processing /home/airflow/.local/lib/python3.12/site-packages/airflow/example_dags/example_skip_dag.py took 0.064 seconds
[2026-01-08T02:13:24.646+0000] {processor.py:186} INFO - Started process (PID=3171) to work on /home/airflow/.local/lib/python3.12/site-packages/airflow/example_dags/example_skip_dag.py
[2026-01-08T02:13:24.647+0000] {processor.py:914} INFO - Processing file /home/airflow/.local/lib/python3.12/site-packages/airflow/example_dags/example_skip_dag.py for tasks to queue
[2026-01-08T02:13:24.649+0000] {logging_mixin.py:190} INFO - [2026-01-08T02:13:24.649+0000] {dagbag.py:587} INFO - Filling up the DagBag from /home/airflow/.local/lib/python3.12/site-packages/airflow/example_dags/example_skip_dag.py
[2026-01-08T02:13:24.655+0000] {processor.py:925} INFO - DAG(s) 'example_skip_dag' retrieved from /home/airflow/.local/lib/python3.12/site-packages/airflow/example_dags/example_skip_dag.py
[2026-01-08T02:13:24.671+0000] {logging_mixin.py:190} INFO - [2026-01-08T02:13:24.671+0000] {dag.py:3211} INFO - Sync 1 DAGs
[2026-01-08T02:13:24.688+0000] {logging_mixin.py:190} INFO - [2026-01-08T02:13:24.688+0000] {dag.py:4138} INFO - Setting next_dagrun for example_skip_dag to 2026-01-07 00:00:00+00:00, run_after=2026-01-08 00:00:00+00:00
[2026-01-08T02:13:24.702+0000] {processor.py:208} INFO - Processing /home/airflow/.local/lib/python3.12/site-packages/airflow/example_dags/example_skip_dag.py took 0.061 seconds
[2026-01-08T02:13:56.532+0000] {processor.py:186} INFO - Started process (PID=3234) to work on /home/airflow/.local/lib/python3.12/site-packages/airflow/example_dags/example_skip_dag.py
[2026-01-08T02:13:56.533+0000] {processor.py:914} INFO - Processing file /home/airflow/.local/lib/python3.12/site-packages/airflow/example_dags/example_skip_dag.py for tasks to queue
[2026-01-08T02:13:56.535+0000] {logging_mixin.py:190} INFO - [2026-01-08T02:13:56.535+0000] {dagbag.py:587} INFO - Filling up the DagBag from /home/airflow/.local/lib/python3.12/site-packages/airflow/example_dags/example_skip_dag.py
[2026-01-08T02:13:56.542+0000] {processor.py:925} INFO - DAG(s) 'example_skip_dag' retrieved from /home/airflow/.local/lib/python3.12/site-packages/airflow/example_dags/example_skip_dag.py
[2026-01-08T02:13:56.558+0000] {logging_mixin.py:190} INFO - [2026-01-08T02:13:56.558+0000] {dag.py:3211} INFO - Sync 1 DAGs
[2026-01-08T02:13:56.692+0000] {logging_mixin.py:190} INFO - [2026-01-08T02:13:56.692+0000] {dag.py:4138} INFO - Setting next_dagrun for example_skip_dag to 2026-01-07 00:00:00+00:00, run_after=2026-01-08 00:00:00+00:00
[2026-01-08T02:13:56.706+0000] {processor.py:208} INFO - Processing /home/airflow/.local/lib/python3.12/site-packages/airflow/example_dags/example_skip_dag.py took 0.179 seconds
