[2026-01-08T01:48:20.397+0000] {processor.py:186} INFO - Started process (PID=70) to work on /home/airflow/.local/lib/python3.12/site-packages/airflow/example_dags/example_branch_labels.py
[2026-01-08T01:48:20.399+0000] {processor.py:914} INFO - Processing file /home/airflow/.local/lib/python3.12/site-packages/airflow/example_dags/example_branch_labels.py for tasks to queue
[2026-01-08T01:48:20.401+0000] {logging_mixin.py:190} INFO - [2026-01-08T01:48:20.401+0000] {dagbag.py:587} INFO - Filling up the DagBag from /home/airflow/.local/lib/python3.12/site-packages/airflow/example_dags/example_branch_labels.py
[2026-01-08T01:48:20.411+0000] {processor.py:925} INFO - DAG(s) 'example_branch_labels' retrieved from /home/airflow/.local/lib/python3.12/site-packages/airflow/example_dags/example_branch_labels.py
[2026-01-08T01:48:20.489+0000] {logging_mixin.py:190} INFO - [2026-01-08T01:48:20.489+0000] {override.py:1858} INFO - Created Permission View: can edit on DAG:example_branch_labels
[2026-01-08T01:48:20.498+0000] {logging_mixin.py:190} INFO - [2026-01-08T01:48:20.498+0000] {override.py:1858} INFO - Created Permission View: can read on DAG:example_branch_labels
[2026-01-08T01:48:20.504+0000] {logging_mixin.py:190} INFO - [2026-01-08T01:48:20.504+0000] {override.py:1858} INFO - Created Permission View: can delete on DAG:example_branch_labels
[2026-01-08T01:48:20.505+0000] {logging_mixin.py:190} INFO - [2026-01-08T01:48:20.505+0000] {dag.py:3211} INFO - Sync 1 DAGs
[2026-01-08T01:48:20.514+0000] {logging_mixin.py:190} INFO - [2026-01-08T01:48:20.514+0000] {dag.py:3234} INFO - Creating ORM DAG for example_branch_labels
[2026-01-08T01:48:20.523+0000] {logging_mixin.py:190} INFO - [2026-01-08T01:48:20.523+0000] {dag.py:4138} INFO - Setting next_dagrun for example_branch_labels to 2026-01-07 00:00:00+00:00, run_after=2026-01-08 00:00:00+00:00
[2026-01-08T01:48:20.535+0000] {processor.py:208} INFO - Processing /home/airflow/.local/lib/python3.12/site-packages/airflow/example_dags/example_branch_labels.py took 0.143 seconds
[2026-01-08T01:48:51.106+0000] {processor.py:186} INFO - Started process (PID=132) to work on /home/airflow/.local/lib/python3.12/site-packages/airflow/example_dags/example_branch_labels.py
[2026-01-08T01:48:51.107+0000] {processor.py:914} INFO - Processing file /home/airflow/.local/lib/python3.12/site-packages/airflow/example_dags/example_branch_labels.py for tasks to queue
[2026-01-08T01:48:51.109+0000] {logging_mixin.py:190} INFO - [2026-01-08T01:48:51.109+0000] {dagbag.py:587} INFO - Filling up the DagBag from /home/airflow/.local/lib/python3.12/site-packages/airflow/example_dags/example_branch_labels.py
[2026-01-08T01:48:51.117+0000] {processor.py:925} INFO - DAG(s) 'example_branch_labels' retrieved from /home/airflow/.local/lib/python3.12/site-packages/airflow/example_dags/example_branch_labels.py
[2026-01-08T01:48:51.132+0000] {logging_mixin.py:190} INFO - [2026-01-08T01:48:51.132+0000] {dag.py:3211} INFO - Sync 1 DAGs
[2026-01-08T01:48:51.149+0000] {logging_mixin.py:190} INFO - [2026-01-08T01:48:51.148+0000] {dag.py:4138} INFO - Setting next_dagrun for example_branch_labels to 2026-01-07 00:00:00+00:00, run_after=2026-01-08 00:00:00+00:00
[2026-01-08T01:48:51.163+0000] {processor.py:208} INFO - Processing /home/airflow/.local/lib/python3.12/site-packages/airflow/example_dags/example_branch_labels.py took 0.062 seconds
[2026-01-08T01:49:21.566+0000] {processor.py:186} INFO - Started process (PID=194) to work on /home/airflow/.local/lib/python3.12/site-packages/airflow/example_dags/example_branch_labels.py
[2026-01-08T01:49:21.568+0000] {processor.py:914} INFO - Processing file /home/airflow/.local/lib/python3.12/site-packages/airflow/example_dags/example_branch_labels.py for tasks to queue
[2026-01-08T01:49:21.570+0000] {logging_mixin.py:190} INFO - [2026-01-08T01:49:21.570+0000] {dagbag.py:587} INFO - Filling up the DagBag from /home/airflow/.local/lib/python3.12/site-packages/airflow/example_dags/example_branch_labels.py
[2026-01-08T01:49:21.577+0000] {processor.py:925} INFO - DAG(s) 'example_branch_labels' retrieved from /home/airflow/.local/lib/python3.12/site-packages/airflow/example_dags/example_branch_labels.py
[2026-01-08T01:49:21.594+0000] {logging_mixin.py:190} INFO - [2026-01-08T01:49:21.594+0000] {dag.py:3211} INFO - Sync 1 DAGs
[2026-01-08T01:49:21.610+0000] {logging_mixin.py:190} INFO - [2026-01-08T01:49:21.610+0000] {dag.py:4138} INFO - Setting next_dagrun for example_branch_labels to 2026-01-07 00:00:00+00:00, run_after=2026-01-08 00:00:00+00:00
[2026-01-08T01:49:21.626+0000] {processor.py:208} INFO - Processing /home/airflow/.local/lib/python3.12/site-packages/airflow/example_dags/example_branch_labels.py took 0.063 seconds
[2026-01-08T01:49:52.049+0000] {processor.py:186} INFO - Started process (PID=256) to work on /home/airflow/.local/lib/python3.12/site-packages/airflow/example_dags/example_branch_labels.py
[2026-01-08T01:49:52.050+0000] {processor.py:914} INFO - Processing file /home/airflow/.local/lib/python3.12/site-packages/airflow/example_dags/example_branch_labels.py for tasks to queue
[2026-01-08T01:49:52.052+0000] {logging_mixin.py:190} INFO - [2026-01-08T01:49:52.052+0000] {dagbag.py:587} INFO - Filling up the DagBag from /home/airflow/.local/lib/python3.12/site-packages/airflow/example_dags/example_branch_labels.py
[2026-01-08T01:49:52.059+0000] {processor.py:925} INFO - DAG(s) 'example_branch_labels' retrieved from /home/airflow/.local/lib/python3.12/site-packages/airflow/example_dags/example_branch_labels.py
[2026-01-08T01:49:52.075+0000] {logging_mixin.py:190} INFO - [2026-01-08T01:49:52.075+0000] {dag.py:3211} INFO - Sync 1 DAGs
[2026-01-08T01:49:52.091+0000] {logging_mixin.py:190} INFO - [2026-01-08T01:49:52.091+0000] {dag.py:4138} INFO - Setting next_dagrun for example_branch_labels to 2026-01-07 00:00:00+00:00, run_after=2026-01-08 00:00:00+00:00
[2026-01-08T01:49:52.104+0000] {processor.py:208} INFO - Processing /home/airflow/.local/lib/python3.12/site-packages/airflow/example_dags/example_branch_labels.py took 0.060 seconds
[2026-01-08T01:50:22.552+0000] {processor.py:186} INFO - Started process (PID=318) to work on /home/airflow/.local/lib/python3.12/site-packages/airflow/example_dags/example_branch_labels.py
[2026-01-08T01:50:22.554+0000] {processor.py:914} INFO - Processing file /home/airflow/.local/lib/python3.12/site-packages/airflow/example_dags/example_branch_labels.py for tasks to queue
[2026-01-08T01:50:22.556+0000] {logging_mixin.py:190} INFO - [2026-01-08T01:50:22.555+0000] {dagbag.py:587} INFO - Filling up the DagBag from /home/airflow/.local/lib/python3.12/site-packages/airflow/example_dags/example_branch_labels.py
[2026-01-08T01:50:22.563+0000] {processor.py:925} INFO - DAG(s) 'example_branch_labels' retrieved from /home/airflow/.local/lib/python3.12/site-packages/airflow/example_dags/example_branch_labels.py
[2026-01-08T01:50:22.582+0000] {logging_mixin.py:190} INFO - [2026-01-08T01:50:22.582+0000] {dag.py:3211} INFO - Sync 1 DAGs
[2026-01-08T01:50:22.601+0000] {logging_mixin.py:190} INFO - [2026-01-08T01:50:22.600+0000] {dag.py:4138} INFO - Setting next_dagrun for example_branch_labels to 2026-01-07 00:00:00+00:00, run_after=2026-01-08 00:00:00+00:00
[2026-01-08T01:50:22.615+0000] {processor.py:208} INFO - Processing /home/airflow/.local/lib/python3.12/site-packages/airflow/example_dags/example_branch_labels.py took 0.068 seconds
[2026-01-08T01:50:52.950+0000] {processor.py:186} INFO - Started process (PID=380) to work on /home/airflow/.local/lib/python3.12/site-packages/airflow/example_dags/example_branch_labels.py
[2026-01-08T01:50:52.952+0000] {processor.py:914} INFO - Processing file /home/airflow/.local/lib/python3.12/site-packages/airflow/example_dags/example_branch_labels.py for tasks to queue
[2026-01-08T01:50:52.954+0000] {logging_mixin.py:190} INFO - [2026-01-08T01:50:52.954+0000] {dagbag.py:587} INFO - Filling up the DagBag from /home/airflow/.local/lib/python3.12/site-packages/airflow/example_dags/example_branch_labels.py
[2026-01-08T01:50:52.962+0000] {processor.py:925} INFO - DAG(s) 'example_branch_labels' retrieved from /home/airflow/.local/lib/python3.12/site-packages/airflow/example_dags/example_branch_labels.py
[2026-01-08T01:50:52.977+0000] {logging_mixin.py:190} INFO - [2026-01-08T01:50:52.976+0000] {dag.py:3211} INFO - Sync 1 DAGs
[2026-01-08T01:50:52.992+0000] {logging_mixin.py:190} INFO - [2026-01-08T01:50:52.992+0000] {dag.py:4138} INFO - Setting next_dagrun for example_branch_labels to 2026-01-07 00:00:00+00:00, run_after=2026-01-08 00:00:00+00:00
[2026-01-08T01:50:53.005+0000] {processor.py:208} INFO - Processing /home/airflow/.local/lib/python3.12/site-packages/airflow/example_dags/example_branch_labels.py took 0.059 seconds
[2026-01-08T01:51:23.507+0000] {processor.py:186} INFO - Started process (PID=442) to work on /home/airflow/.local/lib/python3.12/site-packages/airflow/example_dags/example_branch_labels.py
[2026-01-08T01:51:23.509+0000] {processor.py:914} INFO - Processing file /home/airflow/.local/lib/python3.12/site-packages/airflow/example_dags/example_branch_labels.py for tasks to queue
[2026-01-08T01:51:23.512+0000] {logging_mixin.py:190} INFO - [2026-01-08T01:51:23.512+0000] {dagbag.py:587} INFO - Filling up the DagBag from /home/airflow/.local/lib/python3.12/site-packages/airflow/example_dags/example_branch_labels.py
[2026-01-08T01:51:23.521+0000] {processor.py:925} INFO - DAG(s) 'example_branch_labels' retrieved from /home/airflow/.local/lib/python3.12/site-packages/airflow/example_dags/example_branch_labels.py
[2026-01-08T01:51:23.540+0000] {logging_mixin.py:190} INFO - [2026-01-08T01:51:23.540+0000] {dag.py:3211} INFO - Sync 1 DAGs
[2026-01-08T01:51:23.559+0000] {logging_mixin.py:190} INFO - [2026-01-08T01:51:23.558+0000] {dag.py:4138} INFO - Setting next_dagrun for example_branch_labels to 2026-01-07 00:00:00+00:00, run_after=2026-01-08 00:00:00+00:00
[2026-01-08T01:51:23.574+0000] {processor.py:208} INFO - Processing /home/airflow/.local/lib/python3.12/site-packages/airflow/example_dags/example_branch_labels.py took 0.072 seconds
[2026-01-08T01:51:54.129+0000] {processor.py:186} INFO - Started process (PID=504) to work on /home/airflow/.local/lib/python3.12/site-packages/airflow/example_dags/example_branch_labels.py
[2026-01-08T01:51:54.130+0000] {processor.py:914} INFO - Processing file /home/airflow/.local/lib/python3.12/site-packages/airflow/example_dags/example_branch_labels.py for tasks to queue
[2026-01-08T01:51:54.133+0000] {logging_mixin.py:190} INFO - [2026-01-08T01:51:54.132+0000] {dagbag.py:587} INFO - Filling up the DagBag from /home/airflow/.local/lib/python3.12/site-packages/airflow/example_dags/example_branch_labels.py
[2026-01-08T01:51:54.140+0000] {processor.py:925} INFO - DAG(s) 'example_branch_labels' retrieved from /home/airflow/.local/lib/python3.12/site-packages/airflow/example_dags/example_branch_labels.py
[2026-01-08T01:51:54.157+0000] {logging_mixin.py:190} INFO - [2026-01-08T01:51:54.156+0000] {dag.py:3211} INFO - Sync 1 DAGs
[2026-01-08T01:51:54.176+0000] {logging_mixin.py:190} INFO - [2026-01-08T01:51:54.176+0000] {dag.py:4138} INFO - Setting next_dagrun for example_branch_labels to 2026-01-07 00:00:00+00:00, run_after=2026-01-08 00:00:00+00:00
[2026-01-08T01:51:54.194+0000] {processor.py:208} INFO - Processing /home/airflow/.local/lib/python3.12/site-packages/airflow/example_dags/example_branch_labels.py took 0.069 seconds
[2026-01-08T01:52:24.690+0000] {processor.py:186} INFO - Started process (PID=573) to work on /home/airflow/.local/lib/python3.12/site-packages/airflow/example_dags/example_branch_labels.py
[2026-01-08T01:52:24.691+0000] {processor.py:914} INFO - Processing file /home/airflow/.local/lib/python3.12/site-packages/airflow/example_dags/example_branch_labels.py for tasks to queue
[2026-01-08T01:52:24.693+0000] {logging_mixin.py:190} INFO - [2026-01-08T01:52:24.693+0000] {dagbag.py:587} INFO - Filling up the DagBag from /home/airflow/.local/lib/python3.12/site-packages/airflow/example_dags/example_branch_labels.py
[2026-01-08T01:52:24.701+0000] {processor.py:925} INFO - DAG(s) 'example_branch_labels' retrieved from /home/airflow/.local/lib/python3.12/site-packages/airflow/example_dags/example_branch_labels.py
[2026-01-08T01:52:24.719+0000] {logging_mixin.py:190} INFO - [2026-01-08T01:52:24.719+0000] {dag.py:3211} INFO - Sync 1 DAGs
[2026-01-08T01:52:24.737+0000] {logging_mixin.py:190} INFO - [2026-01-08T01:52:24.737+0000] {dag.py:4138} INFO - Setting next_dagrun for example_branch_labels to 2026-01-07 00:00:00+00:00, run_after=2026-01-08 00:00:00+00:00
[2026-01-08T01:52:24.750+0000] {processor.py:208} INFO - Processing /home/airflow/.local/lib/python3.12/site-packages/airflow/example_dags/example_branch_labels.py took 0.064 seconds
[2026-01-08T01:52:55.877+0000] {processor.py:186} INFO - Started process (PID=635) to work on /home/airflow/.local/lib/python3.12/site-packages/airflow/example_dags/example_branch_labels.py
[2026-01-08T01:52:55.878+0000] {processor.py:914} INFO - Processing file /home/airflow/.local/lib/python3.12/site-packages/airflow/example_dags/example_branch_labels.py for tasks to queue
[2026-01-08T01:52:55.881+0000] {logging_mixin.py:190} INFO - [2026-01-08T01:52:55.881+0000] {dagbag.py:587} INFO - Filling up the DagBag from /home/airflow/.local/lib/python3.12/site-packages/airflow/example_dags/example_branch_labels.py
[2026-01-08T01:52:55.888+0000] {processor.py:925} INFO - DAG(s) 'example_branch_labels' retrieved from /home/airflow/.local/lib/python3.12/site-packages/airflow/example_dags/example_branch_labels.py
[2026-01-08T01:52:55.905+0000] {logging_mixin.py:190} INFO - [2026-01-08T01:52:55.905+0000] {dag.py:3211} INFO - Sync 1 DAGs
[2026-01-08T01:52:55.921+0000] {logging_mixin.py:190} INFO - [2026-01-08T01:52:55.921+0000] {dag.py:4138} INFO - Setting next_dagrun for example_branch_labels to 2026-01-07 00:00:00+00:00, run_after=2026-01-08 00:00:00+00:00
[2026-01-08T01:52:55.934+0000] {processor.py:208} INFO - Processing /home/airflow/.local/lib/python3.12/site-packages/airflow/example_dags/example_branch_labels.py took 0.061 seconds
[2026-01-08T01:53:26.444+0000] {processor.py:186} INFO - Started process (PID=697) to work on /home/airflow/.local/lib/python3.12/site-packages/airflow/example_dags/example_branch_labels.py
[2026-01-08T01:53:26.445+0000] {processor.py:914} INFO - Processing file /home/airflow/.local/lib/python3.12/site-packages/airflow/example_dags/example_branch_labels.py for tasks to queue
[2026-01-08T01:53:26.447+0000] {logging_mixin.py:190} INFO - [2026-01-08T01:53:26.447+0000] {dagbag.py:587} INFO - Filling up the DagBag from /home/airflow/.local/lib/python3.12/site-packages/airflow/example_dags/example_branch_labels.py
[2026-01-08T01:53:26.455+0000] {processor.py:925} INFO - DAG(s) 'example_branch_labels' retrieved from /home/airflow/.local/lib/python3.12/site-packages/airflow/example_dags/example_branch_labels.py
[2026-01-08T01:53:26.472+0000] {logging_mixin.py:190} INFO - [2026-01-08T01:53:26.472+0000] {dag.py:3211} INFO - Sync 1 DAGs
[2026-01-08T01:53:26.488+0000] {logging_mixin.py:190} INFO - [2026-01-08T01:53:26.488+0000] {dag.py:4138} INFO - Setting next_dagrun for example_branch_labels to 2026-01-07 00:00:00+00:00, run_after=2026-01-08 00:00:00+00:00
[2026-01-08T01:53:26.503+0000] {processor.py:208} INFO - Processing /home/airflow/.local/lib/python3.12/site-packages/airflow/example_dags/example_branch_labels.py took 0.063 seconds
[2026-01-08T01:53:56.992+0000] {processor.py:186} INFO - Started process (PID=759) to work on /home/airflow/.local/lib/python3.12/site-packages/airflow/example_dags/example_branch_labels.py
[2026-01-08T01:53:56.993+0000] {processor.py:914} INFO - Processing file /home/airflow/.local/lib/python3.12/site-packages/airflow/example_dags/example_branch_labels.py for tasks to queue
[2026-01-08T01:53:56.996+0000] {logging_mixin.py:190} INFO - [2026-01-08T01:53:56.995+0000] {dagbag.py:587} INFO - Filling up the DagBag from /home/airflow/.local/lib/python3.12/site-packages/airflow/example_dags/example_branch_labels.py
[2026-01-08T01:53:57.003+0000] {processor.py:925} INFO - DAG(s) 'example_branch_labels' retrieved from /home/airflow/.local/lib/python3.12/site-packages/airflow/example_dags/example_branch_labels.py
[2026-01-08T01:53:57.018+0000] {logging_mixin.py:190} INFO - [2026-01-08T01:53:57.017+0000] {dag.py:3211} INFO - Sync 1 DAGs
[2026-01-08T01:53:57.034+0000] {logging_mixin.py:190} INFO - [2026-01-08T01:53:57.034+0000] {dag.py:4138} INFO - Setting next_dagrun for example_branch_labels to 2026-01-07 00:00:00+00:00, run_after=2026-01-08 00:00:00+00:00
[2026-01-08T01:53:57.049+0000] {processor.py:208} INFO - Processing /home/airflow/.local/lib/python3.12/site-packages/airflow/example_dags/example_branch_labels.py took 0.061 seconds
[2026-01-08T01:54:27.311+0000] {processor.py:186} INFO - Started process (PID=821) to work on /home/airflow/.local/lib/python3.12/site-packages/airflow/example_dags/example_branch_labels.py
[2026-01-08T01:54:27.313+0000] {processor.py:914} INFO - Processing file /home/airflow/.local/lib/python3.12/site-packages/airflow/example_dags/example_branch_labels.py for tasks to queue
[2026-01-08T01:54:27.315+0000] {logging_mixin.py:190} INFO - [2026-01-08T01:54:27.315+0000] {dagbag.py:587} INFO - Filling up the DagBag from /home/airflow/.local/lib/python3.12/site-packages/airflow/example_dags/example_branch_labels.py
[2026-01-08T01:54:27.323+0000] {processor.py:925} INFO - DAG(s) 'example_branch_labels' retrieved from /home/airflow/.local/lib/python3.12/site-packages/airflow/example_dags/example_branch_labels.py
[2026-01-08T01:54:27.340+0000] {logging_mixin.py:190} INFO - [2026-01-08T01:54:27.340+0000] {dag.py:3211} INFO - Sync 1 DAGs
[2026-01-08T01:54:27.359+0000] {logging_mixin.py:190} INFO - [2026-01-08T01:54:27.359+0000] {dag.py:4138} INFO - Setting next_dagrun for example_branch_labels to 2026-01-07 00:00:00+00:00, run_after=2026-01-08 00:00:00+00:00
[2026-01-08T01:54:27.375+0000] {processor.py:208} INFO - Processing /home/airflow/.local/lib/python3.12/site-packages/airflow/example_dags/example_branch_labels.py took 0.068 seconds
[2026-01-08T01:54:58.111+0000] {processor.py:186} INFO - Started process (PID=883) to work on /home/airflow/.local/lib/python3.12/site-packages/airflow/example_dags/example_branch_labels.py
[2026-01-08T01:54:58.113+0000] {processor.py:914} INFO - Processing file /home/airflow/.local/lib/python3.12/site-packages/airflow/example_dags/example_branch_labels.py for tasks to queue
[2026-01-08T01:54:58.115+0000] {logging_mixin.py:190} INFO - [2026-01-08T01:54:58.115+0000] {dagbag.py:587} INFO - Filling up the DagBag from /home/airflow/.local/lib/python3.12/site-packages/airflow/example_dags/example_branch_labels.py
[2026-01-08T01:54:58.123+0000] {processor.py:925} INFO - DAG(s) 'example_branch_labels' retrieved from /home/airflow/.local/lib/python3.12/site-packages/airflow/example_dags/example_branch_labels.py
[2026-01-08T01:54:58.140+0000] {logging_mixin.py:190} INFO - [2026-01-08T01:54:58.140+0000] {dag.py:3211} INFO - Sync 1 DAGs
[2026-01-08T01:54:58.157+0000] {logging_mixin.py:190} INFO - [2026-01-08T01:54:58.157+0000] {dag.py:4138} INFO - Setting next_dagrun for example_branch_labels to 2026-01-07 00:00:00+00:00, run_after=2026-01-08 00:00:00+00:00
[2026-01-08T01:54:58.170+0000] {processor.py:208} INFO - Processing /home/airflow/.local/lib/python3.12/site-packages/airflow/example_dags/example_branch_labels.py took 0.063 seconds
[2026-01-08T01:55:28.402+0000] {processor.py:186} INFO - Started process (PID=945) to work on /home/airflow/.local/lib/python3.12/site-packages/airflow/example_dags/example_branch_labels.py
[2026-01-08T01:55:28.404+0000] {processor.py:914} INFO - Processing file /home/airflow/.local/lib/python3.12/site-packages/airflow/example_dags/example_branch_labels.py for tasks to queue
[2026-01-08T01:55:28.406+0000] {logging_mixin.py:190} INFO - [2026-01-08T01:55:28.406+0000] {dagbag.py:587} INFO - Filling up the DagBag from /home/airflow/.local/lib/python3.12/site-packages/airflow/example_dags/example_branch_labels.py
[2026-01-08T01:55:28.414+0000] {processor.py:925} INFO - DAG(s) 'example_branch_labels' retrieved from /home/airflow/.local/lib/python3.12/site-packages/airflow/example_dags/example_branch_labels.py
[2026-01-08T01:55:28.431+0000] {logging_mixin.py:190} INFO - [2026-01-08T01:55:28.431+0000] {dag.py:3211} INFO - Sync 1 DAGs
[2026-01-08T01:55:28.447+0000] {logging_mixin.py:190} INFO - [2026-01-08T01:55:28.447+0000] {dag.py:4138} INFO - Setting next_dagrun for example_branch_labels to 2026-01-07 00:00:00+00:00, run_after=2026-01-08 00:00:00+00:00
[2026-01-08T01:55:28.462+0000] {processor.py:208} INFO - Processing /home/airflow/.local/lib/python3.12/site-packages/airflow/example_dags/example_branch_labels.py took 0.064 seconds
[2026-01-08T01:55:59.186+0000] {processor.py:186} INFO - Started process (PID=1007) to work on /home/airflow/.local/lib/python3.12/site-packages/airflow/example_dags/example_branch_labels.py
[2026-01-08T01:55:59.187+0000] {processor.py:914} INFO - Processing file /home/airflow/.local/lib/python3.12/site-packages/airflow/example_dags/example_branch_labels.py for tasks to queue
[2026-01-08T01:55:59.190+0000] {logging_mixin.py:190} INFO - [2026-01-08T01:55:59.189+0000] {dagbag.py:587} INFO - Filling up the DagBag from /home/airflow/.local/lib/python3.12/site-packages/airflow/example_dags/example_branch_labels.py
[2026-01-08T01:55:59.197+0000] {processor.py:925} INFO - DAG(s) 'example_branch_labels' retrieved from /home/airflow/.local/lib/python3.12/site-packages/airflow/example_dags/example_branch_labels.py
[2026-01-08T01:55:59.213+0000] {logging_mixin.py:190} INFO - [2026-01-08T01:55:59.213+0000] {dag.py:3211} INFO - Sync 1 DAGs
[2026-01-08T01:55:59.229+0000] {logging_mixin.py:190} INFO - [2026-01-08T01:55:59.229+0000] {dag.py:4138} INFO - Setting next_dagrun for example_branch_labels to 2026-01-07 00:00:00+00:00, run_after=2026-01-08 00:00:00+00:00
[2026-01-08T01:55:59.242+0000] {processor.py:208} INFO - Processing /home/airflow/.local/lib/python3.12/site-packages/airflow/example_dags/example_branch_labels.py took 0.060 seconds
[2026-01-08T01:56:29.874+0000] {processor.py:186} INFO - Started process (PID=1069) to work on /home/airflow/.local/lib/python3.12/site-packages/airflow/example_dags/example_branch_labels.py
[2026-01-08T01:56:29.876+0000] {processor.py:914} INFO - Processing file /home/airflow/.local/lib/python3.12/site-packages/airflow/example_dags/example_branch_labels.py for tasks to queue
[2026-01-08T01:56:29.878+0000] {logging_mixin.py:190} INFO - [2026-01-08T01:56:29.878+0000] {dagbag.py:587} INFO - Filling up the DagBag from /home/airflow/.local/lib/python3.12/site-packages/airflow/example_dags/example_branch_labels.py
[2026-01-08T01:56:29.885+0000] {processor.py:925} INFO - DAG(s) 'example_branch_labels' retrieved from /home/airflow/.local/lib/python3.12/site-packages/airflow/example_dags/example_branch_labels.py
[2026-01-08T01:56:29.902+0000] {logging_mixin.py:190} INFO - [2026-01-08T01:56:29.902+0000] {dag.py:3211} INFO - Sync 1 DAGs
[2026-01-08T01:56:29.918+0000] {logging_mixin.py:190} INFO - [2026-01-08T01:56:29.918+0000] {dag.py:4138} INFO - Setting next_dagrun for example_branch_labels to 2026-01-07 00:00:00+00:00, run_after=2026-01-08 00:00:00+00:00
[2026-01-08T01:56:29.930+0000] {processor.py:208} INFO - Processing /home/airflow/.local/lib/python3.12/site-packages/airflow/example_dags/example_branch_labels.py took 0.060 seconds
[2026-01-08T01:57:00.212+0000] {processor.py:186} INFO - Started process (PID=1131) to work on /home/airflow/.local/lib/python3.12/site-packages/airflow/example_dags/example_branch_labels.py
[2026-01-08T01:57:00.214+0000] {processor.py:914} INFO - Processing file /home/airflow/.local/lib/python3.12/site-packages/airflow/example_dags/example_branch_labels.py for tasks to queue
[2026-01-08T01:57:00.216+0000] {logging_mixin.py:190} INFO - [2026-01-08T01:57:00.215+0000] {dagbag.py:587} INFO - Filling up the DagBag from /home/airflow/.local/lib/python3.12/site-packages/airflow/example_dags/example_branch_labels.py
[2026-01-08T01:57:00.225+0000] {processor.py:925} INFO - DAG(s) 'example_branch_labels' retrieved from /home/airflow/.local/lib/python3.12/site-packages/airflow/example_dags/example_branch_labels.py
[2026-01-08T01:57:00.244+0000] {logging_mixin.py:190} INFO - [2026-01-08T01:57:00.244+0000] {dag.py:3211} INFO - Sync 1 DAGs
[2026-01-08T01:57:00.263+0000] {logging_mixin.py:190} INFO - [2026-01-08T01:57:00.263+0000] {dag.py:4138} INFO - Setting next_dagrun for example_branch_labels to 2026-01-07 00:00:00+00:00, run_after=2026-01-08 00:00:00+00:00
[2026-01-08T01:57:00.279+0000] {processor.py:208} INFO - Processing /home/airflow/.local/lib/python3.12/site-packages/airflow/example_dags/example_branch_labels.py took 0.071 seconds
[2026-01-08T01:57:30.570+0000] {processor.py:186} INFO - Started process (PID=1193) to work on /home/airflow/.local/lib/python3.12/site-packages/airflow/example_dags/example_branch_labels.py
[2026-01-08T01:57:30.572+0000] {processor.py:914} INFO - Processing file /home/airflow/.local/lib/python3.12/site-packages/airflow/example_dags/example_branch_labels.py for tasks to queue
[2026-01-08T01:57:30.574+0000] {logging_mixin.py:190} INFO - [2026-01-08T01:57:30.574+0000] {dagbag.py:587} INFO - Filling up the DagBag from /home/airflow/.local/lib/python3.12/site-packages/airflow/example_dags/example_branch_labels.py
[2026-01-08T01:57:30.581+0000] {processor.py:925} INFO - DAG(s) 'example_branch_labels' retrieved from /home/airflow/.local/lib/python3.12/site-packages/airflow/example_dags/example_branch_labels.py
[2026-01-08T01:57:30.598+0000] {logging_mixin.py:190} INFO - [2026-01-08T01:57:30.598+0000] {dag.py:3211} INFO - Sync 1 DAGs
[2026-01-08T01:57:30.615+0000] {logging_mixin.py:190} INFO - [2026-01-08T01:57:30.615+0000] {dag.py:4138} INFO - Setting next_dagrun for example_branch_labels to 2026-01-07 00:00:00+00:00, run_after=2026-01-08 00:00:00+00:00
[2026-01-08T01:57:30.631+0000] {processor.py:208} INFO - Processing /home/airflow/.local/lib/python3.12/site-packages/airflow/example_dags/example_branch_labels.py took 0.066 seconds
[2026-01-08T01:58:01.149+0000] {processor.py:186} INFO - Started process (PID=1255) to work on /home/airflow/.local/lib/python3.12/site-packages/airflow/example_dags/example_branch_labels.py
[2026-01-08T01:58:01.151+0000] {processor.py:914} INFO - Processing file /home/airflow/.local/lib/python3.12/site-packages/airflow/example_dags/example_branch_labels.py for tasks to queue
[2026-01-08T01:58:01.153+0000] {logging_mixin.py:190} INFO - [2026-01-08T01:58:01.153+0000] {dagbag.py:587} INFO - Filling up the DagBag from /home/airflow/.local/lib/python3.12/site-packages/airflow/example_dags/example_branch_labels.py
[2026-01-08T01:58:01.160+0000] {processor.py:925} INFO - DAG(s) 'example_branch_labels' retrieved from /home/airflow/.local/lib/python3.12/site-packages/airflow/example_dags/example_branch_labels.py
[2026-01-08T01:58:01.176+0000] {logging_mixin.py:190} INFO - [2026-01-08T01:58:01.176+0000] {dag.py:3211} INFO - Sync 1 DAGs
[2026-01-08T01:58:01.192+0000] {logging_mixin.py:190} INFO - [2026-01-08T01:58:01.192+0000] {dag.py:4138} INFO - Setting next_dagrun for example_branch_labels to 2026-01-07 00:00:00+00:00, run_after=2026-01-08 00:00:00+00:00
[2026-01-08T01:58:01.206+0000] {processor.py:208} INFO - Processing /home/airflow/.local/lib/python3.12/site-packages/airflow/example_dags/example_branch_labels.py took 0.061 seconds
[2026-01-08T01:58:31.766+0000] {processor.py:186} INFO - Started process (PID=1318) to work on /home/airflow/.local/lib/python3.12/site-packages/airflow/example_dags/example_branch_labels.py
[2026-01-08T01:58:31.767+0000] {processor.py:914} INFO - Processing file /home/airflow/.local/lib/python3.12/site-packages/airflow/example_dags/example_branch_labels.py for tasks to queue
[2026-01-08T01:58:31.769+0000] {logging_mixin.py:190} INFO - [2026-01-08T01:58:31.769+0000] {dagbag.py:587} INFO - Filling up the DagBag from /home/airflow/.local/lib/python3.12/site-packages/airflow/example_dags/example_branch_labels.py
[2026-01-08T01:58:31.777+0000] {processor.py:925} INFO - DAG(s) 'example_branch_labels' retrieved from /home/airflow/.local/lib/python3.12/site-packages/airflow/example_dags/example_branch_labels.py
[2026-01-08T01:58:31.795+0000] {logging_mixin.py:190} INFO - [2026-01-08T01:58:31.794+0000] {dag.py:3211} INFO - Sync 1 DAGs
[2026-01-08T01:58:31.811+0000] {logging_mixin.py:190} INFO - [2026-01-08T01:58:31.810+0000] {dag.py:4138} INFO - Setting next_dagrun for example_branch_labels to 2026-01-07 00:00:00+00:00, run_after=2026-01-08 00:00:00+00:00
[2026-01-08T01:58:31.825+0000] {processor.py:208} INFO - Processing /home/airflow/.local/lib/python3.12/site-packages/airflow/example_dags/example_branch_labels.py took 0.064 seconds
[2026-01-08T01:59:02.052+0000] {processor.py:186} INFO - Started process (PID=1381) to work on /home/airflow/.local/lib/python3.12/site-packages/airflow/example_dags/example_branch_labels.py
[2026-01-08T01:59:02.053+0000] {processor.py:914} INFO - Processing file /home/airflow/.local/lib/python3.12/site-packages/airflow/example_dags/example_branch_labels.py for tasks to queue
[2026-01-08T01:59:02.056+0000] {logging_mixin.py:190} INFO - [2026-01-08T01:59:02.056+0000] {dagbag.py:587} INFO - Filling up the DagBag from /home/airflow/.local/lib/python3.12/site-packages/airflow/example_dags/example_branch_labels.py
[2026-01-08T01:59:02.064+0000] {processor.py:925} INFO - DAG(s) 'example_branch_labels' retrieved from /home/airflow/.local/lib/python3.12/site-packages/airflow/example_dags/example_branch_labels.py
[2026-01-08T01:59:02.081+0000] {logging_mixin.py:190} INFO - [2026-01-08T01:59:02.081+0000] {dag.py:3211} INFO - Sync 1 DAGs
[2026-01-08T01:59:02.098+0000] {logging_mixin.py:190} INFO - [2026-01-08T01:59:02.098+0000] {dag.py:4138} INFO - Setting next_dagrun for example_branch_labels to 2026-01-07 00:00:00+00:00, run_after=2026-01-08 00:00:00+00:00
[2026-01-08T01:59:02.111+0000] {processor.py:208} INFO - Processing /home/airflow/.local/lib/python3.12/site-packages/airflow/example_dags/example_branch_labels.py took 0.063 seconds
[2026-01-08T01:59:32.420+0000] {processor.py:186} INFO - Started process (PID=1444) to work on /home/airflow/.local/lib/python3.12/site-packages/airflow/example_dags/example_branch_labels.py
[2026-01-08T01:59:32.421+0000] {processor.py:914} INFO - Processing file /home/airflow/.local/lib/python3.12/site-packages/airflow/example_dags/example_branch_labels.py for tasks to queue
[2026-01-08T01:59:32.423+0000] {logging_mixin.py:190} INFO - [2026-01-08T01:59:32.423+0000] {dagbag.py:587} INFO - Filling up the DagBag from /home/airflow/.local/lib/python3.12/site-packages/airflow/example_dags/example_branch_labels.py
[2026-01-08T01:59:32.431+0000] {processor.py:925} INFO - DAG(s) 'example_branch_labels' retrieved from /home/airflow/.local/lib/python3.12/site-packages/airflow/example_dags/example_branch_labels.py
[2026-01-08T01:59:32.447+0000] {logging_mixin.py:190} INFO - [2026-01-08T01:59:32.447+0000] {dag.py:3211} INFO - Sync 1 DAGs
[2026-01-08T01:59:32.465+0000] {logging_mixin.py:190} INFO - [2026-01-08T01:59:32.464+0000] {dag.py:4138} INFO - Setting next_dagrun for example_branch_labels to 2026-01-07 00:00:00+00:00, run_after=2026-01-08 00:00:00+00:00
[2026-01-08T01:59:32.478+0000] {processor.py:208} INFO - Processing /home/airflow/.local/lib/python3.12/site-packages/airflow/example_dags/example_branch_labels.py took 0.062 seconds
[2026-01-08T02:00:02.840+0000] {processor.py:186} INFO - Started process (PID=1507) to work on /home/airflow/.local/lib/python3.12/site-packages/airflow/example_dags/example_branch_labels.py
[2026-01-08T02:00:02.841+0000] {processor.py:914} INFO - Processing file /home/airflow/.local/lib/python3.12/site-packages/airflow/example_dags/example_branch_labels.py for tasks to queue
[2026-01-08T02:00:02.844+0000] {logging_mixin.py:190} INFO - [2026-01-08T02:00:02.843+0000] {dagbag.py:587} INFO - Filling up the DagBag from /home/airflow/.local/lib/python3.12/site-packages/airflow/example_dags/example_branch_labels.py
[2026-01-08T02:00:02.851+0000] {processor.py:925} INFO - DAG(s) 'example_branch_labels' retrieved from /home/airflow/.local/lib/python3.12/site-packages/airflow/example_dags/example_branch_labels.py
[2026-01-08T02:00:02.866+0000] {logging_mixin.py:190} INFO - [2026-01-08T02:00:02.866+0000] {dag.py:3211} INFO - Sync 1 DAGs
[2026-01-08T02:00:02.883+0000] {logging_mixin.py:190} INFO - [2026-01-08T02:00:02.883+0000] {dag.py:4138} INFO - Setting next_dagrun for example_branch_labels to 2026-01-07 00:00:00+00:00, run_after=2026-01-08 00:00:00+00:00
[2026-01-08T02:00:02.901+0000] {processor.py:208} INFO - Processing /home/airflow/.local/lib/python3.12/site-packages/airflow/example_dags/example_branch_labels.py took 0.065 seconds
[2026-01-08T02:00:33.554+0000] {processor.py:186} INFO - Started process (PID=1570) to work on /home/airflow/.local/lib/python3.12/site-packages/airflow/example_dags/example_branch_labels.py
[2026-01-08T02:00:33.556+0000] {processor.py:914} INFO - Processing file /home/airflow/.local/lib/python3.12/site-packages/airflow/example_dags/example_branch_labels.py for tasks to queue
[2026-01-08T02:00:33.558+0000] {logging_mixin.py:190} INFO - [2026-01-08T02:00:33.558+0000] {dagbag.py:587} INFO - Filling up the DagBag from /home/airflow/.local/lib/python3.12/site-packages/airflow/example_dags/example_branch_labels.py
[2026-01-08T02:00:33.565+0000] {processor.py:925} INFO - DAG(s) 'example_branch_labels' retrieved from /home/airflow/.local/lib/python3.12/site-packages/airflow/example_dags/example_branch_labels.py
[2026-01-08T02:00:33.581+0000] {logging_mixin.py:190} INFO - [2026-01-08T02:00:33.581+0000] {dag.py:3211} INFO - Sync 1 DAGs
[2026-01-08T02:00:33.597+0000] {logging_mixin.py:190} INFO - [2026-01-08T02:00:33.597+0000] {dag.py:4138} INFO - Setting next_dagrun for example_branch_labels to 2026-01-07 00:00:00+00:00, run_after=2026-01-08 00:00:00+00:00
[2026-01-08T02:00:33.613+0000] {processor.py:208} INFO - Processing /home/airflow/.local/lib/python3.12/site-packages/airflow/example_dags/example_branch_labels.py took 0.063 seconds
[2026-01-08T02:01:04.226+0000] {processor.py:186} INFO - Started process (PID=1633) to work on /home/airflow/.local/lib/python3.12/site-packages/airflow/example_dags/example_branch_labels.py
[2026-01-08T02:01:04.227+0000] {processor.py:914} INFO - Processing file /home/airflow/.local/lib/python3.12/site-packages/airflow/example_dags/example_branch_labels.py for tasks to queue
[2026-01-08T02:01:04.230+0000] {logging_mixin.py:190} INFO - [2026-01-08T02:01:04.230+0000] {dagbag.py:587} INFO - Filling up the DagBag from /home/airflow/.local/lib/python3.12/site-packages/airflow/example_dags/example_branch_labels.py
[2026-01-08T02:01:04.239+0000] {processor.py:925} INFO - DAG(s) 'example_branch_labels' retrieved from /home/airflow/.local/lib/python3.12/site-packages/airflow/example_dags/example_branch_labels.py
[2026-01-08T02:01:04.257+0000] {logging_mixin.py:190} INFO - [2026-01-08T02:01:04.256+0000] {dag.py:3211} INFO - Sync 1 DAGs
[2026-01-08T02:01:04.274+0000] {logging_mixin.py:190} INFO - [2026-01-08T02:01:04.274+0000] {dag.py:4138} INFO - Setting next_dagrun for example_branch_labels to 2026-01-07 00:00:00+00:00, run_after=2026-01-08 00:00:00+00:00
[2026-01-08T02:01:04.290+0000] {processor.py:208} INFO - Processing /home/airflow/.local/lib/python3.12/site-packages/airflow/example_dags/example_branch_labels.py took 0.069 seconds
[2026-01-08T02:01:34.683+0000] {processor.py:186} INFO - Started process (PID=1696) to work on /home/airflow/.local/lib/python3.12/site-packages/airflow/example_dags/example_branch_labels.py
[2026-01-08T02:01:34.685+0000] {processor.py:914} INFO - Processing file /home/airflow/.local/lib/python3.12/site-packages/airflow/example_dags/example_branch_labels.py for tasks to queue
[2026-01-08T02:01:34.687+0000] {logging_mixin.py:190} INFO - [2026-01-08T02:01:34.687+0000] {dagbag.py:587} INFO - Filling up the DagBag from /home/airflow/.local/lib/python3.12/site-packages/airflow/example_dags/example_branch_labels.py
[2026-01-08T02:01:34.694+0000] {processor.py:925} INFO - DAG(s) 'example_branch_labels' retrieved from /home/airflow/.local/lib/python3.12/site-packages/airflow/example_dags/example_branch_labels.py
[2026-01-08T02:01:34.710+0000] {logging_mixin.py:190} INFO - [2026-01-08T02:01:34.710+0000] {dag.py:3211} INFO - Sync 1 DAGs
[2026-01-08T02:01:34.728+0000] {logging_mixin.py:190} INFO - [2026-01-08T02:01:34.728+0000] {dag.py:4138} INFO - Setting next_dagrun for example_branch_labels to 2026-01-07 00:00:00+00:00, run_after=2026-01-08 00:00:00+00:00
[2026-01-08T02:01:34.744+0000] {processor.py:208} INFO - Processing /home/airflow/.local/lib/python3.12/site-packages/airflow/example_dags/example_branch_labels.py took 0.065 seconds
[2026-01-08T02:02:04.810+0000] {processor.py:186} INFO - Started process (PID=1759) to work on /home/airflow/.local/lib/python3.12/site-packages/airflow/example_dags/example_branch_labels.py
[2026-01-08T02:02:04.812+0000] {processor.py:914} INFO - Processing file /home/airflow/.local/lib/python3.12/site-packages/airflow/example_dags/example_branch_labels.py for tasks to queue
[2026-01-08T02:02:04.814+0000] {logging_mixin.py:190} INFO - [2026-01-08T02:02:04.814+0000] {dagbag.py:587} INFO - Filling up the DagBag from /home/airflow/.local/lib/python3.12/site-packages/airflow/example_dags/example_branch_labels.py
[2026-01-08T02:02:04.822+0000] {processor.py:925} INFO - DAG(s) 'example_branch_labels' retrieved from /home/airflow/.local/lib/python3.12/site-packages/airflow/example_dags/example_branch_labels.py
[2026-01-08T02:02:04.838+0000] {logging_mixin.py:190} INFO - [2026-01-08T02:02:04.838+0000] {dag.py:3211} INFO - Sync 1 DAGs
[2026-01-08T02:02:04.855+0000] {logging_mixin.py:190} INFO - [2026-01-08T02:02:04.855+0000] {dag.py:4138} INFO - Setting next_dagrun for example_branch_labels to 2026-01-07 00:00:00+00:00, run_after=2026-01-08 00:00:00+00:00
[2026-01-08T02:02:04.870+0000] {processor.py:208} INFO - Processing /home/airflow/.local/lib/python3.12/site-packages/airflow/example_dags/example_branch_labels.py took 0.065 seconds
[2026-01-08T02:02:34.936+0000] {processor.py:186} INFO - Started process (PID=1822) to work on /home/airflow/.local/lib/python3.12/site-packages/airflow/example_dags/example_branch_labels.py
[2026-01-08T02:02:34.937+0000] {processor.py:914} INFO - Processing file /home/airflow/.local/lib/python3.12/site-packages/airflow/example_dags/example_branch_labels.py for tasks to queue
[2026-01-08T02:02:34.940+0000] {logging_mixin.py:190} INFO - [2026-01-08T02:02:34.939+0000] {dagbag.py:587} INFO - Filling up the DagBag from /home/airflow/.local/lib/python3.12/site-packages/airflow/example_dags/example_branch_labels.py
[2026-01-08T02:02:34.947+0000] {processor.py:925} INFO - DAG(s) 'example_branch_labels' retrieved from /home/airflow/.local/lib/python3.12/site-packages/airflow/example_dags/example_branch_labels.py
[2026-01-08T02:02:34.965+0000] {logging_mixin.py:190} INFO - [2026-01-08T02:02:34.964+0000] {dag.py:3211} INFO - Sync 1 DAGs
[2026-01-08T02:02:34.982+0000] {logging_mixin.py:190} INFO - [2026-01-08T02:02:34.981+0000] {dag.py:4138} INFO - Setting next_dagrun for example_branch_labels to 2026-01-07 00:00:00+00:00, run_after=2026-01-08 00:00:00+00:00
[2026-01-08T02:02:34.996+0000] {processor.py:208} INFO - Processing /home/airflow/.local/lib/python3.12/site-packages/airflow/example_dags/example_branch_labels.py took 0.065 seconds
[2026-01-08T02:03:05.094+0000] {processor.py:186} INFO - Started process (PID=1885) to work on /home/airflow/.local/lib/python3.12/site-packages/airflow/example_dags/example_branch_labels.py
[2026-01-08T02:03:05.096+0000] {processor.py:914} INFO - Processing file /home/airflow/.local/lib/python3.12/site-packages/airflow/example_dags/example_branch_labels.py for tasks to queue
[2026-01-08T02:03:05.098+0000] {logging_mixin.py:190} INFO - [2026-01-08T02:03:05.098+0000] {dagbag.py:587} INFO - Filling up the DagBag from /home/airflow/.local/lib/python3.12/site-packages/airflow/example_dags/example_branch_labels.py
[2026-01-08T02:03:05.106+0000] {processor.py:925} INFO - DAG(s) 'example_branch_labels' retrieved from /home/airflow/.local/lib/python3.12/site-packages/airflow/example_dags/example_branch_labels.py
[2026-01-08T02:03:05.123+0000] {logging_mixin.py:190} INFO - [2026-01-08T02:03:05.123+0000] {dag.py:3211} INFO - Sync 1 DAGs
[2026-01-08T02:03:05.139+0000] {logging_mixin.py:190} INFO - [2026-01-08T02:03:05.139+0000] {dag.py:4138} INFO - Setting next_dagrun for example_branch_labels to 2026-01-07 00:00:00+00:00, run_after=2026-01-08 00:00:00+00:00
[2026-01-08T02:03:05.155+0000] {processor.py:208} INFO - Processing /home/airflow/.local/lib/python3.12/site-packages/airflow/example_dags/example_branch_labels.py took 0.065 seconds
[2026-01-08T02:03:35.346+0000] {processor.py:186} INFO - Started process (PID=1950) to work on /home/airflow/.local/lib/python3.12/site-packages/airflow/example_dags/example_branch_labels.py
[2026-01-08T02:03:35.348+0000] {processor.py:914} INFO - Processing file /home/airflow/.local/lib/python3.12/site-packages/airflow/example_dags/example_branch_labels.py for tasks to queue
[2026-01-08T02:03:35.350+0000] {logging_mixin.py:190} INFO - [2026-01-08T02:03:35.349+0000] {dagbag.py:587} INFO - Filling up the DagBag from /home/airflow/.local/lib/python3.12/site-packages/airflow/example_dags/example_branch_labels.py
[2026-01-08T02:03:35.357+0000] {processor.py:925} INFO - DAG(s) 'example_branch_labels' retrieved from /home/airflow/.local/lib/python3.12/site-packages/airflow/example_dags/example_branch_labels.py
[2026-01-08T02:03:35.372+0000] {logging_mixin.py:190} INFO - [2026-01-08T02:03:35.372+0000] {dag.py:3211} INFO - Sync 1 DAGs
[2026-01-08T02:03:35.387+0000] {logging_mixin.py:190} INFO - [2026-01-08T02:03:35.387+0000] {dag.py:4138} INFO - Setting next_dagrun for example_branch_labels to 2026-01-07 00:00:00+00:00, run_after=2026-01-08 00:00:00+00:00
[2026-01-08T02:03:35.402+0000] {processor.py:208} INFO - Processing /home/airflow/.local/lib/python3.12/site-packages/airflow/example_dags/example_branch_labels.py took 0.060 seconds
[2026-01-08T02:04:05.684+0000] {processor.py:186} INFO - Started process (PID=2013) to work on /home/airflow/.local/lib/python3.12/site-packages/airflow/example_dags/example_branch_labels.py
[2026-01-08T02:04:05.685+0000] {processor.py:914} INFO - Processing file /home/airflow/.local/lib/python3.12/site-packages/airflow/example_dags/example_branch_labels.py for tasks to queue
[2026-01-08T02:04:05.688+0000] {logging_mixin.py:190} INFO - [2026-01-08T02:04:05.687+0000] {dagbag.py:587} INFO - Filling up the DagBag from /home/airflow/.local/lib/python3.12/site-packages/airflow/example_dags/example_branch_labels.py
[2026-01-08T02:04:05.695+0000] {processor.py:925} INFO - DAG(s) 'example_branch_labels' retrieved from /home/airflow/.local/lib/python3.12/site-packages/airflow/example_dags/example_branch_labels.py
[2026-01-08T02:04:05.713+0000] {logging_mixin.py:190} INFO - [2026-01-08T02:04:05.712+0000] {dag.py:3211} INFO - Sync 1 DAGs
[2026-01-08T02:04:05.729+0000] {logging_mixin.py:190} INFO - [2026-01-08T02:04:05.729+0000] {dag.py:4138} INFO - Setting next_dagrun for example_branch_labels to 2026-01-07 00:00:00+00:00, run_after=2026-01-08 00:00:00+00:00
[2026-01-08T02:04:05.743+0000] {processor.py:208} INFO - Processing /home/airflow/.local/lib/python3.12/site-packages/airflow/example_dags/example_branch_labels.py took 0.063 seconds
[2026-01-08T02:04:36.005+0000] {processor.py:186} INFO - Started process (PID=2076) to work on /home/airflow/.local/lib/python3.12/site-packages/airflow/example_dags/example_branch_labels.py
[2026-01-08T02:04:36.007+0000] {processor.py:914} INFO - Processing file /home/airflow/.local/lib/python3.12/site-packages/airflow/example_dags/example_branch_labels.py for tasks to queue
[2026-01-08T02:04:36.009+0000] {logging_mixin.py:190} INFO - [2026-01-08T02:04:36.009+0000] {dagbag.py:587} INFO - Filling up the DagBag from /home/airflow/.local/lib/python3.12/site-packages/airflow/example_dags/example_branch_labels.py
[2026-01-08T02:04:36.017+0000] {processor.py:925} INFO - DAG(s) 'example_branch_labels' retrieved from /home/airflow/.local/lib/python3.12/site-packages/airflow/example_dags/example_branch_labels.py
[2026-01-08T02:04:36.034+0000] {logging_mixin.py:190} INFO - [2026-01-08T02:04:36.034+0000] {dag.py:3211} INFO - Sync 1 DAGs
[2026-01-08T02:04:36.050+0000] {logging_mixin.py:190} INFO - [2026-01-08T02:04:36.050+0000] {dag.py:4138} INFO - Setting next_dagrun for example_branch_labels to 2026-01-07 00:00:00+00:00, run_after=2026-01-08 00:00:00+00:00
[2026-01-08T02:04:36.064+0000] {processor.py:208} INFO - Processing /home/airflow/.local/lib/python3.12/site-packages/airflow/example_dags/example_branch_labels.py took 0.063 seconds
[2026-01-08T02:05:06.158+0000] {processor.py:186} INFO - Started process (PID=2139) to work on /home/airflow/.local/lib/python3.12/site-packages/airflow/example_dags/example_branch_labels.py
[2026-01-08T02:05:06.160+0000] {processor.py:914} INFO - Processing file /home/airflow/.local/lib/python3.12/site-packages/airflow/example_dags/example_branch_labels.py for tasks to queue
[2026-01-08T02:05:06.162+0000] {logging_mixin.py:190} INFO - [2026-01-08T02:05:06.162+0000] {dagbag.py:587} INFO - Filling up the DagBag from /home/airflow/.local/lib/python3.12/site-packages/airflow/example_dags/example_branch_labels.py
[2026-01-08T02:05:06.169+0000] {processor.py:925} INFO - DAG(s) 'example_branch_labels' retrieved from /home/airflow/.local/lib/python3.12/site-packages/airflow/example_dags/example_branch_labels.py
[2026-01-08T02:05:06.185+0000] {logging_mixin.py:190} INFO - [2026-01-08T02:05:06.185+0000] {dag.py:3211} INFO - Sync 1 DAGs
[2026-01-08T02:05:06.200+0000] {logging_mixin.py:190} INFO - [2026-01-08T02:05:06.200+0000] {dag.py:4138} INFO - Setting next_dagrun for example_branch_labels to 2026-01-07 00:00:00+00:00, run_after=2026-01-08 00:00:00+00:00
[2026-01-08T02:05:06.214+0000] {processor.py:208} INFO - Processing /home/airflow/.local/lib/python3.12/site-packages/airflow/example_dags/example_branch_labels.py took 0.060 seconds
[2026-01-08T02:05:36.477+0000] {processor.py:186} INFO - Started process (PID=2202) to work on /home/airflow/.local/lib/python3.12/site-packages/airflow/example_dags/example_branch_labels.py
[2026-01-08T02:05:36.478+0000] {processor.py:914} INFO - Processing file /home/airflow/.local/lib/python3.12/site-packages/airflow/example_dags/example_branch_labels.py for tasks to queue
[2026-01-08T02:05:36.481+0000] {logging_mixin.py:190} INFO - [2026-01-08T02:05:36.481+0000] {dagbag.py:587} INFO - Filling up the DagBag from /home/airflow/.local/lib/python3.12/site-packages/airflow/example_dags/example_branch_labels.py
[2026-01-08T02:05:36.490+0000] {processor.py:925} INFO - DAG(s) 'example_branch_labels' retrieved from /home/airflow/.local/lib/python3.12/site-packages/airflow/example_dags/example_branch_labels.py
[2026-01-08T02:05:36.508+0000] {logging_mixin.py:190} INFO - [2026-01-08T02:05:36.508+0000] {dag.py:3211} INFO - Sync 1 DAGs
[2026-01-08T02:05:36.525+0000] {logging_mixin.py:190} INFO - [2026-01-08T02:05:36.525+0000] {dag.py:4138} INFO - Setting next_dagrun for example_branch_labels to 2026-01-07 00:00:00+00:00, run_after=2026-01-08 00:00:00+00:00
[2026-01-08T02:05:36.541+0000] {processor.py:208} INFO - Processing /home/airflow/.local/lib/python3.12/site-packages/airflow/example_dags/example_branch_labels.py took 0.069 seconds
[2026-01-08T02:06:06.799+0000] {processor.py:186} INFO - Started process (PID=2265) to work on /home/airflow/.local/lib/python3.12/site-packages/airflow/example_dags/example_branch_labels.py
[2026-01-08T02:06:06.801+0000] {processor.py:914} INFO - Processing file /home/airflow/.local/lib/python3.12/site-packages/airflow/example_dags/example_branch_labels.py for tasks to queue
[2026-01-08T02:06:06.803+0000] {logging_mixin.py:190} INFO - [2026-01-08T02:06:06.803+0000] {dagbag.py:587} INFO - Filling up the DagBag from /home/airflow/.local/lib/python3.12/site-packages/airflow/example_dags/example_branch_labels.py
[2026-01-08T02:06:06.810+0000] {processor.py:925} INFO - DAG(s) 'example_branch_labels' retrieved from /home/airflow/.local/lib/python3.12/site-packages/airflow/example_dags/example_branch_labels.py
[2026-01-08T02:06:06.828+0000] {logging_mixin.py:190} INFO - [2026-01-08T02:06:06.828+0000] {dag.py:3211} INFO - Sync 1 DAGs
[2026-01-08T02:06:06.843+0000] {logging_mixin.py:190} INFO - [2026-01-08T02:06:06.843+0000] {dag.py:4138} INFO - Setting next_dagrun for example_branch_labels to 2026-01-07 00:00:00+00:00, run_after=2026-01-08 00:00:00+00:00
[2026-01-08T02:06:06.858+0000] {processor.py:208} INFO - Processing /home/airflow/.local/lib/python3.12/site-packages/airflow/example_dags/example_branch_labels.py took 0.063 seconds
[2026-01-08T02:06:37.296+0000] {processor.py:186} INFO - Started process (PID=2328) to work on /home/airflow/.local/lib/python3.12/site-packages/airflow/example_dags/example_branch_labels.py
[2026-01-08T02:06:37.297+0000] {processor.py:914} INFO - Processing file /home/airflow/.local/lib/python3.12/site-packages/airflow/example_dags/example_branch_labels.py for tasks to queue
[2026-01-08T02:06:37.300+0000] {logging_mixin.py:190} INFO - [2026-01-08T02:06:37.300+0000] {dagbag.py:587} INFO - Filling up the DagBag from /home/airflow/.local/lib/python3.12/site-packages/airflow/example_dags/example_branch_labels.py
[2026-01-08T02:06:37.309+0000] {processor.py:925} INFO - DAG(s) 'example_branch_labels' retrieved from /home/airflow/.local/lib/python3.12/site-packages/airflow/example_dags/example_branch_labels.py
[2026-01-08T02:06:37.327+0000] {logging_mixin.py:190} INFO - [2026-01-08T02:06:37.326+0000] {dag.py:3211} INFO - Sync 1 DAGs
[2026-01-08T02:06:37.343+0000] {logging_mixin.py:190} INFO - [2026-01-08T02:06:37.343+0000] {dag.py:4138} INFO - Setting next_dagrun for example_branch_labels to 2026-01-07 00:00:00+00:00, run_after=2026-01-08 00:00:00+00:00
[2026-01-08T02:06:37.360+0000] {processor.py:208} INFO - Processing /home/airflow/.local/lib/python3.12/site-packages/airflow/example_dags/example_branch_labels.py took 0.070 seconds
[2026-01-08T02:07:07.733+0000] {processor.py:186} INFO - Started process (PID=2391) to work on /home/airflow/.local/lib/python3.12/site-packages/airflow/example_dags/example_branch_labels.py
[2026-01-08T02:07:07.735+0000] {processor.py:914} INFO - Processing file /home/airflow/.local/lib/python3.12/site-packages/airflow/example_dags/example_branch_labels.py for tasks to queue
[2026-01-08T02:07:07.739+0000] {logging_mixin.py:190} INFO - [2026-01-08T02:07:07.739+0000] {dagbag.py:587} INFO - Filling up the DagBag from /home/airflow/.local/lib/python3.12/site-packages/airflow/example_dags/example_branch_labels.py
[2026-01-08T02:07:07.747+0000] {processor.py:925} INFO - DAG(s) 'example_branch_labels' retrieved from /home/airflow/.local/lib/python3.12/site-packages/airflow/example_dags/example_branch_labels.py
[2026-01-08T02:07:07.765+0000] {logging_mixin.py:190} INFO - [2026-01-08T02:07:07.764+0000] {dag.py:3211} INFO - Sync 1 DAGs
[2026-01-08T02:07:07.782+0000] {logging_mixin.py:190} INFO - [2026-01-08T02:07:07.782+0000] {dag.py:4138} INFO - Setting next_dagrun for example_branch_labels to 2026-01-07 00:00:00+00:00, run_after=2026-01-08 00:00:00+00:00
[2026-01-08T02:07:07.801+0000] {processor.py:208} INFO - Processing /home/airflow/.local/lib/python3.12/site-packages/airflow/example_dags/example_branch_labels.py took 0.073 seconds
[2026-01-08T02:07:38.011+0000] {processor.py:186} INFO - Started process (PID=2454) to work on /home/airflow/.local/lib/python3.12/site-packages/airflow/example_dags/example_branch_labels.py
[2026-01-08T02:07:38.013+0000] {processor.py:914} INFO - Processing file /home/airflow/.local/lib/python3.12/site-packages/airflow/example_dags/example_branch_labels.py for tasks to queue
[2026-01-08T02:07:38.016+0000] {logging_mixin.py:190} INFO - [2026-01-08T02:07:38.015+0000] {dagbag.py:587} INFO - Filling up the DagBag from /home/airflow/.local/lib/python3.12/site-packages/airflow/example_dags/example_branch_labels.py
[2026-01-08T02:07:38.024+0000] {processor.py:925} INFO - DAG(s) 'example_branch_labels' retrieved from /home/airflow/.local/lib/python3.12/site-packages/airflow/example_dags/example_branch_labels.py
[2026-01-08T02:07:38.040+0000] {logging_mixin.py:190} INFO - [2026-01-08T02:07:38.040+0000] {dag.py:3211} INFO - Sync 1 DAGs
[2026-01-08T02:07:38.056+0000] {logging_mixin.py:190} INFO - [2026-01-08T02:07:38.056+0000] {dag.py:4138} INFO - Setting next_dagrun for example_branch_labels to 2026-01-07 00:00:00+00:00, run_after=2026-01-08 00:00:00+00:00
[2026-01-08T02:07:38.071+0000] {processor.py:208} INFO - Processing /home/airflow/.local/lib/python3.12/site-packages/airflow/example_dags/example_branch_labels.py took 0.065 seconds
[2026-01-08T02:08:08.363+0000] {processor.py:186} INFO - Started process (PID=2517) to work on /home/airflow/.local/lib/python3.12/site-packages/airflow/example_dags/example_branch_labels.py
[2026-01-08T02:08:08.364+0000] {processor.py:914} INFO - Processing file /home/airflow/.local/lib/python3.12/site-packages/airflow/example_dags/example_branch_labels.py for tasks to queue
[2026-01-08T02:08:08.366+0000] {logging_mixin.py:190} INFO - [2026-01-08T02:08:08.366+0000] {dagbag.py:587} INFO - Filling up the DagBag from /home/airflow/.local/lib/python3.12/site-packages/airflow/example_dags/example_branch_labels.py
[2026-01-08T02:08:08.374+0000] {processor.py:925} INFO - DAG(s) 'example_branch_labels' retrieved from /home/airflow/.local/lib/python3.12/site-packages/airflow/example_dags/example_branch_labels.py
[2026-01-08T02:08:08.392+0000] {logging_mixin.py:190} INFO - [2026-01-08T02:08:08.392+0000] {dag.py:3211} INFO - Sync 1 DAGs
[2026-01-08T02:08:08.409+0000] {logging_mixin.py:190} INFO - [2026-01-08T02:08:08.409+0000] {dag.py:4138} INFO - Setting next_dagrun for example_branch_labels to 2026-01-07 00:00:00+00:00, run_after=2026-01-08 00:00:00+00:00
[2026-01-08T02:08:08.423+0000] {processor.py:208} INFO - Processing /home/airflow/.local/lib/python3.12/site-packages/airflow/example_dags/example_branch_labels.py took 0.065 seconds
[2026-01-08T02:08:38.572+0000] {processor.py:186} INFO - Started process (PID=2580) to work on /home/airflow/.local/lib/python3.12/site-packages/airflow/example_dags/example_branch_labels.py
[2026-01-08T02:08:38.574+0000] {processor.py:914} INFO - Processing file /home/airflow/.local/lib/python3.12/site-packages/airflow/example_dags/example_branch_labels.py for tasks to queue
[2026-01-08T02:08:38.577+0000] {logging_mixin.py:190} INFO - [2026-01-08T02:08:38.577+0000] {dagbag.py:587} INFO - Filling up the DagBag from /home/airflow/.local/lib/python3.12/site-packages/airflow/example_dags/example_branch_labels.py
[2026-01-08T02:08:38.588+0000] {processor.py:925} INFO - DAG(s) 'example_branch_labels' retrieved from /home/airflow/.local/lib/python3.12/site-packages/airflow/example_dags/example_branch_labels.py
[2026-01-08T02:08:38.612+0000] {logging_mixin.py:190} INFO - [2026-01-08T02:08:38.611+0000] {dag.py:3211} INFO - Sync 1 DAGs
[2026-01-08T02:08:38.634+0000] {logging_mixin.py:190} INFO - [2026-01-08T02:08:38.634+0000] {dag.py:4138} INFO - Setting next_dagrun for example_branch_labels to 2026-01-07 00:00:00+00:00, run_after=2026-01-08 00:00:00+00:00
[2026-01-08T02:08:38.652+0000] {processor.py:208} INFO - Processing /home/airflow/.local/lib/python3.12/site-packages/airflow/example_dags/example_branch_labels.py took 0.086 seconds
[2026-01-08T02:09:08.849+0000] {processor.py:186} INFO - Started process (PID=2643) to work on /home/airflow/.local/lib/python3.12/site-packages/airflow/example_dags/example_branch_labels.py
[2026-01-08T02:09:08.851+0000] {processor.py:914} INFO - Processing file /home/airflow/.local/lib/python3.12/site-packages/airflow/example_dags/example_branch_labels.py for tasks to queue
[2026-01-08T02:09:08.854+0000] {logging_mixin.py:190} INFO - [2026-01-08T02:09:08.854+0000] {dagbag.py:587} INFO - Filling up the DagBag from /home/airflow/.local/lib/python3.12/site-packages/airflow/example_dags/example_branch_labels.py
[2026-01-08T02:09:08.862+0000] {processor.py:925} INFO - DAG(s) 'example_branch_labels' retrieved from /home/airflow/.local/lib/python3.12/site-packages/airflow/example_dags/example_branch_labels.py
[2026-01-08T02:09:08.878+0000] {logging_mixin.py:190} INFO - [2026-01-08T02:09:08.878+0000] {dag.py:3211} INFO - Sync 1 DAGs
[2026-01-08T02:09:08.895+0000] {logging_mixin.py:190} INFO - [2026-01-08T02:09:08.895+0000] {dag.py:4138} INFO - Setting next_dagrun for example_branch_labels to 2026-01-07 00:00:00+00:00, run_after=2026-01-08 00:00:00+00:00
[2026-01-08T02:09:08.909+0000] {processor.py:208} INFO - Processing /home/airflow/.local/lib/python3.12/site-packages/airflow/example_dags/example_branch_labels.py took 0.065 seconds
[2026-01-08T02:09:39.325+0000] {processor.py:186} INFO - Started process (PID=2706) to work on /home/airflow/.local/lib/python3.12/site-packages/airflow/example_dags/example_branch_labels.py
[2026-01-08T02:09:39.326+0000] {processor.py:914} INFO - Processing file /home/airflow/.local/lib/python3.12/site-packages/airflow/example_dags/example_branch_labels.py for tasks to queue
[2026-01-08T02:09:39.329+0000] {logging_mixin.py:190} INFO - [2026-01-08T02:09:39.328+0000] {dagbag.py:587} INFO - Filling up the DagBag from /home/airflow/.local/lib/python3.12/site-packages/airflow/example_dags/example_branch_labels.py
[2026-01-08T02:09:39.336+0000] {processor.py:925} INFO - DAG(s) 'example_branch_labels' retrieved from /home/airflow/.local/lib/python3.12/site-packages/airflow/example_dags/example_branch_labels.py
[2026-01-08T02:09:39.356+0000] {logging_mixin.py:190} INFO - [2026-01-08T02:09:39.356+0000] {dag.py:3211} INFO - Sync 1 DAGs
[2026-01-08T02:09:39.371+0000] {logging_mixin.py:190} INFO - [2026-01-08T02:09:39.371+0000] {dag.py:4138} INFO - Setting next_dagrun for example_branch_labels to 2026-01-07 00:00:00+00:00, run_after=2026-01-08 00:00:00+00:00
[2026-01-08T02:09:39.386+0000] {processor.py:208} INFO - Processing /home/airflow/.local/lib/python3.12/site-packages/airflow/example_dags/example_branch_labels.py took 0.066 seconds
[2026-01-08T02:10:09.761+0000] {processor.py:186} INFO - Started process (PID=2769) to work on /home/airflow/.local/lib/python3.12/site-packages/airflow/example_dags/example_branch_labels.py
[2026-01-08T02:10:09.762+0000] {processor.py:914} INFO - Processing file /home/airflow/.local/lib/python3.12/site-packages/airflow/example_dags/example_branch_labels.py for tasks to queue
[2026-01-08T02:10:09.765+0000] {logging_mixin.py:190} INFO - [2026-01-08T02:10:09.764+0000] {dagbag.py:587} INFO - Filling up the DagBag from /home/airflow/.local/lib/python3.12/site-packages/airflow/example_dags/example_branch_labels.py
[2026-01-08T02:10:09.773+0000] {processor.py:925} INFO - DAG(s) 'example_branch_labels' retrieved from /home/airflow/.local/lib/python3.12/site-packages/airflow/example_dags/example_branch_labels.py
[2026-01-08T02:10:09.790+0000] {logging_mixin.py:190} INFO - [2026-01-08T02:10:09.790+0000] {dag.py:3211} INFO - Sync 1 DAGs
[2026-01-08T02:10:09.809+0000] {logging_mixin.py:190} INFO - [2026-01-08T02:10:09.808+0000] {dag.py:4138} INFO - Setting next_dagrun for example_branch_labels to 2026-01-07 00:00:00+00:00, run_after=2026-01-08 00:00:00+00:00
[2026-01-08T02:10:09.827+0000] {processor.py:208} INFO - Processing /home/airflow/.local/lib/python3.12/site-packages/airflow/example_dags/example_branch_labels.py took 0.070 seconds
[2026-01-08T02:10:40.185+0000] {processor.py:186} INFO - Started process (PID=2831) to work on /home/airflow/.local/lib/python3.12/site-packages/airflow/example_dags/example_branch_labels.py
[2026-01-08T02:10:40.186+0000] {processor.py:914} INFO - Processing file /home/airflow/.local/lib/python3.12/site-packages/airflow/example_dags/example_branch_labels.py for tasks to queue
[2026-01-08T02:10:40.188+0000] {logging_mixin.py:190} INFO - [2026-01-08T02:10:40.188+0000] {dagbag.py:587} INFO - Filling up the DagBag from /home/airflow/.local/lib/python3.12/site-packages/airflow/example_dags/example_branch_labels.py
[2026-01-08T02:10:40.196+0000] {processor.py:925} INFO - DAG(s) 'example_branch_labels' retrieved from /home/airflow/.local/lib/python3.12/site-packages/airflow/example_dags/example_branch_labels.py
[2026-01-08T02:10:40.214+0000] {logging_mixin.py:190} INFO - [2026-01-08T02:10:40.214+0000] {dag.py:3211} INFO - Sync 1 DAGs
[2026-01-08T02:10:40.233+0000] {logging_mixin.py:190} INFO - [2026-01-08T02:10:40.232+0000] {dag.py:4138} INFO - Setting next_dagrun for example_branch_labels to 2026-01-07 00:00:00+00:00, run_after=2026-01-08 00:00:00+00:00
[2026-01-08T02:10:40.249+0000] {processor.py:208} INFO - Processing /home/airflow/.local/lib/python3.12/site-packages/airflow/example_dags/example_branch_labels.py took 0.069 seconds
[2026-01-08T02:11:10.520+0000] {processor.py:186} INFO - Started process (PID=2894) to work on /home/airflow/.local/lib/python3.12/site-packages/airflow/example_dags/example_branch_labels.py
[2026-01-08T02:11:10.522+0000] {processor.py:914} INFO - Processing file /home/airflow/.local/lib/python3.12/site-packages/airflow/example_dags/example_branch_labels.py for tasks to queue
[2026-01-08T02:11:10.525+0000] {logging_mixin.py:190} INFO - [2026-01-08T02:11:10.525+0000] {dagbag.py:587} INFO - Filling up the DagBag from /home/airflow/.local/lib/python3.12/site-packages/airflow/example_dags/example_branch_labels.py
[2026-01-08T02:11:10.535+0000] {processor.py:925} INFO - DAG(s) 'example_branch_labels' retrieved from /home/airflow/.local/lib/python3.12/site-packages/airflow/example_dags/example_branch_labels.py
[2026-01-08T02:11:10.556+0000] {logging_mixin.py:190} INFO - [2026-01-08T02:11:10.556+0000] {dag.py:3211} INFO - Sync 1 DAGs
[2026-01-08T02:11:10.580+0000] {logging_mixin.py:190} INFO - [2026-01-08T02:11:10.580+0000] {dag.py:4138} INFO - Setting next_dagrun for example_branch_labels to 2026-01-07 00:00:00+00:00, run_after=2026-01-08 00:00:00+00:00
[2026-01-08T02:11:10.603+0000] {processor.py:208} INFO - Processing /home/airflow/.local/lib/python3.12/site-packages/airflow/example_dags/example_branch_labels.py took 0.090 seconds
[2026-01-08T02:11:41.167+0000] {processor.py:186} INFO - Started process (PID=2957) to work on /home/airflow/.local/lib/python3.12/site-packages/airflow/example_dags/example_branch_labels.py
[2026-01-08T02:11:41.168+0000] {processor.py:914} INFO - Processing file /home/airflow/.local/lib/python3.12/site-packages/airflow/example_dags/example_branch_labels.py for tasks to queue
[2026-01-08T02:11:41.170+0000] {logging_mixin.py:190} INFO - [2026-01-08T02:11:41.170+0000] {dagbag.py:587} INFO - Filling up the DagBag from /home/airflow/.local/lib/python3.12/site-packages/airflow/example_dags/example_branch_labels.py
[2026-01-08T02:11:41.179+0000] {processor.py:925} INFO - DAG(s) 'example_branch_labels' retrieved from /home/airflow/.local/lib/python3.12/site-packages/airflow/example_dags/example_branch_labels.py
[2026-01-08T02:11:41.197+0000] {logging_mixin.py:190} INFO - [2026-01-08T02:11:41.197+0000] {dag.py:3211} INFO - Sync 1 DAGs
[2026-01-08T02:11:41.216+0000] {logging_mixin.py:190} INFO - [2026-01-08T02:11:41.216+0000] {dag.py:4138} INFO - Setting next_dagrun for example_branch_labels to 2026-01-07 00:00:00+00:00, run_after=2026-01-08 00:00:00+00:00
[2026-01-08T02:11:41.232+0000] {processor.py:208} INFO - Processing /home/airflow/.local/lib/python3.12/site-packages/airflow/example_dags/example_branch_labels.py took 0.069 seconds
[2026-01-08T02:12:12.054+0000] {processor.py:186} INFO - Started process (PID=3021) to work on /home/airflow/.local/lib/python3.12/site-packages/airflow/example_dags/example_branch_labels.py
[2026-01-08T02:12:12.055+0000] {processor.py:914} INFO - Processing file /home/airflow/.local/lib/python3.12/site-packages/airflow/example_dags/example_branch_labels.py for tasks to queue
[2026-01-08T02:12:12.058+0000] {logging_mixin.py:190} INFO - [2026-01-08T02:12:12.057+0000] {dagbag.py:587} INFO - Filling up the DagBag from /home/airflow/.local/lib/python3.12/site-packages/airflow/example_dags/example_branch_labels.py
[2026-01-08T02:12:12.065+0000] {processor.py:925} INFO - DAG(s) 'example_branch_labels' retrieved from /home/airflow/.local/lib/python3.12/site-packages/airflow/example_dags/example_branch_labels.py
[2026-01-08T02:12:12.081+0000] {logging_mixin.py:190} INFO - [2026-01-08T02:12:12.081+0000] {dag.py:3211} INFO - Sync 1 DAGs
[2026-01-08T02:12:12.099+0000] {logging_mixin.py:190} INFO - [2026-01-08T02:12:12.099+0000] {dag.py:4138} INFO - Setting next_dagrun for example_branch_labels to 2026-01-07 00:00:00+00:00, run_after=2026-01-08 00:00:00+00:00
[2026-01-08T02:12:12.115+0000] {processor.py:208} INFO - Processing /home/airflow/.local/lib/python3.12/site-packages/airflow/example_dags/example_branch_labels.py took 0.065 seconds
