[2026-01-08T01:48:24.559+0000] {processor.py:186} INFO - Started process (PID=112) to work on /home/airflow/.local/lib/python3.12/site-packages/airflow/example_dags/example_time_delta_sensor_async.py
[2026-01-08T01:48:24.561+0000] {processor.py:914} INFO - Processing file /home/airflow/.local/lib/python3.12/site-packages/airflow/example_dags/example_time_delta_sensor_async.py for tasks to queue
[2026-01-08T01:48:24.563+0000] {logging_mixin.py:190} INFO - [2026-01-08T01:48:24.563+0000] {dagbag.py:587} INFO - Filling up the DagBag from /home/airflow/.local/lib/python3.12/site-packages/airflow/example_dags/example_time_delta_sensor_async.py
[2026-01-08T01:48:24.570+0000] {processor.py:925} INFO - DAG(s) 'example_time_delta_sensor_async' retrieved from /home/airflow/.local/lib/python3.12/site-packages/airflow/example_dags/example_time_delta_sensor_async.py
[2026-01-08T01:48:24.639+0000] {logging_mixin.py:190} INFO - [2026-01-08T01:48:24.639+0000] {override.py:1858} INFO - Created Permission View: can edit on DAG:example_time_delta_sensor_async
[2026-01-08T01:48:24.646+0000] {logging_mixin.py:190} INFO - [2026-01-08T01:48:24.646+0000] {override.py:1858} INFO - Created Permission View: can read on DAG:example_time_delta_sensor_async
[2026-01-08T01:48:24.652+0000] {logging_mixin.py:190} INFO - [2026-01-08T01:48:24.652+0000] {override.py:1858} INFO - Created Permission View: can delete on DAG:example_time_delta_sensor_async
[2026-01-08T01:48:24.653+0000] {logging_mixin.py:190} INFO - [2026-01-08T01:48:24.652+0000] {dag.py:3211} INFO - Sync 1 DAGs
[2026-01-08T01:48:24.662+0000] {logging_mixin.py:190} INFO - [2026-01-08T01:48:24.662+0000] {dag.py:3234} INFO - Creating ORM DAG for example_time_delta_sensor_async
[2026-01-08T01:48:24.663+0000] {logging_mixin.py:190} INFO - [2026-01-08T01:48:24.663+0000] {dag.py:4138} INFO - Setting next_dagrun for example_time_delta_sensor_async to None, run_after=None
[2026-01-08T01:48:24.677+0000] {processor.py:208} INFO - Processing /home/airflow/.local/lib/python3.12/site-packages/airflow/example_dags/example_time_delta_sensor_async.py took 0.122 seconds
[2026-01-08T01:48:55.283+0000] {processor.py:186} INFO - Started process (PID=174) to work on /home/airflow/.local/lib/python3.12/site-packages/airflow/example_dags/example_time_delta_sensor_async.py
[2026-01-08T01:48:55.284+0000] {processor.py:914} INFO - Processing file /home/airflow/.local/lib/python3.12/site-packages/airflow/example_dags/example_time_delta_sensor_async.py for tasks to queue
[2026-01-08T01:48:55.287+0000] {logging_mixin.py:190} INFO - [2026-01-08T01:48:55.287+0000] {dagbag.py:587} INFO - Filling up the DagBag from /home/airflow/.local/lib/python3.12/site-packages/airflow/example_dags/example_time_delta_sensor_async.py
[2026-01-08T01:48:55.293+0000] {processor.py:925} INFO - DAG(s) 'example_time_delta_sensor_async' retrieved from /home/airflow/.local/lib/python3.12/site-packages/airflow/example_dags/example_time_delta_sensor_async.py
[2026-01-08T01:48:55.308+0000] {logging_mixin.py:190} INFO - [2026-01-08T01:48:55.308+0000] {dag.py:3211} INFO - Sync 1 DAGs
[2026-01-08T01:48:55.318+0000] {logging_mixin.py:190} INFO - [2026-01-08T01:48:55.318+0000] {dag.py:4138} INFO - Setting next_dagrun for example_time_delta_sensor_async to None, run_after=None
[2026-01-08T01:48:55.334+0000] {processor.py:208} INFO - Processing /home/airflow/.local/lib/python3.12/site-packages/airflow/example_dags/example_time_delta_sensor_async.py took 0.056 seconds
[2026-01-08T01:49:25.713+0000] {processor.py:186} INFO - Started process (PID=236) to work on /home/airflow/.local/lib/python3.12/site-packages/airflow/example_dags/example_time_delta_sensor_async.py
[2026-01-08T01:49:25.714+0000] {processor.py:914} INFO - Processing file /home/airflow/.local/lib/python3.12/site-packages/airflow/example_dags/example_time_delta_sensor_async.py for tasks to queue
[2026-01-08T01:49:25.716+0000] {logging_mixin.py:190} INFO - [2026-01-08T01:49:25.716+0000] {dagbag.py:587} INFO - Filling up the DagBag from /home/airflow/.local/lib/python3.12/site-packages/airflow/example_dags/example_time_delta_sensor_async.py
[2026-01-08T01:49:25.722+0000] {processor.py:925} INFO - DAG(s) 'example_time_delta_sensor_async' retrieved from /home/airflow/.local/lib/python3.12/site-packages/airflow/example_dags/example_time_delta_sensor_async.py
[2026-01-08T01:49:25.739+0000] {logging_mixin.py:190} INFO - [2026-01-08T01:49:25.739+0000] {dag.py:3211} INFO - Sync 1 DAGs
[2026-01-08T01:49:25.751+0000] {logging_mixin.py:190} INFO - [2026-01-08T01:49:25.751+0000] {dag.py:4138} INFO - Setting next_dagrun for example_time_delta_sensor_async to None, run_after=None
[2026-01-08T01:49:25.768+0000] {processor.py:208} INFO - Processing /home/airflow/.local/lib/python3.12/site-packages/airflow/example_dags/example_time_delta_sensor_async.py took 0.060 seconds
[2026-01-08T01:49:56.313+0000] {processor.py:186} INFO - Started process (PID=298) to work on /home/airflow/.local/lib/python3.12/site-packages/airflow/example_dags/example_time_delta_sensor_async.py
[2026-01-08T01:49:56.314+0000] {processor.py:914} INFO - Processing file /home/airflow/.local/lib/python3.12/site-packages/airflow/example_dags/example_time_delta_sensor_async.py for tasks to queue
[2026-01-08T01:49:56.316+0000] {logging_mixin.py:190} INFO - [2026-01-08T01:49:56.316+0000] {dagbag.py:587} INFO - Filling up the DagBag from /home/airflow/.local/lib/python3.12/site-packages/airflow/example_dags/example_time_delta_sensor_async.py
[2026-01-08T01:49:56.323+0000] {processor.py:925} INFO - DAG(s) 'example_time_delta_sensor_async' retrieved from /home/airflow/.local/lib/python3.12/site-packages/airflow/example_dags/example_time_delta_sensor_async.py
[2026-01-08T01:49:56.340+0000] {logging_mixin.py:190} INFO - [2026-01-08T01:49:56.340+0000] {dag.py:3211} INFO - Sync 1 DAGs
[2026-01-08T01:49:56.350+0000] {logging_mixin.py:190} INFO - [2026-01-08T01:49:56.350+0000] {dag.py:4138} INFO - Setting next_dagrun for example_time_delta_sensor_async to None, run_after=None
[2026-01-08T01:49:56.365+0000] {processor.py:208} INFO - Processing /home/airflow/.local/lib/python3.12/site-packages/airflow/example_dags/example_time_delta_sensor_async.py took 0.058 seconds
[2026-01-08T01:50:26.711+0000] {processor.py:186} INFO - Started process (PID=360) to work on /home/airflow/.local/lib/python3.12/site-packages/airflow/example_dags/example_time_delta_sensor_async.py
[2026-01-08T01:50:26.712+0000] {processor.py:914} INFO - Processing file /home/airflow/.local/lib/python3.12/site-packages/airflow/example_dags/example_time_delta_sensor_async.py for tasks to queue
[2026-01-08T01:50:26.714+0000] {logging_mixin.py:190} INFO - [2026-01-08T01:50:26.714+0000] {dagbag.py:587} INFO - Filling up the DagBag from /home/airflow/.local/lib/python3.12/site-packages/airflow/example_dags/example_time_delta_sensor_async.py
[2026-01-08T01:50:26.720+0000] {processor.py:925} INFO - DAG(s) 'example_time_delta_sensor_async' retrieved from /home/airflow/.local/lib/python3.12/site-packages/airflow/example_dags/example_time_delta_sensor_async.py
[2026-01-08T01:50:26.734+0000] {logging_mixin.py:190} INFO - [2026-01-08T01:50:26.734+0000] {dag.py:3211} INFO - Sync 1 DAGs
[2026-01-08T01:50:26.744+0000] {logging_mixin.py:190} INFO - [2026-01-08T01:50:26.744+0000] {dag.py:4138} INFO - Setting next_dagrun for example_time_delta_sensor_async to None, run_after=None
[2026-01-08T01:50:26.757+0000] {processor.py:208} INFO - Processing /home/airflow/.local/lib/python3.12/site-packages/airflow/example_dags/example_time_delta_sensor_async.py took 0.052 seconds
[2026-01-08T01:50:57.110+0000] {processor.py:186} INFO - Started process (PID=422) to work on /home/airflow/.local/lib/python3.12/site-packages/airflow/example_dags/example_time_delta_sensor_async.py
[2026-01-08T01:50:57.112+0000] {processor.py:914} INFO - Processing file /home/airflow/.local/lib/python3.12/site-packages/airflow/example_dags/example_time_delta_sensor_async.py for tasks to queue
[2026-01-08T01:50:57.114+0000] {logging_mixin.py:190} INFO - [2026-01-08T01:50:57.114+0000] {dagbag.py:587} INFO - Filling up the DagBag from /home/airflow/.local/lib/python3.12/site-packages/airflow/example_dags/example_time_delta_sensor_async.py
[2026-01-08T01:50:57.119+0000] {processor.py:925} INFO - DAG(s) 'example_time_delta_sensor_async' retrieved from /home/airflow/.local/lib/python3.12/site-packages/airflow/example_dags/example_time_delta_sensor_async.py
[2026-01-08T01:50:57.137+0000] {logging_mixin.py:190} INFO - [2026-01-08T01:50:57.137+0000] {dag.py:3211} INFO - Sync 1 DAGs
[2026-01-08T01:50:57.147+0000] {logging_mixin.py:190} INFO - [2026-01-08T01:50:57.147+0000] {dag.py:4138} INFO - Setting next_dagrun for example_time_delta_sensor_async to None, run_after=None
[2026-01-08T01:50:57.163+0000] {processor.py:208} INFO - Processing /home/airflow/.local/lib/python3.12/site-packages/airflow/example_dags/example_time_delta_sensor_async.py took 0.057 seconds
[2026-01-08T01:51:27.955+0000] {processor.py:186} INFO - Started process (PID=484) to work on /home/airflow/.local/lib/python3.12/site-packages/airflow/example_dags/example_time_delta_sensor_async.py
[2026-01-08T01:51:27.957+0000] {processor.py:914} INFO - Processing file /home/airflow/.local/lib/python3.12/site-packages/airflow/example_dags/example_time_delta_sensor_async.py for tasks to queue
[2026-01-08T01:51:27.959+0000] {logging_mixin.py:190} INFO - [2026-01-08T01:51:27.959+0000] {dagbag.py:587} INFO - Filling up the DagBag from /home/airflow/.local/lib/python3.12/site-packages/airflow/example_dags/example_time_delta_sensor_async.py
[2026-01-08T01:51:27.965+0000] {processor.py:925} INFO - DAG(s) 'example_time_delta_sensor_async' retrieved from /home/airflow/.local/lib/python3.12/site-packages/airflow/example_dags/example_time_delta_sensor_async.py
[2026-01-08T01:51:27.982+0000] {logging_mixin.py:190} INFO - [2026-01-08T01:51:27.981+0000] {dag.py:3211} INFO - Sync 1 DAGs
[2026-01-08T01:51:27.991+0000] {logging_mixin.py:190} INFO - [2026-01-08T01:51:27.991+0000] {dag.py:4138} INFO - Setting next_dagrun for example_time_delta_sensor_async to None, run_after=None
[2026-01-08T01:51:28.006+0000] {processor.py:208} INFO - Processing /home/airflow/.local/lib/python3.12/site-packages/airflow/example_dags/example_time_delta_sensor_async.py took 0.054 seconds
[2026-01-08T01:51:58.470+0000] {processor.py:186} INFO - Started process (PID=547) to work on /home/airflow/.local/lib/python3.12/site-packages/airflow/example_dags/example_time_delta_sensor_async.py
[2026-01-08T01:51:58.471+0000] {processor.py:914} INFO - Processing file /home/airflow/.local/lib/python3.12/site-packages/airflow/example_dags/example_time_delta_sensor_async.py for tasks to queue
[2026-01-08T01:51:58.473+0000] {logging_mixin.py:190} INFO - [2026-01-08T01:51:58.473+0000] {dagbag.py:587} INFO - Filling up the DagBag from /home/airflow/.local/lib/python3.12/site-packages/airflow/example_dags/example_time_delta_sensor_async.py
[2026-01-08T01:51:58.479+0000] {processor.py:925} INFO - DAG(s) 'example_time_delta_sensor_async' retrieved from /home/airflow/.local/lib/python3.12/site-packages/airflow/example_dags/example_time_delta_sensor_async.py
[2026-01-08T01:51:58.495+0000] {logging_mixin.py:190} INFO - [2026-01-08T01:51:58.495+0000] {dag.py:3211} INFO - Sync 1 DAGs
[2026-01-08T01:51:58.505+0000] {logging_mixin.py:190} INFO - [2026-01-08T01:51:58.505+0000] {dag.py:4138} INFO - Setting next_dagrun for example_time_delta_sensor_async to None, run_after=None
[2026-01-08T01:51:58.519+0000] {processor.py:208} INFO - Processing /home/airflow/.local/lib/python3.12/site-packages/airflow/example_dags/example_time_delta_sensor_async.py took 0.054 seconds
[2026-01-08T01:52:28.853+0000] {processor.py:186} INFO - Started process (PID=609) to work on /home/airflow/.local/lib/python3.12/site-packages/airflow/example_dags/example_time_delta_sensor_async.py
[2026-01-08T01:52:28.854+0000] {processor.py:914} INFO - Processing file /home/airflow/.local/lib/python3.12/site-packages/airflow/example_dags/example_time_delta_sensor_async.py for tasks to queue
[2026-01-08T01:52:28.856+0000] {logging_mixin.py:190} INFO - [2026-01-08T01:52:28.856+0000] {dagbag.py:587} INFO - Filling up the DagBag from /home/airflow/.local/lib/python3.12/site-packages/airflow/example_dags/example_time_delta_sensor_async.py
[2026-01-08T01:52:28.862+0000] {processor.py:925} INFO - DAG(s) 'example_time_delta_sensor_async' retrieved from /home/airflow/.local/lib/python3.12/site-packages/airflow/example_dags/example_time_delta_sensor_async.py
[2026-01-08T01:52:28.877+0000] {logging_mixin.py:190} INFO - [2026-01-08T01:52:28.877+0000] {dag.py:3211} INFO - Sync 1 DAGs
[2026-01-08T01:52:28.888+0000] {logging_mixin.py:190} INFO - [2026-01-08T01:52:28.888+0000] {dag.py:4138} INFO - Setting next_dagrun for example_time_delta_sensor_async to None, run_after=None
[2026-01-08T01:52:28.902+0000] {processor.py:208} INFO - Processing /home/airflow/.local/lib/python3.12/site-packages/airflow/example_dags/example_time_delta_sensor_async.py took 0.053 seconds
[2026-01-08T01:52:59.224+0000] {processor.py:186} INFO - Started process (PID=671) to work on /home/airflow/.local/lib/python3.12/site-packages/airflow/example_dags/example_time_delta_sensor_async.py
[2026-01-08T01:52:59.225+0000] {processor.py:914} INFO - Processing file /home/airflow/.local/lib/python3.12/site-packages/airflow/example_dags/example_time_delta_sensor_async.py for tasks to queue
[2026-01-08T01:52:59.228+0000] {logging_mixin.py:190} INFO - [2026-01-08T01:52:59.227+0000] {dagbag.py:587} INFO - Filling up the DagBag from /home/airflow/.local/lib/python3.12/site-packages/airflow/example_dags/example_time_delta_sensor_async.py
[2026-01-08T01:52:59.234+0000] {processor.py:925} INFO - DAG(s) 'example_time_delta_sensor_async' retrieved from /home/airflow/.local/lib/python3.12/site-packages/airflow/example_dags/example_time_delta_sensor_async.py
[2026-01-08T01:52:59.254+0000] {logging_mixin.py:190} INFO - [2026-01-08T01:52:59.254+0000] {dag.py:3211} INFO - Sync 1 DAGs
[2026-01-08T01:52:59.265+0000] {logging_mixin.py:190} INFO - [2026-01-08T01:52:59.265+0000] {dag.py:4138} INFO - Setting next_dagrun for example_time_delta_sensor_async to None, run_after=None
[2026-01-08T01:52:59.283+0000] {processor.py:208} INFO - Processing /home/airflow/.local/lib/python3.12/site-packages/airflow/example_dags/example_time_delta_sensor_async.py took 0.064 seconds
[2026-01-08T01:53:29.738+0000] {processor.py:186} INFO - Started process (PID=733) to work on /home/airflow/.local/lib/python3.12/site-packages/airflow/example_dags/example_time_delta_sensor_async.py
[2026-01-08T01:53:29.740+0000] {processor.py:914} INFO - Processing file /home/airflow/.local/lib/python3.12/site-packages/airflow/example_dags/example_time_delta_sensor_async.py for tasks to queue
[2026-01-08T01:53:29.742+0000] {logging_mixin.py:190} INFO - [2026-01-08T01:53:29.742+0000] {dagbag.py:587} INFO - Filling up the DagBag from /home/airflow/.local/lib/python3.12/site-packages/airflow/example_dags/example_time_delta_sensor_async.py
[2026-01-08T01:53:29.748+0000] {processor.py:925} INFO - DAG(s) 'example_time_delta_sensor_async' retrieved from /home/airflow/.local/lib/python3.12/site-packages/airflow/example_dags/example_time_delta_sensor_async.py
[2026-01-08T01:53:29.764+0000] {logging_mixin.py:190} INFO - [2026-01-08T01:53:29.764+0000] {dag.py:3211} INFO - Sync 1 DAGs
[2026-01-08T01:53:29.774+0000] {logging_mixin.py:190} INFO - [2026-01-08T01:53:29.774+0000] {dag.py:4138} INFO - Setting next_dagrun for example_time_delta_sensor_async to None, run_after=None
[2026-01-08T01:53:29.789+0000] {processor.py:208} INFO - Processing /home/airflow/.local/lib/python3.12/site-packages/airflow/example_dags/example_time_delta_sensor_async.py took 0.055 seconds
[2026-01-08T01:54:00.242+0000] {processor.py:186} INFO - Started process (PID=795) to work on /home/airflow/.local/lib/python3.12/site-packages/airflow/example_dags/example_time_delta_sensor_async.py
[2026-01-08T01:54:00.243+0000] {processor.py:914} INFO - Processing file /home/airflow/.local/lib/python3.12/site-packages/airflow/example_dags/example_time_delta_sensor_async.py for tasks to queue
[2026-01-08T01:54:00.245+0000] {logging_mixin.py:190} INFO - [2026-01-08T01:54:00.245+0000] {dagbag.py:587} INFO - Filling up the DagBag from /home/airflow/.local/lib/python3.12/site-packages/airflow/example_dags/example_time_delta_sensor_async.py
[2026-01-08T01:54:00.250+0000] {processor.py:925} INFO - DAG(s) 'example_time_delta_sensor_async' retrieved from /home/airflow/.local/lib/python3.12/site-packages/airflow/example_dags/example_time_delta_sensor_async.py
[2026-01-08T01:54:00.267+0000] {logging_mixin.py:190} INFO - [2026-01-08T01:54:00.267+0000] {dag.py:3211} INFO - Sync 1 DAGs
[2026-01-08T01:54:00.278+0000] {logging_mixin.py:190} INFO - [2026-01-08T01:54:00.277+0000] {dag.py:4138} INFO - Setting next_dagrun for example_time_delta_sensor_async to None, run_after=None
[2026-01-08T01:54:00.293+0000] {processor.py:208} INFO - Processing /home/airflow/.local/lib/python3.12/site-packages/airflow/example_dags/example_time_delta_sensor_async.py took 0.056 seconds
[2026-01-08T01:54:30.829+0000] {processor.py:186} INFO - Started process (PID=857) to work on /home/airflow/.local/lib/python3.12/site-packages/airflow/example_dags/example_time_delta_sensor_async.py
[2026-01-08T01:54:30.830+0000] {processor.py:914} INFO - Processing file /home/airflow/.local/lib/python3.12/site-packages/airflow/example_dags/example_time_delta_sensor_async.py for tasks to queue
[2026-01-08T01:54:30.833+0000] {logging_mixin.py:190} INFO - [2026-01-08T01:54:30.833+0000] {dagbag.py:587} INFO - Filling up the DagBag from /home/airflow/.local/lib/python3.12/site-packages/airflow/example_dags/example_time_delta_sensor_async.py
[2026-01-08T01:54:30.839+0000] {processor.py:925} INFO - DAG(s) 'example_time_delta_sensor_async' retrieved from /home/airflow/.local/lib/python3.12/site-packages/airflow/example_dags/example_time_delta_sensor_async.py
[2026-01-08T01:54:30.854+0000] {logging_mixin.py:190} INFO - [2026-01-08T01:54:30.853+0000] {dag.py:3211} INFO - Sync 1 DAGs
[2026-01-08T01:54:30.865+0000] {logging_mixin.py:190} INFO - [2026-01-08T01:54:30.864+0000] {dag.py:4138} INFO - Setting next_dagrun for example_time_delta_sensor_async to None, run_after=None
[2026-01-08T01:54:30.879+0000] {processor.py:208} INFO - Processing /home/airflow/.local/lib/python3.12/site-packages/airflow/example_dags/example_time_delta_sensor_async.py took 0.055 seconds
[2026-01-08T01:55:01.277+0000] {processor.py:186} INFO - Started process (PID=919) to work on /home/airflow/.local/lib/python3.12/site-packages/airflow/example_dags/example_time_delta_sensor_async.py
[2026-01-08T01:55:01.278+0000] {processor.py:914} INFO - Processing file /home/airflow/.local/lib/python3.12/site-packages/airflow/example_dags/example_time_delta_sensor_async.py for tasks to queue
[2026-01-08T01:55:01.280+0000] {logging_mixin.py:190} INFO - [2026-01-08T01:55:01.280+0000] {dagbag.py:587} INFO - Filling up the DagBag from /home/airflow/.local/lib/python3.12/site-packages/airflow/example_dags/example_time_delta_sensor_async.py
[2026-01-08T01:55:01.286+0000] {processor.py:925} INFO - DAG(s) 'example_time_delta_sensor_async' retrieved from /home/airflow/.local/lib/python3.12/site-packages/airflow/example_dags/example_time_delta_sensor_async.py
[2026-01-08T01:55:01.301+0000] {logging_mixin.py:190} INFO - [2026-01-08T01:55:01.301+0000] {dag.py:3211} INFO - Sync 1 DAGs
[2026-01-08T01:55:01.311+0000] {logging_mixin.py:190} INFO - [2026-01-08T01:55:01.311+0000] {dag.py:4138} INFO - Setting next_dagrun for example_time_delta_sensor_async to None, run_after=None
[2026-01-08T01:55:01.325+0000] {processor.py:208} INFO - Processing /home/airflow/.local/lib/python3.12/site-packages/airflow/example_dags/example_time_delta_sensor_async.py took 0.052 seconds
[2026-01-08T01:55:32.025+0000] {processor.py:186} INFO - Started process (PID=981) to work on /home/airflow/.local/lib/python3.12/site-packages/airflow/example_dags/example_time_delta_sensor_async.py
[2026-01-08T01:55:32.027+0000] {processor.py:914} INFO - Processing file /home/airflow/.local/lib/python3.12/site-packages/airflow/example_dags/example_time_delta_sensor_async.py for tasks to queue
[2026-01-08T01:55:32.029+0000] {logging_mixin.py:190} INFO - [2026-01-08T01:55:32.029+0000] {dagbag.py:587} INFO - Filling up the DagBag from /home/airflow/.local/lib/python3.12/site-packages/airflow/example_dags/example_time_delta_sensor_async.py
[2026-01-08T01:55:32.035+0000] {processor.py:925} INFO - DAG(s) 'example_time_delta_sensor_async' retrieved from /home/airflow/.local/lib/python3.12/site-packages/airflow/example_dags/example_time_delta_sensor_async.py
[2026-01-08T01:55:32.051+0000] {logging_mixin.py:190} INFO - [2026-01-08T01:55:32.051+0000] {dag.py:3211} INFO - Sync 1 DAGs
[2026-01-08T01:55:32.061+0000] {logging_mixin.py:190} INFO - [2026-01-08T01:55:32.061+0000] {dag.py:4138} INFO - Setting next_dagrun for example_time_delta_sensor_async to None, run_after=None
[2026-01-08T01:55:32.076+0000] {processor.py:208} INFO - Processing /home/airflow/.local/lib/python3.12/site-packages/airflow/example_dags/example_time_delta_sensor_async.py took 0.055 seconds
[2026-01-08T01:56:02.791+0000] {processor.py:186} INFO - Started process (PID=1043) to work on /home/airflow/.local/lib/python3.12/site-packages/airflow/example_dags/example_time_delta_sensor_async.py
[2026-01-08T01:56:02.792+0000] {processor.py:914} INFO - Processing file /home/airflow/.local/lib/python3.12/site-packages/airflow/example_dags/example_time_delta_sensor_async.py for tasks to queue
[2026-01-08T01:56:02.795+0000] {logging_mixin.py:190} INFO - [2026-01-08T01:56:02.795+0000] {dagbag.py:587} INFO - Filling up the DagBag from /home/airflow/.local/lib/python3.12/site-packages/airflow/example_dags/example_time_delta_sensor_async.py
[2026-01-08T01:56:02.801+0000] {processor.py:925} INFO - DAG(s) 'example_time_delta_sensor_async' retrieved from /home/airflow/.local/lib/python3.12/site-packages/airflow/example_dags/example_time_delta_sensor_async.py
[2026-01-08T01:56:02.818+0000] {logging_mixin.py:190} INFO - [2026-01-08T01:56:02.818+0000] {dag.py:3211} INFO - Sync 1 DAGs
[2026-01-08T01:56:02.828+0000] {logging_mixin.py:190} INFO - [2026-01-08T01:56:02.828+0000] {dag.py:4138} INFO - Setting next_dagrun for example_time_delta_sensor_async to None, run_after=None
[2026-01-08T01:56:02.843+0000] {processor.py:208} INFO - Processing /home/airflow/.local/lib/python3.12/site-packages/airflow/example_dags/example_time_delta_sensor_async.py took 0.056 seconds
[2026-01-08T01:56:33.073+0000] {processor.py:186} INFO - Started process (PID=1105) to work on /home/airflow/.local/lib/python3.12/site-packages/airflow/example_dags/example_time_delta_sensor_async.py
[2026-01-08T01:56:33.075+0000] {processor.py:914} INFO - Processing file /home/airflow/.local/lib/python3.12/site-packages/airflow/example_dags/example_time_delta_sensor_async.py for tasks to queue
[2026-01-08T01:56:33.077+0000] {logging_mixin.py:190} INFO - [2026-01-08T01:56:33.077+0000] {dagbag.py:587} INFO - Filling up the DagBag from /home/airflow/.local/lib/python3.12/site-packages/airflow/example_dags/example_time_delta_sensor_async.py
[2026-01-08T01:56:33.083+0000] {processor.py:925} INFO - DAG(s) 'example_time_delta_sensor_async' retrieved from /home/airflow/.local/lib/python3.12/site-packages/airflow/example_dags/example_time_delta_sensor_async.py
[2026-01-08T01:56:33.100+0000] {logging_mixin.py:190} INFO - [2026-01-08T01:56:33.100+0000] {dag.py:3211} INFO - Sync 1 DAGs
[2026-01-08T01:56:33.111+0000] {logging_mixin.py:190} INFO - [2026-01-08T01:56:33.111+0000] {dag.py:4138} INFO - Setting next_dagrun for example_time_delta_sensor_async to None, run_after=None
[2026-01-08T01:56:33.127+0000] {processor.py:208} INFO - Processing /home/airflow/.local/lib/python3.12/site-packages/airflow/example_dags/example_time_delta_sensor_async.py took 0.058 seconds
[2026-01-08T01:57:03.414+0000] {processor.py:186} INFO - Started process (PID=1167) to work on /home/airflow/.local/lib/python3.12/site-packages/airflow/example_dags/example_time_delta_sensor_async.py
[2026-01-08T01:57:03.415+0000] {processor.py:914} INFO - Processing file /home/airflow/.local/lib/python3.12/site-packages/airflow/example_dags/example_time_delta_sensor_async.py for tasks to queue
[2026-01-08T01:57:03.418+0000] {logging_mixin.py:190} INFO - [2026-01-08T01:57:03.417+0000] {dagbag.py:587} INFO - Filling up the DagBag from /home/airflow/.local/lib/python3.12/site-packages/airflow/example_dags/example_time_delta_sensor_async.py
[2026-01-08T01:57:03.426+0000] {processor.py:925} INFO - DAG(s) 'example_time_delta_sensor_async' retrieved from /home/airflow/.local/lib/python3.12/site-packages/airflow/example_dags/example_time_delta_sensor_async.py
[2026-01-08T01:57:03.445+0000] {logging_mixin.py:190} INFO - [2026-01-08T01:57:03.445+0000] {dag.py:3211} INFO - Sync 1 DAGs
[2026-01-08T01:57:03.455+0000] {logging_mixin.py:190} INFO - [2026-01-08T01:57:03.455+0000] {dag.py:4138} INFO - Setting next_dagrun for example_time_delta_sensor_async to None, run_after=None
[2026-01-08T01:57:03.469+0000] {processor.py:208} INFO - Processing /home/airflow/.local/lib/python3.12/site-packages/airflow/example_dags/example_time_delta_sensor_async.py took 0.062 seconds
[2026-01-08T01:57:34.043+0000] {processor.py:186} INFO - Started process (PID=1229) to work on /home/airflow/.local/lib/python3.12/site-packages/airflow/example_dags/example_time_delta_sensor_async.py
[2026-01-08T01:57:34.044+0000] {processor.py:914} INFO - Processing file /home/airflow/.local/lib/python3.12/site-packages/airflow/example_dags/example_time_delta_sensor_async.py for tasks to queue
[2026-01-08T01:57:34.046+0000] {logging_mixin.py:190} INFO - [2026-01-08T01:57:34.046+0000] {dagbag.py:587} INFO - Filling up the DagBag from /home/airflow/.local/lib/python3.12/site-packages/airflow/example_dags/example_time_delta_sensor_async.py
[2026-01-08T01:57:34.051+0000] {processor.py:925} INFO - DAG(s) 'example_time_delta_sensor_async' retrieved from /home/airflow/.local/lib/python3.12/site-packages/airflow/example_dags/example_time_delta_sensor_async.py
[2026-01-08T01:57:34.068+0000] {logging_mixin.py:190} INFO - [2026-01-08T01:57:34.068+0000] {dag.py:3211} INFO - Sync 1 DAGs
[2026-01-08T01:57:34.078+0000] {logging_mixin.py:190} INFO - [2026-01-08T01:57:34.078+0000] {dag.py:4138} INFO - Setting next_dagrun for example_time_delta_sensor_async to None, run_after=None
[2026-01-08T01:57:34.094+0000] {processor.py:208} INFO - Processing /home/airflow/.local/lib/python3.12/site-packages/airflow/example_dags/example_time_delta_sensor_async.py took 0.056 seconds
[2026-01-08T01:58:04.640+0000] {processor.py:186} INFO - Started process (PID=1291) to work on /home/airflow/.local/lib/python3.12/site-packages/airflow/example_dags/example_time_delta_sensor_async.py
[2026-01-08T01:58:04.641+0000] {processor.py:914} INFO - Processing file /home/airflow/.local/lib/python3.12/site-packages/airflow/example_dags/example_time_delta_sensor_async.py for tasks to queue
[2026-01-08T01:58:04.644+0000] {logging_mixin.py:190} INFO - [2026-01-08T01:58:04.643+0000] {dagbag.py:587} INFO - Filling up the DagBag from /home/airflow/.local/lib/python3.12/site-packages/airflow/example_dags/example_time_delta_sensor_async.py
[2026-01-08T01:58:04.649+0000] {processor.py:925} INFO - DAG(s) 'example_time_delta_sensor_async' retrieved from /home/airflow/.local/lib/python3.12/site-packages/airflow/example_dags/example_time_delta_sensor_async.py
[2026-01-08T01:58:04.664+0000] {logging_mixin.py:190} INFO - [2026-01-08T01:58:04.663+0000] {dag.py:3211} INFO - Sync 1 DAGs
[2026-01-08T01:58:04.673+0000] {logging_mixin.py:190} INFO - [2026-01-08T01:58:04.673+0000] {dag.py:4138} INFO - Setting next_dagrun for example_time_delta_sensor_async to None, run_after=None
[2026-01-08T01:58:04.688+0000] {processor.py:208} INFO - Processing /home/airflow/.local/lib/python3.12/site-packages/airflow/example_dags/example_time_delta_sensor_async.py took 0.053 seconds
[2026-01-08T01:58:34.892+0000] {processor.py:186} INFO - Started process (PID=1354) to work on /home/airflow/.local/lib/python3.12/site-packages/airflow/example_dags/example_time_delta_sensor_async.py
[2026-01-08T01:58:34.893+0000] {processor.py:914} INFO - Processing file /home/airflow/.local/lib/python3.12/site-packages/airflow/example_dags/example_time_delta_sensor_async.py for tasks to queue
[2026-01-08T01:58:34.896+0000] {logging_mixin.py:190} INFO - [2026-01-08T01:58:34.895+0000] {dagbag.py:587} INFO - Filling up the DagBag from /home/airflow/.local/lib/python3.12/site-packages/airflow/example_dags/example_time_delta_sensor_async.py
[2026-01-08T01:58:34.901+0000] {processor.py:925} INFO - DAG(s) 'example_time_delta_sensor_async' retrieved from /home/airflow/.local/lib/python3.12/site-packages/airflow/example_dags/example_time_delta_sensor_async.py
[2026-01-08T01:58:34.917+0000] {logging_mixin.py:190} INFO - [2026-01-08T01:58:34.917+0000] {dag.py:3211} INFO - Sync 1 DAGs
[2026-01-08T01:58:34.929+0000] {logging_mixin.py:190} INFO - [2026-01-08T01:58:34.929+0000] {dag.py:4138} INFO - Setting next_dagrun for example_time_delta_sensor_async to None, run_after=None
[2026-01-08T01:58:34.943+0000] {processor.py:208} INFO - Processing /home/airflow/.local/lib/python3.12/site-packages/airflow/example_dags/example_time_delta_sensor_async.py took 0.055 seconds
[2026-01-08T01:59:05.260+0000] {processor.py:186} INFO - Started process (PID=1417) to work on /home/airflow/.local/lib/python3.12/site-packages/airflow/example_dags/example_time_delta_sensor_async.py
[2026-01-08T01:59:05.261+0000] {processor.py:914} INFO - Processing file /home/airflow/.local/lib/python3.12/site-packages/airflow/example_dags/example_time_delta_sensor_async.py for tasks to queue
[2026-01-08T01:59:05.264+0000] {logging_mixin.py:190} INFO - [2026-01-08T01:59:05.264+0000] {dagbag.py:587} INFO - Filling up the DagBag from /home/airflow/.local/lib/python3.12/site-packages/airflow/example_dags/example_time_delta_sensor_async.py
[2026-01-08T01:59:05.269+0000] {processor.py:925} INFO - DAG(s) 'example_time_delta_sensor_async' retrieved from /home/airflow/.local/lib/python3.12/site-packages/airflow/example_dags/example_time_delta_sensor_async.py
[2026-01-08T01:59:05.286+0000] {logging_mixin.py:190} INFO - [2026-01-08T01:59:05.286+0000] {dag.py:3211} INFO - Sync 1 DAGs
[2026-01-08T01:59:05.296+0000] {logging_mixin.py:190} INFO - [2026-01-08T01:59:05.296+0000] {dag.py:4138} INFO - Setting next_dagrun for example_time_delta_sensor_async to None, run_after=None
[2026-01-08T01:59:05.309+0000] {processor.py:208} INFO - Processing /home/airflow/.local/lib/python3.12/site-packages/airflow/example_dags/example_time_delta_sensor_async.py took 0.053 seconds
[2026-01-08T01:59:35.485+0000] {processor.py:186} INFO - Started process (PID=1480) to work on /home/airflow/.local/lib/python3.12/site-packages/airflow/example_dags/example_time_delta_sensor_async.py
[2026-01-08T01:59:35.486+0000] {processor.py:914} INFO - Processing file /home/airflow/.local/lib/python3.12/site-packages/airflow/example_dags/example_time_delta_sensor_async.py for tasks to queue
[2026-01-08T01:59:35.488+0000] {logging_mixin.py:190} INFO - [2026-01-08T01:59:35.488+0000] {dagbag.py:587} INFO - Filling up the DagBag from /home/airflow/.local/lib/python3.12/site-packages/airflow/example_dags/example_time_delta_sensor_async.py
[2026-01-08T01:59:35.494+0000] {processor.py:925} INFO - DAG(s) 'example_time_delta_sensor_async' retrieved from /home/airflow/.local/lib/python3.12/site-packages/airflow/example_dags/example_time_delta_sensor_async.py
[2026-01-08T01:59:35.512+0000] {logging_mixin.py:190} INFO - [2026-01-08T01:59:35.512+0000] {dag.py:3211} INFO - Sync 1 DAGs
[2026-01-08T01:59:35.524+0000] {logging_mixin.py:190} INFO - [2026-01-08T01:59:35.524+0000] {dag.py:4138} INFO - Setting next_dagrun for example_time_delta_sensor_async to None, run_after=None
[2026-01-08T01:59:35.541+0000] {processor.py:208} INFO - Processing /home/airflow/.local/lib/python3.12/site-packages/airflow/example_dags/example_time_delta_sensor_async.py took 0.060 seconds
[2026-01-08T02:00:06.265+0000] {processor.py:186} INFO - Started process (PID=1543) to work on /home/airflow/.local/lib/python3.12/site-packages/airflow/example_dags/example_time_delta_sensor_async.py
[2026-01-08T02:00:06.267+0000] {processor.py:914} INFO - Processing file /home/airflow/.local/lib/python3.12/site-packages/airflow/example_dags/example_time_delta_sensor_async.py for tasks to queue
[2026-01-08T02:00:06.270+0000] {logging_mixin.py:190} INFO - [2026-01-08T02:00:06.269+0000] {dagbag.py:587} INFO - Filling up the DagBag from /home/airflow/.local/lib/python3.12/site-packages/airflow/example_dags/example_time_delta_sensor_async.py
[2026-01-08T02:00:06.275+0000] {processor.py:925} INFO - DAG(s) 'example_time_delta_sensor_async' retrieved from /home/airflow/.local/lib/python3.12/site-packages/airflow/example_dags/example_time_delta_sensor_async.py
[2026-01-08T02:00:06.292+0000] {logging_mixin.py:190} INFO - [2026-01-08T02:00:06.291+0000] {dag.py:3211} INFO - Sync 1 DAGs
[2026-01-08T02:00:06.302+0000] {logging_mixin.py:190} INFO - [2026-01-08T02:00:06.302+0000] {dag.py:4138} INFO - Setting next_dagrun for example_time_delta_sensor_async to None, run_after=None
[2026-01-08T02:00:06.317+0000] {processor.py:208} INFO - Processing /home/airflow/.local/lib/python3.12/site-packages/airflow/example_dags/example_time_delta_sensor_async.py took 0.056 seconds
[2026-01-08T02:00:36.912+0000] {processor.py:186} INFO - Started process (PID=1606) to work on /home/airflow/.local/lib/python3.12/site-packages/airflow/example_dags/example_time_delta_sensor_async.py
[2026-01-08T02:00:36.913+0000] {processor.py:914} INFO - Processing file /home/airflow/.local/lib/python3.12/site-packages/airflow/example_dags/example_time_delta_sensor_async.py for tasks to queue
[2026-01-08T02:00:36.916+0000] {logging_mixin.py:190} INFO - [2026-01-08T02:00:36.916+0000] {dagbag.py:587} INFO - Filling up the DagBag from /home/airflow/.local/lib/python3.12/site-packages/airflow/example_dags/example_time_delta_sensor_async.py
[2026-01-08T02:00:36.922+0000] {processor.py:925} INFO - DAG(s) 'example_time_delta_sensor_async' retrieved from /home/airflow/.local/lib/python3.12/site-packages/airflow/example_dags/example_time_delta_sensor_async.py
[2026-01-08T02:00:36.941+0000] {logging_mixin.py:190} INFO - [2026-01-08T02:00:36.941+0000] {dag.py:3211} INFO - Sync 1 DAGs
[2026-01-08T02:00:36.953+0000] {logging_mixin.py:190} INFO - [2026-01-08T02:00:36.953+0000] {dag.py:4138} INFO - Setting next_dagrun for example_time_delta_sensor_async to None, run_after=None
[2026-01-08T02:00:36.969+0000] {processor.py:208} INFO - Processing /home/airflow/.local/lib/python3.12/site-packages/airflow/example_dags/example_time_delta_sensor_async.py took 0.063 seconds
[2026-01-08T02:01:07.451+0000] {processor.py:186} INFO - Started process (PID=1669) to work on /home/airflow/.local/lib/python3.12/site-packages/airflow/example_dags/example_time_delta_sensor_async.py
[2026-01-08T02:01:07.452+0000] {processor.py:914} INFO - Processing file /home/airflow/.local/lib/python3.12/site-packages/airflow/example_dags/example_time_delta_sensor_async.py for tasks to queue
[2026-01-08T02:01:07.454+0000] {logging_mixin.py:190} INFO - [2026-01-08T02:01:07.454+0000] {dagbag.py:587} INFO - Filling up the DagBag from /home/airflow/.local/lib/python3.12/site-packages/airflow/example_dags/example_time_delta_sensor_async.py
[2026-01-08T02:01:07.460+0000] {processor.py:925} INFO - DAG(s) 'example_time_delta_sensor_async' retrieved from /home/airflow/.local/lib/python3.12/site-packages/airflow/example_dags/example_time_delta_sensor_async.py
[2026-01-08T02:01:07.475+0000] {logging_mixin.py:190} INFO - [2026-01-08T02:01:07.475+0000] {dag.py:3211} INFO - Sync 1 DAGs
[2026-01-08T02:01:07.486+0000] {logging_mixin.py:190} INFO - [2026-01-08T02:01:07.486+0000] {dag.py:4138} INFO - Setting next_dagrun for example_time_delta_sensor_async to None, run_after=None
[2026-01-08T02:01:07.500+0000] {processor.py:208} INFO - Processing /home/airflow/.local/lib/python3.12/site-packages/airflow/example_dags/example_time_delta_sensor_async.py took 0.054 seconds
[2026-01-08T02:01:38.467+0000] {processor.py:186} INFO - Started process (PID=1732) to work on /home/airflow/.local/lib/python3.12/site-packages/airflow/example_dags/example_time_delta_sensor_async.py
[2026-01-08T02:01:38.469+0000] {processor.py:914} INFO - Processing file /home/airflow/.local/lib/python3.12/site-packages/airflow/example_dags/example_time_delta_sensor_async.py for tasks to queue
[2026-01-08T02:01:38.471+0000] {logging_mixin.py:190} INFO - [2026-01-08T02:01:38.471+0000] {dagbag.py:587} INFO - Filling up the DagBag from /home/airflow/.local/lib/python3.12/site-packages/airflow/example_dags/example_time_delta_sensor_async.py
[2026-01-08T02:01:38.477+0000] {processor.py:925} INFO - DAG(s) 'example_time_delta_sensor_async' retrieved from /home/airflow/.local/lib/python3.12/site-packages/airflow/example_dags/example_time_delta_sensor_async.py
[2026-01-08T02:01:38.499+0000] {logging_mixin.py:190} INFO - [2026-01-08T02:01:38.498+0000] {dag.py:3211} INFO - Sync 1 DAGs
[2026-01-08T02:01:38.510+0000] {logging_mixin.py:190} INFO - [2026-01-08T02:01:38.510+0000] {dag.py:4138} INFO - Setting next_dagrun for example_time_delta_sensor_async to None, run_after=None
[2026-01-08T02:01:38.527+0000] {processor.py:208} INFO - Processing /home/airflow/.local/lib/python3.12/site-packages/airflow/example_dags/example_time_delta_sensor_async.py took 0.065 seconds
[2026-01-08T02:02:09.373+0000] {processor.py:186} INFO - Started process (PID=1795) to work on /home/airflow/.local/lib/python3.12/site-packages/airflow/example_dags/example_time_delta_sensor_async.py
[2026-01-08T02:02:09.374+0000] {processor.py:914} INFO - Processing file /home/airflow/.local/lib/python3.12/site-packages/airflow/example_dags/example_time_delta_sensor_async.py for tasks to queue
[2026-01-08T02:02:09.376+0000] {logging_mixin.py:190} INFO - [2026-01-08T02:02:09.376+0000] {dagbag.py:587} INFO - Filling up the DagBag from /home/airflow/.local/lib/python3.12/site-packages/airflow/example_dags/example_time_delta_sensor_async.py
[2026-01-08T02:02:09.383+0000] {processor.py:925} INFO - DAG(s) 'example_time_delta_sensor_async' retrieved from /home/airflow/.local/lib/python3.12/site-packages/airflow/example_dags/example_time_delta_sensor_async.py
[2026-01-08T02:02:09.402+0000] {logging_mixin.py:190} INFO - [2026-01-08T02:02:09.401+0000] {dag.py:3211} INFO - Sync 1 DAGs
[2026-01-08T02:02:09.414+0000] {logging_mixin.py:190} INFO - [2026-01-08T02:02:09.414+0000] {dag.py:4138} INFO - Setting next_dagrun for example_time_delta_sensor_async to None, run_after=None
[2026-01-08T02:02:09.433+0000] {processor.py:208} INFO - Processing /home/airflow/.local/lib/python3.12/site-packages/airflow/example_dags/example_time_delta_sensor_async.py took 0.066 seconds
[2026-01-08T02:02:40.419+0000] {processor.py:186} INFO - Started process (PID=1859) to work on /home/airflow/.local/lib/python3.12/site-packages/airflow/example_dags/example_time_delta_sensor_async.py
[2026-01-08T02:02:40.421+0000] {processor.py:914} INFO - Processing file /home/airflow/.local/lib/python3.12/site-packages/airflow/example_dags/example_time_delta_sensor_async.py for tasks to queue
[2026-01-08T02:02:40.423+0000] {logging_mixin.py:190} INFO - [2026-01-08T02:02:40.423+0000] {dagbag.py:587} INFO - Filling up the DagBag from /home/airflow/.local/lib/python3.12/site-packages/airflow/example_dags/example_time_delta_sensor_async.py
[2026-01-08T02:02:40.429+0000] {processor.py:925} INFO - DAG(s) 'example_time_delta_sensor_async' retrieved from /home/airflow/.local/lib/python3.12/site-packages/airflow/example_dags/example_time_delta_sensor_async.py
[2026-01-08T02:02:40.449+0000] {logging_mixin.py:190} INFO - [2026-01-08T02:02:40.449+0000] {dag.py:3211} INFO - Sync 1 DAGs
[2026-01-08T02:02:40.459+0000] {logging_mixin.py:190} INFO - [2026-01-08T02:02:40.459+0000] {dag.py:4138} INFO - Setting next_dagrun for example_time_delta_sensor_async to None, run_after=None
[2026-01-08T02:02:40.477+0000] {processor.py:208} INFO - Processing /home/airflow/.local/lib/python3.12/site-packages/airflow/example_dags/example_time_delta_sensor_async.py took 0.063 seconds
[2026-01-08T02:03:11.576+0000] {processor.py:186} INFO - Started process (PID=1922) to work on /home/airflow/.local/lib/python3.12/site-packages/airflow/example_dags/example_time_delta_sensor_async.py
[2026-01-08T02:03:11.577+0000] {processor.py:914} INFO - Processing file /home/airflow/.local/lib/python3.12/site-packages/airflow/example_dags/example_time_delta_sensor_async.py for tasks to queue
[2026-01-08T02:03:11.579+0000] {logging_mixin.py:190} INFO - [2026-01-08T02:03:11.579+0000] {dagbag.py:587} INFO - Filling up the DagBag from /home/airflow/.local/lib/python3.12/site-packages/airflow/example_dags/example_time_delta_sensor_async.py
[2026-01-08T02:03:11.585+0000] {processor.py:925} INFO - DAG(s) 'example_time_delta_sensor_async' retrieved from /home/airflow/.local/lib/python3.12/site-packages/airflow/example_dags/example_time_delta_sensor_async.py
[2026-01-08T02:03:11.601+0000] {logging_mixin.py:190} INFO - [2026-01-08T02:03:11.601+0000] {dag.py:3211} INFO - Sync 1 DAGs
[2026-01-08T02:03:11.611+0000] {logging_mixin.py:190} INFO - [2026-01-08T02:03:11.611+0000] {dag.py:4138} INFO - Setting next_dagrun for example_time_delta_sensor_async to None, run_after=None
[2026-01-08T02:03:11.624+0000] {processor.py:208} INFO - Processing /home/airflow/.local/lib/python3.12/site-packages/airflow/example_dags/example_time_delta_sensor_async.py took 0.053 seconds
[2026-01-08T02:03:42.042+0000] {processor.py:186} INFO - Started process (PID=1986) to work on /home/airflow/.local/lib/python3.12/site-packages/airflow/example_dags/example_time_delta_sensor_async.py
[2026-01-08T02:03:42.043+0000] {processor.py:914} INFO - Processing file /home/airflow/.local/lib/python3.12/site-packages/airflow/example_dags/example_time_delta_sensor_async.py for tasks to queue
[2026-01-08T02:03:42.046+0000] {logging_mixin.py:190} INFO - [2026-01-08T02:03:42.045+0000] {dagbag.py:587} INFO - Filling up the DagBag from /home/airflow/.local/lib/python3.12/site-packages/airflow/example_dags/example_time_delta_sensor_async.py
[2026-01-08T02:03:42.051+0000] {processor.py:925} INFO - DAG(s) 'example_time_delta_sensor_async' retrieved from /home/airflow/.local/lib/python3.12/site-packages/airflow/example_dags/example_time_delta_sensor_async.py
[2026-01-08T02:03:42.066+0000] {logging_mixin.py:190} INFO - [2026-01-08T02:03:42.066+0000] {dag.py:3211} INFO - Sync 1 DAGs
[2026-01-08T02:03:42.076+0000] {logging_mixin.py:190} INFO - [2026-01-08T02:03:42.076+0000] {dag.py:4138} INFO - Setting next_dagrun for example_time_delta_sensor_async to None, run_after=None
[2026-01-08T02:03:42.091+0000] {processor.py:208} INFO - Processing /home/airflow/.local/lib/python3.12/site-packages/airflow/example_dags/example_time_delta_sensor_async.py took 0.053 seconds
[2026-01-08T02:04:12.267+0000] {processor.py:186} INFO - Started process (PID=2049) to work on /home/airflow/.local/lib/python3.12/site-packages/airflow/example_dags/example_time_delta_sensor_async.py
[2026-01-08T02:04:12.268+0000] {processor.py:914} INFO - Processing file /home/airflow/.local/lib/python3.12/site-packages/airflow/example_dags/example_time_delta_sensor_async.py for tasks to queue
[2026-01-08T02:04:12.270+0000] {logging_mixin.py:190} INFO - [2026-01-08T02:04:12.270+0000] {dagbag.py:587} INFO - Filling up the DagBag from /home/airflow/.local/lib/python3.12/site-packages/airflow/example_dags/example_time_delta_sensor_async.py
[2026-01-08T02:04:12.276+0000] {processor.py:925} INFO - DAG(s) 'example_time_delta_sensor_async' retrieved from /home/airflow/.local/lib/python3.12/site-packages/airflow/example_dags/example_time_delta_sensor_async.py
[2026-01-08T02:04:12.292+0000] {logging_mixin.py:190} INFO - [2026-01-08T02:04:12.292+0000] {dag.py:3211} INFO - Sync 1 DAGs
[2026-01-08T02:04:12.303+0000] {logging_mixin.py:190} INFO - [2026-01-08T02:04:12.303+0000] {dag.py:4138} INFO - Setting next_dagrun for example_time_delta_sensor_async to None, run_after=None
[2026-01-08T02:04:12.321+0000] {processor.py:208} INFO - Processing /home/airflow/.local/lib/python3.12/site-packages/airflow/example_dags/example_time_delta_sensor_async.py took 0.059 seconds
[2026-01-08T02:04:42.608+0000] {processor.py:186} INFO - Started process (PID=2112) to work on /home/airflow/.local/lib/python3.12/site-packages/airflow/example_dags/example_time_delta_sensor_async.py
[2026-01-08T02:04:42.610+0000] {processor.py:914} INFO - Processing file /home/airflow/.local/lib/python3.12/site-packages/airflow/example_dags/example_time_delta_sensor_async.py for tasks to queue
[2026-01-08T02:04:42.613+0000] {logging_mixin.py:190} INFO - [2026-01-08T02:04:42.612+0000] {dagbag.py:587} INFO - Filling up the DagBag from /home/airflow/.local/lib/python3.12/site-packages/airflow/example_dags/example_time_delta_sensor_async.py
[2026-01-08T02:04:42.619+0000] {processor.py:925} INFO - DAG(s) 'example_time_delta_sensor_async' retrieved from /home/airflow/.local/lib/python3.12/site-packages/airflow/example_dags/example_time_delta_sensor_async.py
[2026-01-08T02:04:42.633+0000] {logging_mixin.py:190} INFO - [2026-01-08T02:04:42.633+0000] {dag.py:3211} INFO - Sync 1 DAGs
[2026-01-08T02:04:42.643+0000] {logging_mixin.py:190} INFO - [2026-01-08T02:04:42.642+0000] {dag.py:4138} INFO - Setting next_dagrun for example_time_delta_sensor_async to None, run_after=None
[2026-01-08T02:04:42.656+0000] {processor.py:208} INFO - Processing /home/airflow/.local/lib/python3.12/site-packages/airflow/example_dags/example_time_delta_sensor_async.py took 0.053 seconds
[2026-01-08T02:05:13.977+0000] {processor.py:186} INFO - Started process (PID=2175) to work on /home/airflow/.local/lib/python3.12/site-packages/airflow/example_dags/example_time_delta_sensor_async.py
[2026-01-08T02:05:13.979+0000] {processor.py:914} INFO - Processing file /home/airflow/.local/lib/python3.12/site-packages/airflow/example_dags/example_time_delta_sensor_async.py for tasks to queue
[2026-01-08T02:05:13.981+0000] {logging_mixin.py:190} INFO - [2026-01-08T02:05:13.981+0000] {dagbag.py:587} INFO - Filling up the DagBag from /home/airflow/.local/lib/python3.12/site-packages/airflow/example_dags/example_time_delta_sensor_async.py
[2026-01-08T02:05:13.987+0000] {processor.py:925} INFO - DAG(s) 'example_time_delta_sensor_async' retrieved from /home/airflow/.local/lib/python3.12/site-packages/airflow/example_dags/example_time_delta_sensor_async.py
[2026-01-08T02:05:14.004+0000] {logging_mixin.py:190} INFO - [2026-01-08T02:05:14.004+0000] {dag.py:3211} INFO - Sync 1 DAGs
[2026-01-08T02:05:14.014+0000] {logging_mixin.py:190} INFO - [2026-01-08T02:05:14.014+0000] {dag.py:4138} INFO - Setting next_dagrun for example_time_delta_sensor_async to None, run_after=None
[2026-01-08T02:05:14.027+0000] {processor.py:208} INFO - Processing /home/airflow/.local/lib/python3.12/site-packages/airflow/example_dags/example_time_delta_sensor_async.py took 0.054 seconds
[2026-01-08T02:05:45.233+0000] {processor.py:186} INFO - Started process (PID=2238) to work on /home/airflow/.local/lib/python3.12/site-packages/airflow/example_dags/example_time_delta_sensor_async.py
[2026-01-08T02:05:45.234+0000] {processor.py:914} INFO - Processing file /home/airflow/.local/lib/python3.12/site-packages/airflow/example_dags/example_time_delta_sensor_async.py for tasks to queue
[2026-01-08T02:05:45.236+0000] {logging_mixin.py:190} INFO - [2026-01-08T02:05:45.236+0000] {dagbag.py:587} INFO - Filling up the DagBag from /home/airflow/.local/lib/python3.12/site-packages/airflow/example_dags/example_time_delta_sensor_async.py
[2026-01-08T02:05:45.241+0000] {processor.py:925} INFO - DAG(s) 'example_time_delta_sensor_async' retrieved from /home/airflow/.local/lib/python3.12/site-packages/airflow/example_dags/example_time_delta_sensor_async.py
[2026-01-08T02:05:45.258+0000] {logging_mixin.py:190} INFO - [2026-01-08T02:05:45.258+0000] {dag.py:3211} INFO - Sync 1 DAGs
[2026-01-08T02:05:45.268+0000] {logging_mixin.py:190} INFO - [2026-01-08T02:05:45.267+0000] {dag.py:4138} INFO - Setting next_dagrun for example_time_delta_sensor_async to None, run_after=None
[2026-01-08T02:05:45.281+0000] {processor.py:208} INFO - Processing /home/airflow/.local/lib/python3.12/site-packages/airflow/example_dags/example_time_delta_sensor_async.py took 0.052 seconds
[2026-01-08T02:06:16.695+0000] {processor.py:186} INFO - Started process (PID=2301) to work on /home/airflow/.local/lib/python3.12/site-packages/airflow/example_dags/example_time_delta_sensor_async.py
[2026-01-08T02:06:16.696+0000] {processor.py:914} INFO - Processing file /home/airflow/.local/lib/python3.12/site-packages/airflow/example_dags/example_time_delta_sensor_async.py for tasks to queue
[2026-01-08T02:06:16.698+0000] {logging_mixin.py:190} INFO - [2026-01-08T02:06:16.698+0000] {dagbag.py:587} INFO - Filling up the DagBag from /home/airflow/.local/lib/python3.12/site-packages/airflow/example_dags/example_time_delta_sensor_async.py
[2026-01-08T02:06:16.704+0000] {processor.py:925} INFO - DAG(s) 'example_time_delta_sensor_async' retrieved from /home/airflow/.local/lib/python3.12/site-packages/airflow/example_dags/example_time_delta_sensor_async.py
[2026-01-08T02:06:16.721+0000] {logging_mixin.py:190} INFO - [2026-01-08T02:06:16.721+0000] {dag.py:3211} INFO - Sync 1 DAGs
[2026-01-08T02:06:16.732+0000] {logging_mixin.py:190} INFO - [2026-01-08T02:06:16.732+0000] {dag.py:4138} INFO - Setting next_dagrun for example_time_delta_sensor_async to None, run_after=None
[2026-01-08T02:06:16.746+0000] {processor.py:208} INFO - Processing /home/airflow/.local/lib/python3.12/site-packages/airflow/example_dags/example_time_delta_sensor_async.py took 0.056 seconds
[2026-01-08T02:06:47.121+0000] {processor.py:186} INFO - Started process (PID=2364) to work on /home/airflow/.local/lib/python3.12/site-packages/airflow/example_dags/example_time_delta_sensor_async.py
[2026-01-08T02:06:47.123+0000] {processor.py:914} INFO - Processing file /home/airflow/.local/lib/python3.12/site-packages/airflow/example_dags/example_time_delta_sensor_async.py for tasks to queue
[2026-01-08T02:06:47.126+0000] {logging_mixin.py:190} INFO - [2026-01-08T02:06:47.126+0000] {dagbag.py:587} INFO - Filling up the DagBag from /home/airflow/.local/lib/python3.12/site-packages/airflow/example_dags/example_time_delta_sensor_async.py
[2026-01-08T02:06:47.133+0000] {processor.py:925} INFO - DAG(s) 'example_time_delta_sensor_async' retrieved from /home/airflow/.local/lib/python3.12/site-packages/airflow/example_dags/example_time_delta_sensor_async.py
[2026-01-08T02:06:47.151+0000] {logging_mixin.py:190} INFO - [2026-01-08T02:06:47.150+0000] {dag.py:3211} INFO - Sync 1 DAGs
[2026-01-08T02:06:47.161+0000] {logging_mixin.py:190} INFO - [2026-01-08T02:06:47.161+0000] {dag.py:4138} INFO - Setting next_dagrun for example_time_delta_sensor_async to None, run_after=None
[2026-01-08T02:06:47.177+0000] {processor.py:208} INFO - Processing /home/airflow/.local/lib/python3.12/site-packages/airflow/example_dags/example_time_delta_sensor_async.py took 0.061 seconds
[2026-01-08T02:07:17.413+0000] {processor.py:186} INFO - Started process (PID=2427) to work on /home/airflow/.local/lib/python3.12/site-packages/airflow/example_dags/example_time_delta_sensor_async.py
[2026-01-08T02:07:17.414+0000] {processor.py:914} INFO - Processing file /home/airflow/.local/lib/python3.12/site-packages/airflow/example_dags/example_time_delta_sensor_async.py for tasks to queue
[2026-01-08T02:07:17.416+0000] {logging_mixin.py:190} INFO - [2026-01-08T02:07:17.416+0000] {dagbag.py:587} INFO - Filling up the DagBag from /home/airflow/.local/lib/python3.12/site-packages/airflow/example_dags/example_time_delta_sensor_async.py
[2026-01-08T02:07:17.421+0000] {processor.py:925} INFO - DAG(s) 'example_time_delta_sensor_async' retrieved from /home/airflow/.local/lib/python3.12/site-packages/airflow/example_dags/example_time_delta_sensor_async.py
[2026-01-08T02:07:17.437+0000] {logging_mixin.py:190} INFO - [2026-01-08T02:07:17.437+0000] {dag.py:3211} INFO - Sync 1 DAGs
[2026-01-08T02:07:17.447+0000] {logging_mixin.py:190} INFO - [2026-01-08T02:07:17.447+0000] {dag.py:4138} INFO - Setting next_dagrun for example_time_delta_sensor_async to None, run_after=None
[2026-01-08T02:07:17.461+0000] {processor.py:208} INFO - Processing /home/airflow/.local/lib/python3.12/site-packages/airflow/example_dags/example_time_delta_sensor_async.py took 0.053 seconds
[2026-01-08T02:07:47.730+0000] {processor.py:186} INFO - Started process (PID=2490) to work on /home/airflow/.local/lib/python3.12/site-packages/airflow/example_dags/example_time_delta_sensor_async.py
[2026-01-08T02:07:47.731+0000] {processor.py:914} INFO - Processing file /home/airflow/.local/lib/python3.12/site-packages/airflow/example_dags/example_time_delta_sensor_async.py for tasks to queue
[2026-01-08T02:07:47.733+0000] {logging_mixin.py:190} INFO - [2026-01-08T02:07:47.733+0000] {dagbag.py:587} INFO - Filling up the DagBag from /home/airflow/.local/lib/python3.12/site-packages/airflow/example_dags/example_time_delta_sensor_async.py
[2026-01-08T02:07:47.739+0000] {processor.py:925} INFO - DAG(s) 'example_time_delta_sensor_async' retrieved from /home/airflow/.local/lib/python3.12/site-packages/airflow/example_dags/example_time_delta_sensor_async.py
[2026-01-08T02:07:47.756+0000] {logging_mixin.py:190} INFO - [2026-01-08T02:07:47.756+0000] {dag.py:3211} INFO - Sync 1 DAGs
[2026-01-08T02:07:47.766+0000] {logging_mixin.py:190} INFO - [2026-01-08T02:07:47.766+0000] {dag.py:4138} INFO - Setting next_dagrun for example_time_delta_sensor_async to None, run_after=None
[2026-01-08T02:07:47.783+0000] {processor.py:208} INFO - Processing /home/airflow/.local/lib/python3.12/site-packages/airflow/example_dags/example_time_delta_sensor_async.py took 0.057 seconds
[2026-01-08T02:08:18.938+0000] {processor.py:186} INFO - Started process (PID=2553) to work on /home/airflow/.local/lib/python3.12/site-packages/airflow/example_dags/example_time_delta_sensor_async.py
[2026-01-08T02:08:18.940+0000] {processor.py:914} INFO - Processing file /home/airflow/.local/lib/python3.12/site-packages/airflow/example_dags/example_time_delta_sensor_async.py for tasks to queue
[2026-01-08T02:08:18.942+0000] {logging_mixin.py:190} INFO - [2026-01-08T02:08:18.942+0000] {dagbag.py:587} INFO - Filling up the DagBag from /home/airflow/.local/lib/python3.12/site-packages/airflow/example_dags/example_time_delta_sensor_async.py
[2026-01-08T02:08:18.948+0000] {processor.py:925} INFO - DAG(s) 'example_time_delta_sensor_async' retrieved from /home/airflow/.local/lib/python3.12/site-packages/airflow/example_dags/example_time_delta_sensor_async.py
[2026-01-08T02:08:18.964+0000] {logging_mixin.py:190} INFO - [2026-01-08T02:08:18.964+0000] {dag.py:3211} INFO - Sync 1 DAGs
[2026-01-08T02:08:18.974+0000] {logging_mixin.py:190} INFO - [2026-01-08T02:08:18.974+0000] {dag.py:4138} INFO - Setting next_dagrun for example_time_delta_sensor_async to None, run_after=None
[2026-01-08T02:08:18.988+0000] {processor.py:208} INFO - Processing /home/airflow/.local/lib/python3.12/site-packages/airflow/example_dags/example_time_delta_sensor_async.py took 0.054 seconds
[2026-01-08T02:08:50.216+0000] {processor.py:186} INFO - Started process (PID=2616) to work on /home/airflow/.local/lib/python3.12/site-packages/airflow/example_dags/example_time_delta_sensor_async.py
[2026-01-08T02:08:50.218+0000] {processor.py:914} INFO - Processing file /home/airflow/.local/lib/python3.12/site-packages/airflow/example_dags/example_time_delta_sensor_async.py for tasks to queue
[2026-01-08T02:08:50.220+0000] {logging_mixin.py:190} INFO - [2026-01-08T02:08:50.220+0000] {dagbag.py:587} INFO - Filling up the DagBag from /home/airflow/.local/lib/python3.12/site-packages/airflow/example_dags/example_time_delta_sensor_async.py
[2026-01-08T02:08:50.226+0000] {processor.py:925} INFO - DAG(s) 'example_time_delta_sensor_async' retrieved from /home/airflow/.local/lib/python3.12/site-packages/airflow/example_dags/example_time_delta_sensor_async.py
[2026-01-08T02:08:50.243+0000] {logging_mixin.py:190} INFO - [2026-01-08T02:08:50.243+0000] {dag.py:3211} INFO - Sync 1 DAGs
[2026-01-08T02:08:50.254+0000] {logging_mixin.py:190} INFO - [2026-01-08T02:08:50.254+0000] {dag.py:4138} INFO - Setting next_dagrun for example_time_delta_sensor_async to None, run_after=None
[2026-01-08T02:08:50.267+0000] {processor.py:208} INFO - Processing /home/airflow/.local/lib/python3.12/site-packages/airflow/example_dags/example_time_delta_sensor_async.py took 0.056 seconds
[2026-01-08T02:09:20.718+0000] {processor.py:186} INFO - Started process (PID=2679) to work on /home/airflow/.local/lib/python3.12/site-packages/airflow/example_dags/example_time_delta_sensor_async.py
[2026-01-08T02:09:20.720+0000] {processor.py:914} INFO - Processing file /home/airflow/.local/lib/python3.12/site-packages/airflow/example_dags/example_time_delta_sensor_async.py for tasks to queue
[2026-01-08T02:09:20.722+0000] {logging_mixin.py:190} INFO - [2026-01-08T02:09:20.722+0000] {dagbag.py:587} INFO - Filling up the DagBag from /home/airflow/.local/lib/python3.12/site-packages/airflow/example_dags/example_time_delta_sensor_async.py
[2026-01-08T02:09:20.728+0000] {processor.py:925} INFO - DAG(s) 'example_time_delta_sensor_async' retrieved from /home/airflow/.local/lib/python3.12/site-packages/airflow/example_dags/example_time_delta_sensor_async.py
[2026-01-08T02:09:20.746+0000] {logging_mixin.py:190} INFO - [2026-01-08T02:09:20.745+0000] {dag.py:3211} INFO - Sync 1 DAGs
[2026-01-08T02:09:20.757+0000] {logging_mixin.py:190} INFO - [2026-01-08T02:09:20.756+0000] {dag.py:4138} INFO - Setting next_dagrun for example_time_delta_sensor_async to None, run_after=None
[2026-01-08T02:09:20.771+0000] {processor.py:208} INFO - Processing /home/airflow/.local/lib/python3.12/site-packages/airflow/example_dags/example_time_delta_sensor_async.py took 0.058 seconds
[2026-01-08T02:09:51.090+0000] {processor.py:186} INFO - Started process (PID=2742) to work on /home/airflow/.local/lib/python3.12/site-packages/airflow/example_dags/example_time_delta_sensor_async.py
[2026-01-08T02:09:51.091+0000] {processor.py:914} INFO - Processing file /home/airflow/.local/lib/python3.12/site-packages/airflow/example_dags/example_time_delta_sensor_async.py for tasks to queue
[2026-01-08T02:09:51.093+0000] {logging_mixin.py:190} INFO - [2026-01-08T02:09:51.093+0000] {dagbag.py:587} INFO - Filling up the DagBag from /home/airflow/.local/lib/python3.12/site-packages/airflow/example_dags/example_time_delta_sensor_async.py
[2026-01-08T02:09:51.099+0000] {processor.py:925} INFO - DAG(s) 'example_time_delta_sensor_async' retrieved from /home/airflow/.local/lib/python3.12/site-packages/airflow/example_dags/example_time_delta_sensor_async.py
[2026-01-08T02:09:51.116+0000] {logging_mixin.py:190} INFO - [2026-01-08T02:09:51.116+0000] {dag.py:3211} INFO - Sync 1 DAGs
[2026-01-08T02:09:51.128+0000] {logging_mixin.py:190} INFO - [2026-01-08T02:09:51.127+0000] {dag.py:4138} INFO - Setting next_dagrun for example_time_delta_sensor_async to None, run_after=None
[2026-01-08T02:09:51.144+0000] {processor.py:208} INFO - Processing /home/airflow/.local/lib/python3.12/site-packages/airflow/example_dags/example_time_delta_sensor_async.py took 0.059 seconds
[2026-01-08T02:10:21.449+0000] {processor.py:186} INFO - Started process (PID=2805) to work on /home/airflow/.local/lib/python3.12/site-packages/airflow/example_dags/example_time_delta_sensor_async.py
[2026-01-08T02:10:21.451+0000] {processor.py:914} INFO - Processing file /home/airflow/.local/lib/python3.12/site-packages/airflow/example_dags/example_time_delta_sensor_async.py for tasks to queue
[2026-01-08T02:10:21.453+0000] {logging_mixin.py:190} INFO - [2026-01-08T02:10:21.453+0000] {dagbag.py:587} INFO - Filling up the DagBag from /home/airflow/.local/lib/python3.12/site-packages/airflow/example_dags/example_time_delta_sensor_async.py
[2026-01-08T02:10:21.459+0000] {processor.py:925} INFO - DAG(s) 'example_time_delta_sensor_async' retrieved from /home/airflow/.local/lib/python3.12/site-packages/airflow/example_dags/example_time_delta_sensor_async.py
[2026-01-08T02:10:21.474+0000] {logging_mixin.py:190} INFO - [2026-01-08T02:10:21.473+0000] {dag.py:3211} INFO - Sync 1 DAGs
[2026-01-08T02:10:21.483+0000] {logging_mixin.py:190} INFO - [2026-01-08T02:10:21.483+0000] {dag.py:4138} INFO - Setting next_dagrun for example_time_delta_sensor_async to None, run_after=None
[2026-01-08T02:10:21.497+0000] {processor.py:208} INFO - Processing /home/airflow/.local/lib/python3.12/site-packages/airflow/example_dags/example_time_delta_sensor_async.py took 0.052 seconds
[2026-01-08T02:10:51.931+0000] {processor.py:186} INFO - Started process (PID=2867) to work on /home/airflow/.local/lib/python3.12/site-packages/airflow/example_dags/example_time_delta_sensor_async.py
[2026-01-08T02:10:51.932+0000] {processor.py:914} INFO - Processing file /home/airflow/.local/lib/python3.12/site-packages/airflow/example_dags/example_time_delta_sensor_async.py for tasks to queue
[2026-01-08T02:10:51.934+0000] {logging_mixin.py:190} INFO - [2026-01-08T02:10:51.934+0000] {dagbag.py:587} INFO - Filling up the DagBag from /home/airflow/.local/lib/python3.12/site-packages/airflow/example_dags/example_time_delta_sensor_async.py
[2026-01-08T02:10:51.940+0000] {processor.py:925} INFO - DAG(s) 'example_time_delta_sensor_async' retrieved from /home/airflow/.local/lib/python3.12/site-packages/airflow/example_dags/example_time_delta_sensor_async.py
[2026-01-08T02:10:51.969+0000] {logging_mixin.py:190} INFO - [2026-01-08T02:10:51.969+0000] {dag.py:3211} INFO - Sync 1 DAGs
[2026-01-08T02:10:51.980+0000] {logging_mixin.py:190} INFO - [2026-01-08T02:10:51.980+0000] {dag.py:4138} INFO - Setting next_dagrun for example_time_delta_sensor_async to None, run_after=None
[2026-01-08T02:10:51.994+0000] {processor.py:208} INFO - Processing /home/airflow/.local/lib/python3.12/site-packages/airflow/example_dags/example_time_delta_sensor_async.py took 0.068 seconds
[2026-01-08T02:11:22.493+0000] {processor.py:186} INFO - Started process (PID=2930) to work on /home/airflow/.local/lib/python3.12/site-packages/airflow/example_dags/example_time_delta_sensor_async.py
[2026-01-08T02:11:22.495+0000] {processor.py:914} INFO - Processing file /home/airflow/.local/lib/python3.12/site-packages/airflow/example_dags/example_time_delta_sensor_async.py for tasks to queue
[2026-01-08T02:11:22.498+0000] {logging_mixin.py:190} INFO - [2026-01-08T02:11:22.497+0000] {dagbag.py:587} INFO - Filling up the DagBag from /home/airflow/.local/lib/python3.12/site-packages/airflow/example_dags/example_time_delta_sensor_async.py
[2026-01-08T02:11:22.503+0000] {processor.py:925} INFO - DAG(s) 'example_time_delta_sensor_async' retrieved from /home/airflow/.local/lib/python3.12/site-packages/airflow/example_dags/example_time_delta_sensor_async.py
[2026-01-08T02:11:22.519+0000] {logging_mixin.py:190} INFO - [2026-01-08T02:11:22.519+0000] {dag.py:3211} INFO - Sync 1 DAGs
[2026-01-08T02:11:22.529+0000] {logging_mixin.py:190} INFO - [2026-01-08T02:11:22.529+0000] {dag.py:4138} INFO - Setting next_dagrun for example_time_delta_sensor_async to None, run_after=None
[2026-01-08T02:11:22.543+0000] {processor.py:208} INFO - Processing /home/airflow/.local/lib/python3.12/site-packages/airflow/example_dags/example_time_delta_sensor_async.py took 0.054 seconds
[2026-01-08T02:11:53.515+0000] {processor.py:186} INFO - Started process (PID=2993) to work on /home/airflow/.local/lib/python3.12/site-packages/airflow/example_dags/example_time_delta_sensor_async.py
[2026-01-08T02:11:53.516+0000] {processor.py:914} INFO - Processing file /home/airflow/.local/lib/python3.12/site-packages/airflow/example_dags/example_time_delta_sensor_async.py for tasks to queue
[2026-01-08T02:11:53.518+0000] {logging_mixin.py:190} INFO - [2026-01-08T02:11:53.518+0000] {dagbag.py:587} INFO - Filling up the DagBag from /home/airflow/.local/lib/python3.12/site-packages/airflow/example_dags/example_time_delta_sensor_async.py
[2026-01-08T02:11:53.524+0000] {processor.py:925} INFO - DAG(s) 'example_time_delta_sensor_async' retrieved from /home/airflow/.local/lib/python3.12/site-packages/airflow/example_dags/example_time_delta_sensor_async.py
[2026-01-08T02:11:53.538+0000] {logging_mixin.py:190} INFO - [2026-01-08T02:11:53.538+0000] {dag.py:3211} INFO - Sync 1 DAGs
[2026-01-08T02:11:53.548+0000] {logging_mixin.py:190} INFO - [2026-01-08T02:11:53.548+0000] {dag.py:4138} INFO - Setting next_dagrun for example_time_delta_sensor_async to None, run_after=None
[2026-01-08T02:11:53.562+0000] {processor.py:208} INFO - Processing /home/airflow/.local/lib/python3.12/site-packages/airflow/example_dags/example_time_delta_sensor_async.py took 0.052 seconds
[2026-01-08T02:12:24.042+0000] {processor.py:186} INFO - Started process (PID=3057) to work on /home/airflow/.local/lib/python3.12/site-packages/airflow/example_dags/example_time_delta_sensor_async.py
[2026-01-08T02:12:24.044+0000] {processor.py:914} INFO - Processing file /home/airflow/.local/lib/python3.12/site-packages/airflow/example_dags/example_time_delta_sensor_async.py for tasks to queue
[2026-01-08T02:12:24.046+0000] {logging_mixin.py:190} INFO - [2026-01-08T02:12:24.046+0000] {dagbag.py:587} INFO - Filling up the DagBag from /home/airflow/.local/lib/python3.12/site-packages/airflow/example_dags/example_time_delta_sensor_async.py
[2026-01-08T02:12:24.052+0000] {processor.py:925} INFO - DAG(s) 'example_time_delta_sensor_async' retrieved from /home/airflow/.local/lib/python3.12/site-packages/airflow/example_dags/example_time_delta_sensor_async.py
[2026-01-08T02:12:24.068+0000] {logging_mixin.py:190} INFO - [2026-01-08T02:12:24.067+0000] {dag.py:3211} INFO - Sync 1 DAGs
[2026-01-08T02:12:24.079+0000] {logging_mixin.py:190} INFO - [2026-01-08T02:12:24.079+0000] {dag.py:4138} INFO - Setting next_dagrun for example_time_delta_sensor_async to None, run_after=None
[2026-01-08T02:12:24.212+0000] {processor.py:208} INFO - Processing /home/airflow/.local/lib/python3.12/site-packages/airflow/example_dags/example_time_delta_sensor_async.py took 0.175 seconds
