[2026-01-08T01:48:22.805+0000] {processor.py:186} INFO - Started process (PID=88) to work on /home/airflow/.local/lib/python3.12/site-packages/airflow/example_dags/example_sla_dag.py
[2026-01-08T01:48:22.806+0000] {processor.py:914} INFO - Processing file /home/airflow/.local/lib/python3.12/site-packages/airflow/example_dags/example_sla_dag.py for tasks to queue
[2026-01-08T01:48:22.808+0000] {logging_mixin.py:190} INFO - [2026-01-08T01:48:22.808+0000] {dagbag.py:587} INFO - Filling up the DagBag from /home/airflow/.local/lib/python3.12/site-packages/airflow/example_dags/example_sla_dag.py
[2026-01-08T01:48:22.818+0000] {processor.py:925} INFO - DAG(s) 'example_sla_dag' retrieved from /home/airflow/.local/lib/python3.12/site-packages/airflow/example_dags/example_sla_dag.py
[2026-01-08T01:48:22.888+0000] {logging_mixin.py:190} INFO - [2026-01-08T01:48:22.887+0000] {override.py:1858} INFO - Created Permission View: can edit on DAG:example_sla_dag
[2026-01-08T01:48:22.895+0000] {logging_mixin.py:190} INFO - [2026-01-08T01:48:22.895+0000] {override.py:1858} INFO - Created Permission View: can read on DAG:example_sla_dag
[2026-01-08T01:48:22.902+0000] {logging_mixin.py:190} INFO - [2026-01-08T01:48:22.901+0000] {override.py:1858} INFO - Created Permission View: can delete on DAG:example_sla_dag
[2026-01-08T01:48:22.902+0000] {logging_mixin.py:190} INFO - [2026-01-08T01:48:22.902+0000] {dag.py:3211} INFO - Sync 1 DAGs
[2026-01-08T01:48:22.911+0000] {logging_mixin.py:190} INFO - [2026-01-08T01:48:22.911+0000] {dag.py:3234} INFO - Creating ORM DAG for example_sla_dag
[2026-01-08T01:48:22.920+0000] {logging_mixin.py:190} INFO - [2026-01-08T01:48:22.919+0000] {dag.py:4138} INFO - Setting next_dagrun for example_sla_dag to 2026-01-08 01:46:00+00:00, run_after=2026-01-08 01:48:00+00:00
[2026-01-08T01:48:22.932+0000] {processor.py:208} INFO - Processing /home/airflow/.local/lib/python3.12/site-packages/airflow/example_dags/example_sla_dag.py took 0.131 seconds
[2026-01-08T01:48:53.224+0000] {processor.py:186} INFO - Started process (PID=150) to work on /home/airflow/.local/lib/python3.12/site-packages/airflow/example_dags/example_sla_dag.py
[2026-01-08T01:48:53.225+0000] {processor.py:914} INFO - Processing file /home/airflow/.local/lib/python3.12/site-packages/airflow/example_dags/example_sla_dag.py for tasks to queue
[2026-01-08T01:48:53.228+0000] {logging_mixin.py:190} INFO - [2026-01-08T01:48:53.227+0000] {dagbag.py:587} INFO - Filling up the DagBag from /home/airflow/.local/lib/python3.12/site-packages/airflow/example_dags/example_sla_dag.py
[2026-01-08T01:48:53.235+0000] {processor.py:925} INFO - DAG(s) 'example_sla_dag' retrieved from /home/airflow/.local/lib/python3.12/site-packages/airflow/example_dags/example_sla_dag.py
[2026-01-08T01:48:53.250+0000] {logging_mixin.py:190} INFO - [2026-01-08T01:48:53.250+0000] {dag.py:3211} INFO - Sync 1 DAGs
[2026-01-08T01:48:53.269+0000] {logging_mixin.py:190} INFO - [2026-01-08T01:48:53.269+0000] {dag.py:4138} INFO - Setting next_dagrun for example_sla_dag to 2026-01-08 01:46:00+00:00, run_after=2026-01-08 01:48:00+00:00
[2026-01-08T01:48:53.282+0000] {processor.py:208} INFO - Processing /home/airflow/.local/lib/python3.12/site-packages/airflow/example_dags/example_sla_dag.py took 0.062 seconds
[2026-01-08T01:49:23.627+0000] {processor.py:186} INFO - Started process (PID=212) to work on /home/airflow/.local/lib/python3.12/site-packages/airflow/example_dags/example_sla_dag.py
[2026-01-08T01:49:23.628+0000] {processor.py:914} INFO - Processing file /home/airflow/.local/lib/python3.12/site-packages/airflow/example_dags/example_sla_dag.py for tasks to queue
[2026-01-08T01:49:23.630+0000] {logging_mixin.py:190} INFO - [2026-01-08T01:49:23.630+0000] {dagbag.py:587} INFO - Filling up the DagBag from /home/airflow/.local/lib/python3.12/site-packages/airflow/example_dags/example_sla_dag.py
[2026-01-08T01:49:23.638+0000] {processor.py:925} INFO - DAG(s) 'example_sla_dag' retrieved from /home/airflow/.local/lib/python3.12/site-packages/airflow/example_dags/example_sla_dag.py
[2026-01-08T01:49:23.652+0000] {logging_mixin.py:190} INFO - [2026-01-08T01:49:23.652+0000] {dag.py:3211} INFO - Sync 1 DAGs
[2026-01-08T01:49:23.671+0000] {logging_mixin.py:190} INFO - [2026-01-08T01:49:23.671+0000] {dag.py:4138} INFO - Setting next_dagrun for example_sla_dag to 2026-01-08 01:46:00+00:00, run_after=2026-01-08 01:48:00+00:00
[2026-01-08T01:49:23.684+0000] {processor.py:208} INFO - Processing /home/airflow/.local/lib/python3.12/site-packages/airflow/example_dags/example_sla_dag.py took 0.062 seconds
[2026-01-08T01:49:54.263+0000] {processor.py:186} INFO - Started process (PID=280) to work on /home/airflow/.local/lib/python3.12/site-packages/airflow/example_dags/example_sla_dag.py
[2026-01-08T01:49:54.265+0000] {processor.py:914} INFO - Processing file /home/airflow/.local/lib/python3.12/site-packages/airflow/example_dags/example_sla_dag.py for tasks to queue
[2026-01-08T01:49:54.268+0000] {logging_mixin.py:190} INFO - [2026-01-08T01:49:54.267+0000] {dagbag.py:587} INFO - Filling up the DagBag from /home/airflow/.local/lib/python3.12/site-packages/airflow/example_dags/example_sla_dag.py
[2026-01-08T01:49:54.276+0000] {processor.py:925} INFO - DAG(s) 'example_sla_dag' retrieved from /home/airflow/.local/lib/python3.12/site-packages/airflow/example_dags/example_sla_dag.py
[2026-01-08T01:49:54.291+0000] {logging_mixin.py:190} INFO - [2026-01-08T01:49:54.291+0000] {dag.py:3211} INFO - Sync 1 DAGs
[2026-01-08T01:49:54.308+0000] {logging_mixin.py:190} INFO - [2026-01-08T01:49:54.308+0000] {dag.py:4138} INFO - Setting next_dagrun for example_sla_dag to 2026-01-08 01:46:00+00:00, run_after=2026-01-08 01:48:00+00:00
[2026-01-08T01:49:54.322+0000] {processor.py:208} INFO - Processing /home/airflow/.local/lib/python3.12/site-packages/airflow/example_dags/example_sla_dag.py took 0.063 seconds
[2026-01-08T01:50:24.626+0000] {processor.py:186} INFO - Started process (PID=342) to work on /home/airflow/.local/lib/python3.12/site-packages/airflow/example_dags/example_sla_dag.py
[2026-01-08T01:50:24.627+0000] {processor.py:914} INFO - Processing file /home/airflow/.local/lib/python3.12/site-packages/airflow/example_dags/example_sla_dag.py for tasks to queue
[2026-01-08T01:50:24.630+0000] {logging_mixin.py:190} INFO - [2026-01-08T01:50:24.630+0000] {dagbag.py:587} INFO - Filling up the DagBag from /home/airflow/.local/lib/python3.12/site-packages/airflow/example_dags/example_sla_dag.py
[2026-01-08T01:50:24.639+0000] {processor.py:925} INFO - DAG(s) 'example_sla_dag' retrieved from /home/airflow/.local/lib/python3.12/site-packages/airflow/example_dags/example_sla_dag.py
[2026-01-08T01:50:24.655+0000] {logging_mixin.py:190} INFO - [2026-01-08T01:50:24.655+0000] {dag.py:3211} INFO - Sync 1 DAGs
[2026-01-08T01:50:24.673+0000] {logging_mixin.py:190} INFO - [2026-01-08T01:50:24.673+0000] {dag.py:4138} INFO - Setting next_dagrun for example_sla_dag to 2026-01-08 01:48:00+00:00, run_after=2026-01-08 01:50:00+00:00
[2026-01-08T01:50:24.689+0000] {processor.py:208} INFO - Processing /home/airflow/.local/lib/python3.12/site-packages/airflow/example_dags/example_sla_dag.py took 0.068 seconds
[2026-01-08T01:50:54.999+0000] {processor.py:186} INFO - Started process (PID=404) to work on /home/airflow/.local/lib/python3.12/site-packages/airflow/example_dags/example_sla_dag.py
[2026-01-08T01:50:55.001+0000] {processor.py:914} INFO - Processing file /home/airflow/.local/lib/python3.12/site-packages/airflow/example_dags/example_sla_dag.py for tasks to queue
[2026-01-08T01:50:55.003+0000] {logging_mixin.py:190} INFO - [2026-01-08T01:50:55.003+0000] {dagbag.py:587} INFO - Filling up the DagBag from /home/airflow/.local/lib/python3.12/site-packages/airflow/example_dags/example_sla_dag.py
[2026-01-08T01:50:55.010+0000] {processor.py:925} INFO - DAG(s) 'example_sla_dag' retrieved from /home/airflow/.local/lib/python3.12/site-packages/airflow/example_dags/example_sla_dag.py
[2026-01-08T01:50:55.025+0000] {logging_mixin.py:190} INFO - [2026-01-08T01:50:55.025+0000] {dag.py:3211} INFO - Sync 1 DAGs
[2026-01-08T01:50:55.041+0000] {logging_mixin.py:190} INFO - [2026-01-08T01:50:55.041+0000] {dag.py:4138} INFO - Setting next_dagrun for example_sla_dag to 2026-01-08 01:48:00+00:00, run_after=2026-01-08 01:50:00+00:00
[2026-01-08T01:50:55.058+0000] {processor.py:208} INFO - Processing /home/airflow/.local/lib/python3.12/site-packages/airflow/example_dags/example_sla_dag.py took 0.063 seconds
[2026-01-08T01:51:25.750+0000] {processor.py:186} INFO - Started process (PID=466) to work on /home/airflow/.local/lib/python3.12/site-packages/airflow/example_dags/example_sla_dag.py
[2026-01-08T01:51:25.752+0000] {processor.py:914} INFO - Processing file /home/airflow/.local/lib/python3.12/site-packages/airflow/example_dags/example_sla_dag.py for tasks to queue
[2026-01-08T01:51:25.755+0000] {logging_mixin.py:190} INFO - [2026-01-08T01:51:25.754+0000] {dagbag.py:587} INFO - Filling up the DagBag from /home/airflow/.local/lib/python3.12/site-packages/airflow/example_dags/example_sla_dag.py
[2026-01-08T01:51:25.764+0000] {processor.py:925} INFO - DAG(s) 'example_sla_dag' retrieved from /home/airflow/.local/lib/python3.12/site-packages/airflow/example_dags/example_sla_dag.py
[2026-01-08T01:51:25.781+0000] {logging_mixin.py:190} INFO - [2026-01-08T01:51:25.781+0000] {dag.py:3211} INFO - Sync 1 DAGs
[2026-01-08T01:51:25.798+0000] {logging_mixin.py:190} INFO - [2026-01-08T01:51:25.798+0000] {dag.py:4138} INFO - Setting next_dagrun for example_sla_dag to 2026-01-08 01:48:00+00:00, run_after=2026-01-08 01:50:00+00:00
[2026-01-08T01:51:25.814+0000] {processor.py:208} INFO - Processing /home/airflow/.local/lib/python3.12/site-packages/airflow/example_dags/example_sla_dag.py took 0.068 seconds
[2026-01-08T01:51:56.354+0000] {processor.py:186} INFO - Started process (PID=529) to work on /home/airflow/.local/lib/python3.12/site-packages/airflow/example_dags/example_sla_dag.py
[2026-01-08T01:51:56.355+0000] {processor.py:914} INFO - Processing file /home/airflow/.local/lib/python3.12/site-packages/airflow/example_dags/example_sla_dag.py for tasks to queue
[2026-01-08T01:51:56.358+0000] {logging_mixin.py:190} INFO - [2026-01-08T01:51:56.357+0000] {dagbag.py:587} INFO - Filling up the DagBag from /home/airflow/.local/lib/python3.12/site-packages/airflow/example_dags/example_sla_dag.py
[2026-01-08T01:51:56.366+0000] {processor.py:925} INFO - DAG(s) 'example_sla_dag' retrieved from /home/airflow/.local/lib/python3.12/site-packages/airflow/example_dags/example_sla_dag.py
[2026-01-08T01:51:56.382+0000] {logging_mixin.py:190} INFO - [2026-01-08T01:51:56.382+0000] {dag.py:3211} INFO - Sync 1 DAGs
[2026-01-08T01:51:56.401+0000] {logging_mixin.py:190} INFO - [2026-01-08T01:51:56.400+0000] {dag.py:4138} INFO - Setting next_dagrun for example_sla_dag to 2026-01-08 01:48:00+00:00, run_after=2026-01-08 01:50:00+00:00
[2026-01-08T01:51:56.413+0000] {processor.py:208} INFO - Processing /home/airflow/.local/lib/python3.12/site-packages/airflow/example_dags/example_sla_dag.py took 0.064 seconds
[2026-01-08T01:52:26.787+0000] {processor.py:186} INFO - Started process (PID=591) to work on /home/airflow/.local/lib/python3.12/site-packages/airflow/example_dags/example_sla_dag.py
[2026-01-08T01:52:26.789+0000] {processor.py:914} INFO - Processing file /home/airflow/.local/lib/python3.12/site-packages/airflow/example_dags/example_sla_dag.py for tasks to queue
[2026-01-08T01:52:26.791+0000] {logging_mixin.py:190} INFO - [2026-01-08T01:52:26.791+0000] {dagbag.py:587} INFO - Filling up the DagBag from /home/airflow/.local/lib/python3.12/site-packages/airflow/example_dags/example_sla_dag.py
[2026-01-08T01:52:26.799+0000] {processor.py:925} INFO - DAG(s) 'example_sla_dag' retrieved from /home/airflow/.local/lib/python3.12/site-packages/airflow/example_dags/example_sla_dag.py
[2026-01-08T01:52:26.814+0000] {logging_mixin.py:190} INFO - [2026-01-08T01:52:26.814+0000] {dag.py:3211} INFO - Sync 1 DAGs
[2026-01-08T01:52:26.831+0000] {logging_mixin.py:190} INFO - [2026-01-08T01:52:26.831+0000] {dag.py:4138} INFO - Setting next_dagrun for example_sla_dag to 2026-01-08 01:50:00+00:00, run_after=2026-01-08 01:52:00+00:00
[2026-01-08T01:52:26.844+0000] {processor.py:208} INFO - Processing /home/airflow/.local/lib/python3.12/site-packages/airflow/example_dags/example_sla_dag.py took 0.061 seconds
[2026-01-08T01:52:57.124+0000] {processor.py:186} INFO - Started process (PID=653) to work on /home/airflow/.local/lib/python3.12/site-packages/airflow/example_dags/example_sla_dag.py
[2026-01-08T01:52:57.125+0000] {processor.py:914} INFO - Processing file /home/airflow/.local/lib/python3.12/site-packages/airflow/example_dags/example_sla_dag.py for tasks to queue
[2026-01-08T01:52:57.127+0000] {logging_mixin.py:190} INFO - [2026-01-08T01:52:57.127+0000] {dagbag.py:587} INFO - Filling up the DagBag from /home/airflow/.local/lib/python3.12/site-packages/airflow/example_dags/example_sla_dag.py
[2026-01-08T01:52:57.136+0000] {processor.py:925} INFO - DAG(s) 'example_sla_dag' retrieved from /home/airflow/.local/lib/python3.12/site-packages/airflow/example_dags/example_sla_dag.py
[2026-01-08T01:52:57.155+0000] {logging_mixin.py:190} INFO - [2026-01-08T01:52:57.155+0000] {dag.py:3211} INFO - Sync 1 DAGs
[2026-01-08T01:52:57.174+0000] {logging_mixin.py:190} INFO - [2026-01-08T01:52:57.174+0000] {dag.py:4138} INFO - Setting next_dagrun for example_sla_dag to 2026-01-08 01:50:00+00:00, run_after=2026-01-08 01:52:00+00:00
[2026-01-08T01:52:57.190+0000] {processor.py:208} INFO - Processing /home/airflow/.local/lib/python3.12/site-packages/airflow/example_dags/example_sla_dag.py took 0.072 seconds
[2026-01-08T01:53:27.539+0000] {processor.py:186} INFO - Started process (PID=715) to work on /home/airflow/.local/lib/python3.12/site-packages/airflow/example_dags/example_sla_dag.py
[2026-01-08T01:53:27.540+0000] {processor.py:914} INFO - Processing file /home/airflow/.local/lib/python3.12/site-packages/airflow/example_dags/example_sla_dag.py for tasks to queue
[2026-01-08T01:53:27.542+0000] {logging_mixin.py:190} INFO - [2026-01-08T01:53:27.542+0000] {dagbag.py:587} INFO - Filling up the DagBag from /home/airflow/.local/lib/python3.12/site-packages/airflow/example_dags/example_sla_dag.py
[2026-01-08T01:53:27.550+0000] {processor.py:925} INFO - DAG(s) 'example_sla_dag' retrieved from /home/airflow/.local/lib/python3.12/site-packages/airflow/example_dags/example_sla_dag.py
[2026-01-08T01:53:27.564+0000] {logging_mixin.py:190} INFO - [2026-01-08T01:53:27.564+0000] {dag.py:3211} INFO - Sync 1 DAGs
[2026-01-08T01:53:27.580+0000] {logging_mixin.py:190} INFO - [2026-01-08T01:53:27.580+0000] {dag.py:4138} INFO - Setting next_dagrun for example_sla_dag to 2026-01-08 01:50:00+00:00, run_after=2026-01-08 01:52:00+00:00
[2026-01-08T01:53:27.594+0000] {processor.py:208} INFO - Processing /home/airflow/.local/lib/python3.12/site-packages/airflow/example_dags/example_sla_dag.py took 0.060 seconds
[2026-01-08T01:53:58.090+0000] {processor.py:186} INFO - Started process (PID=777) to work on /home/airflow/.local/lib/python3.12/site-packages/airflow/example_dags/example_sla_dag.py
[2026-01-08T01:53:58.091+0000] {processor.py:914} INFO - Processing file /home/airflow/.local/lib/python3.12/site-packages/airflow/example_dags/example_sla_dag.py for tasks to queue
[2026-01-08T01:53:58.093+0000] {logging_mixin.py:190} INFO - [2026-01-08T01:53:58.093+0000] {dagbag.py:587} INFO - Filling up the DagBag from /home/airflow/.local/lib/python3.12/site-packages/airflow/example_dags/example_sla_dag.py
[2026-01-08T01:53:58.101+0000] {processor.py:925} INFO - DAG(s) 'example_sla_dag' retrieved from /home/airflow/.local/lib/python3.12/site-packages/airflow/example_dags/example_sla_dag.py
[2026-01-08T01:53:58.116+0000] {logging_mixin.py:190} INFO - [2026-01-08T01:53:58.116+0000] {dag.py:3211} INFO - Sync 1 DAGs
[2026-01-08T01:53:58.133+0000] {logging_mixin.py:190} INFO - [2026-01-08T01:53:58.133+0000] {dag.py:4138} INFO - Setting next_dagrun for example_sla_dag to 2026-01-08 01:50:00+00:00, run_after=2026-01-08 01:52:00+00:00
[2026-01-08T01:53:58.148+0000] {processor.py:208} INFO - Processing /home/airflow/.local/lib/python3.12/site-packages/airflow/example_dags/example_sla_dag.py took 0.063 seconds
[2026-01-08T01:54:28.678+0000] {processor.py:186} INFO - Started process (PID=839) to work on /home/airflow/.local/lib/python3.12/site-packages/airflow/example_dags/example_sla_dag.py
[2026-01-08T01:54:28.680+0000] {processor.py:914} INFO - Processing file /home/airflow/.local/lib/python3.12/site-packages/airflow/example_dags/example_sla_dag.py for tasks to queue
[2026-01-08T01:54:28.683+0000] {logging_mixin.py:190} INFO - [2026-01-08T01:54:28.682+0000] {dagbag.py:587} INFO - Filling up the DagBag from /home/airflow/.local/lib/python3.12/site-packages/airflow/example_dags/example_sla_dag.py
[2026-01-08T01:54:28.690+0000] {processor.py:925} INFO - DAG(s) 'example_sla_dag' retrieved from /home/airflow/.local/lib/python3.12/site-packages/airflow/example_dags/example_sla_dag.py
[2026-01-08T01:54:28.704+0000] {logging_mixin.py:190} INFO - [2026-01-08T01:54:28.704+0000] {dag.py:3211} INFO - Sync 1 DAGs
[2026-01-08T01:54:28.721+0000] {logging_mixin.py:190} INFO - [2026-01-08T01:54:28.720+0000] {dag.py:4138} INFO - Setting next_dagrun for example_sla_dag to 2026-01-08 01:52:00+00:00, run_after=2026-01-08 01:54:00+00:00
[2026-01-08T01:54:28.736+0000] {processor.py:208} INFO - Processing /home/airflow/.local/lib/python3.12/site-packages/airflow/example_dags/example_sla_dag.py took 0.062 seconds
[2026-01-08T01:54:59.264+0000] {processor.py:186} INFO - Started process (PID=901) to work on /home/airflow/.local/lib/python3.12/site-packages/airflow/example_dags/example_sla_dag.py
[2026-01-08T01:54:59.265+0000] {processor.py:914} INFO - Processing file /home/airflow/.local/lib/python3.12/site-packages/airflow/example_dags/example_sla_dag.py for tasks to queue
[2026-01-08T01:54:59.267+0000] {logging_mixin.py:190} INFO - [2026-01-08T01:54:59.267+0000] {dagbag.py:587} INFO - Filling up the DagBag from /home/airflow/.local/lib/python3.12/site-packages/airflow/example_dags/example_sla_dag.py
[2026-01-08T01:54:59.275+0000] {processor.py:925} INFO - DAG(s) 'example_sla_dag' retrieved from /home/airflow/.local/lib/python3.12/site-packages/airflow/example_dags/example_sla_dag.py
[2026-01-08T01:54:59.290+0000] {logging_mixin.py:190} INFO - [2026-01-08T01:54:59.290+0000] {dag.py:3211} INFO - Sync 1 DAGs
[2026-01-08T01:54:59.307+0000] {logging_mixin.py:190} INFO - [2026-01-08T01:54:59.306+0000] {dag.py:4138} INFO - Setting next_dagrun for example_sla_dag to 2026-01-08 01:52:00+00:00, run_after=2026-01-08 01:54:00+00:00
[2026-01-08T01:54:59.321+0000] {processor.py:208} INFO - Processing /home/airflow/.local/lib/python3.12/site-packages/airflow/example_dags/example_sla_dag.py took 0.061 seconds
[2026-01-08T01:55:30.043+0000] {processor.py:186} INFO - Started process (PID=963) to work on /home/airflow/.local/lib/python3.12/site-packages/airflow/example_dags/example_sla_dag.py
[2026-01-08T01:55:30.044+0000] {processor.py:914} INFO - Processing file /home/airflow/.local/lib/python3.12/site-packages/airflow/example_dags/example_sla_dag.py for tasks to queue
[2026-01-08T01:55:30.046+0000] {logging_mixin.py:190} INFO - [2026-01-08T01:55:30.046+0000] {dagbag.py:587} INFO - Filling up the DagBag from /home/airflow/.local/lib/python3.12/site-packages/airflow/example_dags/example_sla_dag.py
[2026-01-08T01:55:30.054+0000] {processor.py:925} INFO - DAG(s) 'example_sla_dag' retrieved from /home/airflow/.local/lib/python3.12/site-packages/airflow/example_dags/example_sla_dag.py
[2026-01-08T01:55:30.072+0000] {logging_mixin.py:190} INFO - [2026-01-08T01:55:30.071+0000] {dag.py:3211} INFO - Sync 1 DAGs
[2026-01-08T01:55:30.091+0000] {logging_mixin.py:190} INFO - [2026-01-08T01:55:30.091+0000] {dag.py:4138} INFO - Setting next_dagrun for example_sla_dag to 2026-01-08 01:52:00+00:00, run_after=2026-01-08 01:54:00+00:00
[2026-01-08T01:55:30.107+0000] {processor.py:208} INFO - Processing /home/airflow/.local/lib/python3.12/site-packages/airflow/example_dags/example_sla_dag.py took 0.069 seconds
[2026-01-08T01:56:00.620+0000] {processor.py:186} INFO - Started process (PID=1025) to work on /home/airflow/.local/lib/python3.12/site-packages/airflow/example_dags/example_sla_dag.py
[2026-01-08T01:56:00.621+0000] {processor.py:914} INFO - Processing file /home/airflow/.local/lib/python3.12/site-packages/airflow/example_dags/example_sla_dag.py for tasks to queue
[2026-01-08T01:56:00.623+0000] {logging_mixin.py:190} INFO - [2026-01-08T01:56:00.623+0000] {dagbag.py:587} INFO - Filling up the DagBag from /home/airflow/.local/lib/python3.12/site-packages/airflow/example_dags/example_sla_dag.py
[2026-01-08T01:56:00.631+0000] {processor.py:925} INFO - DAG(s) 'example_sla_dag' retrieved from /home/airflow/.local/lib/python3.12/site-packages/airflow/example_dags/example_sla_dag.py
[2026-01-08T01:56:00.645+0000] {logging_mixin.py:190} INFO - [2026-01-08T01:56:00.645+0000] {dag.py:3211} INFO - Sync 1 DAGs
[2026-01-08T01:56:00.661+0000] {logging_mixin.py:190} INFO - [2026-01-08T01:56:00.661+0000] {dag.py:4138} INFO - Setting next_dagrun for example_sla_dag to 2026-01-08 01:54:00+00:00, run_after=2026-01-08 01:56:00+00:00
[2026-01-08T01:56:00.677+0000] {processor.py:208} INFO - Processing /home/airflow/.local/lib/python3.12/site-packages/airflow/example_dags/example_sla_dag.py took 0.061 seconds
[2026-01-08T01:56:31.010+0000] {processor.py:186} INFO - Started process (PID=1087) to work on /home/airflow/.local/lib/python3.12/site-packages/airflow/example_dags/example_sla_dag.py
[2026-01-08T01:56:31.011+0000] {processor.py:914} INFO - Processing file /home/airflow/.local/lib/python3.12/site-packages/airflow/example_dags/example_sla_dag.py for tasks to queue
[2026-01-08T01:56:31.013+0000] {logging_mixin.py:190} INFO - [2026-01-08T01:56:31.013+0000] {dagbag.py:587} INFO - Filling up the DagBag from /home/airflow/.local/lib/python3.12/site-packages/airflow/example_dags/example_sla_dag.py
[2026-01-08T01:56:31.020+0000] {processor.py:925} INFO - DAG(s) 'example_sla_dag' retrieved from /home/airflow/.local/lib/python3.12/site-packages/airflow/example_dags/example_sla_dag.py
[2026-01-08T01:56:31.035+0000] {logging_mixin.py:190} INFO - [2026-01-08T01:56:31.035+0000] {dag.py:3211} INFO - Sync 1 DAGs
[2026-01-08T01:56:31.051+0000] {logging_mixin.py:190} INFO - [2026-01-08T01:56:31.050+0000] {dag.py:4138} INFO - Setting next_dagrun for example_sla_dag to 2026-01-08 01:54:00+00:00, run_after=2026-01-08 01:56:00+00:00
[2026-01-08T01:56:31.067+0000] {processor.py:208} INFO - Processing /home/airflow/.local/lib/python3.12/site-packages/airflow/example_dags/example_sla_dag.py took 0.061 seconds
[2026-01-08T01:57:01.462+0000] {processor.py:186} INFO - Started process (PID=1149) to work on /home/airflow/.local/lib/python3.12/site-packages/airflow/example_dags/example_sla_dag.py
[2026-01-08T01:57:01.463+0000] {processor.py:914} INFO - Processing file /home/airflow/.local/lib/python3.12/site-packages/airflow/example_dags/example_sla_dag.py for tasks to queue
[2026-01-08T01:57:01.466+0000] {logging_mixin.py:190} INFO - [2026-01-08T01:57:01.465+0000] {dagbag.py:587} INFO - Filling up the DagBag from /home/airflow/.local/lib/python3.12/site-packages/airflow/example_dags/example_sla_dag.py
[2026-01-08T01:57:01.474+0000] {processor.py:925} INFO - DAG(s) 'example_sla_dag' retrieved from /home/airflow/.local/lib/python3.12/site-packages/airflow/example_dags/example_sla_dag.py
[2026-01-08T01:57:01.490+0000] {logging_mixin.py:190} INFO - [2026-01-08T01:57:01.490+0000] {dag.py:3211} INFO - Sync 1 DAGs
[2026-01-08T01:57:01.511+0000] {logging_mixin.py:190} INFO - [2026-01-08T01:57:01.511+0000] {dag.py:4138} INFO - Setting next_dagrun for example_sla_dag to 2026-01-08 01:54:00+00:00, run_after=2026-01-08 01:56:00+00:00
[2026-01-08T01:57:01.526+0000] {processor.py:208} INFO - Processing /home/airflow/.local/lib/python3.12/site-packages/airflow/example_dags/example_sla_dag.py took 0.069 seconds
[2026-01-08T01:57:31.883+0000] {processor.py:186} INFO - Started process (PID=1211) to work on /home/airflow/.local/lib/python3.12/site-packages/airflow/example_dags/example_sla_dag.py
[2026-01-08T01:57:31.884+0000] {processor.py:914} INFO - Processing file /home/airflow/.local/lib/python3.12/site-packages/airflow/example_dags/example_sla_dag.py for tasks to queue
[2026-01-08T01:57:31.886+0000] {logging_mixin.py:190} INFO - [2026-01-08T01:57:31.886+0000] {dagbag.py:587} INFO - Filling up the DagBag from /home/airflow/.local/lib/python3.12/site-packages/airflow/example_dags/example_sla_dag.py
[2026-01-08T01:57:31.895+0000] {processor.py:925} INFO - DAG(s) 'example_sla_dag' retrieved from /home/airflow/.local/lib/python3.12/site-packages/airflow/example_dags/example_sla_dag.py
[2026-01-08T01:57:31.910+0000] {logging_mixin.py:190} INFO - [2026-01-08T01:57:31.910+0000] {dag.py:3211} INFO - Sync 1 DAGs
[2026-01-08T01:57:31.929+0000] {logging_mixin.py:190} INFO - [2026-01-08T01:57:31.929+0000] {dag.py:4138} INFO - Setting next_dagrun for example_sla_dag to 2026-01-08 01:54:00+00:00, run_after=2026-01-08 01:56:00+00:00
[2026-01-08T01:57:31.943+0000] {processor.py:208} INFO - Processing /home/airflow/.local/lib/python3.12/site-packages/airflow/example_dags/example_sla_dag.py took 0.066 seconds
[2026-01-08T01:58:02.476+0000] {processor.py:186} INFO - Started process (PID=1273) to work on /home/airflow/.local/lib/python3.12/site-packages/airflow/example_dags/example_sla_dag.py
[2026-01-08T01:58:02.477+0000] {processor.py:914} INFO - Processing file /home/airflow/.local/lib/python3.12/site-packages/airflow/example_dags/example_sla_dag.py for tasks to queue
[2026-01-08T01:58:02.480+0000] {logging_mixin.py:190} INFO - [2026-01-08T01:58:02.480+0000] {dagbag.py:587} INFO - Filling up the DagBag from /home/airflow/.local/lib/python3.12/site-packages/airflow/example_dags/example_sla_dag.py
[2026-01-08T01:58:02.489+0000] {processor.py:925} INFO - DAG(s) 'example_sla_dag' retrieved from /home/airflow/.local/lib/python3.12/site-packages/airflow/example_dags/example_sla_dag.py
[2026-01-08T01:58:02.507+0000] {logging_mixin.py:190} INFO - [2026-01-08T01:58:02.507+0000] {dag.py:3211} INFO - Sync 1 DAGs
[2026-01-08T01:58:02.525+0000] {logging_mixin.py:190} INFO - [2026-01-08T01:58:02.524+0000] {dag.py:4138} INFO - Setting next_dagrun for example_sla_dag to 2026-01-08 01:56:00+00:00, run_after=2026-01-08 01:58:00+00:00
[2026-01-08T01:58:02.540+0000] {processor.py:208} INFO - Processing /home/airflow/.local/lib/python3.12/site-packages/airflow/example_dags/example_sla_dag.py took 0.071 seconds
[2026-01-08T01:58:32.963+0000] {processor.py:186} INFO - Started process (PID=1336) to work on /home/airflow/.local/lib/python3.12/site-packages/airflow/example_dags/example_sla_dag.py
[2026-01-08T01:58:32.964+0000] {processor.py:914} INFO - Processing file /home/airflow/.local/lib/python3.12/site-packages/airflow/example_dags/example_sla_dag.py for tasks to queue
[2026-01-08T01:58:32.966+0000] {logging_mixin.py:190} INFO - [2026-01-08T01:58:32.966+0000] {dagbag.py:587} INFO - Filling up the DagBag from /home/airflow/.local/lib/python3.12/site-packages/airflow/example_dags/example_sla_dag.py
[2026-01-08T01:58:32.974+0000] {processor.py:925} INFO - DAG(s) 'example_sla_dag' retrieved from /home/airflow/.local/lib/python3.12/site-packages/airflow/example_dags/example_sla_dag.py
[2026-01-08T01:58:32.989+0000] {logging_mixin.py:190} INFO - [2026-01-08T01:58:32.989+0000] {dag.py:3211} INFO - Sync 1 DAGs
[2026-01-08T01:58:33.005+0000] {logging_mixin.py:190} INFO - [2026-01-08T01:58:33.005+0000] {dag.py:4138} INFO - Setting next_dagrun for example_sla_dag to 2026-01-08 01:56:00+00:00, run_after=2026-01-08 01:58:00+00:00
[2026-01-08T01:58:33.019+0000] {processor.py:208} INFO - Processing /home/airflow/.local/lib/python3.12/site-packages/airflow/example_dags/example_sla_dag.py took 0.061 seconds
[2026-01-08T01:59:03.227+0000] {processor.py:186} INFO - Started process (PID=1399) to work on /home/airflow/.local/lib/python3.12/site-packages/airflow/example_dags/example_sla_dag.py
[2026-01-08T01:59:03.228+0000] {processor.py:914} INFO - Processing file /home/airflow/.local/lib/python3.12/site-packages/airflow/example_dags/example_sla_dag.py for tasks to queue
[2026-01-08T01:59:03.230+0000] {logging_mixin.py:190} INFO - [2026-01-08T01:59:03.229+0000] {dagbag.py:587} INFO - Filling up the DagBag from /home/airflow/.local/lib/python3.12/site-packages/airflow/example_dags/example_sla_dag.py
[2026-01-08T01:59:03.237+0000] {processor.py:925} INFO - DAG(s) 'example_sla_dag' retrieved from /home/airflow/.local/lib/python3.12/site-packages/airflow/example_dags/example_sla_dag.py
[2026-01-08T01:59:03.251+0000] {logging_mixin.py:190} INFO - [2026-01-08T01:59:03.251+0000] {dag.py:3211} INFO - Sync 1 DAGs
[2026-01-08T01:59:03.268+0000] {logging_mixin.py:190} INFO - [2026-01-08T01:59:03.267+0000] {dag.py:4138} INFO - Setting next_dagrun for example_sla_dag to 2026-01-08 01:56:00+00:00, run_after=2026-01-08 01:58:00+00:00
[2026-01-08T01:59:03.283+0000] {processor.py:208} INFO - Processing /home/airflow/.local/lib/python3.12/site-packages/airflow/example_dags/example_sla_dag.py took 0.061 seconds
[2026-01-08T01:59:33.563+0000] {processor.py:186} INFO - Started process (PID=1462) to work on /home/airflow/.local/lib/python3.12/site-packages/airflow/example_dags/example_sla_dag.py
[2026-01-08T01:59:33.564+0000] {processor.py:914} INFO - Processing file /home/airflow/.local/lib/python3.12/site-packages/airflow/example_dags/example_sla_dag.py for tasks to queue
[2026-01-08T01:59:33.566+0000] {logging_mixin.py:190} INFO - [2026-01-08T01:59:33.566+0000] {dagbag.py:587} INFO - Filling up the DagBag from /home/airflow/.local/lib/python3.12/site-packages/airflow/example_dags/example_sla_dag.py
[2026-01-08T01:59:33.573+0000] {processor.py:925} INFO - DAG(s) 'example_sla_dag' retrieved from /home/airflow/.local/lib/python3.12/site-packages/airflow/example_dags/example_sla_dag.py
[2026-01-08T01:59:33.587+0000] {logging_mixin.py:190} INFO - [2026-01-08T01:59:33.587+0000] {dag.py:3211} INFO - Sync 1 DAGs
[2026-01-08T01:59:33.604+0000] {logging_mixin.py:190} INFO - [2026-01-08T01:59:33.603+0000] {dag.py:4138} INFO - Setting next_dagrun for example_sla_dag to 2026-01-08 01:56:00+00:00, run_after=2026-01-08 01:58:00+00:00
[2026-01-08T01:59:33.618+0000] {processor.py:208} INFO - Processing /home/airflow/.local/lib/python3.12/site-packages/airflow/example_dags/example_sla_dag.py took 0.060 seconds
[2026-01-08T02:00:04.156+0000] {processor.py:186} INFO - Started process (PID=1525) to work on /home/airflow/.local/lib/python3.12/site-packages/airflow/example_dags/example_sla_dag.py
[2026-01-08T02:00:04.157+0000] {processor.py:914} INFO - Processing file /home/airflow/.local/lib/python3.12/site-packages/airflow/example_dags/example_sla_dag.py for tasks to queue
[2026-01-08T02:00:04.159+0000] {logging_mixin.py:190} INFO - [2026-01-08T02:00:04.159+0000] {dagbag.py:587} INFO - Filling up the DagBag from /home/airflow/.local/lib/python3.12/site-packages/airflow/example_dags/example_sla_dag.py
[2026-01-08T02:00:04.167+0000] {processor.py:925} INFO - DAG(s) 'example_sla_dag' retrieved from /home/airflow/.local/lib/python3.12/site-packages/airflow/example_dags/example_sla_dag.py
[2026-01-08T02:00:04.182+0000] {logging_mixin.py:190} INFO - [2026-01-08T02:00:04.181+0000] {dag.py:3211} INFO - Sync 1 DAGs
[2026-01-08T02:00:04.199+0000] {logging_mixin.py:190} INFO - [2026-01-08T02:00:04.199+0000] {dag.py:4138} INFO - Setting next_dagrun for example_sla_dag to 2026-01-08 01:58:00+00:00, run_after=2026-01-08 02:00:00+00:00
[2026-01-08T02:00:04.212+0000] {processor.py:208} INFO - Processing /home/airflow/.local/lib/python3.12/site-packages/airflow/example_dags/example_sla_dag.py took 0.061 seconds
[2026-01-08T02:00:34.794+0000] {processor.py:186} INFO - Started process (PID=1588) to work on /home/airflow/.local/lib/python3.12/site-packages/airflow/example_dags/example_sla_dag.py
[2026-01-08T02:00:34.795+0000] {processor.py:914} INFO - Processing file /home/airflow/.local/lib/python3.12/site-packages/airflow/example_dags/example_sla_dag.py for tasks to queue
[2026-01-08T02:00:34.797+0000] {logging_mixin.py:190} INFO - [2026-01-08T02:00:34.797+0000] {dagbag.py:587} INFO - Filling up the DagBag from /home/airflow/.local/lib/python3.12/site-packages/airflow/example_dags/example_sla_dag.py
[2026-01-08T02:00:34.805+0000] {processor.py:925} INFO - DAG(s) 'example_sla_dag' retrieved from /home/airflow/.local/lib/python3.12/site-packages/airflow/example_dags/example_sla_dag.py
[2026-01-08T02:00:34.819+0000] {logging_mixin.py:190} INFO - [2026-01-08T02:00:34.819+0000] {dag.py:3211} INFO - Sync 1 DAGs
[2026-01-08T02:00:34.835+0000] {logging_mixin.py:190} INFO - [2026-01-08T02:00:34.835+0000] {dag.py:4138} INFO - Setting next_dagrun for example_sla_dag to 2026-01-08 01:58:00+00:00, run_after=2026-01-08 02:00:00+00:00
[2026-01-08T02:00:34.850+0000] {processor.py:208} INFO - Processing /home/airflow/.local/lib/python3.12/site-packages/airflow/example_dags/example_sla_dag.py took 0.060 seconds
[2026-01-08T02:01:05.454+0000] {processor.py:186} INFO - Started process (PID=1651) to work on /home/airflow/.local/lib/python3.12/site-packages/airflow/example_dags/example_sla_dag.py
[2026-01-08T02:01:05.456+0000] {processor.py:914} INFO - Processing file /home/airflow/.local/lib/python3.12/site-packages/airflow/example_dags/example_sla_dag.py for tasks to queue
[2026-01-08T02:01:05.458+0000] {logging_mixin.py:190} INFO - [2026-01-08T02:01:05.458+0000] {dagbag.py:587} INFO - Filling up the DagBag from /home/airflow/.local/lib/python3.12/site-packages/airflow/example_dags/example_sla_dag.py
[2026-01-08T02:01:05.468+0000] {processor.py:925} INFO - DAG(s) 'example_sla_dag' retrieved from /home/airflow/.local/lib/python3.12/site-packages/airflow/example_dags/example_sla_dag.py
[2026-01-08T02:01:05.490+0000] {logging_mixin.py:190} INFO - [2026-01-08T02:01:05.489+0000] {dag.py:3211} INFO - Sync 1 DAGs
[2026-01-08T02:01:05.509+0000] {logging_mixin.py:190} INFO - [2026-01-08T02:01:05.509+0000] {dag.py:4138} INFO - Setting next_dagrun for example_sla_dag to 2026-01-08 01:58:00+00:00, run_after=2026-01-08 02:00:00+00:00
[2026-01-08T02:01:05.525+0000] {processor.py:208} INFO - Processing /home/airflow/.local/lib/python3.12/site-packages/airflow/example_dags/example_sla_dag.py took 0.075 seconds
[2026-01-08T02:01:36.209+0000] {processor.py:186} INFO - Started process (PID=1714) to work on /home/airflow/.local/lib/python3.12/site-packages/airflow/example_dags/example_sla_dag.py
[2026-01-08T02:01:36.211+0000] {processor.py:914} INFO - Processing file /home/airflow/.local/lib/python3.12/site-packages/airflow/example_dags/example_sla_dag.py for tasks to queue
[2026-01-08T02:01:36.213+0000] {logging_mixin.py:190} INFO - [2026-01-08T02:01:36.213+0000] {dagbag.py:587} INFO - Filling up the DagBag from /home/airflow/.local/lib/python3.12/site-packages/airflow/example_dags/example_sla_dag.py
[2026-01-08T02:01:36.222+0000] {processor.py:925} INFO - DAG(s) 'example_sla_dag' retrieved from /home/airflow/.local/lib/python3.12/site-packages/airflow/example_dags/example_sla_dag.py
[2026-01-08T02:01:36.240+0000] {logging_mixin.py:190} INFO - [2026-01-08T02:01:36.240+0000] {dag.py:3211} INFO - Sync 1 DAGs
[2026-01-08T02:01:36.258+0000] {logging_mixin.py:190} INFO - [2026-01-08T02:01:36.258+0000] {dag.py:4138} INFO - Setting next_dagrun for example_sla_dag to 2026-01-08 01:58:00+00:00, run_after=2026-01-08 02:00:00+00:00
[2026-01-08T02:01:36.275+0000] {processor.py:208} INFO - Processing /home/airflow/.local/lib/python3.12/site-packages/airflow/example_dags/example_sla_dag.py took 0.070 seconds
[2026-01-08T02:02:07.256+0000] {processor.py:186} INFO - Started process (PID=1777) to work on /home/airflow/.local/lib/python3.12/site-packages/airflow/example_dags/example_sla_dag.py
[2026-01-08T02:02:07.257+0000] {processor.py:914} INFO - Processing file /home/airflow/.local/lib/python3.12/site-packages/airflow/example_dags/example_sla_dag.py for tasks to queue
[2026-01-08T02:02:07.260+0000] {logging_mixin.py:190} INFO - [2026-01-08T02:02:07.259+0000] {dagbag.py:587} INFO - Filling up the DagBag from /home/airflow/.local/lib/python3.12/site-packages/airflow/example_dags/example_sla_dag.py
[2026-01-08T02:02:07.268+0000] {processor.py:925} INFO - DAG(s) 'example_sla_dag' retrieved from /home/airflow/.local/lib/python3.12/site-packages/airflow/example_dags/example_sla_dag.py
[2026-01-08T02:02:07.286+0000] {logging_mixin.py:190} INFO - [2026-01-08T02:02:07.285+0000] {dag.py:3211} INFO - Sync 1 DAGs
[2026-01-08T02:02:07.304+0000] {logging_mixin.py:190} INFO - [2026-01-08T02:02:07.304+0000] {dag.py:4138} INFO - Setting next_dagrun for example_sla_dag to 2026-01-08 02:00:00+00:00, run_after=2026-01-08 02:02:00+00:00
[2026-01-08T02:02:07.318+0000] {processor.py:208} INFO - Processing /home/airflow/.local/lib/python3.12/site-packages/airflow/example_dags/example_sla_dag.py took 0.066 seconds
[2026-01-08T02:02:38.090+0000] {processor.py:186} INFO - Started process (PID=1840) to work on /home/airflow/.local/lib/python3.12/site-packages/airflow/example_dags/example_sla_dag.py
[2026-01-08T02:02:38.091+0000] {processor.py:914} INFO - Processing file /home/airflow/.local/lib/python3.12/site-packages/airflow/example_dags/example_sla_dag.py for tasks to queue
[2026-01-08T02:02:38.093+0000] {logging_mixin.py:190} INFO - [2026-01-08T02:02:38.093+0000] {dagbag.py:587} INFO - Filling up the DagBag from /home/airflow/.local/lib/python3.12/site-packages/airflow/example_dags/example_sla_dag.py
[2026-01-08T02:02:38.101+0000] {processor.py:925} INFO - DAG(s) 'example_sla_dag' retrieved from /home/airflow/.local/lib/python3.12/site-packages/airflow/example_dags/example_sla_dag.py
[2026-01-08T02:02:38.117+0000] {logging_mixin.py:190} INFO - [2026-01-08T02:02:38.117+0000] {dag.py:3211} INFO - Sync 1 DAGs
[2026-01-08T02:02:38.136+0000] {logging_mixin.py:190} INFO - [2026-01-08T02:02:38.136+0000] {dag.py:4138} INFO - Setting next_dagrun for example_sla_dag to 2026-01-08 02:00:00+00:00, run_after=2026-01-08 02:02:00+00:00
[2026-01-08T02:02:38.151+0000] {processor.py:208} INFO - Processing /home/airflow/.local/lib/python3.12/site-packages/airflow/example_dags/example_sla_dag.py took 0.066 seconds
[2026-01-08T02:03:09.284+0000] {processor.py:186} INFO - Started process (PID=1904) to work on /home/airflow/.local/lib/python3.12/site-packages/airflow/example_dags/example_sla_dag.py
[2026-01-08T02:03:09.285+0000] {processor.py:914} INFO - Processing file /home/airflow/.local/lib/python3.12/site-packages/airflow/example_dags/example_sla_dag.py for tasks to queue
[2026-01-08T02:03:09.289+0000] {logging_mixin.py:190} INFO - [2026-01-08T02:03:09.289+0000] {dagbag.py:587} INFO - Filling up the DagBag from /home/airflow/.local/lib/python3.12/site-packages/airflow/example_dags/example_sla_dag.py
[2026-01-08T02:03:09.306+0000] {processor.py:925} INFO - DAG(s) 'example_sla_dag' retrieved from /home/airflow/.local/lib/python3.12/site-packages/airflow/example_dags/example_sla_dag.py
[2026-01-08T02:03:09.326+0000] {logging_mixin.py:190} INFO - [2026-01-08T02:03:09.326+0000] {dag.py:3211} INFO - Sync 1 DAGs
[2026-01-08T02:03:09.345+0000] {logging_mixin.py:190} INFO - [2026-01-08T02:03:09.344+0000] {dag.py:4138} INFO - Setting next_dagrun for example_sla_dag to 2026-01-08 02:00:00+00:00, run_after=2026-01-08 02:02:00+00:00
[2026-01-08T02:03:09.358+0000] {processor.py:208} INFO - Processing /home/airflow/.local/lib/python3.12/site-packages/airflow/example_dags/example_sla_dag.py took 0.082 seconds
[2026-01-08T02:03:39.752+0000] {processor.py:186} INFO - Started process (PID=1968) to work on /home/airflow/.local/lib/python3.12/site-packages/airflow/example_dags/example_sla_dag.py
[2026-01-08T02:03:39.754+0000] {processor.py:914} INFO - Processing file /home/airflow/.local/lib/python3.12/site-packages/airflow/example_dags/example_sla_dag.py for tasks to queue
[2026-01-08T02:03:39.756+0000] {logging_mixin.py:190} INFO - [2026-01-08T02:03:39.755+0000] {dagbag.py:587} INFO - Filling up the DagBag from /home/airflow/.local/lib/python3.12/site-packages/airflow/example_dags/example_sla_dag.py
[2026-01-08T02:03:39.763+0000] {processor.py:925} INFO - DAG(s) 'example_sla_dag' retrieved from /home/airflow/.local/lib/python3.12/site-packages/airflow/example_dags/example_sla_dag.py
[2026-01-08T02:03:39.777+0000] {logging_mixin.py:190} INFO - [2026-01-08T02:03:39.777+0000] {dag.py:3211} INFO - Sync 1 DAGs
[2026-01-08T02:03:39.793+0000] {logging_mixin.py:190} INFO - [2026-01-08T02:03:39.793+0000] {dag.py:4138} INFO - Setting next_dagrun for example_sla_dag to 2026-01-08 02:00:00+00:00, run_after=2026-01-08 02:02:00+00:00
[2026-01-08T02:03:39.808+0000] {processor.py:208} INFO - Processing /home/airflow/.local/lib/python3.12/site-packages/airflow/example_dags/example_sla_dag.py took 0.059 seconds
[2026-01-08T02:04:10.083+0000] {processor.py:186} INFO - Started process (PID=2031) to work on /home/airflow/.local/lib/python3.12/site-packages/airflow/example_dags/example_sla_dag.py
[2026-01-08T02:04:10.084+0000] {processor.py:914} INFO - Processing file /home/airflow/.local/lib/python3.12/site-packages/airflow/example_dags/example_sla_dag.py for tasks to queue
[2026-01-08T02:04:10.087+0000] {logging_mixin.py:190} INFO - [2026-01-08T02:04:10.087+0000] {dagbag.py:587} INFO - Filling up the DagBag from /home/airflow/.local/lib/python3.12/site-packages/airflow/example_dags/example_sla_dag.py
[2026-01-08T02:04:10.094+0000] {processor.py:925} INFO - DAG(s) 'example_sla_dag' retrieved from /home/airflow/.local/lib/python3.12/site-packages/airflow/example_dags/example_sla_dag.py
[2026-01-08T02:04:10.110+0000] {logging_mixin.py:190} INFO - [2026-01-08T02:04:10.110+0000] {dag.py:3211} INFO - Sync 1 DAGs
[2026-01-08T02:04:10.126+0000] {logging_mixin.py:190} INFO - [2026-01-08T02:04:10.126+0000] {dag.py:4138} INFO - Setting next_dagrun for example_sla_dag to 2026-01-08 02:02:00+00:00, run_after=2026-01-08 02:04:00+00:00
[2026-01-08T02:04:10.139+0000] {processor.py:208} INFO - Processing /home/airflow/.local/lib/python3.12/site-packages/airflow/example_dags/example_sla_dag.py took 0.060 seconds
[2026-01-08T02:04:41.216+0000] {processor.py:186} INFO - Started process (PID=2094) to work on /home/airflow/.local/lib/python3.12/site-packages/airflow/example_dags/example_sla_dag.py
[2026-01-08T02:04:41.217+0000] {processor.py:914} INFO - Processing file /home/airflow/.local/lib/python3.12/site-packages/airflow/example_dags/example_sla_dag.py for tasks to queue
[2026-01-08T02:04:41.219+0000] {logging_mixin.py:190} INFO - [2026-01-08T02:04:41.219+0000] {dagbag.py:587} INFO - Filling up the DagBag from /home/airflow/.local/lib/python3.12/site-packages/airflow/example_dags/example_sla_dag.py
[2026-01-08T02:04:41.228+0000] {processor.py:925} INFO - DAG(s) 'example_sla_dag' retrieved from /home/airflow/.local/lib/python3.12/site-packages/airflow/example_dags/example_sla_dag.py
[2026-01-08T02:04:41.244+0000] {logging_mixin.py:190} INFO - [2026-01-08T02:04:41.244+0000] {dag.py:3211} INFO - Sync 1 DAGs
[2026-01-08T02:04:41.264+0000] {logging_mixin.py:190} INFO - [2026-01-08T02:04:41.263+0000] {dag.py:4138} INFO - Setting next_dagrun for example_sla_dag to 2026-01-08 02:02:00+00:00, run_after=2026-01-08 02:04:00+00:00
[2026-01-08T02:04:41.280+0000] {processor.py:208} INFO - Processing /home/airflow/.local/lib/python3.12/site-packages/airflow/example_dags/example_sla_dag.py took 0.068 seconds
[2026-01-08T02:05:12.534+0000] {processor.py:186} INFO - Started process (PID=2157) to work on /home/airflow/.local/lib/python3.12/site-packages/airflow/example_dags/example_sla_dag.py
[2026-01-08T02:05:12.536+0000] {processor.py:914} INFO - Processing file /home/airflow/.local/lib/python3.12/site-packages/airflow/example_dags/example_sla_dag.py for tasks to queue
[2026-01-08T02:05:12.538+0000] {logging_mixin.py:190} INFO - [2026-01-08T02:05:12.538+0000] {dagbag.py:587} INFO - Filling up the DagBag from /home/airflow/.local/lib/python3.12/site-packages/airflow/example_dags/example_sla_dag.py
[2026-01-08T02:05:12.546+0000] {processor.py:925} INFO - DAG(s) 'example_sla_dag' retrieved from /home/airflow/.local/lib/python3.12/site-packages/airflow/example_dags/example_sla_dag.py
[2026-01-08T02:05:12.561+0000] {logging_mixin.py:190} INFO - [2026-01-08T02:05:12.561+0000] {dag.py:3211} INFO - Sync 1 DAGs
[2026-01-08T02:05:12.577+0000] {logging_mixin.py:190} INFO - [2026-01-08T02:05:12.577+0000] {dag.py:4138} INFO - Setting next_dagrun for example_sla_dag to 2026-01-08 02:02:00+00:00, run_after=2026-01-08 02:04:00+00:00
[2026-01-08T02:05:12.592+0000] {processor.py:208} INFO - Processing /home/airflow/.local/lib/python3.12/site-packages/airflow/example_dags/example_sla_dag.py took 0.062 seconds
[2026-01-08T02:05:43.975+0000] {processor.py:186} INFO - Started process (PID=2220) to work on /home/airflow/.local/lib/python3.12/site-packages/airflow/example_dags/example_sla_dag.py
[2026-01-08T02:05:43.976+0000] {processor.py:914} INFO - Processing file /home/airflow/.local/lib/python3.12/site-packages/airflow/example_dags/example_sla_dag.py for tasks to queue
[2026-01-08T02:05:43.980+0000] {logging_mixin.py:190} INFO - [2026-01-08T02:05:43.980+0000] {dagbag.py:587} INFO - Filling up the DagBag from /home/airflow/.local/lib/python3.12/site-packages/airflow/example_dags/example_sla_dag.py
[2026-01-08T02:05:43.989+0000] {processor.py:925} INFO - DAG(s) 'example_sla_dag' retrieved from /home/airflow/.local/lib/python3.12/site-packages/airflow/example_dags/example_sla_dag.py
[2026-01-08T02:05:44.006+0000] {logging_mixin.py:190} INFO - [2026-01-08T02:05:44.006+0000] {dag.py:3211} INFO - Sync 1 DAGs
[2026-01-08T02:05:44.022+0000] {logging_mixin.py:190} INFO - [2026-01-08T02:05:44.022+0000] {dag.py:4138} INFO - Setting next_dagrun for example_sla_dag to 2026-01-08 02:02:00+00:00, run_after=2026-01-08 02:04:00+00:00
[2026-01-08T02:05:44.036+0000] {processor.py:208} INFO - Processing /home/airflow/.local/lib/python3.12/site-packages/airflow/example_dags/example_sla_dag.py took 0.065 seconds
[2026-01-08T02:06:15.295+0000] {processor.py:186} INFO - Started process (PID=2283) to work on /home/airflow/.local/lib/python3.12/site-packages/airflow/example_dags/example_sla_dag.py
[2026-01-08T02:06:15.296+0000] {processor.py:914} INFO - Processing file /home/airflow/.local/lib/python3.12/site-packages/airflow/example_dags/example_sla_dag.py for tasks to queue
[2026-01-08T02:06:15.299+0000] {logging_mixin.py:190} INFO - [2026-01-08T02:06:15.298+0000] {dagbag.py:587} INFO - Filling up the DagBag from /home/airflow/.local/lib/python3.12/site-packages/airflow/example_dags/example_sla_dag.py
[2026-01-08T02:06:15.306+0000] {processor.py:925} INFO - DAG(s) 'example_sla_dag' retrieved from /home/airflow/.local/lib/python3.12/site-packages/airflow/example_dags/example_sla_dag.py
[2026-01-08T02:06:15.322+0000] {logging_mixin.py:190} INFO - [2026-01-08T02:06:15.322+0000] {dag.py:3211} INFO - Sync 1 DAGs
[2026-01-08T02:06:15.339+0000] {logging_mixin.py:190} INFO - [2026-01-08T02:06:15.339+0000] {dag.py:4138} INFO - Setting next_dagrun for example_sla_dag to 2026-01-08 02:04:00+00:00, run_after=2026-01-08 02:06:00+00:00
[2026-01-08T02:06:15.357+0000] {processor.py:208} INFO - Processing /home/airflow/.local/lib/python3.12/site-packages/airflow/example_dags/example_sla_dag.py took 0.066 seconds
[2026-01-08T02:06:45.708+0000] {processor.py:186} INFO - Started process (PID=2346) to work on /home/airflow/.local/lib/python3.12/site-packages/airflow/example_dags/example_sla_dag.py
[2026-01-08T02:06:45.710+0000] {processor.py:914} INFO - Processing file /home/airflow/.local/lib/python3.12/site-packages/airflow/example_dags/example_sla_dag.py for tasks to queue
[2026-01-08T02:06:45.712+0000] {logging_mixin.py:190} INFO - [2026-01-08T02:06:45.712+0000] {dagbag.py:587} INFO - Filling up the DagBag from /home/airflow/.local/lib/python3.12/site-packages/airflow/example_dags/example_sla_dag.py
[2026-01-08T02:06:45.719+0000] {processor.py:925} INFO - DAG(s) 'example_sla_dag' retrieved from /home/airflow/.local/lib/python3.12/site-packages/airflow/example_dags/example_sla_dag.py
[2026-01-08T02:06:45.736+0000] {logging_mixin.py:190} INFO - [2026-01-08T02:06:45.736+0000] {dag.py:3211} INFO - Sync 1 DAGs
[2026-01-08T02:06:45.754+0000] {logging_mixin.py:190} INFO - [2026-01-08T02:06:45.753+0000] {dag.py:4138} INFO - Setting next_dagrun for example_sla_dag to 2026-01-08 02:04:00+00:00, run_after=2026-01-08 02:06:00+00:00
[2026-01-08T02:06:45.768+0000] {processor.py:208} INFO - Processing /home/airflow/.local/lib/python3.12/site-packages/airflow/example_dags/example_sla_dag.py took 0.065 seconds
[2026-01-08T02:07:16.108+0000] {processor.py:186} INFO - Started process (PID=2409) to work on /home/airflow/.local/lib/python3.12/site-packages/airflow/example_dags/example_sla_dag.py
[2026-01-08T02:07:16.109+0000] {processor.py:914} INFO - Processing file /home/airflow/.local/lib/python3.12/site-packages/airflow/example_dags/example_sla_dag.py for tasks to queue
[2026-01-08T02:07:16.111+0000] {logging_mixin.py:190} INFO - [2026-01-08T02:07:16.111+0000] {dagbag.py:587} INFO - Filling up the DagBag from /home/airflow/.local/lib/python3.12/site-packages/airflow/example_dags/example_sla_dag.py
[2026-01-08T02:07:16.119+0000] {processor.py:925} INFO - DAG(s) 'example_sla_dag' retrieved from /home/airflow/.local/lib/python3.12/site-packages/airflow/example_dags/example_sla_dag.py
[2026-01-08T02:07:16.134+0000] {logging_mixin.py:190} INFO - [2026-01-08T02:07:16.134+0000] {dag.py:3211} INFO - Sync 1 DAGs
[2026-01-08T02:07:16.151+0000] {logging_mixin.py:190} INFO - [2026-01-08T02:07:16.150+0000] {dag.py:4138} INFO - Setting next_dagrun for example_sla_dag to 2026-01-08 02:04:00+00:00, run_after=2026-01-08 02:06:00+00:00
[2026-01-08T02:07:16.166+0000] {processor.py:208} INFO - Processing /home/airflow/.local/lib/python3.12/site-packages/airflow/example_dags/example_sla_dag.py took 0.062 seconds
[2026-01-08T02:07:46.497+0000] {processor.py:186} INFO - Started process (PID=2472) to work on /home/airflow/.local/lib/python3.12/site-packages/airflow/example_dags/example_sla_dag.py
[2026-01-08T02:07:46.498+0000] {processor.py:914} INFO - Processing file /home/airflow/.local/lib/python3.12/site-packages/airflow/example_dags/example_sla_dag.py for tasks to queue
[2026-01-08T02:07:46.501+0000] {logging_mixin.py:190} INFO - [2026-01-08T02:07:46.501+0000] {dagbag.py:587} INFO - Filling up the DagBag from /home/airflow/.local/lib/python3.12/site-packages/airflow/example_dags/example_sla_dag.py
[2026-01-08T02:07:46.508+0000] {processor.py:925} INFO - DAG(s) 'example_sla_dag' retrieved from /home/airflow/.local/lib/python3.12/site-packages/airflow/example_dags/example_sla_dag.py
[2026-01-08T02:07:46.524+0000] {logging_mixin.py:190} INFO - [2026-01-08T02:07:46.523+0000] {dag.py:3211} INFO - Sync 1 DAGs
[2026-01-08T02:07:46.541+0000] {logging_mixin.py:190} INFO - [2026-01-08T02:07:46.541+0000] {dag.py:4138} INFO - Setting next_dagrun for example_sla_dag to 2026-01-08 02:04:00+00:00, run_after=2026-01-08 02:06:00+00:00
[2026-01-08T02:07:46.555+0000] {processor.py:208} INFO - Processing /home/airflow/.local/lib/python3.12/site-packages/airflow/example_dags/example_sla_dag.py took 0.062 seconds
[2026-01-08T02:08:16.820+0000] {processor.py:186} INFO - Started process (PID=2535) to work on /home/airflow/.local/lib/python3.12/site-packages/airflow/example_dags/example_sla_dag.py
[2026-01-08T02:08:16.822+0000] {processor.py:914} INFO - Processing file /home/airflow/.local/lib/python3.12/site-packages/airflow/example_dags/example_sla_dag.py for tasks to queue
[2026-01-08T02:08:16.824+0000] {logging_mixin.py:190} INFO - [2026-01-08T02:08:16.824+0000] {dagbag.py:587} INFO - Filling up the DagBag from /home/airflow/.local/lib/python3.12/site-packages/airflow/example_dags/example_sla_dag.py
[2026-01-08T02:08:16.832+0000] {processor.py:925} INFO - DAG(s) 'example_sla_dag' retrieved from /home/airflow/.local/lib/python3.12/site-packages/airflow/example_dags/example_sla_dag.py
[2026-01-08T02:08:16.846+0000] {logging_mixin.py:190} INFO - [2026-01-08T02:08:16.846+0000] {dag.py:3211} INFO - Sync 1 DAGs
[2026-01-08T02:08:16.863+0000] {logging_mixin.py:190} INFO - [2026-01-08T02:08:16.863+0000] {dag.py:4138} INFO - Setting next_dagrun for example_sla_dag to 2026-01-08 02:06:00+00:00, run_after=2026-01-08 02:08:00+00:00
[2026-01-08T02:08:16.877+0000] {processor.py:208} INFO - Processing /home/airflow/.local/lib/python3.12/site-packages/airflow/example_dags/example_sla_dag.py took 0.060 seconds
[2026-01-08T02:08:47.886+0000] {processor.py:186} INFO - Started process (PID=2598) to work on /home/airflow/.local/lib/python3.12/site-packages/airflow/example_dags/example_sla_dag.py
[2026-01-08T02:08:47.887+0000] {processor.py:914} INFO - Processing file /home/airflow/.local/lib/python3.12/site-packages/airflow/example_dags/example_sla_dag.py for tasks to queue
[2026-01-08T02:08:47.890+0000] {logging_mixin.py:190} INFO - [2026-01-08T02:08:47.890+0000] {dagbag.py:587} INFO - Filling up the DagBag from /home/airflow/.local/lib/python3.12/site-packages/airflow/example_dags/example_sla_dag.py
[2026-01-08T02:08:47.898+0000] {processor.py:925} INFO - DAG(s) 'example_sla_dag' retrieved from /home/airflow/.local/lib/python3.12/site-packages/airflow/example_dags/example_sla_dag.py
[2026-01-08T02:08:47.912+0000] {logging_mixin.py:190} INFO - [2026-01-08T02:08:47.912+0000] {dag.py:3211} INFO - Sync 1 DAGs
[2026-01-08T02:08:47.929+0000] {logging_mixin.py:190} INFO - [2026-01-08T02:08:47.929+0000] {dag.py:4138} INFO - Setting next_dagrun for example_sla_dag to 2026-01-08 02:06:00+00:00, run_after=2026-01-08 02:08:00+00:00
[2026-01-08T02:08:47.942+0000] {processor.py:208} INFO - Processing /home/airflow/.local/lib/python3.12/site-packages/airflow/example_dags/example_sla_dag.py took 0.060 seconds
[2026-01-08T02:09:18.391+0000] {processor.py:186} INFO - Started process (PID=2661) to work on /home/airflow/.local/lib/python3.12/site-packages/airflow/example_dags/example_sla_dag.py
[2026-01-08T02:09:18.392+0000] {processor.py:914} INFO - Processing file /home/airflow/.local/lib/python3.12/site-packages/airflow/example_dags/example_sla_dag.py for tasks to queue
[2026-01-08T02:09:18.394+0000] {logging_mixin.py:190} INFO - [2026-01-08T02:09:18.394+0000] {dagbag.py:587} INFO - Filling up the DagBag from /home/airflow/.local/lib/python3.12/site-packages/airflow/example_dags/example_sla_dag.py
[2026-01-08T02:09:18.402+0000] {processor.py:925} INFO - DAG(s) 'example_sla_dag' retrieved from /home/airflow/.local/lib/python3.12/site-packages/airflow/example_dags/example_sla_dag.py
[2026-01-08T02:09:18.420+0000] {logging_mixin.py:190} INFO - [2026-01-08T02:09:18.419+0000] {dag.py:3211} INFO - Sync 1 DAGs
[2026-01-08T02:09:18.439+0000] {logging_mixin.py:190} INFO - [2026-01-08T02:09:18.439+0000] {dag.py:4138} INFO - Setting next_dagrun for example_sla_dag to 2026-01-08 02:06:00+00:00, run_after=2026-01-08 02:08:00+00:00
[2026-01-08T02:09:18.455+0000] {processor.py:208} INFO - Processing /home/airflow/.local/lib/python3.12/site-packages/airflow/example_dags/example_sla_dag.py took 0.069 seconds
[2026-01-08T02:09:48.742+0000] {processor.py:186} INFO - Started process (PID=2724) to work on /home/airflow/.local/lib/python3.12/site-packages/airflow/example_dags/example_sla_dag.py
[2026-01-08T02:09:48.743+0000] {processor.py:914} INFO - Processing file /home/airflow/.local/lib/python3.12/site-packages/airflow/example_dags/example_sla_dag.py for tasks to queue
[2026-01-08T02:09:48.745+0000] {logging_mixin.py:190} INFO - [2026-01-08T02:09:48.745+0000] {dagbag.py:587} INFO - Filling up the DagBag from /home/airflow/.local/lib/python3.12/site-packages/airflow/example_dags/example_sla_dag.py
[2026-01-08T02:09:48.753+0000] {processor.py:925} INFO - DAG(s) 'example_sla_dag' retrieved from /home/airflow/.local/lib/python3.12/site-packages/airflow/example_dags/example_sla_dag.py
[2026-01-08T02:09:48.769+0000] {logging_mixin.py:190} INFO - [2026-01-08T02:09:48.769+0000] {dag.py:3211} INFO - Sync 1 DAGs
[2026-01-08T02:09:48.787+0000] {logging_mixin.py:190} INFO - [2026-01-08T02:09:48.787+0000] {dag.py:4138} INFO - Setting next_dagrun for example_sla_dag to 2026-01-08 02:06:00+00:00, run_after=2026-01-08 02:08:00+00:00
[2026-01-08T02:09:48.801+0000] {processor.py:208} INFO - Processing /home/airflow/.local/lib/python3.12/site-packages/airflow/example_dags/example_sla_dag.py took 0.065 seconds
[2026-01-08T02:10:19.160+0000] {processor.py:186} INFO - Started process (PID=2787) to work on /home/airflow/.local/lib/python3.12/site-packages/airflow/example_dags/example_sla_dag.py
[2026-01-08T02:10:19.161+0000] {processor.py:914} INFO - Processing file /home/airflow/.local/lib/python3.12/site-packages/airflow/example_dags/example_sla_dag.py for tasks to queue
[2026-01-08T02:10:19.163+0000] {logging_mixin.py:190} INFO - [2026-01-08T02:10:19.162+0000] {dagbag.py:587} INFO - Filling up the DagBag from /home/airflow/.local/lib/python3.12/site-packages/airflow/example_dags/example_sla_dag.py
[2026-01-08T02:10:19.170+0000] {processor.py:925} INFO - DAG(s) 'example_sla_dag' retrieved from /home/airflow/.local/lib/python3.12/site-packages/airflow/example_dags/example_sla_dag.py
[2026-01-08T02:10:19.186+0000] {logging_mixin.py:190} INFO - [2026-01-08T02:10:19.185+0000] {dag.py:3211} INFO - Sync 1 DAGs
[2026-01-08T02:10:19.202+0000] {logging_mixin.py:190} INFO - [2026-01-08T02:10:19.202+0000] {dag.py:4138} INFO - Setting next_dagrun for example_sla_dag to 2026-01-08 02:08:00+00:00, run_after=2026-01-08 02:10:00+00:00
[2026-01-08T02:10:19.216+0000] {processor.py:208} INFO - Processing /home/airflow/.local/lib/python3.12/site-packages/airflow/example_dags/example_sla_dag.py took 0.060 seconds
[2026-01-08T02:10:49.769+0000] {processor.py:186} INFO - Started process (PID=2849) to work on /home/airflow/.local/lib/python3.12/site-packages/airflow/example_dags/example_sla_dag.py
[2026-01-08T02:10:49.770+0000] {processor.py:914} INFO - Processing file /home/airflow/.local/lib/python3.12/site-packages/airflow/example_dags/example_sla_dag.py for tasks to queue
[2026-01-08T02:10:49.773+0000] {logging_mixin.py:190} INFO - [2026-01-08T02:10:49.773+0000] {dagbag.py:587} INFO - Filling up the DagBag from /home/airflow/.local/lib/python3.12/site-packages/airflow/example_dags/example_sla_dag.py
[2026-01-08T02:10:49.780+0000] {processor.py:925} INFO - DAG(s) 'example_sla_dag' retrieved from /home/airflow/.local/lib/python3.12/site-packages/airflow/example_dags/example_sla_dag.py
[2026-01-08T02:10:49.795+0000] {logging_mixin.py:190} INFO - [2026-01-08T02:10:49.795+0000] {dag.py:3211} INFO - Sync 1 DAGs
[2026-01-08T02:10:49.812+0000] {logging_mixin.py:190} INFO - [2026-01-08T02:10:49.812+0000] {dag.py:4138} INFO - Setting next_dagrun for example_sla_dag to 2026-01-08 02:08:00+00:00, run_after=2026-01-08 02:10:00+00:00
[2026-01-08T02:10:49.828+0000] {processor.py:208} INFO - Processing /home/airflow/.local/lib/python3.12/site-packages/airflow/example_dags/example_sla_dag.py took 0.063 seconds
[2026-01-08T02:11:21.249+0000] {processor.py:186} INFO - Started process (PID=2912) to work on /home/airflow/.local/lib/python3.12/site-packages/airflow/example_dags/example_sla_dag.py
[2026-01-08T02:11:21.250+0000] {processor.py:914} INFO - Processing file /home/airflow/.local/lib/python3.12/site-packages/airflow/example_dags/example_sla_dag.py for tasks to queue
[2026-01-08T02:11:21.253+0000] {logging_mixin.py:190} INFO - [2026-01-08T02:11:21.253+0000] {dagbag.py:587} INFO - Filling up the DagBag from /home/airflow/.local/lib/python3.12/site-packages/airflow/example_dags/example_sla_dag.py
[2026-01-08T02:11:21.261+0000] {processor.py:925} INFO - DAG(s) 'example_sla_dag' retrieved from /home/airflow/.local/lib/python3.12/site-packages/airflow/example_dags/example_sla_dag.py
[2026-01-08T02:11:21.276+0000] {logging_mixin.py:190} INFO - [2026-01-08T02:11:21.276+0000] {dag.py:3211} INFO - Sync 1 DAGs
[2026-01-08T02:11:21.293+0000] {logging_mixin.py:190} INFO - [2026-01-08T02:11:21.293+0000] {dag.py:4138} INFO - Setting next_dagrun for example_sla_dag to 2026-01-08 02:08:00+00:00, run_after=2026-01-08 02:10:00+00:00
[2026-01-08T02:11:21.309+0000] {processor.py:208} INFO - Processing /home/airflow/.local/lib/python3.12/site-packages/airflow/example_dags/example_sla_dag.py took 0.064 seconds
[2026-01-08T02:11:51.777+0000] {processor.py:186} INFO - Started process (PID=2975) to work on /home/airflow/.local/lib/python3.12/site-packages/airflow/example_dags/example_sla_dag.py
[2026-01-08T02:11:51.778+0000] {processor.py:914} INFO - Processing file /home/airflow/.local/lib/python3.12/site-packages/airflow/example_dags/example_sla_dag.py for tasks to queue
[2026-01-08T02:11:51.780+0000] {logging_mixin.py:190} INFO - [2026-01-08T02:11:51.780+0000] {dagbag.py:587} INFO - Filling up the DagBag from /home/airflow/.local/lib/python3.12/site-packages/airflow/example_dags/example_sla_dag.py
[2026-01-08T02:11:51.788+0000] {processor.py:925} INFO - DAG(s) 'example_sla_dag' retrieved from /home/airflow/.local/lib/python3.12/site-packages/airflow/example_dags/example_sla_dag.py
[2026-01-08T02:11:51.803+0000] {logging_mixin.py:190} INFO - [2026-01-08T02:11:51.803+0000] {dag.py:3211} INFO - Sync 1 DAGs
[2026-01-08T02:11:51.821+0000] {logging_mixin.py:190} INFO - [2026-01-08T02:11:51.820+0000] {dag.py:4138} INFO - Setting next_dagrun for example_sla_dag to 2026-01-08 02:08:00+00:00, run_after=2026-01-08 02:10:00+00:00
[2026-01-08T02:11:51.952+0000] {processor.py:208} INFO - Processing /home/airflow/.local/lib/python3.12/site-packages/airflow/example_dags/example_sla_dag.py took 0.179 seconds
[2026-01-08T02:12:22.477+0000] {processor.py:186} INFO - Started process (PID=3039) to work on /home/airflow/.local/lib/python3.12/site-packages/airflow/example_dags/example_sla_dag.py
[2026-01-08T02:12:22.479+0000] {processor.py:914} INFO - Processing file /home/airflow/.local/lib/python3.12/site-packages/airflow/example_dags/example_sla_dag.py for tasks to queue
[2026-01-08T02:12:22.481+0000] {logging_mixin.py:190} INFO - [2026-01-08T02:12:22.481+0000] {dagbag.py:587} INFO - Filling up the DagBag from /home/airflow/.local/lib/python3.12/site-packages/airflow/example_dags/example_sla_dag.py
[2026-01-08T02:12:22.489+0000] {processor.py:925} INFO - DAG(s) 'example_sla_dag' retrieved from /home/airflow/.local/lib/python3.12/site-packages/airflow/example_dags/example_sla_dag.py
[2026-01-08T02:12:22.506+0000] {logging_mixin.py:190} INFO - [2026-01-08T02:12:22.505+0000] {dag.py:3211} INFO - Sync 1 DAGs
[2026-01-08T02:12:22.526+0000] {logging_mixin.py:190} INFO - [2026-01-08T02:12:22.526+0000] {dag.py:4138} INFO - Setting next_dagrun for example_sla_dag to 2026-01-08 02:10:00+00:00, run_after=2026-01-08 02:12:00+00:00
[2026-01-08T02:12:22.542+0000] {processor.py:208} INFO - Processing /home/airflow/.local/lib/python3.12/site-packages/airflow/example_dags/example_sla_dag.py took 0.070 seconds
