[2026-01-08T01:48:24.017+0000] {processor.py:186} INFO - Started process (PID=106) to work on /home/airflow/.local/lib/python3.12/site-packages/airflow/example_dags/example_nested_branch_dag.py
[2026-01-08T01:48:24.018+0000] {processor.py:914} INFO - Processing file /home/airflow/.local/lib/python3.12/site-packages/airflow/example_dags/example_nested_branch_dag.py for tasks to queue
[2026-01-08T01:48:24.021+0000] {logging_mixin.py:190} INFO - [2026-01-08T01:48:24.021+0000] {dagbag.py:587} INFO - Filling up the DagBag from /home/airflow/.local/lib/python3.12/site-packages/airflow/example_dags/example_nested_branch_dag.py
[2026-01-08T01:48:24.033+0000] {processor.py:925} INFO - DAG(s) 'example_nested_branch_dag' retrieved from /home/airflow/.local/lib/python3.12/site-packages/airflow/example_dags/example_nested_branch_dag.py
[2026-01-08T01:48:24.117+0000] {logging_mixin.py:190} INFO - [2026-01-08T01:48:24.117+0000] {override.py:1858} INFO - Created Permission View: can edit on DAG:example_nested_branch_dag
[2026-01-08T01:48:24.127+0000] {logging_mixin.py:190} INFO - [2026-01-08T01:48:24.126+0000] {override.py:1858} INFO - Created Permission View: can read on DAG:example_nested_branch_dag
[2026-01-08T01:48:24.133+0000] {logging_mixin.py:190} INFO - [2026-01-08T01:48:24.133+0000] {override.py:1858} INFO - Created Permission View: can delete on DAG:example_nested_branch_dag
[2026-01-08T01:48:24.134+0000] {logging_mixin.py:190} INFO - [2026-01-08T01:48:24.134+0000] {dag.py:3211} INFO - Sync 1 DAGs
[2026-01-08T01:48:24.144+0000] {logging_mixin.py:190} INFO - [2026-01-08T01:48:24.144+0000] {dag.py:3234} INFO - Creating ORM DAG for example_nested_branch_dag
[2026-01-08T01:48:24.152+0000] {logging_mixin.py:190} INFO - [2026-01-08T01:48:24.151+0000] {dag.py:4138} INFO - Setting next_dagrun for example_nested_branch_dag to 2026-01-07 00:00:00+00:00, run_after=2026-01-08 00:00:00+00:00
[2026-01-08T01:48:24.164+0000] {processor.py:208} INFO - Processing /home/airflow/.local/lib/python3.12/site-packages/airflow/example_dags/example_nested_branch_dag.py took 0.152 seconds
[2026-01-08T01:48:54.868+0000] {processor.py:186} INFO - Started process (PID=168) to work on /home/airflow/.local/lib/python3.12/site-packages/airflow/example_dags/example_nested_branch_dag.py
[2026-01-08T01:48:54.869+0000] {processor.py:914} INFO - Processing file /home/airflow/.local/lib/python3.12/site-packages/airflow/example_dags/example_nested_branch_dag.py for tasks to queue
[2026-01-08T01:48:54.871+0000] {logging_mixin.py:190} INFO - [2026-01-08T01:48:54.871+0000] {dagbag.py:587} INFO - Filling up the DagBag from /home/airflow/.local/lib/python3.12/site-packages/airflow/example_dags/example_nested_branch_dag.py
[2026-01-08T01:48:54.880+0000] {processor.py:925} INFO - DAG(s) 'example_nested_branch_dag' retrieved from /home/airflow/.local/lib/python3.12/site-packages/airflow/example_dags/example_nested_branch_dag.py
[2026-01-08T01:48:54.898+0000] {logging_mixin.py:190} INFO - [2026-01-08T01:48:54.897+0000] {dag.py:3211} INFO - Sync 1 DAGs
[2026-01-08T01:48:54.913+0000] {logging_mixin.py:190} INFO - [2026-01-08T01:48:54.913+0000] {dag.py:4138} INFO - Setting next_dagrun for example_nested_branch_dag to 2026-01-07 00:00:00+00:00, run_after=2026-01-08 00:00:00+00:00
[2026-01-08T01:48:54.927+0000] {processor.py:208} INFO - Processing /home/airflow/.local/lib/python3.12/site-packages/airflow/example_dags/example_nested_branch_dag.py took 0.063 seconds
[2026-01-08T01:49:25.278+0000] {processor.py:186} INFO - Started process (PID=230) to work on /home/airflow/.local/lib/python3.12/site-packages/airflow/example_dags/example_nested_branch_dag.py
[2026-01-08T01:49:25.280+0000] {processor.py:914} INFO - Processing file /home/airflow/.local/lib/python3.12/site-packages/airflow/example_dags/example_nested_branch_dag.py for tasks to queue
[2026-01-08T01:49:25.283+0000] {logging_mixin.py:190} INFO - [2026-01-08T01:49:25.283+0000] {dagbag.py:587} INFO - Filling up the DagBag from /home/airflow/.local/lib/python3.12/site-packages/airflow/example_dags/example_nested_branch_dag.py
[2026-01-08T01:49:25.292+0000] {processor.py:925} INFO - DAG(s) 'example_nested_branch_dag' retrieved from /home/airflow/.local/lib/python3.12/site-packages/airflow/example_dags/example_nested_branch_dag.py
[2026-01-08T01:49:25.310+0000] {logging_mixin.py:190} INFO - [2026-01-08T01:49:25.310+0000] {dag.py:3211} INFO - Sync 1 DAGs
[2026-01-08T01:49:25.327+0000] {logging_mixin.py:190} INFO - [2026-01-08T01:49:25.327+0000] {dag.py:4138} INFO - Setting next_dagrun for example_nested_branch_dag to 2026-01-07 00:00:00+00:00, run_after=2026-01-08 00:00:00+00:00
[2026-01-08T01:49:25.342+0000] {processor.py:208} INFO - Processing /home/airflow/.local/lib/python3.12/site-packages/airflow/example_dags/example_nested_branch_dag.py took 0.069 seconds
[2026-01-08T01:49:56.023+0000] {processor.py:186} INFO - Started process (PID=292) to work on /home/airflow/.local/lib/python3.12/site-packages/airflow/example_dags/example_nested_branch_dag.py
[2026-01-08T01:49:56.024+0000] {processor.py:914} INFO - Processing file /home/airflow/.local/lib/python3.12/site-packages/airflow/example_dags/example_nested_branch_dag.py for tasks to queue
[2026-01-08T01:49:56.027+0000] {logging_mixin.py:190} INFO - [2026-01-08T01:49:56.027+0000] {dagbag.py:587} INFO - Filling up the DagBag from /home/airflow/.local/lib/python3.12/site-packages/airflow/example_dags/example_nested_branch_dag.py
[2026-01-08T01:49:56.036+0000] {processor.py:925} INFO - DAG(s) 'example_nested_branch_dag' retrieved from /home/airflow/.local/lib/python3.12/site-packages/airflow/example_dags/example_nested_branch_dag.py
[2026-01-08T01:49:56.052+0000] {logging_mixin.py:190} INFO - [2026-01-08T01:49:56.052+0000] {dag.py:3211} INFO - Sync 1 DAGs
[2026-01-08T01:49:56.069+0000] {logging_mixin.py:190} INFO - [2026-01-08T01:49:56.069+0000] {dag.py:4138} INFO - Setting next_dagrun for example_nested_branch_dag to 2026-01-07 00:00:00+00:00, run_after=2026-01-08 00:00:00+00:00
[2026-01-08T01:49:56.083+0000] {processor.py:208} INFO - Processing /home/airflow/.local/lib/python3.12/site-packages/airflow/example_dags/example_nested_branch_dag.py took 0.065 seconds
[2026-01-08T01:50:26.320+0000] {processor.py:186} INFO - Started process (PID=354) to work on /home/airflow/.local/lib/python3.12/site-packages/airflow/example_dags/example_nested_branch_dag.py
[2026-01-08T01:50:26.321+0000] {processor.py:914} INFO - Processing file /home/airflow/.local/lib/python3.12/site-packages/airflow/example_dags/example_nested_branch_dag.py for tasks to queue
[2026-01-08T01:50:26.323+0000] {logging_mixin.py:190} INFO - [2026-01-08T01:50:26.323+0000] {dagbag.py:587} INFO - Filling up the DagBag from /home/airflow/.local/lib/python3.12/site-packages/airflow/example_dags/example_nested_branch_dag.py
[2026-01-08T01:50:26.332+0000] {processor.py:925} INFO - DAG(s) 'example_nested_branch_dag' retrieved from /home/airflow/.local/lib/python3.12/site-packages/airflow/example_dags/example_nested_branch_dag.py
[2026-01-08T01:50:26.350+0000] {logging_mixin.py:190} INFO - [2026-01-08T01:50:26.350+0000] {dag.py:3211} INFO - Sync 1 DAGs
[2026-01-08T01:50:26.368+0000] {logging_mixin.py:190} INFO - [2026-01-08T01:50:26.368+0000] {dag.py:4138} INFO - Setting next_dagrun for example_nested_branch_dag to 2026-01-07 00:00:00+00:00, run_after=2026-01-08 00:00:00+00:00
[2026-01-08T01:50:26.381+0000] {processor.py:208} INFO - Processing /home/airflow/.local/lib/python3.12/site-packages/airflow/example_dags/example_nested_branch_dag.py took 0.065 seconds
[2026-01-08T01:50:56.671+0000] {processor.py:186} INFO - Started process (PID=416) to work on /home/airflow/.local/lib/python3.12/site-packages/airflow/example_dags/example_nested_branch_dag.py
[2026-01-08T01:50:56.672+0000] {processor.py:914} INFO - Processing file /home/airflow/.local/lib/python3.12/site-packages/airflow/example_dags/example_nested_branch_dag.py for tasks to queue
[2026-01-08T01:50:56.675+0000] {logging_mixin.py:190} INFO - [2026-01-08T01:50:56.675+0000] {dagbag.py:587} INFO - Filling up the DagBag from /home/airflow/.local/lib/python3.12/site-packages/airflow/example_dags/example_nested_branch_dag.py
[2026-01-08T01:50:56.684+0000] {processor.py:925} INFO - DAG(s) 'example_nested_branch_dag' retrieved from /home/airflow/.local/lib/python3.12/site-packages/airflow/example_dags/example_nested_branch_dag.py
[2026-01-08T01:50:56.707+0000] {logging_mixin.py:190} INFO - [2026-01-08T01:50:56.707+0000] {dag.py:3211} INFO - Sync 1 DAGs
[2026-01-08T01:50:56.726+0000] {logging_mixin.py:190} INFO - [2026-01-08T01:50:56.726+0000] {dag.py:4138} INFO - Setting next_dagrun for example_nested_branch_dag to 2026-01-07 00:00:00+00:00, run_after=2026-01-08 00:00:00+00:00
[2026-01-08T01:50:56.742+0000] {processor.py:208} INFO - Processing /home/airflow/.local/lib/python3.12/site-packages/airflow/example_dags/example_nested_branch_dag.py took 0.076 seconds
[2026-01-08T01:51:27.582+0000] {processor.py:186} INFO - Started process (PID=478) to work on /home/airflow/.local/lib/python3.12/site-packages/airflow/example_dags/example_nested_branch_dag.py
[2026-01-08T01:51:27.583+0000] {processor.py:914} INFO - Processing file /home/airflow/.local/lib/python3.12/site-packages/airflow/example_dags/example_nested_branch_dag.py for tasks to queue
[2026-01-08T01:51:27.585+0000] {logging_mixin.py:190} INFO - [2026-01-08T01:51:27.584+0000] {dagbag.py:587} INFO - Filling up the DagBag from /home/airflow/.local/lib/python3.12/site-packages/airflow/example_dags/example_nested_branch_dag.py
[2026-01-08T01:51:27.594+0000] {processor.py:925} INFO - DAG(s) 'example_nested_branch_dag' retrieved from /home/airflow/.local/lib/python3.12/site-packages/airflow/example_dags/example_nested_branch_dag.py
[2026-01-08T01:51:27.613+0000] {logging_mixin.py:190} INFO - [2026-01-08T01:51:27.613+0000] {dag.py:3211} INFO - Sync 1 DAGs
[2026-01-08T01:51:27.636+0000] {logging_mixin.py:190} INFO - [2026-01-08T01:51:27.636+0000] {dag.py:4138} INFO - Setting next_dagrun for example_nested_branch_dag to 2026-01-07 00:00:00+00:00, run_after=2026-01-08 00:00:00+00:00
[2026-01-08T01:51:27.657+0000] {processor.py:208} INFO - Processing /home/airflow/.local/lib/python3.12/site-packages/airflow/example_dags/example_nested_branch_dag.py took 0.080 seconds
[2026-01-08T01:51:58.046+0000] {processor.py:186} INFO - Started process (PID=540) to work on /home/airflow/.local/lib/python3.12/site-packages/airflow/example_dags/example_nested_branch_dag.py
[2026-01-08T01:51:58.047+0000] {processor.py:914} INFO - Processing file /home/airflow/.local/lib/python3.12/site-packages/airflow/example_dags/example_nested_branch_dag.py for tasks to queue
[2026-01-08T01:51:58.049+0000] {logging_mixin.py:190} INFO - [2026-01-08T01:51:58.049+0000] {dagbag.py:587} INFO - Filling up the DagBag from /home/airflow/.local/lib/python3.12/site-packages/airflow/example_dags/example_nested_branch_dag.py
[2026-01-08T01:51:58.058+0000] {processor.py:925} INFO - DAG(s) 'example_nested_branch_dag' retrieved from /home/airflow/.local/lib/python3.12/site-packages/airflow/example_dags/example_nested_branch_dag.py
[2026-01-08T01:51:58.075+0000] {logging_mixin.py:190} INFO - [2026-01-08T01:51:58.075+0000] {dag.py:3211} INFO - Sync 1 DAGs
[2026-01-08T01:51:58.092+0000] {logging_mixin.py:190} INFO - [2026-01-08T01:51:58.092+0000] {dag.py:4138} INFO - Setting next_dagrun for example_nested_branch_dag to 2026-01-07 00:00:00+00:00, run_after=2026-01-08 00:00:00+00:00
[2026-01-08T01:51:58.106+0000] {processor.py:208} INFO - Processing /home/airflow/.local/lib/python3.12/site-packages/airflow/example_dags/example_nested_branch_dag.py took 0.065 seconds
[2026-01-08T01:52:28.441+0000] {processor.py:186} INFO - Started process (PID=603) to work on /home/airflow/.local/lib/python3.12/site-packages/airflow/example_dags/example_nested_branch_dag.py
[2026-01-08T01:52:28.443+0000] {processor.py:914} INFO - Processing file /home/airflow/.local/lib/python3.12/site-packages/airflow/example_dags/example_nested_branch_dag.py for tasks to queue
[2026-01-08T01:52:28.445+0000] {logging_mixin.py:190} INFO - [2026-01-08T01:52:28.445+0000] {dagbag.py:587} INFO - Filling up the DagBag from /home/airflow/.local/lib/python3.12/site-packages/airflow/example_dags/example_nested_branch_dag.py
[2026-01-08T01:52:28.454+0000] {processor.py:925} INFO - DAG(s) 'example_nested_branch_dag' retrieved from /home/airflow/.local/lib/python3.12/site-packages/airflow/example_dags/example_nested_branch_dag.py
[2026-01-08T01:52:28.470+0000] {logging_mixin.py:190} INFO - [2026-01-08T01:52:28.470+0000] {dag.py:3211} INFO - Sync 1 DAGs
[2026-01-08T01:52:28.486+0000] {logging_mixin.py:190} INFO - [2026-01-08T01:52:28.486+0000] {dag.py:4138} INFO - Setting next_dagrun for example_nested_branch_dag to 2026-01-07 00:00:00+00:00, run_after=2026-01-08 00:00:00+00:00
[2026-01-08T01:52:28.502+0000] {processor.py:208} INFO - Processing /home/airflow/.local/lib/python3.12/site-packages/airflow/example_dags/example_nested_branch_dag.py took 0.065 seconds
[2026-01-08T01:52:58.906+0000] {processor.py:186} INFO - Started process (PID=665) to work on /home/airflow/.local/lib/python3.12/site-packages/airflow/example_dags/example_nested_branch_dag.py
[2026-01-08T01:52:58.907+0000] {processor.py:914} INFO - Processing file /home/airflow/.local/lib/python3.12/site-packages/airflow/example_dags/example_nested_branch_dag.py for tasks to queue
[2026-01-08T01:52:58.910+0000] {logging_mixin.py:190} INFO - [2026-01-08T01:52:58.910+0000] {dagbag.py:587} INFO - Filling up the DagBag from /home/airflow/.local/lib/python3.12/site-packages/airflow/example_dags/example_nested_branch_dag.py
[2026-01-08T01:52:58.920+0000] {processor.py:925} INFO - DAG(s) 'example_nested_branch_dag' retrieved from /home/airflow/.local/lib/python3.12/site-packages/airflow/example_dags/example_nested_branch_dag.py
[2026-01-08T01:52:58.940+0000] {logging_mixin.py:190} INFO - [2026-01-08T01:52:58.940+0000] {dag.py:3211} INFO - Sync 1 DAGs
[2026-01-08T01:52:58.959+0000] {logging_mixin.py:190} INFO - [2026-01-08T01:52:58.959+0000] {dag.py:4138} INFO - Setting next_dagrun for example_nested_branch_dag to 2026-01-07 00:00:00+00:00, run_after=2026-01-08 00:00:00+00:00
[2026-01-08T01:52:58.977+0000] {processor.py:208} INFO - Processing /home/airflow/.local/lib/python3.12/site-packages/airflow/example_dags/example_nested_branch_dag.py took 0.076 seconds
[2026-01-08T01:53:29.360+0000] {processor.py:186} INFO - Started process (PID=727) to work on /home/airflow/.local/lib/python3.12/site-packages/airflow/example_dags/example_nested_branch_dag.py
[2026-01-08T01:53:29.361+0000] {processor.py:914} INFO - Processing file /home/airflow/.local/lib/python3.12/site-packages/airflow/example_dags/example_nested_branch_dag.py for tasks to queue
[2026-01-08T01:53:29.363+0000] {logging_mixin.py:190} INFO - [2026-01-08T01:53:29.363+0000] {dagbag.py:587} INFO - Filling up the DagBag from /home/airflow/.local/lib/python3.12/site-packages/airflow/example_dags/example_nested_branch_dag.py
[2026-01-08T01:53:29.373+0000] {processor.py:925} INFO - DAG(s) 'example_nested_branch_dag' retrieved from /home/airflow/.local/lib/python3.12/site-packages/airflow/example_dags/example_nested_branch_dag.py
[2026-01-08T01:53:29.390+0000] {logging_mixin.py:190} INFO - [2026-01-08T01:53:29.390+0000] {dag.py:3211} INFO - Sync 1 DAGs
[2026-01-08T01:53:29.407+0000] {logging_mixin.py:190} INFO - [2026-01-08T01:53:29.407+0000] {dag.py:4138} INFO - Setting next_dagrun for example_nested_branch_dag to 2026-01-07 00:00:00+00:00, run_after=2026-01-08 00:00:00+00:00
[2026-01-08T01:53:29.421+0000] {processor.py:208} INFO - Processing /home/airflow/.local/lib/python3.12/site-packages/airflow/example_dags/example_nested_branch_dag.py took 0.066 seconds
[2026-01-08T01:53:59.817+0000] {processor.py:186} INFO - Started process (PID=789) to work on /home/airflow/.local/lib/python3.12/site-packages/airflow/example_dags/example_nested_branch_dag.py
[2026-01-08T01:53:59.818+0000] {processor.py:914} INFO - Processing file /home/airflow/.local/lib/python3.12/site-packages/airflow/example_dags/example_nested_branch_dag.py for tasks to queue
[2026-01-08T01:53:59.821+0000] {logging_mixin.py:190} INFO - [2026-01-08T01:53:59.820+0000] {dagbag.py:587} INFO - Filling up the DagBag from /home/airflow/.local/lib/python3.12/site-packages/airflow/example_dags/example_nested_branch_dag.py
[2026-01-08T01:53:59.829+0000] {processor.py:925} INFO - DAG(s) 'example_nested_branch_dag' retrieved from /home/airflow/.local/lib/python3.12/site-packages/airflow/example_dags/example_nested_branch_dag.py
[2026-01-08T01:53:59.847+0000] {logging_mixin.py:190} INFO - [2026-01-08T01:53:59.847+0000] {dag.py:3211} INFO - Sync 1 DAGs
[2026-01-08T01:53:59.866+0000] {logging_mixin.py:190} INFO - [2026-01-08T01:53:59.866+0000] {dag.py:4138} INFO - Setting next_dagrun for example_nested_branch_dag to 2026-01-07 00:00:00+00:00, run_after=2026-01-08 00:00:00+00:00
[2026-01-08T01:53:59.880+0000] {processor.py:208} INFO - Processing /home/airflow/.local/lib/python3.12/site-packages/airflow/example_dags/example_nested_branch_dag.py took 0.067 seconds
[2026-01-08T01:54:30.431+0000] {processor.py:186} INFO - Started process (PID=851) to work on /home/airflow/.local/lib/python3.12/site-packages/airflow/example_dags/example_nested_branch_dag.py
[2026-01-08T01:54:30.432+0000] {processor.py:914} INFO - Processing file /home/airflow/.local/lib/python3.12/site-packages/airflow/example_dags/example_nested_branch_dag.py for tasks to queue
[2026-01-08T01:54:30.435+0000] {logging_mixin.py:190} INFO - [2026-01-08T01:54:30.435+0000] {dagbag.py:587} INFO - Filling up the DagBag from /home/airflow/.local/lib/python3.12/site-packages/airflow/example_dags/example_nested_branch_dag.py
[2026-01-08T01:54:30.444+0000] {processor.py:925} INFO - DAG(s) 'example_nested_branch_dag' retrieved from /home/airflow/.local/lib/python3.12/site-packages/airflow/example_dags/example_nested_branch_dag.py
[2026-01-08T01:54:30.462+0000] {logging_mixin.py:190} INFO - [2026-01-08T01:54:30.461+0000] {dag.py:3211} INFO - Sync 1 DAGs
[2026-01-08T01:54:30.479+0000] {logging_mixin.py:190} INFO - [2026-01-08T01:54:30.479+0000] {dag.py:4138} INFO - Setting next_dagrun for example_nested_branch_dag to 2026-01-07 00:00:00+00:00, run_after=2026-01-08 00:00:00+00:00
[2026-01-08T01:54:30.492+0000] {processor.py:208} INFO - Processing /home/airflow/.local/lib/python3.12/site-packages/airflow/example_dags/example_nested_branch_dag.py took 0.066 seconds
[2026-01-08T01:55:00.990+0000] {processor.py:186} INFO - Started process (PID=913) to work on /home/airflow/.local/lib/python3.12/site-packages/airflow/example_dags/example_nested_branch_dag.py
[2026-01-08T01:55:00.992+0000] {processor.py:914} INFO - Processing file /home/airflow/.local/lib/python3.12/site-packages/airflow/example_dags/example_nested_branch_dag.py for tasks to queue
[2026-01-08T01:55:00.994+0000] {logging_mixin.py:190} INFO - [2026-01-08T01:55:00.994+0000] {dagbag.py:587} INFO - Filling up the DagBag from /home/airflow/.local/lib/python3.12/site-packages/airflow/example_dags/example_nested_branch_dag.py
[2026-01-08T01:55:01.003+0000] {processor.py:925} INFO - DAG(s) 'example_nested_branch_dag' retrieved from /home/airflow/.local/lib/python3.12/site-packages/airflow/example_dags/example_nested_branch_dag.py
[2026-01-08T01:55:01.019+0000] {logging_mixin.py:190} INFO - [2026-01-08T01:55:01.019+0000] {dag.py:3211} INFO - Sync 1 DAGs
[2026-01-08T01:55:01.037+0000] {logging_mixin.py:190} INFO - [2026-01-08T01:55:01.037+0000] {dag.py:4138} INFO - Setting next_dagrun for example_nested_branch_dag to 2026-01-07 00:00:00+00:00, run_after=2026-01-08 00:00:00+00:00
[2026-01-08T01:55:01.051+0000] {processor.py:208} INFO - Processing /home/airflow/.local/lib/python3.12/site-packages/airflow/example_dags/example_nested_branch_dag.py took 0.065 seconds
[2026-01-08T01:55:31.719+0000] {processor.py:186} INFO - Started process (PID=975) to work on /home/airflow/.local/lib/python3.12/site-packages/airflow/example_dags/example_nested_branch_dag.py
[2026-01-08T01:55:31.721+0000] {processor.py:914} INFO - Processing file /home/airflow/.local/lib/python3.12/site-packages/airflow/example_dags/example_nested_branch_dag.py for tasks to queue
[2026-01-08T01:55:31.724+0000] {logging_mixin.py:190} INFO - [2026-01-08T01:55:31.723+0000] {dagbag.py:587} INFO - Filling up the DagBag from /home/airflow/.local/lib/python3.12/site-packages/airflow/example_dags/example_nested_branch_dag.py
[2026-01-08T01:55:31.733+0000] {processor.py:925} INFO - DAG(s) 'example_nested_branch_dag' retrieved from /home/airflow/.local/lib/python3.12/site-packages/airflow/example_dags/example_nested_branch_dag.py
[2026-01-08T01:55:31.751+0000] {logging_mixin.py:190} INFO - [2026-01-08T01:55:31.751+0000] {dag.py:3211} INFO - Sync 1 DAGs
[2026-01-08T01:55:31.767+0000] {logging_mixin.py:190} INFO - [2026-01-08T01:55:31.767+0000] {dag.py:4138} INFO - Setting next_dagrun for example_nested_branch_dag to 2026-01-07 00:00:00+00:00, run_after=2026-01-08 00:00:00+00:00
[2026-01-08T01:55:31.782+0000] {processor.py:208} INFO - Processing /home/airflow/.local/lib/python3.12/site-packages/airflow/example_dags/example_nested_branch_dag.py took 0.067 seconds
[2026-01-08T01:56:02.378+0000] {processor.py:186} INFO - Started process (PID=1037) to work on /home/airflow/.local/lib/python3.12/site-packages/airflow/example_dags/example_nested_branch_dag.py
[2026-01-08T01:56:02.380+0000] {processor.py:914} INFO - Processing file /home/airflow/.local/lib/python3.12/site-packages/airflow/example_dags/example_nested_branch_dag.py for tasks to queue
[2026-01-08T01:56:02.382+0000] {logging_mixin.py:190} INFO - [2026-01-08T01:56:02.382+0000] {dagbag.py:587} INFO - Filling up the DagBag from /home/airflow/.local/lib/python3.12/site-packages/airflow/example_dags/example_nested_branch_dag.py
[2026-01-08T01:56:02.391+0000] {processor.py:925} INFO - DAG(s) 'example_nested_branch_dag' retrieved from /home/airflow/.local/lib/python3.12/site-packages/airflow/example_dags/example_nested_branch_dag.py
[2026-01-08T01:56:02.408+0000] {logging_mixin.py:190} INFO - [2026-01-08T01:56:02.408+0000] {dag.py:3211} INFO - Sync 1 DAGs
[2026-01-08T01:56:02.424+0000] {logging_mixin.py:190} INFO - [2026-01-08T01:56:02.424+0000] {dag.py:4138} INFO - Setting next_dagrun for example_nested_branch_dag to 2026-01-07 00:00:00+00:00, run_after=2026-01-08 00:00:00+00:00
[2026-01-08T01:56:02.438+0000] {processor.py:208} INFO - Processing /home/airflow/.local/lib/python3.12/site-packages/airflow/example_dags/example_nested_branch_dag.py took 0.065 seconds
[2026-01-08T01:56:32.677+0000] {processor.py:186} INFO - Started process (PID=1099) to work on /home/airflow/.local/lib/python3.12/site-packages/airflow/example_dags/example_nested_branch_dag.py
[2026-01-08T01:56:32.679+0000] {processor.py:914} INFO - Processing file /home/airflow/.local/lib/python3.12/site-packages/airflow/example_dags/example_nested_branch_dag.py for tasks to queue
[2026-01-08T01:56:32.681+0000] {logging_mixin.py:190} INFO - [2026-01-08T01:56:32.681+0000] {dagbag.py:587} INFO - Filling up the DagBag from /home/airflow/.local/lib/python3.12/site-packages/airflow/example_dags/example_nested_branch_dag.py
[2026-01-08T01:56:32.690+0000] {processor.py:925} INFO - DAG(s) 'example_nested_branch_dag' retrieved from /home/airflow/.local/lib/python3.12/site-packages/airflow/example_dags/example_nested_branch_dag.py
[2026-01-08T01:56:32.708+0000] {logging_mixin.py:190} INFO - [2026-01-08T01:56:32.707+0000] {dag.py:3211} INFO - Sync 1 DAGs
[2026-01-08T01:56:32.724+0000] {logging_mixin.py:190} INFO - [2026-01-08T01:56:32.724+0000] {dag.py:4138} INFO - Setting next_dagrun for example_nested_branch_dag to 2026-01-07 00:00:00+00:00, run_after=2026-01-08 00:00:00+00:00
[2026-01-08T01:56:32.738+0000] {processor.py:208} INFO - Processing /home/airflow/.local/lib/python3.12/site-packages/airflow/example_dags/example_nested_branch_dag.py took 0.065 seconds
[2026-01-08T01:57:03.117+0000] {processor.py:186} INFO - Started process (PID=1161) to work on /home/airflow/.local/lib/python3.12/site-packages/airflow/example_dags/example_nested_branch_dag.py
[2026-01-08T01:57:03.119+0000] {processor.py:914} INFO - Processing file /home/airflow/.local/lib/python3.12/site-packages/airflow/example_dags/example_nested_branch_dag.py for tasks to queue
[2026-01-08T01:57:03.121+0000] {logging_mixin.py:190} INFO - [2026-01-08T01:57:03.121+0000] {dagbag.py:587} INFO - Filling up the DagBag from /home/airflow/.local/lib/python3.12/site-packages/airflow/example_dags/example_nested_branch_dag.py
[2026-01-08T01:57:03.131+0000] {processor.py:925} INFO - DAG(s) 'example_nested_branch_dag' retrieved from /home/airflow/.local/lib/python3.12/site-packages/airflow/example_dags/example_nested_branch_dag.py
[2026-01-08T01:57:03.148+0000] {logging_mixin.py:190} INFO - [2026-01-08T01:57:03.148+0000] {dag.py:3211} INFO - Sync 1 DAGs
[2026-01-08T01:57:03.165+0000] {logging_mixin.py:190} INFO - [2026-01-08T01:57:03.165+0000] {dag.py:4138} INFO - Setting next_dagrun for example_nested_branch_dag to 2026-01-07 00:00:00+00:00, run_after=2026-01-08 00:00:00+00:00
[2026-01-08T01:57:03.179+0000] {processor.py:208} INFO - Processing /home/airflow/.local/lib/python3.12/site-packages/airflow/example_dags/example_nested_branch_dag.py took 0.067 seconds
[2026-01-08T01:57:33.610+0000] {processor.py:186} INFO - Started process (PID=1223) to work on /home/airflow/.local/lib/python3.12/site-packages/airflow/example_dags/example_nested_branch_dag.py
[2026-01-08T01:57:33.612+0000] {processor.py:914} INFO - Processing file /home/airflow/.local/lib/python3.12/site-packages/airflow/example_dags/example_nested_branch_dag.py for tasks to queue
[2026-01-08T01:57:33.614+0000] {logging_mixin.py:190} INFO - [2026-01-08T01:57:33.614+0000] {dagbag.py:587} INFO - Filling up the DagBag from /home/airflow/.local/lib/python3.12/site-packages/airflow/example_dags/example_nested_branch_dag.py
[2026-01-08T01:57:33.623+0000] {processor.py:925} INFO - DAG(s) 'example_nested_branch_dag' retrieved from /home/airflow/.local/lib/python3.12/site-packages/airflow/example_dags/example_nested_branch_dag.py
[2026-01-08T01:57:33.642+0000] {logging_mixin.py:190} INFO - [2026-01-08T01:57:33.641+0000] {dag.py:3211} INFO - Sync 1 DAGs
[2026-01-08T01:57:33.659+0000] {logging_mixin.py:190} INFO - [2026-01-08T01:57:33.659+0000] {dag.py:4138} INFO - Setting next_dagrun for example_nested_branch_dag to 2026-01-07 00:00:00+00:00, run_after=2026-01-08 00:00:00+00:00
[2026-01-08T01:57:33.674+0000] {processor.py:208} INFO - Processing /home/airflow/.local/lib/python3.12/site-packages/airflow/example_dags/example_nested_branch_dag.py took 0.069 seconds
[2026-01-08T01:58:04.221+0000] {processor.py:186} INFO - Started process (PID=1285) to work on /home/airflow/.local/lib/python3.12/site-packages/airflow/example_dags/example_nested_branch_dag.py
[2026-01-08T01:58:04.223+0000] {processor.py:914} INFO - Processing file /home/airflow/.local/lib/python3.12/site-packages/airflow/example_dags/example_nested_branch_dag.py for tasks to queue
[2026-01-08T01:58:04.226+0000] {logging_mixin.py:190} INFO - [2026-01-08T01:58:04.226+0000] {dagbag.py:587} INFO - Filling up the DagBag from /home/airflow/.local/lib/python3.12/site-packages/airflow/example_dags/example_nested_branch_dag.py
[2026-01-08T01:58:04.237+0000] {processor.py:925} INFO - DAG(s) 'example_nested_branch_dag' retrieved from /home/airflow/.local/lib/python3.12/site-packages/airflow/example_dags/example_nested_branch_dag.py
[2026-01-08T01:58:04.253+0000] {logging_mixin.py:190} INFO - [2026-01-08T01:58:04.253+0000] {dag.py:3211} INFO - Sync 1 DAGs
[2026-01-08T01:58:04.270+0000] {logging_mixin.py:190} INFO - [2026-01-08T01:58:04.270+0000] {dag.py:4138} INFO - Setting next_dagrun for example_nested_branch_dag to 2026-01-07 00:00:00+00:00, run_after=2026-01-08 00:00:00+00:00
[2026-01-08T01:58:04.286+0000] {processor.py:208} INFO - Processing /home/airflow/.local/lib/python3.12/site-packages/airflow/example_dags/example_nested_branch_dag.py took 0.069 seconds
[2026-01-08T01:58:34.614+0000] {processor.py:186} INFO - Started process (PID=1348) to work on /home/airflow/.local/lib/python3.12/site-packages/airflow/example_dags/example_nested_branch_dag.py
[2026-01-08T01:58:34.615+0000] {processor.py:914} INFO - Processing file /home/airflow/.local/lib/python3.12/site-packages/airflow/example_dags/example_nested_branch_dag.py for tasks to queue
[2026-01-08T01:58:34.618+0000] {logging_mixin.py:190} INFO - [2026-01-08T01:58:34.617+0000] {dagbag.py:587} INFO - Filling up the DagBag from /home/airflow/.local/lib/python3.12/site-packages/airflow/example_dags/example_nested_branch_dag.py
[2026-01-08T01:58:34.626+0000] {processor.py:925} INFO - DAG(s) 'example_nested_branch_dag' retrieved from /home/airflow/.local/lib/python3.12/site-packages/airflow/example_dags/example_nested_branch_dag.py
[2026-01-08T01:58:34.644+0000] {logging_mixin.py:190} INFO - [2026-01-08T01:58:34.643+0000] {dag.py:3211} INFO - Sync 1 DAGs
[2026-01-08T01:58:34.661+0000] {logging_mixin.py:190} INFO - [2026-01-08T01:58:34.660+0000] {dag.py:4138} INFO - Setting next_dagrun for example_nested_branch_dag to 2026-01-07 00:00:00+00:00, run_after=2026-01-08 00:00:00+00:00
[2026-01-08T01:58:34.674+0000] {processor.py:208} INFO - Processing /home/airflow/.local/lib/python3.12/site-packages/airflow/example_dags/example_nested_branch_dag.py took 0.064 seconds
[2026-01-08T01:59:04.962+0000] {processor.py:186} INFO - Started process (PID=1411) to work on /home/airflow/.local/lib/python3.12/site-packages/airflow/example_dags/example_nested_branch_dag.py
[2026-01-08T01:59:04.964+0000] {processor.py:914} INFO - Processing file /home/airflow/.local/lib/python3.12/site-packages/airflow/example_dags/example_nested_branch_dag.py for tasks to queue
[2026-01-08T01:59:04.966+0000] {logging_mixin.py:190} INFO - [2026-01-08T01:59:04.966+0000] {dagbag.py:587} INFO - Filling up the DagBag from /home/airflow/.local/lib/python3.12/site-packages/airflow/example_dags/example_nested_branch_dag.py
[2026-01-08T01:59:04.975+0000] {processor.py:925} INFO - DAG(s) 'example_nested_branch_dag' retrieved from /home/airflow/.local/lib/python3.12/site-packages/airflow/example_dags/example_nested_branch_dag.py
[2026-01-08T01:59:04.991+0000] {logging_mixin.py:190} INFO - [2026-01-08T01:59:04.991+0000] {dag.py:3211} INFO - Sync 1 DAGs
[2026-01-08T01:59:05.008+0000] {logging_mixin.py:190} INFO - [2026-01-08T01:59:05.007+0000] {dag.py:4138} INFO - Setting next_dagrun for example_nested_branch_dag to 2026-01-07 00:00:00+00:00, run_after=2026-01-08 00:00:00+00:00
[2026-01-08T01:59:05.020+0000] {processor.py:208} INFO - Processing /home/airflow/.local/lib/python3.12/site-packages/airflow/example_dags/example_nested_branch_dag.py took 0.062 seconds
[2026-01-08T01:59:35.199+0000] {processor.py:186} INFO - Started process (PID=1474) to work on /home/airflow/.local/lib/python3.12/site-packages/airflow/example_dags/example_nested_branch_dag.py
[2026-01-08T01:59:35.200+0000] {processor.py:914} INFO - Processing file /home/airflow/.local/lib/python3.12/site-packages/airflow/example_dags/example_nested_branch_dag.py for tasks to queue
[2026-01-08T01:59:35.202+0000] {logging_mixin.py:190} INFO - [2026-01-08T01:59:35.202+0000] {dagbag.py:587} INFO - Filling up the DagBag from /home/airflow/.local/lib/python3.12/site-packages/airflow/example_dags/example_nested_branch_dag.py
[2026-01-08T01:59:35.212+0000] {processor.py:925} INFO - DAG(s) 'example_nested_branch_dag' retrieved from /home/airflow/.local/lib/python3.12/site-packages/airflow/example_dags/example_nested_branch_dag.py
[2026-01-08T01:59:35.230+0000] {logging_mixin.py:190} INFO - [2026-01-08T01:59:35.230+0000] {dag.py:3211} INFO - Sync 1 DAGs
[2026-01-08T01:59:35.248+0000] {logging_mixin.py:190} INFO - [2026-01-08T01:59:35.248+0000] {dag.py:4138} INFO - Setting next_dagrun for example_nested_branch_dag to 2026-01-07 00:00:00+00:00, run_after=2026-01-08 00:00:00+00:00
[2026-01-08T01:59:35.262+0000] {processor.py:208} INFO - Processing /home/airflow/.local/lib/python3.12/site-packages/airflow/example_dags/example_nested_branch_dag.py took 0.069 seconds
[2026-01-08T02:00:05.827+0000] {processor.py:186} INFO - Started process (PID=1537) to work on /home/airflow/.local/lib/python3.12/site-packages/airflow/example_dags/example_nested_branch_dag.py
[2026-01-08T02:00:05.828+0000] {processor.py:914} INFO - Processing file /home/airflow/.local/lib/python3.12/site-packages/airflow/example_dags/example_nested_branch_dag.py for tasks to queue
[2026-01-08T02:00:05.831+0000] {logging_mixin.py:190} INFO - [2026-01-08T02:00:05.831+0000] {dagbag.py:587} INFO - Filling up the DagBag from /home/airflow/.local/lib/python3.12/site-packages/airflow/example_dags/example_nested_branch_dag.py
[2026-01-08T02:00:05.840+0000] {processor.py:925} INFO - DAG(s) 'example_nested_branch_dag' retrieved from /home/airflow/.local/lib/python3.12/site-packages/airflow/example_dags/example_nested_branch_dag.py
[2026-01-08T02:00:05.858+0000] {logging_mixin.py:190} INFO - [2026-01-08T02:00:05.858+0000] {dag.py:3211} INFO - Sync 1 DAGs
[2026-01-08T02:00:05.874+0000] {logging_mixin.py:190} INFO - [2026-01-08T02:00:05.874+0000] {dag.py:4138} INFO - Setting next_dagrun for example_nested_branch_dag to 2026-01-07 00:00:00+00:00, run_after=2026-01-08 00:00:00+00:00
[2026-01-08T02:00:05.890+0000] {processor.py:208} INFO - Processing /home/airflow/.local/lib/python3.12/site-packages/airflow/example_dags/example_nested_branch_dag.py took 0.067 seconds
[2026-01-08T02:00:36.457+0000] {processor.py:186} INFO - Started process (PID=1600) to work on /home/airflow/.local/lib/python3.12/site-packages/airflow/example_dags/example_nested_branch_dag.py
[2026-01-08T02:00:36.459+0000] {processor.py:914} INFO - Processing file /home/airflow/.local/lib/python3.12/site-packages/airflow/example_dags/example_nested_branch_dag.py for tasks to queue
[2026-01-08T02:00:36.461+0000] {logging_mixin.py:190} INFO - [2026-01-08T02:00:36.461+0000] {dagbag.py:587} INFO - Filling up the DagBag from /home/airflow/.local/lib/python3.12/site-packages/airflow/example_dags/example_nested_branch_dag.py
[2026-01-08T02:00:36.470+0000] {processor.py:925} INFO - DAG(s) 'example_nested_branch_dag' retrieved from /home/airflow/.local/lib/python3.12/site-packages/airflow/example_dags/example_nested_branch_dag.py
[2026-01-08T02:00:36.488+0000] {logging_mixin.py:190} INFO - [2026-01-08T02:00:36.488+0000] {dag.py:3211} INFO - Sync 1 DAGs
[2026-01-08T02:00:36.504+0000] {logging_mixin.py:190} INFO - [2026-01-08T02:00:36.504+0000] {dag.py:4138} INFO - Setting next_dagrun for example_nested_branch_dag to 2026-01-07 00:00:00+00:00, run_after=2026-01-08 00:00:00+00:00
[2026-01-08T02:00:36.519+0000] {processor.py:208} INFO - Processing /home/airflow/.local/lib/python3.12/site-packages/airflow/example_dags/example_nested_branch_dag.py took 0.066 seconds
[2026-01-08T02:01:07.138+0000] {processor.py:186} INFO - Started process (PID=1663) to work on /home/airflow/.local/lib/python3.12/site-packages/airflow/example_dags/example_nested_branch_dag.py
[2026-01-08T02:01:07.140+0000] {processor.py:914} INFO - Processing file /home/airflow/.local/lib/python3.12/site-packages/airflow/example_dags/example_nested_branch_dag.py for tasks to queue
[2026-01-08T02:01:07.142+0000] {logging_mixin.py:190} INFO - [2026-01-08T02:01:07.142+0000] {dagbag.py:587} INFO - Filling up the DagBag from /home/airflow/.local/lib/python3.12/site-packages/airflow/example_dags/example_nested_branch_dag.py
[2026-01-08T02:01:07.151+0000] {processor.py:925} INFO - DAG(s) 'example_nested_branch_dag' retrieved from /home/airflow/.local/lib/python3.12/site-packages/airflow/example_dags/example_nested_branch_dag.py
[2026-01-08T02:01:07.171+0000] {logging_mixin.py:190} INFO - [2026-01-08T02:01:07.171+0000] {dag.py:3211} INFO - Sync 1 DAGs
[2026-01-08T02:01:07.190+0000] {logging_mixin.py:190} INFO - [2026-01-08T02:01:07.190+0000] {dag.py:4138} INFO - Setting next_dagrun for example_nested_branch_dag to 2026-01-07 00:00:00+00:00, run_after=2026-01-08 00:00:00+00:00
[2026-01-08T02:01:07.206+0000] {processor.py:208} INFO - Processing /home/airflow/.local/lib/python3.12/site-packages/airflow/example_dags/example_nested_branch_dag.py took 0.073 seconds
[2026-01-08T02:01:38.095+0000] {processor.py:186} INFO - Started process (PID=1726) to work on /home/airflow/.local/lib/python3.12/site-packages/airflow/example_dags/example_nested_branch_dag.py
[2026-01-08T02:01:38.097+0000] {processor.py:914} INFO - Processing file /home/airflow/.local/lib/python3.12/site-packages/airflow/example_dags/example_nested_branch_dag.py for tasks to queue
[2026-01-08T02:01:38.099+0000] {logging_mixin.py:190} INFO - [2026-01-08T02:01:38.099+0000] {dagbag.py:587} INFO - Filling up the DagBag from /home/airflow/.local/lib/python3.12/site-packages/airflow/example_dags/example_nested_branch_dag.py
[2026-01-08T02:01:38.109+0000] {processor.py:925} INFO - DAG(s) 'example_nested_branch_dag' retrieved from /home/airflow/.local/lib/python3.12/site-packages/airflow/example_dags/example_nested_branch_dag.py
[2026-01-08T02:01:38.131+0000] {logging_mixin.py:190} INFO - [2026-01-08T02:01:38.131+0000] {dag.py:3211} INFO - Sync 1 DAGs
[2026-01-08T02:01:38.154+0000] {logging_mixin.py:190} INFO - [2026-01-08T02:01:38.154+0000] {dag.py:4138} INFO - Setting next_dagrun for example_nested_branch_dag to 2026-01-07 00:00:00+00:00, run_after=2026-01-08 00:00:00+00:00
[2026-01-08T02:01:38.176+0000] {processor.py:208} INFO - Processing /home/airflow/.local/lib/python3.12/site-packages/airflow/example_dags/example_nested_branch_dag.py took 0.085 seconds
[2026-01-08T02:02:09.017+0000] {processor.py:186} INFO - Started process (PID=1789) to work on /home/airflow/.local/lib/python3.12/site-packages/airflow/example_dags/example_nested_branch_dag.py
[2026-01-08T02:02:09.019+0000] {processor.py:914} INFO - Processing file /home/airflow/.local/lib/python3.12/site-packages/airflow/example_dags/example_nested_branch_dag.py for tasks to queue
[2026-01-08T02:02:09.021+0000] {logging_mixin.py:190} INFO - [2026-01-08T02:02:09.021+0000] {dagbag.py:587} INFO - Filling up the DagBag from /home/airflow/.local/lib/python3.12/site-packages/airflow/example_dags/example_nested_branch_dag.py
[2026-01-08T02:02:09.030+0000] {processor.py:925} INFO - DAG(s) 'example_nested_branch_dag' retrieved from /home/airflow/.local/lib/python3.12/site-packages/airflow/example_dags/example_nested_branch_dag.py
[2026-01-08T02:02:09.051+0000] {logging_mixin.py:190} INFO - [2026-01-08T02:02:09.051+0000] {dag.py:3211} INFO - Sync 1 DAGs
[2026-01-08T02:02:09.069+0000] {logging_mixin.py:190} INFO - [2026-01-08T02:02:09.069+0000] {dag.py:4138} INFO - Setting next_dagrun for example_nested_branch_dag to 2026-01-07 00:00:00+00:00, run_after=2026-01-08 00:00:00+00:00
[2026-01-08T02:02:09.085+0000] {processor.py:208} INFO - Processing /home/airflow/.local/lib/python3.12/site-packages/airflow/example_dags/example_nested_branch_dag.py took 0.073 seconds
[2026-01-08T02:02:40.095+0000] {processor.py:186} INFO - Started process (PID=1853) to work on /home/airflow/.local/lib/python3.12/site-packages/airflow/example_dags/example_nested_branch_dag.py
[2026-01-08T02:02:40.096+0000] {processor.py:914} INFO - Processing file /home/airflow/.local/lib/python3.12/site-packages/airflow/example_dags/example_nested_branch_dag.py for tasks to queue
[2026-01-08T02:02:40.098+0000] {logging_mixin.py:190} INFO - [2026-01-08T02:02:40.098+0000] {dagbag.py:587} INFO - Filling up the DagBag from /home/airflow/.local/lib/python3.12/site-packages/airflow/example_dags/example_nested_branch_dag.py
[2026-01-08T02:02:40.107+0000] {processor.py:925} INFO - DAG(s) 'example_nested_branch_dag' retrieved from /home/airflow/.local/lib/python3.12/site-packages/airflow/example_dags/example_nested_branch_dag.py
[2026-01-08T02:02:40.123+0000] {logging_mixin.py:190} INFO - [2026-01-08T02:02:40.123+0000] {dag.py:3211} INFO - Sync 1 DAGs
[2026-01-08T02:02:40.141+0000] {logging_mixin.py:190} INFO - [2026-01-08T02:02:40.141+0000] {dag.py:4138} INFO - Setting next_dagrun for example_nested_branch_dag to 2026-01-07 00:00:00+00:00, run_after=2026-01-08 00:00:00+00:00
[2026-01-08T02:02:40.157+0000] {processor.py:208} INFO - Processing /home/airflow/.local/lib/python3.12/site-packages/airflow/example_dags/example_nested_branch_dag.py took 0.067 seconds
[2026-01-08T02:03:11.116+0000] {processor.py:186} INFO - Started process (PID=1916) to work on /home/airflow/.local/lib/python3.12/site-packages/airflow/example_dags/example_nested_branch_dag.py
[2026-01-08T02:03:11.117+0000] {processor.py:914} INFO - Processing file /home/airflow/.local/lib/python3.12/site-packages/airflow/example_dags/example_nested_branch_dag.py for tasks to queue
[2026-01-08T02:03:11.120+0000] {logging_mixin.py:190} INFO - [2026-01-08T02:03:11.120+0000] {dagbag.py:587} INFO - Filling up the DagBag from /home/airflow/.local/lib/python3.12/site-packages/airflow/example_dags/example_nested_branch_dag.py
[2026-01-08T02:03:11.130+0000] {processor.py:925} INFO - DAG(s) 'example_nested_branch_dag' retrieved from /home/airflow/.local/lib/python3.12/site-packages/airflow/example_dags/example_nested_branch_dag.py
[2026-01-08T02:03:11.149+0000] {logging_mixin.py:190} INFO - [2026-01-08T02:03:11.149+0000] {dag.py:3211} INFO - Sync 1 DAGs
[2026-01-08T02:03:11.167+0000] {logging_mixin.py:190} INFO - [2026-01-08T02:03:11.167+0000] {dag.py:4138} INFO - Setting next_dagrun for example_nested_branch_dag to 2026-01-07 00:00:00+00:00, run_after=2026-01-08 00:00:00+00:00
[2026-01-08T02:03:11.183+0000] {processor.py:208} INFO - Processing /home/airflow/.local/lib/python3.12/site-packages/airflow/example_dags/example_nested_branch_dag.py took 0.072 seconds
[2026-01-08T02:03:41.635+0000] {processor.py:186} INFO - Started process (PID=1980) to work on /home/airflow/.local/lib/python3.12/site-packages/airflow/example_dags/example_nested_branch_dag.py
[2026-01-08T02:03:41.636+0000] {processor.py:914} INFO - Processing file /home/airflow/.local/lib/python3.12/site-packages/airflow/example_dags/example_nested_branch_dag.py for tasks to queue
[2026-01-08T02:03:41.639+0000] {logging_mixin.py:190} INFO - [2026-01-08T02:03:41.639+0000] {dagbag.py:587} INFO - Filling up the DagBag from /home/airflow/.local/lib/python3.12/site-packages/airflow/example_dags/example_nested_branch_dag.py
[2026-01-08T02:03:41.649+0000] {processor.py:925} INFO - DAG(s) 'example_nested_branch_dag' retrieved from /home/airflow/.local/lib/python3.12/site-packages/airflow/example_dags/example_nested_branch_dag.py
[2026-01-08T02:03:41.666+0000] {logging_mixin.py:190} INFO - [2026-01-08T02:03:41.666+0000] {dag.py:3211} INFO - Sync 1 DAGs
[2026-01-08T02:03:41.683+0000] {logging_mixin.py:190} INFO - [2026-01-08T02:03:41.683+0000] {dag.py:4138} INFO - Setting next_dagrun for example_nested_branch_dag to 2026-01-07 00:00:00+00:00, run_after=2026-01-08 00:00:00+00:00
[2026-01-08T02:03:41.696+0000] {processor.py:208} INFO - Processing /home/airflow/.local/lib/python3.12/site-packages/airflow/example_dags/example_nested_branch_dag.py took 0.067 seconds
[2026-01-08T02:04:11.821+0000] {processor.py:186} INFO - Started process (PID=2043) to work on /home/airflow/.local/lib/python3.12/site-packages/airflow/example_dags/example_nested_branch_dag.py
[2026-01-08T02:04:11.823+0000] {processor.py:914} INFO - Processing file /home/airflow/.local/lib/python3.12/site-packages/airflow/example_dags/example_nested_branch_dag.py for tasks to queue
[2026-01-08T02:04:11.825+0000] {logging_mixin.py:190} INFO - [2026-01-08T02:04:11.825+0000] {dagbag.py:587} INFO - Filling up the DagBag from /home/airflow/.local/lib/python3.12/site-packages/airflow/example_dags/example_nested_branch_dag.py
[2026-01-08T02:04:11.833+0000] {processor.py:925} INFO - DAG(s) 'example_nested_branch_dag' retrieved from /home/airflow/.local/lib/python3.12/site-packages/airflow/example_dags/example_nested_branch_dag.py
[2026-01-08T02:04:11.851+0000] {logging_mixin.py:190} INFO - [2026-01-08T02:04:11.851+0000] {dag.py:3211} INFO - Sync 1 DAGs
[2026-01-08T02:04:11.868+0000] {logging_mixin.py:190} INFO - [2026-01-08T02:04:11.868+0000] {dag.py:4138} INFO - Setting next_dagrun for example_nested_branch_dag to 2026-01-07 00:00:00+00:00, run_after=2026-01-08 00:00:00+00:00
[2026-01-08T02:04:11.886+0000] {processor.py:208} INFO - Processing /home/airflow/.local/lib/python3.12/site-packages/airflow/example_dags/example_nested_branch_dag.py took 0.069 seconds
[2026-01-08T02:04:42.008+0000] {processor.py:186} INFO - Started process (PID=2105) to work on /home/airflow/.local/lib/python3.12/site-packages/airflow/example_dags/example_nested_branch_dag.py
[2026-01-08T02:04:42.009+0000] {processor.py:914} INFO - Processing file /home/airflow/.local/lib/python3.12/site-packages/airflow/example_dags/example_nested_branch_dag.py for tasks to queue
[2026-01-08T02:04:42.012+0000] {logging_mixin.py:190} INFO - [2026-01-08T02:04:42.012+0000] {dagbag.py:587} INFO - Filling up the DagBag from /home/airflow/.local/lib/python3.12/site-packages/airflow/example_dags/example_nested_branch_dag.py
[2026-01-08T02:04:42.020+0000] {processor.py:925} INFO - DAG(s) 'example_nested_branch_dag' retrieved from /home/airflow/.local/lib/python3.12/site-packages/airflow/example_dags/example_nested_branch_dag.py
[2026-01-08T02:04:42.037+0000] {logging_mixin.py:190} INFO - [2026-01-08T02:04:42.037+0000] {dag.py:3211} INFO - Sync 1 DAGs
[2026-01-08T02:04:42.054+0000] {logging_mixin.py:190} INFO - [2026-01-08T02:04:42.054+0000] {dag.py:4138} INFO - Setting next_dagrun for example_nested_branch_dag to 2026-01-07 00:00:00+00:00, run_after=2026-01-08 00:00:00+00:00
[2026-01-08T02:04:42.069+0000] {processor.py:208} INFO - Processing /home/airflow/.local/lib/python3.12/site-packages/airflow/example_dags/example_nested_branch_dag.py took 0.066 seconds
[2026-01-08T02:05:13.631+0000] {processor.py:186} INFO - Started process (PID=2169) to work on /home/airflow/.local/lib/python3.12/site-packages/airflow/example_dags/example_nested_branch_dag.py
[2026-01-08T02:05:13.632+0000] {processor.py:914} INFO - Processing file /home/airflow/.local/lib/python3.12/site-packages/airflow/example_dags/example_nested_branch_dag.py for tasks to queue
[2026-01-08T02:05:13.634+0000] {logging_mixin.py:190} INFO - [2026-01-08T02:05:13.634+0000] {dagbag.py:587} INFO - Filling up the DagBag from /home/airflow/.local/lib/python3.12/site-packages/airflow/example_dags/example_nested_branch_dag.py
[2026-01-08T02:05:13.642+0000] {processor.py:925} INFO - DAG(s) 'example_nested_branch_dag' retrieved from /home/airflow/.local/lib/python3.12/site-packages/airflow/example_dags/example_nested_branch_dag.py
[2026-01-08T02:05:13.659+0000] {logging_mixin.py:190} INFO - [2026-01-08T02:05:13.659+0000] {dag.py:3211} INFO - Sync 1 DAGs
[2026-01-08T02:05:13.676+0000] {logging_mixin.py:190} INFO - [2026-01-08T02:05:13.676+0000] {dag.py:4138} INFO - Setting next_dagrun for example_nested_branch_dag to 2026-01-07 00:00:00+00:00, run_after=2026-01-08 00:00:00+00:00
[2026-01-08T02:05:13.692+0000] {processor.py:208} INFO - Processing /home/airflow/.local/lib/python3.12/site-packages/airflow/example_dags/example_nested_branch_dag.py took 0.065 seconds
[2026-01-08T02:05:44.905+0000] {processor.py:186} INFO - Started process (PID=2232) to work on /home/airflow/.local/lib/python3.12/site-packages/airflow/example_dags/example_nested_branch_dag.py
[2026-01-08T02:05:44.906+0000] {processor.py:914} INFO - Processing file /home/airflow/.local/lib/python3.12/site-packages/airflow/example_dags/example_nested_branch_dag.py for tasks to queue
[2026-01-08T02:05:44.909+0000] {logging_mixin.py:190} INFO - [2026-01-08T02:05:44.909+0000] {dagbag.py:587} INFO - Filling up the DagBag from /home/airflow/.local/lib/python3.12/site-packages/airflow/example_dags/example_nested_branch_dag.py
[2026-01-08T02:05:44.918+0000] {processor.py:925} INFO - DAG(s) 'example_nested_branch_dag' retrieved from /home/airflow/.local/lib/python3.12/site-packages/airflow/example_dags/example_nested_branch_dag.py
[2026-01-08T02:05:44.935+0000] {logging_mixin.py:190} INFO - [2026-01-08T02:05:44.935+0000] {dag.py:3211} INFO - Sync 1 DAGs
[2026-01-08T02:05:44.952+0000] {logging_mixin.py:190} INFO - [2026-01-08T02:05:44.952+0000] {dag.py:4138} INFO - Setting next_dagrun for example_nested_branch_dag to 2026-01-07 00:00:00+00:00, run_after=2026-01-08 00:00:00+00:00
[2026-01-08T02:05:44.969+0000] {processor.py:208} INFO - Processing /home/airflow/.local/lib/python3.12/site-packages/airflow/example_dags/example_nested_branch_dag.py took 0.068 seconds
[2026-01-08T02:06:16.408+0000] {processor.py:186} INFO - Started process (PID=2295) to work on /home/airflow/.local/lib/python3.12/site-packages/airflow/example_dags/example_nested_branch_dag.py
[2026-01-08T02:06:16.409+0000] {processor.py:914} INFO - Processing file /home/airflow/.local/lib/python3.12/site-packages/airflow/example_dags/example_nested_branch_dag.py for tasks to queue
[2026-01-08T02:06:16.411+0000] {logging_mixin.py:190} INFO - [2026-01-08T02:06:16.411+0000] {dagbag.py:587} INFO - Filling up the DagBag from /home/airflow/.local/lib/python3.12/site-packages/airflow/example_dags/example_nested_branch_dag.py
[2026-01-08T02:06:16.420+0000] {processor.py:925} INFO - DAG(s) 'example_nested_branch_dag' retrieved from /home/airflow/.local/lib/python3.12/site-packages/airflow/example_dags/example_nested_branch_dag.py
[2026-01-08T02:06:16.438+0000] {logging_mixin.py:190} INFO - [2026-01-08T02:06:16.437+0000] {dag.py:3211} INFO - Sync 1 DAGs
[2026-01-08T02:06:16.455+0000] {logging_mixin.py:190} INFO - [2026-01-08T02:06:16.455+0000] {dag.py:4138} INFO - Setting next_dagrun for example_nested_branch_dag to 2026-01-07 00:00:00+00:00, run_after=2026-01-08 00:00:00+00:00
[2026-01-08T02:06:16.470+0000] {processor.py:208} INFO - Processing /home/airflow/.local/lib/python3.12/site-packages/airflow/example_dags/example_nested_branch_dag.py took 0.067 seconds
[2026-01-08T02:06:46.668+0000] {processor.py:186} INFO - Started process (PID=2358) to work on /home/airflow/.local/lib/python3.12/site-packages/airflow/example_dags/example_nested_branch_dag.py
[2026-01-08T02:06:46.669+0000] {processor.py:914} INFO - Processing file /home/airflow/.local/lib/python3.12/site-packages/airflow/example_dags/example_nested_branch_dag.py for tasks to queue
[2026-01-08T02:06:46.671+0000] {logging_mixin.py:190} INFO - [2026-01-08T02:06:46.671+0000] {dagbag.py:587} INFO - Filling up the DagBag from /home/airflow/.local/lib/python3.12/site-packages/airflow/example_dags/example_nested_branch_dag.py
[2026-01-08T02:06:46.680+0000] {processor.py:925} INFO - DAG(s) 'example_nested_branch_dag' retrieved from /home/airflow/.local/lib/python3.12/site-packages/airflow/example_dags/example_nested_branch_dag.py
[2026-01-08T02:06:46.698+0000] {logging_mixin.py:190} INFO - [2026-01-08T02:06:46.697+0000] {dag.py:3211} INFO - Sync 1 DAGs
[2026-01-08T02:06:46.718+0000] {logging_mixin.py:190} INFO - [2026-01-08T02:06:46.718+0000] {dag.py:4138} INFO - Setting next_dagrun for example_nested_branch_dag to 2026-01-07 00:00:00+00:00, run_after=2026-01-08 00:00:00+00:00
[2026-01-08T02:06:46.735+0000] {processor.py:208} INFO - Processing /home/airflow/.local/lib/python3.12/site-packages/airflow/example_dags/example_nested_branch_dag.py took 0.071 seconds
[2026-01-08T02:07:16.968+0000] {processor.py:186} INFO - Started process (PID=2421) to work on /home/airflow/.local/lib/python3.12/site-packages/airflow/example_dags/example_nested_branch_dag.py
[2026-01-08T02:07:16.969+0000] {processor.py:914} INFO - Processing file /home/airflow/.local/lib/python3.12/site-packages/airflow/example_dags/example_nested_branch_dag.py for tasks to queue
[2026-01-08T02:07:16.971+0000] {logging_mixin.py:190} INFO - [2026-01-08T02:07:16.971+0000] {dagbag.py:587} INFO - Filling up the DagBag from /home/airflow/.local/lib/python3.12/site-packages/airflow/example_dags/example_nested_branch_dag.py
[2026-01-08T02:07:16.981+0000] {processor.py:925} INFO - DAG(s) 'example_nested_branch_dag' retrieved from /home/airflow/.local/lib/python3.12/site-packages/airflow/example_dags/example_nested_branch_dag.py
[2026-01-08T02:07:16.999+0000] {logging_mixin.py:190} INFO - [2026-01-08T02:07:16.999+0000] {dag.py:3211} INFO - Sync 1 DAGs
[2026-01-08T02:07:17.019+0000] {logging_mixin.py:190} INFO - [2026-01-08T02:07:17.019+0000] {dag.py:4138} INFO - Setting next_dagrun for example_nested_branch_dag to 2026-01-07 00:00:00+00:00, run_after=2026-01-08 00:00:00+00:00
[2026-01-08T02:07:17.035+0000] {processor.py:208} INFO - Processing /home/airflow/.local/lib/python3.12/site-packages/airflow/example_dags/example_nested_branch_dag.py took 0.072 seconds
[2026-01-08T02:07:47.333+0000] {processor.py:186} INFO - Started process (PID=2484) to work on /home/airflow/.local/lib/python3.12/site-packages/airflow/example_dags/example_nested_branch_dag.py
[2026-01-08T02:07:47.334+0000] {processor.py:914} INFO - Processing file /home/airflow/.local/lib/python3.12/site-packages/airflow/example_dags/example_nested_branch_dag.py for tasks to queue
[2026-01-08T02:07:47.337+0000] {logging_mixin.py:190} INFO - [2026-01-08T02:07:47.336+0000] {dagbag.py:587} INFO - Filling up the DagBag from /home/airflow/.local/lib/python3.12/site-packages/airflow/example_dags/example_nested_branch_dag.py
[2026-01-08T02:07:47.345+0000] {processor.py:925} INFO - DAG(s) 'example_nested_branch_dag' retrieved from /home/airflow/.local/lib/python3.12/site-packages/airflow/example_dags/example_nested_branch_dag.py
[2026-01-08T02:07:47.362+0000] {logging_mixin.py:190} INFO - [2026-01-08T02:07:47.362+0000] {dag.py:3211} INFO - Sync 1 DAGs
[2026-01-08T02:07:47.377+0000] {logging_mixin.py:190} INFO - [2026-01-08T02:07:47.377+0000] {dag.py:4138} INFO - Setting next_dagrun for example_nested_branch_dag to 2026-01-07 00:00:00+00:00, run_after=2026-01-08 00:00:00+00:00
[2026-01-08T02:07:47.390+0000] {processor.py:208} INFO - Processing /home/airflow/.local/lib/python3.12/site-packages/airflow/example_dags/example_nested_branch_dag.py took 0.061 seconds
[2026-01-08T02:08:18.612+0000] {processor.py:186} INFO - Started process (PID=2547) to work on /home/airflow/.local/lib/python3.12/site-packages/airflow/example_dags/example_nested_branch_dag.py
[2026-01-08T02:08:18.614+0000] {processor.py:914} INFO - Processing file /home/airflow/.local/lib/python3.12/site-packages/airflow/example_dags/example_nested_branch_dag.py for tasks to queue
[2026-01-08T02:08:18.617+0000] {logging_mixin.py:190} INFO - [2026-01-08T02:08:18.616+0000] {dagbag.py:587} INFO - Filling up the DagBag from /home/airflow/.local/lib/python3.12/site-packages/airflow/example_dags/example_nested_branch_dag.py
[2026-01-08T02:08:18.627+0000] {processor.py:925} INFO - DAG(s) 'example_nested_branch_dag' retrieved from /home/airflow/.local/lib/python3.12/site-packages/airflow/example_dags/example_nested_branch_dag.py
[2026-01-08T02:08:18.648+0000] {logging_mixin.py:190} INFO - [2026-01-08T02:08:18.648+0000] {dag.py:3211} INFO - Sync 1 DAGs
[2026-01-08T02:08:18.667+0000] {logging_mixin.py:190} INFO - [2026-01-08T02:08:18.667+0000] {dag.py:4138} INFO - Setting next_dagrun for example_nested_branch_dag to 2026-01-07 00:00:00+00:00, run_after=2026-01-08 00:00:00+00:00
[2026-01-08T02:08:18.683+0000] {processor.py:208} INFO - Processing /home/airflow/.local/lib/python3.12/site-packages/airflow/example_dags/example_nested_branch_dag.py took 0.079 seconds
[2026-01-08T02:08:49.764+0000] {processor.py:186} INFO - Started process (PID=2610) to work on /home/airflow/.local/lib/python3.12/site-packages/airflow/example_dags/example_nested_branch_dag.py
[2026-01-08T02:08:49.766+0000] {processor.py:914} INFO - Processing file /home/airflow/.local/lib/python3.12/site-packages/airflow/example_dags/example_nested_branch_dag.py for tasks to queue
[2026-01-08T02:08:49.768+0000] {logging_mixin.py:190} INFO - [2026-01-08T02:08:49.768+0000] {dagbag.py:587} INFO - Filling up the DagBag from /home/airflow/.local/lib/python3.12/site-packages/airflow/example_dags/example_nested_branch_dag.py
[2026-01-08T02:08:49.777+0000] {processor.py:925} INFO - DAG(s) 'example_nested_branch_dag' retrieved from /home/airflow/.local/lib/python3.12/site-packages/airflow/example_dags/example_nested_branch_dag.py
[2026-01-08T02:08:49.793+0000] {logging_mixin.py:190} INFO - [2026-01-08T02:08:49.792+0000] {dag.py:3211} INFO - Sync 1 DAGs
[2026-01-08T02:08:49.809+0000] {logging_mixin.py:190} INFO - [2026-01-08T02:08:49.808+0000] {dag.py:4138} INFO - Setting next_dagrun for example_nested_branch_dag to 2026-01-07 00:00:00+00:00, run_after=2026-01-08 00:00:00+00:00
[2026-01-08T02:08:49.822+0000] {processor.py:208} INFO - Processing /home/airflow/.local/lib/python3.12/site-packages/airflow/example_dags/example_nested_branch_dag.py took 0.062 seconds
[2026-01-08T02:09:20.162+0000] {processor.py:186} INFO - Started process (PID=2673) to work on /home/airflow/.local/lib/python3.12/site-packages/airflow/example_dags/example_nested_branch_dag.py
[2026-01-08T02:09:20.164+0000] {processor.py:914} INFO - Processing file /home/airflow/.local/lib/python3.12/site-packages/airflow/example_dags/example_nested_branch_dag.py for tasks to queue
[2026-01-08T02:09:20.166+0000] {logging_mixin.py:190} INFO - [2026-01-08T02:09:20.166+0000] {dagbag.py:587} INFO - Filling up the DagBag from /home/airflow/.local/lib/python3.12/site-packages/airflow/example_dags/example_nested_branch_dag.py
[2026-01-08T02:09:20.175+0000] {processor.py:925} INFO - DAG(s) 'example_nested_branch_dag' retrieved from /home/airflow/.local/lib/python3.12/site-packages/airflow/example_dags/example_nested_branch_dag.py
[2026-01-08T02:09:20.192+0000] {logging_mixin.py:190} INFO - [2026-01-08T02:09:20.191+0000] {dag.py:3211} INFO - Sync 1 DAGs
[2026-01-08T02:09:20.208+0000] {logging_mixin.py:190} INFO - [2026-01-08T02:09:20.208+0000] {dag.py:4138} INFO - Setting next_dagrun for example_nested_branch_dag to 2026-01-07 00:00:00+00:00, run_after=2026-01-08 00:00:00+00:00
[2026-01-08T02:09:20.225+0000] {processor.py:208} INFO - Processing /home/airflow/.local/lib/python3.12/site-packages/airflow/example_dags/example_nested_branch_dag.py took 0.067 seconds
[2026-01-08T02:09:50.556+0000] {processor.py:186} INFO - Started process (PID=2736) to work on /home/airflow/.local/lib/python3.12/site-packages/airflow/example_dags/example_nested_branch_dag.py
[2026-01-08T02:09:50.557+0000] {processor.py:914} INFO - Processing file /home/airflow/.local/lib/python3.12/site-packages/airflow/example_dags/example_nested_branch_dag.py for tasks to queue
[2026-01-08T02:09:50.559+0000] {logging_mixin.py:190} INFO - [2026-01-08T02:09:50.559+0000] {dagbag.py:587} INFO - Filling up the DagBag from /home/airflow/.local/lib/python3.12/site-packages/airflow/example_dags/example_nested_branch_dag.py
[2026-01-08T02:09:50.570+0000] {processor.py:925} INFO - DAG(s) 'example_nested_branch_dag' retrieved from /home/airflow/.local/lib/python3.12/site-packages/airflow/example_dags/example_nested_branch_dag.py
[2026-01-08T02:09:50.590+0000] {logging_mixin.py:190} INFO - [2026-01-08T02:09:50.590+0000] {dag.py:3211} INFO - Sync 1 DAGs
[2026-01-08T02:09:50.609+0000] {logging_mixin.py:190} INFO - [2026-01-08T02:09:50.609+0000] {dag.py:4138} INFO - Setting next_dagrun for example_nested_branch_dag to 2026-01-07 00:00:00+00:00, run_after=2026-01-08 00:00:00+00:00
[2026-01-08T02:09:50.626+0000] {processor.py:208} INFO - Processing /home/airflow/.local/lib/python3.12/site-packages/airflow/example_dags/example_nested_branch_dag.py took 0.075 seconds
[2026-01-08T02:10:21.146+0000] {processor.py:186} INFO - Started process (PID=2799) to work on /home/airflow/.local/lib/python3.12/site-packages/airflow/example_dags/example_nested_branch_dag.py
[2026-01-08T02:10:21.148+0000] {processor.py:914} INFO - Processing file /home/airflow/.local/lib/python3.12/site-packages/airflow/example_dags/example_nested_branch_dag.py for tasks to queue
[2026-01-08T02:10:21.150+0000] {logging_mixin.py:190} INFO - [2026-01-08T02:10:21.150+0000] {dagbag.py:587} INFO - Filling up the DagBag from /home/airflow/.local/lib/python3.12/site-packages/airflow/example_dags/example_nested_branch_dag.py
[2026-01-08T02:10:21.159+0000] {processor.py:925} INFO - DAG(s) 'example_nested_branch_dag' retrieved from /home/airflow/.local/lib/python3.12/site-packages/airflow/example_dags/example_nested_branch_dag.py
[2026-01-08T02:10:21.176+0000] {logging_mixin.py:190} INFO - [2026-01-08T02:10:21.176+0000] {dag.py:3211} INFO - Sync 1 DAGs
[2026-01-08T02:10:21.192+0000] {logging_mixin.py:190} INFO - [2026-01-08T02:10:21.192+0000] {dag.py:4138} INFO - Setting next_dagrun for example_nested_branch_dag to 2026-01-07 00:00:00+00:00, run_after=2026-01-08 00:00:00+00:00
[2026-01-08T02:10:21.207+0000] {processor.py:208} INFO - Processing /home/airflow/.local/lib/python3.12/site-packages/airflow/example_dags/example_nested_branch_dag.py took 0.066 seconds
[2026-01-08T02:10:51.512+0000] {processor.py:186} INFO - Started process (PID=2861) to work on /home/airflow/.local/lib/python3.12/site-packages/airflow/example_dags/example_nested_branch_dag.py
[2026-01-08T02:10:51.514+0000] {processor.py:914} INFO - Processing file /home/airflow/.local/lib/python3.12/site-packages/airflow/example_dags/example_nested_branch_dag.py for tasks to queue
[2026-01-08T02:10:51.516+0000] {logging_mixin.py:190} INFO - [2026-01-08T02:10:51.516+0000] {dagbag.py:587} INFO - Filling up the DagBag from /home/airflow/.local/lib/python3.12/site-packages/airflow/example_dags/example_nested_branch_dag.py
[2026-01-08T02:10:51.526+0000] {processor.py:925} INFO - DAG(s) 'example_nested_branch_dag' retrieved from /home/airflow/.local/lib/python3.12/site-packages/airflow/example_dags/example_nested_branch_dag.py
[2026-01-08T02:10:51.545+0000] {logging_mixin.py:190} INFO - [2026-01-08T02:10:51.545+0000] {dag.py:3211} INFO - Sync 1 DAGs
[2026-01-08T02:10:51.563+0000] {logging_mixin.py:190} INFO - [2026-01-08T02:10:51.563+0000] {dag.py:4138} INFO - Setting next_dagrun for example_nested_branch_dag to 2026-01-07 00:00:00+00:00, run_after=2026-01-08 00:00:00+00:00
[2026-01-08T02:10:51.582+0000] {processor.py:208} INFO - Processing /home/airflow/.local/lib/python3.12/site-packages/airflow/example_dags/example_nested_branch_dag.py took 0.076 seconds
[2026-01-08T02:11:22.077+0000] {processor.py:186} INFO - Started process (PID=2924) to work on /home/airflow/.local/lib/python3.12/site-packages/airflow/example_dags/example_nested_branch_dag.py
[2026-01-08T02:11:22.078+0000] {processor.py:914} INFO - Processing file /home/airflow/.local/lib/python3.12/site-packages/airflow/example_dags/example_nested_branch_dag.py for tasks to queue
[2026-01-08T02:11:22.081+0000] {logging_mixin.py:190} INFO - [2026-01-08T02:11:22.081+0000] {dagbag.py:587} INFO - Filling up the DagBag from /home/airflow/.local/lib/python3.12/site-packages/airflow/example_dags/example_nested_branch_dag.py
[2026-01-08T02:11:22.090+0000] {processor.py:925} INFO - DAG(s) 'example_nested_branch_dag' retrieved from /home/airflow/.local/lib/python3.12/site-packages/airflow/example_dags/example_nested_branch_dag.py
[2026-01-08T02:11:22.111+0000] {logging_mixin.py:190} INFO - [2026-01-08T02:11:22.110+0000] {dag.py:3211} INFO - Sync 1 DAGs
[2026-01-08T02:11:22.129+0000] {logging_mixin.py:190} INFO - [2026-01-08T02:11:22.129+0000] {dag.py:4138} INFO - Setting next_dagrun for example_nested_branch_dag to 2026-01-07 00:00:00+00:00, run_after=2026-01-08 00:00:00+00:00
[2026-01-08T02:11:22.146+0000] {processor.py:208} INFO - Processing /home/airflow/.local/lib/python3.12/site-packages/airflow/example_dags/example_nested_branch_dag.py took 0.075 seconds
[2026-01-08T02:11:53.049+0000] {processor.py:186} INFO - Started process (PID=2986) to work on /home/airflow/.local/lib/python3.12/site-packages/airflow/example_dags/example_nested_branch_dag.py
[2026-01-08T02:11:53.050+0000] {processor.py:914} INFO - Processing file /home/airflow/.local/lib/python3.12/site-packages/airflow/example_dags/example_nested_branch_dag.py for tasks to queue
[2026-01-08T02:11:53.052+0000] {logging_mixin.py:190} INFO - [2026-01-08T02:11:53.052+0000] {dagbag.py:587} INFO - Filling up the DagBag from /home/airflow/.local/lib/python3.12/site-packages/airflow/example_dags/example_nested_branch_dag.py
[2026-01-08T02:11:53.061+0000] {processor.py:925} INFO - DAG(s) 'example_nested_branch_dag' retrieved from /home/airflow/.local/lib/python3.12/site-packages/airflow/example_dags/example_nested_branch_dag.py
[2026-01-08T02:11:53.076+0000] {logging_mixin.py:190} INFO - [2026-01-08T02:11:53.075+0000] {dag.py:3211} INFO - Sync 1 DAGs
[2026-01-08T02:11:53.091+0000] {logging_mixin.py:190} INFO - [2026-01-08T02:11:53.091+0000] {dag.py:4138} INFO - Setting next_dagrun for example_nested_branch_dag to 2026-01-07 00:00:00+00:00, run_after=2026-01-08 00:00:00+00:00
[2026-01-08T02:11:53.105+0000] {processor.py:208} INFO - Processing /home/airflow/.local/lib/python3.12/site-packages/airflow/example_dags/example_nested_branch_dag.py took 0.060 seconds
[2026-01-08T02:12:23.317+0000] {processor.py:186} INFO - Started process (PID=3050) to work on /home/airflow/.local/lib/python3.12/site-packages/airflow/example_dags/example_nested_branch_dag.py
[2026-01-08T02:12:23.318+0000] {processor.py:914} INFO - Processing file /home/airflow/.local/lib/python3.12/site-packages/airflow/example_dags/example_nested_branch_dag.py for tasks to queue
[2026-01-08T02:12:23.320+0000] {logging_mixin.py:190} INFO - [2026-01-08T02:12:23.320+0000] {dagbag.py:587} INFO - Filling up the DagBag from /home/airflow/.local/lib/python3.12/site-packages/airflow/example_dags/example_nested_branch_dag.py
[2026-01-08T02:12:23.329+0000] {processor.py:925} INFO - DAG(s) 'example_nested_branch_dag' retrieved from /home/airflow/.local/lib/python3.12/site-packages/airflow/example_dags/example_nested_branch_dag.py
[2026-01-08T02:12:23.345+0000] {logging_mixin.py:190} INFO - [2026-01-08T02:12:23.345+0000] {dag.py:3211} INFO - Sync 1 DAGs
[2026-01-08T02:12:23.361+0000] {logging_mixin.py:190} INFO - [2026-01-08T02:12:23.361+0000] {dag.py:4138} INFO - Setting next_dagrun for example_nested_branch_dag to 2026-01-07 00:00:00+00:00, run_after=2026-01-08 00:00:00+00:00
[2026-01-08T02:12:23.375+0000] {processor.py:208} INFO - Processing /home/airflow/.local/lib/python3.12/site-packages/airflow/example_dags/example_nested_branch_dag.py took 0.062 seconds
[2026-01-08T02:12:53.896+0000] {processor.py:186} INFO - Started process (PID=3113) to work on /home/airflow/.local/lib/python3.12/site-packages/airflow/example_dags/example_nested_branch_dag.py
[2026-01-08T02:12:53.898+0000] {processor.py:914} INFO - Processing file /home/airflow/.local/lib/python3.12/site-packages/airflow/example_dags/example_nested_branch_dag.py for tasks to queue
[2026-01-08T02:12:53.900+0000] {logging_mixin.py:190} INFO - [2026-01-08T02:12:53.900+0000] {dagbag.py:587} INFO - Filling up the DagBag from /home/airflow/.local/lib/python3.12/site-packages/airflow/example_dags/example_nested_branch_dag.py
[2026-01-08T02:12:53.909+0000] {processor.py:925} INFO - DAG(s) 'example_nested_branch_dag' retrieved from /home/airflow/.local/lib/python3.12/site-packages/airflow/example_dags/example_nested_branch_dag.py
[2026-01-08T02:12:53.926+0000] {logging_mixin.py:190} INFO - [2026-01-08T02:12:53.926+0000] {dag.py:3211} INFO - Sync 1 DAGs
[2026-01-08T02:12:53.943+0000] {logging_mixin.py:190} INFO - [2026-01-08T02:12:53.943+0000] {dag.py:4138} INFO - Setting next_dagrun for example_nested_branch_dag to 2026-01-07 00:00:00+00:00, run_after=2026-01-08 00:00:00+00:00
[2026-01-08T02:12:53.958+0000] {processor.py:208} INFO - Processing /home/airflow/.local/lib/python3.12/site-packages/airflow/example_dags/example_nested_branch_dag.py took 0.066 seconds
[2026-01-08T02:13:24.860+0000] {processor.py:186} INFO - Started process (PID=3176) to work on /home/airflow/.local/lib/python3.12/site-packages/airflow/example_dags/example_nested_branch_dag.py
[2026-01-08T02:13:24.861+0000] {processor.py:914} INFO - Processing file /home/airflow/.local/lib/python3.12/site-packages/airflow/example_dags/example_nested_branch_dag.py for tasks to queue
[2026-01-08T02:13:24.864+0000] {logging_mixin.py:190} INFO - [2026-01-08T02:13:24.864+0000] {dagbag.py:587} INFO - Filling up the DagBag from /home/airflow/.local/lib/python3.12/site-packages/airflow/example_dags/example_nested_branch_dag.py
[2026-01-08T02:13:24.873+0000] {processor.py:925} INFO - DAG(s) 'example_nested_branch_dag' retrieved from /home/airflow/.local/lib/python3.12/site-packages/airflow/example_dags/example_nested_branch_dag.py
[2026-01-08T02:13:24.890+0000] {logging_mixin.py:190} INFO - [2026-01-08T02:13:24.890+0000] {dag.py:3211} INFO - Sync 1 DAGs
[2026-01-08T02:13:24.906+0000] {logging_mixin.py:190} INFO - [2026-01-08T02:13:24.905+0000] {dag.py:4138} INFO - Setting next_dagrun for example_nested_branch_dag to 2026-01-07 00:00:00+00:00, run_after=2026-01-08 00:00:00+00:00
[2026-01-08T02:13:24.922+0000] {processor.py:208} INFO - Processing /home/airflow/.local/lib/python3.12/site-packages/airflow/example_dags/example_nested_branch_dag.py took 0.066 seconds
[2026-01-08T02:13:56.869+0000] {processor.py:186} INFO - Started process (PID=3238) to work on /home/airflow/.local/lib/python3.12/site-packages/airflow/example_dags/example_nested_branch_dag.py
[2026-01-08T02:13:56.870+0000] {processor.py:914} INFO - Processing file /home/airflow/.local/lib/python3.12/site-packages/airflow/example_dags/example_nested_branch_dag.py for tasks to queue
[2026-01-08T02:13:56.873+0000] {logging_mixin.py:190} INFO - [2026-01-08T02:13:56.873+0000] {dagbag.py:587} INFO - Filling up the DagBag from /home/airflow/.local/lib/python3.12/site-packages/airflow/example_dags/example_nested_branch_dag.py
[2026-01-08T02:13:56.881+0000] {processor.py:925} INFO - DAG(s) 'example_nested_branch_dag' retrieved from /home/airflow/.local/lib/python3.12/site-packages/airflow/example_dags/example_nested_branch_dag.py
[2026-01-08T02:13:56.899+0000] {logging_mixin.py:190} INFO - [2026-01-08T02:13:56.899+0000] {dag.py:3211} INFO - Sync 1 DAGs
[2026-01-08T02:13:56.916+0000] {logging_mixin.py:190} INFO - [2026-01-08T02:13:56.916+0000] {dag.py:4138} INFO - Setting next_dagrun for example_nested_branch_dag to 2026-01-07 00:00:00+00:00, run_after=2026-01-08 00:00:00+00:00
[2026-01-08T02:13:56.931+0000] {processor.py:208} INFO - Processing /home/airflow/.local/lib/python3.12/site-packages/airflow/example_dags/example_nested_branch_dag.py took 0.067 seconds
