[2026-01-08T01:48:24.398+0000] {processor.py:186} INFO - Started process (PID=110) to work on /home/airflow/.local/lib/python3.12/site-packages/airflow/example_dags/example_bash_decorator.py
[2026-01-08T01:48:24.400+0000] {processor.py:914} INFO - Processing file /home/airflow/.local/lib/python3.12/site-packages/airflow/example_dags/example_bash_decorator.py for tasks to queue
[2026-01-08T01:48:24.402+0000] {logging_mixin.py:190} INFO - [2026-01-08T01:48:24.402+0000] {dagbag.py:587} INFO - Filling up the DagBag from /home/airflow/.local/lib/python3.12/site-packages/airflow/example_dags/example_bash_decorator.py
[2026-01-08T01:48:24.416+0000] {processor.py:925} INFO - DAG(s) 'example_bash_decorator' retrieved from /home/airflow/.local/lib/python3.12/site-packages/airflow/example_dags/example_bash_decorator.py
[2026-01-08T01:48:24.486+0000] {logging_mixin.py:190} INFO - [2026-01-08T01:48:24.486+0000] {override.py:1858} INFO - Created Permission View: can edit on DAG:example_bash_decorator
[2026-01-08T01:48:24.494+0000] {logging_mixin.py:190} INFO - [2026-01-08T01:48:24.494+0000] {override.py:1858} INFO - Created Permission View: can read on DAG:example_bash_decorator
[2026-01-08T01:48:24.500+0000] {logging_mixin.py:190} INFO - [2026-01-08T01:48:24.499+0000] {override.py:1858} INFO - Created Permission View: can delete on DAG:example_bash_decorator
[2026-01-08T01:48:24.501+0000] {logging_mixin.py:190} INFO - [2026-01-08T01:48:24.501+0000] {dag.py:3211} INFO - Sync 1 DAGs
[2026-01-08T01:48:24.510+0000] {logging_mixin.py:190} INFO - [2026-01-08T01:48:24.509+0000] {dag.py:3234} INFO - Creating ORM DAG for example_bash_decorator
[2026-01-08T01:48:24.511+0000] {logging_mixin.py:190} INFO - [2026-01-08T01:48:24.511+0000] {dag.py:4138} INFO - Setting next_dagrun for example_bash_decorator to None, run_after=None
[2026-01-08T01:48:24.522+0000] {processor.py:208} INFO - Processing /home/airflow/.local/lib/python3.12/site-packages/airflow/example_dags/example_bash_decorator.py took 0.128 seconds
[2026-01-08T01:48:55.181+0000] {processor.py:186} INFO - Started process (PID=172) to work on /home/airflow/.local/lib/python3.12/site-packages/airflow/example_dags/example_bash_decorator.py
[2026-01-08T01:48:55.182+0000] {processor.py:914} INFO - Processing file /home/airflow/.local/lib/python3.12/site-packages/airflow/example_dags/example_bash_decorator.py for tasks to queue
[2026-01-08T01:48:55.185+0000] {logging_mixin.py:190} INFO - [2026-01-08T01:48:55.184+0000] {dagbag.py:587} INFO - Filling up the DagBag from /home/airflow/.local/lib/python3.12/site-packages/airflow/example_dags/example_bash_decorator.py
[2026-01-08T01:48:55.195+0000] {processor.py:925} INFO - DAG(s) 'example_bash_decorator' retrieved from /home/airflow/.local/lib/python3.12/site-packages/airflow/example_dags/example_bash_decorator.py
[2026-01-08T01:48:55.212+0000] {logging_mixin.py:190} INFO - [2026-01-08T01:48:55.212+0000] {dag.py:3211} INFO - Sync 1 DAGs
[2026-01-08T01:48:55.222+0000] {logging_mixin.py:190} INFO - [2026-01-08T01:48:55.221+0000] {dag.py:4138} INFO - Setting next_dagrun for example_bash_decorator to None, run_after=None
[2026-01-08T01:48:55.236+0000] {processor.py:208} INFO - Processing /home/airflow/.local/lib/python3.12/site-packages/airflow/example_dags/example_bash_decorator.py took 0.059 seconds
[2026-01-08T01:49:25.613+0000] {processor.py:186} INFO - Started process (PID=234) to work on /home/airflow/.local/lib/python3.12/site-packages/airflow/example_dags/example_bash_decorator.py
[2026-01-08T01:49:25.614+0000] {processor.py:914} INFO - Processing file /home/airflow/.local/lib/python3.12/site-packages/airflow/example_dags/example_bash_decorator.py for tasks to queue
[2026-01-08T01:49:25.616+0000] {logging_mixin.py:190} INFO - [2026-01-08T01:49:25.616+0000] {dagbag.py:587} INFO - Filling up the DagBag from /home/airflow/.local/lib/python3.12/site-packages/airflow/example_dags/example_bash_decorator.py
[2026-01-08T01:49:25.627+0000] {processor.py:925} INFO - DAG(s) 'example_bash_decorator' retrieved from /home/airflow/.local/lib/python3.12/site-packages/airflow/example_dags/example_bash_decorator.py
[2026-01-08T01:49:25.645+0000] {logging_mixin.py:190} INFO - [2026-01-08T01:49:25.645+0000] {dag.py:3211} INFO - Sync 1 DAGs
[2026-01-08T01:49:25.655+0000] {logging_mixin.py:190} INFO - [2026-01-08T01:49:25.655+0000] {dag.py:4138} INFO - Setting next_dagrun for example_bash_decorator to None, run_after=None
[2026-01-08T01:49:25.670+0000] {processor.py:208} INFO - Processing /home/airflow/.local/lib/python3.12/site-packages/airflow/example_dags/example_bash_decorator.py took 0.062 seconds
[2026-01-08T01:49:56.220+0000] {processor.py:186} INFO - Started process (PID=296) to work on /home/airflow/.local/lib/python3.12/site-packages/airflow/example_dags/example_bash_decorator.py
[2026-01-08T01:49:56.221+0000] {processor.py:914} INFO - Processing file /home/airflow/.local/lib/python3.12/site-packages/airflow/example_dags/example_bash_decorator.py for tasks to queue
[2026-01-08T01:49:56.223+0000] {logging_mixin.py:190} INFO - [2026-01-08T01:49:56.223+0000] {dagbag.py:587} INFO - Filling up the DagBag from /home/airflow/.local/lib/python3.12/site-packages/airflow/example_dags/example_bash_decorator.py
[2026-01-08T01:49:56.234+0000] {processor.py:925} INFO - DAG(s) 'example_bash_decorator' retrieved from /home/airflow/.local/lib/python3.12/site-packages/airflow/example_dags/example_bash_decorator.py
[2026-01-08T01:49:56.252+0000] {logging_mixin.py:190} INFO - [2026-01-08T01:49:56.252+0000] {dag.py:3211} INFO - Sync 1 DAGs
[2026-01-08T01:49:56.263+0000] {logging_mixin.py:190} INFO - [2026-01-08T01:49:56.262+0000] {dag.py:4138} INFO - Setting next_dagrun for example_bash_decorator to None, run_after=None
[2026-01-08T01:49:56.276+0000] {processor.py:208} INFO - Processing /home/airflow/.local/lib/python3.12/site-packages/airflow/example_dags/example_bash_decorator.py took 0.061 seconds
[2026-01-08T01:50:26.620+0000] {processor.py:186} INFO - Started process (PID=358) to work on /home/airflow/.local/lib/python3.12/site-packages/airflow/example_dags/example_bash_decorator.py
[2026-01-08T01:50:26.621+0000] {processor.py:914} INFO - Processing file /home/airflow/.local/lib/python3.12/site-packages/airflow/example_dags/example_bash_decorator.py for tasks to queue
[2026-01-08T01:50:26.624+0000] {logging_mixin.py:190} INFO - [2026-01-08T01:50:26.623+0000] {dagbag.py:587} INFO - Filling up the DagBag from /home/airflow/.local/lib/python3.12/site-packages/airflow/example_dags/example_bash_decorator.py
[2026-01-08T01:50:26.635+0000] {processor.py:925} INFO - DAG(s) 'example_bash_decorator' retrieved from /home/airflow/.local/lib/python3.12/site-packages/airflow/example_dags/example_bash_decorator.py
[2026-01-08T01:50:26.651+0000] {logging_mixin.py:190} INFO - [2026-01-08T01:50:26.651+0000] {dag.py:3211} INFO - Sync 1 DAGs
[2026-01-08T01:50:26.661+0000] {logging_mixin.py:190} INFO - [2026-01-08T01:50:26.660+0000] {dag.py:4138} INFO - Setting next_dagrun for example_bash_decorator to None, run_after=None
[2026-01-08T01:50:26.673+0000] {processor.py:208} INFO - Processing /home/airflow/.local/lib/python3.12/site-packages/airflow/example_dags/example_bash_decorator.py took 0.058 seconds
[2026-01-08T01:50:56.998+0000] {processor.py:186} INFO - Started process (PID=420) to work on /home/airflow/.local/lib/python3.12/site-packages/airflow/example_dags/example_bash_decorator.py
[2026-01-08T01:50:56.999+0000] {processor.py:914} INFO - Processing file /home/airflow/.local/lib/python3.12/site-packages/airflow/example_dags/example_bash_decorator.py for tasks to queue
[2026-01-08T01:50:57.001+0000] {logging_mixin.py:190} INFO - [2026-01-08T01:50:57.001+0000] {dagbag.py:587} INFO - Filling up the DagBag from /home/airflow/.local/lib/python3.12/site-packages/airflow/example_dags/example_bash_decorator.py
[2026-01-08T01:50:57.012+0000] {processor.py:925} INFO - DAG(s) 'example_bash_decorator' retrieved from /home/airflow/.local/lib/python3.12/site-packages/airflow/example_dags/example_bash_decorator.py
[2026-01-08T01:50:57.030+0000] {logging_mixin.py:190} INFO - [2026-01-08T01:50:57.030+0000] {dag.py:3211} INFO - Sync 1 DAGs
[2026-01-08T01:50:57.042+0000] {logging_mixin.py:190} INFO - [2026-01-08T01:50:57.042+0000] {dag.py:4138} INFO - Setting next_dagrun for example_bash_decorator to None, run_after=None
[2026-01-08T01:50:57.060+0000] {processor.py:208} INFO - Processing /home/airflow/.local/lib/python3.12/site-packages/airflow/example_dags/example_bash_decorator.py took 0.067 seconds
[2026-01-08T01:51:27.860+0000] {processor.py:186} INFO - Started process (PID=482) to work on /home/airflow/.local/lib/python3.12/site-packages/airflow/example_dags/example_bash_decorator.py
[2026-01-08T01:51:27.861+0000] {processor.py:914} INFO - Processing file /home/airflow/.local/lib/python3.12/site-packages/airflow/example_dags/example_bash_decorator.py for tasks to queue
[2026-01-08T01:51:27.863+0000] {logging_mixin.py:190} INFO - [2026-01-08T01:51:27.863+0000] {dagbag.py:587} INFO - Filling up the DagBag from /home/airflow/.local/lib/python3.12/site-packages/airflow/example_dags/example_bash_decorator.py
[2026-01-08T01:51:27.873+0000] {processor.py:925} INFO - DAG(s) 'example_bash_decorator' retrieved from /home/airflow/.local/lib/python3.12/site-packages/airflow/example_dags/example_bash_decorator.py
[2026-01-08T01:51:27.893+0000] {logging_mixin.py:190} INFO - [2026-01-08T01:51:27.893+0000] {dag.py:3211} INFO - Sync 1 DAGs
[2026-01-08T01:51:27.902+0000] {logging_mixin.py:190} INFO - [2026-01-08T01:51:27.902+0000] {dag.py:4138} INFO - Setting next_dagrun for example_bash_decorator to None, run_after=None
[2026-01-08T01:51:27.916+0000] {processor.py:208} INFO - Processing /home/airflow/.local/lib/python3.12/site-packages/airflow/example_dags/example_bash_decorator.py took 0.061 seconds
[2026-01-08T01:51:58.367+0000] {processor.py:186} INFO - Started process (PID=545) to work on /home/airflow/.local/lib/python3.12/site-packages/airflow/example_dags/example_bash_decorator.py
[2026-01-08T01:51:58.369+0000] {processor.py:914} INFO - Processing file /home/airflow/.local/lib/python3.12/site-packages/airflow/example_dags/example_bash_decorator.py for tasks to queue
[2026-01-08T01:51:58.372+0000] {logging_mixin.py:190} INFO - [2026-01-08T01:51:58.372+0000] {dagbag.py:587} INFO - Filling up the DagBag from /home/airflow/.local/lib/python3.12/site-packages/airflow/example_dags/example_bash_decorator.py
[2026-01-08T01:51:58.384+0000] {processor.py:925} INFO - DAG(s) 'example_bash_decorator' retrieved from /home/airflow/.local/lib/python3.12/site-packages/airflow/example_dags/example_bash_decorator.py
[2026-01-08T01:51:58.404+0000] {logging_mixin.py:190} INFO - [2026-01-08T01:51:58.404+0000] {dag.py:3211} INFO - Sync 1 DAGs
[2026-01-08T01:51:58.416+0000] {logging_mixin.py:190} INFO - [2026-01-08T01:51:58.416+0000] {dag.py:4138} INFO - Setting next_dagrun for example_bash_decorator to None, run_after=None
[2026-01-08T01:51:58.431+0000] {processor.py:208} INFO - Processing /home/airflow/.local/lib/python3.12/site-packages/airflow/example_dags/example_bash_decorator.py took 0.070 seconds
[2026-01-08T01:52:28.754+0000] {processor.py:186} INFO - Started process (PID=607) to work on /home/airflow/.local/lib/python3.12/site-packages/airflow/example_dags/example_bash_decorator.py
[2026-01-08T01:52:28.755+0000] {processor.py:914} INFO - Processing file /home/airflow/.local/lib/python3.12/site-packages/airflow/example_dags/example_bash_decorator.py for tasks to queue
[2026-01-08T01:52:28.757+0000] {logging_mixin.py:190} INFO - [2026-01-08T01:52:28.757+0000] {dagbag.py:587} INFO - Filling up the DagBag from /home/airflow/.local/lib/python3.12/site-packages/airflow/example_dags/example_bash_decorator.py
[2026-01-08T01:52:28.769+0000] {processor.py:925} INFO - DAG(s) 'example_bash_decorator' retrieved from /home/airflow/.local/lib/python3.12/site-packages/airflow/example_dags/example_bash_decorator.py
[2026-01-08T01:52:28.788+0000] {logging_mixin.py:190} INFO - [2026-01-08T01:52:28.788+0000] {dag.py:3211} INFO - Sync 1 DAGs
[2026-01-08T01:52:28.799+0000] {logging_mixin.py:190} INFO - [2026-01-08T01:52:28.799+0000] {dag.py:4138} INFO - Setting next_dagrun for example_bash_decorator to None, run_after=None
[2026-01-08T01:52:28.814+0000] {processor.py:208} INFO - Processing /home/airflow/.local/lib/python3.12/site-packages/airflow/example_dags/example_bash_decorator.py took 0.065 seconds
[2026-01-08T01:52:59.129+0000] {processor.py:186} INFO - Started process (PID=669) to work on /home/airflow/.local/lib/python3.12/site-packages/airflow/example_dags/example_bash_decorator.py
[2026-01-08T01:52:59.130+0000] {processor.py:914} INFO - Processing file /home/airflow/.local/lib/python3.12/site-packages/airflow/example_dags/example_bash_decorator.py for tasks to queue
[2026-01-08T01:52:59.133+0000] {logging_mixin.py:190} INFO - [2026-01-08T01:52:59.132+0000] {dagbag.py:587} INFO - Filling up the DagBag from /home/airflow/.local/lib/python3.12/site-packages/airflow/example_dags/example_bash_decorator.py
[2026-01-08T01:52:59.144+0000] {processor.py:925} INFO - DAG(s) 'example_bash_decorator' retrieved from /home/airflow/.local/lib/python3.12/site-packages/airflow/example_dags/example_bash_decorator.py
[2026-01-08T01:52:59.165+0000] {logging_mixin.py:190} INFO - [2026-01-08T01:52:59.164+0000] {dag.py:3211} INFO - Sync 1 DAGs
[2026-01-08T01:52:59.176+0000] {logging_mixin.py:190} INFO - [2026-01-08T01:52:59.175+0000] {dag.py:4138} INFO - Setting next_dagrun for example_bash_decorator to None, run_after=None
[2026-01-08T01:52:59.190+0000] {processor.py:208} INFO - Processing /home/airflow/.local/lib/python3.12/site-packages/airflow/example_dags/example_bash_decorator.py took 0.066 seconds
[2026-01-08T01:53:29.557+0000] {processor.py:186} INFO - Started process (PID=731) to work on /home/airflow/.local/lib/python3.12/site-packages/airflow/example_dags/example_bash_decorator.py
[2026-01-08T01:53:29.558+0000] {processor.py:914} INFO - Processing file /home/airflow/.local/lib/python3.12/site-packages/airflow/example_dags/example_bash_decorator.py for tasks to queue
[2026-01-08T01:53:29.560+0000] {logging_mixin.py:190} INFO - [2026-01-08T01:53:29.560+0000] {dagbag.py:587} INFO - Filling up the DagBag from /home/airflow/.local/lib/python3.12/site-packages/airflow/example_dags/example_bash_decorator.py
[2026-01-08T01:53:29.571+0000] {processor.py:925} INFO - DAG(s) 'example_bash_decorator' retrieved from /home/airflow/.local/lib/python3.12/site-packages/airflow/example_dags/example_bash_decorator.py
[2026-01-08T01:53:29.588+0000] {logging_mixin.py:190} INFO - [2026-01-08T01:53:29.588+0000] {dag.py:3211} INFO - Sync 1 DAGs
[2026-01-08T01:53:29.598+0000] {logging_mixin.py:190} INFO - [2026-01-08T01:53:29.598+0000] {dag.py:4138} INFO - Setting next_dagrun for example_bash_decorator to None, run_after=None
[2026-01-08T01:53:29.612+0000] {processor.py:208} INFO - Processing /home/airflow/.local/lib/python3.12/site-packages/airflow/example_dags/example_bash_decorator.py took 0.060 seconds
[2026-01-08T01:54:00.154+0000] {processor.py:186} INFO - Started process (PID=793) to work on /home/airflow/.local/lib/python3.12/site-packages/airflow/example_dags/example_bash_decorator.py
[2026-01-08T01:54:00.155+0000] {processor.py:914} INFO - Processing file /home/airflow/.local/lib/python3.12/site-packages/airflow/example_dags/example_bash_decorator.py for tasks to queue
[2026-01-08T01:54:00.157+0000] {logging_mixin.py:190} INFO - [2026-01-08T01:54:00.157+0000] {dagbag.py:587} INFO - Filling up the DagBag from /home/airflow/.local/lib/python3.12/site-packages/airflow/example_dags/example_bash_decorator.py
[2026-01-08T01:54:00.167+0000] {processor.py:925} INFO - DAG(s) 'example_bash_decorator' retrieved from /home/airflow/.local/lib/python3.12/site-packages/airflow/example_dags/example_bash_decorator.py
[2026-01-08T01:54:00.184+0000] {logging_mixin.py:190} INFO - [2026-01-08T01:54:00.184+0000] {dag.py:3211} INFO - Sync 1 DAGs
[2026-01-08T01:54:00.194+0000] {logging_mixin.py:190} INFO - [2026-01-08T01:54:00.194+0000] {dag.py:4138} INFO - Setting next_dagrun for example_bash_decorator to None, run_after=None
[2026-01-08T01:54:00.209+0000] {processor.py:208} INFO - Processing /home/airflow/.local/lib/python3.12/site-packages/airflow/example_dags/example_bash_decorator.py took 0.060 seconds
[2026-01-08T01:54:30.732+0000] {processor.py:186} INFO - Started process (PID=855) to work on /home/airflow/.local/lib/python3.12/site-packages/airflow/example_dags/example_bash_decorator.py
[2026-01-08T01:54:30.734+0000] {processor.py:914} INFO - Processing file /home/airflow/.local/lib/python3.12/site-packages/airflow/example_dags/example_bash_decorator.py for tasks to queue
[2026-01-08T01:54:30.736+0000] {logging_mixin.py:190} INFO - [2026-01-08T01:54:30.736+0000] {dagbag.py:587} INFO - Filling up the DagBag from /home/airflow/.local/lib/python3.12/site-packages/airflow/example_dags/example_bash_decorator.py
[2026-01-08T01:54:30.747+0000] {processor.py:925} INFO - DAG(s) 'example_bash_decorator' retrieved from /home/airflow/.local/lib/python3.12/site-packages/airflow/example_dags/example_bash_decorator.py
[2026-01-08T01:54:30.763+0000] {logging_mixin.py:190} INFO - [2026-01-08T01:54:30.763+0000] {dag.py:3211} INFO - Sync 1 DAGs
[2026-01-08T01:54:30.772+0000] {logging_mixin.py:190} INFO - [2026-01-08T01:54:30.771+0000] {dag.py:4138} INFO - Setting next_dagrun for example_bash_decorator to None, run_after=None
[2026-01-08T01:54:30.785+0000] {processor.py:208} INFO - Processing /home/airflow/.local/lib/python3.12/site-packages/airflow/example_dags/example_bash_decorator.py took 0.057 seconds
[2026-01-08T01:55:01.188+0000] {processor.py:186} INFO - Started process (PID=917) to work on /home/airflow/.local/lib/python3.12/site-packages/airflow/example_dags/example_bash_decorator.py
[2026-01-08T01:55:01.190+0000] {processor.py:914} INFO - Processing file /home/airflow/.local/lib/python3.12/site-packages/airflow/example_dags/example_bash_decorator.py for tasks to queue
[2026-01-08T01:55:01.192+0000] {logging_mixin.py:190} INFO - [2026-01-08T01:55:01.192+0000] {dagbag.py:587} INFO - Filling up the DagBag from /home/airflow/.local/lib/python3.12/site-packages/airflow/example_dags/example_bash_decorator.py
[2026-01-08T01:55:01.202+0000] {processor.py:925} INFO - DAG(s) 'example_bash_decorator' retrieved from /home/airflow/.local/lib/python3.12/site-packages/airflow/example_dags/example_bash_decorator.py
[2026-01-08T01:55:01.220+0000] {logging_mixin.py:190} INFO - [2026-01-08T01:55:01.220+0000] {dag.py:3211} INFO - Sync 1 DAGs
[2026-01-08T01:55:01.230+0000] {logging_mixin.py:190} INFO - [2026-01-08T01:55:01.230+0000] {dag.py:4138} INFO - Setting next_dagrun for example_bash_decorator to None, run_after=None
[2026-01-08T01:55:01.242+0000] {processor.py:208} INFO - Processing /home/airflow/.local/lib/python3.12/site-packages/airflow/example_dags/example_bash_decorator.py took 0.058 seconds
[2026-01-08T01:55:31.933+0000] {processor.py:186} INFO - Started process (PID=979) to work on /home/airflow/.local/lib/python3.12/site-packages/airflow/example_dags/example_bash_decorator.py
[2026-01-08T01:55:31.934+0000] {processor.py:914} INFO - Processing file /home/airflow/.local/lib/python3.12/site-packages/airflow/example_dags/example_bash_decorator.py for tasks to queue
[2026-01-08T01:55:31.936+0000] {logging_mixin.py:190} INFO - [2026-01-08T01:55:31.936+0000] {dagbag.py:587} INFO - Filling up the DagBag from /home/airflow/.local/lib/python3.12/site-packages/airflow/example_dags/example_bash_decorator.py
[2026-01-08T01:55:31.947+0000] {processor.py:925} INFO - DAG(s) 'example_bash_decorator' retrieved from /home/airflow/.local/lib/python3.12/site-packages/airflow/example_dags/example_bash_decorator.py
[2026-01-08T01:55:31.964+0000] {logging_mixin.py:190} INFO - [2026-01-08T01:55:31.964+0000] {dag.py:3211} INFO - Sync 1 DAGs
[2026-01-08T01:55:31.974+0000] {logging_mixin.py:190} INFO - [2026-01-08T01:55:31.974+0000] {dag.py:4138} INFO - Setting next_dagrun for example_bash_decorator to None, run_after=None
[2026-01-08T01:55:31.989+0000] {processor.py:208} INFO - Processing /home/airflow/.local/lib/python3.12/site-packages/airflow/example_dags/example_bash_decorator.py took 0.061 seconds
[2026-01-08T01:56:02.694+0000] {processor.py:186} INFO - Started process (PID=1041) to work on /home/airflow/.local/lib/python3.12/site-packages/airflow/example_dags/example_bash_decorator.py
[2026-01-08T01:56:02.695+0000] {processor.py:914} INFO - Processing file /home/airflow/.local/lib/python3.12/site-packages/airflow/example_dags/example_bash_decorator.py for tasks to queue
[2026-01-08T01:56:02.698+0000] {logging_mixin.py:190} INFO - [2026-01-08T01:56:02.698+0000] {dagbag.py:587} INFO - Filling up the DagBag from /home/airflow/.local/lib/python3.12/site-packages/airflow/example_dags/example_bash_decorator.py
[2026-01-08T01:56:02.710+0000] {processor.py:925} INFO - DAG(s) 'example_bash_decorator' retrieved from /home/airflow/.local/lib/python3.12/site-packages/airflow/example_dags/example_bash_decorator.py
[2026-01-08T01:56:02.727+0000] {logging_mixin.py:190} INFO - [2026-01-08T01:56:02.727+0000] {dag.py:3211} INFO - Sync 1 DAGs
[2026-01-08T01:56:02.737+0000] {logging_mixin.py:190} INFO - [2026-01-08T01:56:02.737+0000] {dag.py:4138} INFO - Setting next_dagrun for example_bash_decorator to None, run_after=None
[2026-01-08T01:56:02.751+0000] {processor.py:208} INFO - Processing /home/airflow/.local/lib/python3.12/site-packages/airflow/example_dags/example_bash_decorator.py took 0.063 seconds
[2026-01-08T01:56:32.983+0000] {processor.py:186} INFO - Started process (PID=1103) to work on /home/airflow/.local/lib/python3.12/site-packages/airflow/example_dags/example_bash_decorator.py
[2026-01-08T01:56:32.984+0000] {processor.py:914} INFO - Processing file /home/airflow/.local/lib/python3.12/site-packages/airflow/example_dags/example_bash_decorator.py for tasks to queue
[2026-01-08T01:56:32.986+0000] {logging_mixin.py:190} INFO - [2026-01-08T01:56:32.986+0000] {dagbag.py:587} INFO - Filling up the DagBag from /home/airflow/.local/lib/python3.12/site-packages/airflow/example_dags/example_bash_decorator.py
[2026-01-08T01:56:32.997+0000] {processor.py:925} INFO - DAG(s) 'example_bash_decorator' retrieved from /home/airflow/.local/lib/python3.12/site-packages/airflow/example_dags/example_bash_decorator.py
[2026-01-08T01:56:33.017+0000] {logging_mixin.py:190} INFO - [2026-01-08T01:56:33.016+0000] {dag.py:3211} INFO - Sync 1 DAGs
[2026-01-08T01:56:33.027+0000] {logging_mixin.py:190} INFO - [2026-01-08T01:56:33.027+0000] {dag.py:4138} INFO - Setting next_dagrun for example_bash_decorator to None, run_after=None
[2026-01-08T01:56:33.042+0000] {processor.py:208} INFO - Processing /home/airflow/.local/lib/python3.12/site-packages/airflow/example_dags/example_bash_decorator.py took 0.064 seconds
[2026-01-08T01:57:03.320+0000] {processor.py:186} INFO - Started process (PID=1165) to work on /home/airflow/.local/lib/python3.12/site-packages/airflow/example_dags/example_bash_decorator.py
[2026-01-08T01:57:03.321+0000] {processor.py:914} INFO - Processing file /home/airflow/.local/lib/python3.12/site-packages/airflow/example_dags/example_bash_decorator.py for tasks to queue
[2026-01-08T01:57:03.324+0000] {logging_mixin.py:190} INFO - [2026-01-08T01:57:03.323+0000] {dagbag.py:587} INFO - Filling up the DagBag from /home/airflow/.local/lib/python3.12/site-packages/airflow/example_dags/example_bash_decorator.py
[2026-01-08T01:57:03.335+0000] {processor.py:925} INFO - DAG(s) 'example_bash_decorator' retrieved from /home/airflow/.local/lib/python3.12/site-packages/airflow/example_dags/example_bash_decorator.py
[2026-01-08T01:57:03.353+0000] {logging_mixin.py:190} INFO - [2026-01-08T01:57:03.352+0000] {dag.py:3211} INFO - Sync 1 DAGs
[2026-01-08T01:57:03.363+0000] {logging_mixin.py:190} INFO - [2026-01-08T01:57:03.362+0000] {dag.py:4138} INFO - Setting next_dagrun for example_bash_decorator to None, run_after=None
[2026-01-08T01:57:03.376+0000] {processor.py:208} INFO - Processing /home/airflow/.local/lib/python3.12/site-packages/airflow/example_dags/example_bash_decorator.py took 0.061 seconds
[2026-01-08T01:57:33.946+0000] {processor.py:186} INFO - Started process (PID=1227) to work on /home/airflow/.local/lib/python3.12/site-packages/airflow/example_dags/example_bash_decorator.py
[2026-01-08T01:57:33.948+0000] {processor.py:914} INFO - Processing file /home/airflow/.local/lib/python3.12/site-packages/airflow/example_dags/example_bash_decorator.py for tasks to queue
[2026-01-08T01:57:33.950+0000] {logging_mixin.py:190} INFO - [2026-01-08T01:57:33.950+0000] {dagbag.py:587} INFO - Filling up the DagBag from /home/airflow/.local/lib/python3.12/site-packages/airflow/example_dags/example_bash_decorator.py
[2026-01-08T01:57:33.961+0000] {processor.py:925} INFO - DAG(s) 'example_bash_decorator' retrieved from /home/airflow/.local/lib/python3.12/site-packages/airflow/example_dags/example_bash_decorator.py
[2026-01-08T01:57:33.979+0000] {logging_mixin.py:190} INFO - [2026-01-08T01:57:33.979+0000] {dag.py:3211} INFO - Sync 1 DAGs
[2026-01-08T01:57:33.989+0000] {logging_mixin.py:190} INFO - [2026-01-08T01:57:33.989+0000] {dag.py:4138} INFO - Setting next_dagrun for example_bash_decorator to None, run_after=None
[2026-01-08T01:57:34.004+0000] {processor.py:208} INFO - Processing /home/airflow/.local/lib/python3.12/site-packages/airflow/example_dags/example_bash_decorator.py took 0.063 seconds
[2026-01-08T01:58:04.539+0000] {processor.py:186} INFO - Started process (PID=1289) to work on /home/airflow/.local/lib/python3.12/site-packages/airflow/example_dags/example_bash_decorator.py
[2026-01-08T01:58:04.540+0000] {processor.py:914} INFO - Processing file /home/airflow/.local/lib/python3.12/site-packages/airflow/example_dags/example_bash_decorator.py for tasks to queue
[2026-01-08T01:58:04.543+0000] {logging_mixin.py:190} INFO - [2026-01-08T01:58:04.542+0000] {dagbag.py:587} INFO - Filling up the DagBag from /home/airflow/.local/lib/python3.12/site-packages/airflow/example_dags/example_bash_decorator.py
[2026-01-08T01:58:04.553+0000] {processor.py:925} INFO - DAG(s) 'example_bash_decorator' retrieved from /home/airflow/.local/lib/python3.12/site-packages/airflow/example_dags/example_bash_decorator.py
[2026-01-08T01:58:04.570+0000] {logging_mixin.py:190} INFO - [2026-01-08T01:58:04.570+0000] {dag.py:3211} INFO - Sync 1 DAGs
[2026-01-08T01:58:04.579+0000] {logging_mixin.py:190} INFO - [2026-01-08T01:58:04.579+0000] {dag.py:4138} INFO - Setting next_dagrun for example_bash_decorator to None, run_after=None
[2026-01-08T01:58:04.595+0000] {processor.py:208} INFO - Processing /home/airflow/.local/lib/python3.12/site-packages/airflow/example_dags/example_bash_decorator.py took 0.061 seconds
[2026-01-08T01:58:34.811+0000] {processor.py:186} INFO - Started process (PID=1352) to work on /home/airflow/.local/lib/python3.12/site-packages/airflow/example_dags/example_bash_decorator.py
[2026-01-08T01:58:34.812+0000] {processor.py:914} INFO - Processing file /home/airflow/.local/lib/python3.12/site-packages/airflow/example_dags/example_bash_decorator.py for tasks to queue
[2026-01-08T01:58:34.814+0000] {logging_mixin.py:190} INFO - [2026-01-08T01:58:34.814+0000] {dagbag.py:587} INFO - Filling up the DagBag from /home/airflow/.local/lib/python3.12/site-packages/airflow/example_dags/example_bash_decorator.py
[2026-01-08T01:58:34.825+0000] {processor.py:925} INFO - DAG(s) 'example_bash_decorator' retrieved from /home/airflow/.local/lib/python3.12/site-packages/airflow/example_dags/example_bash_decorator.py
[2026-01-08T01:58:34.842+0000] {logging_mixin.py:190} INFO - [2026-01-08T01:58:34.842+0000] {dag.py:3211} INFO - Sync 1 DAGs
[2026-01-08T01:58:34.852+0000] {logging_mixin.py:190} INFO - [2026-01-08T01:58:34.852+0000] {dag.py:4138} INFO - Setting next_dagrun for example_bash_decorator to None, run_after=None
[2026-01-08T01:58:34.865+0000] {processor.py:208} INFO - Processing /home/airflow/.local/lib/python3.12/site-packages/airflow/example_dags/example_bash_decorator.py took 0.059 seconds
[2026-01-08T01:59:05.166+0000] {processor.py:186} INFO - Started process (PID=1415) to work on /home/airflow/.local/lib/python3.12/site-packages/airflow/example_dags/example_bash_decorator.py
[2026-01-08T01:59:05.167+0000] {processor.py:914} INFO - Processing file /home/airflow/.local/lib/python3.12/site-packages/airflow/example_dags/example_bash_decorator.py for tasks to queue
[2026-01-08T01:59:05.170+0000] {logging_mixin.py:190} INFO - [2026-01-08T01:59:05.170+0000] {dagbag.py:587} INFO - Filling up the DagBag from /home/airflow/.local/lib/python3.12/site-packages/airflow/example_dags/example_bash_decorator.py
[2026-01-08T01:59:05.181+0000] {processor.py:925} INFO - DAG(s) 'example_bash_decorator' retrieved from /home/airflow/.local/lib/python3.12/site-packages/airflow/example_dags/example_bash_decorator.py
[2026-01-08T01:59:05.200+0000] {logging_mixin.py:190} INFO - [2026-01-08T01:59:05.200+0000] {dag.py:3211} INFO - Sync 1 DAGs
[2026-01-08T01:59:05.210+0000] {logging_mixin.py:190} INFO - [2026-01-08T01:59:05.210+0000] {dag.py:4138} INFO - Setting next_dagrun for example_bash_decorator to None, run_after=None
[2026-01-08T01:59:05.224+0000] {processor.py:208} INFO - Processing /home/airflow/.local/lib/python3.12/site-packages/airflow/example_dags/example_bash_decorator.py took 0.063 seconds
[2026-01-08T01:59:35.397+0000] {processor.py:186} INFO - Started process (PID=1478) to work on /home/airflow/.local/lib/python3.12/site-packages/airflow/example_dags/example_bash_decorator.py
[2026-01-08T01:59:35.398+0000] {processor.py:914} INFO - Processing file /home/airflow/.local/lib/python3.12/site-packages/airflow/example_dags/example_bash_decorator.py for tasks to queue
[2026-01-08T01:59:35.400+0000] {logging_mixin.py:190} INFO - [2026-01-08T01:59:35.400+0000] {dagbag.py:587} INFO - Filling up the DagBag from /home/airflow/.local/lib/python3.12/site-packages/airflow/example_dags/example_bash_decorator.py
[2026-01-08T01:59:35.411+0000] {processor.py:925} INFO - DAG(s) 'example_bash_decorator' retrieved from /home/airflow/.local/lib/python3.12/site-packages/airflow/example_dags/example_bash_decorator.py
[2026-01-08T01:59:35.430+0000] {logging_mixin.py:190} INFO - [2026-01-08T01:59:35.429+0000] {dag.py:3211} INFO - Sync 1 DAGs
[2026-01-08T01:59:35.440+0000] {logging_mixin.py:190} INFO - [2026-01-08T01:59:35.440+0000] {dag.py:4138} INFO - Setting next_dagrun for example_bash_decorator to None, run_after=None
[2026-01-08T01:59:35.455+0000] {processor.py:208} INFO - Processing /home/airflow/.local/lib/python3.12/site-packages/airflow/example_dags/example_bash_decorator.py took 0.063 seconds
[2026-01-08T02:00:06.163+0000] {processor.py:186} INFO - Started process (PID=1541) to work on /home/airflow/.local/lib/python3.12/site-packages/airflow/example_dags/example_bash_decorator.py
[2026-01-08T02:00:06.165+0000] {processor.py:914} INFO - Processing file /home/airflow/.local/lib/python3.12/site-packages/airflow/example_dags/example_bash_decorator.py for tasks to queue
[2026-01-08T02:00:06.167+0000] {logging_mixin.py:190} INFO - [2026-01-08T02:00:06.167+0000] {dagbag.py:587} INFO - Filling up the DagBag from /home/airflow/.local/lib/python3.12/site-packages/airflow/example_dags/example_bash_decorator.py
[2026-01-08T02:00:06.178+0000] {processor.py:925} INFO - DAG(s) 'example_bash_decorator' retrieved from /home/airflow/.local/lib/python3.12/site-packages/airflow/example_dags/example_bash_decorator.py
[2026-01-08T02:00:06.196+0000] {logging_mixin.py:190} INFO - [2026-01-08T02:00:06.196+0000] {dag.py:3211} INFO - Sync 1 DAGs
[2026-01-08T02:00:06.205+0000] {logging_mixin.py:190} INFO - [2026-01-08T02:00:06.205+0000] {dag.py:4138} INFO - Setting next_dagrun for example_bash_decorator to None, run_after=None
[2026-01-08T02:00:06.223+0000] {processor.py:208} INFO - Processing /home/airflow/.local/lib/python3.12/site-packages/airflow/example_dags/example_bash_decorator.py took 0.064 seconds
[2026-01-08T02:00:36.799+0000] {processor.py:186} INFO - Started process (PID=1604) to work on /home/airflow/.local/lib/python3.12/site-packages/airflow/example_dags/example_bash_decorator.py
[2026-01-08T02:00:36.800+0000] {processor.py:914} INFO - Processing file /home/airflow/.local/lib/python3.12/site-packages/airflow/example_dags/example_bash_decorator.py for tasks to queue
[2026-01-08T02:00:36.802+0000] {logging_mixin.py:190} INFO - [2026-01-08T02:00:36.802+0000] {dagbag.py:587} INFO - Filling up the DagBag from /home/airflow/.local/lib/python3.12/site-packages/airflow/example_dags/example_bash_decorator.py
[2026-01-08T02:00:36.814+0000] {processor.py:925} INFO - DAG(s) 'example_bash_decorator' retrieved from /home/airflow/.local/lib/python3.12/site-packages/airflow/example_dags/example_bash_decorator.py
[2026-01-08T02:00:36.831+0000] {logging_mixin.py:190} INFO - [2026-01-08T02:00:36.831+0000] {dag.py:3211} INFO - Sync 1 DAGs
[2026-01-08T02:00:36.842+0000] {logging_mixin.py:190} INFO - [2026-01-08T02:00:36.842+0000] {dag.py:4138} INFO - Setting next_dagrun for example_bash_decorator to None, run_after=None
[2026-01-08T02:00:36.859+0000] {processor.py:208} INFO - Processing /home/airflow/.local/lib/python3.12/site-packages/airflow/example_dags/example_bash_decorator.py took 0.065 seconds
[2026-01-08T02:01:07.359+0000] {processor.py:186} INFO - Started process (PID=1667) to work on /home/airflow/.local/lib/python3.12/site-packages/airflow/example_dags/example_bash_decorator.py
[2026-01-08T02:01:07.360+0000] {processor.py:914} INFO - Processing file /home/airflow/.local/lib/python3.12/site-packages/airflow/example_dags/example_bash_decorator.py for tasks to queue
[2026-01-08T02:01:07.363+0000] {logging_mixin.py:190} INFO - [2026-01-08T02:01:07.362+0000] {dagbag.py:587} INFO - Filling up the DagBag from /home/airflow/.local/lib/python3.12/site-packages/airflow/example_dags/example_bash_decorator.py
[2026-01-08T02:01:07.373+0000] {processor.py:925} INFO - DAG(s) 'example_bash_decorator' retrieved from /home/airflow/.local/lib/python3.12/site-packages/airflow/example_dags/example_bash_decorator.py
[2026-01-08T02:01:07.392+0000] {logging_mixin.py:190} INFO - [2026-01-08T02:01:07.392+0000] {dag.py:3211} INFO - Sync 1 DAGs
[2026-01-08T02:01:07.403+0000] {logging_mixin.py:190} INFO - [2026-01-08T02:01:07.403+0000] {dag.py:4138} INFO - Setting next_dagrun for example_bash_decorator to None, run_after=None
[2026-01-08T02:01:07.418+0000] {processor.py:208} INFO - Processing /home/airflow/.local/lib/python3.12/site-packages/airflow/example_dags/example_bash_decorator.py took 0.064 seconds
[2026-01-08T02:01:38.370+0000] {processor.py:186} INFO - Started process (PID=1730) to work on /home/airflow/.local/lib/python3.12/site-packages/airflow/example_dags/example_bash_decorator.py
[2026-01-08T02:01:38.372+0000] {processor.py:914} INFO - Processing file /home/airflow/.local/lib/python3.12/site-packages/airflow/example_dags/example_bash_decorator.py for tasks to queue
[2026-01-08T02:01:38.374+0000] {logging_mixin.py:190} INFO - [2026-01-08T02:01:38.374+0000] {dagbag.py:587} INFO - Filling up the DagBag from /home/airflow/.local/lib/python3.12/site-packages/airflow/example_dags/example_bash_decorator.py
[2026-01-08T02:01:38.385+0000] {processor.py:925} INFO - DAG(s) 'example_bash_decorator' retrieved from /home/airflow/.local/lib/python3.12/site-packages/airflow/example_dags/example_bash_decorator.py
[2026-01-08T02:01:38.403+0000] {logging_mixin.py:190} INFO - [2026-01-08T02:01:38.403+0000] {dag.py:3211} INFO - Sync 1 DAGs
[2026-01-08T02:01:38.414+0000] {logging_mixin.py:190} INFO - [2026-01-08T02:01:38.414+0000] {dag.py:4138} INFO - Setting next_dagrun for example_bash_decorator to None, run_after=None
[2026-01-08T02:01:38.429+0000] {processor.py:208} INFO - Processing /home/airflow/.local/lib/python3.12/site-packages/airflow/example_dags/example_bash_decorator.py took 0.063 seconds
[2026-01-08T02:02:09.266+0000] {processor.py:186} INFO - Started process (PID=1793) to work on /home/airflow/.local/lib/python3.12/site-packages/airflow/example_dags/example_bash_decorator.py
[2026-01-08T02:02:09.267+0000] {processor.py:914} INFO - Processing file /home/airflow/.local/lib/python3.12/site-packages/airflow/example_dags/example_bash_decorator.py for tasks to queue
[2026-01-08T02:02:09.270+0000] {logging_mixin.py:190} INFO - [2026-01-08T02:02:09.270+0000] {dagbag.py:587} INFO - Filling up the DagBag from /home/airflow/.local/lib/python3.12/site-packages/airflow/example_dags/example_bash_decorator.py
[2026-01-08T02:02:09.285+0000] {processor.py:925} INFO - DAG(s) 'example_bash_decorator' retrieved from /home/airflow/.local/lib/python3.12/site-packages/airflow/example_dags/example_bash_decorator.py
[2026-01-08T02:02:09.306+0000] {logging_mixin.py:190} INFO - [2026-01-08T02:02:09.306+0000] {dag.py:3211} INFO - Sync 1 DAGs
[2026-01-08T02:02:09.319+0000] {logging_mixin.py:190} INFO - [2026-01-08T02:02:09.319+0000] {dag.py:4138} INFO - Setting next_dagrun for example_bash_decorator to None, run_after=None
[2026-01-08T02:02:09.336+0000] {processor.py:208} INFO - Processing /home/airflow/.local/lib/python3.12/site-packages/airflow/example_dags/example_bash_decorator.py took 0.075 seconds
[2026-01-08T02:02:40.318+0000] {processor.py:186} INFO - Started process (PID=1857) to work on /home/airflow/.local/lib/python3.12/site-packages/airflow/example_dags/example_bash_decorator.py
[2026-01-08T02:02:40.319+0000] {processor.py:914} INFO - Processing file /home/airflow/.local/lib/python3.12/site-packages/airflow/example_dags/example_bash_decorator.py for tasks to queue
[2026-01-08T02:02:40.321+0000] {logging_mixin.py:190} INFO - [2026-01-08T02:02:40.321+0000] {dagbag.py:587} INFO - Filling up the DagBag from /home/airflow/.local/lib/python3.12/site-packages/airflow/example_dags/example_bash_decorator.py
[2026-01-08T02:02:40.333+0000] {processor.py:925} INFO - DAG(s) 'example_bash_decorator' retrieved from /home/airflow/.local/lib/python3.12/site-packages/airflow/example_dags/example_bash_decorator.py
[2026-01-08T02:02:40.351+0000] {logging_mixin.py:190} INFO - [2026-01-08T02:02:40.351+0000] {dag.py:3211} INFO - Sync 1 DAGs
[2026-01-08T02:02:40.363+0000] {logging_mixin.py:190} INFO - [2026-01-08T02:02:40.362+0000] {dag.py:4138} INFO - Setting next_dagrun for example_bash_decorator to None, run_after=None
[2026-01-08T02:02:40.376+0000] {processor.py:208} INFO - Processing /home/airflow/.local/lib/python3.12/site-packages/airflow/example_dags/example_bash_decorator.py took 0.063 seconds
[2026-01-08T02:03:11.469+0000] {processor.py:186} INFO - Started process (PID=1920) to work on /home/airflow/.local/lib/python3.12/site-packages/airflow/example_dags/example_bash_decorator.py
[2026-01-08T02:03:11.470+0000] {processor.py:914} INFO - Processing file /home/airflow/.local/lib/python3.12/site-packages/airflow/example_dags/example_bash_decorator.py for tasks to queue
[2026-01-08T02:03:11.473+0000] {logging_mixin.py:190} INFO - [2026-01-08T02:03:11.473+0000] {dagbag.py:587} INFO - Filling up the DagBag from /home/airflow/.local/lib/python3.12/site-packages/airflow/example_dags/example_bash_decorator.py
[2026-01-08T02:03:11.484+0000] {processor.py:925} INFO - DAG(s) 'example_bash_decorator' retrieved from /home/airflow/.local/lib/python3.12/site-packages/airflow/example_dags/example_bash_decorator.py
[2026-01-08T02:03:11.501+0000] {logging_mixin.py:190} INFO - [2026-01-08T02:03:11.501+0000] {dag.py:3211} INFO - Sync 1 DAGs
[2026-01-08T02:03:11.511+0000] {logging_mixin.py:190} INFO - [2026-01-08T02:03:11.511+0000] {dag.py:4138} INFO - Setting next_dagrun for example_bash_decorator to None, run_after=None
[2026-01-08T02:03:11.525+0000] {processor.py:208} INFO - Processing /home/airflow/.local/lib/python3.12/site-packages/airflow/example_dags/example_bash_decorator.py took 0.060 seconds
[2026-01-08T02:03:41.942+0000] {processor.py:186} INFO - Started process (PID=1984) to work on /home/airflow/.local/lib/python3.12/site-packages/airflow/example_dags/example_bash_decorator.py
[2026-01-08T02:03:41.943+0000] {processor.py:914} INFO - Processing file /home/airflow/.local/lib/python3.12/site-packages/airflow/example_dags/example_bash_decorator.py for tasks to queue
[2026-01-08T02:03:41.946+0000] {logging_mixin.py:190} INFO - [2026-01-08T02:03:41.945+0000] {dagbag.py:587} INFO - Filling up the DagBag from /home/airflow/.local/lib/python3.12/site-packages/airflow/example_dags/example_bash_decorator.py
[2026-01-08T02:03:41.956+0000] {processor.py:925} INFO - DAG(s) 'example_bash_decorator' retrieved from /home/airflow/.local/lib/python3.12/site-packages/airflow/example_dags/example_bash_decorator.py
[2026-01-08T02:03:41.972+0000] {logging_mixin.py:190} INFO - [2026-01-08T02:03:41.972+0000] {dag.py:3211} INFO - Sync 1 DAGs
[2026-01-08T02:03:41.981+0000] {logging_mixin.py:190} INFO - [2026-01-08T02:03:41.981+0000] {dag.py:4138} INFO - Setting next_dagrun for example_bash_decorator to None, run_after=None
[2026-01-08T02:03:41.995+0000] {processor.py:208} INFO - Processing /home/airflow/.local/lib/python3.12/site-packages/airflow/example_dags/example_bash_decorator.py took 0.057 seconds
[2026-01-08T02:04:12.180+0000] {processor.py:186} INFO - Started process (PID=2047) to work on /home/airflow/.local/lib/python3.12/site-packages/airflow/example_dags/example_bash_decorator.py
[2026-01-08T02:04:12.181+0000] {processor.py:914} INFO - Processing file /home/airflow/.local/lib/python3.12/site-packages/airflow/example_dags/example_bash_decorator.py for tasks to queue
[2026-01-08T02:04:12.184+0000] {logging_mixin.py:190} INFO - [2026-01-08T02:04:12.183+0000] {dagbag.py:587} INFO - Filling up the DagBag from /home/airflow/.local/lib/python3.12/site-packages/airflow/example_dags/example_bash_decorator.py
[2026-01-08T02:04:12.194+0000] {processor.py:925} INFO - DAG(s) 'example_bash_decorator' retrieved from /home/airflow/.local/lib/python3.12/site-packages/airflow/example_dags/example_bash_decorator.py
[2026-01-08T02:04:12.213+0000] {logging_mixin.py:190} INFO - [2026-01-08T02:04:12.213+0000] {dag.py:3211} INFO - Sync 1 DAGs
[2026-01-08T02:04:12.223+0000] {logging_mixin.py:190} INFO - [2026-01-08T02:04:12.223+0000] {dag.py:4138} INFO - Setting next_dagrun for example_bash_decorator to None, run_after=None
[2026-01-08T02:04:12.237+0000] {processor.py:208} INFO - Processing /home/airflow/.local/lib/python3.12/site-packages/airflow/example_dags/example_bash_decorator.py took 0.061 seconds
[2026-01-08T02:04:42.451+0000] {processor.py:186} INFO - Started process (PID=2110) to work on /home/airflow/.local/lib/python3.12/site-packages/airflow/example_dags/example_bash_decorator.py
[2026-01-08T02:04:42.453+0000] {processor.py:914} INFO - Processing file /home/airflow/.local/lib/python3.12/site-packages/airflow/example_dags/example_bash_decorator.py for tasks to queue
[2026-01-08T02:04:42.456+0000] {logging_mixin.py:190} INFO - [2026-01-08T02:04:42.456+0000] {dagbag.py:587} INFO - Filling up the DagBag from /home/airflow/.local/lib/python3.12/site-packages/airflow/example_dags/example_bash_decorator.py
[2026-01-08T02:04:42.468+0000] {processor.py:925} INFO - DAG(s) 'example_bash_decorator' retrieved from /home/airflow/.local/lib/python3.12/site-packages/airflow/example_dags/example_bash_decorator.py
[2026-01-08T02:04:42.489+0000] {logging_mixin.py:190} INFO - [2026-01-08T02:04:42.489+0000] {dag.py:3211} INFO - Sync 1 DAGs
[2026-01-08T02:04:42.500+0000] {logging_mixin.py:190} INFO - [2026-01-08T02:04:42.499+0000] {dag.py:4138} INFO - Setting next_dagrun for example_bash_decorator to None, run_after=None
[2026-01-08T02:04:42.516+0000] {processor.py:208} INFO - Processing /home/airflow/.local/lib/python3.12/site-packages/airflow/example_dags/example_bash_decorator.py took 0.072 seconds
[2026-01-08T02:05:13.880+0000] {processor.py:186} INFO - Started process (PID=2173) to work on /home/airflow/.local/lib/python3.12/site-packages/airflow/example_dags/example_bash_decorator.py
[2026-01-08T02:05:13.881+0000] {processor.py:914} INFO - Processing file /home/airflow/.local/lib/python3.12/site-packages/airflow/example_dags/example_bash_decorator.py for tasks to queue
[2026-01-08T02:05:13.883+0000] {logging_mixin.py:190} INFO - [2026-01-08T02:05:13.883+0000] {dagbag.py:587} INFO - Filling up the DagBag from /home/airflow/.local/lib/python3.12/site-packages/airflow/example_dags/example_bash_decorator.py
[2026-01-08T02:05:13.895+0000] {processor.py:925} INFO - DAG(s) 'example_bash_decorator' retrieved from /home/airflow/.local/lib/python3.12/site-packages/airflow/example_dags/example_bash_decorator.py
[2026-01-08T02:05:13.913+0000] {logging_mixin.py:190} INFO - [2026-01-08T02:05:13.912+0000] {dag.py:3211} INFO - Sync 1 DAGs
[2026-01-08T02:05:13.923+0000] {logging_mixin.py:190} INFO - [2026-01-08T02:05:13.922+0000] {dag.py:4138} INFO - Setting next_dagrun for example_bash_decorator to None, run_after=None
[2026-01-08T02:05:13.937+0000] {processor.py:208} INFO - Processing /home/airflow/.local/lib/python3.12/site-packages/airflow/example_dags/example_bash_decorator.py took 0.061 seconds
[2026-01-08T02:05:45.146+0000] {processor.py:186} INFO - Started process (PID=2236) to work on /home/airflow/.local/lib/python3.12/site-packages/airflow/example_dags/example_bash_decorator.py
[2026-01-08T02:05:45.148+0000] {processor.py:914} INFO - Processing file /home/airflow/.local/lib/python3.12/site-packages/airflow/example_dags/example_bash_decorator.py for tasks to queue
[2026-01-08T02:05:45.150+0000] {logging_mixin.py:190} INFO - [2026-01-08T02:05:45.150+0000] {dagbag.py:587} INFO - Filling up the DagBag from /home/airflow/.local/lib/python3.12/site-packages/airflow/example_dags/example_bash_decorator.py
[2026-01-08T02:05:45.161+0000] {processor.py:925} INFO - DAG(s) 'example_bash_decorator' retrieved from /home/airflow/.local/lib/python3.12/site-packages/airflow/example_dags/example_bash_decorator.py
[2026-01-08T02:05:45.179+0000] {logging_mixin.py:190} INFO - [2026-01-08T02:05:45.179+0000] {dag.py:3211} INFO - Sync 1 DAGs
[2026-01-08T02:05:45.189+0000] {logging_mixin.py:190} INFO - [2026-01-08T02:05:45.189+0000] {dag.py:4138} INFO - Setting next_dagrun for example_bash_decorator to None, run_after=None
[2026-01-08T02:05:45.202+0000] {processor.py:208} INFO - Processing /home/airflow/.local/lib/python3.12/site-packages/airflow/example_dags/example_bash_decorator.py took 0.060 seconds
[2026-01-08T02:06:16.599+0000] {processor.py:186} INFO - Started process (PID=2299) to work on /home/airflow/.local/lib/python3.12/site-packages/airflow/example_dags/example_bash_decorator.py
[2026-01-08T02:06:16.601+0000] {processor.py:914} INFO - Processing file /home/airflow/.local/lib/python3.12/site-packages/airflow/example_dags/example_bash_decorator.py for tasks to queue
[2026-01-08T02:06:16.603+0000] {logging_mixin.py:190} INFO - [2026-01-08T02:06:16.603+0000] {dagbag.py:587} INFO - Filling up the DagBag from /home/airflow/.local/lib/python3.12/site-packages/airflow/example_dags/example_bash_decorator.py
[2026-01-08T02:06:16.614+0000] {processor.py:925} INFO - DAG(s) 'example_bash_decorator' retrieved from /home/airflow/.local/lib/python3.12/site-packages/airflow/example_dags/example_bash_decorator.py
[2026-01-08T02:06:16.632+0000] {logging_mixin.py:190} INFO - [2026-01-08T02:06:16.632+0000] {dag.py:3211} INFO - Sync 1 DAGs
[2026-01-08T02:06:16.642+0000] {logging_mixin.py:190} INFO - [2026-01-08T02:06:16.642+0000] {dag.py:4138} INFO - Setting next_dagrun for example_bash_decorator to None, run_after=None
[2026-01-08T02:06:16.658+0000] {processor.py:208} INFO - Processing /home/airflow/.local/lib/python3.12/site-packages/airflow/example_dags/example_bash_decorator.py took 0.063 seconds
[2026-01-08T02:06:47.016+0000] {processor.py:186} INFO - Started process (PID=2362) to work on /home/airflow/.local/lib/python3.12/site-packages/airflow/example_dags/example_bash_decorator.py
[2026-01-08T02:06:47.018+0000] {processor.py:914} INFO - Processing file /home/airflow/.local/lib/python3.12/site-packages/airflow/example_dags/example_bash_decorator.py for tasks to queue
[2026-01-08T02:06:47.020+0000] {logging_mixin.py:190} INFO - [2026-01-08T02:06:47.020+0000] {dagbag.py:587} INFO - Filling up the DagBag from /home/airflow/.local/lib/python3.12/site-packages/airflow/example_dags/example_bash_decorator.py
[2026-01-08T02:06:47.031+0000] {processor.py:925} INFO - DAG(s) 'example_bash_decorator' retrieved from /home/airflow/.local/lib/python3.12/site-packages/airflow/example_dags/example_bash_decorator.py
[2026-01-08T02:06:47.049+0000] {logging_mixin.py:190} INFO - [2026-01-08T02:06:47.049+0000] {dag.py:3211} INFO - Sync 1 DAGs
[2026-01-08T02:06:47.061+0000] {logging_mixin.py:190} INFO - [2026-01-08T02:06:47.061+0000] {dag.py:4138} INFO - Setting next_dagrun for example_bash_decorator to None, run_after=None
[2026-01-08T02:06:47.075+0000] {processor.py:208} INFO - Processing /home/airflow/.local/lib/python3.12/site-packages/airflow/example_dags/example_bash_decorator.py took 0.063 seconds
[2026-01-08T02:07:17.310+0000] {processor.py:186} INFO - Started process (PID=2425) to work on /home/airflow/.local/lib/python3.12/site-packages/airflow/example_dags/example_bash_decorator.py
[2026-01-08T02:07:17.312+0000] {processor.py:914} INFO - Processing file /home/airflow/.local/lib/python3.12/site-packages/airflow/example_dags/example_bash_decorator.py for tasks to queue
[2026-01-08T02:07:17.314+0000] {logging_mixin.py:190} INFO - [2026-01-08T02:07:17.314+0000] {dagbag.py:587} INFO - Filling up the DagBag from /home/airflow/.local/lib/python3.12/site-packages/airflow/example_dags/example_bash_decorator.py
[2026-01-08T02:07:17.327+0000] {processor.py:925} INFO - DAG(s) 'example_bash_decorator' retrieved from /home/airflow/.local/lib/python3.12/site-packages/airflow/example_dags/example_bash_decorator.py
[2026-01-08T02:07:17.346+0000] {logging_mixin.py:190} INFO - [2026-01-08T02:07:17.346+0000] {dag.py:3211} INFO - Sync 1 DAGs
[2026-01-08T02:07:17.358+0000] {logging_mixin.py:190} INFO - [2026-01-08T02:07:17.357+0000] {dag.py:4138} INFO - Setting next_dagrun for example_bash_decorator to None, run_after=None
[2026-01-08T02:07:17.375+0000] {processor.py:208} INFO - Processing /home/airflow/.local/lib/python3.12/site-packages/airflow/example_dags/example_bash_decorator.py took 0.070 seconds
[2026-01-08T02:07:47.636+0000] {processor.py:186} INFO - Started process (PID=2488) to work on /home/airflow/.local/lib/python3.12/site-packages/airflow/example_dags/example_bash_decorator.py
[2026-01-08T02:07:47.636+0000] {processor.py:914} INFO - Processing file /home/airflow/.local/lib/python3.12/site-packages/airflow/example_dags/example_bash_decorator.py for tasks to queue
[2026-01-08T02:07:47.639+0000] {logging_mixin.py:190} INFO - [2026-01-08T02:07:47.639+0000] {dagbag.py:587} INFO - Filling up the DagBag from /home/airflow/.local/lib/python3.12/site-packages/airflow/example_dags/example_bash_decorator.py
[2026-01-08T02:07:47.649+0000] {processor.py:925} INFO - DAG(s) 'example_bash_decorator' retrieved from /home/airflow/.local/lib/python3.12/site-packages/airflow/example_dags/example_bash_decorator.py
[2026-01-08T02:07:47.668+0000] {logging_mixin.py:190} INFO - [2026-01-08T02:07:47.668+0000] {dag.py:3211} INFO - Sync 1 DAGs
[2026-01-08T02:07:47.677+0000] {logging_mixin.py:190} INFO - [2026-01-08T02:07:47.677+0000] {dag.py:4138} INFO - Setting next_dagrun for example_bash_decorator to None, run_after=None
[2026-01-08T02:07:47.693+0000] {processor.py:208} INFO - Processing /home/airflow/.local/lib/python3.12/site-packages/airflow/example_dags/example_bash_decorator.py took 0.062 seconds
[2026-01-08T02:08:18.847+0000] {processor.py:186} INFO - Started process (PID=2551) to work on /home/airflow/.local/lib/python3.12/site-packages/airflow/example_dags/example_bash_decorator.py
[2026-01-08T02:08:18.848+0000] {processor.py:914} INFO - Processing file /home/airflow/.local/lib/python3.12/site-packages/airflow/example_dags/example_bash_decorator.py for tasks to queue
[2026-01-08T02:08:18.851+0000] {logging_mixin.py:190} INFO - [2026-01-08T02:08:18.851+0000] {dagbag.py:587} INFO - Filling up the DagBag from /home/airflow/.local/lib/python3.12/site-packages/airflow/example_dags/example_bash_decorator.py
[2026-01-08T02:08:18.862+0000] {processor.py:925} INFO - DAG(s) 'example_bash_decorator' retrieved from /home/airflow/.local/lib/python3.12/site-packages/airflow/example_dags/example_bash_decorator.py
[2026-01-08T02:08:18.880+0000] {logging_mixin.py:190} INFO - [2026-01-08T02:08:18.879+0000] {dag.py:3211} INFO - Sync 1 DAGs
[2026-01-08T02:08:18.889+0000] {logging_mixin.py:190} INFO - [2026-01-08T02:08:18.889+0000] {dag.py:4138} INFO - Setting next_dagrun for example_bash_decorator to None, run_after=None
[2026-01-08T02:08:18.902+0000] {processor.py:208} INFO - Processing /home/airflow/.local/lib/python3.12/site-packages/airflow/example_dags/example_bash_decorator.py took 0.060 seconds
[2026-01-08T02:08:50.106+0000] {processor.py:186} INFO - Started process (PID=2614) to work on /home/airflow/.local/lib/python3.12/site-packages/airflow/example_dags/example_bash_decorator.py
[2026-01-08T02:08:50.107+0000] {processor.py:914} INFO - Processing file /home/airflow/.local/lib/python3.12/site-packages/airflow/example_dags/example_bash_decorator.py for tasks to queue
[2026-01-08T02:08:50.110+0000] {logging_mixin.py:190} INFO - [2026-01-08T02:08:50.109+0000] {dagbag.py:587} INFO - Filling up the DagBag from /home/airflow/.local/lib/python3.12/site-packages/airflow/example_dags/example_bash_decorator.py
[2026-01-08T02:08:50.121+0000] {processor.py:925} INFO - DAG(s) 'example_bash_decorator' retrieved from /home/airflow/.local/lib/python3.12/site-packages/airflow/example_dags/example_bash_decorator.py
[2026-01-08T02:08:50.138+0000] {logging_mixin.py:190} INFO - [2026-01-08T02:08:50.138+0000] {dag.py:3211} INFO - Sync 1 DAGs
[2026-01-08T02:08:50.148+0000] {logging_mixin.py:190} INFO - [2026-01-08T02:08:50.148+0000] {dag.py:4138} INFO - Setting next_dagrun for example_bash_decorator to None, run_after=None
[2026-01-08T02:08:50.163+0000] {processor.py:208} INFO - Processing /home/airflow/.local/lib/python3.12/site-packages/airflow/example_dags/example_bash_decorator.py took 0.061 seconds
[2026-01-08T02:09:20.494+0000] {processor.py:186} INFO - Started process (PID=2677) to work on /home/airflow/.local/lib/python3.12/site-packages/airflow/example_dags/example_bash_decorator.py
[2026-01-08T02:09:20.496+0000] {processor.py:914} INFO - Processing file /home/airflow/.local/lib/python3.12/site-packages/airflow/example_dags/example_bash_decorator.py for tasks to queue
[2026-01-08T02:09:20.498+0000] {logging_mixin.py:190} INFO - [2026-01-08T02:09:20.498+0000] {dagbag.py:587} INFO - Filling up the DagBag from /home/airflow/.local/lib/python3.12/site-packages/airflow/example_dags/example_bash_decorator.py
[2026-01-08T02:09:20.508+0000] {processor.py:925} INFO - DAG(s) 'example_bash_decorator' retrieved from /home/airflow/.local/lib/python3.12/site-packages/airflow/example_dags/example_bash_decorator.py
[2026-01-08T02:09:20.525+0000] {logging_mixin.py:190} INFO - [2026-01-08T02:09:20.524+0000] {dag.py:3211} INFO - Sync 1 DAGs
[2026-01-08T02:09:20.534+0000] {logging_mixin.py:190} INFO - [2026-01-08T02:09:20.534+0000] {dag.py:4138} INFO - Setting next_dagrun for example_bash_decorator to None, run_after=None
[2026-01-08T02:09:20.549+0000] {processor.py:208} INFO - Processing /home/airflow/.local/lib/python3.12/site-packages/airflow/example_dags/example_bash_decorator.py took 0.059 seconds
[2026-01-08T02:09:50.895+0000] {processor.py:186} INFO - Started process (PID=2740) to work on /home/airflow/.local/lib/python3.12/site-packages/airflow/example_dags/example_bash_decorator.py
[2026-01-08T02:09:50.896+0000] {processor.py:914} INFO - Processing file /home/airflow/.local/lib/python3.12/site-packages/airflow/example_dags/example_bash_decorator.py for tasks to queue
[2026-01-08T02:09:50.898+0000] {logging_mixin.py:190} INFO - [2026-01-08T02:09:50.898+0000] {dagbag.py:587} INFO - Filling up the DagBag from /home/airflow/.local/lib/python3.12/site-packages/airflow/example_dags/example_bash_decorator.py
[2026-01-08T02:09:50.909+0000] {processor.py:925} INFO - DAG(s) 'example_bash_decorator' retrieved from /home/airflow/.local/lib/python3.12/site-packages/airflow/example_dags/example_bash_decorator.py
[2026-01-08T02:09:50.927+0000] {logging_mixin.py:190} INFO - [2026-01-08T02:09:50.927+0000] {dag.py:3211} INFO - Sync 1 DAGs
[2026-01-08T02:09:50.937+0000] {logging_mixin.py:190} INFO - [2026-01-08T02:09:50.937+0000] {dag.py:4138} INFO - Setting next_dagrun for example_bash_decorator to None, run_after=None
[2026-01-08T02:09:50.953+0000] {processor.py:208} INFO - Processing /home/airflow/.local/lib/python3.12/site-packages/airflow/example_dags/example_bash_decorator.py took 0.062 seconds
[2026-01-08T02:10:21.357+0000] {processor.py:186} INFO - Started process (PID=2803) to work on /home/airflow/.local/lib/python3.12/site-packages/airflow/example_dags/example_bash_decorator.py
[2026-01-08T02:10:21.358+0000] {processor.py:914} INFO - Processing file /home/airflow/.local/lib/python3.12/site-packages/airflow/example_dags/example_bash_decorator.py for tasks to queue
[2026-01-08T02:10:21.361+0000] {logging_mixin.py:190} INFO - [2026-01-08T02:10:21.360+0000] {dagbag.py:587} INFO - Filling up the DagBag from /home/airflow/.local/lib/python3.12/site-packages/airflow/example_dags/example_bash_decorator.py
[2026-01-08T02:10:21.371+0000] {processor.py:925} INFO - DAG(s) 'example_bash_decorator' retrieved from /home/airflow/.local/lib/python3.12/site-packages/airflow/example_dags/example_bash_decorator.py
[2026-01-08T02:10:21.389+0000] {logging_mixin.py:190} INFO - [2026-01-08T02:10:21.389+0000] {dag.py:3211} INFO - Sync 1 DAGs
[2026-01-08T02:10:21.399+0000] {logging_mixin.py:190} INFO - [2026-01-08T02:10:21.399+0000] {dag.py:4138} INFO - Setting next_dagrun for example_bash_decorator to None, run_after=None
[2026-01-08T02:10:21.413+0000] {processor.py:208} INFO - Processing /home/airflow/.local/lib/python3.12/site-packages/airflow/example_dags/example_bash_decorator.py took 0.061 seconds
[2026-01-08T02:10:51.838+0000] {processor.py:186} INFO - Started process (PID=2865) to work on /home/airflow/.local/lib/python3.12/site-packages/airflow/example_dags/example_bash_decorator.py
[2026-01-08T02:10:51.839+0000] {processor.py:914} INFO - Processing file /home/airflow/.local/lib/python3.12/site-packages/airflow/example_dags/example_bash_decorator.py for tasks to queue
[2026-01-08T02:10:51.842+0000] {logging_mixin.py:190} INFO - [2026-01-08T02:10:51.842+0000] {dagbag.py:587} INFO - Filling up the DagBag from /home/airflow/.local/lib/python3.12/site-packages/airflow/example_dags/example_bash_decorator.py
[2026-01-08T02:10:51.853+0000] {processor.py:925} INFO - DAG(s) 'example_bash_decorator' retrieved from /home/airflow/.local/lib/python3.12/site-packages/airflow/example_dags/example_bash_decorator.py
[2026-01-08T02:10:51.869+0000] {logging_mixin.py:190} INFO - [2026-01-08T02:10:51.869+0000] {dag.py:3211} INFO - Sync 1 DAGs
[2026-01-08T02:10:51.880+0000] {logging_mixin.py:190} INFO - [2026-01-08T02:10:51.879+0000] {dag.py:4138} INFO - Setting next_dagrun for example_bash_decorator to None, run_after=None
[2026-01-08T02:10:51.893+0000] {processor.py:208} INFO - Processing /home/airflow/.local/lib/python3.12/site-packages/airflow/example_dags/example_bash_decorator.py took 0.060 seconds
[2026-01-08T02:11:22.403+0000] {processor.py:186} INFO - Started process (PID=2928) to work on /home/airflow/.local/lib/python3.12/site-packages/airflow/example_dags/example_bash_decorator.py
[2026-01-08T02:11:22.404+0000] {processor.py:914} INFO - Processing file /home/airflow/.local/lib/python3.12/site-packages/airflow/example_dags/example_bash_decorator.py for tasks to queue
[2026-01-08T02:11:22.406+0000] {logging_mixin.py:190} INFO - [2026-01-08T02:11:22.406+0000] {dagbag.py:587} INFO - Filling up the DagBag from /home/airflow/.local/lib/python3.12/site-packages/airflow/example_dags/example_bash_decorator.py
[2026-01-08T02:11:22.417+0000] {processor.py:925} INFO - DAG(s) 'example_bash_decorator' retrieved from /home/airflow/.local/lib/python3.12/site-packages/airflow/example_dags/example_bash_decorator.py
[2026-01-08T02:11:22.435+0000] {logging_mixin.py:190} INFO - [2026-01-08T02:11:22.435+0000] {dag.py:3211} INFO - Sync 1 DAGs
[2026-01-08T02:11:22.445+0000] {logging_mixin.py:190} INFO - [2026-01-08T02:11:22.445+0000] {dag.py:4138} INFO - Setting next_dagrun for example_bash_decorator to None, run_after=None
[2026-01-08T02:11:22.458+0000] {processor.py:208} INFO - Processing /home/airflow/.local/lib/python3.12/site-packages/airflow/example_dags/example_bash_decorator.py took 0.059 seconds
[2026-01-08T02:11:53.423+0000] {processor.py:186} INFO - Started process (PID=2991) to work on /home/airflow/.local/lib/python3.12/site-packages/airflow/example_dags/example_bash_decorator.py
[2026-01-08T02:11:53.424+0000] {processor.py:914} INFO - Processing file /home/airflow/.local/lib/python3.12/site-packages/airflow/example_dags/example_bash_decorator.py for tasks to queue
[2026-01-08T02:11:53.426+0000] {logging_mixin.py:190} INFO - [2026-01-08T02:11:53.426+0000] {dagbag.py:587} INFO - Filling up the DagBag from /home/airflow/.local/lib/python3.12/site-packages/airflow/example_dags/example_bash_decorator.py
[2026-01-08T02:11:53.437+0000] {processor.py:925} INFO - DAG(s) 'example_bash_decorator' retrieved from /home/airflow/.local/lib/python3.12/site-packages/airflow/example_dags/example_bash_decorator.py
[2026-01-08T02:11:53.452+0000] {logging_mixin.py:190} INFO - [2026-01-08T02:11:53.452+0000] {dag.py:3211} INFO - Sync 1 DAGs
[2026-01-08T02:11:53.462+0000] {logging_mixin.py:190} INFO - [2026-01-08T02:11:53.462+0000] {dag.py:4138} INFO - Setting next_dagrun for example_bash_decorator to None, run_after=None
[2026-01-08T02:11:53.476+0000] {processor.py:208} INFO - Processing /home/airflow/.local/lib/python3.12/site-packages/airflow/example_dags/example_bash_decorator.py took 0.058 seconds
[2026-01-08T02:12:23.833+0000] {processor.py:186} INFO - Started process (PID=3055) to work on /home/airflow/.local/lib/python3.12/site-packages/airflow/example_dags/example_bash_decorator.py
[2026-01-08T02:12:23.834+0000] {processor.py:914} INFO - Processing file /home/airflow/.local/lib/python3.12/site-packages/airflow/example_dags/example_bash_decorator.py for tasks to queue
[2026-01-08T02:12:23.836+0000] {logging_mixin.py:190} INFO - [2026-01-08T02:12:23.836+0000] {dagbag.py:587} INFO - Filling up the DagBag from /home/airflow/.local/lib/python3.12/site-packages/airflow/example_dags/example_bash_decorator.py
[2026-01-08T02:12:23.848+0000] {processor.py:925} INFO - DAG(s) 'example_bash_decorator' retrieved from /home/airflow/.local/lib/python3.12/site-packages/airflow/example_dags/example_bash_decorator.py
[2026-01-08T02:12:23.864+0000] {logging_mixin.py:190} INFO - [2026-01-08T02:12:23.864+0000] {dag.py:3211} INFO - Sync 1 DAGs
[2026-01-08T02:12:23.875+0000] {logging_mixin.py:190} INFO - [2026-01-08T02:12:23.875+0000] {dag.py:4138} INFO - Setting next_dagrun for example_bash_decorator to None, run_after=None
[2026-01-08T02:12:24.007+0000] {processor.py:208} INFO - Processing /home/airflow/.local/lib/python3.12/site-packages/airflow/example_dags/example_bash_decorator.py took 0.179 seconds
[2026-01-08T02:12:54.436+0000] {processor.py:186} INFO - Started process (PID=3118) to work on /home/airflow/.local/lib/python3.12/site-packages/airflow/example_dags/example_bash_decorator.py
[2026-01-08T02:12:54.438+0000] {processor.py:914} INFO - Processing file /home/airflow/.local/lib/python3.12/site-packages/airflow/example_dags/example_bash_decorator.py for tasks to queue
[2026-01-08T02:12:54.440+0000] {logging_mixin.py:190} INFO - [2026-01-08T02:12:54.440+0000] {dagbag.py:587} INFO - Filling up the DagBag from /home/airflow/.local/lib/python3.12/site-packages/airflow/example_dags/example_bash_decorator.py
[2026-01-08T02:12:54.451+0000] {processor.py:925} INFO - DAG(s) 'example_bash_decorator' retrieved from /home/airflow/.local/lib/python3.12/site-packages/airflow/example_dags/example_bash_decorator.py
[2026-01-08T02:12:54.469+0000] {logging_mixin.py:190} INFO - [2026-01-08T02:12:54.469+0000] {dag.py:3211} INFO - Sync 1 DAGs
[2026-01-08T02:12:54.479+0000] {logging_mixin.py:190} INFO - [2026-01-08T02:12:54.479+0000] {dag.py:4138} INFO - Setting next_dagrun for example_bash_decorator to None, run_after=None
[2026-01-08T02:12:54.493+0000] {processor.py:208} INFO - Processing /home/airflow/.local/lib/python3.12/site-packages/airflow/example_dags/example_bash_decorator.py took 0.062 seconds
[2026-01-08T02:13:25.295+0000] {processor.py:186} INFO - Started process (PID=3181) to work on /home/airflow/.local/lib/python3.12/site-packages/airflow/example_dags/example_bash_decorator.py
[2026-01-08T02:13:25.297+0000] {processor.py:914} INFO - Processing file /home/airflow/.local/lib/python3.12/site-packages/airflow/example_dags/example_bash_decorator.py for tasks to queue
[2026-01-08T02:13:25.299+0000] {logging_mixin.py:190} INFO - [2026-01-08T02:13:25.298+0000] {dagbag.py:587} INFO - Filling up the DagBag from /home/airflow/.local/lib/python3.12/site-packages/airflow/example_dags/example_bash_decorator.py
[2026-01-08T02:13:25.310+0000] {processor.py:925} INFO - DAG(s) 'example_bash_decorator' retrieved from /home/airflow/.local/lib/python3.12/site-packages/airflow/example_dags/example_bash_decorator.py
[2026-01-08T02:13:25.331+0000] {logging_mixin.py:190} INFO - [2026-01-08T02:13:25.330+0000] {dag.py:3211} INFO - Sync 1 DAGs
[2026-01-08T02:13:25.341+0000] {logging_mixin.py:190} INFO - [2026-01-08T02:13:25.341+0000] {dag.py:4138} INFO - Setting next_dagrun for example_bash_decorator to None, run_after=None
[2026-01-08T02:13:25.357+0000] {processor.py:208} INFO - Processing /home/airflow/.local/lib/python3.12/site-packages/airflow/example_dags/example_bash_decorator.py took 0.067 seconds
[2026-01-08T02:13:57.400+0000] {processor.py:186} INFO - Started process (PID=3250) to work on /home/airflow/.local/lib/python3.12/site-packages/airflow/example_dags/example_bash_decorator.py
[2026-01-08T02:13:57.401+0000] {processor.py:914} INFO - Processing file /home/airflow/.local/lib/python3.12/site-packages/airflow/example_dags/example_bash_decorator.py for tasks to queue
[2026-01-08T02:13:57.403+0000] {logging_mixin.py:190} INFO - [2026-01-08T02:13:57.403+0000] {dagbag.py:587} INFO - Filling up the DagBag from /home/airflow/.local/lib/python3.12/site-packages/airflow/example_dags/example_bash_decorator.py
[2026-01-08T02:13:57.415+0000] {processor.py:925} INFO - DAG(s) 'example_bash_decorator' retrieved from /home/airflow/.local/lib/python3.12/site-packages/airflow/example_dags/example_bash_decorator.py
[2026-01-08T02:13:57.434+0000] {logging_mixin.py:190} INFO - [2026-01-08T02:13:57.434+0000] {dag.py:3211} INFO - Sync 1 DAGs
[2026-01-08T02:13:57.444+0000] {logging_mixin.py:190} INFO - [2026-01-08T02:13:57.444+0000] {dag.py:4138} INFO - Setting next_dagrun for example_bash_decorator to None, run_after=None
[2026-01-08T02:13:57.459+0000] {processor.py:208} INFO - Processing /home/airflow/.local/lib/python3.12/site-packages/airflow/example_dags/example_bash_decorator.py took 0.064 seconds
