[2026-01-08T01:48:25.185+0000] {processor.py:186} INFO - Started process (PID=118) to work on /home/airflow/.local/lib/python3.12/site-packages/airflow/example_dags/example_inlet_event_extra.py
[2026-01-08T01:48:25.187+0000] {processor.py:914} INFO - Processing file /home/airflow/.local/lib/python3.12/site-packages/airflow/example_dags/example_inlet_event_extra.py for tasks to queue
[2026-01-08T01:48:25.189+0000] {logging_mixin.py:190} INFO - [2026-01-08T01:48:25.189+0000] {dagbag.py:587} INFO - Filling up the DagBag from /home/airflow/.local/lib/python3.12/site-packages/airflow/example_dags/example_inlet_event_extra.py
[2026-01-08T01:48:25.293+0000] {processor.py:925} INFO - DAG(s) 'read_dataset_event', 'read_dataset_event_from_classic' retrieved from /home/airflow/.local/lib/python3.12/site-packages/airflow/example_dags/example_inlet_event_extra.py
[2026-01-08T01:48:25.362+0000] {logging_mixin.py:190} INFO - [2026-01-08T01:48:25.361+0000] {override.py:1858} INFO - Created Permission View: can edit on DAG:read_dataset_event
[2026-01-08T01:48:25.370+0000] {logging_mixin.py:190} INFO - [2026-01-08T01:48:25.369+0000] {override.py:1858} INFO - Created Permission View: can read on DAG:read_dataset_event
[2026-01-08T01:48:25.375+0000] {logging_mixin.py:190} INFO - [2026-01-08T01:48:25.375+0000] {override.py:1858} INFO - Created Permission View: can delete on DAG:read_dataset_event
[2026-01-08T01:48:25.384+0000] {logging_mixin.py:190} INFO - [2026-01-08T01:48:25.383+0000] {override.py:1858} INFO - Created Permission View: can edit on DAG:read_dataset_event_from_classic
[2026-01-08T01:48:25.389+0000] {logging_mixin.py:190} INFO - [2026-01-08T01:48:25.389+0000] {override.py:1858} INFO - Created Permission View: can read on DAG:read_dataset_event_from_classic
[2026-01-08T01:48:25.394+0000] {logging_mixin.py:190} INFO - [2026-01-08T01:48:25.394+0000] {override.py:1858} INFO - Created Permission View: can delete on DAG:read_dataset_event_from_classic
[2026-01-08T01:48:25.395+0000] {logging_mixin.py:190} INFO - [2026-01-08T01:48:25.395+0000] {dag.py:3211} INFO - Sync 2 DAGs
[2026-01-08T01:48:25.406+0000] {logging_mixin.py:190} INFO - [2026-01-08T01:48:25.406+0000] {dag.py:3234} INFO - Creating ORM DAG for read_dataset_event_from_classic
[2026-01-08T01:48:25.407+0000] {logging_mixin.py:190} INFO - [2026-01-08T01:48:25.407+0000] {dag.py:3234} INFO - Creating ORM DAG for read_dataset_event
[2026-01-08T01:48:25.415+0000] {logging_mixin.py:190} INFO - [2026-01-08T01:48:25.414+0000] {dag.py:4138} INFO - Setting next_dagrun for read_dataset_event to 2026-01-07 00:00:00+00:00, run_after=2026-01-08 00:00:00+00:00
[2026-01-08T01:48:25.416+0000] {logging_mixin.py:190} INFO - [2026-01-08T01:48:25.416+0000] {dag.py:4138} INFO - Setting next_dagrun for read_dataset_event_from_classic to 2026-01-07 00:00:00+00:00, run_after=2026-01-08 00:00:00+00:00
[2026-01-08T01:48:25.429+0000] {processor.py:208} INFO - Processing /home/airflow/.local/lib/python3.12/site-packages/airflow/example_dags/example_inlet_event_extra.py took 0.249 seconds
[2026-01-08T01:48:55.660+0000] {processor.py:186} INFO - Started process (PID=180) to work on /home/airflow/.local/lib/python3.12/site-packages/airflow/example_dags/example_inlet_event_extra.py
[2026-01-08T01:48:55.661+0000] {processor.py:914} INFO - Processing file /home/airflow/.local/lib/python3.12/site-packages/airflow/example_dags/example_inlet_event_extra.py for tasks to queue
[2026-01-08T01:48:55.663+0000] {logging_mixin.py:190} INFO - [2026-01-08T01:48:55.663+0000] {dagbag.py:587} INFO - Filling up the DagBag from /home/airflow/.local/lib/python3.12/site-packages/airflow/example_dags/example_inlet_event_extra.py
[2026-01-08T01:48:55.749+0000] {processor.py:925} INFO - DAG(s) 'read_dataset_event_from_classic', 'read_dataset_event' retrieved from /home/airflow/.local/lib/python3.12/site-packages/airflow/example_dags/example_inlet_event_extra.py
[2026-01-08T01:48:55.767+0000] {logging_mixin.py:190} INFO - [2026-01-08T01:48:55.767+0000] {dag.py:3211} INFO - Sync 2 DAGs
[2026-01-08T01:48:55.784+0000] {logging_mixin.py:190} INFO - [2026-01-08T01:48:55.784+0000] {dag.py:4138} INFO - Setting next_dagrun for read_dataset_event to 2026-01-07 00:00:00+00:00, run_after=2026-01-08 00:00:00+00:00
[2026-01-08T01:48:55.787+0000] {logging_mixin.py:190} INFO - [2026-01-08T01:48:55.787+0000] {dag.py:4138} INFO - Setting next_dagrun for read_dataset_event_from_classic to 2026-01-07 00:00:00+00:00, run_after=2026-01-08 00:00:00+00:00
[2026-01-08T01:48:55.801+0000] {processor.py:208} INFO - Processing /home/airflow/.local/lib/python3.12/site-packages/airflow/example_dags/example_inlet_event_extra.py took 0.146 seconds
[2026-01-08T01:49:26.113+0000] {processor.py:186} INFO - Started process (PID=242) to work on /home/airflow/.local/lib/python3.12/site-packages/airflow/example_dags/example_inlet_event_extra.py
[2026-01-08T01:49:26.115+0000] {processor.py:914} INFO - Processing file /home/airflow/.local/lib/python3.12/site-packages/airflow/example_dags/example_inlet_event_extra.py for tasks to queue
[2026-01-08T01:49:26.117+0000] {logging_mixin.py:190} INFO - [2026-01-08T01:49:26.117+0000] {dagbag.py:587} INFO - Filling up the DagBag from /home/airflow/.local/lib/python3.12/site-packages/airflow/example_dags/example_inlet_event_extra.py
[2026-01-08T01:49:26.224+0000] {processor.py:925} INFO - DAG(s) 'read_dataset_event_from_classic', 'read_dataset_event' retrieved from /home/airflow/.local/lib/python3.12/site-packages/airflow/example_dags/example_inlet_event_extra.py
[2026-01-08T01:49:26.241+0000] {logging_mixin.py:190} INFO - [2026-01-08T01:49:26.241+0000] {dag.py:3211} INFO - Sync 2 DAGs
[2026-01-08T01:49:26.261+0000] {logging_mixin.py:190} INFO - [2026-01-08T01:49:26.261+0000] {dag.py:4138} INFO - Setting next_dagrun for read_dataset_event to 2026-01-07 00:00:00+00:00, run_after=2026-01-08 00:00:00+00:00
[2026-01-08T01:49:26.265+0000] {logging_mixin.py:190} INFO - [2026-01-08T01:49:26.265+0000] {dag.py:4138} INFO - Setting next_dagrun for read_dataset_event_from_classic to 2026-01-07 00:00:00+00:00, run_after=2026-01-08 00:00:00+00:00
[2026-01-08T01:49:26.280+0000] {processor.py:208} INFO - Processing /home/airflow/.local/lib/python3.12/site-packages/airflow/example_dags/example_inlet_event_extra.py took 0.172 seconds
[2026-01-08T01:49:56.688+0000] {processor.py:186} INFO - Started process (PID=304) to work on /home/airflow/.local/lib/python3.12/site-packages/airflow/example_dags/example_inlet_event_extra.py
[2026-01-08T01:49:56.690+0000] {processor.py:914} INFO - Processing file /home/airflow/.local/lib/python3.12/site-packages/airflow/example_dags/example_inlet_event_extra.py for tasks to queue
[2026-01-08T01:49:56.692+0000] {logging_mixin.py:190} INFO - [2026-01-08T01:49:56.692+0000] {dagbag.py:587} INFO - Filling up the DagBag from /home/airflow/.local/lib/python3.12/site-packages/airflow/example_dags/example_inlet_event_extra.py
[2026-01-08T01:49:56.792+0000] {processor.py:925} INFO - DAG(s) 'read_dataset_event_from_classic', 'read_dataset_event' retrieved from /home/airflow/.local/lib/python3.12/site-packages/airflow/example_dags/example_inlet_event_extra.py
[2026-01-08T01:49:56.809+0000] {logging_mixin.py:190} INFO - [2026-01-08T01:49:56.809+0000] {dag.py:3211} INFO - Sync 2 DAGs
[2026-01-08T01:49:56.827+0000] {logging_mixin.py:190} INFO - [2026-01-08T01:49:56.827+0000] {dag.py:4138} INFO - Setting next_dagrun for read_dataset_event to 2026-01-07 00:00:00+00:00, run_after=2026-01-08 00:00:00+00:00
[2026-01-08T01:49:56.831+0000] {logging_mixin.py:190} INFO - [2026-01-08T01:49:56.831+0000] {dag.py:4138} INFO - Setting next_dagrun for read_dataset_event_from_classic to 2026-01-07 00:00:00+00:00, run_after=2026-01-08 00:00:00+00:00
[2026-01-08T01:49:56.846+0000] {processor.py:208} INFO - Processing /home/airflow/.local/lib/python3.12/site-packages/airflow/example_dags/example_inlet_event_extra.py took 0.162 seconds
[2026-01-08T01:50:27.147+0000] {processor.py:186} INFO - Started process (PID=367) to work on /home/airflow/.local/lib/python3.12/site-packages/airflow/example_dags/example_inlet_event_extra.py
[2026-01-08T01:50:27.148+0000] {processor.py:914} INFO - Processing file /home/airflow/.local/lib/python3.12/site-packages/airflow/example_dags/example_inlet_event_extra.py for tasks to queue
[2026-01-08T01:50:27.150+0000] {logging_mixin.py:190} INFO - [2026-01-08T01:50:27.150+0000] {dagbag.py:587} INFO - Filling up the DagBag from /home/airflow/.local/lib/python3.12/site-packages/airflow/example_dags/example_inlet_event_extra.py
[2026-01-08T01:50:27.243+0000] {processor.py:925} INFO - DAG(s) 'read_dataset_event_from_classic', 'read_dataset_event' retrieved from /home/airflow/.local/lib/python3.12/site-packages/airflow/example_dags/example_inlet_event_extra.py
[2026-01-08T01:50:27.261+0000] {logging_mixin.py:190} INFO - [2026-01-08T01:50:27.261+0000] {dag.py:3211} INFO - Sync 2 DAGs
[2026-01-08T01:50:27.277+0000] {logging_mixin.py:190} INFO - [2026-01-08T01:50:27.276+0000] {dag.py:4138} INFO - Setting next_dagrun for read_dataset_event to 2026-01-07 00:00:00+00:00, run_after=2026-01-08 00:00:00+00:00
[2026-01-08T01:50:27.280+0000] {logging_mixin.py:190} INFO - [2026-01-08T01:50:27.280+0000] {dag.py:4138} INFO - Setting next_dagrun for read_dataset_event_from_classic to 2026-01-07 00:00:00+00:00, run_after=2026-01-08 00:00:00+00:00
[2026-01-08T01:50:27.292+0000] {processor.py:208} INFO - Processing /home/airflow/.local/lib/python3.12/site-packages/airflow/example_dags/example_inlet_event_extra.py took 0.150 seconds
[2026-01-08T01:50:57.645+0000] {processor.py:186} INFO - Started process (PID=428) to work on /home/airflow/.local/lib/python3.12/site-packages/airflow/example_dags/example_inlet_event_extra.py
[2026-01-08T01:50:57.647+0000] {processor.py:914} INFO - Processing file /home/airflow/.local/lib/python3.12/site-packages/airflow/example_dags/example_inlet_event_extra.py for tasks to queue
[2026-01-08T01:50:57.652+0000] {logging_mixin.py:190} INFO - [2026-01-08T01:50:57.651+0000] {dagbag.py:587} INFO - Filling up the DagBag from /home/airflow/.local/lib/python3.12/site-packages/airflow/example_dags/example_inlet_event_extra.py
[2026-01-08T01:50:57.806+0000] {processor.py:925} INFO - DAG(s) 'read_dataset_event_from_classic', 'read_dataset_event' retrieved from /home/airflow/.local/lib/python3.12/site-packages/airflow/example_dags/example_inlet_event_extra.py
[2026-01-08T01:50:57.822+0000] {logging_mixin.py:190} INFO - [2026-01-08T01:50:57.822+0000] {dag.py:3211} INFO - Sync 2 DAGs
[2026-01-08T01:50:57.842+0000] {logging_mixin.py:190} INFO - [2026-01-08T01:50:57.842+0000] {dag.py:4138} INFO - Setting next_dagrun for read_dataset_event to 2026-01-07 00:00:00+00:00, run_after=2026-01-08 00:00:00+00:00
[2026-01-08T01:50:57.846+0000] {logging_mixin.py:190} INFO - [2026-01-08T01:50:57.846+0000] {dag.py:4138} INFO - Setting next_dagrun for read_dataset_event_from_classic to 2026-01-07 00:00:00+00:00, run_after=2026-01-08 00:00:00+00:00
[2026-01-08T01:50:57.863+0000] {processor.py:208} INFO - Processing /home/airflow/.local/lib/python3.12/site-packages/airflow/example_dags/example_inlet_event_extra.py took 0.225 seconds
[2026-01-08T01:51:28.301+0000] {processor.py:186} INFO - Started process (PID=490) to work on /home/airflow/.local/lib/python3.12/site-packages/airflow/example_dags/example_inlet_event_extra.py
[2026-01-08T01:51:28.302+0000] {processor.py:914} INFO - Processing file /home/airflow/.local/lib/python3.12/site-packages/airflow/example_dags/example_inlet_event_extra.py for tasks to queue
[2026-01-08T01:51:28.305+0000] {logging_mixin.py:190} INFO - [2026-01-08T01:51:28.305+0000] {dagbag.py:587} INFO - Filling up the DagBag from /home/airflow/.local/lib/python3.12/site-packages/airflow/example_dags/example_inlet_event_extra.py
[2026-01-08T01:51:28.400+0000] {processor.py:925} INFO - DAG(s) 'read_dataset_event_from_classic', 'read_dataset_event' retrieved from /home/airflow/.local/lib/python3.12/site-packages/airflow/example_dags/example_inlet_event_extra.py
[2026-01-08T01:51:28.419+0000] {logging_mixin.py:190} INFO - [2026-01-08T01:51:28.419+0000] {dag.py:3211} INFO - Sync 2 DAGs
[2026-01-08T01:51:28.436+0000] {logging_mixin.py:190} INFO - [2026-01-08T01:51:28.435+0000] {dag.py:4138} INFO - Setting next_dagrun for read_dataset_event to 2026-01-07 00:00:00+00:00, run_after=2026-01-08 00:00:00+00:00
[2026-01-08T01:51:28.439+0000] {logging_mixin.py:190} INFO - [2026-01-08T01:51:28.439+0000] {dag.py:4138} INFO - Setting next_dagrun for read_dataset_event_from_classic to 2026-01-07 00:00:00+00:00, run_after=2026-01-08 00:00:00+00:00
[2026-01-08T01:51:28.453+0000] {processor.py:208} INFO - Processing /home/airflow/.local/lib/python3.12/site-packages/airflow/example_dags/example_inlet_event_extra.py took 0.156 seconds
[2026-01-08T01:51:58.965+0000] {processor.py:186} INFO - Started process (PID=553) to work on /home/airflow/.local/lib/python3.12/site-packages/airflow/example_dags/example_inlet_event_extra.py
[2026-01-08T01:51:58.966+0000] {processor.py:914} INFO - Processing file /home/airflow/.local/lib/python3.12/site-packages/airflow/example_dags/example_inlet_event_extra.py for tasks to queue
[2026-01-08T01:51:58.968+0000] {logging_mixin.py:190} INFO - [2026-01-08T01:51:58.968+0000] {dagbag.py:587} INFO - Filling up the DagBag from /home/airflow/.local/lib/python3.12/site-packages/airflow/example_dags/example_inlet_event_extra.py
[2026-01-08T01:51:59.063+0000] {processor.py:925} INFO - DAG(s) 'read_dataset_event_from_classic', 'read_dataset_event' retrieved from /home/airflow/.local/lib/python3.12/site-packages/airflow/example_dags/example_inlet_event_extra.py
[2026-01-08T01:51:59.079+0000] {logging_mixin.py:190} INFO - [2026-01-08T01:51:59.079+0000] {dag.py:3211} INFO - Sync 2 DAGs
[2026-01-08T01:51:59.097+0000] {logging_mixin.py:190} INFO - [2026-01-08T01:51:59.096+0000] {dag.py:4138} INFO - Setting next_dagrun for read_dataset_event to 2026-01-07 00:00:00+00:00, run_after=2026-01-08 00:00:00+00:00
[2026-01-08T01:51:59.100+0000] {logging_mixin.py:190} INFO - [2026-01-08T01:51:59.100+0000] {dag.py:4138} INFO - Setting next_dagrun for read_dataset_event_from_classic to 2026-01-07 00:00:00+00:00, run_after=2026-01-08 00:00:00+00:00
[2026-01-08T01:51:59.113+0000] {processor.py:208} INFO - Processing /home/airflow/.local/lib/python3.12/site-packages/airflow/example_dags/example_inlet_event_extra.py took 0.152 seconds
[2026-01-08T01:52:29.297+0000] {processor.py:186} INFO - Started process (PID=616) to work on /home/airflow/.local/lib/python3.12/site-packages/airflow/example_dags/example_inlet_event_extra.py
[2026-01-08T01:52:29.298+0000] {processor.py:914} INFO - Processing file /home/airflow/.local/lib/python3.12/site-packages/airflow/example_dags/example_inlet_event_extra.py for tasks to queue
[2026-01-08T01:52:29.300+0000] {logging_mixin.py:190} INFO - [2026-01-08T01:52:29.300+0000] {dagbag.py:587} INFO - Filling up the DagBag from /home/airflow/.local/lib/python3.12/site-packages/airflow/example_dags/example_inlet_event_extra.py
[2026-01-08T01:52:29.393+0000] {processor.py:925} INFO - DAG(s) 'read_dataset_event_from_classic', 'read_dataset_event' retrieved from /home/airflow/.local/lib/python3.12/site-packages/airflow/example_dags/example_inlet_event_extra.py
[2026-01-08T01:52:29.410+0000] {logging_mixin.py:190} INFO - [2026-01-08T01:52:29.409+0000] {dag.py:3211} INFO - Sync 2 DAGs
[2026-01-08T01:52:29.427+0000] {logging_mixin.py:190} INFO - [2026-01-08T01:52:29.427+0000] {dag.py:4138} INFO - Setting next_dagrun for read_dataset_event to 2026-01-07 00:00:00+00:00, run_after=2026-01-08 00:00:00+00:00
[2026-01-08T01:52:29.431+0000] {logging_mixin.py:190} INFO - [2026-01-08T01:52:29.431+0000] {dag.py:4138} INFO - Setting next_dagrun for read_dataset_event_from_classic to 2026-01-07 00:00:00+00:00, run_after=2026-01-08 00:00:00+00:00
[2026-01-08T01:52:29.443+0000] {processor.py:208} INFO - Processing /home/airflow/.local/lib/python3.12/site-packages/airflow/example_dags/example_inlet_event_extra.py took 0.151 seconds
[2026-01-08T01:52:59.614+0000] {processor.py:186} INFO - Started process (PID=678) to work on /home/airflow/.local/lib/python3.12/site-packages/airflow/example_dags/example_inlet_event_extra.py
[2026-01-08T01:52:59.615+0000] {processor.py:914} INFO - Processing file /home/airflow/.local/lib/python3.12/site-packages/airflow/example_dags/example_inlet_event_extra.py for tasks to queue
[2026-01-08T01:52:59.618+0000] {logging_mixin.py:190} INFO - [2026-01-08T01:52:59.617+0000] {dagbag.py:587} INFO - Filling up the DagBag from /home/airflow/.local/lib/python3.12/site-packages/airflow/example_dags/example_inlet_event_extra.py
[2026-01-08T01:52:59.718+0000] {processor.py:925} INFO - DAG(s) 'read_dataset_event_from_classic', 'read_dataset_event' retrieved from /home/airflow/.local/lib/python3.12/site-packages/airflow/example_dags/example_inlet_event_extra.py
[2026-01-08T01:52:59.738+0000] {logging_mixin.py:190} INFO - [2026-01-08T01:52:59.738+0000] {dag.py:3211} INFO - Sync 2 DAGs
[2026-01-08T01:52:59.757+0000] {logging_mixin.py:190} INFO - [2026-01-08T01:52:59.757+0000] {dag.py:4138} INFO - Setting next_dagrun for read_dataset_event to 2026-01-07 00:00:00+00:00, run_after=2026-01-08 00:00:00+00:00
[2026-01-08T01:52:59.761+0000] {logging_mixin.py:190} INFO - [2026-01-08T01:52:59.761+0000] {dag.py:4138} INFO - Setting next_dagrun for read_dataset_event_from_classic to 2026-01-07 00:00:00+00:00, run_after=2026-01-08 00:00:00+00:00
[2026-01-08T01:52:59.774+0000] {processor.py:208} INFO - Processing /home/airflow/.local/lib/python3.12/site-packages/airflow/example_dags/example_inlet_event_extra.py took 0.165 seconds
[2026-01-08T01:53:30.271+0000] {processor.py:186} INFO - Started process (PID=739) to work on /home/airflow/.local/lib/python3.12/site-packages/airflow/example_dags/example_inlet_event_extra.py
[2026-01-08T01:53:30.273+0000] {processor.py:914} INFO - Processing file /home/airflow/.local/lib/python3.12/site-packages/airflow/example_dags/example_inlet_event_extra.py for tasks to queue
[2026-01-08T01:53:30.275+0000] {logging_mixin.py:190} INFO - [2026-01-08T01:53:30.274+0000] {dagbag.py:587} INFO - Filling up the DagBag from /home/airflow/.local/lib/python3.12/site-packages/airflow/example_dags/example_inlet_event_extra.py
[2026-01-08T01:53:30.370+0000] {processor.py:925} INFO - DAG(s) 'read_dataset_event_from_classic', 'read_dataset_event' retrieved from /home/airflow/.local/lib/python3.12/site-packages/airflow/example_dags/example_inlet_event_extra.py
[2026-01-08T01:53:30.389+0000] {logging_mixin.py:190} INFO - [2026-01-08T01:53:30.389+0000] {dag.py:3211} INFO - Sync 2 DAGs
[2026-01-08T01:53:30.408+0000] {logging_mixin.py:190} INFO - [2026-01-08T01:53:30.407+0000] {dag.py:4138} INFO - Setting next_dagrun for read_dataset_event to 2026-01-07 00:00:00+00:00, run_after=2026-01-08 00:00:00+00:00
[2026-01-08T01:53:30.411+0000] {logging_mixin.py:190} INFO - [2026-01-08T01:53:30.411+0000] {dag.py:4138} INFO - Setting next_dagrun for read_dataset_event_from_classic to 2026-01-07 00:00:00+00:00, run_after=2026-01-08 00:00:00+00:00
[2026-01-08T01:53:30.424+0000] {processor.py:208} INFO - Processing /home/airflow/.local/lib/python3.12/site-packages/airflow/example_dags/example_inlet_event_extra.py took 0.157 seconds
[2026-01-08T01:54:00.746+0000] {processor.py:186} INFO - Started process (PID=803) to work on /home/airflow/.local/lib/python3.12/site-packages/airflow/example_dags/example_inlet_event_extra.py
[2026-01-08T01:54:00.747+0000] {processor.py:914} INFO - Processing file /home/airflow/.local/lib/python3.12/site-packages/airflow/example_dags/example_inlet_event_extra.py for tasks to queue
[2026-01-08T01:54:00.749+0000] {logging_mixin.py:190} INFO - [2026-01-08T01:54:00.749+0000] {dagbag.py:587} INFO - Filling up the DagBag from /home/airflow/.local/lib/python3.12/site-packages/airflow/example_dags/example_inlet_event_extra.py
[2026-01-08T01:54:00.841+0000] {processor.py:925} INFO - DAG(s) 'read_dataset_event_from_classic', 'read_dataset_event' retrieved from /home/airflow/.local/lib/python3.12/site-packages/airflow/example_dags/example_inlet_event_extra.py
[2026-01-08T01:54:00.857+0000] {logging_mixin.py:190} INFO - [2026-01-08T01:54:00.857+0000] {dag.py:3211} INFO - Sync 2 DAGs
[2026-01-08T01:54:00.875+0000] {logging_mixin.py:190} INFO - [2026-01-08T01:54:00.874+0000] {dag.py:4138} INFO - Setting next_dagrun for read_dataset_event to 2026-01-07 00:00:00+00:00, run_after=2026-01-08 00:00:00+00:00
[2026-01-08T01:54:00.878+0000] {logging_mixin.py:190} INFO - [2026-01-08T01:54:00.878+0000] {dag.py:4138} INFO - Setting next_dagrun for read_dataset_event_from_classic to 2026-01-07 00:00:00+00:00, run_after=2026-01-08 00:00:00+00:00
[2026-01-08T01:54:00.891+0000] {processor.py:208} INFO - Processing /home/airflow/.local/lib/python3.12/site-packages/airflow/example_dags/example_inlet_event_extra.py took 0.150 seconds
[2026-01-08T01:54:31.326+0000] {processor.py:186} INFO - Started process (PID=863) to work on /home/airflow/.local/lib/python3.12/site-packages/airflow/example_dags/example_inlet_event_extra.py
[2026-01-08T01:54:31.328+0000] {processor.py:914} INFO - Processing file /home/airflow/.local/lib/python3.12/site-packages/airflow/example_dags/example_inlet_event_extra.py for tasks to queue
[2026-01-08T01:54:31.330+0000] {logging_mixin.py:190} INFO - [2026-01-08T01:54:31.330+0000] {dagbag.py:587} INFO - Filling up the DagBag from /home/airflow/.local/lib/python3.12/site-packages/airflow/example_dags/example_inlet_event_extra.py
[2026-01-08T01:54:31.421+0000] {processor.py:925} INFO - DAG(s) 'read_dataset_event_from_classic', 'read_dataset_event' retrieved from /home/airflow/.local/lib/python3.12/site-packages/airflow/example_dags/example_inlet_event_extra.py
[2026-01-08T01:54:31.437+0000] {logging_mixin.py:190} INFO - [2026-01-08T01:54:31.437+0000] {dag.py:3211} INFO - Sync 2 DAGs
[2026-01-08T01:54:31.453+0000] {logging_mixin.py:190} INFO - [2026-01-08T01:54:31.453+0000] {dag.py:4138} INFO - Setting next_dagrun for read_dataset_event to 2026-01-07 00:00:00+00:00, run_after=2026-01-08 00:00:00+00:00
[2026-01-08T01:54:31.457+0000] {logging_mixin.py:190} INFO - [2026-01-08T01:54:31.457+0000] {dag.py:4138} INFO - Setting next_dagrun for read_dataset_event_from_classic to 2026-01-07 00:00:00+00:00, run_after=2026-01-08 00:00:00+00:00
[2026-01-08T01:54:31.470+0000] {processor.py:208} INFO - Processing /home/airflow/.local/lib/python3.12/site-packages/airflow/example_dags/example_inlet_event_extra.py took 0.148 seconds
[2026-01-08T01:55:01.673+0000] {processor.py:186} INFO - Started process (PID=926) to work on /home/airflow/.local/lib/python3.12/site-packages/airflow/example_dags/example_inlet_event_extra.py
[2026-01-08T01:55:01.679+0000] {processor.py:914} INFO - Processing file /home/airflow/.local/lib/python3.12/site-packages/airflow/example_dags/example_inlet_event_extra.py for tasks to queue
[2026-01-08T01:55:01.685+0000] {logging_mixin.py:190} INFO - [2026-01-08T01:55:01.684+0000] {dagbag.py:587} INFO - Filling up the DagBag from /home/airflow/.local/lib/python3.12/site-packages/airflow/example_dags/example_inlet_event_extra.py
[2026-01-08T01:55:01.789+0000] {processor.py:925} INFO - DAG(s) 'read_dataset_event_from_classic', 'read_dataset_event' retrieved from /home/airflow/.local/lib/python3.12/site-packages/airflow/example_dags/example_inlet_event_extra.py
[2026-01-08T01:55:01.805+0000] {logging_mixin.py:190} INFO - [2026-01-08T01:55:01.805+0000] {dag.py:3211} INFO - Sync 2 DAGs
[2026-01-08T01:55:01.821+0000] {logging_mixin.py:190} INFO - [2026-01-08T01:55:01.821+0000] {dag.py:4138} INFO - Setting next_dagrun for read_dataset_event to 2026-01-07 00:00:00+00:00, run_after=2026-01-08 00:00:00+00:00
[2026-01-08T01:55:01.824+0000] {logging_mixin.py:190} INFO - [2026-01-08T01:55:01.824+0000] {dag.py:4138} INFO - Setting next_dagrun for read_dataset_event_from_classic to 2026-01-07 00:00:00+00:00, run_after=2026-01-08 00:00:00+00:00
[2026-01-08T01:55:01.837+0000] {processor.py:208} INFO - Processing /home/airflow/.local/lib/python3.12/site-packages/airflow/example_dags/example_inlet_event_extra.py took 0.169 seconds
[2026-01-08T01:55:32.416+0000] {processor.py:186} INFO - Started process (PID=987) to work on /home/airflow/.local/lib/python3.12/site-packages/airflow/example_dags/example_inlet_event_extra.py
[2026-01-08T01:55:32.417+0000] {processor.py:914} INFO - Processing file /home/airflow/.local/lib/python3.12/site-packages/airflow/example_dags/example_inlet_event_extra.py for tasks to queue
[2026-01-08T01:55:32.420+0000] {logging_mixin.py:190} INFO - [2026-01-08T01:55:32.420+0000] {dagbag.py:587} INFO - Filling up the DagBag from /home/airflow/.local/lib/python3.12/site-packages/airflow/example_dags/example_inlet_event_extra.py
[2026-01-08T01:55:32.514+0000] {processor.py:925} INFO - DAG(s) 'read_dataset_event_from_classic', 'read_dataset_event' retrieved from /home/airflow/.local/lib/python3.12/site-packages/airflow/example_dags/example_inlet_event_extra.py
[2026-01-08T01:55:32.532+0000] {logging_mixin.py:190} INFO - [2026-01-08T01:55:32.531+0000] {dag.py:3211} INFO - Sync 2 DAGs
[2026-01-08T01:55:32.549+0000] {logging_mixin.py:190} INFO - [2026-01-08T01:55:32.548+0000] {dag.py:4138} INFO - Setting next_dagrun for read_dataset_event to 2026-01-07 00:00:00+00:00, run_after=2026-01-08 00:00:00+00:00
[2026-01-08T01:55:32.552+0000] {logging_mixin.py:190} INFO - [2026-01-08T01:55:32.552+0000] {dag.py:4138} INFO - Setting next_dagrun for read_dataset_event_from_classic to 2026-01-07 00:00:00+00:00, run_after=2026-01-08 00:00:00+00:00
[2026-01-08T01:55:32.563+0000] {processor.py:208} INFO - Processing /home/airflow/.local/lib/python3.12/site-packages/airflow/example_dags/example_inlet_event_extra.py took 0.153 seconds
[2026-01-08T01:56:03.292+0000] {processor.py:186} INFO - Started process (PID=1049) to work on /home/airflow/.local/lib/python3.12/site-packages/airflow/example_dags/example_inlet_event_extra.py
[2026-01-08T01:56:03.293+0000] {processor.py:914} INFO - Processing file /home/airflow/.local/lib/python3.12/site-packages/airflow/example_dags/example_inlet_event_extra.py for tasks to queue
[2026-01-08T01:56:03.295+0000] {logging_mixin.py:190} INFO - [2026-01-08T01:56:03.294+0000] {dagbag.py:587} INFO - Filling up the DagBag from /home/airflow/.local/lib/python3.12/site-packages/airflow/example_dags/example_inlet_event_extra.py
[2026-01-08T01:56:03.391+0000] {processor.py:925} INFO - DAG(s) 'read_dataset_event', 'read_dataset_event_from_classic' retrieved from /home/airflow/.local/lib/python3.12/site-packages/airflow/example_dags/example_inlet_event_extra.py
[2026-01-08T01:56:03.407+0000] {logging_mixin.py:190} INFO - [2026-01-08T01:56:03.406+0000] {dag.py:3211} INFO - Sync 2 DAGs
[2026-01-08T01:56:03.424+0000] {logging_mixin.py:190} INFO - [2026-01-08T01:56:03.423+0000] {dag.py:4138} INFO - Setting next_dagrun for read_dataset_event to 2026-01-07 00:00:00+00:00, run_after=2026-01-08 00:00:00+00:00
[2026-01-08T01:56:03.428+0000] {logging_mixin.py:190} INFO - [2026-01-08T01:56:03.427+0000] {dag.py:4138} INFO - Setting next_dagrun for read_dataset_event_from_classic to 2026-01-07 00:00:00+00:00, run_after=2026-01-08 00:00:00+00:00
[2026-01-08T01:56:03.440+0000] {processor.py:208} INFO - Processing /home/airflow/.local/lib/python3.12/site-packages/airflow/example_dags/example_inlet_event_extra.py took 0.153 seconds
[2026-01-08T01:56:33.690+0000] {processor.py:186} INFO - Started process (PID=1114) to work on /home/airflow/.local/lib/python3.12/site-packages/airflow/example_dags/example_inlet_event_extra.py
[2026-01-08T01:56:33.691+0000] {processor.py:914} INFO - Processing file /home/airflow/.local/lib/python3.12/site-packages/airflow/example_dags/example_inlet_event_extra.py for tasks to queue
[2026-01-08T01:56:33.693+0000] {logging_mixin.py:190} INFO - [2026-01-08T01:56:33.693+0000] {dagbag.py:587} INFO - Filling up the DagBag from /home/airflow/.local/lib/python3.12/site-packages/airflow/example_dags/example_inlet_event_extra.py
[2026-01-08T01:56:33.788+0000] {processor.py:925} INFO - DAG(s) 'read_dataset_event', 'read_dataset_event_from_classic' retrieved from /home/airflow/.local/lib/python3.12/site-packages/airflow/example_dags/example_inlet_event_extra.py
[2026-01-08T01:56:33.806+0000] {logging_mixin.py:190} INFO - [2026-01-08T01:56:33.805+0000] {dag.py:3211} INFO - Sync 2 DAGs
[2026-01-08T01:56:33.822+0000] {logging_mixin.py:190} INFO - [2026-01-08T01:56:33.822+0000] {dag.py:4138} INFO - Setting next_dagrun for read_dataset_event to 2026-01-07 00:00:00+00:00, run_after=2026-01-08 00:00:00+00:00
[2026-01-08T01:56:33.827+0000] {logging_mixin.py:190} INFO - [2026-01-08T01:56:33.826+0000] {dag.py:4138} INFO - Setting next_dagrun for read_dataset_event_from_classic to 2026-01-07 00:00:00+00:00, run_after=2026-01-08 00:00:00+00:00
[2026-01-08T01:56:33.840+0000] {processor.py:208} INFO - Processing /home/airflow/.local/lib/python3.12/site-packages/airflow/example_dags/example_inlet_event_extra.py took 0.155 seconds
[2026-01-08T01:57:03.888+0000] {processor.py:186} INFO - Started process (PID=1178) to work on /home/airflow/.local/lib/python3.12/site-packages/airflow/example_dags/example_inlet_event_extra.py
[2026-01-08T01:57:03.889+0000] {processor.py:914} INFO - Processing file /home/airflow/.local/lib/python3.12/site-packages/airflow/example_dags/example_inlet_event_extra.py for tasks to queue
[2026-01-08T01:57:03.891+0000] {logging_mixin.py:190} INFO - [2026-01-08T01:57:03.891+0000] {dagbag.py:587} INFO - Filling up the DagBag from /home/airflow/.local/lib/python3.12/site-packages/airflow/example_dags/example_inlet_event_extra.py
[2026-01-08T01:57:03.988+0000] {processor.py:925} INFO - DAG(s) 'read_dataset_event_from_classic', 'read_dataset_event' retrieved from /home/airflow/.local/lib/python3.12/site-packages/airflow/example_dags/example_inlet_event_extra.py
[2026-01-08T01:57:04.007+0000] {logging_mixin.py:190} INFO - [2026-01-08T01:57:04.007+0000] {dag.py:3211} INFO - Sync 2 DAGs
[2026-01-08T01:57:04.026+0000] {logging_mixin.py:190} INFO - [2026-01-08T01:57:04.026+0000] {dag.py:4138} INFO - Setting next_dagrun for read_dataset_event to 2026-01-07 00:00:00+00:00, run_after=2026-01-08 00:00:00+00:00
[2026-01-08T01:57:04.030+0000] {logging_mixin.py:190} INFO - [2026-01-08T01:57:04.030+0000] {dag.py:4138} INFO - Setting next_dagrun for read_dataset_event_from_classic to 2026-01-07 00:00:00+00:00, run_after=2026-01-08 00:00:00+00:00
[2026-01-08T01:57:04.042+0000] {processor.py:208} INFO - Processing /home/airflow/.local/lib/python3.12/site-packages/airflow/example_dags/example_inlet_event_extra.py took 0.159 seconds
[2026-01-08T01:57:34.440+0000] {processor.py:186} INFO - Started process (PID=1235) to work on /home/airflow/.local/lib/python3.12/site-packages/airflow/example_dags/example_inlet_event_extra.py
[2026-01-08T01:57:34.441+0000] {processor.py:914} INFO - Processing file /home/airflow/.local/lib/python3.12/site-packages/airflow/example_dags/example_inlet_event_extra.py for tasks to queue
[2026-01-08T01:57:34.444+0000] {logging_mixin.py:190} INFO - [2026-01-08T01:57:34.443+0000] {dagbag.py:587} INFO - Filling up the DagBag from /home/airflow/.local/lib/python3.12/site-packages/airflow/example_dags/example_inlet_event_extra.py
[2026-01-08T01:57:34.555+0000] {processor.py:925} INFO - DAG(s) 'read_dataset_event', 'read_dataset_event_from_classic' retrieved from /home/airflow/.local/lib/python3.12/site-packages/airflow/example_dags/example_inlet_event_extra.py
[2026-01-08T01:57:34.573+0000] {logging_mixin.py:190} INFO - [2026-01-08T01:57:34.573+0000] {dag.py:3211} INFO - Sync 2 DAGs
[2026-01-08T01:57:34.596+0000] {logging_mixin.py:190} INFO - [2026-01-08T01:57:34.595+0000] {dag.py:4138} INFO - Setting next_dagrun for read_dataset_event to 2026-01-07 00:00:00+00:00, run_after=2026-01-08 00:00:00+00:00
[2026-01-08T01:57:34.600+0000] {logging_mixin.py:190} INFO - [2026-01-08T01:57:34.600+0000] {dag.py:4138} INFO - Setting next_dagrun for read_dataset_event_from_classic to 2026-01-07 00:00:00+00:00, run_after=2026-01-08 00:00:00+00:00
[2026-01-08T01:57:34.615+0000] {processor.py:208} INFO - Processing /home/airflow/.local/lib/python3.12/site-packages/airflow/example_dags/example_inlet_event_extra.py took 0.181 seconds
[2026-01-08T01:58:05.022+0000] {processor.py:186} INFO - Started process (PID=1297) to work on /home/airflow/.local/lib/python3.12/site-packages/airflow/example_dags/example_inlet_event_extra.py
[2026-01-08T01:58:05.024+0000] {processor.py:914} INFO - Processing file /home/airflow/.local/lib/python3.12/site-packages/airflow/example_dags/example_inlet_event_extra.py for tasks to queue
[2026-01-08T01:58:05.026+0000] {logging_mixin.py:190} INFO - [2026-01-08T01:58:05.026+0000] {dagbag.py:587} INFO - Filling up the DagBag from /home/airflow/.local/lib/python3.12/site-packages/airflow/example_dags/example_inlet_event_extra.py
[2026-01-08T01:58:05.124+0000] {processor.py:925} INFO - DAG(s) 'read_dataset_event_from_classic', 'read_dataset_event' retrieved from /home/airflow/.local/lib/python3.12/site-packages/airflow/example_dags/example_inlet_event_extra.py
[2026-01-08T01:58:05.141+0000] {logging_mixin.py:190} INFO - [2026-01-08T01:58:05.141+0000] {dag.py:3211} INFO - Sync 2 DAGs
[2026-01-08T01:58:05.158+0000] {logging_mixin.py:190} INFO - [2026-01-08T01:58:05.158+0000] {dag.py:4138} INFO - Setting next_dagrun for read_dataset_event to 2026-01-07 00:00:00+00:00, run_after=2026-01-08 00:00:00+00:00
[2026-01-08T01:58:05.161+0000] {logging_mixin.py:190} INFO - [2026-01-08T01:58:05.161+0000] {dag.py:4138} INFO - Setting next_dagrun for read_dataset_event_from_classic to 2026-01-07 00:00:00+00:00, run_after=2026-01-08 00:00:00+00:00
[2026-01-08T01:58:05.174+0000] {processor.py:208} INFO - Processing /home/airflow/.local/lib/python3.12/site-packages/airflow/example_dags/example_inlet_event_extra.py took 0.156 seconds
[2026-01-08T01:58:35.293+0000] {processor.py:186} INFO - Started process (PID=1361) to work on /home/airflow/.local/lib/python3.12/site-packages/airflow/example_dags/example_inlet_event_extra.py
[2026-01-08T01:58:35.295+0000] {processor.py:914} INFO - Processing file /home/airflow/.local/lib/python3.12/site-packages/airflow/example_dags/example_inlet_event_extra.py for tasks to queue
[2026-01-08T01:58:35.298+0000] {logging_mixin.py:190} INFO - [2026-01-08T01:58:35.298+0000] {dagbag.py:587} INFO - Filling up the DagBag from /home/airflow/.local/lib/python3.12/site-packages/airflow/example_dags/example_inlet_event_extra.py
[2026-01-08T01:58:35.419+0000] {processor.py:925} INFO - DAG(s) 'read_dataset_event_from_classic', 'read_dataset_event' retrieved from /home/airflow/.local/lib/python3.12/site-packages/airflow/example_dags/example_inlet_event_extra.py
[2026-01-08T01:58:35.439+0000] {logging_mixin.py:190} INFO - [2026-01-08T01:58:35.438+0000] {dag.py:3211} INFO - Sync 2 DAGs
[2026-01-08T01:58:35.458+0000] {logging_mixin.py:190} INFO - [2026-01-08T01:58:35.458+0000] {dag.py:4138} INFO - Setting next_dagrun for read_dataset_event to 2026-01-07 00:00:00+00:00, run_after=2026-01-08 00:00:00+00:00
[2026-01-08T01:58:35.462+0000] {logging_mixin.py:190} INFO - [2026-01-08T01:58:35.462+0000] {dag.py:4138} INFO - Setting next_dagrun for read_dataset_event_from_classic to 2026-01-07 00:00:00+00:00, run_after=2026-01-08 00:00:00+00:00
[2026-01-08T01:58:35.478+0000] {processor.py:208} INFO - Processing /home/airflow/.local/lib/python3.12/site-packages/airflow/example_dags/example_inlet_event_extra.py took 0.191 seconds
[2026-01-08T01:59:05.802+0000] {processor.py:186} INFO - Started process (PID=1426) to work on /home/airflow/.local/lib/python3.12/site-packages/airflow/example_dags/example_inlet_event_extra.py
[2026-01-08T01:59:05.803+0000] {processor.py:914} INFO - Processing file /home/airflow/.local/lib/python3.12/site-packages/airflow/example_dags/example_inlet_event_extra.py for tasks to queue
[2026-01-08T01:59:05.805+0000] {logging_mixin.py:190} INFO - [2026-01-08T01:59:05.805+0000] {dagbag.py:587} INFO - Filling up the DagBag from /home/airflow/.local/lib/python3.12/site-packages/airflow/example_dags/example_inlet_event_extra.py
[2026-01-08T01:59:05.909+0000] {processor.py:925} INFO - DAG(s) 'read_dataset_event', 'read_dataset_event_from_classic' retrieved from /home/airflow/.local/lib/python3.12/site-packages/airflow/example_dags/example_inlet_event_extra.py
[2026-01-08T01:59:05.926+0000] {logging_mixin.py:190} INFO - [2026-01-08T01:59:05.926+0000] {dag.py:3211} INFO - Sync 2 DAGs
[2026-01-08T01:59:05.943+0000] {logging_mixin.py:190} INFO - [2026-01-08T01:59:05.943+0000] {dag.py:4138} INFO - Setting next_dagrun for read_dataset_event to 2026-01-07 00:00:00+00:00, run_after=2026-01-08 00:00:00+00:00
[2026-01-08T01:59:05.948+0000] {logging_mixin.py:190} INFO - [2026-01-08T01:59:05.947+0000] {dag.py:4138} INFO - Setting next_dagrun for read_dataset_event_from_classic to 2026-01-07 00:00:00+00:00, run_after=2026-01-08 00:00:00+00:00
[2026-01-08T01:59:05.961+0000] {processor.py:208} INFO - Processing /home/airflow/.local/lib/python3.12/site-packages/airflow/example_dags/example_inlet_event_extra.py took 0.164 seconds
[2026-01-08T01:59:36.032+0000] {processor.py:186} INFO - Started process (PID=1488) to work on /home/airflow/.local/lib/python3.12/site-packages/airflow/example_dags/example_inlet_event_extra.py
[2026-01-08T01:59:36.033+0000] {processor.py:914} INFO - Processing file /home/airflow/.local/lib/python3.12/site-packages/airflow/example_dags/example_inlet_event_extra.py for tasks to queue
[2026-01-08T01:59:36.035+0000] {logging_mixin.py:190} INFO - [2026-01-08T01:59:36.035+0000] {dagbag.py:587} INFO - Filling up the DagBag from /home/airflow/.local/lib/python3.12/site-packages/airflow/example_dags/example_inlet_event_extra.py
[2026-01-08T01:59:36.135+0000] {processor.py:925} INFO - DAG(s) 'read_dataset_event_from_classic', 'read_dataset_event' retrieved from /home/airflow/.local/lib/python3.12/site-packages/airflow/example_dags/example_inlet_event_extra.py
[2026-01-08T01:59:36.152+0000] {logging_mixin.py:190} INFO - [2026-01-08T01:59:36.152+0000] {dag.py:3211} INFO - Sync 2 DAGs
[2026-01-08T01:59:36.169+0000] {logging_mixin.py:190} INFO - [2026-01-08T01:59:36.169+0000] {dag.py:4138} INFO - Setting next_dagrun for read_dataset_event to 2026-01-07 00:00:00+00:00, run_after=2026-01-08 00:00:00+00:00
[2026-01-08T01:59:36.172+0000] {logging_mixin.py:190} INFO - [2026-01-08T01:59:36.172+0000] {dag.py:4138} INFO - Setting next_dagrun for read_dataset_event_from_classic to 2026-01-07 00:00:00+00:00, run_after=2026-01-08 00:00:00+00:00
[2026-01-08T01:59:36.186+0000] {processor.py:208} INFO - Processing /home/airflow/.local/lib/python3.12/site-packages/airflow/example_dags/example_inlet_event_extra.py took 0.158 seconds
[2026-01-08T02:00:06.905+0000] {processor.py:186} INFO - Started process (PID=1553) to work on /home/airflow/.local/lib/python3.12/site-packages/airflow/example_dags/example_inlet_event_extra.py
[2026-01-08T02:00:06.906+0000] {processor.py:914} INFO - Processing file /home/airflow/.local/lib/python3.12/site-packages/airflow/example_dags/example_inlet_event_extra.py for tasks to queue
[2026-01-08T02:00:06.909+0000] {logging_mixin.py:190} INFO - [2026-01-08T02:00:06.908+0000] {dagbag.py:587} INFO - Filling up the DagBag from /home/airflow/.local/lib/python3.12/site-packages/airflow/example_dags/example_inlet_event_extra.py
[2026-01-08T02:00:07.008+0000] {processor.py:925} INFO - DAG(s) 'read_dataset_event', 'read_dataset_event_from_classic' retrieved from /home/airflow/.local/lib/python3.12/site-packages/airflow/example_dags/example_inlet_event_extra.py
[2026-01-08T02:00:07.026+0000] {logging_mixin.py:190} INFO - [2026-01-08T02:00:07.026+0000] {dag.py:3211} INFO - Sync 2 DAGs
[2026-01-08T02:00:07.043+0000] {logging_mixin.py:190} INFO - [2026-01-08T02:00:07.043+0000] {dag.py:4138} INFO - Setting next_dagrun for read_dataset_event to 2026-01-07 00:00:00+00:00, run_after=2026-01-08 00:00:00+00:00
[2026-01-08T02:00:07.047+0000] {logging_mixin.py:190} INFO - [2026-01-08T02:00:07.047+0000] {dag.py:4138} INFO - Setting next_dagrun for read_dataset_event_from_classic to 2026-01-07 00:00:00+00:00, run_after=2026-01-08 00:00:00+00:00
[2026-01-08T02:00:07.064+0000] {processor.py:208} INFO - Processing /home/airflow/.local/lib/python3.12/site-packages/airflow/example_dags/example_inlet_event_extra.py took 0.164 seconds
[2026-01-08T02:00:37.316+0000] {processor.py:186} INFO - Started process (PID=1612) to work on /home/airflow/.local/lib/python3.12/site-packages/airflow/example_dags/example_inlet_event_extra.py
[2026-01-08T02:00:37.318+0000] {processor.py:914} INFO - Processing file /home/airflow/.local/lib/python3.12/site-packages/airflow/example_dags/example_inlet_event_extra.py for tasks to queue
[2026-01-08T02:00:37.321+0000] {logging_mixin.py:190} INFO - [2026-01-08T02:00:37.320+0000] {dagbag.py:587} INFO - Filling up the DagBag from /home/airflow/.local/lib/python3.12/site-packages/airflow/example_dags/example_inlet_event_extra.py
[2026-01-08T02:00:37.418+0000] {processor.py:925} INFO - DAG(s) 'read_dataset_event_from_classic', 'read_dataset_event' retrieved from /home/airflow/.local/lib/python3.12/site-packages/airflow/example_dags/example_inlet_event_extra.py
[2026-01-08T02:00:37.434+0000] {logging_mixin.py:190} INFO - [2026-01-08T02:00:37.434+0000] {dag.py:3211} INFO - Sync 2 DAGs
[2026-01-08T02:00:37.450+0000] {logging_mixin.py:190} INFO - [2026-01-08T02:00:37.450+0000] {dag.py:4138} INFO - Setting next_dagrun for read_dataset_event to 2026-01-07 00:00:00+00:00, run_after=2026-01-08 00:00:00+00:00
[2026-01-08T02:00:37.454+0000] {logging_mixin.py:190} INFO - [2026-01-08T02:00:37.454+0000] {dag.py:4138} INFO - Setting next_dagrun for read_dataset_event_from_classic to 2026-01-07 00:00:00+00:00, run_after=2026-01-08 00:00:00+00:00
[2026-01-08T02:00:37.465+0000] {processor.py:208} INFO - Processing /home/airflow/.local/lib/python3.12/site-packages/airflow/example_dags/example_inlet_event_extra.py took 0.153 seconds
[2026-01-08T02:01:07.803+0000] {processor.py:186} INFO - Started process (PID=1675) to work on /home/airflow/.local/lib/python3.12/site-packages/airflow/example_dags/example_inlet_event_extra.py
[2026-01-08T02:01:07.804+0000] {processor.py:914} INFO - Processing file /home/airflow/.local/lib/python3.12/site-packages/airflow/example_dags/example_inlet_event_extra.py for tasks to queue
[2026-01-08T02:01:07.807+0000] {logging_mixin.py:190} INFO - [2026-01-08T02:01:07.807+0000] {dagbag.py:587} INFO - Filling up the DagBag from /home/airflow/.local/lib/python3.12/site-packages/airflow/example_dags/example_inlet_event_extra.py
[2026-01-08T02:01:07.907+0000] {processor.py:925} INFO - DAG(s) 'read_dataset_event_from_classic', 'read_dataset_event' retrieved from /home/airflow/.local/lib/python3.12/site-packages/airflow/example_dags/example_inlet_event_extra.py
[2026-01-08T02:01:07.928+0000] {logging_mixin.py:190} INFO - [2026-01-08T02:01:07.928+0000] {dag.py:3211} INFO - Sync 2 DAGs
[2026-01-08T02:01:07.947+0000] {logging_mixin.py:190} INFO - [2026-01-08T02:01:07.947+0000] {dag.py:4138} INFO - Setting next_dagrun for read_dataset_event to 2026-01-07 00:00:00+00:00, run_after=2026-01-08 00:00:00+00:00
[2026-01-08T02:01:07.952+0000] {logging_mixin.py:190} INFO - [2026-01-08T02:01:07.951+0000] {dag.py:4138} INFO - Setting next_dagrun for read_dataset_event_from_classic to 2026-01-07 00:00:00+00:00, run_after=2026-01-08 00:00:00+00:00
[2026-01-08T02:01:07.968+0000] {processor.py:208} INFO - Processing /home/airflow/.local/lib/python3.12/site-packages/airflow/example_dags/example_inlet_event_extra.py took 0.170 seconds
[2026-01-08T02:01:38.920+0000] {processor.py:186} INFO - Started process (PID=1738) to work on /home/airflow/.local/lib/python3.12/site-packages/airflow/example_dags/example_inlet_event_extra.py
[2026-01-08T02:01:38.921+0000] {processor.py:914} INFO - Processing file /home/airflow/.local/lib/python3.12/site-packages/airflow/example_dags/example_inlet_event_extra.py for tasks to queue
[2026-01-08T02:01:38.924+0000] {logging_mixin.py:190} INFO - [2026-01-08T02:01:38.924+0000] {dagbag.py:587} INFO - Filling up the DagBag from /home/airflow/.local/lib/python3.12/site-packages/airflow/example_dags/example_inlet_event_extra.py
[2026-01-08T02:01:39.028+0000] {processor.py:925} INFO - DAG(s) 'read_dataset_event_from_classic', 'read_dataset_event' retrieved from /home/airflow/.local/lib/python3.12/site-packages/airflow/example_dags/example_inlet_event_extra.py
[2026-01-08T02:01:39.048+0000] {logging_mixin.py:190} INFO - [2026-01-08T02:01:39.048+0000] {dag.py:3211} INFO - Sync 2 DAGs
[2026-01-08T02:01:39.066+0000] {logging_mixin.py:190} INFO - [2026-01-08T02:01:39.066+0000] {dag.py:4138} INFO - Setting next_dagrun for read_dataset_event to 2026-01-07 00:00:00+00:00, run_after=2026-01-08 00:00:00+00:00
[2026-01-08T02:01:39.069+0000] {logging_mixin.py:190} INFO - [2026-01-08T02:01:39.069+0000] {dag.py:4138} INFO - Setting next_dagrun for read_dataset_event_from_classic to 2026-01-07 00:00:00+00:00, run_after=2026-01-08 00:00:00+00:00
[2026-01-08T02:01:39.082+0000] {processor.py:208} INFO - Processing /home/airflow/.local/lib/python3.12/site-packages/airflow/example_dags/example_inlet_event_extra.py took 0.167 seconds
[2026-01-08T02:02:09.823+0000] {processor.py:186} INFO - Started process (PID=1801) to work on /home/airflow/.local/lib/python3.12/site-packages/airflow/example_dags/example_inlet_event_extra.py
[2026-01-08T02:02:09.825+0000] {processor.py:914} INFO - Processing file /home/airflow/.local/lib/python3.12/site-packages/airflow/example_dags/example_inlet_event_extra.py for tasks to queue
[2026-01-08T02:02:09.824+0000] {logging_mixin.py:190} INFO - [2026-01-08T02:02:09.824+0000] {dagbag.py:587} INFO - Filling up the DagBag from /home/airflow/.local/lib/python3.12/site-packages/airflow/example_dags/example_inlet_event_extra.py
[2026-01-08T02:02:09.936+0000] {processor.py:925} INFO - DAG(s) 'read_dataset_event', 'read_dataset_event_from_classic' retrieved from /home/airflow/.local/lib/python3.12/site-packages/airflow/example_dags/example_inlet_event_extra.py
[2026-01-08T02:02:09.952+0000] {logging_mixin.py:190} INFO - [2026-01-08T02:02:09.952+0000] {dag.py:3211} INFO - Sync 2 DAGs
[2026-01-08T02:02:10.098+0000] {logging_mixin.py:190} INFO - [2026-01-08T02:02:10.098+0000] {dag.py:4138} INFO - Setting next_dagrun for read_dataset_event to 2026-01-07 00:00:00+00:00, run_after=2026-01-08 00:00:00+00:00
[2026-01-08T02:02:10.103+0000] {logging_mixin.py:190} INFO - [2026-01-08T02:02:10.103+0000] {dag.py:4138} INFO - Setting next_dagrun for read_dataset_event_from_classic to 2026-01-07 00:00:00+00:00, run_after=2026-01-08 00:00:00+00:00
[2026-01-08T02:02:10.117+0000] {processor.py:208} INFO - Processing /home/airflow/.local/lib/python3.12/site-packages/airflow/example_dags/example_inlet_event_extra.py took 0.301 seconds
[2026-01-08T02:02:40.968+0000] {processor.py:186} INFO - Started process (PID=1865) to work on /home/airflow/.local/lib/python3.12/site-packages/airflow/example_dags/example_inlet_event_extra.py
[2026-01-08T02:02:40.969+0000] {processor.py:914} INFO - Processing file /home/airflow/.local/lib/python3.12/site-packages/airflow/example_dags/example_inlet_event_extra.py for tasks to queue
[2026-01-08T02:02:40.972+0000] {logging_mixin.py:190} INFO - [2026-01-08T02:02:40.972+0000] {dagbag.py:587} INFO - Filling up the DagBag from /home/airflow/.local/lib/python3.12/site-packages/airflow/example_dags/example_inlet_event_extra.py
[2026-01-08T02:02:41.097+0000] {processor.py:925} INFO - DAG(s) 'read_dataset_event_from_classic', 'read_dataset_event' retrieved from /home/airflow/.local/lib/python3.12/site-packages/airflow/example_dags/example_inlet_event_extra.py
[2026-01-08T02:02:41.113+0000] {logging_mixin.py:190} INFO - [2026-01-08T02:02:41.113+0000] {dag.py:3211} INFO - Sync 2 DAGs
[2026-01-08T02:02:41.130+0000] {logging_mixin.py:190} INFO - [2026-01-08T02:02:41.130+0000] {dag.py:4138} INFO - Setting next_dagrun for read_dataset_event to 2026-01-07 00:00:00+00:00, run_after=2026-01-08 00:00:00+00:00
[2026-01-08T02:02:41.134+0000] {logging_mixin.py:190} INFO - [2026-01-08T02:02:41.134+0000] {dag.py:4138} INFO - Setting next_dagrun for read_dataset_event_from_classic to 2026-01-07 00:00:00+00:00, run_after=2026-01-08 00:00:00+00:00
[2026-01-08T02:02:41.283+0000] {processor.py:208} INFO - Processing /home/airflow/.local/lib/python3.12/site-packages/airflow/example_dags/example_inlet_event_extra.py took 0.320 seconds
[2026-01-08T02:03:12.119+0000] {processor.py:186} INFO - Started process (PID=1929) to work on /home/airflow/.local/lib/python3.12/site-packages/airflow/example_dags/example_inlet_event_extra.py
[2026-01-08T02:03:12.120+0000] {processor.py:914} INFO - Processing file /home/airflow/.local/lib/python3.12/site-packages/airflow/example_dags/example_inlet_event_extra.py for tasks to queue
[2026-01-08T02:03:12.122+0000] {logging_mixin.py:190} INFO - [2026-01-08T02:03:12.122+0000] {dagbag.py:587} INFO - Filling up the DagBag from /home/airflow/.local/lib/python3.12/site-packages/airflow/example_dags/example_inlet_event_extra.py
[2026-01-08T02:03:12.217+0000] {processor.py:925} INFO - DAG(s) 'read_dataset_event_from_classic', 'read_dataset_event' retrieved from /home/airflow/.local/lib/python3.12/site-packages/airflow/example_dags/example_inlet_event_extra.py
[2026-01-08T02:03:12.235+0000] {logging_mixin.py:190} INFO - [2026-01-08T02:03:12.234+0000] {dag.py:3211} INFO - Sync 2 DAGs
[2026-01-08T02:03:12.252+0000] {logging_mixin.py:190} INFO - [2026-01-08T02:03:12.252+0000] {dag.py:4138} INFO - Setting next_dagrun for read_dataset_event to 2026-01-07 00:00:00+00:00, run_after=2026-01-08 00:00:00+00:00
[2026-01-08T02:03:12.256+0000] {logging_mixin.py:190} INFO - [2026-01-08T02:03:12.255+0000] {dag.py:4138} INFO - Setting next_dagrun for read_dataset_event_from_classic to 2026-01-07 00:00:00+00:00, run_after=2026-01-08 00:00:00+00:00
[2026-01-08T02:03:12.273+0000] {processor.py:208} INFO - Processing /home/airflow/.local/lib/python3.12/site-packages/airflow/example_dags/example_inlet_event_extra.py took 0.158 seconds
[2026-01-08T02:03:42.479+0000] {processor.py:186} INFO - Started process (PID=1992) to work on /home/airflow/.local/lib/python3.12/site-packages/airflow/example_dags/example_inlet_event_extra.py
[2026-01-08T02:03:42.480+0000] {processor.py:914} INFO - Processing file /home/airflow/.local/lib/python3.12/site-packages/airflow/example_dags/example_inlet_event_extra.py for tasks to queue
[2026-01-08T02:03:42.482+0000] {logging_mixin.py:190} INFO - [2026-01-08T02:03:42.482+0000] {dagbag.py:587} INFO - Filling up the DagBag from /home/airflow/.local/lib/python3.12/site-packages/airflow/example_dags/example_inlet_event_extra.py
[2026-01-08T02:03:42.574+0000] {processor.py:925} INFO - DAG(s) 'read_dataset_event_from_classic', 'read_dataset_event' retrieved from /home/airflow/.local/lib/python3.12/site-packages/airflow/example_dags/example_inlet_event_extra.py
[2026-01-08T02:03:42.591+0000] {logging_mixin.py:190} INFO - [2026-01-08T02:03:42.591+0000] {dag.py:3211} INFO - Sync 2 DAGs
[2026-01-08T02:03:42.607+0000] {logging_mixin.py:190} INFO - [2026-01-08T02:03:42.607+0000] {dag.py:4138} INFO - Setting next_dagrun for read_dataset_event to 2026-01-07 00:00:00+00:00, run_after=2026-01-08 00:00:00+00:00
[2026-01-08T02:03:42.610+0000] {logging_mixin.py:190} INFO - [2026-01-08T02:03:42.610+0000] {dag.py:4138} INFO - Setting next_dagrun for read_dataset_event_from_classic to 2026-01-07 00:00:00+00:00, run_after=2026-01-08 00:00:00+00:00
[2026-01-08T02:03:42.624+0000] {processor.py:208} INFO - Processing /home/airflow/.local/lib/python3.12/site-packages/airflow/example_dags/example_inlet_event_extra.py took 0.150 seconds
[2026-01-08T02:04:12.796+0000] {processor.py:186} INFO - Started process (PID=2055) to work on /home/airflow/.local/lib/python3.12/site-packages/airflow/example_dags/example_inlet_event_extra.py
[2026-01-08T02:04:12.797+0000] {processor.py:914} INFO - Processing file /home/airflow/.local/lib/python3.12/site-packages/airflow/example_dags/example_inlet_event_extra.py for tasks to queue
[2026-01-08T02:04:12.800+0000] {logging_mixin.py:190} INFO - [2026-01-08T02:04:12.800+0000] {dagbag.py:587} INFO - Filling up the DagBag from /home/airflow/.local/lib/python3.12/site-packages/airflow/example_dags/example_inlet_event_extra.py
[2026-01-08T02:04:12.906+0000] {processor.py:925} INFO - DAG(s) 'read_dataset_event_from_classic', 'read_dataset_event' retrieved from /home/airflow/.local/lib/python3.12/site-packages/airflow/example_dags/example_inlet_event_extra.py
[2026-01-08T02:04:12.927+0000] {logging_mixin.py:190} INFO - [2026-01-08T02:04:12.926+0000] {dag.py:3211} INFO - Sync 2 DAGs
[2026-01-08T02:04:13.069+0000] {logging_mixin.py:190} INFO - [2026-01-08T02:04:13.069+0000] {dag.py:4138} INFO - Setting next_dagrun for read_dataset_event to 2026-01-07 00:00:00+00:00, run_after=2026-01-08 00:00:00+00:00
[2026-01-08T02:04:13.073+0000] {logging_mixin.py:190} INFO - [2026-01-08T02:04:13.073+0000] {dag.py:4138} INFO - Setting next_dagrun for read_dataset_event_from_classic to 2026-01-07 00:00:00+00:00, run_after=2026-01-08 00:00:00+00:00
[2026-01-08T02:04:13.086+0000] {processor.py:208} INFO - Processing /home/airflow/.local/lib/python3.12/site-packages/airflow/example_dags/example_inlet_event_extra.py took 0.296 seconds
[2026-01-08T02:04:43.863+0000] {processor.py:186} INFO - Started process (PID=2118) to work on /home/airflow/.local/lib/python3.12/site-packages/airflow/example_dags/example_inlet_event_extra.py
[2026-01-08T02:04:43.865+0000] {processor.py:914} INFO - Processing file /home/airflow/.local/lib/python3.12/site-packages/airflow/example_dags/example_inlet_event_extra.py for tasks to queue
[2026-01-08T02:04:43.867+0000] {logging_mixin.py:190} INFO - [2026-01-08T02:04:43.867+0000] {dagbag.py:587} INFO - Filling up the DagBag from /home/airflow/.local/lib/python3.12/site-packages/airflow/example_dags/example_inlet_event_extra.py
[2026-01-08T02:04:43.964+0000] {processor.py:925} INFO - DAG(s) 'read_dataset_event_from_classic', 'read_dataset_event' retrieved from /home/airflow/.local/lib/python3.12/site-packages/airflow/example_dags/example_inlet_event_extra.py
[2026-01-08T02:04:43.980+0000] {logging_mixin.py:190} INFO - [2026-01-08T02:04:43.979+0000] {dag.py:3211} INFO - Sync 2 DAGs
[2026-01-08T02:04:44.124+0000] {logging_mixin.py:190} INFO - [2026-01-08T02:04:44.124+0000] {dag.py:4138} INFO - Setting next_dagrun for read_dataset_event to 2026-01-07 00:00:00+00:00, run_after=2026-01-08 00:00:00+00:00
[2026-01-08T02:04:44.128+0000] {logging_mixin.py:190} INFO - [2026-01-08T02:04:44.128+0000] {dag.py:4138} INFO - Setting next_dagrun for read_dataset_event_from_classic to 2026-01-07 00:00:00+00:00, run_after=2026-01-08 00:00:00+00:00
[2026-01-08T02:04:44.142+0000] {processor.py:208} INFO - Processing /home/airflow/.local/lib/python3.12/site-packages/airflow/example_dags/example_inlet_event_extra.py took 0.282 seconds
[2026-01-08T02:05:14.273+0000] {processor.py:186} INFO - Started process (PID=2181) to work on /home/airflow/.local/lib/python3.12/site-packages/airflow/example_dags/example_inlet_event_extra.py
[2026-01-08T02:05:14.274+0000] {processor.py:914} INFO - Processing file /home/airflow/.local/lib/python3.12/site-packages/airflow/example_dags/example_inlet_event_extra.py for tasks to queue
[2026-01-08T02:05:14.276+0000] {logging_mixin.py:190} INFO - [2026-01-08T02:05:14.276+0000] {dagbag.py:587} INFO - Filling up the DagBag from /home/airflow/.local/lib/python3.12/site-packages/airflow/example_dags/example_inlet_event_extra.py
[2026-01-08T02:05:14.507+0000] {processor.py:925} INFO - DAG(s) 'read_dataset_event_from_classic', 'read_dataset_event' retrieved from /home/airflow/.local/lib/python3.12/site-packages/airflow/example_dags/example_inlet_event_extra.py
[2026-01-08T02:05:14.520+0000] {logging_mixin.py:190} INFO - [2026-01-08T02:05:14.520+0000] {dag.py:3211} INFO - Sync 2 DAGs
[2026-01-08T02:05:14.534+0000] {logging_mixin.py:190} INFO - [2026-01-08T02:05:14.534+0000] {dag.py:4138} INFO - Setting next_dagrun for read_dataset_event to 2026-01-07 00:00:00+00:00, run_after=2026-01-08 00:00:00+00:00
[2026-01-08T02:05:14.537+0000] {logging_mixin.py:190} INFO - [2026-01-08T02:05:14.537+0000] {dag.py:4138} INFO - Setting next_dagrun for read_dataset_event_from_classic to 2026-01-07 00:00:00+00:00, run_after=2026-01-08 00:00:00+00:00
[2026-01-08T02:05:14.547+0000] {processor.py:208} INFO - Processing /home/airflow/.local/lib/python3.12/site-packages/airflow/example_dags/example_inlet_event_extra.py took 0.278 seconds
[2026-01-08T02:05:45.530+0000] {processor.py:186} INFO - Started process (PID=2244) to work on /home/airflow/.local/lib/python3.12/site-packages/airflow/example_dags/example_inlet_event_extra.py
[2026-01-08T02:05:45.531+0000] {processor.py:914} INFO - Processing file /home/airflow/.local/lib/python3.12/site-packages/airflow/example_dags/example_inlet_event_extra.py for tasks to queue
[2026-01-08T02:05:45.534+0000] {logging_mixin.py:190} INFO - [2026-01-08T02:05:45.534+0000] {dagbag.py:587} INFO - Filling up the DagBag from /home/airflow/.local/lib/python3.12/site-packages/airflow/example_dags/example_inlet_event_extra.py
[2026-01-08T02:05:45.786+0000] {processor.py:925} INFO - DAG(s) 'read_dataset_event_from_classic', 'read_dataset_event' retrieved from /home/airflow/.local/lib/python3.12/site-packages/airflow/example_dags/example_inlet_event_extra.py
[2026-01-08T02:05:45.804+0000] {logging_mixin.py:190} INFO - [2026-01-08T02:05:45.804+0000] {dag.py:3211} INFO - Sync 2 DAGs
[2026-01-08T02:05:45.823+0000] {logging_mixin.py:190} INFO - [2026-01-08T02:05:45.823+0000] {dag.py:4138} INFO - Setting next_dagrun for read_dataset_event to 2026-01-07 00:00:00+00:00, run_after=2026-01-08 00:00:00+00:00
[2026-01-08T02:05:45.827+0000] {logging_mixin.py:190} INFO - [2026-01-08T02:05:45.827+0000] {dag.py:4138} INFO - Setting next_dagrun for read_dataset_event_from_classic to 2026-01-07 00:00:00+00:00, run_after=2026-01-08 00:00:00+00:00
[2026-01-08T02:05:45.842+0000] {processor.py:208} INFO - Processing /home/airflow/.local/lib/python3.12/site-packages/airflow/example_dags/example_inlet_event_extra.py took 0.317 seconds
[2026-01-08T02:06:16.999+0000] {processor.py:186} INFO - Started process (PID=2307) to work on /home/airflow/.local/lib/python3.12/site-packages/airflow/example_dags/example_inlet_event_extra.py
[2026-01-08T02:06:17.001+0000] {processor.py:914} INFO - Processing file /home/airflow/.local/lib/python3.12/site-packages/airflow/example_dags/example_inlet_event_extra.py for tasks to queue
[2026-01-08T02:06:17.003+0000] {logging_mixin.py:190} INFO - [2026-01-08T02:06:17.003+0000] {dagbag.py:587} INFO - Filling up the DagBag from /home/airflow/.local/lib/python3.12/site-packages/airflow/example_dags/example_inlet_event_extra.py
[2026-01-08T02:06:17.235+0000] {processor.py:925} INFO - DAG(s) 'read_dataset_event', 'read_dataset_event_from_classic' retrieved from /home/airflow/.local/lib/python3.12/site-packages/airflow/example_dags/example_inlet_event_extra.py
[2026-01-08T02:06:17.249+0000] {logging_mixin.py:190} INFO - [2026-01-08T02:06:17.248+0000] {dag.py:3211} INFO - Sync 2 DAGs
[2026-01-08T02:06:17.263+0000] {logging_mixin.py:190} INFO - [2026-01-08T02:06:17.263+0000] {dag.py:4138} INFO - Setting next_dagrun for read_dataset_event to 2026-01-07 00:00:00+00:00, run_after=2026-01-08 00:00:00+00:00
[2026-01-08T02:06:17.266+0000] {logging_mixin.py:190} INFO - [2026-01-08T02:06:17.266+0000] {dag.py:4138} INFO - Setting next_dagrun for read_dataset_event_from_classic to 2026-01-07 00:00:00+00:00, run_after=2026-01-08 00:00:00+00:00
[2026-01-08T02:06:17.277+0000] {processor.py:208} INFO - Processing /home/airflow/.local/lib/python3.12/site-packages/airflow/example_dags/example_inlet_event_extra.py took 0.282 seconds
[2026-01-08T02:06:47.422+0000] {processor.py:186} INFO - Started process (PID=2370) to work on /home/airflow/.local/lib/python3.12/site-packages/airflow/example_dags/example_inlet_event_extra.py
[2026-01-08T02:06:47.423+0000] {processor.py:914} INFO - Processing file /home/airflow/.local/lib/python3.12/site-packages/airflow/example_dags/example_inlet_event_extra.py for tasks to queue
[2026-01-08T02:06:47.425+0000] {logging_mixin.py:190} INFO - [2026-01-08T02:06:47.425+0000] {dagbag.py:587} INFO - Filling up the DagBag from /home/airflow/.local/lib/python3.12/site-packages/airflow/example_dags/example_inlet_event_extra.py
[2026-01-08T02:06:47.540+0000] {processor.py:925} INFO - DAG(s) 'read_dataset_event', 'read_dataset_event_from_classic' retrieved from /home/airflow/.local/lib/python3.12/site-packages/airflow/example_dags/example_inlet_event_extra.py
[2026-01-08T02:06:47.701+0000] {logging_mixin.py:190} INFO - [2026-01-08T02:06:47.701+0000] {dag.py:3211} INFO - Sync 2 DAGs
[2026-01-08T02:06:47.717+0000] {logging_mixin.py:190} INFO - [2026-01-08T02:06:47.716+0000] {dag.py:4138} INFO - Setting next_dagrun for read_dataset_event to 2026-01-07 00:00:00+00:00, run_after=2026-01-08 00:00:00+00:00
[2026-01-08T02:06:47.720+0000] {logging_mixin.py:190} INFO - [2026-01-08T02:06:47.720+0000] {dag.py:4138} INFO - Setting next_dagrun for read_dataset_event_from_classic to 2026-01-07 00:00:00+00:00, run_after=2026-01-08 00:00:00+00:00
[2026-01-08T02:06:47.732+0000] {processor.py:208} INFO - Processing /home/airflow/.local/lib/python3.12/site-packages/airflow/example_dags/example_inlet_event_extra.py took 0.315 seconds
[2026-01-08T02:07:17.825+0000] {processor.py:186} INFO - Started process (PID=2433) to work on /home/airflow/.local/lib/python3.12/site-packages/airflow/example_dags/example_inlet_event_extra.py
[2026-01-08T02:07:17.827+0000] {processor.py:914} INFO - Processing file /home/airflow/.local/lib/python3.12/site-packages/airflow/example_dags/example_inlet_event_extra.py for tasks to queue
[2026-01-08T02:07:17.829+0000] {logging_mixin.py:190} INFO - [2026-01-08T02:07:17.829+0000] {dagbag.py:587} INFO - Filling up the DagBag from /home/airflow/.local/lib/python3.12/site-packages/airflow/example_dags/example_inlet_event_extra.py
[2026-01-08T02:07:18.088+0000] {processor.py:925} INFO - DAG(s) 'read_dataset_event_from_classic', 'read_dataset_event' retrieved from /home/airflow/.local/lib/python3.12/site-packages/airflow/example_dags/example_inlet_event_extra.py
[2026-01-08T02:07:18.103+0000] {logging_mixin.py:190} INFO - [2026-01-08T02:07:18.102+0000] {dag.py:3211} INFO - Sync 2 DAGs
[2026-01-08T02:07:18.120+0000] {logging_mixin.py:190} INFO - [2026-01-08T02:07:18.120+0000] {dag.py:4138} INFO - Setting next_dagrun for read_dataset_event to 2026-01-07 00:00:00+00:00, run_after=2026-01-08 00:00:00+00:00
[2026-01-08T02:07:18.124+0000] {logging_mixin.py:190} INFO - [2026-01-08T02:07:18.123+0000] {dag.py:4138} INFO - Setting next_dagrun for read_dataset_event_from_classic to 2026-01-07 00:00:00+00:00, run_after=2026-01-08 00:00:00+00:00
[2026-01-08T02:07:18.136+0000] {processor.py:208} INFO - Processing /home/airflow/.local/lib/python3.12/site-packages/airflow/example_dags/example_inlet_event_extra.py took 0.315 seconds
[2026-01-08T02:07:49.097+0000] {processor.py:186} INFO - Started process (PID=2496) to work on /home/airflow/.local/lib/python3.12/site-packages/airflow/example_dags/example_inlet_event_extra.py
[2026-01-08T02:07:49.099+0000] {processor.py:914} INFO - Processing file /home/airflow/.local/lib/python3.12/site-packages/airflow/example_dags/example_inlet_event_extra.py for tasks to queue
[2026-01-08T02:07:49.102+0000] {logging_mixin.py:190} INFO - [2026-01-08T02:07:49.102+0000] {dagbag.py:587} INFO - Filling up the DagBag from /home/airflow/.local/lib/python3.12/site-packages/airflow/example_dags/example_inlet_event_extra.py
[2026-01-08T02:07:49.333+0000] {processor.py:925} INFO - DAG(s) 'read_dataset_event_from_classic', 'read_dataset_event' retrieved from /home/airflow/.local/lib/python3.12/site-packages/airflow/example_dags/example_inlet_event_extra.py
[2026-01-08T02:07:49.351+0000] {logging_mixin.py:190} INFO - [2026-01-08T02:07:49.350+0000] {dag.py:3211} INFO - Sync 2 DAGs
[2026-01-08T02:07:49.368+0000] {logging_mixin.py:190} INFO - [2026-01-08T02:07:49.368+0000] {dag.py:4138} INFO - Setting next_dagrun for read_dataset_event to 2026-01-07 00:00:00+00:00, run_after=2026-01-08 00:00:00+00:00
[2026-01-08T02:07:49.372+0000] {logging_mixin.py:190} INFO - [2026-01-08T02:07:49.372+0000] {dag.py:4138} INFO - Setting next_dagrun for read_dataset_event_from_classic to 2026-01-07 00:00:00+00:00, run_after=2026-01-08 00:00:00+00:00
[2026-01-08T02:07:49.385+0000] {processor.py:208} INFO - Processing /home/airflow/.local/lib/python3.12/site-packages/airflow/example_dags/example_inlet_event_extra.py took 0.294 seconds
[2026-01-08T02:08:20.211+0000] {processor.py:186} INFO - Started process (PID=2559) to work on /home/airflow/.local/lib/python3.12/site-packages/airflow/example_dags/example_inlet_event_extra.py
[2026-01-08T02:08:20.213+0000] {processor.py:914} INFO - Processing file /home/airflow/.local/lib/python3.12/site-packages/airflow/example_dags/example_inlet_event_extra.py for tasks to queue
[2026-01-08T02:08:20.215+0000] {logging_mixin.py:190} INFO - [2026-01-08T02:08:20.215+0000] {dagbag.py:587} INFO - Filling up the DagBag from /home/airflow/.local/lib/python3.12/site-packages/airflow/example_dags/example_inlet_event_extra.py
[2026-01-08T02:08:20.465+0000] {processor.py:925} INFO - DAG(s) 'read_dataset_event', 'read_dataset_event_from_classic' retrieved from /home/airflow/.local/lib/python3.12/site-packages/airflow/example_dags/example_inlet_event_extra.py
[2026-01-08T02:08:20.482+0000] {logging_mixin.py:190} INFO - [2026-01-08T02:08:20.482+0000] {dag.py:3211} INFO - Sync 2 DAGs
[2026-01-08T02:08:20.499+0000] {logging_mixin.py:190} INFO - [2026-01-08T02:08:20.499+0000] {dag.py:4138} INFO - Setting next_dagrun for read_dataset_event to 2026-01-07 00:00:00+00:00, run_after=2026-01-08 00:00:00+00:00
[2026-01-08T02:08:20.502+0000] {logging_mixin.py:190} INFO - [2026-01-08T02:08:20.502+0000] {dag.py:4138} INFO - Setting next_dagrun for read_dataset_event_from_classic to 2026-01-07 00:00:00+00:00, run_after=2026-01-08 00:00:00+00:00
[2026-01-08T02:08:20.516+0000] {processor.py:208} INFO - Processing /home/airflow/.local/lib/python3.12/site-packages/airflow/example_dags/example_inlet_event_extra.py took 0.309 seconds
[2026-01-08T02:08:51.644+0000] {processor.py:186} INFO - Started process (PID=2623) to work on /home/airflow/.local/lib/python3.12/site-packages/airflow/example_dags/example_inlet_event_extra.py
[2026-01-08T02:08:51.645+0000] {processor.py:914} INFO - Processing file /home/airflow/.local/lib/python3.12/site-packages/airflow/example_dags/example_inlet_event_extra.py for tasks to queue
[2026-01-08T02:08:51.648+0000] {logging_mixin.py:190} INFO - [2026-01-08T02:08:51.647+0000] {dagbag.py:587} INFO - Filling up the DagBag from /home/airflow/.local/lib/python3.12/site-packages/airflow/example_dags/example_inlet_event_extra.py
[2026-01-08T02:08:51.877+0000] {processor.py:925} INFO - DAG(s) 'read_dataset_event', 'read_dataset_event_from_classic' retrieved from /home/airflow/.local/lib/python3.12/site-packages/airflow/example_dags/example_inlet_event_extra.py
[2026-01-08T02:08:51.891+0000] {logging_mixin.py:190} INFO - [2026-01-08T02:08:51.891+0000] {dag.py:3211} INFO - Sync 2 DAGs
[2026-01-08T02:08:51.907+0000] {logging_mixin.py:190} INFO - [2026-01-08T02:08:51.907+0000] {dag.py:4138} INFO - Setting next_dagrun for read_dataset_event to 2026-01-07 00:00:00+00:00, run_after=2026-01-08 00:00:00+00:00
[2026-01-08T02:08:51.910+0000] {logging_mixin.py:190} INFO - [2026-01-08T02:08:51.910+0000] {dag.py:4138} INFO - Setting next_dagrun for read_dataset_event_from_classic to 2026-01-07 00:00:00+00:00, run_after=2026-01-08 00:00:00+00:00
[2026-01-08T02:08:51.923+0000] {processor.py:208} INFO - Processing /home/airflow/.local/lib/python3.12/site-packages/airflow/example_dags/example_inlet_event_extra.py took 0.284 seconds
[2026-01-08T02:09:22.149+0000] {processor.py:186} INFO - Started process (PID=2686) to work on /home/airflow/.local/lib/python3.12/site-packages/airflow/example_dags/example_inlet_event_extra.py
[2026-01-08T02:09:22.150+0000] {processor.py:914} INFO - Processing file /home/airflow/.local/lib/python3.12/site-packages/airflow/example_dags/example_inlet_event_extra.py for tasks to queue
[2026-01-08T02:09:22.153+0000] {logging_mixin.py:190} INFO - [2026-01-08T02:09:22.153+0000] {dagbag.py:587} INFO - Filling up the DagBag from /home/airflow/.local/lib/python3.12/site-packages/airflow/example_dags/example_inlet_event_extra.py
[2026-01-08T02:09:22.394+0000] {processor.py:925} INFO - DAG(s) 'read_dataset_event_from_classic', 'read_dataset_event' retrieved from /home/airflow/.local/lib/python3.12/site-packages/airflow/example_dags/example_inlet_event_extra.py
[2026-01-08T02:09:22.408+0000] {logging_mixin.py:190} INFO - [2026-01-08T02:09:22.407+0000] {dag.py:3211} INFO - Sync 2 DAGs
[2026-01-08T02:09:22.422+0000] {logging_mixin.py:190} INFO - [2026-01-08T02:09:22.422+0000] {dag.py:4138} INFO - Setting next_dagrun for read_dataset_event to 2026-01-07 00:00:00+00:00, run_after=2026-01-08 00:00:00+00:00
[2026-01-08T02:09:22.425+0000] {logging_mixin.py:190} INFO - [2026-01-08T02:09:22.425+0000] {dag.py:4138} INFO - Setting next_dagrun for read_dataset_event_from_classic to 2026-01-07 00:00:00+00:00, run_after=2026-01-08 00:00:00+00:00
[2026-01-08T02:09:22.437+0000] {processor.py:208} INFO - Processing /home/airflow/.local/lib/python3.12/site-packages/airflow/example_dags/example_inlet_event_extra.py took 0.293 seconds
[2026-01-08T02:09:52.769+0000] {processor.py:186} INFO - Started process (PID=2749) to work on /home/airflow/.local/lib/python3.12/site-packages/airflow/example_dags/example_inlet_event_extra.py
[2026-01-08T02:09:52.770+0000] {processor.py:914} INFO - Processing file /home/airflow/.local/lib/python3.12/site-packages/airflow/example_dags/example_inlet_event_extra.py for tasks to queue
[2026-01-08T02:09:52.772+0000] {logging_mixin.py:190} INFO - [2026-01-08T02:09:52.772+0000] {dagbag.py:587} INFO - Filling up the DagBag from /home/airflow/.local/lib/python3.12/site-packages/airflow/example_dags/example_inlet_event_extra.py
[2026-01-08T02:09:52.995+0000] {processor.py:925} INFO - DAG(s) 'read_dataset_event', 'read_dataset_event_from_classic' retrieved from /home/airflow/.local/lib/python3.12/site-packages/airflow/example_dags/example_inlet_event_extra.py
[2026-01-08T02:09:53.010+0000] {logging_mixin.py:190} INFO - [2026-01-08T02:09:53.009+0000] {dag.py:3211} INFO - Sync 2 DAGs
[2026-01-08T02:09:53.024+0000] {logging_mixin.py:190} INFO - [2026-01-08T02:09:53.024+0000] {dag.py:4138} INFO - Setting next_dagrun for read_dataset_event to 2026-01-07 00:00:00+00:00, run_after=2026-01-08 00:00:00+00:00
[2026-01-08T02:09:53.028+0000] {logging_mixin.py:190} INFO - [2026-01-08T02:09:53.027+0000] {dag.py:4138} INFO - Setting next_dagrun for read_dataset_event_from_classic to 2026-01-07 00:00:00+00:00, run_after=2026-01-08 00:00:00+00:00
[2026-01-08T02:09:53.039+0000] {processor.py:208} INFO - Processing /home/airflow/.local/lib/python3.12/site-packages/airflow/example_dags/example_inlet_event_extra.py took 0.275 seconds
[2026-01-08T02:10:23.122+0000] {processor.py:186} INFO - Started process (PID=2812) to work on /home/airflow/.local/lib/python3.12/site-packages/airflow/example_dags/example_inlet_event_extra.py
[2026-01-08T02:10:23.123+0000] {processor.py:914} INFO - Processing file /home/airflow/.local/lib/python3.12/site-packages/airflow/example_dags/example_inlet_event_extra.py for tasks to queue
[2026-01-08T02:10:23.126+0000] {logging_mixin.py:190} INFO - [2026-01-08T02:10:23.126+0000] {dagbag.py:587} INFO - Filling up the DagBag from /home/airflow/.local/lib/python3.12/site-packages/airflow/example_dags/example_inlet_event_extra.py
[2026-01-08T02:10:23.337+0000] {processor.py:925} INFO - DAG(s) 'read_dataset_event', 'read_dataset_event_from_classic' retrieved from /home/airflow/.local/lib/python3.12/site-packages/airflow/example_dags/example_inlet_event_extra.py
[2026-01-08T02:10:23.352+0000] {logging_mixin.py:190} INFO - [2026-01-08T02:10:23.352+0000] {dag.py:3211} INFO - Sync 2 DAGs
[2026-01-08T02:10:23.366+0000] {logging_mixin.py:190} INFO - [2026-01-08T02:10:23.366+0000] {dag.py:4138} INFO - Setting next_dagrun for read_dataset_event to 2026-01-07 00:00:00+00:00, run_after=2026-01-08 00:00:00+00:00
[2026-01-08T02:10:23.369+0000] {logging_mixin.py:190} INFO - [2026-01-08T02:10:23.369+0000] {dag.py:4138} INFO - Setting next_dagrun for read_dataset_event_from_classic to 2026-01-07 00:00:00+00:00, run_after=2026-01-08 00:00:00+00:00
[2026-01-08T02:10:23.379+0000] {processor.py:208} INFO - Processing /home/airflow/.local/lib/python3.12/site-packages/airflow/example_dags/example_inlet_event_extra.py took 0.262 seconds
[2026-01-08T02:10:53.573+0000] {processor.py:186} INFO - Started process (PID=2876) to work on /home/airflow/.local/lib/python3.12/site-packages/airflow/example_dags/example_inlet_event_extra.py
[2026-01-08T02:10:53.574+0000] {processor.py:914} INFO - Processing file /home/airflow/.local/lib/python3.12/site-packages/airflow/example_dags/example_inlet_event_extra.py for tasks to queue
[2026-01-08T02:10:53.576+0000] {logging_mixin.py:190} INFO - [2026-01-08T02:10:53.576+0000] {dagbag.py:587} INFO - Filling up the DagBag from /home/airflow/.local/lib/python3.12/site-packages/airflow/example_dags/example_inlet_event_extra.py
[2026-01-08T02:10:53.799+0000] {processor.py:925} INFO - DAG(s) 'read_dataset_event_from_classic', 'read_dataset_event' retrieved from /home/airflow/.local/lib/python3.12/site-packages/airflow/example_dags/example_inlet_event_extra.py
[2026-01-08T02:10:53.816+0000] {logging_mixin.py:190} INFO - [2026-01-08T02:10:53.815+0000] {dag.py:3211} INFO - Sync 2 DAGs
[2026-01-08T02:10:53.832+0000] {logging_mixin.py:190} INFO - [2026-01-08T02:10:53.832+0000] {dag.py:4138} INFO - Setting next_dagrun for read_dataset_event to 2026-01-07 00:00:00+00:00, run_after=2026-01-08 00:00:00+00:00
[2026-01-08T02:10:53.836+0000] {logging_mixin.py:190} INFO - [2026-01-08T02:10:53.836+0000] {dag.py:4138} INFO - Setting next_dagrun for read_dataset_event_from_classic to 2026-01-07 00:00:00+00:00, run_after=2026-01-08 00:00:00+00:00
[2026-01-08T02:10:53.860+0000] {processor.py:208} INFO - Processing /home/airflow/.local/lib/python3.12/site-packages/airflow/example_dags/example_inlet_event_extra.py took 0.292 seconds
[2026-01-08T02:11:24.128+0000] {processor.py:186} INFO - Started process (PID=2941) to work on /home/airflow/.local/lib/python3.12/site-packages/airflow/example_dags/example_inlet_event_extra.py
[2026-01-08T02:11:24.130+0000] {processor.py:914} INFO - Processing file /home/airflow/.local/lib/python3.12/site-packages/airflow/example_dags/example_inlet_event_extra.py for tasks to queue
[2026-01-08T02:11:24.132+0000] {logging_mixin.py:190} INFO - [2026-01-08T02:11:24.132+0000] {dagbag.py:587} INFO - Filling up the DagBag from /home/airflow/.local/lib/python3.12/site-packages/airflow/example_dags/example_inlet_event_extra.py
[2026-01-08T02:11:24.335+0000] {processor.py:925} INFO - DAG(s) 'read_dataset_event_from_classic', 'read_dataset_event' retrieved from /home/airflow/.local/lib/python3.12/site-packages/airflow/example_dags/example_inlet_event_extra.py
[2026-01-08T02:11:24.350+0000] {logging_mixin.py:190} INFO - [2026-01-08T02:11:24.350+0000] {dag.py:3211} INFO - Sync 2 DAGs
[2026-01-08T02:11:24.364+0000] {logging_mixin.py:190} INFO - [2026-01-08T02:11:24.364+0000] {dag.py:4138} INFO - Setting next_dagrun for read_dataset_event to 2026-01-07 00:00:00+00:00, run_after=2026-01-08 00:00:00+00:00
[2026-01-08T02:11:24.367+0000] {logging_mixin.py:190} INFO - [2026-01-08T02:11:24.367+0000] {dag.py:4138} INFO - Setting next_dagrun for read_dataset_event_from_classic to 2026-01-07 00:00:00+00:00, run_after=2026-01-08 00:00:00+00:00
[2026-01-08T02:11:24.378+0000] {processor.py:208} INFO - Processing /home/airflow/.local/lib/python3.12/site-packages/airflow/example_dags/example_inlet_event_extra.py took 0.253 seconds
[2026-01-08T02:11:54.848+0000] {processor.py:186} INFO - Started process (PID=3000) to work on /home/airflow/.local/lib/python3.12/site-packages/airflow/example_dags/example_inlet_event_extra.py
[2026-01-08T02:11:54.850+0000] {processor.py:914} INFO - Processing file /home/airflow/.local/lib/python3.12/site-packages/airflow/example_dags/example_inlet_event_extra.py for tasks to queue
[2026-01-08T02:11:54.852+0000] {logging_mixin.py:190} INFO - [2026-01-08T02:11:54.852+0000] {dagbag.py:587} INFO - Filling up the DagBag from /home/airflow/.local/lib/python3.12/site-packages/airflow/example_dags/example_inlet_event_extra.py
[2026-01-08T02:11:55.074+0000] {processor.py:925} INFO - DAG(s) 'read_dataset_event_from_classic', 'read_dataset_event' retrieved from /home/airflow/.local/lib/python3.12/site-packages/airflow/example_dags/example_inlet_event_extra.py
[2026-01-08T02:11:55.088+0000] {logging_mixin.py:190} INFO - [2026-01-08T02:11:55.088+0000] {dag.py:3211} INFO - Sync 2 DAGs
[2026-01-08T02:11:55.102+0000] {logging_mixin.py:190} INFO - [2026-01-08T02:11:55.102+0000] {dag.py:4138} INFO - Setting next_dagrun for read_dataset_event to 2026-01-07 00:00:00+00:00, run_after=2026-01-08 00:00:00+00:00
[2026-01-08T02:11:55.106+0000] {logging_mixin.py:190} INFO - [2026-01-08T02:11:55.106+0000] {dag.py:4138} INFO - Setting next_dagrun for read_dataset_event_from_classic to 2026-01-07 00:00:00+00:00, run_after=2026-01-08 00:00:00+00:00
[2026-01-08T02:11:55.117+0000] {processor.py:208} INFO - Processing /home/airflow/.local/lib/python3.12/site-packages/airflow/example_dags/example_inlet_event_extra.py took 0.274 seconds
[2026-01-08T02:12:25.631+0000] {processor.py:186} INFO - Started process (PID=3063) to work on /home/airflow/.local/lib/python3.12/site-packages/airflow/example_dags/example_inlet_event_extra.py
[2026-01-08T02:12:25.633+0000] {processor.py:914} INFO - Processing file /home/airflow/.local/lib/python3.12/site-packages/airflow/example_dags/example_inlet_event_extra.py for tasks to queue
[2026-01-08T02:12:25.635+0000] {logging_mixin.py:190} INFO - [2026-01-08T02:12:25.635+0000] {dagbag.py:587} INFO - Filling up the DagBag from /home/airflow/.local/lib/python3.12/site-packages/airflow/example_dags/example_inlet_event_extra.py
[2026-01-08T02:12:25.853+0000] {processor.py:925} INFO - DAG(s) 'read_dataset_event_from_classic', 'read_dataset_event' retrieved from /home/airflow/.local/lib/python3.12/site-packages/airflow/example_dags/example_inlet_event_extra.py
[2026-01-08T02:12:25.869+0000] {logging_mixin.py:190} INFO - [2026-01-08T02:12:25.869+0000] {dag.py:3211} INFO - Sync 2 DAGs
[2026-01-08T02:12:25.884+0000] {logging_mixin.py:190} INFO - [2026-01-08T02:12:25.884+0000] {dag.py:4138} INFO - Setting next_dagrun for read_dataset_event to 2026-01-07 00:00:00+00:00, run_after=2026-01-08 00:00:00+00:00
[2026-01-08T02:12:25.888+0000] {logging_mixin.py:190} INFO - [2026-01-08T02:12:25.888+0000] {dag.py:4138} INFO - Setting next_dagrun for read_dataset_event_from_classic to 2026-01-07 00:00:00+00:00, run_after=2026-01-08 00:00:00+00:00
[2026-01-08T02:12:25.908+0000] {processor.py:208} INFO - Processing /home/airflow/.local/lib/python3.12/site-packages/airflow/example_dags/example_inlet_event_extra.py took 0.281 seconds
[2026-01-08T02:12:56.109+0000] {processor.py:186} INFO - Started process (PID=3126) to work on /home/airflow/.local/lib/python3.12/site-packages/airflow/example_dags/example_inlet_event_extra.py
[2026-01-08T02:12:56.111+0000] {processor.py:914} INFO - Processing file /home/airflow/.local/lib/python3.12/site-packages/airflow/example_dags/example_inlet_event_extra.py for tasks to queue
[2026-01-08T02:12:56.114+0000] {logging_mixin.py:190} INFO - [2026-01-08T02:12:56.114+0000] {dagbag.py:587} INFO - Filling up the DagBag from /home/airflow/.local/lib/python3.12/site-packages/airflow/example_dags/example_inlet_event_extra.py
[2026-01-08T02:12:56.347+0000] {processor.py:925} INFO - DAG(s) 'read_dataset_event_from_classic', 'read_dataset_event' retrieved from /home/airflow/.local/lib/python3.12/site-packages/airflow/example_dags/example_inlet_event_extra.py
[2026-01-08T02:12:56.367+0000] {logging_mixin.py:190} INFO - [2026-01-08T02:12:56.367+0000] {dag.py:3211} INFO - Sync 2 DAGs
[2026-01-08T02:12:56.385+0000] {logging_mixin.py:190} INFO - [2026-01-08T02:12:56.385+0000] {dag.py:4138} INFO - Setting next_dagrun for read_dataset_event to 2026-01-07 00:00:00+00:00, run_after=2026-01-08 00:00:00+00:00
[2026-01-08T02:12:56.389+0000] {logging_mixin.py:190} INFO - [2026-01-08T02:12:56.389+0000] {dag.py:4138} INFO - Setting next_dagrun for read_dataset_event_from_classic to 2026-01-07 00:00:00+00:00, run_after=2026-01-08 00:00:00+00:00
[2026-01-08T02:12:56.401+0000] {processor.py:208} INFO - Processing /home/airflow/.local/lib/python3.12/site-packages/airflow/example_dags/example_inlet_event_extra.py took 0.296 seconds
[2026-01-08T02:13:26.702+0000] {processor.py:186} INFO - Started process (PID=3189) to work on /home/airflow/.local/lib/python3.12/site-packages/airflow/example_dags/example_inlet_event_extra.py
[2026-01-08T02:13:26.704+0000] {processor.py:914} INFO - Processing file /home/airflow/.local/lib/python3.12/site-packages/airflow/example_dags/example_inlet_event_extra.py for tasks to queue
[2026-01-08T02:13:26.706+0000] {logging_mixin.py:190} INFO - [2026-01-08T02:13:26.706+0000] {dagbag.py:587} INFO - Filling up the DagBag from /home/airflow/.local/lib/python3.12/site-packages/airflow/example_dags/example_inlet_event_extra.py
[2026-01-08T02:13:26.941+0000] {processor.py:925} INFO - DAG(s) 'read_dataset_event_from_classic', 'read_dataset_event' retrieved from /home/airflow/.local/lib/python3.12/site-packages/airflow/example_dags/example_inlet_event_extra.py
[2026-01-08T02:13:26.962+0000] {logging_mixin.py:190} INFO - [2026-01-08T02:13:26.962+0000] {dag.py:3211} INFO - Sync 2 DAGs
[2026-01-08T02:13:26.983+0000] {logging_mixin.py:190} INFO - [2026-01-08T02:13:26.983+0000] {dag.py:4138} INFO - Setting next_dagrun for read_dataset_event to 2026-01-07 00:00:00+00:00, run_after=2026-01-08 00:00:00+00:00
[2026-01-08T02:13:26.987+0000] {logging_mixin.py:190} INFO - [2026-01-08T02:13:26.987+0000] {dag.py:4138} INFO - Setting next_dagrun for read_dataset_event_from_classic to 2026-01-07 00:00:00+00:00, run_after=2026-01-08 00:00:00+00:00
[2026-01-08T02:13:27.004+0000] {processor.py:208} INFO - Processing /home/airflow/.local/lib/python3.12/site-packages/airflow/example_dags/example_inlet_event_extra.py took 0.306 seconds
[2026-01-08T02:13:57.783+0000] {processor.py:186} INFO - Started process (PID=3258) to work on /home/airflow/.local/lib/python3.12/site-packages/airflow/example_dags/example_inlet_event_extra.py
[2026-01-08T02:13:57.784+0000] {processor.py:914} INFO - Processing file /home/airflow/.local/lib/python3.12/site-packages/airflow/example_dags/example_inlet_event_extra.py for tasks to queue
[2026-01-08T02:13:57.787+0000] {logging_mixin.py:190} INFO - [2026-01-08T02:13:57.786+0000] {dagbag.py:587} INFO - Filling up the DagBag from /home/airflow/.local/lib/python3.12/site-packages/airflow/example_dags/example_inlet_event_extra.py
[2026-01-08T02:13:58.043+0000] {processor.py:925} INFO - DAG(s) 'read_dataset_event', 'read_dataset_event_from_classic' retrieved from /home/airflow/.local/lib/python3.12/site-packages/airflow/example_dags/example_inlet_event_extra.py
[2026-01-08T02:13:58.058+0000] {logging_mixin.py:190} INFO - [2026-01-08T02:13:58.057+0000] {dag.py:3211} INFO - Sync 2 DAGs
[2026-01-08T02:13:58.072+0000] {logging_mixin.py:190} INFO - [2026-01-08T02:13:58.072+0000] {dag.py:4138} INFO - Setting next_dagrun for read_dataset_event to 2026-01-07 00:00:00+00:00, run_after=2026-01-08 00:00:00+00:00
[2026-01-08T02:13:58.075+0000] {logging_mixin.py:190} INFO - [2026-01-08T02:13:58.075+0000] {dag.py:4138} INFO - Setting next_dagrun for read_dataset_event_from_classic to 2026-01-07 00:00:00+00:00, run_after=2026-01-08 00:00:00+00:00
[2026-01-08T02:13:58.088+0000] {processor.py:208} INFO - Processing /home/airflow/.local/lib/python3.12/site-packages/airflow/example_dags/example_inlet_event_extra.py took 0.310 seconds
