[2026-01-08T01:48:20.793+0000] {processor.py:186} INFO - Started process (PID=73) to work on /home/airflow/.local/lib/python3.12/site-packages/airflow/example_dags/example_task_group.py
[2026-01-08T01:48:20.794+0000] {processor.py:914} INFO - Processing file /home/airflow/.local/lib/python3.12/site-packages/airflow/example_dags/example_task_group.py for tasks to queue
[2026-01-08T01:48:20.797+0000] {logging_mixin.py:190} INFO - [2026-01-08T01:48:20.797+0000] {dagbag.py:587} INFO - Filling up the DagBag from /home/airflow/.local/lib/python3.12/site-packages/airflow/example_dags/example_task_group.py
[2026-01-08T01:48:20.807+0000] {processor.py:925} INFO - DAG(s) 'example_task_group' retrieved from /home/airflow/.local/lib/python3.12/site-packages/airflow/example_dags/example_task_group.py
[2026-01-08T01:48:20.898+0000] {logging_mixin.py:190} INFO - [2026-01-08T01:48:20.897+0000] {override.py:1858} INFO - Created Permission View: can edit on DAG:example_task_group
[2026-01-08T01:48:20.908+0000] {logging_mixin.py:190} INFO - [2026-01-08T01:48:20.908+0000] {override.py:1858} INFO - Created Permission View: can read on DAG:example_task_group
[2026-01-08T01:48:20.915+0000] {logging_mixin.py:190} INFO - [2026-01-08T01:48:20.915+0000] {override.py:1858} INFO - Created Permission View: can delete on DAG:example_task_group
[2026-01-08T01:48:20.916+0000] {logging_mixin.py:190} INFO - [2026-01-08T01:48:20.916+0000] {dag.py:3211} INFO - Sync 1 DAGs
[2026-01-08T01:48:20.927+0000] {logging_mixin.py:190} INFO - [2026-01-08T01:48:20.927+0000] {dag.py:3234} INFO - Creating ORM DAG for example_task_group
[2026-01-08T01:48:20.934+0000] {logging_mixin.py:190} INFO - [2026-01-08T01:48:20.934+0000] {dag.py:4138} INFO - Setting next_dagrun for example_task_group to 2026-01-07 00:00:00+00:00, run_after=2026-01-08 00:00:00+00:00
[2026-01-08T01:48:20.948+0000] {processor.py:208} INFO - Processing /home/airflow/.local/lib/python3.12/site-packages/airflow/example_dags/example_task_group.py took 0.161 seconds
[2026-01-08T01:48:51.313+0000] {processor.py:186} INFO - Started process (PID=135) to work on /home/airflow/.local/lib/python3.12/site-packages/airflow/example_dags/example_task_group.py
[2026-01-08T01:48:51.314+0000] {processor.py:914} INFO - Processing file /home/airflow/.local/lib/python3.12/site-packages/airflow/example_dags/example_task_group.py for tasks to queue
[2026-01-08T01:48:51.316+0000] {logging_mixin.py:190} INFO - [2026-01-08T01:48:51.316+0000] {dagbag.py:587} INFO - Filling up the DagBag from /home/airflow/.local/lib/python3.12/site-packages/airflow/example_dags/example_task_group.py
[2026-01-08T01:48:51.323+0000] {processor.py:925} INFO - DAG(s) 'example_task_group' retrieved from /home/airflow/.local/lib/python3.12/site-packages/airflow/example_dags/example_task_group.py
[2026-01-08T01:48:51.338+0000] {logging_mixin.py:190} INFO - [2026-01-08T01:48:51.338+0000] {dag.py:3211} INFO - Sync 1 DAGs
[2026-01-08T01:48:51.354+0000] {logging_mixin.py:190} INFO - [2026-01-08T01:48:51.354+0000] {dag.py:4138} INFO - Setting next_dagrun for example_task_group to 2026-01-07 00:00:00+00:00, run_after=2026-01-08 00:00:00+00:00
[2026-01-08T01:48:51.366+0000] {processor.py:208} INFO - Processing /home/airflow/.local/lib/python3.12/site-packages/airflow/example_dags/example_task_group.py took 0.058 seconds
[2026-01-08T01:49:21.769+0000] {processor.py:186} INFO - Started process (PID=197) to work on /home/airflow/.local/lib/python3.12/site-packages/airflow/example_dags/example_task_group.py
[2026-01-08T01:49:21.770+0000] {processor.py:914} INFO - Processing file /home/airflow/.local/lib/python3.12/site-packages/airflow/example_dags/example_task_group.py for tasks to queue
[2026-01-08T01:49:21.772+0000] {logging_mixin.py:190} INFO - [2026-01-08T01:49:21.772+0000] {dagbag.py:587} INFO - Filling up the DagBag from /home/airflow/.local/lib/python3.12/site-packages/airflow/example_dags/example_task_group.py
[2026-01-08T01:49:21.779+0000] {processor.py:925} INFO - DAG(s) 'example_task_group' retrieved from /home/airflow/.local/lib/python3.12/site-packages/airflow/example_dags/example_task_group.py
[2026-01-08T01:49:21.795+0000] {logging_mixin.py:190} INFO - [2026-01-08T01:49:21.795+0000] {dag.py:3211} INFO - Sync 1 DAGs
[2026-01-08T01:49:21.810+0000] {logging_mixin.py:190} INFO - [2026-01-08T01:49:21.810+0000] {dag.py:4138} INFO - Setting next_dagrun for example_task_group to 2026-01-07 00:00:00+00:00, run_after=2026-01-08 00:00:00+00:00
[2026-01-08T01:49:21.826+0000] {processor.py:208} INFO - Processing /home/airflow/.local/lib/python3.12/site-packages/airflow/example_dags/example_task_group.py took 0.061 seconds
[2026-01-08T01:49:52.230+0000] {processor.py:186} INFO - Started process (PID=259) to work on /home/airflow/.local/lib/python3.12/site-packages/airflow/example_dags/example_task_group.py
[2026-01-08T01:49:52.231+0000] {processor.py:914} INFO - Processing file /home/airflow/.local/lib/python3.12/site-packages/airflow/example_dags/example_task_group.py for tasks to queue
[2026-01-08T01:49:52.233+0000] {logging_mixin.py:190} INFO - [2026-01-08T01:49:52.233+0000] {dagbag.py:587} INFO - Filling up the DagBag from /home/airflow/.local/lib/python3.12/site-packages/airflow/example_dags/example_task_group.py
[2026-01-08T01:49:52.241+0000] {processor.py:925} INFO - DAG(s) 'example_task_group' retrieved from /home/airflow/.local/lib/python3.12/site-packages/airflow/example_dags/example_task_group.py
[2026-01-08T01:49:52.257+0000] {logging_mixin.py:190} INFO - [2026-01-08T01:49:52.256+0000] {dag.py:3211} INFO - Sync 1 DAGs
[2026-01-08T01:49:52.272+0000] {logging_mixin.py:190} INFO - [2026-01-08T01:49:52.272+0000] {dag.py:4138} INFO - Setting next_dagrun for example_task_group to 2026-01-07 00:00:00+00:00, run_after=2026-01-08 00:00:00+00:00
[2026-01-08T01:49:52.287+0000] {processor.py:208} INFO - Processing /home/airflow/.local/lib/python3.12/site-packages/airflow/example_dags/example_task_group.py took 0.062 seconds
[2026-01-08T01:50:22.744+0000] {processor.py:186} INFO - Started process (PID=321) to work on /home/airflow/.local/lib/python3.12/site-packages/airflow/example_dags/example_task_group.py
[2026-01-08T01:50:22.746+0000] {processor.py:914} INFO - Processing file /home/airflow/.local/lib/python3.12/site-packages/airflow/example_dags/example_task_group.py for tasks to queue
[2026-01-08T01:50:22.748+0000] {logging_mixin.py:190} INFO - [2026-01-08T01:50:22.748+0000] {dagbag.py:587} INFO - Filling up the DagBag from /home/airflow/.local/lib/python3.12/site-packages/airflow/example_dags/example_task_group.py
[2026-01-08T01:50:22.756+0000] {processor.py:925} INFO - DAG(s) 'example_task_group' retrieved from /home/airflow/.local/lib/python3.12/site-packages/airflow/example_dags/example_task_group.py
[2026-01-08T01:50:22.773+0000] {logging_mixin.py:190} INFO - [2026-01-08T01:50:22.773+0000] {dag.py:3211} INFO - Sync 1 DAGs
[2026-01-08T01:50:22.790+0000] {logging_mixin.py:190} INFO - [2026-01-08T01:50:22.789+0000] {dag.py:4138} INFO - Setting next_dagrun for example_task_group to 2026-01-07 00:00:00+00:00, run_after=2026-01-08 00:00:00+00:00
[2026-01-08T01:50:22.806+0000] {processor.py:208} INFO - Processing /home/airflow/.local/lib/python3.12/site-packages/airflow/example_dags/example_task_group.py took 0.066 seconds
[2026-01-08T01:50:53.135+0000] {processor.py:186} INFO - Started process (PID=383) to work on /home/airflow/.local/lib/python3.12/site-packages/airflow/example_dags/example_task_group.py
[2026-01-08T01:50:53.136+0000] {processor.py:914} INFO - Processing file /home/airflow/.local/lib/python3.12/site-packages/airflow/example_dags/example_task_group.py for tasks to queue
[2026-01-08T01:50:53.138+0000] {logging_mixin.py:190} INFO - [2026-01-08T01:50:53.138+0000] {dagbag.py:587} INFO - Filling up the DagBag from /home/airflow/.local/lib/python3.12/site-packages/airflow/example_dags/example_task_group.py
[2026-01-08T01:50:53.145+0000] {processor.py:925} INFO - DAG(s) 'example_task_group' retrieved from /home/airflow/.local/lib/python3.12/site-packages/airflow/example_dags/example_task_group.py
[2026-01-08T01:50:53.160+0000] {logging_mixin.py:190} INFO - [2026-01-08T01:50:53.160+0000] {dag.py:3211} INFO - Sync 1 DAGs
[2026-01-08T01:50:53.176+0000] {logging_mixin.py:190} INFO - [2026-01-08T01:50:53.176+0000] {dag.py:4138} INFO - Setting next_dagrun for example_task_group to 2026-01-07 00:00:00+00:00, run_after=2026-01-08 00:00:00+00:00
[2026-01-08T01:50:53.190+0000] {processor.py:208} INFO - Processing /home/airflow/.local/lib/python3.12/site-packages/airflow/example_dags/example_task_group.py took 0.059 seconds
[2026-01-08T01:51:23.707+0000] {processor.py:186} INFO - Started process (PID=445) to work on /home/airflow/.local/lib/python3.12/site-packages/airflow/example_dags/example_task_group.py
[2026-01-08T01:51:23.709+0000] {processor.py:914} INFO - Processing file /home/airflow/.local/lib/python3.12/site-packages/airflow/example_dags/example_task_group.py for tasks to queue
[2026-01-08T01:51:23.711+0000] {logging_mixin.py:190} INFO - [2026-01-08T01:51:23.711+0000] {dagbag.py:587} INFO - Filling up the DagBag from /home/airflow/.local/lib/python3.12/site-packages/airflow/example_dags/example_task_group.py
[2026-01-08T01:51:23.718+0000] {processor.py:925} INFO - DAG(s) 'example_task_group' retrieved from /home/airflow/.local/lib/python3.12/site-packages/airflow/example_dags/example_task_group.py
[2026-01-08T01:51:23.735+0000] {logging_mixin.py:190} INFO - [2026-01-08T01:51:23.735+0000] {dag.py:3211} INFO - Sync 1 DAGs
[2026-01-08T01:51:23.752+0000] {logging_mixin.py:190} INFO - [2026-01-08T01:51:23.752+0000] {dag.py:4138} INFO - Setting next_dagrun for example_task_group to 2026-01-07 00:00:00+00:00, run_after=2026-01-08 00:00:00+00:00
[2026-01-08T01:51:23.766+0000] {processor.py:208} INFO - Processing /home/airflow/.local/lib/python3.12/site-packages/airflow/example_dags/example_task_group.py took 0.063 seconds
[2026-01-08T01:51:54.337+0000] {processor.py:186} INFO - Started process (PID=507) to work on /home/airflow/.local/lib/python3.12/site-packages/airflow/example_dags/example_task_group.py
[2026-01-08T01:51:54.338+0000] {processor.py:914} INFO - Processing file /home/airflow/.local/lib/python3.12/site-packages/airflow/example_dags/example_task_group.py for tasks to queue
[2026-01-08T01:51:54.341+0000] {logging_mixin.py:190} INFO - [2026-01-08T01:51:54.341+0000] {dagbag.py:587} INFO - Filling up the DagBag from /home/airflow/.local/lib/python3.12/site-packages/airflow/example_dags/example_task_group.py
[2026-01-08T01:51:54.349+0000] {processor.py:925} INFO - DAG(s) 'example_task_group' retrieved from /home/airflow/.local/lib/python3.12/site-packages/airflow/example_dags/example_task_group.py
[2026-01-08T01:51:54.366+0000] {logging_mixin.py:190} INFO - [2026-01-08T01:51:54.366+0000] {dag.py:3211} INFO - Sync 1 DAGs
[2026-01-08T01:51:54.383+0000] {logging_mixin.py:190} INFO - [2026-01-08T01:51:54.383+0000] {dag.py:4138} INFO - Setting next_dagrun for example_task_group to 2026-01-07 00:00:00+00:00, run_after=2026-01-08 00:00:00+00:00
[2026-01-08T01:51:54.398+0000] {processor.py:208} INFO - Processing /home/airflow/.local/lib/python3.12/site-packages/airflow/example_dags/example_task_group.py took 0.066 seconds
[2026-01-08T01:52:24.894+0000] {processor.py:186} INFO - Started process (PID=576) to work on /home/airflow/.local/lib/python3.12/site-packages/airflow/example_dags/example_task_group.py
[2026-01-08T01:52:24.895+0000] {processor.py:914} INFO - Processing file /home/airflow/.local/lib/python3.12/site-packages/airflow/example_dags/example_task_group.py for tasks to queue
[2026-01-08T01:52:24.898+0000] {logging_mixin.py:190} INFO - [2026-01-08T01:52:24.898+0000] {dagbag.py:587} INFO - Filling up the DagBag from /home/airflow/.local/lib/python3.12/site-packages/airflow/example_dags/example_task_group.py
[2026-01-08T01:52:24.905+0000] {processor.py:925} INFO - DAG(s) 'example_task_group' retrieved from /home/airflow/.local/lib/python3.12/site-packages/airflow/example_dags/example_task_group.py
[2026-01-08T01:52:24.923+0000] {logging_mixin.py:190} INFO - [2026-01-08T01:52:24.923+0000] {dag.py:3211} INFO - Sync 1 DAGs
[2026-01-08T01:52:24.939+0000] {logging_mixin.py:190} INFO - [2026-01-08T01:52:24.939+0000] {dag.py:4138} INFO - Setting next_dagrun for example_task_group to 2026-01-07 00:00:00+00:00, run_after=2026-01-08 00:00:00+00:00
[2026-01-08T01:52:24.954+0000] {processor.py:208} INFO - Processing /home/airflow/.local/lib/python3.12/site-packages/airflow/example_dags/example_task_group.py took 0.064 seconds
[2026-01-08T01:52:56.068+0000] {processor.py:186} INFO - Started process (PID=638) to work on /home/airflow/.local/lib/python3.12/site-packages/airflow/example_dags/example_task_group.py
[2026-01-08T01:52:56.070+0000] {processor.py:914} INFO - Processing file /home/airflow/.local/lib/python3.12/site-packages/airflow/example_dags/example_task_group.py for tasks to queue
[2026-01-08T01:52:56.072+0000] {logging_mixin.py:190} INFO - [2026-01-08T01:52:56.072+0000] {dagbag.py:587} INFO - Filling up the DagBag from /home/airflow/.local/lib/python3.12/site-packages/airflow/example_dags/example_task_group.py
[2026-01-08T01:52:56.079+0000] {processor.py:925} INFO - DAG(s) 'example_task_group' retrieved from /home/airflow/.local/lib/python3.12/site-packages/airflow/example_dags/example_task_group.py
[2026-01-08T01:52:56.095+0000] {logging_mixin.py:190} INFO - [2026-01-08T01:52:56.095+0000] {dag.py:3211} INFO - Sync 1 DAGs
[2026-01-08T01:52:56.113+0000] {logging_mixin.py:190} INFO - [2026-01-08T01:52:56.113+0000] {dag.py:4138} INFO - Setting next_dagrun for example_task_group to 2026-01-07 00:00:00+00:00, run_after=2026-01-08 00:00:00+00:00
[2026-01-08T01:52:56.127+0000] {processor.py:208} INFO - Processing /home/airflow/.local/lib/python3.12/site-packages/airflow/example_dags/example_task_group.py took 0.063 seconds
[2026-01-08T01:53:26.545+0000] {processor.py:186} INFO - Started process (PID=700) to work on /home/airflow/.local/lib/python3.12/site-packages/airflow/example_dags/example_task_group.py
[2026-01-08T01:53:26.546+0000] {processor.py:914} INFO - Processing file /home/airflow/.local/lib/python3.12/site-packages/airflow/example_dags/example_task_group.py for tasks to queue
[2026-01-08T01:53:26.549+0000] {logging_mixin.py:190} INFO - [2026-01-08T01:53:26.549+0000] {dagbag.py:587} INFO - Filling up the DagBag from /home/airflow/.local/lib/python3.12/site-packages/airflow/example_dags/example_task_group.py
[2026-01-08T01:53:26.556+0000] {processor.py:925} INFO - DAG(s) 'example_task_group' retrieved from /home/airflow/.local/lib/python3.12/site-packages/airflow/example_dags/example_task_group.py
[2026-01-08T01:53:26.573+0000] {logging_mixin.py:190} INFO - [2026-01-08T01:53:26.573+0000] {dag.py:3211} INFO - Sync 1 DAGs
[2026-01-08T01:53:26.589+0000] {logging_mixin.py:190} INFO - [2026-01-08T01:53:26.589+0000] {dag.py:4138} INFO - Setting next_dagrun for example_task_group to 2026-01-07 00:00:00+00:00, run_after=2026-01-08 00:00:00+00:00
[2026-01-08T01:53:26.603+0000] {processor.py:208} INFO - Processing /home/airflow/.local/lib/python3.12/site-packages/airflow/example_dags/example_task_group.py took 0.062 seconds
[2026-01-08T01:53:57.197+0000] {processor.py:186} INFO - Started process (PID=762) to work on /home/airflow/.local/lib/python3.12/site-packages/airflow/example_dags/example_task_group.py
[2026-01-08T01:53:57.199+0000] {processor.py:914} INFO - Processing file /home/airflow/.local/lib/python3.12/site-packages/airflow/example_dags/example_task_group.py for tasks to queue
[2026-01-08T01:53:57.201+0000] {logging_mixin.py:190} INFO - [2026-01-08T01:53:57.201+0000] {dagbag.py:587} INFO - Filling up the DagBag from /home/airflow/.local/lib/python3.12/site-packages/airflow/example_dags/example_task_group.py
[2026-01-08T01:53:57.208+0000] {processor.py:925} INFO - DAG(s) 'example_task_group' retrieved from /home/airflow/.local/lib/python3.12/site-packages/airflow/example_dags/example_task_group.py
[2026-01-08T01:53:57.224+0000] {logging_mixin.py:190} INFO - [2026-01-08T01:53:57.224+0000] {dag.py:3211} INFO - Sync 1 DAGs
[2026-01-08T01:53:57.239+0000] {logging_mixin.py:190} INFO - [2026-01-08T01:53:57.239+0000] {dag.py:4138} INFO - Setting next_dagrun for example_task_group to 2026-01-07 00:00:00+00:00, run_after=2026-01-08 00:00:00+00:00
[2026-01-08T01:53:57.252+0000] {processor.py:208} INFO - Processing /home/airflow/.local/lib/python3.12/site-packages/airflow/example_dags/example_task_group.py took 0.060 seconds
[2026-01-08T01:54:27.624+0000] {processor.py:186} INFO - Started process (PID=824) to work on /home/airflow/.local/lib/python3.12/site-packages/airflow/example_dags/example_task_group.py
[2026-01-08T01:54:27.625+0000] {processor.py:914} INFO - Processing file /home/airflow/.local/lib/python3.12/site-packages/airflow/example_dags/example_task_group.py for tasks to queue
[2026-01-08T01:54:27.627+0000] {logging_mixin.py:190} INFO - [2026-01-08T01:54:27.627+0000] {dagbag.py:587} INFO - Filling up the DagBag from /home/airflow/.local/lib/python3.12/site-packages/airflow/example_dags/example_task_group.py
[2026-01-08T01:54:27.634+0000] {processor.py:925} INFO - DAG(s) 'example_task_group' retrieved from /home/airflow/.local/lib/python3.12/site-packages/airflow/example_dags/example_task_group.py
[2026-01-08T01:54:27.652+0000] {logging_mixin.py:190} INFO - [2026-01-08T01:54:27.651+0000] {dag.py:3211} INFO - Sync 1 DAGs
[2026-01-08T01:54:27.668+0000] {logging_mixin.py:190} INFO - [2026-01-08T01:54:27.668+0000] {dag.py:4138} INFO - Setting next_dagrun for example_task_group to 2026-01-07 00:00:00+00:00, run_after=2026-01-08 00:00:00+00:00
[2026-01-08T01:54:27.685+0000] {processor.py:208} INFO - Processing /home/airflow/.local/lib/python3.12/site-packages/airflow/example_dags/example_task_group.py took 0.066 seconds
[2026-01-08T01:54:58.317+0000] {processor.py:186} INFO - Started process (PID=886) to work on /home/airflow/.local/lib/python3.12/site-packages/airflow/example_dags/example_task_group.py
[2026-01-08T01:54:58.319+0000] {processor.py:914} INFO - Processing file /home/airflow/.local/lib/python3.12/site-packages/airflow/example_dags/example_task_group.py for tasks to queue
[2026-01-08T01:54:58.321+0000] {logging_mixin.py:190} INFO - [2026-01-08T01:54:58.321+0000] {dagbag.py:587} INFO - Filling up the DagBag from /home/airflow/.local/lib/python3.12/site-packages/airflow/example_dags/example_task_group.py
[2026-01-08T01:54:58.328+0000] {processor.py:925} INFO - DAG(s) 'example_task_group' retrieved from /home/airflow/.local/lib/python3.12/site-packages/airflow/example_dags/example_task_group.py
[2026-01-08T01:54:58.346+0000] {logging_mixin.py:190} INFO - [2026-01-08T01:54:58.345+0000] {dag.py:3211} INFO - Sync 1 DAGs
[2026-01-08T01:54:58.362+0000] {logging_mixin.py:190} INFO - [2026-01-08T01:54:58.362+0000] {dag.py:4138} INFO - Setting next_dagrun for example_task_group to 2026-01-07 00:00:00+00:00, run_after=2026-01-08 00:00:00+00:00
[2026-01-08T01:54:58.375+0000] {processor.py:208} INFO - Processing /home/airflow/.local/lib/python3.12/site-packages/airflow/example_dags/example_task_group.py took 0.063 seconds
[2026-01-08T01:55:28.629+0000] {processor.py:186} INFO - Started process (PID=948) to work on /home/airflow/.local/lib/python3.12/site-packages/airflow/example_dags/example_task_group.py
[2026-01-08T01:55:28.631+0000] {processor.py:914} INFO - Processing file /home/airflow/.local/lib/python3.12/site-packages/airflow/example_dags/example_task_group.py for tasks to queue
[2026-01-08T01:55:28.633+0000] {logging_mixin.py:190} INFO - [2026-01-08T01:55:28.633+0000] {dagbag.py:587} INFO - Filling up the DagBag from /home/airflow/.local/lib/python3.12/site-packages/airflow/example_dags/example_task_group.py
[2026-01-08T01:55:28.640+0000] {processor.py:925} INFO - DAG(s) 'example_task_group' retrieved from /home/airflow/.local/lib/python3.12/site-packages/airflow/example_dags/example_task_group.py
[2026-01-08T01:55:28.658+0000] {logging_mixin.py:190} INFO - [2026-01-08T01:55:28.658+0000] {dag.py:3211} INFO - Sync 1 DAGs
[2026-01-08T01:55:28.673+0000] {logging_mixin.py:190} INFO - [2026-01-08T01:55:28.673+0000] {dag.py:4138} INFO - Setting next_dagrun for example_task_group to 2026-01-07 00:00:00+00:00, run_after=2026-01-08 00:00:00+00:00
[2026-01-08T01:55:28.687+0000] {processor.py:208} INFO - Processing /home/airflow/.local/lib/python3.12/site-packages/airflow/example_dags/example_task_group.py took 0.062 seconds
[2026-01-08T01:55:59.393+0000] {processor.py:186} INFO - Started process (PID=1010) to work on /home/airflow/.local/lib/python3.12/site-packages/airflow/example_dags/example_task_group.py
[2026-01-08T01:55:59.395+0000] {processor.py:914} INFO - Processing file /home/airflow/.local/lib/python3.12/site-packages/airflow/example_dags/example_task_group.py for tasks to queue
[2026-01-08T01:55:59.397+0000] {logging_mixin.py:190} INFO - [2026-01-08T01:55:59.397+0000] {dagbag.py:587} INFO - Filling up the DagBag from /home/airflow/.local/lib/python3.12/site-packages/airflow/example_dags/example_task_group.py
[2026-01-08T01:55:59.405+0000] {processor.py:925} INFO - DAG(s) 'example_task_group' retrieved from /home/airflow/.local/lib/python3.12/site-packages/airflow/example_dags/example_task_group.py
[2026-01-08T01:55:59.421+0000] {logging_mixin.py:190} INFO - [2026-01-08T01:55:59.420+0000] {dag.py:3211} INFO - Sync 1 DAGs
[2026-01-08T01:55:59.436+0000] {logging_mixin.py:190} INFO - [2026-01-08T01:55:59.436+0000] {dag.py:4138} INFO - Setting next_dagrun for example_task_group to 2026-01-07 00:00:00+00:00, run_after=2026-01-08 00:00:00+00:00
[2026-01-08T01:55:59.449+0000] {processor.py:208} INFO - Processing /home/airflow/.local/lib/python3.12/site-packages/airflow/example_dags/example_task_group.py took 0.061 seconds
[2026-01-08T01:56:30.062+0000] {processor.py:186} INFO - Started process (PID=1072) to work on /home/airflow/.local/lib/python3.12/site-packages/airflow/example_dags/example_task_group.py
[2026-01-08T01:56:30.064+0000] {processor.py:914} INFO - Processing file /home/airflow/.local/lib/python3.12/site-packages/airflow/example_dags/example_task_group.py for tasks to queue
[2026-01-08T01:56:30.066+0000] {logging_mixin.py:190} INFO - [2026-01-08T01:56:30.066+0000] {dagbag.py:587} INFO - Filling up the DagBag from /home/airflow/.local/lib/python3.12/site-packages/airflow/example_dags/example_task_group.py
[2026-01-08T01:56:30.072+0000] {processor.py:925} INFO - DAG(s) 'example_task_group' retrieved from /home/airflow/.local/lib/python3.12/site-packages/airflow/example_dags/example_task_group.py
[2026-01-08T01:56:30.089+0000] {logging_mixin.py:190} INFO - [2026-01-08T01:56:30.089+0000] {dag.py:3211} INFO - Sync 1 DAGs
[2026-01-08T01:56:30.106+0000] {logging_mixin.py:190} INFO - [2026-01-08T01:56:30.106+0000] {dag.py:4138} INFO - Setting next_dagrun for example_task_group to 2026-01-07 00:00:00+00:00, run_after=2026-01-08 00:00:00+00:00
[2026-01-08T01:56:30.121+0000] {processor.py:208} INFO - Processing /home/airflow/.local/lib/python3.12/site-packages/airflow/example_dags/example_task_group.py took 0.063 seconds
[2026-01-08T01:57:00.425+0000] {processor.py:186} INFO - Started process (PID=1134) to work on /home/airflow/.local/lib/python3.12/site-packages/airflow/example_dags/example_task_group.py
[2026-01-08T01:57:00.427+0000] {processor.py:914} INFO - Processing file /home/airflow/.local/lib/python3.12/site-packages/airflow/example_dags/example_task_group.py for tasks to queue
[2026-01-08T01:57:00.429+0000] {logging_mixin.py:190} INFO - [2026-01-08T01:57:00.429+0000] {dagbag.py:587} INFO - Filling up the DagBag from /home/airflow/.local/lib/python3.12/site-packages/airflow/example_dags/example_task_group.py
[2026-01-08T01:57:00.437+0000] {processor.py:925} INFO - DAG(s) 'example_task_group' retrieved from /home/airflow/.local/lib/python3.12/site-packages/airflow/example_dags/example_task_group.py
[2026-01-08T01:57:00.455+0000] {logging_mixin.py:190} INFO - [2026-01-08T01:57:00.455+0000] {dag.py:3211} INFO - Sync 1 DAGs
[2026-01-08T01:57:00.472+0000] {logging_mixin.py:190} INFO - [2026-01-08T01:57:00.472+0000] {dag.py:4138} INFO - Setting next_dagrun for example_task_group to 2026-01-07 00:00:00+00:00, run_after=2026-01-08 00:00:00+00:00
[2026-01-08T01:57:00.487+0000] {processor.py:208} INFO - Processing /home/airflow/.local/lib/python3.12/site-packages/airflow/example_dags/example_task_group.py took 0.067 seconds
[2026-01-08T01:57:30.774+0000] {processor.py:186} INFO - Started process (PID=1196) to work on /home/airflow/.local/lib/python3.12/site-packages/airflow/example_dags/example_task_group.py
[2026-01-08T01:57:30.775+0000] {processor.py:914} INFO - Processing file /home/airflow/.local/lib/python3.12/site-packages/airflow/example_dags/example_task_group.py for tasks to queue
[2026-01-08T01:57:30.777+0000] {logging_mixin.py:190} INFO - [2026-01-08T01:57:30.777+0000] {dagbag.py:587} INFO - Filling up the DagBag from /home/airflow/.local/lib/python3.12/site-packages/airflow/example_dags/example_task_group.py
[2026-01-08T01:57:30.784+0000] {processor.py:925} INFO - DAG(s) 'example_task_group' retrieved from /home/airflow/.local/lib/python3.12/site-packages/airflow/example_dags/example_task_group.py
[2026-01-08T01:57:30.800+0000] {logging_mixin.py:190} INFO - [2026-01-08T01:57:30.800+0000] {dag.py:3211} INFO - Sync 1 DAGs
[2026-01-08T01:57:30.816+0000] {logging_mixin.py:190} INFO - [2026-01-08T01:57:30.815+0000] {dag.py:4138} INFO - Setting next_dagrun for example_task_group to 2026-01-07 00:00:00+00:00, run_after=2026-01-08 00:00:00+00:00
[2026-01-08T01:57:30.830+0000] {processor.py:208} INFO - Processing /home/airflow/.local/lib/python3.12/site-packages/airflow/example_dags/example_task_group.py took 0.061 seconds
[2026-01-08T01:58:01.354+0000] {processor.py:186} INFO - Started process (PID=1258) to work on /home/airflow/.local/lib/python3.12/site-packages/airflow/example_dags/example_task_group.py
[2026-01-08T01:58:01.355+0000] {processor.py:914} INFO - Processing file /home/airflow/.local/lib/python3.12/site-packages/airflow/example_dags/example_task_group.py for tasks to queue
[2026-01-08T01:58:01.358+0000] {logging_mixin.py:190} INFO - [2026-01-08T01:58:01.357+0000] {dagbag.py:587} INFO - Filling up the DagBag from /home/airflow/.local/lib/python3.12/site-packages/airflow/example_dags/example_task_group.py
[2026-01-08T01:58:01.364+0000] {processor.py:925} INFO - DAG(s) 'example_task_group' retrieved from /home/airflow/.local/lib/python3.12/site-packages/airflow/example_dags/example_task_group.py
[2026-01-08T01:58:01.381+0000] {logging_mixin.py:190} INFO - [2026-01-08T01:58:01.381+0000] {dag.py:3211} INFO - Sync 1 DAGs
[2026-01-08T01:58:01.396+0000] {logging_mixin.py:190} INFO - [2026-01-08T01:58:01.396+0000] {dag.py:4138} INFO - Setting next_dagrun for example_task_group to 2026-01-07 00:00:00+00:00, run_after=2026-01-08 00:00:00+00:00
[2026-01-08T01:58:01.411+0000] {processor.py:208} INFO - Processing /home/airflow/.local/lib/python3.12/site-packages/airflow/example_dags/example_task_group.py took 0.062 seconds
[2026-01-08T01:58:31.963+0000] {processor.py:186} INFO - Started process (PID=1321) to work on /home/airflow/.local/lib/python3.12/site-packages/airflow/example_dags/example_task_group.py
[2026-01-08T01:58:31.964+0000] {processor.py:914} INFO - Processing file /home/airflow/.local/lib/python3.12/site-packages/airflow/example_dags/example_task_group.py for tasks to queue
[2026-01-08T01:58:31.966+0000] {logging_mixin.py:190} INFO - [2026-01-08T01:58:31.966+0000] {dagbag.py:587} INFO - Filling up the DagBag from /home/airflow/.local/lib/python3.12/site-packages/airflow/example_dags/example_task_group.py
[2026-01-08T01:58:31.973+0000] {processor.py:925} INFO - DAG(s) 'example_task_group' retrieved from /home/airflow/.local/lib/python3.12/site-packages/airflow/example_dags/example_task_group.py
[2026-01-08T01:58:31.992+0000] {logging_mixin.py:190} INFO - [2026-01-08T01:58:31.992+0000] {dag.py:3211} INFO - Sync 1 DAGs
[2026-01-08T01:58:32.011+0000] {logging_mixin.py:190} INFO - [2026-01-08T01:58:32.010+0000] {dag.py:4138} INFO - Setting next_dagrun for example_task_group to 2026-01-07 00:00:00+00:00, run_after=2026-01-08 00:00:00+00:00
[2026-01-08T01:58:32.028+0000] {processor.py:208} INFO - Processing /home/airflow/.local/lib/python3.12/site-packages/airflow/example_dags/example_task_group.py took 0.071 seconds
[2026-01-08T01:59:02.238+0000] {processor.py:186} INFO - Started process (PID=1384) to work on /home/airflow/.local/lib/python3.12/site-packages/airflow/example_dags/example_task_group.py
[2026-01-08T01:59:02.239+0000] {processor.py:914} INFO - Processing file /home/airflow/.local/lib/python3.12/site-packages/airflow/example_dags/example_task_group.py for tasks to queue
[2026-01-08T01:59:02.241+0000] {logging_mixin.py:190} INFO - [2026-01-08T01:59:02.241+0000] {dagbag.py:587} INFO - Filling up the DagBag from /home/airflow/.local/lib/python3.12/site-packages/airflow/example_dags/example_task_group.py
[2026-01-08T01:59:02.249+0000] {processor.py:925} INFO - DAG(s) 'example_task_group' retrieved from /home/airflow/.local/lib/python3.12/site-packages/airflow/example_dags/example_task_group.py
[2026-01-08T01:59:02.266+0000] {logging_mixin.py:190} INFO - [2026-01-08T01:59:02.266+0000] {dag.py:3211} INFO - Sync 1 DAGs
[2026-01-08T01:59:02.282+0000] {logging_mixin.py:190} INFO - [2026-01-08T01:59:02.282+0000] {dag.py:4138} INFO - Setting next_dagrun for example_task_group to 2026-01-07 00:00:00+00:00, run_after=2026-01-08 00:00:00+00:00
[2026-01-08T01:59:02.296+0000] {processor.py:208} INFO - Processing /home/airflow/.local/lib/python3.12/site-packages/airflow/example_dags/example_task_group.py took 0.063 seconds
[2026-01-08T01:59:32.616+0000] {processor.py:186} INFO - Started process (PID=1447) to work on /home/airflow/.local/lib/python3.12/site-packages/airflow/example_dags/example_task_group.py
[2026-01-08T01:59:32.617+0000] {processor.py:914} INFO - Processing file /home/airflow/.local/lib/python3.12/site-packages/airflow/example_dags/example_task_group.py for tasks to queue
[2026-01-08T01:59:32.619+0000] {logging_mixin.py:190} INFO - [2026-01-08T01:59:32.619+0000] {dagbag.py:587} INFO - Filling up the DagBag from /home/airflow/.local/lib/python3.12/site-packages/airflow/example_dags/example_task_group.py
[2026-01-08T01:59:32.626+0000] {processor.py:925} INFO - DAG(s) 'example_task_group' retrieved from /home/airflow/.local/lib/python3.12/site-packages/airflow/example_dags/example_task_group.py
[2026-01-08T01:59:32.645+0000] {logging_mixin.py:190} INFO - [2026-01-08T01:59:32.644+0000] {dag.py:3211} INFO - Sync 1 DAGs
[2026-01-08T01:59:32.662+0000] {logging_mixin.py:190} INFO - [2026-01-08T01:59:32.662+0000] {dag.py:4138} INFO - Setting next_dagrun for example_task_group to 2026-01-07 00:00:00+00:00, run_after=2026-01-08 00:00:00+00:00
[2026-01-08T01:59:32.677+0000] {processor.py:208} INFO - Processing /home/airflow/.local/lib/python3.12/site-packages/airflow/example_dags/example_task_group.py took 0.065 seconds
[2026-01-08T02:00:03.041+0000] {processor.py:186} INFO - Started process (PID=1510) to work on /home/airflow/.local/lib/python3.12/site-packages/airflow/example_dags/example_task_group.py
[2026-01-08T02:00:03.043+0000] {processor.py:914} INFO - Processing file /home/airflow/.local/lib/python3.12/site-packages/airflow/example_dags/example_task_group.py for tasks to queue
[2026-01-08T02:00:03.045+0000] {logging_mixin.py:190} INFO - [2026-01-08T02:00:03.045+0000] {dagbag.py:587} INFO - Filling up the DagBag from /home/airflow/.local/lib/python3.12/site-packages/airflow/example_dags/example_task_group.py
[2026-01-08T02:00:03.053+0000] {processor.py:925} INFO - DAG(s) 'example_task_group' retrieved from /home/airflow/.local/lib/python3.12/site-packages/airflow/example_dags/example_task_group.py
[2026-01-08T02:00:03.071+0000] {logging_mixin.py:190} INFO - [2026-01-08T02:00:03.071+0000] {dag.py:3211} INFO - Sync 1 DAGs
[2026-01-08T02:00:03.087+0000] {logging_mixin.py:190} INFO - [2026-01-08T02:00:03.087+0000] {dag.py:4138} INFO - Setting next_dagrun for example_task_group to 2026-01-07 00:00:00+00:00, run_after=2026-01-08 00:00:00+00:00
[2026-01-08T02:00:03.101+0000] {processor.py:208} INFO - Processing /home/airflow/.local/lib/python3.12/site-packages/airflow/example_dags/example_task_group.py took 0.064 seconds
[2026-01-08T02:00:33.770+0000] {processor.py:186} INFO - Started process (PID=1573) to work on /home/airflow/.local/lib/python3.12/site-packages/airflow/example_dags/example_task_group.py
[2026-01-08T02:00:33.772+0000] {processor.py:914} INFO - Processing file /home/airflow/.local/lib/python3.12/site-packages/airflow/example_dags/example_task_group.py for tasks to queue
[2026-01-08T02:00:33.774+0000] {logging_mixin.py:190} INFO - [2026-01-08T02:00:33.774+0000] {dagbag.py:587} INFO - Filling up the DagBag from /home/airflow/.local/lib/python3.12/site-packages/airflow/example_dags/example_task_group.py
[2026-01-08T02:00:33.782+0000] {processor.py:925} INFO - DAG(s) 'example_task_group' retrieved from /home/airflow/.local/lib/python3.12/site-packages/airflow/example_dags/example_task_group.py
[2026-01-08T02:00:33.798+0000] {logging_mixin.py:190} INFO - [2026-01-08T02:00:33.798+0000] {dag.py:3211} INFO - Sync 1 DAGs
[2026-01-08T02:00:33.815+0000] {logging_mixin.py:190} INFO - [2026-01-08T02:00:33.815+0000] {dag.py:4138} INFO - Setting next_dagrun for example_task_group to 2026-01-07 00:00:00+00:00, run_after=2026-01-08 00:00:00+00:00
[2026-01-08T02:00:33.830+0000] {processor.py:208} INFO - Processing /home/airflow/.local/lib/python3.12/site-packages/airflow/example_dags/example_task_group.py took 0.064 seconds
[2026-01-08T02:01:04.344+0000] {processor.py:186} INFO - Started process (PID=1636) to work on /home/airflow/.local/lib/python3.12/site-packages/airflow/example_dags/example_task_group.py
[2026-01-08T02:01:04.345+0000] {processor.py:914} INFO - Processing file /home/airflow/.local/lib/python3.12/site-packages/airflow/example_dags/example_task_group.py for tasks to queue
[2026-01-08T02:01:04.347+0000] {logging_mixin.py:190} INFO - [2026-01-08T02:01:04.347+0000] {dagbag.py:587} INFO - Filling up the DagBag from /home/airflow/.local/lib/python3.12/site-packages/airflow/example_dags/example_task_group.py
[2026-01-08T02:01:04.355+0000] {processor.py:925} INFO - DAG(s) 'example_task_group' retrieved from /home/airflow/.local/lib/python3.12/site-packages/airflow/example_dags/example_task_group.py
[2026-01-08T02:01:04.374+0000] {logging_mixin.py:190} INFO - [2026-01-08T02:01:04.374+0000] {dag.py:3211} INFO - Sync 1 DAGs
[2026-01-08T02:01:04.393+0000] {logging_mixin.py:190} INFO - [2026-01-08T02:01:04.393+0000] {dag.py:4138} INFO - Setting next_dagrun for example_task_group to 2026-01-07 00:00:00+00:00, run_after=2026-01-08 00:00:00+00:00
[2026-01-08T02:01:04.411+0000] {processor.py:208} INFO - Processing /home/airflow/.local/lib/python3.12/site-packages/airflow/example_dags/example_task_group.py took 0.072 seconds
[2026-01-08T02:01:34.795+0000] {processor.py:186} INFO - Started process (PID=1699) to work on /home/airflow/.local/lib/python3.12/site-packages/airflow/example_dags/example_task_group.py
[2026-01-08T02:01:34.797+0000] {processor.py:914} INFO - Processing file /home/airflow/.local/lib/python3.12/site-packages/airflow/example_dags/example_task_group.py for tasks to queue
[2026-01-08T02:01:34.799+0000] {logging_mixin.py:190} INFO - [2026-01-08T02:01:34.799+0000] {dagbag.py:587} INFO - Filling up the DagBag from /home/airflow/.local/lib/python3.12/site-packages/airflow/example_dags/example_task_group.py
[2026-01-08T02:01:34.807+0000] {processor.py:925} INFO - DAG(s) 'example_task_group' retrieved from /home/airflow/.local/lib/python3.12/site-packages/airflow/example_dags/example_task_group.py
[2026-01-08T02:01:34.823+0000] {logging_mixin.py:190} INFO - [2026-01-08T02:01:34.823+0000] {dag.py:3211} INFO - Sync 1 DAGs
[2026-01-08T02:01:34.840+0000] {logging_mixin.py:190} INFO - [2026-01-08T02:01:34.840+0000] {dag.py:4138} INFO - Setting next_dagrun for example_task_group to 2026-01-07 00:00:00+00:00, run_after=2026-01-08 00:00:00+00:00
[2026-01-08T02:01:34.854+0000] {processor.py:208} INFO - Processing /home/airflow/.local/lib/python3.12/site-packages/airflow/example_dags/example_task_group.py took 0.064 seconds
[2026-01-08T02:02:05.028+0000] {processor.py:186} INFO - Started process (PID=1762) to work on /home/airflow/.local/lib/python3.12/site-packages/airflow/example_dags/example_task_group.py
[2026-01-08T02:02:05.030+0000] {processor.py:914} INFO - Processing file /home/airflow/.local/lib/python3.12/site-packages/airflow/example_dags/example_task_group.py for tasks to queue
[2026-01-08T02:02:05.032+0000] {logging_mixin.py:190} INFO - [2026-01-08T02:02:05.032+0000] {dagbag.py:587} INFO - Filling up the DagBag from /home/airflow/.local/lib/python3.12/site-packages/airflow/example_dags/example_task_group.py
[2026-01-08T02:02:05.040+0000] {processor.py:925} INFO - DAG(s) 'example_task_group' retrieved from /home/airflow/.local/lib/python3.12/site-packages/airflow/example_dags/example_task_group.py
[2026-01-08T02:02:05.056+0000] {logging_mixin.py:190} INFO - [2026-01-08T02:02:05.056+0000] {dag.py:3211} INFO - Sync 1 DAGs
[2026-01-08T02:02:05.074+0000] {logging_mixin.py:190} INFO - [2026-01-08T02:02:05.074+0000] {dag.py:4138} INFO - Setting next_dagrun for example_task_group to 2026-01-07 00:00:00+00:00, run_after=2026-01-08 00:00:00+00:00
[2026-01-08T02:02:05.088+0000] {processor.py:208} INFO - Processing /home/airflow/.local/lib/python3.12/site-packages/airflow/example_dags/example_task_group.py took 0.064 seconds
[2026-01-08T02:02:35.142+0000] {processor.py:186} INFO - Started process (PID=1825) to work on /home/airflow/.local/lib/python3.12/site-packages/airflow/example_dags/example_task_group.py
[2026-01-08T02:02:35.144+0000] {processor.py:914} INFO - Processing file /home/airflow/.local/lib/python3.12/site-packages/airflow/example_dags/example_task_group.py for tasks to queue
[2026-01-08T02:02:35.146+0000] {logging_mixin.py:190} INFO - [2026-01-08T02:02:35.146+0000] {dagbag.py:587} INFO - Filling up the DagBag from /home/airflow/.local/lib/python3.12/site-packages/airflow/example_dags/example_task_group.py
[2026-01-08T02:02:35.153+0000] {processor.py:925} INFO - DAG(s) 'example_task_group' retrieved from /home/airflow/.local/lib/python3.12/site-packages/airflow/example_dags/example_task_group.py
[2026-01-08T02:02:35.172+0000] {logging_mixin.py:190} INFO - [2026-01-08T02:02:35.171+0000] {dag.py:3211} INFO - Sync 1 DAGs
[2026-01-08T02:02:35.188+0000] {logging_mixin.py:190} INFO - [2026-01-08T02:02:35.187+0000] {dag.py:4138} INFO - Setting next_dagrun for example_task_group to 2026-01-07 00:00:00+00:00, run_after=2026-01-08 00:00:00+00:00
[2026-01-08T02:02:35.205+0000] {processor.py:208} INFO - Processing /home/airflow/.local/lib/python3.12/site-packages/airflow/example_dags/example_task_group.py took 0.068 seconds
[2026-01-08T02:03:05.309+0000] {processor.py:186} INFO - Started process (PID=1888) to work on /home/airflow/.local/lib/python3.12/site-packages/airflow/example_dags/example_task_group.py
[2026-01-08T02:03:05.310+0000] {processor.py:914} INFO - Processing file /home/airflow/.local/lib/python3.12/site-packages/airflow/example_dags/example_task_group.py for tasks to queue
[2026-01-08T02:03:05.312+0000] {logging_mixin.py:190} INFO - [2026-01-08T02:03:05.312+0000] {dagbag.py:587} INFO - Filling up the DagBag from /home/airflow/.local/lib/python3.12/site-packages/airflow/example_dags/example_task_group.py
[2026-01-08T02:03:05.319+0000] {processor.py:925} INFO - DAG(s) 'example_task_group' retrieved from /home/airflow/.local/lib/python3.12/site-packages/airflow/example_dags/example_task_group.py
[2026-01-08T02:03:05.335+0000] {logging_mixin.py:190} INFO - [2026-01-08T02:03:05.335+0000] {dag.py:3211} INFO - Sync 1 DAGs
[2026-01-08T02:03:05.353+0000] {logging_mixin.py:190} INFO - [2026-01-08T02:03:05.352+0000] {dag.py:4138} INFO - Setting next_dagrun for example_task_group to 2026-01-07 00:00:00+00:00, run_after=2026-01-08 00:00:00+00:00
[2026-01-08T02:03:05.369+0000] {processor.py:208} INFO - Processing /home/airflow/.local/lib/python3.12/site-packages/airflow/example_dags/example_task_group.py took 0.065 seconds
[2026-01-08T02:03:35.547+0000] {processor.py:186} INFO - Started process (PID=1953) to work on /home/airflow/.local/lib/python3.12/site-packages/airflow/example_dags/example_task_group.py
[2026-01-08T02:03:35.548+0000] {processor.py:914} INFO - Processing file /home/airflow/.local/lib/python3.12/site-packages/airflow/example_dags/example_task_group.py for tasks to queue
[2026-01-08T02:03:35.550+0000] {logging_mixin.py:190} INFO - [2026-01-08T02:03:35.550+0000] {dagbag.py:587} INFO - Filling up the DagBag from /home/airflow/.local/lib/python3.12/site-packages/airflow/example_dags/example_task_group.py
[2026-01-08T02:03:35.557+0000] {processor.py:925} INFO - DAG(s) 'example_task_group' retrieved from /home/airflow/.local/lib/python3.12/site-packages/airflow/example_dags/example_task_group.py
[2026-01-08T02:03:35.573+0000] {logging_mixin.py:190} INFO - [2026-01-08T02:03:35.573+0000] {dag.py:3211} INFO - Sync 1 DAGs
[2026-01-08T02:03:35.587+0000] {logging_mixin.py:190} INFO - [2026-01-08T02:03:35.587+0000] {dag.py:4138} INFO - Setting next_dagrun for example_task_group to 2026-01-07 00:00:00+00:00, run_after=2026-01-08 00:00:00+00:00
[2026-01-08T02:03:35.600+0000] {processor.py:208} INFO - Processing /home/airflow/.local/lib/python3.12/site-packages/airflow/example_dags/example_task_group.py took 0.058 seconds
[2026-01-08T02:04:05.886+0000] {processor.py:186} INFO - Started process (PID=2016) to work on /home/airflow/.local/lib/python3.12/site-packages/airflow/example_dags/example_task_group.py
[2026-01-08T02:04:05.888+0000] {processor.py:914} INFO - Processing file /home/airflow/.local/lib/python3.12/site-packages/airflow/example_dags/example_task_group.py for tasks to queue
[2026-01-08T02:04:05.890+0000] {logging_mixin.py:190} INFO - [2026-01-08T02:04:05.890+0000] {dagbag.py:587} INFO - Filling up the DagBag from /home/airflow/.local/lib/python3.12/site-packages/airflow/example_dags/example_task_group.py
[2026-01-08T02:04:05.898+0000] {processor.py:925} INFO - DAG(s) 'example_task_group' retrieved from /home/airflow/.local/lib/python3.12/site-packages/airflow/example_dags/example_task_group.py
[2026-01-08T02:04:05.917+0000] {logging_mixin.py:190} INFO - [2026-01-08T02:04:05.917+0000] {dag.py:3211} INFO - Sync 1 DAGs
[2026-01-08T02:04:05.935+0000] {logging_mixin.py:190} INFO - [2026-01-08T02:04:05.935+0000] {dag.py:4138} INFO - Setting next_dagrun for example_task_group to 2026-01-07 00:00:00+00:00, run_after=2026-01-08 00:00:00+00:00
[2026-01-08T02:04:05.952+0000] {processor.py:208} INFO - Processing /home/airflow/.local/lib/python3.12/site-packages/airflow/example_dags/example_task_group.py took 0.071 seconds
[2026-01-08T02:04:36.203+0000] {processor.py:186} INFO - Started process (PID=2079) to work on /home/airflow/.local/lib/python3.12/site-packages/airflow/example_dags/example_task_group.py
[2026-01-08T02:04:36.205+0000] {processor.py:914} INFO - Processing file /home/airflow/.local/lib/python3.12/site-packages/airflow/example_dags/example_task_group.py for tasks to queue
[2026-01-08T02:04:36.207+0000] {logging_mixin.py:190} INFO - [2026-01-08T02:04:36.206+0000] {dagbag.py:587} INFO - Filling up the DagBag from /home/airflow/.local/lib/python3.12/site-packages/airflow/example_dags/example_task_group.py
[2026-01-08T02:04:36.213+0000] {processor.py:925} INFO - DAG(s) 'example_task_group' retrieved from /home/airflow/.local/lib/python3.12/site-packages/airflow/example_dags/example_task_group.py
[2026-01-08T02:04:36.231+0000] {logging_mixin.py:190} INFO - [2026-01-08T02:04:36.231+0000] {dag.py:3211} INFO - Sync 1 DAGs
[2026-01-08T02:04:36.248+0000] {logging_mixin.py:190} INFO - [2026-01-08T02:04:36.248+0000] {dag.py:4138} INFO - Setting next_dagrun for example_task_group to 2026-01-07 00:00:00+00:00, run_after=2026-01-08 00:00:00+00:00
[2026-01-08T02:04:36.264+0000] {processor.py:208} INFO - Processing /home/airflow/.local/lib/python3.12/site-packages/airflow/example_dags/example_task_group.py took 0.064 seconds
[2026-01-08T02:05:06.360+0000] {processor.py:186} INFO - Started process (PID=2142) to work on /home/airflow/.local/lib/python3.12/site-packages/airflow/example_dags/example_task_group.py
[2026-01-08T02:05:06.361+0000] {processor.py:914} INFO - Processing file /home/airflow/.local/lib/python3.12/site-packages/airflow/example_dags/example_task_group.py for tasks to queue
[2026-01-08T02:05:06.363+0000] {logging_mixin.py:190} INFO - [2026-01-08T02:05:06.363+0000] {dagbag.py:587} INFO - Filling up the DagBag from /home/airflow/.local/lib/python3.12/site-packages/airflow/example_dags/example_task_group.py
[2026-01-08T02:05:06.370+0000] {processor.py:925} INFO - DAG(s) 'example_task_group' retrieved from /home/airflow/.local/lib/python3.12/site-packages/airflow/example_dags/example_task_group.py
[2026-01-08T02:05:06.386+0000] {logging_mixin.py:190} INFO - [2026-01-08T02:05:06.386+0000] {dag.py:3211} INFO - Sync 1 DAGs
[2026-01-08T02:05:06.402+0000] {logging_mixin.py:190} INFO - [2026-01-08T02:05:06.402+0000] {dag.py:4138} INFO - Setting next_dagrun for example_task_group to 2026-01-07 00:00:00+00:00, run_after=2026-01-08 00:00:00+00:00
[2026-01-08T02:05:06.417+0000] {processor.py:208} INFO - Processing /home/airflow/.local/lib/python3.12/site-packages/airflow/example_dags/example_task_group.py took 0.062 seconds
[2026-01-08T02:05:36.693+0000] {processor.py:186} INFO - Started process (PID=2205) to work on /home/airflow/.local/lib/python3.12/site-packages/airflow/example_dags/example_task_group.py
[2026-01-08T02:05:36.694+0000] {processor.py:914} INFO - Processing file /home/airflow/.local/lib/python3.12/site-packages/airflow/example_dags/example_task_group.py for tasks to queue
[2026-01-08T02:05:36.696+0000] {logging_mixin.py:190} INFO - [2026-01-08T02:05:36.696+0000] {dagbag.py:587} INFO - Filling up the DagBag from /home/airflow/.local/lib/python3.12/site-packages/airflow/example_dags/example_task_group.py
[2026-01-08T02:05:36.703+0000] {processor.py:925} INFO - DAG(s) 'example_task_group' retrieved from /home/airflow/.local/lib/python3.12/site-packages/airflow/example_dags/example_task_group.py
[2026-01-08T02:05:36.720+0000] {logging_mixin.py:190} INFO - [2026-01-08T02:05:36.719+0000] {dag.py:3211} INFO - Sync 1 DAGs
[2026-01-08T02:05:36.736+0000] {logging_mixin.py:190} INFO - [2026-01-08T02:05:36.736+0000] {dag.py:4138} INFO - Setting next_dagrun for example_task_group to 2026-01-07 00:00:00+00:00, run_after=2026-01-08 00:00:00+00:00
[2026-01-08T02:05:36.752+0000] {processor.py:208} INFO - Processing /home/airflow/.local/lib/python3.12/site-packages/airflow/example_dags/example_task_group.py took 0.063 seconds
[2026-01-08T02:06:07.007+0000] {processor.py:186} INFO - Started process (PID=2268) to work on /home/airflow/.local/lib/python3.12/site-packages/airflow/example_dags/example_task_group.py
[2026-01-08T02:06:07.008+0000] {processor.py:914} INFO - Processing file /home/airflow/.local/lib/python3.12/site-packages/airflow/example_dags/example_task_group.py for tasks to queue
[2026-01-08T02:06:07.011+0000] {logging_mixin.py:190} INFO - [2026-01-08T02:06:07.010+0000] {dagbag.py:587} INFO - Filling up the DagBag from /home/airflow/.local/lib/python3.12/site-packages/airflow/example_dags/example_task_group.py
[2026-01-08T02:06:07.018+0000] {processor.py:925} INFO - DAG(s) 'example_task_group' retrieved from /home/airflow/.local/lib/python3.12/site-packages/airflow/example_dags/example_task_group.py
[2026-01-08T02:06:07.033+0000] {logging_mixin.py:190} INFO - [2026-01-08T02:06:07.033+0000] {dag.py:3211} INFO - Sync 1 DAGs
[2026-01-08T02:06:07.048+0000] {logging_mixin.py:190} INFO - [2026-01-08T02:06:07.048+0000] {dag.py:4138} INFO - Setting next_dagrun for example_task_group to 2026-01-07 00:00:00+00:00, run_after=2026-01-08 00:00:00+00:00
[2026-01-08T02:06:07.061+0000] {processor.py:208} INFO - Processing /home/airflow/.local/lib/python3.12/site-packages/airflow/example_dags/example_task_group.py took 0.059 seconds
[2026-01-08T02:06:37.507+0000] {processor.py:186} INFO - Started process (PID=2331) to work on /home/airflow/.local/lib/python3.12/site-packages/airflow/example_dags/example_task_group.py
[2026-01-08T02:06:37.509+0000] {processor.py:914} INFO - Processing file /home/airflow/.local/lib/python3.12/site-packages/airflow/example_dags/example_task_group.py for tasks to queue
[2026-01-08T02:06:37.511+0000] {logging_mixin.py:190} INFO - [2026-01-08T02:06:37.511+0000] {dagbag.py:587} INFO - Filling up the DagBag from /home/airflow/.local/lib/python3.12/site-packages/airflow/example_dags/example_task_group.py
[2026-01-08T02:06:37.518+0000] {processor.py:925} INFO - DAG(s) 'example_task_group' retrieved from /home/airflow/.local/lib/python3.12/site-packages/airflow/example_dags/example_task_group.py
[2026-01-08T02:06:37.536+0000] {logging_mixin.py:190} INFO - [2026-01-08T02:06:37.535+0000] {dag.py:3211} INFO - Sync 1 DAGs
[2026-01-08T02:06:37.550+0000] {logging_mixin.py:190} INFO - [2026-01-08T02:06:37.550+0000] {dag.py:4138} INFO - Setting next_dagrun for example_task_group to 2026-01-07 00:00:00+00:00, run_after=2026-01-08 00:00:00+00:00
[2026-01-08T02:06:37.565+0000] {processor.py:208} INFO - Processing /home/airflow/.local/lib/python3.12/site-packages/airflow/example_dags/example_task_group.py took 0.062 seconds
[2026-01-08T02:07:07.947+0000] {processor.py:186} INFO - Started process (PID=2394) to work on /home/airflow/.local/lib/python3.12/site-packages/airflow/example_dags/example_task_group.py
[2026-01-08T02:07:07.949+0000] {processor.py:914} INFO - Processing file /home/airflow/.local/lib/python3.12/site-packages/airflow/example_dags/example_task_group.py for tasks to queue
[2026-01-08T02:07:07.951+0000] {logging_mixin.py:190} INFO - [2026-01-08T02:07:07.951+0000] {dagbag.py:587} INFO - Filling up the DagBag from /home/airflow/.local/lib/python3.12/site-packages/airflow/example_dags/example_task_group.py
[2026-01-08T02:07:07.958+0000] {processor.py:925} INFO - DAG(s) 'example_task_group' retrieved from /home/airflow/.local/lib/python3.12/site-packages/airflow/example_dags/example_task_group.py
[2026-01-08T02:07:07.984+0000] {logging_mixin.py:190} INFO - [2026-01-08T02:07:07.983+0000] {dag.py:3211} INFO - Sync 1 DAGs
[2026-01-08T02:07:08.004+0000] {logging_mixin.py:190} INFO - [2026-01-08T02:07:08.003+0000] {dag.py:4138} INFO - Setting next_dagrun for example_task_group to 2026-01-07 00:00:00+00:00, run_after=2026-01-08 00:00:00+00:00
[2026-01-08T02:07:08.018+0000] {processor.py:208} INFO - Processing /home/airflow/.local/lib/python3.12/site-packages/airflow/example_dags/example_task_group.py took 0.076 seconds
[2026-01-08T02:07:38.219+0000] {processor.py:186} INFO - Started process (PID=2457) to work on /home/airflow/.local/lib/python3.12/site-packages/airflow/example_dags/example_task_group.py
[2026-01-08T02:07:38.220+0000] {processor.py:914} INFO - Processing file /home/airflow/.local/lib/python3.12/site-packages/airflow/example_dags/example_task_group.py for tasks to queue
[2026-01-08T02:07:38.223+0000] {logging_mixin.py:190} INFO - [2026-01-08T02:07:38.222+0000] {dagbag.py:587} INFO - Filling up the DagBag from /home/airflow/.local/lib/python3.12/site-packages/airflow/example_dags/example_task_group.py
[2026-01-08T02:07:38.229+0000] {processor.py:925} INFO - DAG(s) 'example_task_group' retrieved from /home/airflow/.local/lib/python3.12/site-packages/airflow/example_dags/example_task_group.py
[2026-01-08T02:07:38.244+0000] {logging_mixin.py:190} INFO - [2026-01-08T02:07:38.244+0000] {dag.py:3211} INFO - Sync 1 DAGs
[2026-01-08T02:07:38.260+0000] {logging_mixin.py:190} INFO - [2026-01-08T02:07:38.259+0000] {dag.py:4138} INFO - Setting next_dagrun for example_task_group to 2026-01-07 00:00:00+00:00, run_after=2026-01-08 00:00:00+00:00
[2026-01-08T02:07:38.273+0000] {processor.py:208} INFO - Processing /home/airflow/.local/lib/python3.12/site-packages/airflow/example_dags/example_task_group.py took 0.058 seconds
[2026-01-08T02:08:08.575+0000] {processor.py:186} INFO - Started process (PID=2520) to work on /home/airflow/.local/lib/python3.12/site-packages/airflow/example_dags/example_task_group.py
[2026-01-08T02:08:08.577+0000] {processor.py:914} INFO - Processing file /home/airflow/.local/lib/python3.12/site-packages/airflow/example_dags/example_task_group.py for tasks to queue
[2026-01-08T02:08:08.581+0000] {logging_mixin.py:190} INFO - [2026-01-08T02:08:08.580+0000] {dagbag.py:587} INFO - Filling up the DagBag from /home/airflow/.local/lib/python3.12/site-packages/airflow/example_dags/example_task_group.py
[2026-01-08T02:08:08.592+0000] {processor.py:925} INFO - DAG(s) 'example_task_group' retrieved from /home/airflow/.local/lib/python3.12/site-packages/airflow/example_dags/example_task_group.py
[2026-01-08T02:08:08.613+0000] {logging_mixin.py:190} INFO - [2026-01-08T02:08:08.613+0000] {dag.py:3211} INFO - Sync 1 DAGs
[2026-01-08T02:08:08.635+0000] {logging_mixin.py:190} INFO - [2026-01-08T02:08:08.635+0000] {dag.py:4138} INFO - Setting next_dagrun for example_task_group to 2026-01-07 00:00:00+00:00, run_after=2026-01-08 00:00:00+00:00
[2026-01-08T02:08:08.653+0000] {processor.py:208} INFO - Processing /home/airflow/.local/lib/python3.12/site-packages/airflow/example_dags/example_task_group.py took 0.083 seconds
[2026-01-08T02:08:38.806+0000] {processor.py:186} INFO - Started process (PID=2583) to work on /home/airflow/.local/lib/python3.12/site-packages/airflow/example_dags/example_task_group.py
[2026-01-08T02:08:38.807+0000] {processor.py:914} INFO - Processing file /home/airflow/.local/lib/python3.12/site-packages/airflow/example_dags/example_task_group.py for tasks to queue
[2026-01-08T02:08:38.810+0000] {logging_mixin.py:190} INFO - [2026-01-08T02:08:38.809+0000] {dagbag.py:587} INFO - Filling up the DagBag from /home/airflow/.local/lib/python3.12/site-packages/airflow/example_dags/example_task_group.py
[2026-01-08T02:08:38.817+0000] {processor.py:925} INFO - DAG(s) 'example_task_group' retrieved from /home/airflow/.local/lib/python3.12/site-packages/airflow/example_dags/example_task_group.py
[2026-01-08T02:08:38.834+0000] {logging_mixin.py:190} INFO - [2026-01-08T02:08:38.834+0000] {dag.py:3211} INFO - Sync 1 DAGs
[2026-01-08T02:08:38.851+0000] {logging_mixin.py:190} INFO - [2026-01-08T02:08:38.850+0000] {dag.py:4138} INFO - Setting next_dagrun for example_task_group to 2026-01-07 00:00:00+00:00, run_after=2026-01-08 00:00:00+00:00
[2026-01-08T02:08:38.865+0000] {processor.py:208} INFO - Processing /home/airflow/.local/lib/python3.12/site-packages/airflow/example_dags/example_task_group.py took 0.064 seconds
[2026-01-08T02:09:09.060+0000] {processor.py:186} INFO - Started process (PID=2646) to work on /home/airflow/.local/lib/python3.12/site-packages/airflow/example_dags/example_task_group.py
[2026-01-08T02:09:09.062+0000] {processor.py:914} INFO - Processing file /home/airflow/.local/lib/python3.12/site-packages/airflow/example_dags/example_task_group.py for tasks to queue
[2026-01-08T02:09:09.064+0000] {logging_mixin.py:190} INFO - [2026-01-08T02:09:09.064+0000] {dagbag.py:587} INFO - Filling up the DagBag from /home/airflow/.local/lib/python3.12/site-packages/airflow/example_dags/example_task_group.py
[2026-01-08T02:09:09.071+0000] {processor.py:925} INFO - DAG(s) 'example_task_group' retrieved from /home/airflow/.local/lib/python3.12/site-packages/airflow/example_dags/example_task_group.py
[2026-01-08T02:09:09.088+0000] {logging_mixin.py:190} INFO - [2026-01-08T02:09:09.088+0000] {dag.py:3211} INFO - Sync 1 DAGs
[2026-01-08T02:09:09.106+0000] {logging_mixin.py:190} INFO - [2026-01-08T02:09:09.106+0000] {dag.py:4138} INFO - Setting next_dagrun for example_task_group to 2026-01-07 00:00:00+00:00, run_after=2026-01-08 00:00:00+00:00
[2026-01-08T02:09:09.122+0000] {processor.py:208} INFO - Processing /home/airflow/.local/lib/python3.12/site-packages/airflow/example_dags/example_task_group.py took 0.066 seconds
[2026-01-08T02:09:39.531+0000] {processor.py:186} INFO - Started process (PID=2709) to work on /home/airflow/.local/lib/python3.12/site-packages/airflow/example_dags/example_task_group.py
[2026-01-08T02:09:39.532+0000] {processor.py:914} INFO - Processing file /home/airflow/.local/lib/python3.12/site-packages/airflow/example_dags/example_task_group.py for tasks to queue
[2026-01-08T02:09:39.535+0000] {logging_mixin.py:190} INFO - [2026-01-08T02:09:39.535+0000] {dagbag.py:587} INFO - Filling up the DagBag from /home/airflow/.local/lib/python3.12/site-packages/airflow/example_dags/example_task_group.py
[2026-01-08T02:09:39.543+0000] {processor.py:925} INFO - DAG(s) 'example_task_group' retrieved from /home/airflow/.local/lib/python3.12/site-packages/airflow/example_dags/example_task_group.py
[2026-01-08T02:09:39.560+0000] {logging_mixin.py:190} INFO - [2026-01-08T02:09:39.560+0000] {dag.py:3211} INFO - Sync 1 DAGs
[2026-01-08T02:09:39.575+0000] {logging_mixin.py:190} INFO - [2026-01-08T02:09:39.575+0000] {dag.py:4138} INFO - Setting next_dagrun for example_task_group to 2026-01-07 00:00:00+00:00, run_after=2026-01-08 00:00:00+00:00
[2026-01-08T02:09:39.590+0000] {processor.py:208} INFO - Processing /home/airflow/.local/lib/python3.12/site-packages/airflow/example_dags/example_task_group.py took 0.064 seconds
[2026-01-08T02:10:09.973+0000] {processor.py:186} INFO - Started process (PID=2772) to work on /home/airflow/.local/lib/python3.12/site-packages/airflow/example_dags/example_task_group.py
[2026-01-08T02:10:09.975+0000] {processor.py:914} INFO - Processing file /home/airflow/.local/lib/python3.12/site-packages/airflow/example_dags/example_task_group.py for tasks to queue
[2026-01-08T02:10:09.977+0000] {logging_mixin.py:190} INFO - [2026-01-08T02:10:09.977+0000] {dagbag.py:587} INFO - Filling up the DagBag from /home/airflow/.local/lib/python3.12/site-packages/airflow/example_dags/example_task_group.py
[2026-01-08T02:10:09.985+0000] {processor.py:925} INFO - DAG(s) 'example_task_group' retrieved from /home/airflow/.local/lib/python3.12/site-packages/airflow/example_dags/example_task_group.py
[2026-01-08T02:10:10.001+0000] {logging_mixin.py:190} INFO - [2026-01-08T02:10:10.001+0000] {dag.py:3211} INFO - Sync 1 DAGs
[2026-01-08T02:10:10.016+0000] {logging_mixin.py:190} INFO - [2026-01-08T02:10:10.016+0000] {dag.py:4138} INFO - Setting next_dagrun for example_task_group to 2026-01-07 00:00:00+00:00, run_after=2026-01-08 00:00:00+00:00
[2026-01-08T02:10:10.031+0000] {processor.py:208} INFO - Processing /home/airflow/.local/lib/python3.12/site-packages/airflow/example_dags/example_task_group.py took 0.062 seconds
[2026-01-08T02:10:40.404+0000] {processor.py:186} INFO - Started process (PID=2834) to work on /home/airflow/.local/lib/python3.12/site-packages/airflow/example_dags/example_task_group.py
[2026-01-08T02:10:40.406+0000] {processor.py:914} INFO - Processing file /home/airflow/.local/lib/python3.12/site-packages/airflow/example_dags/example_task_group.py for tasks to queue
[2026-01-08T02:10:40.408+0000] {logging_mixin.py:190} INFO - [2026-01-08T02:10:40.408+0000] {dagbag.py:587} INFO - Filling up the DagBag from /home/airflow/.local/lib/python3.12/site-packages/airflow/example_dags/example_task_group.py
[2026-01-08T02:10:40.416+0000] {processor.py:925} INFO - DAG(s) 'example_task_group' retrieved from /home/airflow/.local/lib/python3.12/site-packages/airflow/example_dags/example_task_group.py
[2026-01-08T02:10:40.437+0000] {logging_mixin.py:190} INFO - [2026-01-08T02:10:40.436+0000] {dag.py:3211} INFO - Sync 1 DAGs
[2026-01-08T02:10:40.454+0000] {logging_mixin.py:190} INFO - [2026-01-08T02:10:40.454+0000] {dag.py:4138} INFO - Setting next_dagrun for example_task_group to 2026-01-07 00:00:00+00:00, run_after=2026-01-08 00:00:00+00:00
[2026-01-08T02:10:40.469+0000] {processor.py:208} INFO - Processing /home/airflow/.local/lib/python3.12/site-packages/airflow/example_dags/example_task_group.py took 0.070 seconds
[2026-01-08T02:11:10.769+0000] {processor.py:186} INFO - Started process (PID=2897) to work on /home/airflow/.local/lib/python3.12/site-packages/airflow/example_dags/example_task_group.py
[2026-01-08T02:11:10.770+0000] {processor.py:914} INFO - Processing file /home/airflow/.local/lib/python3.12/site-packages/airflow/example_dags/example_task_group.py for tasks to queue
[2026-01-08T02:11:10.774+0000] {logging_mixin.py:190} INFO - [2026-01-08T02:11:10.773+0000] {dagbag.py:587} INFO - Filling up the DagBag from /home/airflow/.local/lib/python3.12/site-packages/airflow/example_dags/example_task_group.py
[2026-01-08T02:11:10.781+0000] {processor.py:925} INFO - DAG(s) 'example_task_group' retrieved from /home/airflow/.local/lib/python3.12/site-packages/airflow/example_dags/example_task_group.py
[2026-01-08T02:11:10.798+0000] {logging_mixin.py:190} INFO - [2026-01-08T02:11:10.798+0000] {dag.py:3211} INFO - Sync 1 DAGs
[2026-01-08T02:11:10.815+0000] {logging_mixin.py:190} INFO - [2026-01-08T02:11:10.815+0000] {dag.py:4138} INFO - Setting next_dagrun for example_task_group to 2026-01-07 00:00:00+00:00, run_after=2026-01-08 00:00:00+00:00
[2026-01-08T02:11:10.835+0000] {processor.py:208} INFO - Processing /home/airflow/.local/lib/python3.12/site-packages/airflow/example_dags/example_task_group.py took 0.071 seconds
[2026-01-08T02:11:41.364+0000] {processor.py:186} INFO - Started process (PID=2960) to work on /home/airflow/.local/lib/python3.12/site-packages/airflow/example_dags/example_task_group.py
[2026-01-08T02:11:41.365+0000] {processor.py:914} INFO - Processing file /home/airflow/.local/lib/python3.12/site-packages/airflow/example_dags/example_task_group.py for tasks to queue
[2026-01-08T02:11:41.368+0000] {logging_mixin.py:190} INFO - [2026-01-08T02:11:41.368+0000] {dagbag.py:587} INFO - Filling up the DagBag from /home/airflow/.local/lib/python3.12/site-packages/airflow/example_dags/example_task_group.py
[2026-01-08T02:11:41.375+0000] {processor.py:925} INFO - DAG(s) 'example_task_group' retrieved from /home/airflow/.local/lib/python3.12/site-packages/airflow/example_dags/example_task_group.py
[2026-01-08T02:11:41.390+0000] {logging_mixin.py:190} INFO - [2026-01-08T02:11:41.390+0000] {dag.py:3211} INFO - Sync 1 DAGs
[2026-01-08T02:11:41.405+0000] {logging_mixin.py:190} INFO - [2026-01-08T02:11:41.405+0000] {dag.py:4138} INFO - Setting next_dagrun for example_task_group to 2026-01-07 00:00:00+00:00, run_after=2026-01-08 00:00:00+00:00
[2026-01-08T02:11:41.421+0000] {processor.py:208} INFO - Processing /home/airflow/.local/lib/python3.12/site-packages/airflow/example_dags/example_task_group.py took 0.062 seconds
[2026-01-08T02:12:12.246+0000] {processor.py:186} INFO - Started process (PID=3024) to work on /home/airflow/.local/lib/python3.12/site-packages/airflow/example_dags/example_task_group.py
[2026-01-08T02:12:12.247+0000] {processor.py:914} INFO - Processing file /home/airflow/.local/lib/python3.12/site-packages/airflow/example_dags/example_task_group.py for tasks to queue
[2026-01-08T02:12:12.249+0000] {logging_mixin.py:190} INFO - [2026-01-08T02:12:12.249+0000] {dagbag.py:587} INFO - Filling up the DagBag from /home/airflow/.local/lib/python3.12/site-packages/airflow/example_dags/example_task_group.py
[2026-01-08T02:12:12.257+0000] {processor.py:925} INFO - DAG(s) 'example_task_group' retrieved from /home/airflow/.local/lib/python3.12/site-packages/airflow/example_dags/example_task_group.py
[2026-01-08T02:12:12.272+0000] {logging_mixin.py:190} INFO - [2026-01-08T02:12:12.272+0000] {dag.py:3211} INFO - Sync 1 DAGs
[2026-01-08T02:12:12.289+0000] {logging_mixin.py:190} INFO - [2026-01-08T02:12:12.289+0000] {dag.py:4138} INFO - Setting next_dagrun for example_task_group to 2026-01-07 00:00:00+00:00, run_after=2026-01-08 00:00:00+00:00
[2026-01-08T02:12:12.302+0000] {processor.py:208} INFO - Processing /home/airflow/.local/lib/python3.12/site-packages/airflow/example_dags/example_task_group.py took 0.061 seconds
[2026-01-08T02:12:43.039+0000] {processor.py:186} INFO - Started process (PID=3087) to work on /home/airflow/.local/lib/python3.12/site-packages/airflow/example_dags/example_task_group.py
[2026-01-08T02:12:43.040+0000] {processor.py:914} INFO - Processing file /home/airflow/.local/lib/python3.12/site-packages/airflow/example_dags/example_task_group.py for tasks to queue
[2026-01-08T02:12:43.043+0000] {logging_mixin.py:190} INFO - [2026-01-08T02:12:43.043+0000] {dagbag.py:587} INFO - Filling up the DagBag from /home/airflow/.local/lib/python3.12/site-packages/airflow/example_dags/example_task_group.py
[2026-01-08T02:12:43.051+0000] {processor.py:925} INFO - DAG(s) 'example_task_group' retrieved from /home/airflow/.local/lib/python3.12/site-packages/airflow/example_dags/example_task_group.py
[2026-01-08T02:12:43.069+0000] {logging_mixin.py:190} INFO - [2026-01-08T02:12:43.069+0000] {dag.py:3211} INFO - Sync 1 DAGs
[2026-01-08T02:12:43.087+0000] {logging_mixin.py:190} INFO - [2026-01-08T02:12:43.087+0000] {dag.py:4138} INFO - Setting next_dagrun for example_task_group to 2026-01-07 00:00:00+00:00, run_after=2026-01-08 00:00:00+00:00
[2026-01-08T02:12:43.102+0000] {processor.py:208} INFO - Processing /home/airflow/.local/lib/python3.12/site-packages/airflow/example_dags/example_task_group.py took 0.069 seconds
[2026-01-08T02:13:14.023+0000] {processor.py:186} INFO - Started process (PID=3150) to work on /home/airflow/.local/lib/python3.12/site-packages/airflow/example_dags/example_task_group.py
[2026-01-08T02:13:14.024+0000] {processor.py:914} INFO - Processing file /home/airflow/.local/lib/python3.12/site-packages/airflow/example_dags/example_task_group.py for tasks to queue
[2026-01-08T02:13:14.026+0000] {logging_mixin.py:190} INFO - [2026-01-08T02:13:14.026+0000] {dagbag.py:587} INFO - Filling up the DagBag from /home/airflow/.local/lib/python3.12/site-packages/airflow/example_dags/example_task_group.py
[2026-01-08T02:13:14.033+0000] {processor.py:925} INFO - DAG(s) 'example_task_group' retrieved from /home/airflow/.local/lib/python3.12/site-packages/airflow/example_dags/example_task_group.py
[2026-01-08T02:13:14.050+0000] {logging_mixin.py:190} INFO - [2026-01-08T02:13:14.050+0000] {dag.py:3211} INFO - Sync 1 DAGs
[2026-01-08T02:13:14.067+0000] {logging_mixin.py:190} INFO - [2026-01-08T02:13:14.067+0000] {dag.py:4138} INFO - Setting next_dagrun for example_task_group to 2026-01-07 00:00:00+00:00, run_after=2026-01-08 00:00:00+00:00
[2026-01-08T02:13:14.083+0000] {processor.py:208} INFO - Processing /home/airflow/.local/lib/python3.12/site-packages/airflow/example_dags/example_task_group.py took 0.065 seconds
[2026-01-08T02:13:44.523+0000] {processor.py:186} INFO - Started process (PID=3213) to work on /home/airflow/.local/lib/python3.12/site-packages/airflow/example_dags/example_task_group.py
[2026-01-08T02:13:44.525+0000] {processor.py:914} INFO - Processing file /home/airflow/.local/lib/python3.12/site-packages/airflow/example_dags/example_task_group.py for tasks to queue
[2026-01-08T02:13:44.528+0000] {logging_mixin.py:190} INFO - [2026-01-08T02:13:44.527+0000] {dagbag.py:587} INFO - Filling up the DagBag from /home/airflow/.local/lib/python3.12/site-packages/airflow/example_dags/example_task_group.py
[2026-01-08T02:13:44.536+0000] {processor.py:925} INFO - DAG(s) 'example_task_group' retrieved from /home/airflow/.local/lib/python3.12/site-packages/airflow/example_dags/example_task_group.py
[2026-01-08T02:13:44.556+0000] {logging_mixin.py:190} INFO - [2026-01-08T02:13:44.555+0000] {dag.py:3211} INFO - Sync 1 DAGs
[2026-01-08T02:13:44.701+0000] {logging_mixin.py:190} INFO - [2026-01-08T02:13:44.700+0000] {dag.py:4138} INFO - Setting next_dagrun for example_task_group to 2026-01-07 00:00:00+00:00, run_after=2026-01-08 00:00:00+00:00
[2026-01-08T02:13:44.715+0000] {processor.py:208} INFO - Processing /home/airflow/.local/lib/python3.12/site-packages/airflow/example_dags/example_task_group.py took 0.197 seconds
[2026-01-08T02:14:15.246+0000] {processor.py:186} INFO - Started process (PID=3276) to work on /home/airflow/.local/lib/python3.12/site-packages/airflow/example_dags/example_task_group.py
[2026-01-08T02:14:15.247+0000] {processor.py:914} INFO - Processing file /home/airflow/.local/lib/python3.12/site-packages/airflow/example_dags/example_task_group.py for tasks to queue
[2026-01-08T02:14:15.250+0000] {logging_mixin.py:190} INFO - [2026-01-08T02:14:15.249+0000] {dagbag.py:587} INFO - Filling up the DagBag from /home/airflow/.local/lib/python3.12/site-packages/airflow/example_dags/example_task_group.py
[2026-01-08T02:14:15.258+0000] {processor.py:925} INFO - DAG(s) 'example_task_group' retrieved from /home/airflow/.local/lib/python3.12/site-packages/airflow/example_dags/example_task_group.py
[2026-01-08T02:14:15.279+0000] {logging_mixin.py:190} INFO - [2026-01-08T02:14:15.279+0000] {dag.py:3211} INFO - Sync 1 DAGs
[2026-01-08T02:14:15.298+0000] {logging_mixin.py:190} INFO - [2026-01-08T02:14:15.297+0000] {dag.py:4138} INFO - Setting next_dagrun for example_task_group to 2026-01-07 00:00:00+00:00, run_after=2026-01-08 00:00:00+00:00
[2026-01-08T02:14:15.433+0000] {processor.py:208} INFO - Processing /home/airflow/.local/lib/python3.12/site-packages/airflow/example_dags/example_task_group.py took 0.192 seconds
