[2026-01-08T01:48:24.826+0000] {processor.py:186} INFO - Started process (PID=115) to work on /home/airflow/.local/lib/python3.12/site-packages/airflow/example_dags/example_kubernetes_executor.py
[2026-01-08T01:48:24.827+0000] {processor.py:914} INFO - Processing file /home/airflow/.local/lib/python3.12/site-packages/airflow/example_dags/example_kubernetes_executor.py for tasks to queue
[2026-01-08T01:48:24.829+0000] {logging_mixin.py:190} INFO - [2026-01-08T01:48:24.829+0000] {dagbag.py:587} INFO - Filling up the DagBag from /home/airflow/.local/lib/python3.12/site-packages/airflow/example_dags/example_kubernetes_executor.py
[2026-01-08T01:48:24.844+0000] {processor.py:925} INFO - DAG(s) 'example_kubernetes_executor' retrieved from /home/airflow/.local/lib/python3.12/site-packages/airflow/example_dags/example_kubernetes_executor.py
[2026-01-08T01:48:24.933+0000] {logging_mixin.py:190} INFO - [2026-01-08T01:48:24.933+0000] {override.py:1858} INFO - Created Permission View: can edit on DAG:example_kubernetes_executor
[2026-01-08T01:48:24.941+0000] {logging_mixin.py:190} INFO - [2026-01-08T01:48:24.941+0000] {override.py:1858} INFO - Created Permission View: can read on DAG:example_kubernetes_executor
[2026-01-08T01:48:24.947+0000] {logging_mixin.py:190} INFO - [2026-01-08T01:48:24.947+0000] {override.py:1858} INFO - Created Permission View: can delete on DAG:example_kubernetes_executor
[2026-01-08T01:48:24.948+0000] {logging_mixin.py:190} INFO - [2026-01-08T01:48:24.948+0000] {dag.py:3211} INFO - Sync 1 DAGs
[2026-01-08T01:48:24.958+0000] {logging_mixin.py:190} INFO - [2026-01-08T01:48:24.958+0000] {dag.py:3234} INFO - Creating ORM DAG for example_kubernetes_executor
[2026-01-08T01:48:24.959+0000] {logging_mixin.py:190} INFO - [2026-01-08T01:48:24.959+0000] {dag.py:4138} INFO - Setting next_dagrun for example_kubernetes_executor to None, run_after=None
[2026-01-08T01:48:24.974+0000] {processor.py:208} INFO - Processing /home/airflow/.local/lib/python3.12/site-packages/airflow/example_dags/example_kubernetes_executor.py took 0.153 seconds
[2026-01-08T01:48:55.475+0000] {processor.py:186} INFO - Started process (PID=177) to work on /home/airflow/.local/lib/python3.12/site-packages/airflow/example_dags/example_kubernetes_executor.py
[2026-01-08T01:48:55.476+0000] {processor.py:914} INFO - Processing file /home/airflow/.local/lib/python3.12/site-packages/airflow/example_dags/example_kubernetes_executor.py for tasks to queue
[2026-01-08T01:48:55.478+0000] {logging_mixin.py:190} INFO - [2026-01-08T01:48:55.478+0000] {dagbag.py:587} INFO - Filling up the DagBag from /home/airflow/.local/lib/python3.12/site-packages/airflow/example_dags/example_kubernetes_executor.py
[2026-01-08T01:48:55.488+0000] {processor.py:925} INFO - DAG(s) 'example_kubernetes_executor' retrieved from /home/airflow/.local/lib/python3.12/site-packages/airflow/example_dags/example_kubernetes_executor.py
[2026-01-08T01:48:55.517+0000] {logging_mixin.py:190} INFO - [2026-01-08T01:48:55.517+0000] {dag.py:3211} INFO - Sync 1 DAGs
[2026-01-08T01:48:55.526+0000] {logging_mixin.py:190} INFO - [2026-01-08T01:48:55.526+0000] {dag.py:4138} INFO - Setting next_dagrun for example_kubernetes_executor to None, run_after=None
[2026-01-08T01:48:55.541+0000] {processor.py:208} INFO - Processing /home/airflow/.local/lib/python3.12/site-packages/airflow/example_dags/example_kubernetes_executor.py took 0.071 seconds
[2026-01-08T01:49:25.903+0000] {processor.py:186} INFO - Started process (PID=239) to work on /home/airflow/.local/lib/python3.12/site-packages/airflow/example_dags/example_kubernetes_executor.py
[2026-01-08T01:49:25.904+0000] {processor.py:914} INFO - Processing file /home/airflow/.local/lib/python3.12/site-packages/airflow/example_dags/example_kubernetes_executor.py for tasks to queue
[2026-01-08T01:49:25.906+0000] {logging_mixin.py:190} INFO - [2026-01-08T01:49:25.906+0000] {dagbag.py:587} INFO - Filling up the DagBag from /home/airflow/.local/lib/python3.12/site-packages/airflow/example_dags/example_kubernetes_executor.py
[2026-01-08T01:49:25.916+0000] {processor.py:925} INFO - DAG(s) 'example_kubernetes_executor' retrieved from /home/airflow/.local/lib/python3.12/site-packages/airflow/example_dags/example_kubernetes_executor.py
[2026-01-08T01:49:25.943+0000] {logging_mixin.py:190} INFO - [2026-01-08T01:49:25.943+0000] {dag.py:3211} INFO - Sync 1 DAGs
[2026-01-08T01:49:25.956+0000] {logging_mixin.py:190} INFO - [2026-01-08T01:49:25.956+0000] {dag.py:4138} INFO - Setting next_dagrun for example_kubernetes_executor to None, run_after=None
[2026-01-08T01:49:25.971+0000] {processor.py:208} INFO - Processing /home/airflow/.local/lib/python3.12/site-packages/airflow/example_dags/example_kubernetes_executor.py took 0.073 seconds
[2026-01-08T01:49:56.474+0000] {processor.py:186} INFO - Started process (PID=301) to work on /home/airflow/.local/lib/python3.12/site-packages/airflow/example_dags/example_kubernetes_executor.py
[2026-01-08T01:49:56.477+0000] {processor.py:914} INFO - Processing file /home/airflow/.local/lib/python3.12/site-packages/airflow/example_dags/example_kubernetes_executor.py for tasks to queue
[2026-01-08T01:49:56.482+0000] {logging_mixin.py:190} INFO - [2026-01-08T01:49:56.481+0000] {dagbag.py:587} INFO - Filling up the DagBag from /home/airflow/.local/lib/python3.12/site-packages/airflow/example_dags/example_kubernetes_executor.py
[2026-01-08T01:49:56.498+0000] {processor.py:925} INFO - DAG(s) 'example_kubernetes_executor' retrieved from /home/airflow/.local/lib/python3.12/site-packages/airflow/example_dags/example_kubernetes_executor.py
[2026-01-08T01:49:56.528+0000] {logging_mixin.py:190} INFO - [2026-01-08T01:49:56.528+0000] {dag.py:3211} INFO - Sync 1 DAGs
[2026-01-08T01:49:56.539+0000] {logging_mixin.py:190} INFO - [2026-01-08T01:49:56.538+0000] {dag.py:4138} INFO - Setting next_dagrun for example_kubernetes_executor to None, run_after=None
[2026-01-08T01:49:56.556+0000] {processor.py:208} INFO - Processing /home/airflow/.local/lib/python3.12/site-packages/airflow/example_dags/example_kubernetes_executor.py took 0.093 seconds
[2026-01-08T01:50:26.887+0000] {processor.py:186} INFO - Started process (PID=363) to work on /home/airflow/.local/lib/python3.12/site-packages/airflow/example_dags/example_kubernetes_executor.py
[2026-01-08T01:50:26.889+0000] {processor.py:914} INFO - Processing file /home/airflow/.local/lib/python3.12/site-packages/airflow/example_dags/example_kubernetes_executor.py for tasks to queue
[2026-01-08T01:50:26.891+0000] {logging_mixin.py:190} INFO - [2026-01-08T01:50:26.891+0000] {dagbag.py:587} INFO - Filling up the DagBag from /home/airflow/.local/lib/python3.12/site-packages/airflow/example_dags/example_kubernetes_executor.py
[2026-01-08T01:50:26.901+0000] {processor.py:925} INFO - DAG(s) 'example_kubernetes_executor' retrieved from /home/airflow/.local/lib/python3.12/site-packages/airflow/example_dags/example_kubernetes_executor.py
[2026-01-08T01:50:26.929+0000] {logging_mixin.py:190} INFO - [2026-01-08T01:50:26.929+0000] {dag.py:3211} INFO - Sync 1 DAGs
[2026-01-08T01:50:26.938+0000] {logging_mixin.py:190} INFO - [2026-01-08T01:50:26.938+0000] {dag.py:4138} INFO - Setting next_dagrun for example_kubernetes_executor to None, run_after=None
[2026-01-08T01:50:26.951+0000] {processor.py:208} INFO - Processing /home/airflow/.local/lib/python3.12/site-packages/airflow/example_dags/example_kubernetes_executor.py took 0.068 seconds
[2026-01-08T01:50:57.311+0000] {processor.py:186} INFO - Started process (PID=425) to work on /home/airflow/.local/lib/python3.12/site-packages/airflow/example_dags/example_kubernetes_executor.py
[2026-01-08T01:50:57.312+0000] {processor.py:914} INFO - Processing file /home/airflow/.local/lib/python3.12/site-packages/airflow/example_dags/example_kubernetes_executor.py for tasks to queue
[2026-01-08T01:50:57.315+0000] {logging_mixin.py:190} INFO - [2026-01-08T01:50:57.315+0000] {dagbag.py:587} INFO - Filling up the DagBag from /home/airflow/.local/lib/python3.12/site-packages/airflow/example_dags/example_kubernetes_executor.py
[2026-01-08T01:50:57.325+0000] {processor.py:925} INFO - DAG(s) 'example_kubernetes_executor' retrieved from /home/airflow/.local/lib/python3.12/site-packages/airflow/example_dags/example_kubernetes_executor.py
[2026-01-08T01:50:57.355+0000] {logging_mixin.py:190} INFO - [2026-01-08T01:50:57.355+0000] {dag.py:3211} INFO - Sync 1 DAGs
[2026-01-08T01:50:57.367+0000] {logging_mixin.py:190} INFO - [2026-01-08T01:50:57.367+0000] {dag.py:4138} INFO - Setting next_dagrun for example_kubernetes_executor to None, run_after=None
[2026-01-08T01:50:57.386+0000] {processor.py:208} INFO - Processing /home/airflow/.local/lib/python3.12/site-packages/airflow/example_dags/example_kubernetes_executor.py took 0.079 seconds
[2026-01-08T01:51:28.097+0000] {processor.py:186} INFO - Started process (PID=487) to work on /home/airflow/.local/lib/python3.12/site-packages/airflow/example_dags/example_kubernetes_executor.py
[2026-01-08T01:51:28.099+0000] {processor.py:914} INFO - Processing file /home/airflow/.local/lib/python3.12/site-packages/airflow/example_dags/example_kubernetes_executor.py for tasks to queue
[2026-01-08T01:51:28.101+0000] {logging_mixin.py:190} INFO - [2026-01-08T01:51:28.101+0000] {dagbag.py:587} INFO - Filling up the DagBag from /home/airflow/.local/lib/python3.12/site-packages/airflow/example_dags/example_kubernetes_executor.py
[2026-01-08T01:51:28.111+0000] {processor.py:925} INFO - DAG(s) 'example_kubernetes_executor' retrieved from /home/airflow/.local/lib/python3.12/site-packages/airflow/example_dags/example_kubernetes_executor.py
[2026-01-08T01:51:28.143+0000] {logging_mixin.py:190} INFO - [2026-01-08T01:51:28.143+0000] {dag.py:3211} INFO - Sync 1 DAGs
[2026-01-08T01:51:28.156+0000] {logging_mixin.py:190} INFO - [2026-01-08T01:51:28.156+0000] {dag.py:4138} INFO - Setting next_dagrun for example_kubernetes_executor to None, run_after=None
[2026-01-08T01:51:28.173+0000] {processor.py:208} INFO - Processing /home/airflow/.local/lib/python3.12/site-packages/airflow/example_dags/example_kubernetes_executor.py took 0.080 seconds
[2026-01-08T01:51:58.664+0000] {processor.py:186} INFO - Started process (PID=550) to work on /home/airflow/.local/lib/python3.12/site-packages/airflow/example_dags/example_kubernetes_executor.py
[2026-01-08T01:51:58.665+0000] {processor.py:914} INFO - Processing file /home/airflow/.local/lib/python3.12/site-packages/airflow/example_dags/example_kubernetes_executor.py for tasks to queue
[2026-01-08T01:51:58.668+0000] {logging_mixin.py:190} INFO - [2026-01-08T01:51:58.667+0000] {dagbag.py:587} INFO - Filling up the DagBag from /home/airflow/.local/lib/python3.12/site-packages/airflow/example_dags/example_kubernetes_executor.py
[2026-01-08T01:51:58.678+0000] {processor.py:925} INFO - DAG(s) 'example_kubernetes_executor' retrieved from /home/airflow/.local/lib/python3.12/site-packages/airflow/example_dags/example_kubernetes_executor.py
[2026-01-08T01:51:58.706+0000] {logging_mixin.py:190} INFO - [2026-01-08T01:51:58.705+0000] {dag.py:3211} INFO - Sync 1 DAGs
[2026-01-08T01:51:58.716+0000] {logging_mixin.py:190} INFO - [2026-01-08T01:51:58.716+0000] {dag.py:4138} INFO - Setting next_dagrun for example_kubernetes_executor to None, run_after=None
[2026-01-08T01:51:58.730+0000] {processor.py:208} INFO - Processing /home/airflow/.local/lib/python3.12/site-packages/airflow/example_dags/example_kubernetes_executor.py took 0.070 seconds
[2026-01-08T01:52:28.948+0000] {processor.py:186} INFO - Started process (PID=611) to work on /home/airflow/.local/lib/python3.12/site-packages/airflow/example_dags/example_kubernetes_executor.py
[2026-01-08T01:52:28.950+0000] {processor.py:914} INFO - Processing file /home/airflow/.local/lib/python3.12/site-packages/airflow/example_dags/example_kubernetes_executor.py for tasks to queue
[2026-01-08T01:52:28.952+0000] {logging_mixin.py:190} INFO - [2026-01-08T01:52:28.952+0000] {dagbag.py:587} INFO - Filling up the DagBag from /home/airflow/.local/lib/python3.12/site-packages/airflow/example_dags/example_kubernetes_executor.py
[2026-01-08T01:52:28.962+0000] {processor.py:925} INFO - DAG(s) 'example_kubernetes_executor' retrieved from /home/airflow/.local/lib/python3.12/site-packages/airflow/example_dags/example_kubernetes_executor.py
[2026-01-08T01:52:28.989+0000] {logging_mixin.py:190} INFO - [2026-01-08T01:52:28.989+0000] {dag.py:3211} INFO - Sync 1 DAGs
[2026-01-08T01:52:28.999+0000] {logging_mixin.py:190} INFO - [2026-01-08T01:52:28.999+0000] {dag.py:4138} INFO - Setting next_dagrun for example_kubernetes_executor to None, run_after=None
[2026-01-08T01:52:29.015+0000] {processor.py:208} INFO - Processing /home/airflow/.local/lib/python3.12/site-packages/airflow/example_dags/example_kubernetes_executor.py took 0.071 seconds
[2026-01-08T01:52:59.393+0000] {processor.py:186} INFO - Started process (PID=674) to work on /home/airflow/.local/lib/python3.12/site-packages/airflow/example_dags/example_kubernetes_executor.py
[2026-01-08T01:52:59.394+0000] {processor.py:914} INFO - Processing file /home/airflow/.local/lib/python3.12/site-packages/airflow/example_dags/example_kubernetes_executor.py for tasks to queue
[2026-01-08T01:52:59.397+0000] {logging_mixin.py:190} INFO - [2026-01-08T01:52:59.397+0000] {dagbag.py:587} INFO - Filling up the DagBag from /home/airflow/.local/lib/python3.12/site-packages/airflow/example_dags/example_kubernetes_executor.py
[2026-01-08T01:52:59.407+0000] {processor.py:925} INFO - DAG(s) 'example_kubernetes_executor' retrieved from /home/airflow/.local/lib/python3.12/site-packages/airflow/example_dags/example_kubernetes_executor.py
[2026-01-08T01:52:59.435+0000] {logging_mixin.py:190} INFO - [2026-01-08T01:52:59.435+0000] {dag.py:3211} INFO - Sync 1 DAGs
[2026-01-08T01:52:59.446+0000] {logging_mixin.py:190} INFO - [2026-01-08T01:52:59.446+0000] {dag.py:4138} INFO - Setting next_dagrun for example_kubernetes_executor to None, run_after=None
[2026-01-08T01:52:59.463+0000] {processor.py:208} INFO - Processing /home/airflow/.local/lib/python3.12/site-packages/airflow/example_dags/example_kubernetes_executor.py took 0.075 seconds
[2026-01-08T01:53:30.058+0000] {processor.py:186} INFO - Started process (PID=736) to work on /home/airflow/.local/lib/python3.12/site-packages/airflow/example_dags/example_kubernetes_executor.py
[2026-01-08T01:53:30.059+0000] {processor.py:914} INFO - Processing file /home/airflow/.local/lib/python3.12/site-packages/airflow/example_dags/example_kubernetes_executor.py for tasks to queue
[2026-01-08T01:53:30.062+0000] {logging_mixin.py:190} INFO - [2026-01-08T01:53:30.061+0000] {dagbag.py:587} INFO - Filling up the DagBag from /home/airflow/.local/lib/python3.12/site-packages/airflow/example_dags/example_kubernetes_executor.py
[2026-01-08T01:53:30.073+0000] {processor.py:925} INFO - DAG(s) 'example_kubernetes_executor' retrieved from /home/airflow/.local/lib/python3.12/site-packages/airflow/example_dags/example_kubernetes_executor.py
[2026-01-08T01:53:30.103+0000] {logging_mixin.py:190} INFO - [2026-01-08T01:53:30.103+0000] {dag.py:3211} INFO - Sync 1 DAGs
[2026-01-08T01:53:30.113+0000] {logging_mixin.py:190} INFO - [2026-01-08T01:53:30.112+0000] {dag.py:4138} INFO - Setting next_dagrun for example_kubernetes_executor to None, run_after=None
[2026-01-08T01:53:30.129+0000] {processor.py:208} INFO - Processing /home/airflow/.local/lib/python3.12/site-packages/airflow/example_dags/example_kubernetes_executor.py took 0.075 seconds
[2026-01-08T01:54:00.434+0000] {processor.py:186} INFO - Started process (PID=798) to work on /home/airflow/.local/lib/python3.12/site-packages/airflow/example_dags/example_kubernetes_executor.py
[2026-01-08T01:54:00.435+0000] {processor.py:914} INFO - Processing file /home/airflow/.local/lib/python3.12/site-packages/airflow/example_dags/example_kubernetes_executor.py for tasks to queue
[2026-01-08T01:54:00.438+0000] {logging_mixin.py:190} INFO - [2026-01-08T01:54:00.437+0000] {dagbag.py:587} INFO - Filling up the DagBag from /home/airflow/.local/lib/python3.12/site-packages/airflow/example_dags/example_kubernetes_executor.py
[2026-01-08T01:54:00.448+0000] {processor.py:925} INFO - DAG(s) 'example_kubernetes_executor' retrieved from /home/airflow/.local/lib/python3.12/site-packages/airflow/example_dags/example_kubernetes_executor.py
[2026-01-08T01:54:00.475+0000] {logging_mixin.py:190} INFO - [2026-01-08T01:54:00.475+0000] {dag.py:3211} INFO - Sync 1 DAGs
[2026-01-08T01:54:00.493+0000] {logging_mixin.py:190} INFO - [2026-01-08T01:54:00.493+0000] {dag.py:4138} INFO - Setting next_dagrun for example_kubernetes_executor to None, run_after=None
[2026-01-08T01:54:00.508+0000] {processor.py:208} INFO - Processing /home/airflow/.local/lib/python3.12/site-packages/airflow/example_dags/example_kubernetes_executor.py took 0.079 seconds
[2026-01-08T01:54:31.023+0000] {processor.py:186} INFO - Started process (PID=860) to work on /home/airflow/.local/lib/python3.12/site-packages/airflow/example_dags/example_kubernetes_executor.py
[2026-01-08T01:54:31.025+0000] {processor.py:914} INFO - Processing file /home/airflow/.local/lib/python3.12/site-packages/airflow/example_dags/example_kubernetes_executor.py for tasks to queue
[2026-01-08T01:54:31.027+0000] {logging_mixin.py:190} INFO - [2026-01-08T01:54:31.027+0000] {dagbag.py:587} INFO - Filling up the DagBag from /home/airflow/.local/lib/python3.12/site-packages/airflow/example_dags/example_kubernetes_executor.py
[2026-01-08T01:54:31.037+0000] {processor.py:925} INFO - DAG(s) 'example_kubernetes_executor' retrieved from /home/airflow/.local/lib/python3.12/site-packages/airflow/example_dags/example_kubernetes_executor.py
[2026-01-08T01:54:31.064+0000] {logging_mixin.py:190} INFO - [2026-01-08T01:54:31.064+0000] {dag.py:3211} INFO - Sync 1 DAGs
[2026-01-08T01:54:31.075+0000] {logging_mixin.py:190} INFO - [2026-01-08T01:54:31.075+0000] {dag.py:4138} INFO - Setting next_dagrun for example_kubernetes_executor to None, run_after=None
[2026-01-08T01:54:31.091+0000] {processor.py:208} INFO - Processing /home/airflow/.local/lib/python3.12/site-packages/airflow/example_dags/example_kubernetes_executor.py took 0.073 seconds
[2026-01-08T01:55:01.366+0000] {processor.py:186} INFO - Started process (PID=921) to work on /home/airflow/.local/lib/python3.12/site-packages/airflow/example_dags/example_kubernetes_executor.py
[2026-01-08T01:55:01.368+0000] {processor.py:914} INFO - Processing file /home/airflow/.local/lib/python3.12/site-packages/airflow/example_dags/example_kubernetes_executor.py for tasks to queue
[2026-01-08T01:55:01.371+0000] {logging_mixin.py:190} INFO - [2026-01-08T01:55:01.370+0000] {dagbag.py:587} INFO - Filling up the DagBag from /home/airflow/.local/lib/python3.12/site-packages/airflow/example_dags/example_kubernetes_executor.py
[2026-01-08T01:55:01.381+0000] {processor.py:925} INFO - DAG(s) 'example_kubernetes_executor' retrieved from /home/airflow/.local/lib/python3.12/site-packages/airflow/example_dags/example_kubernetes_executor.py
[2026-01-08T01:55:01.409+0000] {logging_mixin.py:190} INFO - [2026-01-08T01:55:01.409+0000] {dag.py:3211} INFO - Sync 1 DAGs
[2026-01-08T01:55:01.419+0000] {logging_mixin.py:190} INFO - [2026-01-08T01:55:01.419+0000] {dag.py:4138} INFO - Setting next_dagrun for example_kubernetes_executor to None, run_after=None
[2026-01-08T01:55:01.431+0000] {processor.py:208} INFO - Processing /home/airflow/.local/lib/python3.12/site-packages/airflow/example_dags/example_kubernetes_executor.py took 0.070 seconds
[2026-01-08T01:55:32.195+0000] {processor.py:186} INFO - Started process (PID=984) to work on /home/airflow/.local/lib/python3.12/site-packages/airflow/example_dags/example_kubernetes_executor.py
[2026-01-08T01:55:32.196+0000] {processor.py:914} INFO - Processing file /home/airflow/.local/lib/python3.12/site-packages/airflow/example_dags/example_kubernetes_executor.py for tasks to queue
[2026-01-08T01:55:32.199+0000] {logging_mixin.py:190} INFO - [2026-01-08T01:55:32.199+0000] {dagbag.py:587} INFO - Filling up the DagBag from /home/airflow/.local/lib/python3.12/site-packages/airflow/example_dags/example_kubernetes_executor.py
[2026-01-08T01:55:32.209+0000] {processor.py:925} INFO - DAG(s) 'example_kubernetes_executor' retrieved from /home/airflow/.local/lib/python3.12/site-packages/airflow/example_dags/example_kubernetes_executor.py
[2026-01-08T01:55:32.237+0000] {logging_mixin.py:190} INFO - [2026-01-08T01:55:32.237+0000] {dag.py:3211} INFO - Sync 1 DAGs
[2026-01-08T01:55:32.249+0000] {logging_mixin.py:190} INFO - [2026-01-08T01:55:32.248+0000] {dag.py:4138} INFO - Setting next_dagrun for example_kubernetes_executor to None, run_after=None
[2026-01-08T01:55:32.264+0000] {processor.py:208} INFO - Processing /home/airflow/.local/lib/python3.12/site-packages/airflow/example_dags/example_kubernetes_executor.py took 0.074 seconds
[2026-01-08T01:56:02.988+0000] {processor.py:186} INFO - Started process (PID=1046) to work on /home/airflow/.local/lib/python3.12/site-packages/airflow/example_dags/example_kubernetes_executor.py
[2026-01-08T01:56:02.989+0000] {processor.py:914} INFO - Processing file /home/airflow/.local/lib/python3.12/site-packages/airflow/example_dags/example_kubernetes_executor.py for tasks to queue
[2026-01-08T01:56:02.992+0000] {logging_mixin.py:190} INFO - [2026-01-08T01:56:02.991+0000] {dagbag.py:587} INFO - Filling up the DagBag from /home/airflow/.local/lib/python3.12/site-packages/airflow/example_dags/example_kubernetes_executor.py
[2026-01-08T01:56:03.002+0000] {processor.py:925} INFO - DAG(s) 'example_kubernetes_executor' retrieved from /home/airflow/.local/lib/python3.12/site-packages/airflow/example_dags/example_kubernetes_executor.py
[2026-01-08T01:56:03.031+0000] {logging_mixin.py:190} INFO - [2026-01-08T01:56:03.031+0000] {dag.py:3211} INFO - Sync 1 DAGs
[2026-01-08T01:56:03.042+0000] {logging_mixin.py:190} INFO - [2026-01-08T01:56:03.042+0000] {dag.py:4138} INFO - Setting next_dagrun for example_kubernetes_executor to None, run_after=None
[2026-01-08T01:56:03.060+0000] {processor.py:208} INFO - Processing /home/airflow/.local/lib/python3.12/site-packages/airflow/example_dags/example_kubernetes_executor.py took 0.077 seconds
[2026-01-08T01:56:33.269+0000] {processor.py:186} INFO - Started process (PID=1108) to work on /home/airflow/.local/lib/python3.12/site-packages/airflow/example_dags/example_kubernetes_executor.py
[2026-01-08T01:56:33.271+0000] {processor.py:914} INFO - Processing file /home/airflow/.local/lib/python3.12/site-packages/airflow/example_dags/example_kubernetes_executor.py for tasks to queue
[2026-01-08T01:56:33.273+0000] {logging_mixin.py:190} INFO - [2026-01-08T01:56:33.273+0000] {dagbag.py:587} INFO - Filling up the DagBag from /home/airflow/.local/lib/python3.12/site-packages/airflow/example_dags/example_kubernetes_executor.py
[2026-01-08T01:56:33.283+0000] {processor.py:925} INFO - DAG(s) 'example_kubernetes_executor' retrieved from /home/airflow/.local/lib/python3.12/site-packages/airflow/example_dags/example_kubernetes_executor.py
[2026-01-08T01:56:33.311+0000] {logging_mixin.py:190} INFO - [2026-01-08T01:56:33.310+0000] {dag.py:3211} INFO - Sync 1 DAGs
[2026-01-08T01:56:33.323+0000] {logging_mixin.py:190} INFO - [2026-01-08T01:56:33.323+0000] {dag.py:4138} INFO - Setting next_dagrun for example_kubernetes_executor to None, run_after=None
[2026-01-08T01:56:33.340+0000] {processor.py:208} INFO - Processing /home/airflow/.local/lib/python3.12/site-packages/airflow/example_dags/example_kubernetes_executor.py took 0.075 seconds
[2026-01-08T01:57:03.501+0000] {processor.py:186} INFO - Started process (PID=1169) to work on /home/airflow/.local/lib/python3.12/site-packages/airflow/example_dags/example_kubernetes_executor.py
[2026-01-08T01:57:03.503+0000] {processor.py:914} INFO - Processing file /home/airflow/.local/lib/python3.12/site-packages/airflow/example_dags/example_kubernetes_executor.py for tasks to queue
[2026-01-08T01:57:03.505+0000] {logging_mixin.py:190} INFO - [2026-01-08T01:57:03.505+0000] {dagbag.py:587} INFO - Filling up the DagBag from /home/airflow/.local/lib/python3.12/site-packages/airflow/example_dags/example_kubernetes_executor.py
[2026-01-08T01:57:03.515+0000] {processor.py:925} INFO - DAG(s) 'example_kubernetes_executor' retrieved from /home/airflow/.local/lib/python3.12/site-packages/airflow/example_dags/example_kubernetes_executor.py
[2026-01-08T01:57:03.545+0000] {logging_mixin.py:190} INFO - [2026-01-08T01:57:03.545+0000] {dag.py:3211} INFO - Sync 1 DAGs
[2026-01-08T01:57:03.555+0000] {logging_mixin.py:190} INFO - [2026-01-08T01:57:03.555+0000] {dag.py:4138} INFO - Setting next_dagrun for example_kubernetes_executor to None, run_after=None
[2026-01-08T01:57:03.568+0000] {processor.py:208} INFO - Processing /home/airflow/.local/lib/python3.12/site-packages/airflow/example_dags/example_kubernetes_executor.py took 0.072 seconds
[2026-01-08T01:57:34.231+0000] {processor.py:186} INFO - Started process (PID=1231) to work on /home/airflow/.local/lib/python3.12/site-packages/airflow/example_dags/example_kubernetes_executor.py
[2026-01-08T01:57:34.233+0000] {processor.py:914} INFO - Processing file /home/airflow/.local/lib/python3.12/site-packages/airflow/example_dags/example_kubernetes_executor.py for tasks to queue
[2026-01-08T01:57:34.235+0000] {logging_mixin.py:190} INFO - [2026-01-08T01:57:34.235+0000] {dagbag.py:587} INFO - Filling up the DagBag from /home/airflow/.local/lib/python3.12/site-packages/airflow/example_dags/example_kubernetes_executor.py
[2026-01-08T01:57:34.246+0000] {processor.py:925} INFO - DAG(s) 'example_kubernetes_executor' retrieved from /home/airflow/.local/lib/python3.12/site-packages/airflow/example_dags/example_kubernetes_executor.py
[2026-01-08T01:57:34.277+0000] {logging_mixin.py:190} INFO - [2026-01-08T01:57:34.277+0000] {dag.py:3211} INFO - Sync 1 DAGs
[2026-01-08T01:57:34.287+0000] {logging_mixin.py:190} INFO - [2026-01-08T01:57:34.287+0000] {dag.py:4138} INFO - Setting next_dagrun for example_kubernetes_executor to None, run_after=None
[2026-01-08T01:57:34.303+0000] {processor.py:208} INFO - Processing /home/airflow/.local/lib/python3.12/site-packages/airflow/example_dags/example_kubernetes_executor.py took 0.077 seconds
[2026-01-08T01:58:04.736+0000] {processor.py:186} INFO - Started process (PID=1293) to work on /home/airflow/.local/lib/python3.12/site-packages/airflow/example_dags/example_kubernetes_executor.py
[2026-01-08T01:58:04.737+0000] {processor.py:914} INFO - Processing file /home/airflow/.local/lib/python3.12/site-packages/airflow/example_dags/example_kubernetes_executor.py for tasks to queue
[2026-01-08T01:58:04.740+0000] {logging_mixin.py:190} INFO - [2026-01-08T01:58:04.740+0000] {dagbag.py:587} INFO - Filling up the DagBag from /home/airflow/.local/lib/python3.12/site-packages/airflow/example_dags/example_kubernetes_executor.py
[2026-01-08T01:58:04.750+0000] {processor.py:925} INFO - DAG(s) 'example_kubernetes_executor' retrieved from /home/airflow/.local/lib/python3.12/site-packages/airflow/example_dags/example_kubernetes_executor.py
[2026-01-08T01:58:04.780+0000] {logging_mixin.py:190} INFO - [2026-01-08T01:58:04.780+0000] {dag.py:3211} INFO - Sync 1 DAGs
[2026-01-08T01:58:04.791+0000] {logging_mixin.py:190} INFO - [2026-01-08T01:58:04.791+0000] {dag.py:4138} INFO - Setting next_dagrun for example_kubernetes_executor to None, run_after=None
[2026-01-08T01:58:04.804+0000] {processor.py:208} INFO - Processing /home/airflow/.local/lib/python3.12/site-packages/airflow/example_dags/example_kubernetes_executor.py took 0.073 seconds
[2026-01-08T01:58:34.982+0000] {processor.py:186} INFO - Started process (PID=1356) to work on /home/airflow/.local/lib/python3.12/site-packages/airflow/example_dags/example_kubernetes_executor.py
[2026-01-08T01:58:34.983+0000] {processor.py:914} INFO - Processing file /home/airflow/.local/lib/python3.12/site-packages/airflow/example_dags/example_kubernetes_executor.py for tasks to queue
[2026-01-08T01:58:34.986+0000] {logging_mixin.py:190} INFO - [2026-01-08T01:58:34.985+0000] {dagbag.py:587} INFO - Filling up the DagBag from /home/airflow/.local/lib/python3.12/site-packages/airflow/example_dags/example_kubernetes_executor.py
[2026-01-08T01:58:34.995+0000] {processor.py:925} INFO - DAG(s) 'example_kubernetes_executor' retrieved from /home/airflow/.local/lib/python3.12/site-packages/airflow/example_dags/example_kubernetes_executor.py
[2026-01-08T01:58:35.031+0000] {logging_mixin.py:190} INFO - [2026-01-08T01:58:35.031+0000] {dag.py:3211} INFO - Sync 1 DAGs
[2026-01-08T01:58:35.041+0000] {logging_mixin.py:190} INFO - [2026-01-08T01:58:35.040+0000] {dag.py:4138} INFO - Setting next_dagrun for example_kubernetes_executor to None, run_after=None
[2026-01-08T01:58:35.054+0000] {processor.py:208} INFO - Processing /home/airflow/.local/lib/python3.12/site-packages/airflow/example_dags/example_kubernetes_executor.py took 0.076 seconds
[2026-01-08T01:59:05.346+0000] {processor.py:186} INFO - Started process (PID=1419) to work on /home/airflow/.local/lib/python3.12/site-packages/airflow/example_dags/example_kubernetes_executor.py
[2026-01-08T01:59:05.348+0000] {processor.py:914} INFO - Processing file /home/airflow/.local/lib/python3.12/site-packages/airflow/example_dags/example_kubernetes_executor.py for tasks to queue
[2026-01-08T01:59:05.350+0000] {logging_mixin.py:190} INFO - [2026-01-08T01:59:05.350+0000] {dagbag.py:587} INFO - Filling up the DagBag from /home/airflow/.local/lib/python3.12/site-packages/airflow/example_dags/example_kubernetes_executor.py
[2026-01-08T01:59:05.362+0000] {processor.py:925} INFO - DAG(s) 'example_kubernetes_executor' retrieved from /home/airflow/.local/lib/python3.12/site-packages/airflow/example_dags/example_kubernetes_executor.py
[2026-01-08T01:59:05.399+0000] {logging_mixin.py:190} INFO - [2026-01-08T01:59:05.399+0000] {dag.py:3211} INFO - Sync 1 DAGs
[2026-01-08T01:59:05.410+0000] {logging_mixin.py:190} INFO - [2026-01-08T01:59:05.410+0000] {dag.py:4138} INFO - Setting next_dagrun for example_kubernetes_executor to None, run_after=None
[2026-01-08T01:59:05.424+0000] {processor.py:208} INFO - Processing /home/airflow/.local/lib/python3.12/site-packages/airflow/example_dags/example_kubernetes_executor.py took 0.082 seconds
[2026-01-08T01:59:35.572+0000] {processor.py:186} INFO - Started process (PID=1482) to work on /home/airflow/.local/lib/python3.12/site-packages/airflow/example_dags/example_kubernetes_executor.py
[2026-01-08T01:59:35.574+0000] {processor.py:914} INFO - Processing file /home/airflow/.local/lib/python3.12/site-packages/airflow/example_dags/example_kubernetes_executor.py for tasks to queue
[2026-01-08T01:59:35.576+0000] {logging_mixin.py:190} INFO - [2026-01-08T01:59:35.575+0000] {dagbag.py:587} INFO - Filling up the DagBag from /home/airflow/.local/lib/python3.12/site-packages/airflow/example_dags/example_kubernetes_executor.py
[2026-01-08T01:59:35.586+0000] {processor.py:925} INFO - DAG(s) 'example_kubernetes_executor' retrieved from /home/airflow/.local/lib/python3.12/site-packages/airflow/example_dags/example_kubernetes_executor.py
[2026-01-08T01:59:35.618+0000] {logging_mixin.py:190} INFO - [2026-01-08T01:59:35.618+0000] {dag.py:3211} INFO - Sync 1 DAGs
[2026-01-08T01:59:35.629+0000] {logging_mixin.py:190} INFO - [2026-01-08T01:59:35.628+0000] {dag.py:4138} INFO - Setting next_dagrun for example_kubernetes_executor to None, run_after=None
[2026-01-08T01:59:35.642+0000] {processor.py:208} INFO - Processing /home/airflow/.local/lib/python3.12/site-packages/airflow/example_dags/example_kubernetes_executor.py took 0.075 seconds
[2026-01-08T02:00:06.461+0000] {processor.py:186} INFO - Started process (PID=1546) to work on /home/airflow/.local/lib/python3.12/site-packages/airflow/example_dags/example_kubernetes_executor.py
[2026-01-08T02:00:06.462+0000] {processor.py:914} INFO - Processing file /home/airflow/.local/lib/python3.12/site-packages/airflow/example_dags/example_kubernetes_executor.py for tasks to queue
[2026-01-08T02:00:06.465+0000] {logging_mixin.py:190} INFO - [2026-01-08T02:00:06.465+0000] {dagbag.py:587} INFO - Filling up the DagBag from /home/airflow/.local/lib/python3.12/site-packages/airflow/example_dags/example_kubernetes_executor.py
[2026-01-08T02:00:06.476+0000] {processor.py:925} INFO - DAG(s) 'example_kubernetes_executor' retrieved from /home/airflow/.local/lib/python3.12/site-packages/airflow/example_dags/example_kubernetes_executor.py
[2026-01-08T02:00:06.513+0000] {logging_mixin.py:190} INFO - [2026-01-08T02:00:06.513+0000] {dag.py:3211} INFO - Sync 1 DAGs
[2026-01-08T02:00:06.525+0000] {logging_mixin.py:190} INFO - [2026-01-08T02:00:06.525+0000] {dag.py:4138} INFO - Setting next_dagrun for example_kubernetes_executor to None, run_after=None
[2026-01-08T02:00:06.540+0000] {processor.py:208} INFO - Processing /home/airflow/.local/lib/python3.12/site-packages/airflow/example_dags/example_kubernetes_executor.py took 0.083 seconds
[2026-01-08T02:00:37.115+0000] {processor.py:186} INFO - Started process (PID=1609) to work on /home/airflow/.local/lib/python3.12/site-packages/airflow/example_dags/example_kubernetes_executor.py
[2026-01-08T02:00:37.117+0000] {processor.py:914} INFO - Processing file /home/airflow/.local/lib/python3.12/site-packages/airflow/example_dags/example_kubernetes_executor.py for tasks to queue
[2026-01-08T02:00:37.119+0000] {logging_mixin.py:190} INFO - [2026-01-08T02:00:37.119+0000] {dagbag.py:587} INFO - Filling up the DagBag from /home/airflow/.local/lib/python3.12/site-packages/airflow/example_dags/example_kubernetes_executor.py
[2026-01-08T02:00:37.129+0000] {processor.py:925} INFO - DAG(s) 'example_kubernetes_executor' retrieved from /home/airflow/.local/lib/python3.12/site-packages/airflow/example_dags/example_kubernetes_executor.py
[2026-01-08T02:00:37.166+0000] {logging_mixin.py:190} INFO - [2026-01-08T02:00:37.166+0000] {dag.py:3211} INFO - Sync 1 DAGs
[2026-01-08T02:00:37.176+0000] {logging_mixin.py:190} INFO - [2026-01-08T02:00:37.176+0000] {dag.py:4138} INFO - Setting next_dagrun for example_kubernetes_executor to None, run_after=None
[2026-01-08T02:00:37.191+0000] {processor.py:208} INFO - Processing /home/airflow/.local/lib/python3.12/site-packages/airflow/example_dags/example_kubernetes_executor.py took 0.081 seconds
[2026-01-08T02:01:07.602+0000] {processor.py:186} INFO - Started process (PID=1672) to work on /home/airflow/.local/lib/python3.12/site-packages/airflow/example_dags/example_kubernetes_executor.py
[2026-01-08T02:01:07.603+0000] {processor.py:914} INFO - Processing file /home/airflow/.local/lib/python3.12/site-packages/airflow/example_dags/example_kubernetes_executor.py for tasks to queue
[2026-01-08T02:01:07.606+0000] {logging_mixin.py:190} INFO - [2026-01-08T02:01:07.606+0000] {dagbag.py:587} INFO - Filling up the DagBag from /home/airflow/.local/lib/python3.12/site-packages/airflow/example_dags/example_kubernetes_executor.py
[2026-01-08T02:01:07.616+0000] {processor.py:925} INFO - DAG(s) 'example_kubernetes_executor' retrieved from /home/airflow/.local/lib/python3.12/site-packages/airflow/example_dags/example_kubernetes_executor.py
[2026-01-08T02:01:07.651+0000] {logging_mixin.py:190} INFO - [2026-01-08T02:01:07.650+0000] {dag.py:3211} INFO - Sync 1 DAGs
[2026-01-08T02:01:07.661+0000] {logging_mixin.py:190} INFO - [2026-01-08T02:01:07.661+0000] {dag.py:4138} INFO - Setting next_dagrun for example_kubernetes_executor to None, run_after=None
[2026-01-08T02:01:07.678+0000] {processor.py:208} INFO - Processing /home/airflow/.local/lib/python3.12/site-packages/airflow/example_dags/example_kubernetes_executor.py took 0.081 seconds
[2026-01-08T02:01:38.636+0000] {processor.py:186} INFO - Started process (PID=1735) to work on /home/airflow/.local/lib/python3.12/site-packages/airflow/example_dags/example_kubernetes_executor.py
[2026-01-08T02:01:38.638+0000] {processor.py:914} INFO - Processing file /home/airflow/.local/lib/python3.12/site-packages/airflow/example_dags/example_kubernetes_executor.py for tasks to queue
[2026-01-08T02:01:38.640+0000] {logging_mixin.py:190} INFO - [2026-01-08T02:01:38.640+0000] {dagbag.py:587} INFO - Filling up the DagBag from /home/airflow/.local/lib/python3.12/site-packages/airflow/example_dags/example_kubernetes_executor.py
[2026-01-08T02:01:38.650+0000] {processor.py:925} INFO - DAG(s) 'example_kubernetes_executor' retrieved from /home/airflow/.local/lib/python3.12/site-packages/airflow/example_dags/example_kubernetes_executor.py
[2026-01-08T02:01:38.682+0000] {logging_mixin.py:190} INFO - [2026-01-08T02:01:38.682+0000] {dag.py:3211} INFO - Sync 1 DAGs
[2026-01-08T02:01:38.693+0000] {logging_mixin.py:190} INFO - [2026-01-08T02:01:38.693+0000] {dag.py:4138} INFO - Setting next_dagrun for example_kubernetes_executor to None, run_after=None
[2026-01-08T02:01:38.707+0000] {processor.py:208} INFO - Processing /home/airflow/.local/lib/python3.12/site-packages/airflow/example_dags/example_kubernetes_executor.py took 0.076 seconds
[2026-01-08T02:02:09.541+0000] {processor.py:186} INFO - Started process (PID=1798) to work on /home/airflow/.local/lib/python3.12/site-packages/airflow/example_dags/example_kubernetes_executor.py
[2026-01-08T02:02:09.542+0000] {processor.py:914} INFO - Processing file /home/airflow/.local/lib/python3.12/site-packages/airflow/example_dags/example_kubernetes_executor.py for tasks to queue
[2026-01-08T02:02:09.545+0000] {logging_mixin.py:190} INFO - [2026-01-08T02:02:09.544+0000] {dagbag.py:587} INFO - Filling up the DagBag from /home/airflow/.local/lib/python3.12/site-packages/airflow/example_dags/example_kubernetes_executor.py
[2026-01-08T02:02:09.560+0000] {processor.py:925} INFO - DAG(s) 'example_kubernetes_executor' retrieved from /home/airflow/.local/lib/python3.12/site-packages/airflow/example_dags/example_kubernetes_executor.py
[2026-01-08T02:02:09.595+0000] {logging_mixin.py:190} INFO - [2026-01-08T02:02:09.595+0000] {dag.py:3211} INFO - Sync 1 DAGs
[2026-01-08T02:02:09.606+0000] {logging_mixin.py:190} INFO - [2026-01-08T02:02:09.606+0000] {dag.py:4138} INFO - Setting next_dagrun for example_kubernetes_executor to None, run_after=None
[2026-01-08T02:02:09.624+0000] {processor.py:208} INFO - Processing /home/airflow/.local/lib/python3.12/site-packages/airflow/example_dags/example_kubernetes_executor.py took 0.088 seconds
[2026-01-08T02:02:40.634+0000] {processor.py:186} INFO - Started process (PID=1862) to work on /home/airflow/.local/lib/python3.12/site-packages/airflow/example_dags/example_kubernetes_executor.py
[2026-01-08T02:02:40.635+0000] {processor.py:914} INFO - Processing file /home/airflow/.local/lib/python3.12/site-packages/airflow/example_dags/example_kubernetes_executor.py for tasks to queue
[2026-01-08T02:02:40.637+0000] {logging_mixin.py:190} INFO - [2026-01-08T02:02:40.637+0000] {dagbag.py:587} INFO - Filling up the DagBag from /home/airflow/.local/lib/python3.12/site-packages/airflow/example_dags/example_kubernetes_executor.py
[2026-01-08T02:02:40.648+0000] {processor.py:925} INFO - DAG(s) 'example_kubernetes_executor' retrieved from /home/airflow/.local/lib/python3.12/site-packages/airflow/example_dags/example_kubernetes_executor.py
[2026-01-08T02:02:40.680+0000] {logging_mixin.py:190} INFO - [2026-01-08T02:02:40.680+0000] {dag.py:3211} INFO - Sync 1 DAGs
[2026-01-08T02:02:40.693+0000] {logging_mixin.py:190} INFO - [2026-01-08T02:02:40.693+0000] {dag.py:4138} INFO - Setting next_dagrun for example_kubernetes_executor to None, run_after=None
[2026-01-08T02:02:40.709+0000] {processor.py:208} INFO - Processing /home/airflow/.local/lib/python3.12/site-packages/airflow/example_dags/example_kubernetes_executor.py took 0.080 seconds
[2026-01-08T02:03:11.669+0000] {processor.py:186} INFO - Started process (PID=1924) to work on /home/airflow/.local/lib/python3.12/site-packages/airflow/example_dags/example_kubernetes_executor.py
[2026-01-08T02:03:11.671+0000] {processor.py:914} INFO - Processing file /home/airflow/.local/lib/python3.12/site-packages/airflow/example_dags/example_kubernetes_executor.py for tasks to queue
[2026-01-08T02:03:11.676+0000] {logging_mixin.py:190} INFO - [2026-01-08T02:03:11.676+0000] {dagbag.py:587} INFO - Filling up the DagBag from /home/airflow/.local/lib/python3.12/site-packages/airflow/example_dags/example_kubernetes_executor.py
[2026-01-08T02:03:11.694+0000] {processor.py:925} INFO - DAG(s) 'example_kubernetes_executor' retrieved from /home/airflow/.local/lib/python3.12/site-packages/airflow/example_dags/example_kubernetes_executor.py
[2026-01-08T02:03:11.732+0000] {logging_mixin.py:190} INFO - [2026-01-08T02:03:11.732+0000] {dag.py:3211} INFO - Sync 1 DAGs
[2026-01-08T02:03:11.742+0000] {logging_mixin.py:190} INFO - [2026-01-08T02:03:11.742+0000] {dag.py:4138} INFO - Setting next_dagrun for example_kubernetes_executor to None, run_after=None
[2026-01-08T02:03:11.760+0000] {processor.py:208} INFO - Processing /home/airflow/.local/lib/python3.12/site-packages/airflow/example_dags/example_kubernetes_executor.py took 0.095 seconds
[2026-01-08T02:03:42.147+0000] {processor.py:186} INFO - Started process (PID=1988) to work on /home/airflow/.local/lib/python3.12/site-packages/airflow/example_dags/example_kubernetes_executor.py
[2026-01-08T02:03:42.148+0000] {processor.py:914} INFO - Processing file /home/airflow/.local/lib/python3.12/site-packages/airflow/example_dags/example_kubernetes_executor.py for tasks to queue
[2026-01-08T02:03:42.151+0000] {logging_mixin.py:190} INFO - [2026-01-08T02:03:42.151+0000] {dagbag.py:587} INFO - Filling up the DagBag from /home/airflow/.local/lib/python3.12/site-packages/airflow/example_dags/example_kubernetes_executor.py
[2026-01-08T02:03:42.163+0000] {processor.py:925} INFO - DAG(s) 'example_kubernetes_executor' retrieved from /home/airflow/.local/lib/python3.12/site-packages/airflow/example_dags/example_kubernetes_executor.py
[2026-01-08T02:03:42.193+0000] {logging_mixin.py:190} INFO - [2026-01-08T02:03:42.193+0000] {dag.py:3211} INFO - Sync 1 DAGs
[2026-01-08T02:03:42.204+0000] {logging_mixin.py:190} INFO - [2026-01-08T02:03:42.203+0000] {dag.py:4138} INFO - Setting next_dagrun for example_kubernetes_executor to None, run_after=None
[2026-01-08T02:03:42.219+0000] {processor.py:208} INFO - Processing /home/airflow/.local/lib/python3.12/site-packages/airflow/example_dags/example_kubernetes_executor.py took 0.078 seconds
[2026-01-08T02:04:12.466+0000] {processor.py:186} INFO - Started process (PID=2051) to work on /home/airflow/.local/lib/python3.12/site-packages/airflow/example_dags/example_kubernetes_executor.py
[2026-01-08T02:04:12.468+0000] {processor.py:914} INFO - Processing file /home/airflow/.local/lib/python3.12/site-packages/airflow/example_dags/example_kubernetes_executor.py for tasks to queue
[2026-01-08T02:04:12.470+0000] {logging_mixin.py:190} INFO - [2026-01-08T02:04:12.470+0000] {dagbag.py:587} INFO - Filling up the DagBag from /home/airflow/.local/lib/python3.12/site-packages/airflow/example_dags/example_kubernetes_executor.py
[2026-01-08T02:04:12.480+0000] {processor.py:925} INFO - DAG(s) 'example_kubernetes_executor' retrieved from /home/airflow/.local/lib/python3.12/site-packages/airflow/example_dags/example_kubernetes_executor.py
[2026-01-08T02:04:12.512+0000] {logging_mixin.py:190} INFO - [2026-01-08T02:04:12.512+0000] {dag.py:3211} INFO - Sync 1 DAGs
[2026-01-08T02:04:12.522+0000] {logging_mixin.py:190} INFO - [2026-01-08T02:04:12.522+0000] {dag.py:4138} INFO - Setting next_dagrun for example_kubernetes_executor to None, run_after=None
[2026-01-08T02:04:12.537+0000] {processor.py:208} INFO - Processing /home/airflow/.local/lib/python3.12/site-packages/airflow/example_dags/example_kubernetes_executor.py took 0.076 seconds
[2026-01-08T02:04:42.696+0000] {processor.py:186} INFO - Started process (PID=2114) to work on /home/airflow/.local/lib/python3.12/site-packages/airflow/example_dags/example_kubernetes_executor.py
[2026-01-08T02:04:42.698+0000] {processor.py:914} INFO - Processing file /home/airflow/.local/lib/python3.12/site-packages/airflow/example_dags/example_kubernetes_executor.py for tasks to queue
[2026-01-08T02:04:42.700+0000] {logging_mixin.py:190} INFO - [2026-01-08T02:04:42.700+0000] {dagbag.py:587} INFO - Filling up the DagBag from /home/airflow/.local/lib/python3.12/site-packages/airflow/example_dags/example_kubernetes_executor.py
[2026-01-08T02:04:42.711+0000] {processor.py:925} INFO - DAG(s) 'example_kubernetes_executor' retrieved from /home/airflow/.local/lib/python3.12/site-packages/airflow/example_dags/example_kubernetes_executor.py
[2026-01-08T02:04:42.741+0000] {logging_mixin.py:190} INFO - [2026-01-08T02:04:42.741+0000] {dag.py:3211} INFO - Sync 1 DAGs
[2026-01-08T02:04:42.750+0000] {logging_mixin.py:190} INFO - [2026-01-08T02:04:42.750+0000] {dag.py:4138} INFO - Setting next_dagrun for example_kubernetes_executor to None, run_after=None
[2026-01-08T02:04:42.766+0000] {processor.py:208} INFO - Processing /home/airflow/.local/lib/python3.12/site-packages/airflow/example_dags/example_kubernetes_executor.py took 0.074 seconds
[2026-01-08T02:05:14.066+0000] {processor.py:186} INFO - Started process (PID=2177) to work on /home/airflow/.local/lib/python3.12/site-packages/airflow/example_dags/example_kubernetes_executor.py
[2026-01-08T02:05:14.067+0000] {processor.py:914} INFO - Processing file /home/airflow/.local/lib/python3.12/site-packages/airflow/example_dags/example_kubernetes_executor.py for tasks to queue
[2026-01-08T02:05:14.070+0000] {logging_mixin.py:190} INFO - [2026-01-08T02:05:14.069+0000] {dagbag.py:587} INFO - Filling up the DagBag from /home/airflow/.local/lib/python3.12/site-packages/airflow/example_dags/example_kubernetes_executor.py
[2026-01-08T02:05:14.079+0000] {processor.py:925} INFO - DAG(s) 'example_kubernetes_executor' retrieved from /home/airflow/.local/lib/python3.12/site-packages/airflow/example_dags/example_kubernetes_executor.py
[2026-01-08T02:05:14.111+0000] {logging_mixin.py:190} INFO - [2026-01-08T02:05:14.111+0000] {dag.py:3211} INFO - Sync 1 DAGs
[2026-01-08T02:05:14.121+0000] {logging_mixin.py:190} INFO - [2026-01-08T02:05:14.121+0000] {dag.py:4138} INFO - Setting next_dagrun for example_kubernetes_executor to None, run_after=None
[2026-01-08T02:05:14.135+0000] {processor.py:208} INFO - Processing /home/airflow/.local/lib/python3.12/site-packages/airflow/example_dags/example_kubernetes_executor.py took 0.074 seconds
[2026-01-08T02:05:45.319+0000] {processor.py:186} INFO - Started process (PID=2240) to work on /home/airflow/.local/lib/python3.12/site-packages/airflow/example_dags/example_kubernetes_executor.py
[2026-01-08T02:05:45.320+0000] {processor.py:914} INFO - Processing file /home/airflow/.local/lib/python3.12/site-packages/airflow/example_dags/example_kubernetes_executor.py for tasks to queue
[2026-01-08T02:05:45.323+0000] {logging_mixin.py:190} INFO - [2026-01-08T02:05:45.322+0000] {dagbag.py:587} INFO - Filling up the DagBag from /home/airflow/.local/lib/python3.12/site-packages/airflow/example_dags/example_kubernetes_executor.py
[2026-01-08T02:05:45.332+0000] {processor.py:925} INFO - DAG(s) 'example_kubernetes_executor' retrieved from /home/airflow/.local/lib/python3.12/site-packages/airflow/example_dags/example_kubernetes_executor.py
[2026-01-08T02:05:45.366+0000] {logging_mixin.py:190} INFO - [2026-01-08T02:05:45.366+0000] {dag.py:3211} INFO - Sync 1 DAGs
[2026-01-08T02:05:45.375+0000] {logging_mixin.py:190} INFO - [2026-01-08T02:05:45.375+0000] {dag.py:4138} INFO - Setting next_dagrun for example_kubernetes_executor to None, run_after=None
[2026-01-08T02:05:45.389+0000] {processor.py:208} INFO - Processing /home/airflow/.local/lib/python3.12/site-packages/airflow/example_dags/example_kubernetes_executor.py took 0.074 seconds
[2026-01-08T02:06:16.785+0000] {processor.py:186} INFO - Started process (PID=2303) to work on /home/airflow/.local/lib/python3.12/site-packages/airflow/example_dags/example_kubernetes_executor.py
[2026-01-08T02:06:16.786+0000] {processor.py:914} INFO - Processing file /home/airflow/.local/lib/python3.12/site-packages/airflow/example_dags/example_kubernetes_executor.py for tasks to queue
[2026-01-08T02:06:16.789+0000] {logging_mixin.py:190} INFO - [2026-01-08T02:06:16.788+0000] {dagbag.py:587} INFO - Filling up the DagBag from /home/airflow/.local/lib/python3.12/site-packages/airflow/example_dags/example_kubernetes_executor.py
[2026-01-08T02:06:16.798+0000] {processor.py:925} INFO - DAG(s) 'example_kubernetes_executor' retrieved from /home/airflow/.local/lib/python3.12/site-packages/airflow/example_dags/example_kubernetes_executor.py
[2026-01-08T02:06:16.828+0000] {logging_mixin.py:190} INFO - [2026-01-08T02:06:16.828+0000] {dag.py:3211} INFO - Sync 1 DAGs
[2026-01-08T02:06:16.839+0000] {logging_mixin.py:190} INFO - [2026-01-08T02:06:16.838+0000] {dag.py:4138} INFO - Setting next_dagrun for example_kubernetes_executor to None, run_after=None
[2026-01-08T02:06:16.857+0000] {processor.py:208} INFO - Processing /home/airflow/.local/lib/python3.12/site-packages/airflow/example_dags/example_kubernetes_executor.py took 0.077 seconds
[2026-01-08T02:06:47.222+0000] {processor.py:186} INFO - Started process (PID=2366) to work on /home/airflow/.local/lib/python3.12/site-packages/airflow/example_dags/example_kubernetes_executor.py
[2026-01-08T02:06:47.223+0000] {processor.py:914} INFO - Processing file /home/airflow/.local/lib/python3.12/site-packages/airflow/example_dags/example_kubernetes_executor.py for tasks to queue
[2026-01-08T02:06:47.226+0000] {logging_mixin.py:190} INFO - [2026-01-08T02:06:47.226+0000] {dagbag.py:587} INFO - Filling up the DagBag from /home/airflow/.local/lib/python3.12/site-packages/airflow/example_dags/example_kubernetes_executor.py
[2026-01-08T02:06:47.237+0000] {processor.py:925} INFO - DAG(s) 'example_kubernetes_executor' retrieved from /home/airflow/.local/lib/python3.12/site-packages/airflow/example_dags/example_kubernetes_executor.py
[2026-01-08T02:06:47.273+0000] {logging_mixin.py:190} INFO - [2026-01-08T02:06:47.273+0000] {dag.py:3211} INFO - Sync 1 DAGs
[2026-01-08T02:06:47.284+0000] {logging_mixin.py:190} INFO - [2026-01-08T02:06:47.284+0000] {dag.py:4138} INFO - Setting next_dagrun for example_kubernetes_executor to None, run_after=None
[2026-01-08T02:06:47.300+0000] {processor.py:208} INFO - Processing /home/airflow/.local/lib/python3.12/site-packages/airflow/example_dags/example_kubernetes_executor.py took 0.083 seconds
[2026-01-08T02:07:17.613+0000] {processor.py:186} INFO - Started process (PID=2429) to work on /home/airflow/.local/lib/python3.12/site-packages/airflow/example_dags/example_kubernetes_executor.py
[2026-01-08T02:07:17.615+0000] {processor.py:914} INFO - Processing file /home/airflow/.local/lib/python3.12/site-packages/airflow/example_dags/example_kubernetes_executor.py for tasks to queue
[2026-01-08T02:07:17.618+0000] {logging_mixin.py:190} INFO - [2026-01-08T02:07:17.617+0000] {dagbag.py:587} INFO - Filling up the DagBag from /home/airflow/.local/lib/python3.12/site-packages/airflow/example_dags/example_kubernetes_executor.py
[2026-01-08T02:07:17.628+0000] {processor.py:925} INFO - DAG(s) 'example_kubernetes_executor' retrieved from /home/airflow/.local/lib/python3.12/site-packages/airflow/example_dags/example_kubernetes_executor.py
[2026-01-08T02:07:17.661+0000] {logging_mixin.py:190} INFO - [2026-01-08T02:07:17.660+0000] {dag.py:3211} INFO - Sync 1 DAGs
[2026-01-08T02:07:17.671+0000] {logging_mixin.py:190} INFO - [2026-01-08T02:07:17.671+0000] {dag.py:4138} INFO - Setting next_dagrun for example_kubernetes_executor to None, run_after=None
[2026-01-08T02:07:17.686+0000] {processor.py:208} INFO - Processing /home/airflow/.local/lib/python3.12/site-packages/airflow/example_dags/example_kubernetes_executor.py took 0.077 seconds
[2026-01-08T02:07:47.954+0000] {processor.py:186} INFO - Started process (PID=2492) to work on /home/airflow/.local/lib/python3.12/site-packages/airflow/example_dags/example_kubernetes_executor.py
[2026-01-08T02:07:47.955+0000] {processor.py:914} INFO - Processing file /home/airflow/.local/lib/python3.12/site-packages/airflow/example_dags/example_kubernetes_executor.py for tasks to queue
[2026-01-08T02:07:47.958+0000] {logging_mixin.py:190} INFO - [2026-01-08T02:07:47.958+0000] {dagbag.py:587} INFO - Filling up the DagBag from /home/airflow/.local/lib/python3.12/site-packages/airflow/example_dags/example_kubernetes_executor.py
[2026-01-08T02:07:47.969+0000] {processor.py:925} INFO - DAG(s) 'example_kubernetes_executor' retrieved from /home/airflow/.local/lib/python3.12/site-packages/airflow/example_dags/example_kubernetes_executor.py
[2026-01-08T02:07:48.003+0000] {logging_mixin.py:190} INFO - [2026-01-08T02:07:48.003+0000] {dag.py:3211} INFO - Sync 1 DAGs
[2026-01-08T02:07:48.012+0000] {logging_mixin.py:190} INFO - [2026-01-08T02:07:48.012+0000] {dag.py:4138} INFO - Setting next_dagrun for example_kubernetes_executor to None, run_after=None
[2026-01-08T02:07:48.027+0000] {processor.py:208} INFO - Processing /home/airflow/.local/lib/python3.12/site-packages/airflow/example_dags/example_kubernetes_executor.py took 0.079 seconds
[2026-01-08T02:08:19.029+0000] {processor.py:186} INFO - Started process (PID=2555) to work on /home/airflow/.local/lib/python3.12/site-packages/airflow/example_dags/example_kubernetes_executor.py
[2026-01-08T02:08:19.031+0000] {processor.py:914} INFO - Processing file /home/airflow/.local/lib/python3.12/site-packages/airflow/example_dags/example_kubernetes_executor.py for tasks to queue
[2026-01-08T02:08:19.034+0000] {logging_mixin.py:190} INFO - [2026-01-08T02:08:19.034+0000] {dagbag.py:587} INFO - Filling up the DagBag from /home/airflow/.local/lib/python3.12/site-packages/airflow/example_dags/example_kubernetes_executor.py
[2026-01-08T02:08:19.045+0000] {processor.py:925} INFO - DAG(s) 'example_kubernetes_executor' retrieved from /home/airflow/.local/lib/python3.12/site-packages/airflow/example_dags/example_kubernetes_executor.py
[2026-01-08T02:08:19.078+0000] {logging_mixin.py:190} INFO - [2026-01-08T02:08:19.078+0000] {dag.py:3211} INFO - Sync 1 DAGs
[2026-01-08T02:08:19.088+0000] {logging_mixin.py:190} INFO - [2026-01-08T02:08:19.088+0000] {dag.py:4138} INFO - Setting next_dagrun for example_kubernetes_executor to None, run_after=None
[2026-01-08T02:08:19.102+0000] {processor.py:208} INFO - Processing /home/airflow/.local/lib/python3.12/site-packages/airflow/example_dags/example_kubernetes_executor.py took 0.077 seconds
[2026-01-08T02:08:50.314+0000] {processor.py:186} INFO - Started process (PID=2618) to work on /home/airflow/.local/lib/python3.12/site-packages/airflow/example_dags/example_kubernetes_executor.py
[2026-01-08T02:08:50.315+0000] {processor.py:914} INFO - Processing file /home/airflow/.local/lib/python3.12/site-packages/airflow/example_dags/example_kubernetes_executor.py for tasks to queue
[2026-01-08T02:08:50.318+0000] {logging_mixin.py:190} INFO - [2026-01-08T02:08:50.317+0000] {dagbag.py:587} INFO - Filling up the DagBag from /home/airflow/.local/lib/python3.12/site-packages/airflow/example_dags/example_kubernetes_executor.py
[2026-01-08T02:08:50.328+0000] {processor.py:925} INFO - DAG(s) 'example_kubernetes_executor' retrieved from /home/airflow/.local/lib/python3.12/site-packages/airflow/example_dags/example_kubernetes_executor.py
[2026-01-08T02:08:50.362+0000] {logging_mixin.py:190} INFO - [2026-01-08T02:08:50.361+0000] {dag.py:3211} INFO - Sync 1 DAGs
[2026-01-08T02:08:50.373+0000] {logging_mixin.py:190} INFO - [2026-01-08T02:08:50.373+0000] {dag.py:4138} INFO - Setting next_dagrun for example_kubernetes_executor to None, run_after=None
[2026-01-08T02:08:50.388+0000] {processor.py:208} INFO - Processing /home/airflow/.local/lib/python3.12/site-packages/airflow/example_dags/example_kubernetes_executor.py took 0.079 seconds
[2026-01-08T02:09:20.822+0000] {processor.py:186} INFO - Started process (PID=2681) to work on /home/airflow/.local/lib/python3.12/site-packages/airflow/example_dags/example_kubernetes_executor.py
[2026-01-08T02:09:20.823+0000] {processor.py:914} INFO - Processing file /home/airflow/.local/lib/python3.12/site-packages/airflow/example_dags/example_kubernetes_executor.py for tasks to queue
[2026-01-08T02:09:20.826+0000] {logging_mixin.py:190} INFO - [2026-01-08T02:09:20.826+0000] {dagbag.py:587} INFO - Filling up the DagBag from /home/airflow/.local/lib/python3.12/site-packages/airflow/example_dags/example_kubernetes_executor.py
[2026-01-08T02:09:20.835+0000] {processor.py:925} INFO - DAG(s) 'example_kubernetes_executor' retrieved from /home/airflow/.local/lib/python3.12/site-packages/airflow/example_dags/example_kubernetes_executor.py
[2026-01-08T02:09:20.869+0000] {logging_mixin.py:190} INFO - [2026-01-08T02:09:20.869+0000] {dag.py:3211} INFO - Sync 1 DAGs
[2026-01-08T02:09:20.878+0000] {logging_mixin.py:190} INFO - [2026-01-08T02:09:20.878+0000] {dag.py:4138} INFO - Setting next_dagrun for example_kubernetes_executor to None, run_after=None
[2026-01-08T02:09:20.893+0000] {processor.py:208} INFO - Processing /home/airflow/.local/lib/python3.12/site-packages/airflow/example_dags/example_kubernetes_executor.py took 0.076 seconds
[2026-01-08T02:09:51.193+0000] {processor.py:186} INFO - Started process (PID=2744) to work on /home/airflow/.local/lib/python3.12/site-packages/airflow/example_dags/example_kubernetes_executor.py
[2026-01-08T02:09:51.195+0000] {processor.py:914} INFO - Processing file /home/airflow/.local/lib/python3.12/site-packages/airflow/example_dags/example_kubernetes_executor.py for tasks to queue
[2026-01-08T02:09:51.197+0000] {logging_mixin.py:190} INFO - [2026-01-08T02:09:51.197+0000] {dagbag.py:587} INFO - Filling up the DagBag from /home/airflow/.local/lib/python3.12/site-packages/airflow/example_dags/example_kubernetes_executor.py
[2026-01-08T02:09:51.207+0000] {processor.py:925} INFO - DAG(s) 'example_kubernetes_executor' retrieved from /home/airflow/.local/lib/python3.12/site-packages/airflow/example_dags/example_kubernetes_executor.py
[2026-01-08T02:09:51.238+0000] {logging_mixin.py:190} INFO - [2026-01-08T02:09:51.238+0000] {dag.py:3211} INFO - Sync 1 DAGs
[2026-01-08T02:09:51.248+0000] {logging_mixin.py:190} INFO - [2026-01-08T02:09:51.248+0000] {dag.py:4138} INFO - Setting next_dagrun for example_kubernetes_executor to None, run_after=None
[2026-01-08T02:09:51.262+0000] {processor.py:208} INFO - Processing /home/airflow/.local/lib/python3.12/site-packages/airflow/example_dags/example_kubernetes_executor.py took 0.074 seconds
[2026-01-08T02:10:21.535+0000] {processor.py:186} INFO - Started process (PID=2807) to work on /home/airflow/.local/lib/python3.12/site-packages/airflow/example_dags/example_kubernetes_executor.py
[2026-01-08T02:10:21.536+0000] {processor.py:914} INFO - Processing file /home/airflow/.local/lib/python3.12/site-packages/airflow/example_dags/example_kubernetes_executor.py for tasks to queue
[2026-01-08T02:10:21.539+0000] {logging_mixin.py:190} INFO - [2026-01-08T02:10:21.539+0000] {dagbag.py:587} INFO - Filling up the DagBag from /home/airflow/.local/lib/python3.12/site-packages/airflow/example_dags/example_kubernetes_executor.py
[2026-01-08T02:10:21.549+0000] {processor.py:925} INFO - DAG(s) 'example_kubernetes_executor' retrieved from /home/airflow/.local/lib/python3.12/site-packages/airflow/example_dags/example_kubernetes_executor.py
[2026-01-08T02:10:21.580+0000] {logging_mixin.py:190} INFO - [2026-01-08T02:10:21.580+0000] {dag.py:3211} INFO - Sync 1 DAGs
[2026-01-08T02:10:21.590+0000] {logging_mixin.py:190} INFO - [2026-01-08T02:10:21.590+0000] {dag.py:4138} INFO - Setting next_dagrun for example_kubernetes_executor to None, run_after=None
[2026-01-08T02:10:21.602+0000] {processor.py:208} INFO - Processing /home/airflow/.local/lib/python3.12/site-packages/airflow/example_dags/example_kubernetes_executor.py took 0.071 seconds
[2026-01-08T02:10:52.031+0000] {processor.py:186} INFO - Started process (PID=2869) to work on /home/airflow/.local/lib/python3.12/site-packages/airflow/example_dags/example_kubernetes_executor.py
[2026-01-08T02:10:52.032+0000] {processor.py:914} INFO - Processing file /home/airflow/.local/lib/python3.12/site-packages/airflow/example_dags/example_kubernetes_executor.py for tasks to queue
[2026-01-08T02:10:52.034+0000] {logging_mixin.py:190} INFO - [2026-01-08T02:10:52.034+0000] {dagbag.py:587} INFO - Filling up the DagBag from /home/airflow/.local/lib/python3.12/site-packages/airflow/example_dags/example_kubernetes_executor.py
[2026-01-08T02:10:52.044+0000] {processor.py:925} INFO - DAG(s) 'example_kubernetes_executor' retrieved from /home/airflow/.local/lib/python3.12/site-packages/airflow/example_dags/example_kubernetes_executor.py
[2026-01-08T02:10:52.075+0000] {logging_mixin.py:190} INFO - [2026-01-08T02:10:52.075+0000] {dag.py:3211} INFO - Sync 1 DAGs
[2026-01-08T02:10:52.087+0000] {logging_mixin.py:190} INFO - [2026-01-08T02:10:52.086+0000] {dag.py:4138} INFO - Setting next_dagrun for example_kubernetes_executor to None, run_after=None
[2026-01-08T02:10:52.105+0000] {processor.py:208} INFO - Processing /home/airflow/.local/lib/python3.12/site-packages/airflow/example_dags/example_kubernetes_executor.py took 0.078 seconds
[2026-01-08T02:11:22.583+0000] {processor.py:186} INFO - Started process (PID=2932) to work on /home/airflow/.local/lib/python3.12/site-packages/airflow/example_dags/example_kubernetes_executor.py
[2026-01-08T02:11:22.584+0000] {processor.py:914} INFO - Processing file /home/airflow/.local/lib/python3.12/site-packages/airflow/example_dags/example_kubernetes_executor.py for tasks to queue
[2026-01-08T02:11:22.586+0000] {logging_mixin.py:190} INFO - [2026-01-08T02:11:22.586+0000] {dagbag.py:587} INFO - Filling up the DagBag from /home/airflow/.local/lib/python3.12/site-packages/airflow/example_dags/example_kubernetes_executor.py
[2026-01-08T02:11:22.597+0000] {processor.py:925} INFO - DAG(s) 'example_kubernetes_executor' retrieved from /home/airflow/.local/lib/python3.12/site-packages/airflow/example_dags/example_kubernetes_executor.py
[2026-01-08T02:11:22.628+0000] {logging_mixin.py:190} INFO - [2026-01-08T02:11:22.628+0000] {dag.py:3211} INFO - Sync 1 DAGs
[2026-01-08T02:11:22.637+0000] {logging_mixin.py:190} INFO - [2026-01-08T02:11:22.637+0000] {dag.py:4138} INFO - Setting next_dagrun for example_kubernetes_executor to None, run_after=None
[2026-01-08T02:11:22.652+0000] {processor.py:208} INFO - Processing /home/airflow/.local/lib/python3.12/site-packages/airflow/example_dags/example_kubernetes_executor.py took 0.073 seconds
[2026-01-08T02:11:53.601+0000] {processor.py:186} INFO - Started process (PID=2995) to work on /home/airflow/.local/lib/python3.12/site-packages/airflow/example_dags/example_kubernetes_executor.py
[2026-01-08T02:11:53.602+0000] {processor.py:914} INFO - Processing file /home/airflow/.local/lib/python3.12/site-packages/airflow/example_dags/example_kubernetes_executor.py for tasks to queue
[2026-01-08T02:11:53.604+0000] {logging_mixin.py:190} INFO - [2026-01-08T02:11:53.604+0000] {dagbag.py:587} INFO - Filling up the DagBag from /home/airflow/.local/lib/python3.12/site-packages/airflow/example_dags/example_kubernetes_executor.py
[2026-01-08T02:11:53.614+0000] {processor.py:925} INFO - DAG(s) 'example_kubernetes_executor' retrieved from /home/airflow/.local/lib/python3.12/site-packages/airflow/example_dags/example_kubernetes_executor.py
[2026-01-08T02:11:53.641+0000] {logging_mixin.py:190} INFO - [2026-01-08T02:11:53.641+0000] {dag.py:3211} INFO - Sync 1 DAGs
[2026-01-08T02:11:53.650+0000] {logging_mixin.py:190} INFO - [2026-01-08T02:11:53.650+0000] {dag.py:4138} INFO - Setting next_dagrun for example_kubernetes_executor to None, run_after=None
[2026-01-08T02:11:53.665+0000] {processor.py:208} INFO - Processing /home/airflow/.local/lib/python3.12/site-packages/airflow/example_dags/example_kubernetes_executor.py took 0.069 seconds
[2026-01-08T02:12:24.243+0000] {processor.py:186} INFO - Started process (PID=3059) to work on /home/airflow/.local/lib/python3.12/site-packages/airflow/example_dags/example_kubernetes_executor.py
[2026-01-08T02:12:24.245+0000] {processor.py:914} INFO - Processing file /home/airflow/.local/lib/python3.12/site-packages/airflow/example_dags/example_kubernetes_executor.py for tasks to queue
[2026-01-08T02:12:24.247+0000] {logging_mixin.py:190} INFO - [2026-01-08T02:12:24.246+0000] {dagbag.py:587} INFO - Filling up the DagBag from /home/airflow/.local/lib/python3.12/site-packages/airflow/example_dags/example_kubernetes_executor.py
[2026-01-08T02:12:24.257+0000] {processor.py:925} INFO - DAG(s) 'example_kubernetes_executor' retrieved from /home/airflow/.local/lib/python3.12/site-packages/airflow/example_dags/example_kubernetes_executor.py
[2026-01-08T02:12:24.407+0000] {logging_mixin.py:190} INFO - [2026-01-08T02:12:24.407+0000] {dag.py:3211} INFO - Sync 1 DAGs
[2026-01-08T02:12:24.415+0000] {logging_mixin.py:190} INFO - [2026-01-08T02:12:24.415+0000] {dag.py:4138} INFO - Setting next_dagrun for example_kubernetes_executor to None, run_after=None
[2026-01-08T02:12:24.429+0000] {processor.py:208} INFO - Processing /home/airflow/.local/lib/python3.12/site-packages/airflow/example_dags/example_kubernetes_executor.py took 0.190 seconds
