[2026-01-08T01:48:19.544+0000] {processor.py:186} INFO - Started process (PID=64) to work on /home/airflow/.local/lib/python3.12/site-packages/airflow/example_dags/example_short_circuit_operator.py
[2026-01-08T01:48:19.545+0000] {processor.py:914} INFO - Processing file /home/airflow/.local/lib/python3.12/site-packages/airflow/example_dags/example_short_circuit_operator.py for tasks to queue
[2026-01-08T01:48:19.548+0000] {logging_mixin.py:190} INFO - [2026-01-08T01:48:19.548+0000] {dagbag.py:587} INFO - Filling up the DagBag from /home/airflow/.local/lib/python3.12/site-packages/airflow/example_dags/example_short_circuit_operator.py
[2026-01-08T01:48:19.557+0000] {processor.py:925} INFO - DAG(s) 'example_short_circuit_operator' retrieved from /home/airflow/.local/lib/python3.12/site-packages/airflow/example_dags/example_short_circuit_operator.py
[2026-01-08T01:48:19.649+0000] {logging_mixin.py:190} INFO - [2026-01-08T01:48:19.649+0000] {override.py:1858} INFO - Created Permission View: can edit on DAG:example_short_circuit_operator
[2026-01-08T01:48:19.658+0000] {logging_mixin.py:190} INFO - [2026-01-08T01:48:19.658+0000] {override.py:1858} INFO - Created Permission View: can read on DAG:example_short_circuit_operator
[2026-01-08T01:48:19.664+0000] {logging_mixin.py:190} INFO - [2026-01-08T01:48:19.664+0000] {override.py:1858} INFO - Created Permission View: can delete on DAG:example_short_circuit_operator
[2026-01-08T01:48:19.665+0000] {logging_mixin.py:190} INFO - [2026-01-08T01:48:19.665+0000] {dag.py:3211} INFO - Sync 1 DAGs
[2026-01-08T01:48:19.675+0000] {logging_mixin.py:190} INFO - [2026-01-08T01:48:19.675+0000] {dag.py:3234} INFO - Creating ORM DAG for example_short_circuit_operator
[2026-01-08T01:48:19.682+0000] {logging_mixin.py:190} INFO - [2026-01-08T01:48:19.682+0000] {dag.py:4138} INFO - Setting next_dagrun for example_short_circuit_operator to 2026-01-07 00:00:00+00:00, run_after=2026-01-08 00:00:00+00:00
[2026-01-08T01:48:19.696+0000] {processor.py:208} INFO - Processing /home/airflow/.local/lib/python3.12/site-packages/airflow/example_dags/example_short_circuit_operator.py took 0.156 seconds
[2026-01-08T01:48:49.753+0000] {processor.py:186} INFO - Started process (PID=126) to work on /home/airflow/.local/lib/python3.12/site-packages/airflow/example_dags/example_short_circuit_operator.py
[2026-01-08T01:48:49.754+0000] {processor.py:914} INFO - Processing file /home/airflow/.local/lib/python3.12/site-packages/airflow/example_dags/example_short_circuit_operator.py for tasks to queue
[2026-01-08T01:48:49.756+0000] {logging_mixin.py:190} INFO - [2026-01-08T01:48:49.756+0000] {dagbag.py:587} INFO - Filling up the DagBag from /home/airflow/.local/lib/python3.12/site-packages/airflow/example_dags/example_short_circuit_operator.py
[2026-01-08T01:48:49.763+0000] {processor.py:925} INFO - DAG(s) 'example_short_circuit_operator' retrieved from /home/airflow/.local/lib/python3.12/site-packages/airflow/example_dags/example_short_circuit_operator.py
[2026-01-08T01:48:49.781+0000] {logging_mixin.py:190} INFO - [2026-01-08T01:48:49.781+0000] {dag.py:3211} INFO - Sync 1 DAGs
[2026-01-08T01:48:49.797+0000] {logging_mixin.py:190} INFO - [2026-01-08T01:48:49.797+0000] {dag.py:4138} INFO - Setting next_dagrun for example_short_circuit_operator to 2026-01-07 00:00:00+00:00, run_after=2026-01-08 00:00:00+00:00
[2026-01-08T01:48:49.815+0000] {processor.py:208} INFO - Processing /home/airflow/.local/lib/python3.12/site-packages/airflow/example_dags/example_short_circuit_operator.py took 0.067 seconds
[2026-01-08T01:49:20.268+0000] {processor.py:186} INFO - Started process (PID=188) to work on /home/airflow/.local/lib/python3.12/site-packages/airflow/example_dags/example_short_circuit_operator.py
[2026-01-08T01:49:20.269+0000] {processor.py:914} INFO - Processing file /home/airflow/.local/lib/python3.12/site-packages/airflow/example_dags/example_short_circuit_operator.py for tasks to queue
[2026-01-08T01:49:20.272+0000] {logging_mixin.py:190} INFO - [2026-01-08T01:49:20.272+0000] {dagbag.py:587} INFO - Filling up the DagBag from /home/airflow/.local/lib/python3.12/site-packages/airflow/example_dags/example_short_circuit_operator.py
[2026-01-08T01:49:20.279+0000] {processor.py:925} INFO - DAG(s) 'example_short_circuit_operator' retrieved from /home/airflow/.local/lib/python3.12/site-packages/airflow/example_dags/example_short_circuit_operator.py
[2026-01-08T01:49:20.295+0000] {logging_mixin.py:190} INFO - [2026-01-08T01:49:20.295+0000] {dag.py:3211} INFO - Sync 1 DAGs
[2026-01-08T01:49:20.311+0000] {logging_mixin.py:190} INFO - [2026-01-08T01:49:20.311+0000] {dag.py:4138} INFO - Setting next_dagrun for example_short_circuit_operator to 2026-01-07 00:00:00+00:00, run_after=2026-01-08 00:00:00+00:00
[2026-01-08T01:49:20.325+0000] {processor.py:208} INFO - Processing /home/airflow/.local/lib/python3.12/site-packages/airflow/example_dags/example_short_circuit_operator.py took 0.061 seconds
[2026-01-08T01:49:50.733+0000] {processor.py:186} INFO - Started process (PID=250) to work on /home/airflow/.local/lib/python3.12/site-packages/airflow/example_dags/example_short_circuit_operator.py
[2026-01-08T01:49:50.734+0000] {processor.py:914} INFO - Processing file /home/airflow/.local/lib/python3.12/site-packages/airflow/example_dags/example_short_circuit_operator.py for tasks to queue
[2026-01-08T01:49:50.737+0000] {logging_mixin.py:190} INFO - [2026-01-08T01:49:50.736+0000] {dagbag.py:587} INFO - Filling up the DagBag from /home/airflow/.local/lib/python3.12/site-packages/airflow/example_dags/example_short_circuit_operator.py
[2026-01-08T01:49:50.744+0000] {processor.py:925} INFO - DAG(s) 'example_short_circuit_operator' retrieved from /home/airflow/.local/lib/python3.12/site-packages/airflow/example_dags/example_short_circuit_operator.py
[2026-01-08T01:49:50.763+0000] {logging_mixin.py:190} INFO - [2026-01-08T01:49:50.763+0000] {dag.py:3211} INFO - Sync 1 DAGs
[2026-01-08T01:49:50.779+0000] {logging_mixin.py:190} INFO - [2026-01-08T01:49:50.779+0000] {dag.py:4138} INFO - Setting next_dagrun for example_short_circuit_operator to 2026-01-07 00:00:00+00:00, run_after=2026-01-08 00:00:00+00:00
[2026-01-08T01:49:50.793+0000] {processor.py:208} INFO - Processing /home/airflow/.local/lib/python3.12/site-packages/airflow/example_dags/example_short_circuit_operator.py took 0.065 seconds
[2026-01-08T01:50:21.234+0000] {processor.py:186} INFO - Started process (PID=312) to work on /home/airflow/.local/lib/python3.12/site-packages/airflow/example_dags/example_short_circuit_operator.py
[2026-01-08T01:50:21.235+0000] {processor.py:914} INFO - Processing file /home/airflow/.local/lib/python3.12/site-packages/airflow/example_dags/example_short_circuit_operator.py for tasks to queue
[2026-01-08T01:50:21.237+0000] {logging_mixin.py:190} INFO - [2026-01-08T01:50:21.237+0000] {dagbag.py:587} INFO - Filling up the DagBag from /home/airflow/.local/lib/python3.12/site-packages/airflow/example_dags/example_short_circuit_operator.py
[2026-01-08T01:50:21.244+0000] {processor.py:925} INFO - DAG(s) 'example_short_circuit_operator' retrieved from /home/airflow/.local/lib/python3.12/site-packages/airflow/example_dags/example_short_circuit_operator.py
[2026-01-08T01:50:21.260+0000] {logging_mixin.py:190} INFO - [2026-01-08T01:50:21.260+0000] {dag.py:3211} INFO - Sync 1 DAGs
[2026-01-08T01:50:21.276+0000] {logging_mixin.py:190} INFO - [2026-01-08T01:50:21.275+0000] {dag.py:4138} INFO - Setting next_dagrun for example_short_circuit_operator to 2026-01-07 00:00:00+00:00, run_after=2026-01-08 00:00:00+00:00
[2026-01-08T01:50:21.289+0000] {processor.py:208} INFO - Processing /home/airflow/.local/lib/python3.12/site-packages/airflow/example_dags/example_short_circuit_operator.py took 0.060 seconds
[2026-01-08T01:50:51.646+0000] {processor.py:186} INFO - Started process (PID=374) to work on /home/airflow/.local/lib/python3.12/site-packages/airflow/example_dags/example_short_circuit_operator.py
[2026-01-08T01:50:51.647+0000] {processor.py:914} INFO - Processing file /home/airflow/.local/lib/python3.12/site-packages/airflow/example_dags/example_short_circuit_operator.py for tasks to queue
[2026-01-08T01:50:51.649+0000] {logging_mixin.py:190} INFO - [2026-01-08T01:50:51.649+0000] {dagbag.py:587} INFO - Filling up the DagBag from /home/airflow/.local/lib/python3.12/site-packages/airflow/example_dags/example_short_circuit_operator.py
[2026-01-08T01:50:51.656+0000] {processor.py:925} INFO - DAG(s) 'example_short_circuit_operator' retrieved from /home/airflow/.local/lib/python3.12/site-packages/airflow/example_dags/example_short_circuit_operator.py
[2026-01-08T01:50:51.672+0000] {logging_mixin.py:190} INFO - [2026-01-08T01:50:51.672+0000] {dag.py:3211} INFO - Sync 1 DAGs
[2026-01-08T01:50:51.688+0000] {logging_mixin.py:190} INFO - [2026-01-08T01:50:51.687+0000] {dag.py:4138} INFO - Setting next_dagrun for example_short_circuit_operator to 2026-01-07 00:00:00+00:00, run_after=2026-01-08 00:00:00+00:00
[2026-01-08T01:50:51.706+0000] {processor.py:208} INFO - Processing /home/airflow/.local/lib/python3.12/site-packages/airflow/example_dags/example_short_circuit_operator.py took 0.064 seconds
[2026-01-08T01:51:22.190+0000] {processor.py:186} INFO - Started process (PID=436) to work on /home/airflow/.local/lib/python3.12/site-packages/airflow/example_dags/example_short_circuit_operator.py
[2026-01-08T01:51:22.192+0000] {processor.py:914} INFO - Processing file /home/airflow/.local/lib/python3.12/site-packages/airflow/example_dags/example_short_circuit_operator.py for tasks to queue
[2026-01-08T01:51:22.195+0000] {logging_mixin.py:190} INFO - [2026-01-08T01:51:22.194+0000] {dagbag.py:587} INFO - Filling up the DagBag from /home/airflow/.local/lib/python3.12/site-packages/airflow/example_dags/example_short_circuit_operator.py
[2026-01-08T01:51:22.202+0000] {processor.py:925} INFO - DAG(s) 'example_short_circuit_operator' retrieved from /home/airflow/.local/lib/python3.12/site-packages/airflow/example_dags/example_short_circuit_operator.py
[2026-01-08T01:51:22.219+0000] {logging_mixin.py:190} INFO - [2026-01-08T01:51:22.219+0000] {dag.py:3211} INFO - Sync 1 DAGs
[2026-01-08T01:51:22.235+0000] {logging_mixin.py:190} INFO - [2026-01-08T01:51:22.235+0000] {dag.py:4138} INFO - Setting next_dagrun for example_short_circuit_operator to 2026-01-07 00:00:00+00:00, run_after=2026-01-08 00:00:00+00:00
[2026-01-08T01:51:22.250+0000] {processor.py:208} INFO - Processing /home/airflow/.local/lib/python3.12/site-packages/airflow/example_dags/example_short_circuit_operator.py took 0.065 seconds
[2026-01-08T01:51:52.804+0000] {processor.py:186} INFO - Started process (PID=498) to work on /home/airflow/.local/lib/python3.12/site-packages/airflow/example_dags/example_short_circuit_operator.py
[2026-01-08T01:51:52.806+0000] {processor.py:914} INFO - Processing file /home/airflow/.local/lib/python3.12/site-packages/airflow/example_dags/example_short_circuit_operator.py for tasks to queue
[2026-01-08T01:51:52.808+0000] {logging_mixin.py:190} INFO - [2026-01-08T01:51:52.808+0000] {dagbag.py:587} INFO - Filling up the DagBag from /home/airflow/.local/lib/python3.12/site-packages/airflow/example_dags/example_short_circuit_operator.py
[2026-01-08T01:51:52.816+0000] {processor.py:925} INFO - DAG(s) 'example_short_circuit_operator' retrieved from /home/airflow/.local/lib/python3.12/site-packages/airflow/example_dags/example_short_circuit_operator.py
[2026-01-08T01:51:52.835+0000] {logging_mixin.py:190} INFO - [2026-01-08T01:51:52.835+0000] {dag.py:3211} INFO - Sync 1 DAGs
[2026-01-08T01:51:52.852+0000] {logging_mixin.py:190} INFO - [2026-01-08T01:51:52.852+0000] {dag.py:4138} INFO - Setting next_dagrun for example_short_circuit_operator to 2026-01-07 00:00:00+00:00, run_after=2026-01-08 00:00:00+00:00
[2026-01-08T01:51:52.865+0000] {processor.py:208} INFO - Processing /home/airflow/.local/lib/python3.12/site-packages/airflow/example_dags/example_short_circuit_operator.py took 0.067 seconds
[2026-01-08T01:52:23.475+0000] {processor.py:186} INFO - Started process (PID=561) to work on /home/airflow/.local/lib/python3.12/site-packages/airflow/example_dags/example_short_circuit_operator.py
[2026-01-08T01:52:23.477+0000] {processor.py:914} INFO - Processing file /home/airflow/.local/lib/python3.12/site-packages/airflow/example_dags/example_short_circuit_operator.py for tasks to queue
[2026-01-08T01:52:23.479+0000] {logging_mixin.py:190} INFO - [2026-01-08T01:52:23.479+0000] {dagbag.py:587} INFO - Filling up the DagBag from /home/airflow/.local/lib/python3.12/site-packages/airflow/example_dags/example_short_circuit_operator.py
[2026-01-08T01:52:23.486+0000] {processor.py:925} INFO - DAG(s) 'example_short_circuit_operator' retrieved from /home/airflow/.local/lib/python3.12/site-packages/airflow/example_dags/example_short_circuit_operator.py
[2026-01-08T01:52:23.504+0000] {logging_mixin.py:190} INFO - [2026-01-08T01:52:23.504+0000] {dag.py:3211} INFO - Sync 1 DAGs
[2026-01-08T01:52:23.520+0000] {logging_mixin.py:190} INFO - [2026-01-08T01:52:23.519+0000] {dag.py:4138} INFO - Setting next_dagrun for example_short_circuit_operator to 2026-01-07 00:00:00+00:00, run_after=2026-01-08 00:00:00+00:00
[2026-01-08T01:52:23.536+0000] {processor.py:208} INFO - Processing /home/airflow/.local/lib/python3.12/site-packages/airflow/example_dags/example_short_circuit_operator.py took 0.066 seconds
[2026-01-08T01:52:53.753+0000] {processor.py:186} INFO - Started process (PID=623) to work on /home/airflow/.local/lib/python3.12/site-packages/airflow/example_dags/example_short_circuit_operator.py
[2026-01-08T01:52:53.754+0000] {processor.py:914} INFO - Processing file /home/airflow/.local/lib/python3.12/site-packages/airflow/example_dags/example_short_circuit_operator.py for tasks to queue
[2026-01-08T01:52:53.756+0000] {logging_mixin.py:190} INFO - [2026-01-08T01:52:53.756+0000] {dagbag.py:587} INFO - Filling up the DagBag from /home/airflow/.local/lib/python3.12/site-packages/airflow/example_dags/example_short_circuit_operator.py
[2026-01-08T01:52:53.763+0000] {processor.py:925} INFO - DAG(s) 'example_short_circuit_operator' retrieved from /home/airflow/.local/lib/python3.12/site-packages/airflow/example_dags/example_short_circuit_operator.py
[2026-01-08T01:52:53.779+0000] {logging_mixin.py:190} INFO - [2026-01-08T01:52:53.779+0000] {dag.py:3211} INFO - Sync 1 DAGs
[2026-01-08T01:52:53.795+0000] {logging_mixin.py:190} INFO - [2026-01-08T01:52:53.795+0000] {dag.py:4138} INFO - Setting next_dagrun for example_short_circuit_operator to 2026-01-07 00:00:00+00:00, run_after=2026-01-08 00:00:00+00:00
[2026-01-08T01:52:53.810+0000] {processor.py:208} INFO - Processing /home/airflow/.local/lib/python3.12/site-packages/airflow/example_dags/example_short_circuit_operator.py took 0.062 seconds
[2026-01-08T01:53:24.113+0000] {processor.py:186} INFO - Started process (PID=685) to work on /home/airflow/.local/lib/python3.12/site-packages/airflow/example_dags/example_short_circuit_operator.py
[2026-01-08T01:53:24.115+0000] {processor.py:914} INFO - Processing file /home/airflow/.local/lib/python3.12/site-packages/airflow/example_dags/example_short_circuit_operator.py for tasks to queue
[2026-01-08T01:53:24.117+0000] {logging_mixin.py:190} INFO - [2026-01-08T01:53:24.117+0000] {dagbag.py:587} INFO - Filling up the DagBag from /home/airflow/.local/lib/python3.12/site-packages/airflow/example_dags/example_short_circuit_operator.py
[2026-01-08T01:53:24.124+0000] {processor.py:925} INFO - DAG(s) 'example_short_circuit_operator' retrieved from /home/airflow/.local/lib/python3.12/site-packages/airflow/example_dags/example_short_circuit_operator.py
[2026-01-08T01:53:24.140+0000] {logging_mixin.py:190} INFO - [2026-01-08T01:53:24.140+0000] {dag.py:3211} INFO - Sync 1 DAGs
[2026-01-08T01:53:24.155+0000] {logging_mixin.py:190} INFO - [2026-01-08T01:53:24.155+0000] {dag.py:4138} INFO - Setting next_dagrun for example_short_circuit_operator to 2026-01-07 00:00:00+00:00, run_after=2026-01-08 00:00:00+00:00
[2026-01-08T01:53:24.171+0000] {processor.py:208} INFO - Processing /home/airflow/.local/lib/python3.12/site-packages/airflow/example_dags/example_short_circuit_operator.py took 0.062 seconds
[2026-01-08T01:53:54.781+0000] {processor.py:186} INFO - Started process (PID=753) to work on /home/airflow/.local/lib/python3.12/site-packages/airflow/example_dags/example_short_circuit_operator.py
[2026-01-08T01:53:54.782+0000] {processor.py:914} INFO - Processing file /home/airflow/.local/lib/python3.12/site-packages/airflow/example_dags/example_short_circuit_operator.py for tasks to queue
[2026-01-08T01:53:54.784+0000] {logging_mixin.py:190} INFO - [2026-01-08T01:53:54.784+0000] {dagbag.py:587} INFO - Filling up the DagBag from /home/airflow/.local/lib/python3.12/site-packages/airflow/example_dags/example_short_circuit_operator.py
[2026-01-08T01:53:54.791+0000] {processor.py:925} INFO - DAG(s) 'example_short_circuit_operator' retrieved from /home/airflow/.local/lib/python3.12/site-packages/airflow/example_dags/example_short_circuit_operator.py
[2026-01-08T01:53:54.807+0000] {logging_mixin.py:190} INFO - [2026-01-08T01:53:54.807+0000] {dag.py:3211} INFO - Sync 1 DAGs
[2026-01-08T01:53:54.822+0000] {logging_mixin.py:190} INFO - [2026-01-08T01:53:54.821+0000] {dag.py:4138} INFO - Setting next_dagrun for example_short_circuit_operator to 2026-01-07 00:00:00+00:00, run_after=2026-01-08 00:00:00+00:00
[2026-01-08T01:53:54.836+0000] {processor.py:208} INFO - Processing /home/airflow/.local/lib/python3.12/site-packages/airflow/example_dags/example_short_circuit_operator.py took 0.060 seconds
[2026-01-08T01:54:25.199+0000] {processor.py:186} INFO - Started process (PID=815) to work on /home/airflow/.local/lib/python3.12/site-packages/airflow/example_dags/example_short_circuit_operator.py
[2026-01-08T01:54:25.201+0000] {processor.py:914} INFO - Processing file /home/airflow/.local/lib/python3.12/site-packages/airflow/example_dags/example_short_circuit_operator.py for tasks to queue
[2026-01-08T01:54:25.204+0000] {logging_mixin.py:190} INFO - [2026-01-08T01:54:25.203+0000] {dagbag.py:587} INFO - Filling up the DagBag from /home/airflow/.local/lib/python3.12/site-packages/airflow/example_dags/example_short_circuit_operator.py
[2026-01-08T01:54:25.213+0000] {processor.py:925} INFO - DAG(s) 'example_short_circuit_operator' retrieved from /home/airflow/.local/lib/python3.12/site-packages/airflow/example_dags/example_short_circuit_operator.py
[2026-01-08T01:54:25.232+0000] {logging_mixin.py:190} INFO - [2026-01-08T01:54:25.232+0000] {dag.py:3211} INFO - Sync 1 DAGs
[2026-01-08T01:54:25.249+0000] {logging_mixin.py:190} INFO - [2026-01-08T01:54:25.249+0000] {dag.py:4138} INFO - Setting next_dagrun for example_short_circuit_operator to 2026-01-07 00:00:00+00:00, run_after=2026-01-08 00:00:00+00:00
[2026-01-08T01:54:25.266+0000] {processor.py:208} INFO - Processing /home/airflow/.local/lib/python3.12/site-packages/airflow/example_dags/example_short_circuit_operator.py took 0.073 seconds
[2026-01-08T01:54:55.886+0000] {processor.py:186} INFO - Started process (PID=877) to work on /home/airflow/.local/lib/python3.12/site-packages/airflow/example_dags/example_short_circuit_operator.py
[2026-01-08T01:54:55.887+0000] {processor.py:914} INFO - Processing file /home/airflow/.local/lib/python3.12/site-packages/airflow/example_dags/example_short_circuit_operator.py for tasks to queue
[2026-01-08T01:54:55.889+0000] {logging_mixin.py:190} INFO - [2026-01-08T01:54:55.889+0000] {dagbag.py:587} INFO - Filling up the DagBag from /home/airflow/.local/lib/python3.12/site-packages/airflow/example_dags/example_short_circuit_operator.py
[2026-01-08T01:54:55.895+0000] {processor.py:925} INFO - DAG(s) 'example_short_circuit_operator' retrieved from /home/airflow/.local/lib/python3.12/site-packages/airflow/example_dags/example_short_circuit_operator.py
[2026-01-08T01:54:55.915+0000] {logging_mixin.py:190} INFO - [2026-01-08T01:54:55.914+0000] {dag.py:3211} INFO - Sync 1 DAGs
[2026-01-08T01:54:55.931+0000] {logging_mixin.py:190} INFO - [2026-01-08T01:54:55.931+0000] {dag.py:4138} INFO - Setting next_dagrun for example_short_circuit_operator to 2026-01-07 00:00:00+00:00, run_after=2026-01-08 00:00:00+00:00
[2026-01-08T01:54:55.946+0000] {processor.py:208} INFO - Processing /home/airflow/.local/lib/python3.12/site-packages/airflow/example_dags/example_short_circuit_operator.py took 0.065 seconds
[2026-01-08T01:55:26.180+0000] {processor.py:186} INFO - Started process (PID=939) to work on /home/airflow/.local/lib/python3.12/site-packages/airflow/example_dags/example_short_circuit_operator.py
[2026-01-08T01:55:26.182+0000] {processor.py:914} INFO - Processing file /home/airflow/.local/lib/python3.12/site-packages/airflow/example_dags/example_short_circuit_operator.py for tasks to queue
[2026-01-08T01:55:26.184+0000] {logging_mixin.py:190} INFO - [2026-01-08T01:55:26.184+0000] {dagbag.py:587} INFO - Filling up the DagBag from /home/airflow/.local/lib/python3.12/site-packages/airflow/example_dags/example_short_circuit_operator.py
[2026-01-08T01:55:26.191+0000] {processor.py:925} INFO - DAG(s) 'example_short_circuit_operator' retrieved from /home/airflow/.local/lib/python3.12/site-packages/airflow/example_dags/example_short_circuit_operator.py
[2026-01-08T01:55:26.208+0000] {logging_mixin.py:190} INFO - [2026-01-08T01:55:26.208+0000] {dag.py:3211} INFO - Sync 1 DAGs
[2026-01-08T01:55:26.222+0000] {logging_mixin.py:190} INFO - [2026-01-08T01:55:26.222+0000] {dag.py:4138} INFO - Setting next_dagrun for example_short_circuit_operator to 2026-01-07 00:00:00+00:00, run_after=2026-01-08 00:00:00+00:00
[2026-01-08T01:55:26.238+0000] {processor.py:208} INFO - Processing /home/airflow/.local/lib/python3.12/site-packages/airflow/example_dags/example_short_circuit_operator.py took 0.063 seconds
[2026-01-08T01:55:56.953+0000] {processor.py:186} INFO - Started process (PID=1001) to work on /home/airflow/.local/lib/python3.12/site-packages/airflow/example_dags/example_short_circuit_operator.py
[2026-01-08T01:55:56.954+0000] {processor.py:914} INFO - Processing file /home/airflow/.local/lib/python3.12/site-packages/airflow/example_dags/example_short_circuit_operator.py for tasks to queue
[2026-01-08T01:55:56.957+0000] {logging_mixin.py:190} INFO - [2026-01-08T01:55:56.956+0000] {dagbag.py:587} INFO - Filling up the DagBag from /home/airflow/.local/lib/python3.12/site-packages/airflow/example_dags/example_short_circuit_operator.py
[2026-01-08T01:55:56.964+0000] {processor.py:925} INFO - DAG(s) 'example_short_circuit_operator' retrieved from /home/airflow/.local/lib/python3.12/site-packages/airflow/example_dags/example_short_circuit_operator.py
[2026-01-08T01:55:56.983+0000] {logging_mixin.py:190} INFO - [2026-01-08T01:55:56.983+0000] {dag.py:3211} INFO - Sync 1 DAGs
[2026-01-08T01:55:56.999+0000] {logging_mixin.py:190} INFO - [2026-01-08T01:55:56.999+0000] {dag.py:4138} INFO - Setting next_dagrun for example_short_circuit_operator to 2026-01-07 00:00:00+00:00, run_after=2026-01-08 00:00:00+00:00
[2026-01-08T01:55:57.016+0000] {processor.py:208} INFO - Processing /home/airflow/.local/lib/python3.12/site-packages/airflow/example_dags/example_short_circuit_operator.py took 0.067 seconds
[2026-01-08T01:56:27.769+0000] {processor.py:186} INFO - Started process (PID=1063) to work on /home/airflow/.local/lib/python3.12/site-packages/airflow/example_dags/example_short_circuit_operator.py
[2026-01-08T01:56:27.771+0000] {processor.py:914} INFO - Processing file /home/airflow/.local/lib/python3.12/site-packages/airflow/example_dags/example_short_circuit_operator.py for tasks to queue
[2026-01-08T01:56:27.774+0000] {logging_mixin.py:190} INFO - [2026-01-08T01:56:27.774+0000] {dagbag.py:587} INFO - Filling up the DagBag from /home/airflow/.local/lib/python3.12/site-packages/airflow/example_dags/example_short_circuit_operator.py
[2026-01-08T01:56:27.786+0000] {processor.py:925} INFO - DAG(s) 'example_short_circuit_operator' retrieved from /home/airflow/.local/lib/python3.12/site-packages/airflow/example_dags/example_short_circuit_operator.py
[2026-01-08T01:56:27.812+0000] {logging_mixin.py:190} INFO - [2026-01-08T01:56:27.811+0000] {dag.py:3211} INFO - Sync 1 DAGs
[2026-01-08T01:56:27.834+0000] {logging_mixin.py:190} INFO - [2026-01-08T01:56:27.834+0000] {dag.py:4138} INFO - Setting next_dagrun for example_short_circuit_operator to 2026-01-07 00:00:00+00:00, run_after=2026-01-08 00:00:00+00:00
[2026-01-08T01:56:27.855+0000] {processor.py:208} INFO - Processing /home/airflow/.local/lib/python3.12/site-packages/airflow/example_dags/example_short_circuit_operator.py took 0.094 seconds
[2026-01-08T01:56:58.093+0000] {processor.py:186} INFO - Started process (PID=1125) to work on /home/airflow/.local/lib/python3.12/site-packages/airflow/example_dags/example_short_circuit_operator.py
[2026-01-08T01:56:58.095+0000] {processor.py:914} INFO - Processing file /home/airflow/.local/lib/python3.12/site-packages/airflow/example_dags/example_short_circuit_operator.py for tasks to queue
[2026-01-08T01:56:58.099+0000] {logging_mixin.py:190} INFO - [2026-01-08T01:56:58.098+0000] {dagbag.py:587} INFO - Filling up the DagBag from /home/airflow/.local/lib/python3.12/site-packages/airflow/example_dags/example_short_circuit_operator.py
[2026-01-08T01:56:58.114+0000] {processor.py:925} INFO - DAG(s) 'example_short_circuit_operator' retrieved from /home/airflow/.local/lib/python3.12/site-packages/airflow/example_dags/example_short_circuit_operator.py
[2026-01-08T01:56:58.142+0000] {logging_mixin.py:190} INFO - [2026-01-08T01:56:58.142+0000] {dag.py:3211} INFO - Sync 1 DAGs
[2026-01-08T01:56:58.162+0000] {logging_mixin.py:190} INFO - [2026-01-08T01:56:58.162+0000] {dag.py:4138} INFO - Setting next_dagrun for example_short_circuit_operator to 2026-01-07 00:00:00+00:00, run_after=2026-01-08 00:00:00+00:00
[2026-01-08T01:56:58.180+0000] {processor.py:208} INFO - Processing /home/airflow/.local/lib/python3.12/site-packages/airflow/example_dags/example_short_circuit_operator.py took 0.093 seconds
[2026-01-08T01:57:29.223+0000] {processor.py:186} INFO - Started process (PID=1187) to work on /home/airflow/.local/lib/python3.12/site-packages/airflow/example_dags/example_short_circuit_operator.py
[2026-01-08T01:57:29.224+0000] {processor.py:914} INFO - Processing file /home/airflow/.local/lib/python3.12/site-packages/airflow/example_dags/example_short_circuit_operator.py for tasks to queue
[2026-01-08T01:57:29.226+0000] {logging_mixin.py:190} INFO - [2026-01-08T01:57:29.226+0000] {dagbag.py:587} INFO - Filling up the DagBag from /home/airflow/.local/lib/python3.12/site-packages/airflow/example_dags/example_short_circuit_operator.py
[2026-01-08T01:57:29.233+0000] {processor.py:925} INFO - DAG(s) 'example_short_circuit_operator' retrieved from /home/airflow/.local/lib/python3.12/site-packages/airflow/example_dags/example_short_circuit_operator.py
[2026-01-08T01:57:29.251+0000] {logging_mixin.py:190} INFO - [2026-01-08T01:57:29.251+0000] {dag.py:3211} INFO - Sync 1 DAGs
[2026-01-08T01:57:29.266+0000] {logging_mixin.py:190} INFO - [2026-01-08T01:57:29.266+0000] {dag.py:4138} INFO - Setting next_dagrun for example_short_circuit_operator to 2026-01-07 00:00:00+00:00, run_after=2026-01-08 00:00:00+00:00
[2026-01-08T01:57:29.281+0000] {processor.py:208} INFO - Processing /home/airflow/.local/lib/python3.12/site-packages/airflow/example_dags/example_short_circuit_operator.py took 0.063 seconds
[2026-01-08T01:57:59.925+0000] {processor.py:186} INFO - Started process (PID=1249) to work on /home/airflow/.local/lib/python3.12/site-packages/airflow/example_dags/example_short_circuit_operator.py
[2026-01-08T01:57:59.927+0000] {processor.py:914} INFO - Processing file /home/airflow/.local/lib/python3.12/site-packages/airflow/example_dags/example_short_circuit_operator.py for tasks to queue
[2026-01-08T01:57:59.929+0000] {logging_mixin.py:190} INFO - [2026-01-08T01:57:59.929+0000] {dagbag.py:587} INFO - Filling up the DagBag from /home/airflow/.local/lib/python3.12/site-packages/airflow/example_dags/example_short_circuit_operator.py
[2026-01-08T01:57:59.935+0000] {processor.py:925} INFO - DAG(s) 'example_short_circuit_operator' retrieved from /home/airflow/.local/lib/python3.12/site-packages/airflow/example_dags/example_short_circuit_operator.py
[2026-01-08T01:57:59.953+0000] {logging_mixin.py:190} INFO - [2026-01-08T01:57:59.953+0000] {dag.py:3211} INFO - Sync 1 DAGs
[2026-01-08T01:57:59.969+0000] {logging_mixin.py:190} INFO - [2026-01-08T01:57:59.968+0000] {dag.py:4138} INFO - Setting next_dagrun for example_short_circuit_operator to 2026-01-07 00:00:00+00:00, run_after=2026-01-08 00:00:00+00:00
[2026-01-08T01:57:59.987+0000] {processor.py:208} INFO - Processing /home/airflow/.local/lib/python3.12/site-packages/airflow/example_dags/example_short_circuit_operator.py took 0.066 seconds
[2026-01-08T01:58:30.530+0000] {processor.py:186} INFO - Started process (PID=1312) to work on /home/airflow/.local/lib/python3.12/site-packages/airflow/example_dags/example_short_circuit_operator.py
[2026-01-08T01:58:30.531+0000] {processor.py:914} INFO - Processing file /home/airflow/.local/lib/python3.12/site-packages/airflow/example_dags/example_short_circuit_operator.py for tasks to queue
[2026-01-08T01:58:30.533+0000] {logging_mixin.py:190} INFO - [2026-01-08T01:58:30.533+0000] {dagbag.py:587} INFO - Filling up the DagBag from /home/airflow/.local/lib/python3.12/site-packages/airflow/example_dags/example_short_circuit_operator.py
[2026-01-08T01:58:30.540+0000] {processor.py:925} INFO - DAG(s) 'example_short_circuit_operator' retrieved from /home/airflow/.local/lib/python3.12/site-packages/airflow/example_dags/example_short_circuit_operator.py
[2026-01-08T01:58:30.559+0000] {logging_mixin.py:190} INFO - [2026-01-08T01:58:30.558+0000] {dag.py:3211} INFO - Sync 1 DAGs
[2026-01-08T01:58:30.576+0000] {logging_mixin.py:190} INFO - [2026-01-08T01:58:30.576+0000] {dag.py:4138} INFO - Setting next_dagrun for example_short_circuit_operator to 2026-01-07 00:00:00+00:00, run_after=2026-01-08 00:00:00+00:00
[2026-01-08T01:58:30.593+0000] {processor.py:208} INFO - Processing /home/airflow/.local/lib/python3.12/site-packages/airflow/example_dags/example_short_circuit_operator.py took 0.067 seconds
[2026-01-08T01:59:00.847+0000] {processor.py:186} INFO - Started process (PID=1375) to work on /home/airflow/.local/lib/python3.12/site-packages/airflow/example_dags/example_short_circuit_operator.py
[2026-01-08T01:59:00.848+0000] {processor.py:914} INFO - Processing file /home/airflow/.local/lib/python3.12/site-packages/airflow/example_dags/example_short_circuit_operator.py for tasks to queue
[2026-01-08T01:59:00.850+0000] {logging_mixin.py:190} INFO - [2026-01-08T01:59:00.850+0000] {dagbag.py:587} INFO - Filling up the DagBag from /home/airflow/.local/lib/python3.12/site-packages/airflow/example_dags/example_short_circuit_operator.py
[2026-01-08T01:59:00.857+0000] {processor.py:925} INFO - DAG(s) 'example_short_circuit_operator' retrieved from /home/airflow/.local/lib/python3.12/site-packages/airflow/example_dags/example_short_circuit_operator.py
[2026-01-08T01:59:00.876+0000] {logging_mixin.py:190} INFO - [2026-01-08T01:59:00.875+0000] {dag.py:3211} INFO - Sync 1 DAGs
[2026-01-08T01:59:00.891+0000] {logging_mixin.py:190} INFO - [2026-01-08T01:59:00.891+0000] {dag.py:4138} INFO - Setting next_dagrun for example_short_circuit_operator to 2026-01-07 00:00:00+00:00, run_after=2026-01-08 00:00:00+00:00
[2026-01-08T01:59:00.905+0000] {processor.py:208} INFO - Processing /home/airflow/.local/lib/python3.12/site-packages/airflow/example_dags/example_short_circuit_operator.py took 0.062 seconds
[2026-01-08T01:59:31.208+0000] {processor.py:186} INFO - Started process (PID=1438) to work on /home/airflow/.local/lib/python3.12/site-packages/airflow/example_dags/example_short_circuit_operator.py
[2026-01-08T01:59:31.210+0000] {processor.py:914} INFO - Processing file /home/airflow/.local/lib/python3.12/site-packages/airflow/example_dags/example_short_circuit_operator.py for tasks to queue
[2026-01-08T01:59:31.212+0000] {logging_mixin.py:190} INFO - [2026-01-08T01:59:31.211+0000] {dagbag.py:587} INFO - Filling up the DagBag from /home/airflow/.local/lib/python3.12/site-packages/airflow/example_dags/example_short_circuit_operator.py
[2026-01-08T01:59:31.219+0000] {processor.py:925} INFO - DAG(s) 'example_short_circuit_operator' retrieved from /home/airflow/.local/lib/python3.12/site-packages/airflow/example_dags/example_short_circuit_operator.py
[2026-01-08T01:59:31.239+0000] {logging_mixin.py:190} INFO - [2026-01-08T01:59:31.239+0000] {dag.py:3211} INFO - Sync 1 DAGs
[2026-01-08T01:59:31.255+0000] {logging_mixin.py:190} INFO - [2026-01-08T01:59:31.255+0000] {dag.py:4138} INFO - Setting next_dagrun for example_short_circuit_operator to 2026-01-07 00:00:00+00:00, run_after=2026-01-08 00:00:00+00:00
[2026-01-08T01:59:31.269+0000] {processor.py:208} INFO - Processing /home/airflow/.local/lib/python3.12/site-packages/airflow/example_dags/example_short_circuit_operator.py took 0.066 seconds
[2026-01-08T02:00:01.500+0000] {processor.py:186} INFO - Started process (PID=1501) to work on /home/airflow/.local/lib/python3.12/site-packages/airflow/example_dags/example_short_circuit_operator.py
[2026-01-08T02:00:01.501+0000] {processor.py:914} INFO - Processing file /home/airflow/.local/lib/python3.12/site-packages/airflow/example_dags/example_short_circuit_operator.py for tasks to queue
[2026-01-08T02:00:01.503+0000] {logging_mixin.py:190} INFO - [2026-01-08T02:00:01.503+0000] {dagbag.py:587} INFO - Filling up the DagBag from /home/airflow/.local/lib/python3.12/site-packages/airflow/example_dags/example_short_circuit_operator.py
[2026-01-08T02:00:01.510+0000] {processor.py:925} INFO - DAG(s) 'example_short_circuit_operator' retrieved from /home/airflow/.local/lib/python3.12/site-packages/airflow/example_dags/example_short_circuit_operator.py
[2026-01-08T02:00:01.530+0000] {logging_mixin.py:190} INFO - [2026-01-08T02:00:01.530+0000] {dag.py:3211} INFO - Sync 1 DAGs
[2026-01-08T02:00:01.547+0000] {logging_mixin.py:190} INFO - [2026-01-08T02:00:01.547+0000] {dag.py:4138} INFO - Setting next_dagrun for example_short_circuit_operator to 2026-01-07 00:00:00+00:00, run_after=2026-01-08 00:00:00+00:00
[2026-01-08T02:00:01.562+0000] {processor.py:208} INFO - Processing /home/airflow/.local/lib/python3.12/site-packages/airflow/example_dags/example_short_circuit_operator.py took 0.067 seconds
[2026-01-08T02:00:32.304+0000] {processor.py:186} INFO - Started process (PID=1564) to work on /home/airflow/.local/lib/python3.12/site-packages/airflow/example_dags/example_short_circuit_operator.py
[2026-01-08T02:00:32.306+0000] {processor.py:914} INFO - Processing file /home/airflow/.local/lib/python3.12/site-packages/airflow/example_dags/example_short_circuit_operator.py for tasks to queue
[2026-01-08T02:00:32.309+0000] {logging_mixin.py:190} INFO - [2026-01-08T02:00:32.308+0000] {dagbag.py:587} INFO - Filling up the DagBag from /home/airflow/.local/lib/python3.12/site-packages/airflow/example_dags/example_short_circuit_operator.py
[2026-01-08T02:00:32.317+0000] {processor.py:925} INFO - DAG(s) 'example_short_circuit_operator' retrieved from /home/airflow/.local/lib/python3.12/site-packages/airflow/example_dags/example_short_circuit_operator.py
[2026-01-08T02:00:32.337+0000] {logging_mixin.py:190} INFO - [2026-01-08T02:00:32.337+0000] {dag.py:3211} INFO - Sync 1 DAGs
[2026-01-08T02:00:32.355+0000] {logging_mixin.py:190} INFO - [2026-01-08T02:00:32.355+0000] {dag.py:4138} INFO - Setting next_dagrun for example_short_circuit_operator to 2026-01-07 00:00:00+00:00, run_after=2026-01-08 00:00:00+00:00
[2026-01-08T02:00:32.380+0000] {processor.py:208} INFO - Processing /home/airflow/.local/lib/python3.12/site-packages/airflow/example_dags/example_short_circuit_operator.py took 0.081 seconds
[2026-01-08T02:01:02.876+0000] {processor.py:186} INFO - Started process (PID=1627) to work on /home/airflow/.local/lib/python3.12/site-packages/airflow/example_dags/example_short_circuit_operator.py
[2026-01-08T02:01:02.878+0000] {processor.py:914} INFO - Processing file /home/airflow/.local/lib/python3.12/site-packages/airflow/example_dags/example_short_circuit_operator.py for tasks to queue
[2026-01-08T02:01:02.880+0000] {logging_mixin.py:190} INFO - [2026-01-08T02:01:02.880+0000] {dagbag.py:587} INFO - Filling up the DagBag from /home/airflow/.local/lib/python3.12/site-packages/airflow/example_dags/example_short_circuit_operator.py
[2026-01-08T02:01:02.888+0000] {processor.py:925} INFO - DAG(s) 'example_short_circuit_operator' retrieved from /home/airflow/.local/lib/python3.12/site-packages/airflow/example_dags/example_short_circuit_operator.py
[2026-01-08T02:01:02.907+0000] {logging_mixin.py:190} INFO - [2026-01-08T02:01:02.907+0000] {dag.py:3211} INFO - Sync 1 DAGs
[2026-01-08T02:01:02.927+0000] {logging_mixin.py:190} INFO - [2026-01-08T02:01:02.927+0000] {dag.py:4138} INFO - Setting next_dagrun for example_short_circuit_operator to 2026-01-07 00:00:00+00:00, run_after=2026-01-08 00:00:00+00:00
[2026-01-08T02:01:02.943+0000] {processor.py:208} INFO - Processing /home/airflow/.local/lib/python3.12/site-packages/airflow/example_dags/example_short_circuit_operator.py took 0.071 seconds
[2026-01-08T02:01:33.348+0000] {processor.py:186} INFO - Started process (PID=1690) to work on /home/airflow/.local/lib/python3.12/site-packages/airflow/example_dags/example_short_circuit_operator.py
[2026-01-08T02:01:33.349+0000] {processor.py:914} INFO - Processing file /home/airflow/.local/lib/python3.12/site-packages/airflow/example_dags/example_short_circuit_operator.py for tasks to queue
[2026-01-08T02:01:33.351+0000] {logging_mixin.py:190} INFO - [2026-01-08T02:01:33.351+0000] {dagbag.py:587} INFO - Filling up the DagBag from /home/airflow/.local/lib/python3.12/site-packages/airflow/example_dags/example_short_circuit_operator.py
[2026-01-08T02:01:33.358+0000] {processor.py:925} INFO - DAG(s) 'example_short_circuit_operator' retrieved from /home/airflow/.local/lib/python3.12/site-packages/airflow/example_dags/example_short_circuit_operator.py
[2026-01-08T02:01:33.377+0000] {logging_mixin.py:190} INFO - [2026-01-08T02:01:33.376+0000] {dag.py:3211} INFO - Sync 1 DAGs
[2026-01-08T02:01:33.395+0000] {logging_mixin.py:190} INFO - [2026-01-08T02:01:33.395+0000] {dag.py:4138} INFO - Setting next_dagrun for example_short_circuit_operator to 2026-01-07 00:00:00+00:00, run_after=2026-01-08 00:00:00+00:00
[2026-01-08T02:01:33.409+0000] {processor.py:208} INFO - Processing /home/airflow/.local/lib/python3.12/site-packages/airflow/example_dags/example_short_circuit_operator.py took 0.066 seconds
[2026-01-08T02:02:03.476+0000] {processor.py:186} INFO - Started process (PID=1753) to work on /home/airflow/.local/lib/python3.12/site-packages/airflow/example_dags/example_short_circuit_operator.py
[2026-01-08T02:02:03.478+0000] {processor.py:914} INFO - Processing file /home/airflow/.local/lib/python3.12/site-packages/airflow/example_dags/example_short_circuit_operator.py for tasks to queue
[2026-01-08T02:02:03.480+0000] {logging_mixin.py:190} INFO - [2026-01-08T02:02:03.479+0000] {dagbag.py:587} INFO - Filling up the DagBag from /home/airflow/.local/lib/python3.12/site-packages/airflow/example_dags/example_short_circuit_operator.py
[2026-01-08T02:02:03.486+0000] {processor.py:925} INFO - DAG(s) 'example_short_circuit_operator' retrieved from /home/airflow/.local/lib/python3.12/site-packages/airflow/example_dags/example_short_circuit_operator.py
[2026-01-08T02:02:03.505+0000] {logging_mixin.py:190} INFO - [2026-01-08T02:02:03.505+0000] {dag.py:3211} INFO - Sync 1 DAGs
[2026-01-08T02:02:03.522+0000] {logging_mixin.py:190} INFO - [2026-01-08T02:02:03.522+0000] {dag.py:4138} INFO - Setting next_dagrun for example_short_circuit_operator to 2026-01-07 00:00:00+00:00, run_after=2026-01-08 00:00:00+00:00
[2026-01-08T02:02:03.540+0000] {processor.py:208} INFO - Processing /home/airflow/.local/lib/python3.12/site-packages/airflow/example_dags/example_short_circuit_operator.py took 0.069 seconds
[2026-01-08T02:02:34.495+0000] {processor.py:186} INFO - Started process (PID=1816) to work on /home/airflow/.local/lib/python3.12/site-packages/airflow/example_dags/example_short_circuit_operator.py
[2026-01-08T02:02:34.496+0000] {processor.py:914} INFO - Processing file /home/airflow/.local/lib/python3.12/site-packages/airflow/example_dags/example_short_circuit_operator.py for tasks to queue
[2026-01-08T02:02:34.499+0000] {logging_mixin.py:190} INFO - [2026-01-08T02:02:34.499+0000] {dagbag.py:587} INFO - Filling up the DagBag from /home/airflow/.local/lib/python3.12/site-packages/airflow/example_dags/example_short_circuit_operator.py
[2026-01-08T02:02:34.506+0000] {processor.py:925} INFO - DAG(s) 'example_short_circuit_operator' retrieved from /home/airflow/.local/lib/python3.12/site-packages/airflow/example_dags/example_short_circuit_operator.py
[2026-01-08T02:02:34.526+0000] {logging_mixin.py:190} INFO - [2026-01-08T02:02:34.525+0000] {dag.py:3211} INFO - Sync 1 DAGs
[2026-01-08T02:02:34.541+0000] {logging_mixin.py:190} INFO - [2026-01-08T02:02:34.541+0000] {dag.py:4138} INFO - Setting next_dagrun for example_short_circuit_operator to 2026-01-07 00:00:00+00:00, run_after=2026-01-08 00:00:00+00:00
[2026-01-08T02:02:34.556+0000] {processor.py:208} INFO - Processing /home/airflow/.local/lib/python3.12/site-packages/airflow/example_dags/example_short_circuit_operator.py took 0.066 seconds
[2026-01-08T02:03:04.644+0000] {processor.py:186} INFO - Started process (PID=1879) to work on /home/airflow/.local/lib/python3.12/site-packages/airflow/example_dags/example_short_circuit_operator.py
[2026-01-08T02:03:04.645+0000] {processor.py:914} INFO - Processing file /home/airflow/.local/lib/python3.12/site-packages/airflow/example_dags/example_short_circuit_operator.py for tasks to queue
[2026-01-08T02:03:04.648+0000] {logging_mixin.py:190} INFO - [2026-01-08T02:03:04.647+0000] {dagbag.py:587} INFO - Filling up the DagBag from /home/airflow/.local/lib/python3.12/site-packages/airflow/example_dags/example_short_circuit_operator.py
[2026-01-08T02:03:04.655+0000] {processor.py:925} INFO - DAG(s) 'example_short_circuit_operator' retrieved from /home/airflow/.local/lib/python3.12/site-packages/airflow/example_dags/example_short_circuit_operator.py
[2026-01-08T02:03:04.676+0000] {logging_mixin.py:190} INFO - [2026-01-08T02:03:04.676+0000] {dag.py:3211} INFO - Sync 1 DAGs
[2026-01-08T02:03:04.695+0000] {logging_mixin.py:190} INFO - [2026-01-08T02:03:04.695+0000] {dag.py:4138} INFO - Setting next_dagrun for example_short_circuit_operator to 2026-01-07 00:00:00+00:00, run_after=2026-01-08 00:00:00+00:00
[2026-01-08T02:03:04.711+0000] {processor.py:208} INFO - Processing /home/airflow/.local/lib/python3.12/site-packages/airflow/example_dags/example_short_circuit_operator.py took 0.072 seconds
[2026-01-08T02:03:34.916+0000] {processor.py:186} INFO - Started process (PID=1944) to work on /home/airflow/.local/lib/python3.12/site-packages/airflow/example_dags/example_short_circuit_operator.py
[2026-01-08T02:03:34.917+0000] {processor.py:914} INFO - Processing file /home/airflow/.local/lib/python3.12/site-packages/airflow/example_dags/example_short_circuit_operator.py for tasks to queue
[2026-01-08T02:03:34.919+0000] {logging_mixin.py:190} INFO - [2026-01-08T02:03:34.919+0000] {dagbag.py:587} INFO - Filling up the DagBag from /home/airflow/.local/lib/python3.12/site-packages/airflow/example_dags/example_short_circuit_operator.py
[2026-01-08T02:03:34.926+0000] {processor.py:925} INFO - DAG(s) 'example_short_circuit_operator' retrieved from /home/airflow/.local/lib/python3.12/site-packages/airflow/example_dags/example_short_circuit_operator.py
[2026-01-08T02:03:34.943+0000] {logging_mixin.py:190} INFO - [2026-01-08T02:03:34.943+0000] {dag.py:3211} INFO - Sync 1 DAGs
[2026-01-08T02:03:34.961+0000] {logging_mixin.py:190} INFO - [2026-01-08T02:03:34.960+0000] {dag.py:4138} INFO - Setting next_dagrun for example_short_circuit_operator to 2026-01-07 00:00:00+00:00, run_after=2026-01-08 00:00:00+00:00
[2026-01-08T02:03:34.976+0000] {processor.py:208} INFO - Processing /home/airflow/.local/lib/python3.12/site-packages/airflow/example_dags/example_short_circuit_operator.py took 0.065 seconds
[2026-01-08T02:04:05.226+0000] {processor.py:186} INFO - Started process (PID=2007) to work on /home/airflow/.local/lib/python3.12/site-packages/airflow/example_dags/example_short_circuit_operator.py
[2026-01-08T02:04:05.228+0000] {processor.py:914} INFO - Processing file /home/airflow/.local/lib/python3.12/site-packages/airflow/example_dags/example_short_circuit_operator.py for tasks to queue
[2026-01-08T02:04:05.230+0000] {logging_mixin.py:190} INFO - [2026-01-08T02:04:05.230+0000] {dagbag.py:587} INFO - Filling up the DagBag from /home/airflow/.local/lib/python3.12/site-packages/airflow/example_dags/example_short_circuit_operator.py
[2026-01-08T02:04:05.237+0000] {processor.py:925} INFO - DAG(s) 'example_short_circuit_operator' retrieved from /home/airflow/.local/lib/python3.12/site-packages/airflow/example_dags/example_short_circuit_operator.py
[2026-01-08T02:04:05.258+0000] {logging_mixin.py:190} INFO - [2026-01-08T02:04:05.257+0000] {dag.py:3211} INFO - Sync 1 DAGs
[2026-01-08T02:04:05.276+0000] {logging_mixin.py:190} INFO - [2026-01-08T02:04:05.276+0000] {dag.py:4138} INFO - Setting next_dagrun for example_short_circuit_operator to 2026-01-07 00:00:00+00:00, run_after=2026-01-08 00:00:00+00:00
[2026-01-08T02:04:05.294+0000] {processor.py:208} INFO - Processing /home/airflow/.local/lib/python3.12/site-packages/airflow/example_dags/example_short_circuit_operator.py took 0.073 seconds
[2026-01-08T02:04:35.567+0000] {processor.py:186} INFO - Started process (PID=2070) to work on /home/airflow/.local/lib/python3.12/site-packages/airflow/example_dags/example_short_circuit_operator.py
[2026-01-08T02:04:35.569+0000] {processor.py:914} INFO - Processing file /home/airflow/.local/lib/python3.12/site-packages/airflow/example_dags/example_short_circuit_operator.py for tasks to queue
[2026-01-08T02:04:35.571+0000] {logging_mixin.py:190} INFO - [2026-01-08T02:04:35.571+0000] {dagbag.py:587} INFO - Filling up the DagBag from /home/airflow/.local/lib/python3.12/site-packages/airflow/example_dags/example_short_circuit_operator.py
[2026-01-08T02:04:35.578+0000] {processor.py:925} INFO - DAG(s) 'example_short_circuit_operator' retrieved from /home/airflow/.local/lib/python3.12/site-packages/airflow/example_dags/example_short_circuit_operator.py
[2026-01-08T02:04:35.597+0000] {logging_mixin.py:190} INFO - [2026-01-08T02:04:35.597+0000] {dag.py:3211} INFO - Sync 1 DAGs
[2026-01-08T02:04:35.613+0000] {logging_mixin.py:190} INFO - [2026-01-08T02:04:35.613+0000] {dag.py:4138} INFO - Setting next_dagrun for example_short_circuit_operator to 2026-01-07 00:00:00+00:00, run_after=2026-01-08 00:00:00+00:00
[2026-01-08T02:04:35.627+0000] {processor.py:208} INFO - Processing /home/airflow/.local/lib/python3.12/site-packages/airflow/example_dags/example_short_circuit_operator.py took 0.065 seconds
[2026-01-08T02:05:05.734+0000] {processor.py:186} INFO - Started process (PID=2133) to work on /home/airflow/.local/lib/python3.12/site-packages/airflow/example_dags/example_short_circuit_operator.py
[2026-01-08T02:05:05.735+0000] {processor.py:914} INFO - Processing file /home/airflow/.local/lib/python3.12/site-packages/airflow/example_dags/example_short_circuit_operator.py for tasks to queue
[2026-01-08T02:05:05.737+0000] {logging_mixin.py:190} INFO - [2026-01-08T02:05:05.737+0000] {dagbag.py:587} INFO - Filling up the DagBag from /home/airflow/.local/lib/python3.12/site-packages/airflow/example_dags/example_short_circuit_operator.py
[2026-01-08T02:05:05.744+0000] {processor.py:925} INFO - DAG(s) 'example_short_circuit_operator' retrieved from /home/airflow/.local/lib/python3.12/site-packages/airflow/example_dags/example_short_circuit_operator.py
[2026-01-08T02:05:05.760+0000] {logging_mixin.py:190} INFO - [2026-01-08T02:05:05.760+0000] {dag.py:3211} INFO - Sync 1 DAGs
[2026-01-08T02:05:05.775+0000] {logging_mixin.py:190} INFO - [2026-01-08T02:05:05.775+0000] {dag.py:4138} INFO - Setting next_dagrun for example_short_circuit_operator to 2026-01-07 00:00:00+00:00, run_after=2026-01-08 00:00:00+00:00
[2026-01-08T02:05:05.788+0000] {processor.py:208} INFO - Processing /home/airflow/.local/lib/python3.12/site-packages/airflow/example_dags/example_short_circuit_operator.py took 0.059 seconds
[2026-01-08T02:05:36.079+0000] {processor.py:186} INFO - Started process (PID=2196) to work on /home/airflow/.local/lib/python3.12/site-packages/airflow/example_dags/example_short_circuit_operator.py
[2026-01-08T02:05:36.081+0000] {processor.py:914} INFO - Processing file /home/airflow/.local/lib/python3.12/site-packages/airflow/example_dags/example_short_circuit_operator.py for tasks to queue
[2026-01-08T02:05:36.083+0000] {logging_mixin.py:190} INFO - [2026-01-08T02:05:36.083+0000] {dagbag.py:587} INFO - Filling up the DagBag from /home/airflow/.local/lib/python3.12/site-packages/airflow/example_dags/example_short_circuit_operator.py
[2026-01-08T02:05:36.090+0000] {processor.py:925} INFO - DAG(s) 'example_short_circuit_operator' retrieved from /home/airflow/.local/lib/python3.12/site-packages/airflow/example_dags/example_short_circuit_operator.py
[2026-01-08T02:05:36.107+0000] {logging_mixin.py:190} INFO - [2026-01-08T02:05:36.107+0000] {dag.py:3211} INFO - Sync 1 DAGs
[2026-01-08T02:05:36.122+0000] {logging_mixin.py:190} INFO - [2026-01-08T02:05:36.122+0000] {dag.py:4138} INFO - Setting next_dagrun for example_short_circuit_operator to 2026-01-07 00:00:00+00:00, run_after=2026-01-08 00:00:00+00:00
[2026-01-08T02:05:36.137+0000] {processor.py:208} INFO - Processing /home/airflow/.local/lib/python3.12/site-packages/airflow/example_dags/example_short_circuit_operator.py took 0.063 seconds
[2026-01-08T02:06:06.373+0000] {processor.py:186} INFO - Started process (PID=2259) to work on /home/airflow/.local/lib/python3.12/site-packages/airflow/example_dags/example_short_circuit_operator.py
[2026-01-08T02:06:06.374+0000] {processor.py:914} INFO - Processing file /home/airflow/.local/lib/python3.12/site-packages/airflow/example_dags/example_short_circuit_operator.py for tasks to queue
[2026-01-08T02:06:06.377+0000] {logging_mixin.py:190} INFO - [2026-01-08T02:06:06.377+0000] {dagbag.py:587} INFO - Filling up the DagBag from /home/airflow/.local/lib/python3.12/site-packages/airflow/example_dags/example_short_circuit_operator.py
[2026-01-08T02:06:06.385+0000] {processor.py:925} INFO - DAG(s) 'example_short_circuit_operator' retrieved from /home/airflow/.local/lib/python3.12/site-packages/airflow/example_dags/example_short_circuit_operator.py
[2026-01-08T02:06:06.403+0000] {logging_mixin.py:190} INFO - [2026-01-08T02:06:06.403+0000] {dag.py:3211} INFO - Sync 1 DAGs
[2026-01-08T02:06:06.420+0000] {logging_mixin.py:190} INFO - [2026-01-08T02:06:06.420+0000] {dag.py:4138} INFO - Setting next_dagrun for example_short_circuit_operator to 2026-01-07 00:00:00+00:00, run_after=2026-01-08 00:00:00+00:00
[2026-01-08T02:06:06.437+0000] {processor.py:208} INFO - Processing /home/airflow/.local/lib/python3.12/site-packages/airflow/example_dags/example_short_circuit_operator.py took 0.069 seconds
[2026-01-08T02:06:36.850+0000] {processor.py:186} INFO - Started process (PID=2322) to work on /home/airflow/.local/lib/python3.12/site-packages/airflow/example_dags/example_short_circuit_operator.py
[2026-01-08T02:06:36.852+0000] {processor.py:914} INFO - Processing file /home/airflow/.local/lib/python3.12/site-packages/airflow/example_dags/example_short_circuit_operator.py for tasks to queue
[2026-01-08T02:06:36.854+0000] {logging_mixin.py:190} INFO - [2026-01-08T02:06:36.854+0000] {dagbag.py:587} INFO - Filling up the DagBag from /home/airflow/.local/lib/python3.12/site-packages/airflow/example_dags/example_short_circuit_operator.py
[2026-01-08T02:06:36.861+0000] {processor.py:925} INFO - DAG(s) 'example_short_circuit_operator' retrieved from /home/airflow/.local/lib/python3.12/site-packages/airflow/example_dags/example_short_circuit_operator.py
[2026-01-08T02:06:36.877+0000] {logging_mixin.py:190} INFO - [2026-01-08T02:06:36.877+0000] {dag.py:3211} INFO - Sync 1 DAGs
[2026-01-08T02:06:36.893+0000] {logging_mixin.py:190} INFO - [2026-01-08T02:06:36.893+0000] {dag.py:4138} INFO - Setting next_dagrun for example_short_circuit_operator to 2026-01-07 00:00:00+00:00, run_after=2026-01-08 00:00:00+00:00
[2026-01-08T02:06:36.908+0000] {processor.py:208} INFO - Processing /home/airflow/.local/lib/python3.12/site-packages/airflow/example_dags/example_short_circuit_operator.py took 0.062 seconds
[2026-01-08T02:07:07.310+0000] {processor.py:186} INFO - Started process (PID=2385) to work on /home/airflow/.local/lib/python3.12/site-packages/airflow/example_dags/example_short_circuit_operator.py
[2026-01-08T02:07:07.311+0000] {processor.py:914} INFO - Processing file /home/airflow/.local/lib/python3.12/site-packages/airflow/example_dags/example_short_circuit_operator.py for tasks to queue
[2026-01-08T02:07:07.314+0000] {logging_mixin.py:190} INFO - [2026-01-08T02:07:07.314+0000] {dagbag.py:587} INFO - Filling up the DagBag from /home/airflow/.local/lib/python3.12/site-packages/airflow/example_dags/example_short_circuit_operator.py
[2026-01-08T02:07:07.321+0000] {processor.py:925} INFO - DAG(s) 'example_short_circuit_operator' retrieved from /home/airflow/.local/lib/python3.12/site-packages/airflow/example_dags/example_short_circuit_operator.py
[2026-01-08T02:07:07.337+0000] {logging_mixin.py:190} INFO - [2026-01-08T02:07:07.337+0000] {dag.py:3211} INFO - Sync 1 DAGs
[2026-01-08T02:07:07.353+0000] {logging_mixin.py:190} INFO - [2026-01-08T02:07:07.353+0000] {dag.py:4138} INFO - Setting next_dagrun for example_short_circuit_operator to 2026-01-07 00:00:00+00:00, run_after=2026-01-08 00:00:00+00:00
[2026-01-08T02:07:07.369+0000] {processor.py:208} INFO - Processing /home/airflow/.local/lib/python3.12/site-packages/airflow/example_dags/example_short_circuit_operator.py took 0.064 seconds
[2026-01-08T02:07:37.701+0000] {processor.py:186} INFO - Started process (PID=2448) to work on /home/airflow/.local/lib/python3.12/site-packages/airflow/example_dags/example_short_circuit_operator.py
[2026-01-08T02:07:37.703+0000] {processor.py:914} INFO - Processing file /home/airflow/.local/lib/python3.12/site-packages/airflow/example_dags/example_short_circuit_operator.py for tasks to queue
[2026-01-08T02:07:37.705+0000] {logging_mixin.py:190} INFO - [2026-01-08T02:07:37.705+0000] {dagbag.py:587} INFO - Filling up the DagBag from /home/airflow/.local/lib/python3.12/site-packages/airflow/example_dags/example_short_circuit_operator.py
[2026-01-08T02:07:37.712+0000] {processor.py:925} INFO - DAG(s) 'example_short_circuit_operator' retrieved from /home/airflow/.local/lib/python3.12/site-packages/airflow/example_dags/example_short_circuit_operator.py
[2026-01-08T02:07:37.731+0000] {logging_mixin.py:190} INFO - [2026-01-08T02:07:37.730+0000] {dag.py:3211} INFO - Sync 1 DAGs
[2026-01-08T02:07:37.746+0000] {logging_mixin.py:190} INFO - [2026-01-08T02:07:37.746+0000] {dag.py:4138} INFO - Setting next_dagrun for example_short_circuit_operator to 2026-01-07 00:00:00+00:00, run_after=2026-01-08 00:00:00+00:00
[2026-01-08T02:07:37.759+0000] {processor.py:208} INFO - Processing /home/airflow/.local/lib/python3.12/site-packages/airflow/example_dags/example_short_circuit_operator.py took 0.062 seconds
[2026-01-08T02:08:07.903+0000] {processor.py:186} INFO - Started process (PID=2511) to work on /home/airflow/.local/lib/python3.12/site-packages/airflow/example_dags/example_short_circuit_operator.py
[2026-01-08T02:08:07.905+0000] {processor.py:914} INFO - Processing file /home/airflow/.local/lib/python3.12/site-packages/airflow/example_dags/example_short_circuit_operator.py for tasks to queue
[2026-01-08T02:08:07.908+0000] {logging_mixin.py:190} INFO - [2026-01-08T02:08:07.907+0000] {dagbag.py:587} INFO - Filling up the DagBag from /home/airflow/.local/lib/python3.12/site-packages/airflow/example_dags/example_short_circuit_operator.py
[2026-01-08T02:08:07.916+0000] {processor.py:925} INFO - DAG(s) 'example_short_circuit_operator' retrieved from /home/airflow/.local/lib/python3.12/site-packages/airflow/example_dags/example_short_circuit_operator.py
[2026-01-08T02:08:07.935+0000] {logging_mixin.py:190} INFO - [2026-01-08T02:08:07.934+0000] {dag.py:3211} INFO - Sync 1 DAGs
[2026-01-08T02:08:07.952+0000] {logging_mixin.py:190} INFO - [2026-01-08T02:08:07.952+0000] {dag.py:4138} INFO - Setting next_dagrun for example_short_circuit_operator to 2026-01-07 00:00:00+00:00, run_after=2026-01-08 00:00:00+00:00
[2026-01-08T02:08:07.970+0000] {processor.py:208} INFO - Processing /home/airflow/.local/lib/python3.12/site-packages/airflow/example_dags/example_short_circuit_operator.py took 0.073 seconds
[2026-01-08T02:08:38.129+0000] {processor.py:186} INFO - Started process (PID=2574) to work on /home/airflow/.local/lib/python3.12/site-packages/airflow/example_dags/example_short_circuit_operator.py
[2026-01-08T02:08:38.131+0000] {processor.py:914} INFO - Processing file /home/airflow/.local/lib/python3.12/site-packages/airflow/example_dags/example_short_circuit_operator.py for tasks to queue
[2026-01-08T02:08:38.133+0000] {logging_mixin.py:190} INFO - [2026-01-08T02:08:38.133+0000] {dagbag.py:587} INFO - Filling up the DagBag from /home/airflow/.local/lib/python3.12/site-packages/airflow/example_dags/example_short_circuit_operator.py
[2026-01-08T02:08:38.140+0000] {processor.py:925} INFO - DAG(s) 'example_short_circuit_operator' retrieved from /home/airflow/.local/lib/python3.12/site-packages/airflow/example_dags/example_short_circuit_operator.py
[2026-01-08T02:08:38.155+0000] {logging_mixin.py:190} INFO - [2026-01-08T02:08:38.155+0000] {dag.py:3211} INFO - Sync 1 DAGs
[2026-01-08T02:08:38.170+0000] {logging_mixin.py:190} INFO - [2026-01-08T02:08:38.170+0000] {dag.py:4138} INFO - Setting next_dagrun for example_short_circuit_operator to 2026-01-07 00:00:00+00:00, run_after=2026-01-08 00:00:00+00:00
[2026-01-08T02:08:38.186+0000] {processor.py:208} INFO - Processing /home/airflow/.local/lib/python3.12/site-packages/airflow/example_dags/example_short_circuit_operator.py took 0.061 seconds
[2026-01-08T02:09:08.388+0000] {processor.py:186} INFO - Started process (PID=2637) to work on /home/airflow/.local/lib/python3.12/site-packages/airflow/example_dags/example_short_circuit_operator.py
[2026-01-08T02:09:08.390+0000] {processor.py:914} INFO - Processing file /home/airflow/.local/lib/python3.12/site-packages/airflow/example_dags/example_short_circuit_operator.py for tasks to queue
[2026-01-08T02:09:08.392+0000] {logging_mixin.py:190} INFO - [2026-01-08T02:09:08.392+0000] {dagbag.py:587} INFO - Filling up the DagBag from /home/airflow/.local/lib/python3.12/site-packages/airflow/example_dags/example_short_circuit_operator.py
[2026-01-08T02:09:08.399+0000] {processor.py:925} INFO - DAG(s) 'example_short_circuit_operator' retrieved from /home/airflow/.local/lib/python3.12/site-packages/airflow/example_dags/example_short_circuit_operator.py
[2026-01-08T02:09:08.416+0000] {logging_mixin.py:190} INFO - [2026-01-08T02:09:08.416+0000] {dag.py:3211} INFO - Sync 1 DAGs
[2026-01-08T02:09:08.432+0000] {logging_mixin.py:190} INFO - [2026-01-08T02:09:08.432+0000] {dag.py:4138} INFO - Setting next_dagrun for example_short_circuit_operator to 2026-01-07 00:00:00+00:00, run_after=2026-01-08 00:00:00+00:00
[2026-01-08T02:09:08.448+0000] {processor.py:208} INFO - Processing /home/airflow/.local/lib/python3.12/site-packages/airflow/example_dags/example_short_circuit_operator.py took 0.065 seconds
[2026-01-08T02:09:38.890+0000] {processor.py:186} INFO - Started process (PID=2700) to work on /home/airflow/.local/lib/python3.12/site-packages/airflow/example_dags/example_short_circuit_operator.py
[2026-01-08T02:09:38.891+0000] {processor.py:914} INFO - Processing file /home/airflow/.local/lib/python3.12/site-packages/airflow/example_dags/example_short_circuit_operator.py for tasks to queue
[2026-01-08T02:09:38.894+0000] {logging_mixin.py:190} INFO - [2026-01-08T02:09:38.894+0000] {dagbag.py:587} INFO - Filling up the DagBag from /home/airflow/.local/lib/python3.12/site-packages/airflow/example_dags/example_short_circuit_operator.py
[2026-01-08T02:09:38.901+0000] {processor.py:925} INFO - DAG(s) 'example_short_circuit_operator' retrieved from /home/airflow/.local/lib/python3.12/site-packages/airflow/example_dags/example_short_circuit_operator.py
[2026-01-08T02:09:38.920+0000] {logging_mixin.py:190} INFO - [2026-01-08T02:09:38.920+0000] {dag.py:3211} INFO - Sync 1 DAGs
[2026-01-08T02:09:38.937+0000] {logging_mixin.py:190} INFO - [2026-01-08T02:09:38.937+0000] {dag.py:4138} INFO - Setting next_dagrun for example_short_circuit_operator to 2026-01-07 00:00:00+00:00, run_after=2026-01-08 00:00:00+00:00
[2026-01-08T02:09:38.954+0000] {processor.py:208} INFO - Processing /home/airflow/.local/lib/python3.12/site-packages/airflow/example_dags/example_short_circuit_operator.py took 0.068 seconds
[2026-01-08T02:10:09.312+0000] {processor.py:186} INFO - Started process (PID=2763) to work on /home/airflow/.local/lib/python3.12/site-packages/airflow/example_dags/example_short_circuit_operator.py
[2026-01-08T02:10:09.314+0000] {processor.py:914} INFO - Processing file /home/airflow/.local/lib/python3.12/site-packages/airflow/example_dags/example_short_circuit_operator.py for tasks to queue
[2026-01-08T02:10:09.316+0000] {logging_mixin.py:190} INFO - [2026-01-08T02:10:09.316+0000] {dagbag.py:587} INFO - Filling up the DagBag from /home/airflow/.local/lib/python3.12/site-packages/airflow/example_dags/example_short_circuit_operator.py
[2026-01-08T02:10:09.324+0000] {processor.py:925} INFO - DAG(s) 'example_short_circuit_operator' retrieved from /home/airflow/.local/lib/python3.12/site-packages/airflow/example_dags/example_short_circuit_operator.py
[2026-01-08T02:10:09.343+0000] {logging_mixin.py:190} INFO - [2026-01-08T02:10:09.342+0000] {dag.py:3211} INFO - Sync 1 DAGs
[2026-01-08T02:10:09.360+0000] {logging_mixin.py:190} INFO - [2026-01-08T02:10:09.360+0000] {dag.py:4138} INFO - Setting next_dagrun for example_short_circuit_operator to 2026-01-07 00:00:00+00:00, run_after=2026-01-08 00:00:00+00:00
[2026-01-08T02:10:09.378+0000] {processor.py:208} INFO - Processing /home/airflow/.local/lib/python3.12/site-packages/airflow/example_dags/example_short_circuit_operator.py took 0.070 seconds
[2026-01-08T02:10:39.706+0000] {processor.py:186} INFO - Started process (PID=2825) to work on /home/airflow/.local/lib/python3.12/site-packages/airflow/example_dags/example_short_circuit_operator.py
[2026-01-08T02:10:39.707+0000] {processor.py:914} INFO - Processing file /home/airflow/.local/lib/python3.12/site-packages/airflow/example_dags/example_short_circuit_operator.py for tasks to queue
[2026-01-08T02:10:39.710+0000] {logging_mixin.py:190} INFO - [2026-01-08T02:10:39.710+0000] {dagbag.py:587} INFO - Filling up the DagBag from /home/airflow/.local/lib/python3.12/site-packages/airflow/example_dags/example_short_circuit_operator.py
[2026-01-08T02:10:39.718+0000] {processor.py:925} INFO - DAG(s) 'example_short_circuit_operator' retrieved from /home/airflow/.local/lib/python3.12/site-packages/airflow/example_dags/example_short_circuit_operator.py
[2026-01-08T02:10:39.737+0000] {logging_mixin.py:190} INFO - [2026-01-08T02:10:39.737+0000] {dag.py:3211} INFO - Sync 1 DAGs
[2026-01-08T02:10:39.755+0000] {logging_mixin.py:190} INFO - [2026-01-08T02:10:39.754+0000] {dag.py:4138} INFO - Setting next_dagrun for example_short_circuit_operator to 2026-01-07 00:00:00+00:00, run_after=2026-01-08 00:00:00+00:00
[2026-01-08T02:10:39.773+0000] {processor.py:208} INFO - Processing /home/airflow/.local/lib/python3.12/site-packages/airflow/example_dags/example_short_circuit_operator.py took 0.072 seconds
[2026-01-08T02:11:10.035+0000] {processor.py:186} INFO - Started process (PID=2888) to work on /home/airflow/.local/lib/python3.12/site-packages/airflow/example_dags/example_short_circuit_operator.py
[2026-01-08T02:11:10.036+0000] {processor.py:914} INFO - Processing file /home/airflow/.local/lib/python3.12/site-packages/airflow/example_dags/example_short_circuit_operator.py for tasks to queue
[2026-01-08T02:11:10.039+0000] {logging_mixin.py:190} INFO - [2026-01-08T02:11:10.038+0000] {dagbag.py:587} INFO - Filling up the DagBag from /home/airflow/.local/lib/python3.12/site-packages/airflow/example_dags/example_short_circuit_operator.py
[2026-01-08T02:11:10.047+0000] {processor.py:925} INFO - DAG(s) 'example_short_circuit_operator' retrieved from /home/airflow/.local/lib/python3.12/site-packages/airflow/example_dags/example_short_circuit_operator.py
[2026-01-08T02:11:10.067+0000] {logging_mixin.py:190} INFO - [2026-01-08T02:11:10.067+0000] {dag.py:3211} INFO - Sync 1 DAGs
[2026-01-08T02:11:10.090+0000] {logging_mixin.py:190} INFO - [2026-01-08T02:11:10.090+0000] {dag.py:4138} INFO - Setting next_dagrun for example_short_circuit_operator to 2026-01-07 00:00:00+00:00, run_after=2026-01-08 00:00:00+00:00
[2026-01-08T02:11:10.108+0000] {processor.py:208} INFO - Processing /home/airflow/.local/lib/python3.12/site-packages/airflow/example_dags/example_short_circuit_operator.py took 0.078 seconds
[2026-01-08T02:11:40.736+0000] {processor.py:186} INFO - Started process (PID=2951) to work on /home/airflow/.local/lib/python3.12/site-packages/airflow/example_dags/example_short_circuit_operator.py
[2026-01-08T02:11:40.738+0000] {processor.py:914} INFO - Processing file /home/airflow/.local/lib/python3.12/site-packages/airflow/example_dags/example_short_circuit_operator.py for tasks to queue
[2026-01-08T02:11:40.740+0000] {logging_mixin.py:190} INFO - [2026-01-08T02:11:40.740+0000] {dagbag.py:587} INFO - Filling up the DagBag from /home/airflow/.local/lib/python3.12/site-packages/airflow/example_dags/example_short_circuit_operator.py
[2026-01-08T02:11:40.747+0000] {processor.py:925} INFO - DAG(s) 'example_short_circuit_operator' retrieved from /home/airflow/.local/lib/python3.12/site-packages/airflow/example_dags/example_short_circuit_operator.py
[2026-01-08T02:11:40.765+0000] {logging_mixin.py:190} INFO - [2026-01-08T02:11:40.765+0000] {dag.py:3211} INFO - Sync 1 DAGs
[2026-01-08T02:11:40.784+0000] {logging_mixin.py:190} INFO - [2026-01-08T02:11:40.784+0000] {dag.py:4138} INFO - Setting next_dagrun for example_short_circuit_operator to 2026-01-07 00:00:00+00:00, run_after=2026-01-08 00:00:00+00:00
[2026-01-08T02:11:40.800+0000] {processor.py:208} INFO - Processing /home/airflow/.local/lib/python3.12/site-packages/airflow/example_dags/example_short_circuit_operator.py took 0.069 seconds
[2026-01-08T02:12:11.635+0000] {processor.py:186} INFO - Started process (PID=3015) to work on /home/airflow/.local/lib/python3.12/site-packages/airflow/example_dags/example_short_circuit_operator.py
[2026-01-08T02:12:11.636+0000] {processor.py:914} INFO - Processing file /home/airflow/.local/lib/python3.12/site-packages/airflow/example_dags/example_short_circuit_operator.py for tasks to queue
[2026-01-08T02:12:11.639+0000] {logging_mixin.py:190} INFO - [2026-01-08T02:12:11.638+0000] {dagbag.py:587} INFO - Filling up the DagBag from /home/airflow/.local/lib/python3.12/site-packages/airflow/example_dags/example_short_circuit_operator.py
[2026-01-08T02:12:11.646+0000] {processor.py:925} INFO - DAG(s) 'example_short_circuit_operator' retrieved from /home/airflow/.local/lib/python3.12/site-packages/airflow/example_dags/example_short_circuit_operator.py
[2026-01-08T02:12:11.663+0000] {logging_mixin.py:190} INFO - [2026-01-08T02:12:11.663+0000] {dag.py:3211} INFO - Sync 1 DAGs
[2026-01-08T02:12:11.679+0000] {logging_mixin.py:190} INFO - [2026-01-08T02:12:11.679+0000] {dag.py:4138} INFO - Setting next_dagrun for example_short_circuit_operator to 2026-01-07 00:00:00+00:00, run_after=2026-01-08 00:00:00+00:00
[2026-01-08T02:12:11.692+0000] {processor.py:208} INFO - Processing /home/airflow/.local/lib/python3.12/site-packages/airflow/example_dags/example_short_circuit_operator.py took 0.062 seconds
