[2026-01-08T01:48:25.047+0000] {processor.py:186} INFO - Started process (PID=117) to work on /home/airflow/.local/lib/python3.12/site-packages/airflow/example_dags/example_params_trigger_ui.py
[2026-01-08T01:48:25.049+0000] {processor.py:914} INFO - Processing file /home/airflow/.local/lib/python3.12/site-packages/airflow/example_dags/example_params_trigger_ui.py for tasks to queue
[2026-01-08T01:48:25.051+0000] {logging_mixin.py:190} INFO - [2026-01-08T01:48:25.051+0000] {dagbag.py:587} INFO - Filling up the DagBag from /home/airflow/.local/lib/python3.12/site-packages/airflow/example_dags/example_params_trigger_ui.py
[2026-01-08T01:48:25.060+0000] {processor.py:925} INFO - DAG(s) 'example_params_trigger_ui' retrieved from /home/airflow/.local/lib/python3.12/site-packages/airflow/example_dags/example_params_trigger_ui.py
[2026-01-08T01:48:25.161+0000] {logging_mixin.py:190} INFO - [2026-01-08T01:48:25.161+0000] {override.py:1858} INFO - Created Permission View: can edit on DAG:example_params_trigger_ui
[2026-01-08T01:48:25.171+0000] {logging_mixin.py:190} INFO - [2026-01-08T01:48:25.170+0000] {override.py:1858} INFO - Created Permission View: can read on DAG:example_params_trigger_ui
[2026-01-08T01:48:25.178+0000] {logging_mixin.py:190} INFO - [2026-01-08T01:48:25.177+0000] {override.py:1858} INFO - Created Permission View: can delete on DAG:example_params_trigger_ui
[2026-01-08T01:48:25.178+0000] {logging_mixin.py:190} INFO - [2026-01-08T01:48:25.178+0000] {dag.py:3211} INFO - Sync 1 DAGs
[2026-01-08T01:48:25.188+0000] {logging_mixin.py:190} INFO - [2026-01-08T01:48:25.187+0000] {dag.py:3234} INFO - Creating ORM DAG for example_params_trigger_ui
[2026-01-08T01:48:25.189+0000] {logging_mixin.py:190} INFO - [2026-01-08T01:48:25.189+0000] {dag.py:4138} INFO - Setting next_dagrun for example_params_trigger_ui to None, run_after=None
[2026-01-08T01:48:25.202+0000] {processor.py:208} INFO - Processing /home/airflow/.local/lib/python3.12/site-packages/airflow/example_dags/example_params_trigger_ui.py took 0.159 seconds
[2026-01-08T01:48:55.576+0000] {processor.py:186} INFO - Started process (PID=179) to work on /home/airflow/.local/lib/python3.12/site-packages/airflow/example_dags/example_params_trigger_ui.py
[2026-01-08T01:48:55.577+0000] {processor.py:914} INFO - Processing file /home/airflow/.local/lib/python3.12/site-packages/airflow/example_dags/example_params_trigger_ui.py for tasks to queue
[2026-01-08T01:48:55.579+0000] {logging_mixin.py:190} INFO - [2026-01-08T01:48:55.579+0000] {dagbag.py:587} INFO - Filling up the DagBag from /home/airflow/.local/lib/python3.12/site-packages/airflow/example_dags/example_params_trigger_ui.py
[2026-01-08T01:48:55.587+0000] {processor.py:925} INFO - DAG(s) 'example_params_trigger_ui' retrieved from /home/airflow/.local/lib/python3.12/site-packages/airflow/example_dags/example_params_trigger_ui.py
[2026-01-08T01:48:55.615+0000] {logging_mixin.py:190} INFO - [2026-01-08T01:48:55.615+0000] {dag.py:3211} INFO - Sync 1 DAGs
[2026-01-08T01:48:55.625+0000] {logging_mixin.py:190} INFO - [2026-01-08T01:48:55.624+0000] {dag.py:4138} INFO - Setting next_dagrun for example_params_trigger_ui to None, run_after=None
[2026-01-08T01:48:55.638+0000] {processor.py:208} INFO - Processing /home/airflow/.local/lib/python3.12/site-packages/airflow/example_dags/example_params_trigger_ui.py took 0.066 seconds
[2026-01-08T01:49:26.104+0000] {processor.py:186} INFO - Started process (PID=241) to work on /home/airflow/.local/lib/python3.12/site-packages/airflow/example_dags/example_params_trigger_ui.py
[2026-01-08T01:49:26.106+0000] {processor.py:914} INFO - Processing file /home/airflow/.local/lib/python3.12/site-packages/airflow/example_dags/example_params_trigger_ui.py for tasks to queue
[2026-01-08T01:49:26.108+0000] {logging_mixin.py:190} INFO - [2026-01-08T01:49:26.108+0000] {dagbag.py:587} INFO - Filling up the DagBag from /home/airflow/.local/lib/python3.12/site-packages/airflow/example_dags/example_params_trigger_ui.py
[2026-01-08T01:49:26.117+0000] {processor.py:925} INFO - DAG(s) 'example_params_trigger_ui' retrieved from /home/airflow/.local/lib/python3.12/site-packages/airflow/example_dags/example_params_trigger_ui.py
[2026-01-08T01:49:26.147+0000] {logging_mixin.py:190} INFO - [2026-01-08T01:49:26.147+0000] {dag.py:3211} INFO - Sync 1 DAGs
[2026-01-08T01:49:26.159+0000] {logging_mixin.py:190} INFO - [2026-01-08T01:49:26.159+0000] {dag.py:4138} INFO - Setting next_dagrun for example_params_trigger_ui to None, run_after=None
[2026-01-08T01:49:26.175+0000] {processor.py:208} INFO - Processing /home/airflow/.local/lib/python3.12/site-packages/airflow/example_dags/example_params_trigger_ui.py took 0.075 seconds
[2026-01-08T01:49:56.615+0000] {processor.py:186} INFO - Started process (PID=303) to work on /home/airflow/.local/lib/python3.12/site-packages/airflow/example_dags/example_params_trigger_ui.py
[2026-01-08T01:49:56.616+0000] {processor.py:914} INFO - Processing file /home/airflow/.local/lib/python3.12/site-packages/airflow/example_dags/example_params_trigger_ui.py for tasks to queue
[2026-01-08T01:49:56.619+0000] {logging_mixin.py:190} INFO - [2026-01-08T01:49:56.618+0000] {dagbag.py:587} INFO - Filling up the DagBag from /home/airflow/.local/lib/python3.12/site-packages/airflow/example_dags/example_params_trigger_ui.py
[2026-01-08T01:49:56.627+0000] {processor.py:925} INFO - DAG(s) 'example_params_trigger_ui' retrieved from /home/airflow/.local/lib/python3.12/site-packages/airflow/example_dags/example_params_trigger_ui.py
[2026-01-08T01:49:56.658+0000] {logging_mixin.py:190} INFO - [2026-01-08T01:49:56.657+0000] {dag.py:3211} INFO - Sync 1 DAGs
[2026-01-08T01:49:56.669+0000] {logging_mixin.py:190} INFO - [2026-01-08T01:49:56.669+0000] {dag.py:4138} INFO - Setting next_dagrun for example_params_trigger_ui to None, run_after=None
[2026-01-08T01:49:56.684+0000] {processor.py:208} INFO - Processing /home/airflow/.local/lib/python3.12/site-packages/airflow/example_dags/example_params_trigger_ui.py took 0.074 seconds
[2026-01-08T01:50:27.089+0000] {processor.py:186} INFO - Started process (PID=365) to work on /home/airflow/.local/lib/python3.12/site-packages/airflow/example_dags/example_params_trigger_ui.py
[2026-01-08T01:50:27.090+0000] {processor.py:914} INFO - Processing file /home/airflow/.local/lib/python3.12/site-packages/airflow/example_dags/example_params_trigger_ui.py for tasks to queue
[2026-01-08T01:50:27.092+0000] {logging_mixin.py:190} INFO - [2026-01-08T01:50:27.091+0000] {dagbag.py:587} INFO - Filling up the DagBag from /home/airflow/.local/lib/python3.12/site-packages/airflow/example_dags/example_params_trigger_ui.py
[2026-01-08T01:50:27.100+0000] {processor.py:925} INFO - DAG(s) 'example_params_trigger_ui' retrieved from /home/airflow/.local/lib/python3.12/site-packages/airflow/example_dags/example_params_trigger_ui.py
[2026-01-08T01:50:27.128+0000] {logging_mixin.py:190} INFO - [2026-01-08T01:50:27.128+0000] {dag.py:3211} INFO - Sync 1 DAGs
[2026-01-08T01:50:27.138+0000] {logging_mixin.py:190} INFO - [2026-01-08T01:50:27.138+0000] {dag.py:4138} INFO - Setting next_dagrun for example_params_trigger_ui to None, run_after=None
[2026-01-08T01:50:27.152+0000] {processor.py:208} INFO - Processing /home/airflow/.local/lib/python3.12/site-packages/airflow/example_dags/example_params_trigger_ui.py took 0.068 seconds
[2026-01-08T01:50:57.522+0000] {processor.py:186} INFO - Started process (PID=427) to work on /home/airflow/.local/lib/python3.12/site-packages/airflow/example_dags/example_params_trigger_ui.py
[2026-01-08T01:50:57.524+0000] {processor.py:914} INFO - Processing file /home/airflow/.local/lib/python3.12/site-packages/airflow/example_dags/example_params_trigger_ui.py for tasks to queue
[2026-01-08T01:50:57.527+0000] {logging_mixin.py:190} INFO - [2026-01-08T01:50:57.526+0000] {dagbag.py:587} INFO - Filling up the DagBag from /home/airflow/.local/lib/python3.12/site-packages/airflow/example_dags/example_params_trigger_ui.py
[2026-01-08T01:50:57.537+0000] {processor.py:925} INFO - DAG(s) 'example_params_trigger_ui' retrieved from /home/airflow/.local/lib/python3.12/site-packages/airflow/example_dags/example_params_trigger_ui.py
[2026-01-08T01:50:57.568+0000] {logging_mixin.py:190} INFO - [2026-01-08T01:50:57.567+0000] {dag.py:3211} INFO - Sync 1 DAGs
[2026-01-08T01:50:57.581+0000] {logging_mixin.py:190} INFO - [2026-01-08T01:50:57.581+0000] {dag.py:4138} INFO - Setting next_dagrun for example_params_trigger_ui to None, run_after=None
[2026-01-08T01:50:57.600+0000] {processor.py:208} INFO - Processing /home/airflow/.local/lib/python3.12/site-packages/airflow/example_dags/example_params_trigger_ui.py took 0.084 seconds
[2026-01-08T01:51:28.233+0000] {processor.py:186} INFO - Started process (PID=489) to work on /home/airflow/.local/lib/python3.12/site-packages/airflow/example_dags/example_params_trigger_ui.py
[2026-01-08T01:51:28.235+0000] {processor.py:914} INFO - Processing file /home/airflow/.local/lib/python3.12/site-packages/airflow/example_dags/example_params_trigger_ui.py for tasks to queue
[2026-01-08T01:51:28.238+0000] {logging_mixin.py:190} INFO - [2026-01-08T01:51:28.238+0000] {dagbag.py:587} INFO - Filling up the DagBag from /home/airflow/.local/lib/python3.12/site-packages/airflow/example_dags/example_params_trigger_ui.py
[2026-01-08T01:51:28.247+0000] {processor.py:925} INFO - DAG(s) 'example_params_trigger_ui' retrieved from /home/airflow/.local/lib/python3.12/site-packages/airflow/example_dags/example_params_trigger_ui.py
[2026-01-08T01:51:28.277+0000] {logging_mixin.py:190} INFO - [2026-01-08T01:51:28.277+0000] {dag.py:3211} INFO - Sync 1 DAGs
[2026-01-08T01:51:28.288+0000] {logging_mixin.py:190} INFO - [2026-01-08T01:51:28.287+0000] {dag.py:4138} INFO - Setting next_dagrun for example_params_trigger_ui to None, run_after=None
[2026-01-08T01:51:28.301+0000] {processor.py:208} INFO - Processing /home/airflow/.local/lib/python3.12/site-packages/airflow/example_dags/example_params_trigger_ui.py took 0.072 seconds
[2026-01-08T01:51:58.861+0000] {processor.py:186} INFO - Started process (PID=552) to work on /home/airflow/.local/lib/python3.12/site-packages/airflow/example_dags/example_params_trigger_ui.py
[2026-01-08T01:51:58.863+0000] {processor.py:914} INFO - Processing file /home/airflow/.local/lib/python3.12/site-packages/airflow/example_dags/example_params_trigger_ui.py for tasks to queue
[2026-01-08T01:51:58.865+0000] {logging_mixin.py:190} INFO - [2026-01-08T01:51:58.864+0000] {dagbag.py:587} INFO - Filling up the DagBag from /home/airflow/.local/lib/python3.12/site-packages/airflow/example_dags/example_params_trigger_ui.py
[2026-01-08T01:51:58.873+0000] {processor.py:925} INFO - DAG(s) 'example_params_trigger_ui' retrieved from /home/airflow/.local/lib/python3.12/site-packages/airflow/example_dags/example_params_trigger_ui.py
[2026-01-08T01:51:58.901+0000] {logging_mixin.py:190} INFO - [2026-01-08T01:51:58.901+0000] {dag.py:3211} INFO - Sync 1 DAGs
[2026-01-08T01:51:58.911+0000] {logging_mixin.py:190} INFO - [2026-01-08T01:51:58.911+0000] {dag.py:4138} INFO - Setting next_dagrun for example_params_trigger_ui to None, run_after=None
[2026-01-08T01:51:58.926+0000] {processor.py:208} INFO - Processing /home/airflow/.local/lib/python3.12/site-packages/airflow/example_dags/example_params_trigger_ui.py took 0.070 seconds
[2026-01-08T01:52:29.142+0000] {processor.py:186} INFO - Started process (PID=614) to work on /home/airflow/.local/lib/python3.12/site-packages/airflow/example_dags/example_params_trigger_ui.py
[2026-01-08T01:52:29.143+0000] {processor.py:914} INFO - Processing file /home/airflow/.local/lib/python3.12/site-packages/airflow/example_dags/example_params_trigger_ui.py for tasks to queue
[2026-01-08T01:52:29.145+0000] {logging_mixin.py:190} INFO - [2026-01-08T01:52:29.145+0000] {dagbag.py:587} INFO - Filling up the DagBag from /home/airflow/.local/lib/python3.12/site-packages/airflow/example_dags/example_params_trigger_ui.py
[2026-01-08T01:52:29.153+0000] {processor.py:925} INFO - DAG(s) 'example_params_trigger_ui' retrieved from /home/airflow/.local/lib/python3.12/site-packages/airflow/example_dags/example_params_trigger_ui.py
[2026-01-08T01:52:29.182+0000] {logging_mixin.py:190} INFO - [2026-01-08T01:52:29.182+0000] {dag.py:3211} INFO - Sync 1 DAGs
[2026-01-08T01:52:29.194+0000] {logging_mixin.py:190} INFO - [2026-01-08T01:52:29.194+0000] {dag.py:4138} INFO - Setting next_dagrun for example_params_trigger_ui to None, run_after=None
[2026-01-08T01:52:29.208+0000] {processor.py:208} INFO - Processing /home/airflow/.local/lib/python3.12/site-packages/airflow/example_dags/example_params_trigger_ui.py took 0.072 seconds
[2026-01-08T01:52:59.508+0000] {processor.py:186} INFO - Started process (PID=676) to work on /home/airflow/.local/lib/python3.12/site-packages/airflow/example_dags/example_params_trigger_ui.py
[2026-01-08T01:52:59.509+0000] {processor.py:914} INFO - Processing file /home/airflow/.local/lib/python3.12/site-packages/airflow/example_dags/example_params_trigger_ui.py for tasks to queue
[2026-01-08T01:52:59.511+0000] {logging_mixin.py:190} INFO - [2026-01-08T01:52:59.511+0000] {dagbag.py:587} INFO - Filling up the DagBag from /home/airflow/.local/lib/python3.12/site-packages/airflow/example_dags/example_params_trigger_ui.py
[2026-01-08T01:52:59.520+0000] {processor.py:925} INFO - DAG(s) 'example_params_trigger_ui' retrieved from /home/airflow/.local/lib/python3.12/site-packages/airflow/example_dags/example_params_trigger_ui.py
[2026-01-08T01:52:59.550+0000] {logging_mixin.py:190} INFO - [2026-01-08T01:52:59.549+0000] {dag.py:3211} INFO - Sync 1 DAGs
[2026-01-08T01:52:59.561+0000] {logging_mixin.py:190} INFO - [2026-01-08T01:52:59.561+0000] {dag.py:4138} INFO - Setting next_dagrun for example_params_trigger_ui to None, run_after=None
[2026-01-08T01:52:59.575+0000] {processor.py:208} INFO - Processing /home/airflow/.local/lib/python3.12/site-packages/airflow/example_dags/example_params_trigger_ui.py took 0.071 seconds
[2026-01-08T01:53:30.162+0000] {processor.py:186} INFO - Started process (PID=738) to work on /home/airflow/.local/lib/python3.12/site-packages/airflow/example_dags/example_params_trigger_ui.py
[2026-01-08T01:53:30.163+0000] {processor.py:914} INFO - Processing file /home/airflow/.local/lib/python3.12/site-packages/airflow/example_dags/example_params_trigger_ui.py for tasks to queue
[2026-01-08T01:53:30.165+0000] {logging_mixin.py:190} INFO - [2026-01-08T01:53:30.165+0000] {dagbag.py:587} INFO - Filling up the DagBag from /home/airflow/.local/lib/python3.12/site-packages/airflow/example_dags/example_params_trigger_ui.py
[2026-01-08T01:53:30.173+0000] {processor.py:925} INFO - DAG(s) 'example_params_trigger_ui' retrieved from /home/airflow/.local/lib/python3.12/site-packages/airflow/example_dags/example_params_trigger_ui.py
[2026-01-08T01:53:30.205+0000] {logging_mixin.py:190} INFO - [2026-01-08T01:53:30.204+0000] {dag.py:3211} INFO - Sync 1 DAGs
[2026-01-08T01:53:30.215+0000] {logging_mixin.py:190} INFO - [2026-01-08T01:53:30.214+0000] {dag.py:4138} INFO - Setting next_dagrun for example_params_trigger_ui to None, run_after=None
[2026-01-08T01:53:30.233+0000] {processor.py:208} INFO - Processing /home/airflow/.local/lib/python3.12/site-packages/airflow/example_dags/example_params_trigger_ui.py took 0.075 seconds
[2026-01-08T01:54:00.645+0000] {processor.py:186} INFO - Started process (PID=800) to work on /home/airflow/.local/lib/python3.12/site-packages/airflow/example_dags/example_params_trigger_ui.py
[2026-01-08T01:54:00.647+0000] {processor.py:914} INFO - Processing file /home/airflow/.local/lib/python3.12/site-packages/airflow/example_dags/example_params_trigger_ui.py for tasks to queue
[2026-01-08T01:54:00.649+0000] {logging_mixin.py:190} INFO - [2026-01-08T01:54:00.649+0000] {dagbag.py:587} INFO - Filling up the DagBag from /home/airflow/.local/lib/python3.12/site-packages/airflow/example_dags/example_params_trigger_ui.py
[2026-01-08T01:54:00.657+0000] {processor.py:925} INFO - DAG(s) 'example_params_trigger_ui' retrieved from /home/airflow/.local/lib/python3.12/site-packages/airflow/example_dags/example_params_trigger_ui.py
[2026-01-08T01:54:00.684+0000] {logging_mixin.py:190} INFO - [2026-01-08T01:54:00.684+0000] {dag.py:3211} INFO - Sync 1 DAGs
[2026-01-08T01:54:00.694+0000] {logging_mixin.py:190} INFO - [2026-01-08T01:54:00.694+0000] {dag.py:4138} INFO - Setting next_dagrun for example_params_trigger_ui to None, run_after=None
[2026-01-08T01:54:00.709+0000] {processor.py:208} INFO - Processing /home/airflow/.local/lib/python3.12/site-packages/airflow/example_dags/example_params_trigger_ui.py took 0.067 seconds
[2026-01-08T01:54:31.222+0000] {processor.py:186} INFO - Started process (PID=862) to work on /home/airflow/.local/lib/python3.12/site-packages/airflow/example_dags/example_params_trigger_ui.py
[2026-01-08T01:54:31.223+0000] {processor.py:914} INFO - Processing file /home/airflow/.local/lib/python3.12/site-packages/airflow/example_dags/example_params_trigger_ui.py for tasks to queue
[2026-01-08T01:54:31.226+0000] {logging_mixin.py:190} INFO - [2026-01-08T01:54:31.225+0000] {dagbag.py:587} INFO - Filling up the DagBag from /home/airflow/.local/lib/python3.12/site-packages/airflow/example_dags/example_params_trigger_ui.py
[2026-01-08T01:54:31.234+0000] {processor.py:925} INFO - DAG(s) 'example_params_trigger_ui' retrieved from /home/airflow/.local/lib/python3.12/site-packages/airflow/example_dags/example_params_trigger_ui.py
[2026-01-08T01:54:31.261+0000] {logging_mixin.py:190} INFO - [2026-01-08T01:54:31.261+0000] {dag.py:3211} INFO - Sync 1 DAGs
[2026-01-08T01:54:31.271+0000] {logging_mixin.py:190} INFO - [2026-01-08T01:54:31.271+0000] {dag.py:4138} INFO - Setting next_dagrun for example_params_trigger_ui to None, run_after=None
[2026-01-08T01:54:31.286+0000] {processor.py:208} INFO - Processing /home/airflow/.local/lib/python3.12/site-packages/airflow/example_dags/example_params_trigger_ui.py took 0.068 seconds
[2026-01-08T01:55:01.565+0000] {processor.py:186} INFO - Started process (PID=924) to work on /home/airflow/.local/lib/python3.12/site-packages/airflow/example_dags/example_params_trigger_ui.py
[2026-01-08T01:55:01.566+0000] {processor.py:914} INFO - Processing file /home/airflow/.local/lib/python3.12/site-packages/airflow/example_dags/example_params_trigger_ui.py for tasks to queue
[2026-01-08T01:55:01.569+0000] {logging_mixin.py:190} INFO - [2026-01-08T01:55:01.568+0000] {dagbag.py:587} INFO - Filling up the DagBag from /home/airflow/.local/lib/python3.12/site-packages/airflow/example_dags/example_params_trigger_ui.py
[2026-01-08T01:55:01.577+0000] {processor.py:925} INFO - DAG(s) 'example_params_trigger_ui' retrieved from /home/airflow/.local/lib/python3.12/site-packages/airflow/example_dags/example_params_trigger_ui.py
[2026-01-08T01:55:01.606+0000] {logging_mixin.py:190} INFO - [2026-01-08T01:55:01.606+0000] {dag.py:3211} INFO - Sync 1 DAGs
[2026-01-08T01:55:01.616+0000] {logging_mixin.py:190} INFO - [2026-01-08T01:55:01.616+0000] {dag.py:4138} INFO - Setting next_dagrun for example_params_trigger_ui to None, run_after=None
[2026-01-08T01:55:01.629+0000] {processor.py:208} INFO - Processing /home/airflow/.local/lib/python3.12/site-packages/airflow/example_dags/example_params_trigger_ui.py took 0.068 seconds
[2026-01-08T01:55:32.416+0000] {processor.py:186} INFO - Started process (PID=986) to work on /home/airflow/.local/lib/python3.12/site-packages/airflow/example_dags/example_params_trigger_ui.py
[2026-01-08T01:55:32.417+0000] {processor.py:914} INFO - Processing file /home/airflow/.local/lib/python3.12/site-packages/airflow/example_dags/example_params_trigger_ui.py for tasks to queue
[2026-01-08T01:55:32.420+0000] {logging_mixin.py:190} INFO - [2026-01-08T01:55:32.420+0000] {dagbag.py:587} INFO - Filling up the DagBag from /home/airflow/.local/lib/python3.12/site-packages/airflow/example_dags/example_params_trigger_ui.py
[2026-01-08T01:55:32.428+0000] {processor.py:925} INFO - DAG(s) 'example_params_trigger_ui' retrieved from /home/airflow/.local/lib/python3.12/site-packages/airflow/example_dags/example_params_trigger_ui.py
[2026-01-08T01:55:32.456+0000] {logging_mixin.py:190} INFO - [2026-01-08T01:55:32.456+0000] {dag.py:3211} INFO - Sync 1 DAGs
[2026-01-08T01:55:32.467+0000] {logging_mixin.py:190} INFO - [2026-01-08T01:55:32.467+0000] {dag.py:4138} INFO - Setting next_dagrun for example_params_trigger_ui to None, run_after=None
[2026-01-08T01:55:32.485+0000] {processor.py:208} INFO - Processing /home/airflow/.local/lib/python3.12/site-packages/airflow/example_dags/example_params_trigger_ui.py took 0.073 seconds
[2026-01-08T01:56:03.191+0000] {processor.py:186} INFO - Started process (PID=1048) to work on /home/airflow/.local/lib/python3.12/site-packages/airflow/example_dags/example_params_trigger_ui.py
[2026-01-08T01:56:03.192+0000] {processor.py:914} INFO - Processing file /home/airflow/.local/lib/python3.12/site-packages/airflow/example_dags/example_params_trigger_ui.py for tasks to queue
[2026-01-08T01:56:03.194+0000] {logging_mixin.py:190} INFO - [2026-01-08T01:56:03.194+0000] {dagbag.py:587} INFO - Filling up the DagBag from /home/airflow/.local/lib/python3.12/site-packages/airflow/example_dags/example_params_trigger_ui.py
[2026-01-08T01:56:03.202+0000] {processor.py:925} INFO - DAG(s) 'example_params_trigger_ui' retrieved from /home/airflow/.local/lib/python3.12/site-packages/airflow/example_dags/example_params_trigger_ui.py
[2026-01-08T01:56:03.232+0000] {logging_mixin.py:190} INFO - [2026-01-08T01:56:03.232+0000] {dag.py:3211} INFO - Sync 1 DAGs
[2026-01-08T01:56:03.242+0000] {logging_mixin.py:190} INFO - [2026-01-08T01:56:03.242+0000] {dag.py:4138} INFO - Setting next_dagrun for example_params_trigger_ui to None, run_after=None
[2026-01-08T01:56:03.259+0000] {processor.py:208} INFO - Processing /home/airflow/.local/lib/python3.12/site-packages/airflow/example_dags/example_params_trigger_ui.py took 0.073 seconds
[2026-01-08T01:56:33.478+0000] {processor.py:186} INFO - Started process (PID=1110) to work on /home/airflow/.local/lib/python3.12/site-packages/airflow/example_dags/example_params_trigger_ui.py
[2026-01-08T01:56:33.479+0000] {processor.py:914} INFO - Processing file /home/airflow/.local/lib/python3.12/site-packages/airflow/example_dags/example_params_trigger_ui.py for tasks to queue
[2026-01-08T01:56:33.481+0000] {logging_mixin.py:190} INFO - [2026-01-08T01:56:33.481+0000] {dagbag.py:587} INFO - Filling up the DagBag from /home/airflow/.local/lib/python3.12/site-packages/airflow/example_dags/example_params_trigger_ui.py
[2026-01-08T01:56:33.491+0000] {processor.py:925} INFO - DAG(s) 'example_params_trigger_ui' retrieved from /home/airflow/.local/lib/python3.12/site-packages/airflow/example_dags/example_params_trigger_ui.py
[2026-01-08T01:56:33.520+0000] {logging_mixin.py:190} INFO - [2026-01-08T01:56:33.520+0000] {dag.py:3211} INFO - Sync 1 DAGs
[2026-01-08T01:56:33.530+0000] {logging_mixin.py:190} INFO - [2026-01-08T01:56:33.530+0000] {dag.py:4138} INFO - Setting next_dagrun for example_params_trigger_ui to None, run_after=None
[2026-01-08T01:56:33.548+0000] {processor.py:208} INFO - Processing /home/airflow/.local/lib/python3.12/site-packages/airflow/example_dags/example_params_trigger_ui.py took 0.075 seconds
[2026-01-08T01:57:03.694+0000] {processor.py:186} INFO - Started process (PID=1172) to work on /home/airflow/.local/lib/python3.12/site-packages/airflow/example_dags/example_params_trigger_ui.py
[2026-01-08T01:57:03.695+0000] {processor.py:914} INFO - Processing file /home/airflow/.local/lib/python3.12/site-packages/airflow/example_dags/example_params_trigger_ui.py for tasks to queue
[2026-01-08T01:57:03.697+0000] {logging_mixin.py:190} INFO - [2026-01-08T01:57:03.697+0000] {dagbag.py:587} INFO - Filling up the DagBag from /home/airflow/.local/lib/python3.12/site-packages/airflow/example_dags/example_params_trigger_ui.py
[2026-01-08T01:57:03.705+0000] {processor.py:925} INFO - DAG(s) 'example_params_trigger_ui' retrieved from /home/airflow/.local/lib/python3.12/site-packages/airflow/example_dags/example_params_trigger_ui.py
[2026-01-08T01:57:03.734+0000] {logging_mixin.py:190} INFO - [2026-01-08T01:57:03.734+0000] {dag.py:3211} INFO - Sync 1 DAGs
[2026-01-08T01:57:03.744+0000] {logging_mixin.py:190} INFO - [2026-01-08T01:57:03.744+0000] {dag.py:4138} INFO - Setting next_dagrun for example_params_trigger_ui to None, run_after=None
[2026-01-08T01:57:03.755+0000] {processor.py:208} INFO - Processing /home/airflow/.local/lib/python3.12/site-packages/airflow/example_dags/example_params_trigger_ui.py took 0.066 seconds
[2026-01-08T01:57:34.339+0000] {processor.py:186} INFO - Started process (PID=1234) to work on /home/airflow/.local/lib/python3.12/site-packages/airflow/example_dags/example_params_trigger_ui.py
[2026-01-08T01:57:34.340+0000] {processor.py:914} INFO - Processing file /home/airflow/.local/lib/python3.12/site-packages/airflow/example_dags/example_params_trigger_ui.py for tasks to queue
[2026-01-08T01:57:34.342+0000] {logging_mixin.py:190} INFO - [2026-01-08T01:57:34.342+0000] {dagbag.py:587} INFO - Filling up the DagBag from /home/airflow/.local/lib/python3.12/site-packages/airflow/example_dags/example_params_trigger_ui.py
[2026-01-08T01:57:34.352+0000] {processor.py:925} INFO - DAG(s) 'example_params_trigger_ui' retrieved from /home/airflow/.local/lib/python3.12/site-packages/airflow/example_dags/example_params_trigger_ui.py
[2026-01-08T01:57:34.383+0000] {logging_mixin.py:190} INFO - [2026-01-08T01:57:34.383+0000] {dag.py:3211} INFO - Sync 1 DAGs
[2026-01-08T01:57:34.394+0000] {logging_mixin.py:190} INFO - [2026-01-08T01:57:34.394+0000] {dag.py:4138} INFO - Setting next_dagrun for example_params_trigger_ui to None, run_after=None
[2026-01-08T01:57:34.410+0000] {processor.py:208} INFO - Processing /home/airflow/.local/lib/python3.12/site-packages/airflow/example_dags/example_params_trigger_ui.py took 0.076 seconds
[2026-01-08T01:58:04.921+0000] {processor.py:186} INFO - Started process (PID=1296) to work on /home/airflow/.local/lib/python3.12/site-packages/airflow/example_dags/example_params_trigger_ui.py
[2026-01-08T01:58:04.922+0000] {processor.py:914} INFO - Processing file /home/airflow/.local/lib/python3.12/site-packages/airflow/example_dags/example_params_trigger_ui.py for tasks to queue
[2026-01-08T01:58:04.925+0000] {logging_mixin.py:190} INFO - [2026-01-08T01:58:04.924+0000] {dagbag.py:587} INFO - Filling up the DagBag from /home/airflow/.local/lib/python3.12/site-packages/airflow/example_dags/example_params_trigger_ui.py
[2026-01-08T01:58:04.933+0000] {processor.py:925} INFO - DAG(s) 'example_params_trigger_ui' retrieved from /home/airflow/.local/lib/python3.12/site-packages/airflow/example_dags/example_params_trigger_ui.py
[2026-01-08T01:58:04.962+0000] {logging_mixin.py:190} INFO - [2026-01-08T01:58:04.962+0000] {dag.py:3211} INFO - Sync 1 DAGs
[2026-01-08T01:58:04.974+0000] {logging_mixin.py:190} INFO - [2026-01-08T01:58:04.974+0000] {dag.py:4138} INFO - Setting next_dagrun for example_params_trigger_ui to None, run_after=None
[2026-01-08T01:58:04.991+0000] {processor.py:208} INFO - Processing /home/airflow/.local/lib/python3.12/site-packages/airflow/example_dags/example_params_trigger_ui.py took 0.074 seconds
[2026-01-08T01:58:35.146+0000] {processor.py:186} INFO - Started process (PID=1359) to work on /home/airflow/.local/lib/python3.12/site-packages/airflow/example_dags/example_params_trigger_ui.py
[2026-01-08T01:58:35.147+0000] {processor.py:914} INFO - Processing file /home/airflow/.local/lib/python3.12/site-packages/airflow/example_dags/example_params_trigger_ui.py for tasks to queue
[2026-01-08T01:58:35.150+0000] {logging_mixin.py:190} INFO - [2026-01-08T01:58:35.149+0000] {dagbag.py:587} INFO - Filling up the DagBag from /home/airflow/.local/lib/python3.12/site-packages/airflow/example_dags/example_params_trigger_ui.py
[2026-01-08T01:58:35.159+0000] {processor.py:925} INFO - DAG(s) 'example_params_trigger_ui' retrieved from /home/airflow/.local/lib/python3.12/site-packages/airflow/example_dags/example_params_trigger_ui.py
[2026-01-08T01:58:35.196+0000] {logging_mixin.py:190} INFO - [2026-01-08T01:58:35.196+0000] {dag.py:3211} INFO - Sync 1 DAGs
[2026-01-08T01:58:35.206+0000] {logging_mixin.py:190} INFO - [2026-01-08T01:58:35.206+0000] {dag.py:4138} INFO - Setting next_dagrun for example_params_trigger_ui to None, run_after=None
[2026-01-08T01:58:35.220+0000] {processor.py:208} INFO - Processing /home/airflow/.local/lib/python3.12/site-packages/airflow/example_dags/example_params_trigger_ui.py took 0.079 seconds
[2026-01-08T01:59:05.520+0000] {processor.py:186} INFO - Started process (PID=1422) to work on /home/airflow/.local/lib/python3.12/site-packages/airflow/example_dags/example_params_trigger_ui.py
[2026-01-08T01:59:05.521+0000] {processor.py:914} INFO - Processing file /home/airflow/.local/lib/python3.12/site-packages/airflow/example_dags/example_params_trigger_ui.py for tasks to queue
[2026-01-08T01:59:05.524+0000] {logging_mixin.py:190} INFO - [2026-01-08T01:59:05.523+0000] {dagbag.py:587} INFO - Filling up the DagBag from /home/airflow/.local/lib/python3.12/site-packages/airflow/example_dags/example_params_trigger_ui.py
[2026-01-08T01:59:05.533+0000] {processor.py:925} INFO - DAG(s) 'example_params_trigger_ui' retrieved from /home/airflow/.local/lib/python3.12/site-packages/airflow/example_dags/example_params_trigger_ui.py
[2026-01-08T01:59:05.562+0000] {logging_mixin.py:190} INFO - [2026-01-08T01:59:05.562+0000] {dag.py:3211} INFO - Sync 1 DAGs
[2026-01-08T01:59:05.573+0000] {logging_mixin.py:190} INFO - [2026-01-08T01:59:05.573+0000] {dag.py:4138} INFO - Setting next_dagrun for example_params_trigger_ui to None, run_after=None
[2026-01-08T01:59:05.589+0000] {processor.py:208} INFO - Processing /home/airflow/.local/lib/python3.12/site-packages/airflow/example_dags/example_params_trigger_ui.py took 0.074 seconds
[2026-01-08T01:59:35.675+0000] {processor.py:186} INFO - Started process (PID=1484) to work on /home/airflow/.local/lib/python3.12/site-packages/airflow/example_dags/example_params_trigger_ui.py
[2026-01-08T01:59:35.675+0000] {processor.py:914} INFO - Processing file /home/airflow/.local/lib/python3.12/site-packages/airflow/example_dags/example_params_trigger_ui.py for tasks to queue
[2026-01-08T01:59:35.678+0000] {logging_mixin.py:190} INFO - [2026-01-08T01:59:35.677+0000] {dagbag.py:587} INFO - Filling up the DagBag from /home/airflow/.local/lib/python3.12/site-packages/airflow/example_dags/example_params_trigger_ui.py
[2026-01-08T01:59:35.686+0000] {processor.py:925} INFO - DAG(s) 'example_params_trigger_ui' retrieved from /home/airflow/.local/lib/python3.12/site-packages/airflow/example_dags/example_params_trigger_ui.py
[2026-01-08T01:59:35.717+0000] {logging_mixin.py:190} INFO - [2026-01-08T01:59:35.717+0000] {dag.py:3211} INFO - Sync 1 DAGs
[2026-01-08T01:59:35.728+0000] {logging_mixin.py:190} INFO - [2026-01-08T01:59:35.728+0000] {dag.py:4138} INFO - Setting next_dagrun for example_params_trigger_ui to None, run_after=None
[2026-01-08T01:59:35.745+0000] {processor.py:208} INFO - Processing /home/airflow/.local/lib/python3.12/site-packages/airflow/example_dags/example_params_trigger_ui.py took 0.075 seconds
[2026-01-08T02:00:06.668+0000] {processor.py:186} INFO - Started process (PID=1548) to work on /home/airflow/.local/lib/python3.12/site-packages/airflow/example_dags/example_params_trigger_ui.py
[2026-01-08T02:00:06.669+0000] {processor.py:914} INFO - Processing file /home/airflow/.local/lib/python3.12/site-packages/airflow/example_dags/example_params_trigger_ui.py for tasks to queue
[2026-01-08T02:00:06.672+0000] {logging_mixin.py:190} INFO - [2026-01-08T02:00:06.672+0000] {dagbag.py:587} INFO - Filling up the DagBag from /home/airflow/.local/lib/python3.12/site-packages/airflow/example_dags/example_params_trigger_ui.py
[2026-01-08T02:00:06.681+0000] {processor.py:925} INFO - DAG(s) 'example_params_trigger_ui' retrieved from /home/airflow/.local/lib/python3.12/site-packages/airflow/example_dags/example_params_trigger_ui.py
[2026-01-08T02:00:06.709+0000] {logging_mixin.py:190} INFO - [2026-01-08T02:00:06.709+0000] {dag.py:3211} INFO - Sync 1 DAGs
[2026-01-08T02:00:06.720+0000] {logging_mixin.py:190} INFO - [2026-01-08T02:00:06.720+0000] {dag.py:4138} INFO - Setting next_dagrun for example_params_trigger_ui to None, run_after=None
[2026-01-08T02:00:06.734+0000] {processor.py:208} INFO - Processing /home/airflow/.local/lib/python3.12/site-packages/airflow/example_dags/example_params_trigger_ui.py took 0.070 seconds
[2026-01-08T02:00:37.317+0000] {processor.py:186} INFO - Started process (PID=1611) to work on /home/airflow/.local/lib/python3.12/site-packages/airflow/example_dags/example_params_trigger_ui.py
[2026-01-08T02:00:37.318+0000] {processor.py:914} INFO - Processing file /home/airflow/.local/lib/python3.12/site-packages/airflow/example_dags/example_params_trigger_ui.py for tasks to queue
[2026-01-08T02:00:37.321+0000] {logging_mixin.py:190} INFO - [2026-01-08T02:00:37.320+0000] {dagbag.py:587} INFO - Filling up the DagBag from /home/airflow/.local/lib/python3.12/site-packages/airflow/example_dags/example_params_trigger_ui.py
[2026-01-08T02:00:37.329+0000] {processor.py:925} INFO - DAG(s) 'example_params_trigger_ui' retrieved from /home/airflow/.local/lib/python3.12/site-packages/airflow/example_dags/example_params_trigger_ui.py
[2026-01-08T02:00:37.358+0000] {logging_mixin.py:190} INFO - [2026-01-08T02:00:37.358+0000] {dag.py:3211} INFO - Sync 1 DAGs
[2026-01-08T02:00:37.368+0000] {logging_mixin.py:190} INFO - [2026-01-08T02:00:37.368+0000] {dag.py:4138} INFO - Setting next_dagrun for example_params_trigger_ui to None, run_after=None
[2026-01-08T02:00:37.387+0000] {processor.py:208} INFO - Processing /home/airflow/.local/lib/python3.12/site-packages/airflow/example_dags/example_params_trigger_ui.py took 0.075 seconds
[2026-01-08T02:01:07.741+0000] {processor.py:186} INFO - Started process (PID=1674) to work on /home/airflow/.local/lib/python3.12/site-packages/airflow/example_dags/example_params_trigger_ui.py
[2026-01-08T02:01:07.743+0000] {processor.py:914} INFO - Processing file /home/airflow/.local/lib/python3.12/site-packages/airflow/example_dags/example_params_trigger_ui.py for tasks to queue
[2026-01-08T02:01:07.745+0000] {logging_mixin.py:190} INFO - [2026-01-08T02:01:07.745+0000] {dagbag.py:587} INFO - Filling up the DagBag from /home/airflow/.local/lib/python3.12/site-packages/airflow/example_dags/example_params_trigger_ui.py
[2026-01-08T02:01:07.754+0000] {processor.py:925} INFO - DAG(s) 'example_params_trigger_ui' retrieved from /home/airflow/.local/lib/python3.12/site-packages/airflow/example_dags/example_params_trigger_ui.py
[2026-01-08T02:01:07.782+0000] {logging_mixin.py:190} INFO - [2026-01-08T02:01:07.782+0000] {dag.py:3211} INFO - Sync 1 DAGs
[2026-01-08T02:01:07.793+0000] {logging_mixin.py:190} INFO - [2026-01-08T02:01:07.793+0000] {dag.py:4138} INFO - Setting next_dagrun for example_params_trigger_ui to None, run_after=None
[2026-01-08T02:01:07.808+0000] {processor.py:208} INFO - Processing /home/airflow/.local/lib/python3.12/site-packages/airflow/example_dags/example_params_trigger_ui.py took 0.071 seconds
[2026-01-08T02:01:38.838+0000] {processor.py:186} INFO - Started process (PID=1737) to work on /home/airflow/.local/lib/python3.12/site-packages/airflow/example_dags/example_params_trigger_ui.py
[2026-01-08T02:01:38.839+0000] {processor.py:914} INFO - Processing file /home/airflow/.local/lib/python3.12/site-packages/airflow/example_dags/example_params_trigger_ui.py for tasks to queue
[2026-01-08T02:01:38.842+0000] {logging_mixin.py:190} INFO - [2026-01-08T02:01:38.841+0000] {dagbag.py:587} INFO - Filling up the DagBag from /home/airflow/.local/lib/python3.12/site-packages/airflow/example_dags/example_params_trigger_ui.py
[2026-01-08T02:01:38.850+0000] {processor.py:925} INFO - DAG(s) 'example_params_trigger_ui' retrieved from /home/airflow/.local/lib/python3.12/site-packages/airflow/example_dags/example_params_trigger_ui.py
[2026-01-08T02:01:38.879+0000] {logging_mixin.py:190} INFO - [2026-01-08T02:01:38.879+0000] {dag.py:3211} INFO - Sync 1 DAGs
[2026-01-08T02:01:38.890+0000] {logging_mixin.py:190} INFO - [2026-01-08T02:01:38.890+0000] {dag.py:4138} INFO - Setting next_dagrun for example_params_trigger_ui to None, run_after=None
[2026-01-08T02:01:38.905+0000] {processor.py:208} INFO - Processing /home/airflow/.local/lib/python3.12/site-packages/airflow/example_dags/example_params_trigger_ui.py took 0.072 seconds
[2026-01-08T02:02:09.762+0000] {processor.py:186} INFO - Started process (PID=1800) to work on /home/airflow/.local/lib/python3.12/site-packages/airflow/example_dags/example_params_trigger_ui.py
[2026-01-08T02:02:09.763+0000] {processor.py:914} INFO - Processing file /home/airflow/.local/lib/python3.12/site-packages/airflow/example_dags/example_params_trigger_ui.py for tasks to queue
[2026-01-08T02:02:09.765+0000] {logging_mixin.py:190} INFO - [2026-01-08T02:02:09.765+0000] {dagbag.py:587} INFO - Filling up the DagBag from /home/airflow/.local/lib/python3.12/site-packages/airflow/example_dags/example_params_trigger_ui.py
[2026-01-08T02:02:09.775+0000] {processor.py:925} INFO - DAG(s) 'example_params_trigger_ui' retrieved from /home/airflow/.local/lib/python3.12/site-packages/airflow/example_dags/example_params_trigger_ui.py
[2026-01-08T02:02:09.814+0000] {logging_mixin.py:190} INFO - [2026-01-08T02:02:09.814+0000] {dag.py:3211} INFO - Sync 1 DAGs
[2026-01-08T02:02:09.825+0000] {logging_mixin.py:190} INFO - [2026-01-08T02:02:09.825+0000] {dag.py:4138} INFO - Setting next_dagrun for example_params_trigger_ui to None, run_after=None
[2026-01-08T02:02:09.842+0000] {processor.py:208} INFO - Processing /home/airflow/.local/lib/python3.12/site-packages/airflow/example_dags/example_params_trigger_ui.py took 0.088 seconds
[2026-01-08T02:02:40.848+0000] {processor.py:186} INFO - Started process (PID=1864) to work on /home/airflow/.local/lib/python3.12/site-packages/airflow/example_dags/example_params_trigger_ui.py
[2026-01-08T02:02:40.849+0000] {processor.py:914} INFO - Processing file /home/airflow/.local/lib/python3.12/site-packages/airflow/example_dags/example_params_trigger_ui.py for tasks to queue
[2026-01-08T02:02:40.853+0000] {logging_mixin.py:190} INFO - [2026-01-08T02:02:40.852+0000] {dagbag.py:587} INFO - Filling up the DagBag from /home/airflow/.local/lib/python3.12/site-packages/airflow/example_dags/example_params_trigger_ui.py
[2026-01-08T02:02:40.863+0000] {processor.py:925} INFO - DAG(s) 'example_params_trigger_ui' retrieved from /home/airflow/.local/lib/python3.12/site-packages/airflow/example_dags/example_params_trigger_ui.py
[2026-01-08T02:02:40.897+0000] {logging_mixin.py:190} INFO - [2026-01-08T02:02:40.897+0000] {dag.py:3211} INFO - Sync 1 DAGs
[2026-01-08T02:02:40.909+0000] {logging_mixin.py:190} INFO - [2026-01-08T02:02:40.909+0000] {dag.py:4138} INFO - Setting next_dagrun for example_params_trigger_ui to None, run_after=None
[2026-01-08T02:02:40.930+0000] {processor.py:208} INFO - Processing /home/airflow/.local/lib/python3.12/site-packages/airflow/example_dags/example_params_trigger_ui.py took 0.089 seconds
[2026-01-08T02:03:12.023+0000] {processor.py:186} INFO - Started process (PID=1928) to work on /home/airflow/.local/lib/python3.12/site-packages/airflow/example_dags/example_params_trigger_ui.py
[2026-01-08T02:03:12.024+0000] {processor.py:914} INFO - Processing file /home/airflow/.local/lib/python3.12/site-packages/airflow/example_dags/example_params_trigger_ui.py for tasks to queue
[2026-01-08T02:03:12.026+0000] {logging_mixin.py:190} INFO - [2026-01-08T02:03:12.026+0000] {dagbag.py:587} INFO - Filling up the DagBag from /home/airflow/.local/lib/python3.12/site-packages/airflow/example_dags/example_params_trigger_ui.py
[2026-01-08T02:03:12.035+0000] {processor.py:925} INFO - DAG(s) 'example_params_trigger_ui' retrieved from /home/airflow/.local/lib/python3.12/site-packages/airflow/example_dags/example_params_trigger_ui.py
[2026-01-08T02:03:12.062+0000] {logging_mixin.py:190} INFO - [2026-01-08T02:03:12.062+0000] {dag.py:3211} INFO - Sync 1 DAGs
[2026-01-08T02:03:12.074+0000] {logging_mixin.py:190} INFO - [2026-01-08T02:03:12.074+0000] {dag.py:4138} INFO - Setting next_dagrun for example_params_trigger_ui to None, run_after=None
[2026-01-08T02:03:12.090+0000] {processor.py:208} INFO - Processing /home/airflow/.local/lib/python3.12/site-packages/airflow/example_dags/example_params_trigger_ui.py took 0.072 seconds
[2026-01-08T02:03:42.366+0000] {processor.py:186} INFO - Started process (PID=1991) to work on /home/airflow/.local/lib/python3.12/site-packages/airflow/example_dags/example_params_trigger_ui.py
[2026-01-08T02:03:42.368+0000] {processor.py:914} INFO - Processing file /home/airflow/.local/lib/python3.12/site-packages/airflow/example_dags/example_params_trigger_ui.py for tasks to queue
[2026-01-08T02:03:42.370+0000] {logging_mixin.py:190} INFO - [2026-01-08T02:03:42.370+0000] {dagbag.py:587} INFO - Filling up the DagBag from /home/airflow/.local/lib/python3.12/site-packages/airflow/example_dags/example_params_trigger_ui.py
[2026-01-08T02:03:42.379+0000] {processor.py:925} INFO - DAG(s) 'example_params_trigger_ui' retrieved from /home/airflow/.local/lib/python3.12/site-packages/airflow/example_dags/example_params_trigger_ui.py
[2026-01-08T02:03:42.405+0000] {logging_mixin.py:190} INFO - [2026-01-08T02:03:42.405+0000] {dag.py:3211} INFO - Sync 1 DAGs
[2026-01-08T02:03:42.415+0000] {logging_mixin.py:190} INFO - [2026-01-08T02:03:42.414+0000] {dag.py:4138} INFO - Setting next_dagrun for example_params_trigger_ui to None, run_after=None
[2026-01-08T02:03:42.428+0000] {processor.py:208} INFO - Processing /home/airflow/.local/lib/python3.12/site-packages/airflow/example_dags/example_params_trigger_ui.py took 0.066 seconds
[2026-01-08T02:04:12.690+0000] {processor.py:186} INFO - Started process (PID=2054) to work on /home/airflow/.local/lib/python3.12/site-packages/airflow/example_dags/example_params_trigger_ui.py
[2026-01-08T02:04:12.691+0000] {processor.py:914} INFO - Processing file /home/airflow/.local/lib/python3.12/site-packages/airflow/example_dags/example_params_trigger_ui.py for tasks to queue
[2026-01-08T02:04:12.693+0000] {logging_mixin.py:190} INFO - [2026-01-08T02:04:12.693+0000] {dagbag.py:587} INFO - Filling up the DagBag from /home/airflow/.local/lib/python3.12/site-packages/airflow/example_dags/example_params_trigger_ui.py
[2026-01-08T02:04:12.702+0000] {processor.py:925} INFO - DAG(s) 'example_params_trigger_ui' retrieved from /home/airflow/.local/lib/python3.12/site-packages/airflow/example_dags/example_params_trigger_ui.py
[2026-01-08T02:04:12.732+0000] {logging_mixin.py:190} INFO - [2026-01-08T02:04:12.732+0000] {dag.py:3211} INFO - Sync 1 DAGs
[2026-01-08T02:04:12.745+0000] {logging_mixin.py:190} INFO - [2026-01-08T02:04:12.745+0000] {dag.py:4138} INFO - Setting next_dagrun for example_params_trigger_ui to None, run_after=None
[2026-01-08T02:04:12.762+0000] {processor.py:208} INFO - Processing /home/airflow/.local/lib/python3.12/site-packages/airflow/example_dags/example_params_trigger_ui.py took 0.077 seconds
[2026-01-08T02:04:42.810+0000] {processor.py:186} INFO - Started process (PID=2116) to work on /home/airflow/.local/lib/python3.12/site-packages/airflow/example_dags/example_params_trigger_ui.py
[2026-01-08T02:04:42.811+0000] {processor.py:914} INFO - Processing file /home/airflow/.local/lib/python3.12/site-packages/airflow/example_dags/example_params_trigger_ui.py for tasks to queue
[2026-01-08T02:04:42.813+0000] {logging_mixin.py:190} INFO - [2026-01-08T02:04:42.813+0000] {dagbag.py:587} INFO - Filling up the DagBag from /home/airflow/.local/lib/python3.12/site-packages/airflow/example_dags/example_params_trigger_ui.py
[2026-01-08T02:04:42.822+0000] {processor.py:925} INFO - DAG(s) 'example_params_trigger_ui' retrieved from /home/airflow/.local/lib/python3.12/site-packages/airflow/example_dags/example_params_trigger_ui.py
[2026-01-08T02:04:42.849+0000] {logging_mixin.py:190} INFO - [2026-01-08T02:04:42.848+0000] {dag.py:3211} INFO - Sync 1 DAGs
[2026-01-08T02:04:42.859+0000] {logging_mixin.py:190} INFO - [2026-01-08T02:04:42.859+0000] {dag.py:4138} INFO - Setting next_dagrun for example_params_trigger_ui to None, run_after=None
[2026-01-08T02:04:42.872+0000] {processor.py:208} INFO - Processing /home/airflow/.local/lib/python3.12/site-packages/airflow/example_dags/example_params_trigger_ui.py took 0.067 seconds
[2026-01-08T02:05:14.174+0000] {processor.py:186} INFO - Started process (PID=2179) to work on /home/airflow/.local/lib/python3.12/site-packages/airflow/example_dags/example_params_trigger_ui.py
[2026-01-08T02:05:14.175+0000] {processor.py:914} INFO - Processing file /home/airflow/.local/lib/python3.12/site-packages/airflow/example_dags/example_params_trigger_ui.py for tasks to queue
[2026-01-08T02:05:14.177+0000] {logging_mixin.py:190} INFO - [2026-01-08T02:05:14.177+0000] {dagbag.py:587} INFO - Filling up the DagBag from /home/airflow/.local/lib/python3.12/site-packages/airflow/example_dags/example_params_trigger_ui.py
[2026-01-08T02:05:14.185+0000] {processor.py:925} INFO - DAG(s) 'example_params_trigger_ui' retrieved from /home/airflow/.local/lib/python3.12/site-packages/airflow/example_dags/example_params_trigger_ui.py
[2026-01-08T02:05:14.211+0000] {logging_mixin.py:190} INFO - [2026-01-08T02:05:14.211+0000] {dag.py:3211} INFO - Sync 1 DAGs
[2026-01-08T02:05:14.220+0000] {logging_mixin.py:190} INFO - [2026-01-08T02:05:14.220+0000] {dag.py:4138} INFO - Setting next_dagrun for example_params_trigger_ui to None, run_after=None
[2026-01-08T02:05:14.235+0000] {processor.py:208} INFO - Processing /home/airflow/.local/lib/python3.12/site-packages/airflow/example_dags/example_params_trigger_ui.py took 0.065 seconds
[2026-01-08T02:05:45.428+0000] {processor.py:186} INFO - Started process (PID=2242) to work on /home/airflow/.local/lib/python3.12/site-packages/airflow/example_dags/example_params_trigger_ui.py
[2026-01-08T02:05:45.429+0000] {processor.py:914} INFO - Processing file /home/airflow/.local/lib/python3.12/site-packages/airflow/example_dags/example_params_trigger_ui.py for tasks to queue
[2026-01-08T02:05:45.432+0000] {logging_mixin.py:190} INFO - [2026-01-08T02:05:45.432+0000] {dagbag.py:587} INFO - Filling up the DagBag from /home/airflow/.local/lib/python3.12/site-packages/airflow/example_dags/example_params_trigger_ui.py
[2026-01-08T02:05:45.440+0000] {processor.py:925} INFO - DAG(s) 'example_params_trigger_ui' retrieved from /home/airflow/.local/lib/python3.12/site-packages/airflow/example_dags/example_params_trigger_ui.py
[2026-01-08T02:05:45.467+0000] {logging_mixin.py:190} INFO - [2026-01-08T02:05:45.467+0000] {dag.py:3211} INFO - Sync 1 DAGs
[2026-01-08T02:05:45.477+0000] {logging_mixin.py:190} INFO - [2026-01-08T02:05:45.477+0000] {dag.py:4138} INFO - Setting next_dagrun for example_params_trigger_ui to None, run_after=None
[2026-01-08T02:05:45.493+0000] {processor.py:208} INFO - Processing /home/airflow/.local/lib/python3.12/site-packages/airflow/example_dags/example_params_trigger_ui.py took 0.070 seconds
[2026-01-08T02:06:16.896+0000] {processor.py:186} INFO - Started process (PID=2305) to work on /home/airflow/.local/lib/python3.12/site-packages/airflow/example_dags/example_params_trigger_ui.py
[2026-01-08T02:06:16.898+0000] {processor.py:914} INFO - Processing file /home/airflow/.local/lib/python3.12/site-packages/airflow/example_dags/example_params_trigger_ui.py for tasks to queue
[2026-01-08T02:06:16.899+0000] {logging_mixin.py:190} INFO - [2026-01-08T02:06:16.899+0000] {dagbag.py:587} INFO - Filling up the DagBag from /home/airflow/.local/lib/python3.12/site-packages/airflow/example_dags/example_params_trigger_ui.py
[2026-01-08T02:06:16.908+0000] {processor.py:925} INFO - DAG(s) 'example_params_trigger_ui' retrieved from /home/airflow/.local/lib/python3.12/site-packages/airflow/example_dags/example_params_trigger_ui.py
[2026-01-08T02:06:16.935+0000] {logging_mixin.py:190} INFO - [2026-01-08T02:06:16.935+0000] {dag.py:3211} INFO - Sync 1 DAGs
[2026-01-08T02:06:16.945+0000] {logging_mixin.py:190} INFO - [2026-01-08T02:06:16.945+0000] {dag.py:4138} INFO - Setting next_dagrun for example_params_trigger_ui to None, run_after=None
[2026-01-08T02:06:16.960+0000] {processor.py:208} INFO - Processing /home/airflow/.local/lib/python3.12/site-packages/airflow/example_dags/example_params_trigger_ui.py took 0.068 seconds
[2026-01-08T02:06:47.333+0000] {processor.py:186} INFO - Started process (PID=2368) to work on /home/airflow/.local/lib/python3.12/site-packages/airflow/example_dags/example_params_trigger_ui.py
[2026-01-08T02:06:47.334+0000] {processor.py:914} INFO - Processing file /home/airflow/.local/lib/python3.12/site-packages/airflow/example_dags/example_params_trigger_ui.py for tasks to queue
[2026-01-08T02:06:47.336+0000] {logging_mixin.py:190} INFO - [2026-01-08T02:06:47.336+0000] {dagbag.py:587} INFO - Filling up the DagBag from /home/airflow/.local/lib/python3.12/site-packages/airflow/example_dags/example_params_trigger_ui.py
[2026-01-08T02:06:47.344+0000] {processor.py:925} INFO - DAG(s) 'example_params_trigger_ui' retrieved from /home/airflow/.local/lib/python3.12/site-packages/airflow/example_dags/example_params_trigger_ui.py
[2026-01-08T02:06:47.371+0000] {logging_mixin.py:190} INFO - [2026-01-08T02:06:47.371+0000] {dag.py:3211} INFO - Sync 1 DAGs
[2026-01-08T02:06:47.381+0000] {logging_mixin.py:190} INFO - [2026-01-08T02:06:47.381+0000] {dag.py:4138} INFO - Setting next_dagrun for example_params_trigger_ui to None, run_after=None
[2026-01-08T02:06:47.395+0000] {processor.py:208} INFO - Processing /home/airflow/.local/lib/python3.12/site-packages/airflow/example_dags/example_params_trigger_ui.py took 0.067 seconds
[2026-01-08T02:07:17.716+0000] {processor.py:186} INFO - Started process (PID=2431) to work on /home/airflow/.local/lib/python3.12/site-packages/airflow/example_dags/example_params_trigger_ui.py
[2026-01-08T02:07:17.717+0000] {processor.py:914} INFO - Processing file /home/airflow/.local/lib/python3.12/site-packages/airflow/example_dags/example_params_trigger_ui.py for tasks to queue
[2026-01-08T02:07:17.720+0000] {logging_mixin.py:190} INFO - [2026-01-08T02:07:17.720+0000] {dagbag.py:587} INFO - Filling up the DagBag from /home/airflow/.local/lib/python3.12/site-packages/airflow/example_dags/example_params_trigger_ui.py
[2026-01-08T02:07:17.731+0000] {processor.py:925} INFO - DAG(s) 'example_params_trigger_ui' retrieved from /home/airflow/.local/lib/python3.12/site-packages/airflow/example_dags/example_params_trigger_ui.py
[2026-01-08T02:07:17.762+0000] {logging_mixin.py:190} INFO - [2026-01-08T02:07:17.761+0000] {dag.py:3211} INFO - Sync 1 DAGs
[2026-01-08T02:07:17.773+0000] {logging_mixin.py:190} INFO - [2026-01-08T02:07:17.773+0000] {dag.py:4138} INFO - Setting next_dagrun for example_params_trigger_ui to None, run_after=None
[2026-01-08T02:07:17.789+0000] {processor.py:208} INFO - Processing /home/airflow/.local/lib/python3.12/site-packages/airflow/example_dags/example_params_trigger_ui.py took 0.079 seconds
[2026-01-08T02:07:48.047+0000] {processor.py:186} INFO - Started process (PID=2494) to work on /home/airflow/.local/lib/python3.12/site-packages/airflow/example_dags/example_params_trigger_ui.py
[2026-01-08T02:07:48.049+0000] {processor.py:914} INFO - Processing file /home/airflow/.local/lib/python3.12/site-packages/airflow/example_dags/example_params_trigger_ui.py for tasks to queue
[2026-01-08T02:07:48.051+0000] {logging_mixin.py:190} INFO - [2026-01-08T02:07:48.051+0000] {dagbag.py:587} INFO - Filling up the DagBag from /home/airflow/.local/lib/python3.12/site-packages/airflow/example_dags/example_params_trigger_ui.py
[2026-01-08T02:07:48.059+0000] {processor.py:925} INFO - DAG(s) 'example_params_trigger_ui' retrieved from /home/airflow/.local/lib/python3.12/site-packages/airflow/example_dags/example_params_trigger_ui.py
[2026-01-08T02:07:48.084+0000] {logging_mixin.py:190} INFO - [2026-01-08T02:07:48.084+0000] {dag.py:3211} INFO - Sync 1 DAGs
[2026-01-08T02:07:48.094+0000] {logging_mixin.py:190} INFO - [2026-01-08T02:07:48.094+0000] {dag.py:4138} INFO - Setting next_dagrun for example_params_trigger_ui to None, run_after=None
[2026-01-08T02:07:48.109+0000] {processor.py:208} INFO - Processing /home/airflow/.local/lib/python3.12/site-packages/airflow/example_dags/example_params_trigger_ui.py took 0.066 seconds
[2026-01-08T02:08:19.140+0000] {processor.py:186} INFO - Started process (PID=2557) to work on /home/airflow/.local/lib/python3.12/site-packages/airflow/example_dags/example_params_trigger_ui.py
[2026-01-08T02:08:19.141+0000] {processor.py:914} INFO - Processing file /home/airflow/.local/lib/python3.12/site-packages/airflow/example_dags/example_params_trigger_ui.py for tasks to queue
[2026-01-08T02:08:19.143+0000] {logging_mixin.py:190} INFO - [2026-01-08T02:08:19.143+0000] {dagbag.py:587} INFO - Filling up the DagBag from /home/airflow/.local/lib/python3.12/site-packages/airflow/example_dags/example_params_trigger_ui.py
[2026-01-08T02:08:19.151+0000] {processor.py:925} INFO - DAG(s) 'example_params_trigger_ui' retrieved from /home/airflow/.local/lib/python3.12/site-packages/airflow/example_dags/example_params_trigger_ui.py
[2026-01-08T02:08:19.179+0000] {logging_mixin.py:190} INFO - [2026-01-08T02:08:19.178+0000] {dag.py:3211} INFO - Sync 1 DAGs
[2026-01-08T02:08:19.188+0000] {logging_mixin.py:190} INFO - [2026-01-08T02:08:19.188+0000] {dag.py:4138} INFO - Setting next_dagrun for example_params_trigger_ui to None, run_after=None
[2026-01-08T02:08:19.204+0000] {processor.py:208} INFO - Processing /home/airflow/.local/lib/python3.12/site-packages/airflow/example_dags/example_params_trigger_ui.py took 0.068 seconds
[2026-01-08T02:08:50.428+0000] {processor.py:186} INFO - Started process (PID=2620) to work on /home/airflow/.local/lib/python3.12/site-packages/airflow/example_dags/example_params_trigger_ui.py
[2026-01-08T02:08:50.429+0000] {processor.py:914} INFO - Processing file /home/airflow/.local/lib/python3.12/site-packages/airflow/example_dags/example_params_trigger_ui.py for tasks to queue
[2026-01-08T02:08:50.431+0000] {logging_mixin.py:190} INFO - [2026-01-08T02:08:50.431+0000] {dagbag.py:587} INFO - Filling up the DagBag from /home/airflow/.local/lib/python3.12/site-packages/airflow/example_dags/example_params_trigger_ui.py
[2026-01-08T02:08:50.440+0000] {processor.py:925} INFO - DAG(s) 'example_params_trigger_ui' retrieved from /home/airflow/.local/lib/python3.12/site-packages/airflow/example_dags/example_params_trigger_ui.py
[2026-01-08T02:08:50.467+0000] {logging_mixin.py:190} INFO - [2026-01-08T02:08:50.467+0000] {dag.py:3211} INFO - Sync 1 DAGs
[2026-01-08T02:08:50.477+0000] {logging_mixin.py:190} INFO - [2026-01-08T02:08:50.477+0000] {dag.py:4138} INFO - Setting next_dagrun for example_params_trigger_ui to None, run_after=None
[2026-01-08T02:08:50.491+0000] {processor.py:208} INFO - Processing /home/airflow/.local/lib/python3.12/site-packages/airflow/example_dags/example_params_trigger_ui.py took 0.068 seconds
[2026-01-08T02:09:20.928+0000] {processor.py:186} INFO - Started process (PID=2683) to work on /home/airflow/.local/lib/python3.12/site-packages/airflow/example_dags/example_params_trigger_ui.py
[2026-01-08T02:09:20.929+0000] {processor.py:914} INFO - Processing file /home/airflow/.local/lib/python3.12/site-packages/airflow/example_dags/example_params_trigger_ui.py for tasks to queue
[2026-01-08T02:09:20.931+0000] {logging_mixin.py:190} INFO - [2026-01-08T02:09:20.931+0000] {dagbag.py:587} INFO - Filling up the DagBag from /home/airflow/.local/lib/python3.12/site-packages/airflow/example_dags/example_params_trigger_ui.py
[2026-01-08T02:09:20.939+0000] {processor.py:925} INFO - DAG(s) 'example_params_trigger_ui' retrieved from /home/airflow/.local/lib/python3.12/site-packages/airflow/example_dags/example_params_trigger_ui.py
[2026-01-08T02:09:20.969+0000] {logging_mixin.py:190} INFO - [2026-01-08T02:09:20.969+0000] {dag.py:3211} INFO - Sync 1 DAGs
[2026-01-08T02:09:20.985+0000] {logging_mixin.py:190} INFO - [2026-01-08T02:09:20.985+0000] {dag.py:4138} INFO - Setting next_dagrun for example_params_trigger_ui to None, run_after=None
[2026-01-08T02:09:21.002+0000] {processor.py:208} INFO - Processing /home/airflow/.local/lib/python3.12/site-packages/airflow/example_dags/example_params_trigger_ui.py took 0.079 seconds
[2026-01-08T02:09:51.304+0000] {processor.py:186} INFO - Started process (PID=2746) to work on /home/airflow/.local/lib/python3.12/site-packages/airflow/example_dags/example_params_trigger_ui.py
[2026-01-08T02:09:51.305+0000] {processor.py:914} INFO - Processing file /home/airflow/.local/lib/python3.12/site-packages/airflow/example_dags/example_params_trigger_ui.py for tasks to queue
[2026-01-08T02:09:51.308+0000] {logging_mixin.py:190} INFO - [2026-01-08T02:09:51.307+0000] {dagbag.py:587} INFO - Filling up the DagBag from /home/airflow/.local/lib/python3.12/site-packages/airflow/example_dags/example_params_trigger_ui.py
[2026-01-08T02:09:51.316+0000] {processor.py:925} INFO - DAG(s) 'example_params_trigger_ui' retrieved from /home/airflow/.local/lib/python3.12/site-packages/airflow/example_dags/example_params_trigger_ui.py
[2026-01-08T02:09:51.342+0000] {logging_mixin.py:190} INFO - [2026-01-08T02:09:51.342+0000] {dag.py:3211} INFO - Sync 1 DAGs
[2026-01-08T02:09:51.352+0000] {logging_mixin.py:190} INFO - [2026-01-08T02:09:51.352+0000] {dag.py:4138} INFO - Setting next_dagrun for example_params_trigger_ui to None, run_after=None
[2026-01-08T02:09:51.366+0000] {processor.py:208} INFO - Processing /home/airflow/.local/lib/python3.12/site-packages/airflow/example_dags/example_params_trigger_ui.py took 0.067 seconds
[2026-01-08T02:10:21.641+0000] {processor.py:186} INFO - Started process (PID=2809) to work on /home/airflow/.local/lib/python3.12/site-packages/airflow/example_dags/example_params_trigger_ui.py
[2026-01-08T02:10:21.642+0000] {processor.py:914} INFO - Processing file /home/airflow/.local/lib/python3.12/site-packages/airflow/example_dags/example_params_trigger_ui.py for tasks to queue
[2026-01-08T02:10:21.645+0000] {logging_mixin.py:190} INFO - [2026-01-08T02:10:21.644+0000] {dagbag.py:587} INFO - Filling up the DagBag from /home/airflow/.local/lib/python3.12/site-packages/airflow/example_dags/example_params_trigger_ui.py
[2026-01-08T02:10:21.655+0000] {processor.py:925} INFO - DAG(s) 'example_params_trigger_ui' retrieved from /home/airflow/.local/lib/python3.12/site-packages/airflow/example_dags/example_params_trigger_ui.py
[2026-01-08T02:10:21.682+0000] {logging_mixin.py:190} INFO - [2026-01-08T02:10:21.682+0000] {dag.py:3211} INFO - Sync 1 DAGs
[2026-01-08T02:10:21.692+0000] {logging_mixin.py:190} INFO - [2026-01-08T02:10:21.692+0000] {dag.py:4138} INFO - Setting next_dagrun for example_params_trigger_ui to None, run_after=None
[2026-01-08T02:10:21.704+0000] {processor.py:208} INFO - Processing /home/airflow/.local/lib/python3.12/site-packages/airflow/example_dags/example_params_trigger_ui.py took 0.068 seconds
[2026-01-08T02:10:52.157+0000] {processor.py:186} INFO - Started process (PID=2871) to work on /home/airflow/.local/lib/python3.12/site-packages/airflow/example_dags/example_params_trigger_ui.py
[2026-01-08T02:10:52.158+0000] {processor.py:914} INFO - Processing file /home/airflow/.local/lib/python3.12/site-packages/airflow/example_dags/example_params_trigger_ui.py for tasks to queue
[2026-01-08T02:10:52.161+0000] {logging_mixin.py:190} INFO - [2026-01-08T02:10:52.161+0000] {dagbag.py:587} INFO - Filling up the DagBag from /home/airflow/.local/lib/python3.12/site-packages/airflow/example_dags/example_params_trigger_ui.py
[2026-01-08T02:10:52.170+0000] {processor.py:925} INFO - DAG(s) 'example_params_trigger_ui' retrieved from /home/airflow/.local/lib/python3.12/site-packages/airflow/example_dags/example_params_trigger_ui.py
[2026-01-08T02:10:52.195+0000] {logging_mixin.py:190} INFO - [2026-01-08T02:10:52.195+0000] {dag.py:3211} INFO - Sync 1 DAGs
[2026-01-08T02:10:52.205+0000] {logging_mixin.py:190} INFO - [2026-01-08T02:10:52.205+0000] {dag.py:4138} INFO - Setting next_dagrun for example_params_trigger_ui to None, run_after=None
[2026-01-08T02:10:52.220+0000] {processor.py:208} INFO - Processing /home/airflow/.local/lib/python3.12/site-packages/airflow/example_dags/example_params_trigger_ui.py took 0.068 seconds
[2026-01-08T02:11:22.690+0000] {processor.py:186} INFO - Started process (PID=2934) to work on /home/airflow/.local/lib/python3.12/site-packages/airflow/example_dags/example_params_trigger_ui.py
[2026-01-08T02:11:22.691+0000] {processor.py:914} INFO - Processing file /home/airflow/.local/lib/python3.12/site-packages/airflow/example_dags/example_params_trigger_ui.py for tasks to queue
[2026-01-08T02:11:22.694+0000] {logging_mixin.py:190} INFO - [2026-01-08T02:11:22.693+0000] {dagbag.py:587} INFO - Filling up the DagBag from /home/airflow/.local/lib/python3.12/site-packages/airflow/example_dags/example_params_trigger_ui.py
[2026-01-08T02:11:22.702+0000] {processor.py:925} INFO - DAG(s) 'example_params_trigger_ui' retrieved from /home/airflow/.local/lib/python3.12/site-packages/airflow/example_dags/example_params_trigger_ui.py
[2026-01-08T02:11:22.730+0000] {logging_mixin.py:190} INFO - [2026-01-08T02:11:22.730+0000] {dag.py:3211} INFO - Sync 1 DAGs
[2026-01-08T02:11:22.741+0000] {logging_mixin.py:190} INFO - [2026-01-08T02:11:22.741+0000] {dag.py:4138} INFO - Setting next_dagrun for example_params_trigger_ui to None, run_after=None
[2026-01-08T02:11:22.757+0000] {processor.py:208} INFO - Processing /home/airflow/.local/lib/python3.12/site-packages/airflow/example_dags/example_params_trigger_ui.py took 0.072 seconds
[2026-01-08T02:11:53.693+0000] {processor.py:186} INFO - Started process (PID=2997) to work on /home/airflow/.local/lib/python3.12/site-packages/airflow/example_dags/example_params_trigger_ui.py
[2026-01-08T02:11:53.693+0000] {processor.py:914} INFO - Processing file /home/airflow/.local/lib/python3.12/site-packages/airflow/example_dags/example_params_trigger_ui.py for tasks to queue
[2026-01-08T02:11:53.695+0000] {logging_mixin.py:190} INFO - [2026-01-08T02:11:53.695+0000] {dagbag.py:587} INFO - Filling up the DagBag from /home/airflow/.local/lib/python3.12/site-packages/airflow/example_dags/example_params_trigger_ui.py
[2026-01-08T02:11:53.703+0000] {processor.py:925} INFO - DAG(s) 'example_params_trigger_ui' retrieved from /home/airflow/.local/lib/python3.12/site-packages/airflow/example_dags/example_params_trigger_ui.py
[2026-01-08T02:11:53.729+0000] {logging_mixin.py:190} INFO - [2026-01-08T02:11:53.729+0000] {dag.py:3211} INFO - Sync 1 DAGs
[2026-01-08T02:11:53.739+0000] {logging_mixin.py:190} INFO - [2026-01-08T02:11:53.739+0000] {dag.py:4138} INFO - Setting next_dagrun for example_params_trigger_ui to None, run_after=None
[2026-01-08T02:11:53.753+0000] {processor.py:208} INFO - Processing /home/airflow/.local/lib/python3.12/site-packages/airflow/example_dags/example_params_trigger_ui.py took 0.064 seconds
[2026-01-08T02:12:24.467+0000] {processor.py:186} INFO - Started process (PID=3061) to work on /home/airflow/.local/lib/python3.12/site-packages/airflow/example_dags/example_params_trigger_ui.py
[2026-01-08T02:12:24.468+0000] {processor.py:914} INFO - Processing file /home/airflow/.local/lib/python3.12/site-packages/airflow/example_dags/example_params_trigger_ui.py for tasks to queue
[2026-01-08T02:12:24.470+0000] {logging_mixin.py:190} INFO - [2026-01-08T02:12:24.470+0000] {dagbag.py:587} INFO - Filling up the DagBag from /home/airflow/.local/lib/python3.12/site-packages/airflow/example_dags/example_params_trigger_ui.py
[2026-01-08T02:12:24.480+0000] {processor.py:925} INFO - DAG(s) 'example_params_trigger_ui' retrieved from /home/airflow/.local/lib/python3.12/site-packages/airflow/example_dags/example_params_trigger_ui.py
[2026-01-08T02:12:24.508+0000] {logging_mixin.py:190} INFO - [2026-01-08T02:12:24.508+0000] {dag.py:3211} INFO - Sync 1 DAGs
[2026-01-08T02:12:24.643+0000] {logging_mixin.py:190} INFO - [2026-01-08T02:12:24.643+0000] {dag.py:4138} INFO - Setting next_dagrun for example_params_trigger_ui to None, run_after=None
[2026-01-08T02:12:24.656+0000] {processor.py:208} INFO - Processing /home/airflow/.local/lib/python3.12/site-packages/airflow/example_dags/example_params_trigger_ui.py took 0.194 seconds
