[2026-01-08T01:48:23.097+0000] {processor.py:186} INFO - Started process (PID=91) to work on /home/airflow/.local/lib/python3.12/site-packages/airflow/example_dags/example_display_name.py
[2026-01-08T01:48:23.099+0000] {processor.py:914} INFO - Processing file /home/airflow/.local/lib/python3.12/site-packages/airflow/example_dags/example_display_name.py for tasks to queue
[2026-01-08T01:48:23.101+0000] {logging_mixin.py:190} INFO - [2026-01-08T01:48:23.101+0000] {dagbag.py:587} INFO - Filling up the DagBag from /home/airflow/.local/lib/python3.12/site-packages/airflow/example_dags/example_display_name.py
[2026-01-08T01:48:23.108+0000] {processor.py:925} INFO - DAG(s) 'example_display_name' retrieved from /home/airflow/.local/lib/python3.12/site-packages/airflow/example_dags/example_display_name.py
[2026-01-08T01:48:23.180+0000] {logging_mixin.py:190} INFO - [2026-01-08T01:48:23.179+0000] {override.py:1858} INFO - Created Permission View: can edit on DAG:example_display_name
[2026-01-08T01:48:23.188+0000] {logging_mixin.py:190} INFO - [2026-01-08T01:48:23.188+0000] {override.py:1858} INFO - Created Permission View: can read on DAG:example_display_name
[2026-01-08T01:48:23.194+0000] {logging_mixin.py:190} INFO - [2026-01-08T01:48:23.194+0000] {override.py:1858} INFO - Created Permission View: can delete on DAG:example_display_name
[2026-01-08T01:48:23.196+0000] {logging_mixin.py:190} INFO - [2026-01-08T01:48:23.196+0000] {dag.py:3211} INFO - Sync 1 DAGs
[2026-01-08T01:48:23.205+0000] {logging_mixin.py:190} INFO - [2026-01-08T01:48:23.205+0000] {dag.py:3234} INFO - Creating ORM DAG for example_display_name
[2026-01-08T01:48:23.207+0000] {logging_mixin.py:190} INFO - [2026-01-08T01:48:23.207+0000] {dag.py:4138} INFO - Setting next_dagrun for example_display_name to None, run_after=None
[2026-01-08T01:48:23.218+0000] {processor.py:208} INFO - Processing /home/airflow/.local/lib/python3.12/site-packages/airflow/example_dags/example_display_name.py took 0.126 seconds
[2026-01-08T01:48:53.344+0000] {processor.py:186} INFO - Started process (PID=153) to work on /home/airflow/.local/lib/python3.12/site-packages/airflow/example_dags/example_display_name.py
[2026-01-08T01:48:53.345+0000] {processor.py:914} INFO - Processing file /home/airflow/.local/lib/python3.12/site-packages/airflow/example_dags/example_display_name.py for tasks to queue
[2026-01-08T01:48:53.347+0000] {logging_mixin.py:190} INFO - [2026-01-08T01:48:53.347+0000] {dagbag.py:587} INFO - Filling up the DagBag from /home/airflow/.local/lib/python3.12/site-packages/airflow/example_dags/example_display_name.py
[2026-01-08T01:48:53.354+0000] {processor.py:925} INFO - DAG(s) 'example_display_name' retrieved from /home/airflow/.local/lib/python3.12/site-packages/airflow/example_dags/example_display_name.py
[2026-01-08T01:48:53.371+0000] {logging_mixin.py:190} INFO - [2026-01-08T01:48:53.371+0000] {dag.py:3211} INFO - Sync 1 DAGs
[2026-01-08T01:48:53.382+0000] {logging_mixin.py:190} INFO - [2026-01-08T01:48:53.382+0000] {dag.py:4138} INFO - Setting next_dagrun for example_display_name to None, run_after=None
[2026-01-08T01:48:53.397+0000] {processor.py:208} INFO - Processing /home/airflow/.local/lib/python3.12/site-packages/airflow/example_dags/example_display_name.py took 0.058 seconds
[2026-01-08T01:49:23.749+0000] {processor.py:186} INFO - Started process (PID=215) to work on /home/airflow/.local/lib/python3.12/site-packages/airflow/example_dags/example_display_name.py
[2026-01-08T01:49:23.750+0000] {processor.py:914} INFO - Processing file /home/airflow/.local/lib/python3.12/site-packages/airflow/example_dags/example_display_name.py for tasks to queue
[2026-01-08T01:49:23.752+0000] {logging_mixin.py:190} INFO - [2026-01-08T01:49:23.752+0000] {dagbag.py:587} INFO - Filling up the DagBag from /home/airflow/.local/lib/python3.12/site-packages/airflow/example_dags/example_display_name.py
[2026-01-08T01:49:23.759+0000] {processor.py:925} INFO - DAG(s) 'example_display_name' retrieved from /home/airflow/.local/lib/python3.12/site-packages/airflow/example_dags/example_display_name.py
[2026-01-08T01:49:23.775+0000] {logging_mixin.py:190} INFO - [2026-01-08T01:49:23.775+0000] {dag.py:3211} INFO - Sync 1 DAGs
[2026-01-08T01:49:23.785+0000] {logging_mixin.py:190} INFO - [2026-01-08T01:49:23.785+0000] {dag.py:4138} INFO - Setting next_dagrun for example_display_name to None, run_after=None
[2026-01-08T01:49:23.798+0000] {processor.py:208} INFO - Processing /home/airflow/.local/lib/python3.12/site-packages/airflow/example_dags/example_display_name.py took 0.054 seconds
[2026-01-08T01:49:54.476+0000] {processor.py:186} INFO - Started process (PID=283) to work on /home/airflow/.local/lib/python3.12/site-packages/airflow/example_dags/example_display_name.py
[2026-01-08T01:49:54.477+0000] {processor.py:914} INFO - Processing file /home/airflow/.local/lib/python3.12/site-packages/airflow/example_dags/example_display_name.py for tasks to queue
[2026-01-08T01:49:54.479+0000] {logging_mixin.py:190} INFO - [2026-01-08T01:49:54.479+0000] {dagbag.py:587} INFO - Filling up the DagBag from /home/airflow/.local/lib/python3.12/site-packages/airflow/example_dags/example_display_name.py
[2026-01-08T01:49:54.486+0000] {processor.py:925} INFO - DAG(s) 'example_display_name' retrieved from /home/airflow/.local/lib/python3.12/site-packages/airflow/example_dags/example_display_name.py
[2026-01-08T01:49:54.502+0000] {logging_mixin.py:190} INFO - [2026-01-08T01:49:54.502+0000] {dag.py:3211} INFO - Sync 1 DAGs
[2026-01-08T01:49:54.512+0000] {logging_mixin.py:190} INFO - [2026-01-08T01:49:54.512+0000] {dag.py:4138} INFO - Setting next_dagrun for example_display_name to None, run_after=None
[2026-01-08T01:49:54.528+0000] {processor.py:208} INFO - Processing /home/airflow/.local/lib/python3.12/site-packages/airflow/example_dags/example_display_name.py took 0.057 seconds
[2026-01-08T01:50:24.848+0000] {processor.py:186} INFO - Started process (PID=345) to work on /home/airflow/.local/lib/python3.12/site-packages/airflow/example_dags/example_display_name.py
[2026-01-08T01:50:24.850+0000] {processor.py:914} INFO - Processing file /home/airflow/.local/lib/python3.12/site-packages/airflow/example_dags/example_display_name.py for tasks to queue
[2026-01-08T01:50:24.852+0000] {logging_mixin.py:190} INFO - [2026-01-08T01:50:24.852+0000] {dagbag.py:587} INFO - Filling up the DagBag from /home/airflow/.local/lib/python3.12/site-packages/airflow/example_dags/example_display_name.py
[2026-01-08T01:50:24.859+0000] {processor.py:925} INFO - DAG(s) 'example_display_name' retrieved from /home/airflow/.local/lib/python3.12/site-packages/airflow/example_dags/example_display_name.py
[2026-01-08T01:50:24.880+0000] {logging_mixin.py:190} INFO - [2026-01-08T01:50:24.880+0000] {dag.py:3211} INFO - Sync 1 DAGs
[2026-01-08T01:50:24.892+0000] {logging_mixin.py:190} INFO - [2026-01-08T01:50:24.892+0000] {dag.py:4138} INFO - Setting next_dagrun for example_display_name to None, run_after=None
[2026-01-08T01:50:24.908+0000] {processor.py:208} INFO - Processing /home/airflow/.local/lib/python3.12/site-packages/airflow/example_dags/example_display_name.py took 0.064 seconds
[2026-01-08T01:50:55.116+0000] {processor.py:186} INFO - Started process (PID=407) to work on /home/airflow/.local/lib/python3.12/site-packages/airflow/example_dags/example_display_name.py
[2026-01-08T01:50:55.118+0000] {processor.py:914} INFO - Processing file /home/airflow/.local/lib/python3.12/site-packages/airflow/example_dags/example_display_name.py for tasks to queue
[2026-01-08T01:50:55.120+0000] {logging_mixin.py:190} INFO - [2026-01-08T01:50:55.120+0000] {dagbag.py:587} INFO - Filling up the DagBag from /home/airflow/.local/lib/python3.12/site-packages/airflow/example_dags/example_display_name.py
[2026-01-08T01:50:55.126+0000] {processor.py:925} INFO - DAG(s) 'example_display_name' retrieved from /home/airflow/.local/lib/python3.12/site-packages/airflow/example_dags/example_display_name.py
[2026-01-08T01:50:55.141+0000] {logging_mixin.py:190} INFO - [2026-01-08T01:50:55.141+0000] {dag.py:3211} INFO - Sync 1 DAGs
[2026-01-08T01:50:55.151+0000] {logging_mixin.py:190} INFO - [2026-01-08T01:50:55.151+0000] {dag.py:4138} INFO - Setting next_dagrun for example_display_name to None, run_after=None
[2026-01-08T01:50:55.166+0000] {processor.py:208} INFO - Processing /home/airflow/.local/lib/python3.12/site-packages/airflow/example_dags/example_display_name.py took 0.054 seconds
[2026-01-08T01:51:25.957+0000] {processor.py:186} INFO - Started process (PID=469) to work on /home/airflow/.local/lib/python3.12/site-packages/airflow/example_dags/example_display_name.py
[2026-01-08T01:51:25.959+0000] {processor.py:914} INFO - Processing file /home/airflow/.local/lib/python3.12/site-packages/airflow/example_dags/example_display_name.py for tasks to queue
[2026-01-08T01:51:25.961+0000] {logging_mixin.py:190} INFO - [2026-01-08T01:51:25.960+0000] {dagbag.py:587} INFO - Filling up the DagBag from /home/airflow/.local/lib/python3.12/site-packages/airflow/example_dags/example_display_name.py
[2026-01-08T01:51:25.967+0000] {processor.py:925} INFO - DAG(s) 'example_display_name' retrieved from /home/airflow/.local/lib/python3.12/site-packages/airflow/example_dags/example_display_name.py
[2026-01-08T01:51:25.982+0000] {logging_mixin.py:190} INFO - [2026-01-08T01:51:25.982+0000] {dag.py:3211} INFO - Sync 1 DAGs
[2026-01-08T01:51:25.993+0000] {logging_mixin.py:190} INFO - [2026-01-08T01:51:25.992+0000] {dag.py:4138} INFO - Setting next_dagrun for example_display_name to None, run_after=None
[2026-01-08T01:51:26.010+0000] {processor.py:208} INFO - Processing /home/airflow/.local/lib/python3.12/site-packages/airflow/example_dags/example_display_name.py took 0.057 seconds
[2026-01-08T01:51:56.557+0000] {processor.py:186} INFO - Started process (PID=532) to work on /home/airflow/.local/lib/python3.12/site-packages/airflow/example_dags/example_display_name.py
[2026-01-08T01:51:56.558+0000] {processor.py:914} INFO - Processing file /home/airflow/.local/lib/python3.12/site-packages/airflow/example_dags/example_display_name.py for tasks to queue
[2026-01-08T01:51:56.560+0000] {logging_mixin.py:190} INFO - [2026-01-08T01:51:56.559+0000] {dagbag.py:587} INFO - Filling up the DagBag from /home/airflow/.local/lib/python3.12/site-packages/airflow/example_dags/example_display_name.py
[2026-01-08T01:51:56.566+0000] {processor.py:925} INFO - DAG(s) 'example_display_name' retrieved from /home/airflow/.local/lib/python3.12/site-packages/airflow/example_dags/example_display_name.py
[2026-01-08T01:51:56.582+0000] {logging_mixin.py:190} INFO - [2026-01-08T01:51:56.582+0000] {dag.py:3211} INFO - Sync 1 DAGs
[2026-01-08T01:51:56.593+0000] {logging_mixin.py:190} INFO - [2026-01-08T01:51:56.592+0000] {dag.py:4138} INFO - Setting next_dagrun for example_display_name to None, run_after=None
[2026-01-08T01:51:56.608+0000] {processor.py:208} INFO - Processing /home/airflow/.local/lib/python3.12/site-packages/airflow/example_dags/example_display_name.py took 0.057 seconds
[2026-01-08T01:52:26.930+0000] {processor.py:186} INFO - Started process (PID=594) to work on /home/airflow/.local/lib/python3.12/site-packages/airflow/example_dags/example_display_name.py
[2026-01-08T01:52:26.932+0000] {processor.py:914} INFO - Processing file /home/airflow/.local/lib/python3.12/site-packages/airflow/example_dags/example_display_name.py for tasks to queue
[2026-01-08T01:52:26.934+0000] {logging_mixin.py:190} INFO - [2026-01-08T01:52:26.934+0000] {dagbag.py:587} INFO - Filling up the DagBag from /home/airflow/.local/lib/python3.12/site-packages/airflow/example_dags/example_display_name.py
[2026-01-08T01:52:26.940+0000] {processor.py:925} INFO - DAG(s) 'example_display_name' retrieved from /home/airflow/.local/lib/python3.12/site-packages/airflow/example_dags/example_display_name.py
[2026-01-08T01:52:26.957+0000] {logging_mixin.py:190} INFO - [2026-01-08T01:52:26.957+0000] {dag.py:3211} INFO - Sync 1 DAGs
[2026-01-08T01:52:26.967+0000] {logging_mixin.py:190} INFO - [2026-01-08T01:52:26.967+0000] {dag.py:4138} INFO - Setting next_dagrun for example_display_name to None, run_after=None
[2026-01-08T01:52:26.980+0000] {processor.py:208} INFO - Processing /home/airflow/.local/lib/python3.12/site-packages/airflow/example_dags/example_display_name.py took 0.055 seconds
[2026-01-08T01:52:57.347+0000] {processor.py:186} INFO - Started process (PID=656) to work on /home/airflow/.local/lib/python3.12/site-packages/airflow/example_dags/example_display_name.py
[2026-01-08T01:52:57.349+0000] {processor.py:914} INFO - Processing file /home/airflow/.local/lib/python3.12/site-packages/airflow/example_dags/example_display_name.py for tasks to queue
[2026-01-08T01:52:57.351+0000] {logging_mixin.py:190} INFO - [2026-01-08T01:52:57.351+0000] {dagbag.py:587} INFO - Filling up the DagBag from /home/airflow/.local/lib/python3.12/site-packages/airflow/example_dags/example_display_name.py
[2026-01-08T01:52:57.357+0000] {processor.py:925} INFO - DAG(s) 'example_display_name' retrieved from /home/airflow/.local/lib/python3.12/site-packages/airflow/example_dags/example_display_name.py
[2026-01-08T01:52:57.374+0000] {logging_mixin.py:190} INFO - [2026-01-08T01:52:57.374+0000] {dag.py:3211} INFO - Sync 1 DAGs
[2026-01-08T01:52:57.385+0000] {logging_mixin.py:190} INFO - [2026-01-08T01:52:57.385+0000] {dag.py:4138} INFO - Setting next_dagrun for example_display_name to None, run_after=None
[2026-01-08T01:52:57.403+0000] {processor.py:208} INFO - Processing /home/airflow/.local/lib/python3.12/site-packages/airflow/example_dags/example_display_name.py took 0.060 seconds
[2026-01-08T01:53:27.869+0000] {processor.py:186} INFO - Started process (PID=718) to work on /home/airflow/.local/lib/python3.12/site-packages/airflow/example_dags/example_display_name.py
[2026-01-08T01:53:27.872+0000] {processor.py:914} INFO - Processing file /home/airflow/.local/lib/python3.12/site-packages/airflow/example_dags/example_display_name.py for tasks to queue
[2026-01-08T01:53:27.876+0000] {logging_mixin.py:190} INFO - [2026-01-08T01:53:27.876+0000] {dagbag.py:587} INFO - Filling up the DagBag from /home/airflow/.local/lib/python3.12/site-packages/airflow/example_dags/example_display_name.py
[2026-01-08T01:53:27.887+0000] {processor.py:925} INFO - DAG(s) 'example_display_name' retrieved from /home/airflow/.local/lib/python3.12/site-packages/airflow/example_dags/example_display_name.py
[2026-01-08T01:53:27.906+0000] {logging_mixin.py:190} INFO - [2026-01-08T01:53:27.905+0000] {dag.py:3211} INFO - Sync 1 DAGs
[2026-01-08T01:53:27.919+0000] {logging_mixin.py:190} INFO - [2026-01-08T01:53:27.918+0000] {dag.py:4138} INFO - Setting next_dagrun for example_display_name to None, run_after=None
[2026-01-08T01:53:27.939+0000] {processor.py:208} INFO - Processing /home/airflow/.local/lib/python3.12/site-packages/airflow/example_dags/example_display_name.py took 0.076 seconds
[2026-01-08T01:53:58.294+0000] {processor.py:186} INFO - Started process (PID=780) to work on /home/airflow/.local/lib/python3.12/site-packages/airflow/example_dags/example_display_name.py
[2026-01-08T01:53:58.295+0000] {processor.py:914} INFO - Processing file /home/airflow/.local/lib/python3.12/site-packages/airflow/example_dags/example_display_name.py for tasks to queue
[2026-01-08T01:53:58.297+0000] {logging_mixin.py:190} INFO - [2026-01-08T01:53:58.297+0000] {dagbag.py:587} INFO - Filling up the DagBag from /home/airflow/.local/lib/python3.12/site-packages/airflow/example_dags/example_display_name.py
[2026-01-08T01:53:58.303+0000] {processor.py:925} INFO - DAG(s) 'example_display_name' retrieved from /home/airflow/.local/lib/python3.12/site-packages/airflow/example_dags/example_display_name.py
[2026-01-08T01:53:58.319+0000] {logging_mixin.py:190} INFO - [2026-01-08T01:53:58.319+0000] {dag.py:3211} INFO - Sync 1 DAGs
[2026-01-08T01:53:58.330+0000] {logging_mixin.py:190} INFO - [2026-01-08T01:53:58.330+0000] {dag.py:4138} INFO - Setting next_dagrun for example_display_name to None, run_after=None
[2026-01-08T01:53:58.347+0000] {processor.py:208} INFO - Processing /home/airflow/.local/lib/python3.12/site-packages/airflow/example_dags/example_display_name.py took 0.058 seconds
[2026-01-08T01:54:28.886+0000] {processor.py:186} INFO - Started process (PID=842) to work on /home/airflow/.local/lib/python3.12/site-packages/airflow/example_dags/example_display_name.py
[2026-01-08T01:54:28.888+0000] {processor.py:914} INFO - Processing file /home/airflow/.local/lib/python3.12/site-packages/airflow/example_dags/example_display_name.py for tasks to queue
[2026-01-08T01:54:28.890+0000] {logging_mixin.py:190} INFO - [2026-01-08T01:54:28.890+0000] {dagbag.py:587} INFO - Filling up the DagBag from /home/airflow/.local/lib/python3.12/site-packages/airflow/example_dags/example_display_name.py
[2026-01-08T01:54:28.896+0000] {processor.py:925} INFO - DAG(s) 'example_display_name' retrieved from /home/airflow/.local/lib/python3.12/site-packages/airflow/example_dags/example_display_name.py
[2026-01-08T01:54:28.914+0000] {logging_mixin.py:190} INFO - [2026-01-08T01:54:28.914+0000] {dag.py:3211} INFO - Sync 1 DAGs
[2026-01-08T01:54:28.927+0000] {logging_mixin.py:190} INFO - [2026-01-08T01:54:28.927+0000] {dag.py:4138} INFO - Setting next_dagrun for example_display_name to None, run_after=None
[2026-01-08T01:54:28.944+0000] {processor.py:208} INFO - Processing /home/airflow/.local/lib/python3.12/site-packages/airflow/example_dags/example_display_name.py took 0.062 seconds
[2026-01-08T01:54:59.435+0000] {processor.py:186} INFO - Started process (PID=904) to work on /home/airflow/.local/lib/python3.12/site-packages/airflow/example_dags/example_display_name.py
[2026-01-08T01:54:59.436+0000] {processor.py:914} INFO - Processing file /home/airflow/.local/lib/python3.12/site-packages/airflow/example_dags/example_display_name.py for tasks to queue
[2026-01-08T01:54:59.437+0000] {logging_mixin.py:190} INFO - [2026-01-08T01:54:59.437+0000] {dagbag.py:587} INFO - Filling up the DagBag from /home/airflow/.local/lib/python3.12/site-packages/airflow/example_dags/example_display_name.py
[2026-01-08T01:54:59.444+0000] {processor.py:925} INFO - DAG(s) 'example_display_name' retrieved from /home/airflow/.local/lib/python3.12/site-packages/airflow/example_dags/example_display_name.py
[2026-01-08T01:54:59.459+0000] {logging_mixin.py:190} INFO - [2026-01-08T01:54:59.459+0000] {dag.py:3211} INFO - Sync 1 DAGs
[2026-01-08T01:54:59.469+0000] {logging_mixin.py:190} INFO - [2026-01-08T01:54:59.469+0000] {dag.py:4138} INFO - Setting next_dagrun for example_display_name to None, run_after=None
[2026-01-08T01:54:59.486+0000] {processor.py:208} INFO - Processing /home/airflow/.local/lib/python3.12/site-packages/airflow/example_dags/example_display_name.py took 0.055 seconds
[2026-01-08T01:55:30.153+0000] {processor.py:186} INFO - Started process (PID=966) to work on /home/airflow/.local/lib/python3.12/site-packages/airflow/example_dags/example_display_name.py
[2026-01-08T01:55:30.155+0000] {processor.py:914} INFO - Processing file /home/airflow/.local/lib/python3.12/site-packages/airflow/example_dags/example_display_name.py for tasks to queue
[2026-01-08T01:55:30.157+0000] {logging_mixin.py:190} INFO - [2026-01-08T01:55:30.157+0000] {dagbag.py:587} INFO - Filling up the DagBag from /home/airflow/.local/lib/python3.12/site-packages/airflow/example_dags/example_display_name.py
[2026-01-08T01:55:30.163+0000] {processor.py:925} INFO - DAG(s) 'example_display_name' retrieved from /home/airflow/.local/lib/python3.12/site-packages/airflow/example_dags/example_display_name.py
[2026-01-08T01:55:30.180+0000] {logging_mixin.py:190} INFO - [2026-01-08T01:55:30.180+0000] {dag.py:3211} INFO - Sync 1 DAGs
[2026-01-08T01:55:30.191+0000] {logging_mixin.py:190} INFO - [2026-01-08T01:55:30.191+0000] {dag.py:4138} INFO - Setting next_dagrun for example_display_name to None, run_after=None
[2026-01-08T01:55:30.206+0000] {processor.py:208} INFO - Processing /home/airflow/.local/lib/python3.12/site-packages/airflow/example_dags/example_display_name.py took 0.058 seconds
[2026-01-08T01:56:00.827+0000] {processor.py:186} INFO - Started process (PID=1028) to work on /home/airflow/.local/lib/python3.12/site-packages/airflow/example_dags/example_display_name.py
[2026-01-08T01:56:00.829+0000] {processor.py:914} INFO - Processing file /home/airflow/.local/lib/python3.12/site-packages/airflow/example_dags/example_display_name.py for tasks to queue
[2026-01-08T01:56:00.831+0000] {logging_mixin.py:190} INFO - [2026-01-08T01:56:00.831+0000] {dagbag.py:587} INFO - Filling up the DagBag from /home/airflow/.local/lib/python3.12/site-packages/airflow/example_dags/example_display_name.py
[2026-01-08T01:56:00.837+0000] {processor.py:925} INFO - DAG(s) 'example_display_name' retrieved from /home/airflow/.local/lib/python3.12/site-packages/airflow/example_dags/example_display_name.py
[2026-01-08T01:56:00.855+0000] {logging_mixin.py:190} INFO - [2026-01-08T01:56:00.855+0000] {dag.py:3211} INFO - Sync 1 DAGs
[2026-01-08T01:56:00.866+0000] {logging_mixin.py:190} INFO - [2026-01-08T01:56:00.866+0000] {dag.py:4138} INFO - Setting next_dagrun for example_display_name to None, run_after=None
[2026-01-08T01:56:00.883+0000] {processor.py:208} INFO - Processing /home/airflow/.local/lib/python3.12/site-packages/airflow/example_dags/example_display_name.py took 0.061 seconds
[2026-01-08T01:56:31.137+0000] {processor.py:186} INFO - Started process (PID=1090) to work on /home/airflow/.local/lib/python3.12/site-packages/airflow/example_dags/example_display_name.py
[2026-01-08T01:56:31.138+0000] {processor.py:914} INFO - Processing file /home/airflow/.local/lib/python3.12/site-packages/airflow/example_dags/example_display_name.py for tasks to queue
[2026-01-08T01:56:31.140+0000] {logging_mixin.py:190} INFO - [2026-01-08T01:56:31.140+0000] {dagbag.py:587} INFO - Filling up the DagBag from /home/airflow/.local/lib/python3.12/site-packages/airflow/example_dags/example_display_name.py
[2026-01-08T01:56:31.147+0000] {processor.py:925} INFO - DAG(s) 'example_display_name' retrieved from /home/airflow/.local/lib/python3.12/site-packages/airflow/example_dags/example_display_name.py
[2026-01-08T01:56:31.163+0000] {logging_mixin.py:190} INFO - [2026-01-08T01:56:31.163+0000] {dag.py:3211} INFO - Sync 1 DAGs
[2026-01-08T01:56:31.173+0000] {logging_mixin.py:190} INFO - [2026-01-08T01:56:31.173+0000] {dag.py:4138} INFO - Setting next_dagrun for example_display_name to None, run_after=None
[2026-01-08T01:56:31.186+0000] {processor.py:208} INFO - Processing /home/airflow/.local/lib/python3.12/site-packages/airflow/example_dags/example_display_name.py took 0.053 seconds
[2026-01-08T01:57:01.596+0000] {processor.py:186} INFO - Started process (PID=1152) to work on /home/airflow/.local/lib/python3.12/site-packages/airflow/example_dags/example_display_name.py
[2026-01-08T01:57:01.598+0000] {processor.py:914} INFO - Processing file /home/airflow/.local/lib/python3.12/site-packages/airflow/example_dags/example_display_name.py for tasks to queue
[2026-01-08T01:57:01.602+0000] {logging_mixin.py:190} INFO - [2026-01-08T01:57:01.601+0000] {dagbag.py:587} INFO - Filling up the DagBag from /home/airflow/.local/lib/python3.12/site-packages/airflow/example_dags/example_display_name.py
[2026-01-08T01:57:01.608+0000] {processor.py:925} INFO - DAG(s) 'example_display_name' retrieved from /home/airflow/.local/lib/python3.12/site-packages/airflow/example_dags/example_display_name.py
[2026-01-08T01:57:01.626+0000] {logging_mixin.py:190} INFO - [2026-01-08T01:57:01.625+0000] {dag.py:3211} INFO - Sync 1 DAGs
[2026-01-08T01:57:01.636+0000] {logging_mixin.py:190} INFO - [2026-01-08T01:57:01.635+0000] {dag.py:4138} INFO - Setting next_dagrun for example_display_name to None, run_after=None
[2026-01-08T01:57:01.650+0000] {processor.py:208} INFO - Processing /home/airflow/.local/lib/python3.12/site-packages/airflow/example_dags/example_display_name.py took 0.058 seconds
[2026-01-08T01:57:32.081+0000] {processor.py:186} INFO - Started process (PID=1214) to work on /home/airflow/.local/lib/python3.12/site-packages/airflow/example_dags/example_display_name.py
[2026-01-08T01:57:32.082+0000] {processor.py:914} INFO - Processing file /home/airflow/.local/lib/python3.12/site-packages/airflow/example_dags/example_display_name.py for tasks to queue
[2026-01-08T01:57:32.084+0000] {logging_mixin.py:190} INFO - [2026-01-08T01:57:32.084+0000] {dagbag.py:587} INFO - Filling up the DagBag from /home/airflow/.local/lib/python3.12/site-packages/airflow/example_dags/example_display_name.py
[2026-01-08T01:57:32.091+0000] {processor.py:925} INFO - DAG(s) 'example_display_name' retrieved from /home/airflow/.local/lib/python3.12/site-packages/airflow/example_dags/example_display_name.py
[2026-01-08T01:57:32.107+0000] {logging_mixin.py:190} INFO - [2026-01-08T01:57:32.107+0000] {dag.py:3211} INFO - Sync 1 DAGs
[2026-01-08T01:57:32.118+0000] {logging_mixin.py:190} INFO - [2026-01-08T01:57:32.118+0000] {dag.py:4138} INFO - Setting next_dagrun for example_display_name to None, run_after=None
[2026-01-08T01:57:32.134+0000] {processor.py:208} INFO - Processing /home/airflow/.local/lib/python3.12/site-packages/airflow/example_dags/example_display_name.py took 0.058 seconds
[2026-01-08T01:58:02.699+0000] {processor.py:186} INFO - Started process (PID=1276) to work on /home/airflow/.local/lib/python3.12/site-packages/airflow/example_dags/example_display_name.py
[2026-01-08T01:58:02.700+0000] {processor.py:914} INFO - Processing file /home/airflow/.local/lib/python3.12/site-packages/airflow/example_dags/example_display_name.py for tasks to queue
[2026-01-08T01:58:02.703+0000] {logging_mixin.py:190} INFO - [2026-01-08T01:58:02.703+0000] {dagbag.py:587} INFO - Filling up the DagBag from /home/airflow/.local/lib/python3.12/site-packages/airflow/example_dags/example_display_name.py
[2026-01-08T01:58:02.709+0000] {processor.py:925} INFO - DAG(s) 'example_display_name' retrieved from /home/airflow/.local/lib/python3.12/site-packages/airflow/example_dags/example_display_name.py
[2026-01-08T01:58:02.725+0000] {logging_mixin.py:190} INFO - [2026-01-08T01:58:02.725+0000] {dag.py:3211} INFO - Sync 1 DAGs
[2026-01-08T01:58:02.735+0000] {logging_mixin.py:190} INFO - [2026-01-08T01:58:02.734+0000] {dag.py:4138} INFO - Setting next_dagrun for example_display_name to None, run_after=None
[2026-01-08T01:58:02.750+0000] {processor.py:208} INFO - Processing /home/airflow/.local/lib/python3.12/site-packages/airflow/example_dags/example_display_name.py took 0.055 seconds
[2026-01-08T01:58:33.172+0000] {processor.py:186} INFO - Started process (PID=1339) to work on /home/airflow/.local/lib/python3.12/site-packages/airflow/example_dags/example_display_name.py
[2026-01-08T01:58:33.173+0000] {processor.py:914} INFO - Processing file /home/airflow/.local/lib/python3.12/site-packages/airflow/example_dags/example_display_name.py for tasks to queue
[2026-01-08T01:58:33.176+0000] {logging_mixin.py:190} INFO - [2026-01-08T01:58:33.175+0000] {dagbag.py:587} INFO - Filling up the DagBag from /home/airflow/.local/lib/python3.12/site-packages/airflow/example_dags/example_display_name.py
[2026-01-08T01:58:33.182+0000] {processor.py:925} INFO - DAG(s) 'example_display_name' retrieved from /home/airflow/.local/lib/python3.12/site-packages/airflow/example_dags/example_display_name.py
[2026-01-08T01:58:33.196+0000] {logging_mixin.py:190} INFO - [2026-01-08T01:58:33.196+0000] {dag.py:3211} INFO - Sync 1 DAGs
[2026-01-08T01:58:33.206+0000] {logging_mixin.py:190} INFO - [2026-01-08T01:58:33.206+0000] {dag.py:4138} INFO - Setting next_dagrun for example_display_name to None, run_after=None
[2026-01-08T01:58:33.223+0000] {processor.py:208} INFO - Processing /home/airflow/.local/lib/python3.12/site-packages/airflow/example_dags/example_display_name.py took 0.055 seconds
[2026-01-08T01:59:03.415+0000] {processor.py:186} INFO - Started process (PID=1402) to work on /home/airflow/.local/lib/python3.12/site-packages/airflow/example_dags/example_display_name.py
[2026-01-08T01:59:03.416+0000] {processor.py:914} INFO - Processing file /home/airflow/.local/lib/python3.12/site-packages/airflow/example_dags/example_display_name.py for tasks to queue
[2026-01-08T01:59:03.418+0000] {logging_mixin.py:190} INFO - [2026-01-08T01:59:03.418+0000] {dagbag.py:587} INFO - Filling up the DagBag from /home/airflow/.local/lib/python3.12/site-packages/airflow/example_dags/example_display_name.py
[2026-01-08T01:59:03.425+0000] {processor.py:925} INFO - DAG(s) 'example_display_name' retrieved from /home/airflow/.local/lib/python3.12/site-packages/airflow/example_dags/example_display_name.py
[2026-01-08T01:59:03.441+0000] {logging_mixin.py:190} INFO - [2026-01-08T01:59:03.441+0000] {dag.py:3211} INFO - Sync 1 DAGs
[2026-01-08T01:59:03.452+0000] {logging_mixin.py:190} INFO - [2026-01-08T01:59:03.452+0000] {dag.py:4138} INFO - Setting next_dagrun for example_display_name to None, run_after=None
[2026-01-08T01:59:03.466+0000] {processor.py:208} INFO - Processing /home/airflow/.local/lib/python3.12/site-packages/airflow/example_dags/example_display_name.py took 0.056 seconds
[2026-01-08T01:59:33.688+0000] {processor.py:186} INFO - Started process (PID=1465) to work on /home/airflow/.local/lib/python3.12/site-packages/airflow/example_dags/example_display_name.py
[2026-01-08T01:59:33.689+0000] {processor.py:914} INFO - Processing file /home/airflow/.local/lib/python3.12/site-packages/airflow/example_dags/example_display_name.py for tasks to queue
[2026-01-08T01:59:33.692+0000] {logging_mixin.py:190} INFO - [2026-01-08T01:59:33.691+0000] {dagbag.py:587} INFO - Filling up the DagBag from /home/airflow/.local/lib/python3.12/site-packages/airflow/example_dags/example_display_name.py
[2026-01-08T01:59:33.698+0000] {processor.py:925} INFO - DAG(s) 'example_display_name' retrieved from /home/airflow/.local/lib/python3.12/site-packages/airflow/example_dags/example_display_name.py
[2026-01-08T01:59:33.713+0000] {logging_mixin.py:190} INFO - [2026-01-08T01:59:33.713+0000] {dag.py:3211} INFO - Sync 1 DAGs
[2026-01-08T01:59:33.723+0000] {logging_mixin.py:190} INFO - [2026-01-08T01:59:33.723+0000] {dag.py:4138} INFO - Setting next_dagrun for example_display_name to None, run_after=None
[2026-01-08T01:59:33.736+0000] {processor.py:208} INFO - Processing /home/airflow/.local/lib/python3.12/site-packages/airflow/example_dags/example_display_name.py took 0.053 seconds
[2026-01-08T02:00:04.369+0000] {processor.py:186} INFO - Started process (PID=1528) to work on /home/airflow/.local/lib/python3.12/site-packages/airflow/example_dags/example_display_name.py
[2026-01-08T02:00:04.371+0000] {processor.py:914} INFO - Processing file /home/airflow/.local/lib/python3.12/site-packages/airflow/example_dags/example_display_name.py for tasks to queue
[2026-01-08T02:00:04.373+0000] {logging_mixin.py:190} INFO - [2026-01-08T02:00:04.372+0000] {dagbag.py:587} INFO - Filling up the DagBag from /home/airflow/.local/lib/python3.12/site-packages/airflow/example_dags/example_display_name.py
[2026-01-08T02:00:04.378+0000] {processor.py:925} INFO - DAG(s) 'example_display_name' retrieved from /home/airflow/.local/lib/python3.12/site-packages/airflow/example_dags/example_display_name.py
[2026-01-08T02:00:04.394+0000] {logging_mixin.py:190} INFO - [2026-01-08T02:00:04.393+0000] {dag.py:3211} INFO - Sync 1 DAGs
[2026-01-08T02:00:04.403+0000] {logging_mixin.py:190} INFO - [2026-01-08T02:00:04.403+0000] {dag.py:4138} INFO - Setting next_dagrun for example_display_name to None, run_after=None
[2026-01-08T02:00:04.421+0000] {processor.py:208} INFO - Processing /home/airflow/.local/lib/python3.12/site-packages/airflow/example_dags/example_display_name.py took 0.056 seconds
[2026-01-08T02:00:34.915+0000] {processor.py:186} INFO - Started process (PID=1591) to work on /home/airflow/.local/lib/python3.12/site-packages/airflow/example_dags/example_display_name.py
[2026-01-08T02:00:34.916+0000] {processor.py:914} INFO - Processing file /home/airflow/.local/lib/python3.12/site-packages/airflow/example_dags/example_display_name.py for tasks to queue
[2026-01-08T02:00:34.919+0000] {logging_mixin.py:190} INFO - [2026-01-08T02:00:34.918+0000] {dagbag.py:587} INFO - Filling up the DagBag from /home/airflow/.local/lib/python3.12/site-packages/airflow/example_dags/example_display_name.py
[2026-01-08T02:00:34.925+0000] {processor.py:925} INFO - DAG(s) 'example_display_name' retrieved from /home/airflow/.local/lib/python3.12/site-packages/airflow/example_dags/example_display_name.py
[2026-01-08T02:00:34.940+0000] {logging_mixin.py:190} INFO - [2026-01-08T02:00:34.940+0000] {dag.py:3211} INFO - Sync 1 DAGs
[2026-01-08T02:00:34.950+0000] {logging_mixin.py:190} INFO - [2026-01-08T02:00:34.950+0000] {dag.py:4138} INFO - Setting next_dagrun for example_display_name to None, run_after=None
[2026-01-08T02:00:34.963+0000] {processor.py:208} INFO - Processing /home/airflow/.local/lib/python3.12/site-packages/airflow/example_dags/example_display_name.py took 0.053 seconds
[2026-01-08T02:01:05.610+0000] {processor.py:186} INFO - Started process (PID=1654) to work on /home/airflow/.local/lib/python3.12/site-packages/airflow/example_dags/example_display_name.py
[2026-01-08T02:01:05.612+0000] {processor.py:914} INFO - Processing file /home/airflow/.local/lib/python3.12/site-packages/airflow/example_dags/example_display_name.py for tasks to queue
[2026-01-08T02:01:05.615+0000] {logging_mixin.py:190} INFO - [2026-01-08T02:01:05.614+0000] {dagbag.py:587} INFO - Filling up the DagBag from /home/airflow/.local/lib/python3.12/site-packages/airflow/example_dags/example_display_name.py
[2026-01-08T02:01:05.622+0000] {processor.py:925} INFO - DAG(s) 'example_display_name' retrieved from /home/airflow/.local/lib/python3.12/site-packages/airflow/example_dags/example_display_name.py
[2026-01-08T02:01:05.640+0000] {logging_mixin.py:190} INFO - [2026-01-08T02:01:05.640+0000] {dag.py:3211} INFO - Sync 1 DAGs
[2026-01-08T02:01:05.651+0000] {logging_mixin.py:190} INFO - [2026-01-08T02:01:05.651+0000] {dag.py:4138} INFO - Setting next_dagrun for example_display_name to None, run_after=None
[2026-01-08T02:01:05.668+0000] {processor.py:208} INFO - Processing /home/airflow/.local/lib/python3.12/site-packages/airflow/example_dags/example_display_name.py took 0.062 seconds
[2026-01-08T02:01:36.448+0000] {processor.py:186} INFO - Started process (PID=1717) to work on /home/airflow/.local/lib/python3.12/site-packages/airflow/example_dags/example_display_name.py
[2026-01-08T02:01:36.450+0000] {processor.py:914} INFO - Processing file /home/airflow/.local/lib/python3.12/site-packages/airflow/example_dags/example_display_name.py for tasks to queue
[2026-01-08T02:01:36.452+0000] {logging_mixin.py:190} INFO - [2026-01-08T02:01:36.452+0000] {dagbag.py:587} INFO - Filling up the DagBag from /home/airflow/.local/lib/python3.12/site-packages/airflow/example_dags/example_display_name.py
[2026-01-08T02:01:36.459+0000] {processor.py:925} INFO - DAG(s) 'example_display_name' retrieved from /home/airflow/.local/lib/python3.12/site-packages/airflow/example_dags/example_display_name.py
[2026-01-08T02:01:36.476+0000] {logging_mixin.py:190} INFO - [2026-01-08T02:01:36.475+0000] {dag.py:3211} INFO - Sync 1 DAGs
[2026-01-08T02:01:36.487+0000] {logging_mixin.py:190} INFO - [2026-01-08T02:01:36.487+0000] {dag.py:4138} INFO - Setting next_dagrun for example_display_name to None, run_after=None
[2026-01-08T02:01:36.503+0000] {processor.py:208} INFO - Processing /home/airflow/.local/lib/python3.12/site-packages/airflow/example_dags/example_display_name.py took 0.059 seconds
[2026-01-08T02:02:07.451+0000] {processor.py:186} INFO - Started process (PID=1780) to work on /home/airflow/.local/lib/python3.12/site-packages/airflow/example_dags/example_display_name.py
[2026-01-08T02:02:07.452+0000] {processor.py:914} INFO - Processing file /home/airflow/.local/lib/python3.12/site-packages/airflow/example_dags/example_display_name.py for tasks to queue
[2026-01-08T02:02:07.454+0000] {logging_mixin.py:190} INFO - [2026-01-08T02:02:07.454+0000] {dagbag.py:587} INFO - Filling up the DagBag from /home/airflow/.local/lib/python3.12/site-packages/airflow/example_dags/example_display_name.py
[2026-01-08T02:02:07.460+0000] {processor.py:925} INFO - DAG(s) 'example_display_name' retrieved from /home/airflow/.local/lib/python3.12/site-packages/airflow/example_dags/example_display_name.py
[2026-01-08T02:02:07.476+0000] {logging_mixin.py:190} INFO - [2026-01-08T02:02:07.476+0000] {dag.py:3211} INFO - Sync 1 DAGs
[2026-01-08T02:02:07.486+0000] {logging_mixin.py:190} INFO - [2026-01-08T02:02:07.486+0000] {dag.py:4138} INFO - Setting next_dagrun for example_display_name to None, run_after=None
[2026-01-08T02:02:07.502+0000] {processor.py:208} INFO - Processing /home/airflow/.local/lib/python3.12/site-packages/airflow/example_dags/example_display_name.py took 0.055 seconds
[2026-01-08T02:02:38.280+0000] {processor.py:186} INFO - Started process (PID=1843) to work on /home/airflow/.local/lib/python3.12/site-packages/airflow/example_dags/example_display_name.py
[2026-01-08T02:02:38.281+0000] {processor.py:914} INFO - Processing file /home/airflow/.local/lib/python3.12/site-packages/airflow/example_dags/example_display_name.py for tasks to queue
[2026-01-08T02:02:38.284+0000] {logging_mixin.py:190} INFO - [2026-01-08T02:02:38.283+0000] {dagbag.py:587} INFO - Filling up the DagBag from /home/airflow/.local/lib/python3.12/site-packages/airflow/example_dags/example_display_name.py
[2026-01-08T02:02:38.292+0000] {processor.py:925} INFO - DAG(s) 'example_display_name' retrieved from /home/airflow/.local/lib/python3.12/site-packages/airflow/example_dags/example_display_name.py
[2026-01-08T02:02:38.317+0000] {logging_mixin.py:190} INFO - [2026-01-08T02:02:38.316+0000] {dag.py:3211} INFO - Sync 1 DAGs
[2026-01-08T02:02:38.331+0000] {logging_mixin.py:190} INFO - [2026-01-08T02:02:38.331+0000] {dag.py:4138} INFO - Setting next_dagrun for example_display_name to None, run_after=None
[2026-01-08T02:02:38.354+0000] {processor.py:208} INFO - Processing /home/airflow/.local/lib/python3.12/site-packages/airflow/example_dags/example_display_name.py took 0.079 seconds
[2026-01-08T02:03:09.425+0000] {processor.py:186} INFO - Started process (PID=1907) to work on /home/airflow/.local/lib/python3.12/site-packages/airflow/example_dags/example_display_name.py
[2026-01-08T02:03:09.426+0000] {processor.py:914} INFO - Processing file /home/airflow/.local/lib/python3.12/site-packages/airflow/example_dags/example_display_name.py for tasks to queue
[2026-01-08T02:03:09.428+0000] {logging_mixin.py:190} INFO - [2026-01-08T02:03:09.428+0000] {dagbag.py:587} INFO - Filling up the DagBag from /home/airflow/.local/lib/python3.12/site-packages/airflow/example_dags/example_display_name.py
[2026-01-08T02:03:09.434+0000] {processor.py:925} INFO - DAG(s) 'example_display_name' retrieved from /home/airflow/.local/lib/python3.12/site-packages/airflow/example_dags/example_display_name.py
[2026-01-08T02:03:09.453+0000] {logging_mixin.py:190} INFO - [2026-01-08T02:03:09.452+0000] {dag.py:3211} INFO - Sync 1 DAGs
[2026-01-08T02:03:09.463+0000] {logging_mixin.py:190} INFO - [2026-01-08T02:03:09.463+0000] {dag.py:4138} INFO - Setting next_dagrun for example_display_name to None, run_after=None
[2026-01-08T02:03:09.477+0000] {processor.py:208} INFO - Processing /home/airflow/.local/lib/python3.12/site-packages/airflow/example_dags/example_display_name.py took 0.057 seconds
[2026-01-08T02:03:39.957+0000] {processor.py:186} INFO - Started process (PID=1971) to work on /home/airflow/.local/lib/python3.12/site-packages/airflow/example_dags/example_display_name.py
[2026-01-08T02:03:39.959+0000] {processor.py:914} INFO - Processing file /home/airflow/.local/lib/python3.12/site-packages/airflow/example_dags/example_display_name.py for tasks to queue
[2026-01-08T02:03:39.961+0000] {logging_mixin.py:190} INFO - [2026-01-08T02:03:39.961+0000] {dagbag.py:587} INFO - Filling up the DagBag from /home/airflow/.local/lib/python3.12/site-packages/airflow/example_dags/example_display_name.py
[2026-01-08T02:03:39.967+0000] {processor.py:925} INFO - DAG(s) 'example_display_name' retrieved from /home/airflow/.local/lib/python3.12/site-packages/airflow/example_dags/example_display_name.py
[2026-01-08T02:03:39.983+0000] {logging_mixin.py:190} INFO - [2026-01-08T02:03:39.983+0000] {dag.py:3211} INFO - Sync 1 DAGs
[2026-01-08T02:03:39.993+0000] {logging_mixin.py:190} INFO - [2026-01-08T02:03:39.993+0000] {dag.py:4138} INFO - Setting next_dagrun for example_display_name to None, run_after=None
[2026-01-08T02:03:40.009+0000] {processor.py:208} INFO - Processing /home/airflow/.local/lib/python3.12/site-packages/airflow/example_dags/example_display_name.py took 0.056 seconds
[2026-01-08T02:04:10.211+0000] {processor.py:186} INFO - Started process (PID=2034) to work on /home/airflow/.local/lib/python3.12/site-packages/airflow/example_dags/example_display_name.py
[2026-01-08T02:04:10.212+0000] {processor.py:914} INFO - Processing file /home/airflow/.local/lib/python3.12/site-packages/airflow/example_dags/example_display_name.py for tasks to queue
[2026-01-08T02:04:10.214+0000] {logging_mixin.py:190} INFO - [2026-01-08T02:04:10.214+0000] {dagbag.py:587} INFO - Filling up the DagBag from /home/airflow/.local/lib/python3.12/site-packages/airflow/example_dags/example_display_name.py
[2026-01-08T02:04:10.220+0000] {processor.py:925} INFO - DAG(s) 'example_display_name' retrieved from /home/airflow/.local/lib/python3.12/site-packages/airflow/example_dags/example_display_name.py
[2026-01-08T02:04:10.237+0000] {logging_mixin.py:190} INFO - [2026-01-08T02:04:10.237+0000] {dag.py:3211} INFO - Sync 1 DAGs
[2026-01-08T02:04:10.248+0000] {logging_mixin.py:190} INFO - [2026-01-08T02:04:10.248+0000] {dag.py:4138} INFO - Setting next_dagrun for example_display_name to None, run_after=None
[2026-01-08T02:04:10.261+0000] {processor.py:208} INFO - Processing /home/airflow/.local/lib/python3.12/site-packages/airflow/example_dags/example_display_name.py took 0.054 seconds
[2026-01-08T02:04:41.346+0000] {processor.py:186} INFO - Started process (PID=2097) to work on /home/airflow/.local/lib/python3.12/site-packages/airflow/example_dags/example_display_name.py
[2026-01-08T02:04:41.348+0000] {processor.py:914} INFO - Processing file /home/airflow/.local/lib/python3.12/site-packages/airflow/example_dags/example_display_name.py for tasks to queue
[2026-01-08T02:04:41.350+0000] {logging_mixin.py:190} INFO - [2026-01-08T02:04:41.350+0000] {dagbag.py:587} INFO - Filling up the DagBag from /home/airflow/.local/lib/python3.12/site-packages/airflow/example_dags/example_display_name.py
[2026-01-08T02:04:41.356+0000] {processor.py:925} INFO - DAG(s) 'example_display_name' retrieved from /home/airflow/.local/lib/python3.12/site-packages/airflow/example_dags/example_display_name.py
[2026-01-08T02:04:41.372+0000] {logging_mixin.py:190} INFO - [2026-01-08T02:04:41.372+0000] {dag.py:3211} INFO - Sync 1 DAGs
[2026-01-08T02:04:41.382+0000] {logging_mixin.py:190} INFO - [2026-01-08T02:04:41.382+0000] {dag.py:4138} INFO - Setting next_dagrun for example_display_name to None, run_after=None
[2026-01-08T02:04:41.396+0000] {processor.py:208} INFO - Processing /home/airflow/.local/lib/python3.12/site-packages/airflow/example_dags/example_display_name.py took 0.055 seconds
[2026-01-08T02:05:12.741+0000] {processor.py:186} INFO - Started process (PID=2160) to work on /home/airflow/.local/lib/python3.12/site-packages/airflow/example_dags/example_display_name.py
[2026-01-08T02:05:12.742+0000] {processor.py:914} INFO - Processing file /home/airflow/.local/lib/python3.12/site-packages/airflow/example_dags/example_display_name.py for tasks to queue
[2026-01-08T02:05:12.744+0000] {logging_mixin.py:190} INFO - [2026-01-08T02:05:12.744+0000] {dagbag.py:587} INFO - Filling up the DagBag from /home/airflow/.local/lib/python3.12/site-packages/airflow/example_dags/example_display_name.py
[2026-01-08T02:05:12.750+0000] {processor.py:925} INFO - DAG(s) 'example_display_name' retrieved from /home/airflow/.local/lib/python3.12/site-packages/airflow/example_dags/example_display_name.py
[2026-01-08T02:05:12.765+0000] {logging_mixin.py:190} INFO - [2026-01-08T02:05:12.765+0000] {dag.py:3211} INFO - Sync 1 DAGs
[2026-01-08T02:05:12.775+0000] {logging_mixin.py:190} INFO - [2026-01-08T02:05:12.775+0000] {dag.py:4138} INFO - Setting next_dagrun for example_display_name to None, run_after=None
[2026-01-08T02:05:12.793+0000] {processor.py:208} INFO - Processing /home/airflow/.local/lib/python3.12/site-packages/airflow/example_dags/example_display_name.py took 0.057 seconds
[2026-01-08T02:05:44.189+0000] {processor.py:186} INFO - Started process (PID=2223) to work on /home/airflow/.local/lib/python3.12/site-packages/airflow/example_dags/example_display_name.py
[2026-01-08T02:05:44.190+0000] {processor.py:914} INFO - Processing file /home/airflow/.local/lib/python3.12/site-packages/airflow/example_dags/example_display_name.py for tasks to queue
[2026-01-08T02:05:44.192+0000] {logging_mixin.py:190} INFO - [2026-01-08T02:05:44.192+0000] {dagbag.py:587} INFO - Filling up the DagBag from /home/airflow/.local/lib/python3.12/site-packages/airflow/example_dags/example_display_name.py
[2026-01-08T02:05:44.199+0000] {processor.py:925} INFO - DAG(s) 'example_display_name' retrieved from /home/airflow/.local/lib/python3.12/site-packages/airflow/example_dags/example_display_name.py
[2026-01-08T02:05:44.215+0000] {logging_mixin.py:190} INFO - [2026-01-08T02:05:44.215+0000] {dag.py:3211} INFO - Sync 1 DAGs
[2026-01-08T02:05:44.226+0000] {logging_mixin.py:190} INFO - [2026-01-08T02:05:44.226+0000] {dag.py:4138} INFO - Setting next_dagrun for example_display_name to None, run_after=None
[2026-01-08T02:05:44.243+0000] {processor.py:208} INFO - Processing /home/airflow/.local/lib/python3.12/site-packages/airflow/example_dags/example_display_name.py took 0.059 seconds
[2026-01-08T02:06:15.530+0000] {processor.py:186} INFO - Started process (PID=2286) to work on /home/airflow/.local/lib/python3.12/site-packages/airflow/example_dags/example_display_name.py
[2026-01-08T02:06:15.532+0000] {processor.py:914} INFO - Processing file /home/airflow/.local/lib/python3.12/site-packages/airflow/example_dags/example_display_name.py for tasks to queue
[2026-01-08T02:06:15.534+0000] {logging_mixin.py:190} INFO - [2026-01-08T02:06:15.534+0000] {dagbag.py:587} INFO - Filling up the DagBag from /home/airflow/.local/lib/python3.12/site-packages/airflow/example_dags/example_display_name.py
[2026-01-08T02:06:15.541+0000] {processor.py:925} INFO - DAG(s) 'example_display_name' retrieved from /home/airflow/.local/lib/python3.12/site-packages/airflow/example_dags/example_display_name.py
[2026-01-08T02:06:15.556+0000] {logging_mixin.py:190} INFO - [2026-01-08T02:06:15.556+0000] {dag.py:3211} INFO - Sync 1 DAGs
[2026-01-08T02:06:15.567+0000] {logging_mixin.py:190} INFO - [2026-01-08T02:06:15.566+0000] {dag.py:4138} INFO - Setting next_dagrun for example_display_name to None, run_after=None
[2026-01-08T02:06:15.583+0000] {processor.py:208} INFO - Processing /home/airflow/.local/lib/python3.12/site-packages/airflow/example_dags/example_display_name.py took 0.058 seconds
[2026-01-08T02:06:45.958+0000] {processor.py:186} INFO - Started process (PID=2349) to work on /home/airflow/.local/lib/python3.12/site-packages/airflow/example_dags/example_display_name.py
[2026-01-08T02:06:45.959+0000] {processor.py:914} INFO - Processing file /home/airflow/.local/lib/python3.12/site-packages/airflow/example_dags/example_display_name.py for tasks to queue
[2026-01-08T02:06:45.961+0000] {logging_mixin.py:190} INFO - [2026-01-08T02:06:45.961+0000] {dagbag.py:587} INFO - Filling up the DagBag from /home/airflow/.local/lib/python3.12/site-packages/airflow/example_dags/example_display_name.py
[2026-01-08T02:06:45.969+0000] {processor.py:925} INFO - DAG(s) 'example_display_name' retrieved from /home/airflow/.local/lib/python3.12/site-packages/airflow/example_dags/example_display_name.py
[2026-01-08T02:06:45.992+0000] {logging_mixin.py:190} INFO - [2026-01-08T02:06:45.992+0000] {dag.py:3211} INFO - Sync 1 DAGs
[2026-01-08T02:06:46.004+0000] {logging_mixin.py:190} INFO - [2026-01-08T02:06:46.003+0000] {dag.py:4138} INFO - Setting next_dagrun for example_display_name to None, run_after=None
[2026-01-08T02:06:46.022+0000] {processor.py:208} INFO - Processing /home/airflow/.local/lib/python3.12/site-packages/airflow/example_dags/example_display_name.py took 0.070 seconds
[2026-01-08T02:07:16.315+0000] {processor.py:186} INFO - Started process (PID=2412) to work on /home/airflow/.local/lib/python3.12/site-packages/airflow/example_dags/example_display_name.py
[2026-01-08T02:07:16.316+0000] {processor.py:914} INFO - Processing file /home/airflow/.local/lib/python3.12/site-packages/airflow/example_dags/example_display_name.py for tasks to queue
[2026-01-08T02:07:16.318+0000] {logging_mixin.py:190} INFO - [2026-01-08T02:07:16.318+0000] {dagbag.py:587} INFO - Filling up the DagBag from /home/airflow/.local/lib/python3.12/site-packages/airflow/example_dags/example_display_name.py
[2026-01-08T02:07:16.324+0000] {processor.py:925} INFO - DAG(s) 'example_display_name' retrieved from /home/airflow/.local/lib/python3.12/site-packages/airflow/example_dags/example_display_name.py
[2026-01-08T02:07:16.339+0000] {logging_mixin.py:190} INFO - [2026-01-08T02:07:16.339+0000] {dag.py:3211} INFO - Sync 1 DAGs
[2026-01-08T02:07:16.348+0000] {logging_mixin.py:190} INFO - [2026-01-08T02:07:16.348+0000] {dag.py:4138} INFO - Setting next_dagrun for example_display_name to None, run_after=None
[2026-01-08T02:07:16.363+0000] {processor.py:208} INFO - Processing /home/airflow/.local/lib/python3.12/site-packages/airflow/example_dags/example_display_name.py took 0.053 seconds
[2026-01-08T02:07:46.713+0000] {processor.py:186} INFO - Started process (PID=2475) to work on /home/airflow/.local/lib/python3.12/site-packages/airflow/example_dags/example_display_name.py
[2026-01-08T02:07:46.715+0000] {processor.py:914} INFO - Processing file /home/airflow/.local/lib/python3.12/site-packages/airflow/example_dags/example_display_name.py for tasks to queue
[2026-01-08T02:07:46.717+0000] {logging_mixin.py:190} INFO - [2026-01-08T02:07:46.717+0000] {dagbag.py:587} INFO - Filling up the DagBag from /home/airflow/.local/lib/python3.12/site-packages/airflow/example_dags/example_display_name.py
[2026-01-08T02:07:46.724+0000] {processor.py:925} INFO - DAG(s) 'example_display_name' retrieved from /home/airflow/.local/lib/python3.12/site-packages/airflow/example_dags/example_display_name.py
[2026-01-08T02:07:46.741+0000] {logging_mixin.py:190} INFO - [2026-01-08T02:07:46.741+0000] {dag.py:3211} INFO - Sync 1 DAGs
[2026-01-08T02:07:46.751+0000] {logging_mixin.py:190} INFO - [2026-01-08T02:07:46.751+0000] {dag.py:4138} INFO - Setting next_dagrun for example_display_name to None, run_after=None
[2026-01-08T02:07:46.763+0000] {processor.py:208} INFO - Processing /home/airflow/.local/lib/python3.12/site-packages/airflow/example_dags/example_display_name.py took 0.055 seconds
[2026-01-08T02:08:16.944+0000] {processor.py:186} INFO - Started process (PID=2538) to work on /home/airflow/.local/lib/python3.12/site-packages/airflow/example_dags/example_display_name.py
[2026-01-08T02:08:16.945+0000] {processor.py:914} INFO - Processing file /home/airflow/.local/lib/python3.12/site-packages/airflow/example_dags/example_display_name.py for tasks to queue
[2026-01-08T02:08:16.949+0000] {logging_mixin.py:190} INFO - [2026-01-08T02:08:16.948+0000] {dagbag.py:587} INFO - Filling up the DagBag from /home/airflow/.local/lib/python3.12/site-packages/airflow/example_dags/example_display_name.py
[2026-01-08T02:08:16.955+0000] {processor.py:925} INFO - DAG(s) 'example_display_name' retrieved from /home/airflow/.local/lib/python3.12/site-packages/airflow/example_dags/example_display_name.py
[2026-01-08T02:08:16.973+0000] {logging_mixin.py:190} INFO - [2026-01-08T02:08:16.973+0000] {dag.py:3211} INFO - Sync 1 DAGs
[2026-01-08T02:08:16.983+0000] {logging_mixin.py:190} INFO - [2026-01-08T02:08:16.983+0000] {dag.py:4138} INFO - Setting next_dagrun for example_display_name to None, run_after=None
[2026-01-08T02:08:16.997+0000] {processor.py:208} INFO - Processing /home/airflow/.local/lib/python3.12/site-packages/airflow/example_dags/example_display_name.py took 0.058 seconds
[2026-01-08T02:08:48.107+0000] {processor.py:186} INFO - Started process (PID=2601) to work on /home/airflow/.local/lib/python3.12/site-packages/airflow/example_dags/example_display_name.py
[2026-01-08T02:08:48.109+0000] {processor.py:914} INFO - Processing file /home/airflow/.local/lib/python3.12/site-packages/airflow/example_dags/example_display_name.py for tasks to queue
[2026-01-08T02:08:48.111+0000] {logging_mixin.py:190} INFO - [2026-01-08T02:08:48.111+0000] {dagbag.py:587} INFO - Filling up the DagBag from /home/airflow/.local/lib/python3.12/site-packages/airflow/example_dags/example_display_name.py
[2026-01-08T02:08:48.117+0000] {processor.py:925} INFO - DAG(s) 'example_display_name' retrieved from /home/airflow/.local/lib/python3.12/site-packages/airflow/example_dags/example_display_name.py
[2026-01-08T02:08:48.134+0000] {logging_mixin.py:190} INFO - [2026-01-08T02:08:48.134+0000] {dag.py:3211} INFO - Sync 1 DAGs
[2026-01-08T02:08:48.145+0000] {logging_mixin.py:190} INFO - [2026-01-08T02:08:48.144+0000] {dag.py:4138} INFO - Setting next_dagrun for example_display_name to None, run_after=None
[2026-01-08T02:08:48.160+0000] {processor.py:208} INFO - Processing /home/airflow/.local/lib/python3.12/site-packages/airflow/example_dags/example_display_name.py took 0.057 seconds
[2026-01-08T02:09:18.642+0000] {processor.py:186} INFO - Started process (PID=2664) to work on /home/airflow/.local/lib/python3.12/site-packages/airflow/example_dags/example_display_name.py
[2026-01-08T02:09:18.643+0000] {processor.py:914} INFO - Processing file /home/airflow/.local/lib/python3.12/site-packages/airflow/example_dags/example_display_name.py for tasks to queue
[2026-01-08T02:09:18.646+0000] {logging_mixin.py:190} INFO - [2026-01-08T02:09:18.646+0000] {dagbag.py:587} INFO - Filling up the DagBag from /home/airflow/.local/lib/python3.12/site-packages/airflow/example_dags/example_display_name.py
[2026-01-08T02:09:18.655+0000] {processor.py:925} INFO - DAG(s) 'example_display_name' retrieved from /home/airflow/.local/lib/python3.12/site-packages/airflow/example_dags/example_display_name.py
[2026-01-08T02:09:18.674+0000] {logging_mixin.py:190} INFO - [2026-01-08T02:09:18.674+0000] {dag.py:3211} INFO - Sync 1 DAGs
[2026-01-08T02:09:18.687+0000] {logging_mixin.py:190} INFO - [2026-01-08T02:09:18.686+0000] {dag.py:4138} INFO - Setting next_dagrun for example_display_name to None, run_after=None
[2026-01-08T02:09:18.704+0000] {processor.py:208} INFO - Processing /home/airflow/.local/lib/python3.12/site-packages/airflow/example_dags/example_display_name.py took 0.069 seconds
[2026-01-08T02:09:48.941+0000] {processor.py:186} INFO - Started process (PID=2727) to work on /home/airflow/.local/lib/python3.12/site-packages/airflow/example_dags/example_display_name.py
[2026-01-08T02:09:48.942+0000] {processor.py:914} INFO - Processing file /home/airflow/.local/lib/python3.12/site-packages/airflow/example_dags/example_display_name.py for tasks to queue
[2026-01-08T02:09:48.944+0000] {logging_mixin.py:190} INFO - [2026-01-08T02:09:48.944+0000] {dagbag.py:587} INFO - Filling up the DagBag from /home/airflow/.local/lib/python3.12/site-packages/airflow/example_dags/example_display_name.py
[2026-01-08T02:09:48.951+0000] {processor.py:925} INFO - DAG(s) 'example_display_name' retrieved from /home/airflow/.local/lib/python3.12/site-packages/airflow/example_dags/example_display_name.py
[2026-01-08T02:09:48.967+0000] {logging_mixin.py:190} INFO - [2026-01-08T02:09:48.967+0000] {dag.py:3211} INFO - Sync 1 DAGs
[2026-01-08T02:09:48.978+0000] {logging_mixin.py:190} INFO - [2026-01-08T02:09:48.978+0000] {dag.py:4138} INFO - Setting next_dagrun for example_display_name to None, run_after=None
[2026-01-08T02:09:48.995+0000] {processor.py:208} INFO - Processing /home/airflow/.local/lib/python3.12/site-packages/airflow/example_dags/example_display_name.py took 0.059 seconds
[2026-01-08T02:10:19.350+0000] {processor.py:186} INFO - Started process (PID=2790) to work on /home/airflow/.local/lib/python3.12/site-packages/airflow/example_dags/example_display_name.py
[2026-01-08T02:10:19.351+0000] {processor.py:914} INFO - Processing file /home/airflow/.local/lib/python3.12/site-packages/airflow/example_dags/example_display_name.py for tasks to queue
[2026-01-08T02:10:19.354+0000] {logging_mixin.py:190} INFO - [2026-01-08T02:10:19.354+0000] {dagbag.py:587} INFO - Filling up the DagBag from /home/airflow/.local/lib/python3.12/site-packages/airflow/example_dags/example_display_name.py
[2026-01-08T02:10:19.361+0000] {processor.py:925} INFO - DAG(s) 'example_display_name' retrieved from /home/airflow/.local/lib/python3.12/site-packages/airflow/example_dags/example_display_name.py
[2026-01-08T02:10:19.378+0000] {logging_mixin.py:190} INFO - [2026-01-08T02:10:19.378+0000] {dag.py:3211} INFO - Sync 1 DAGs
[2026-01-08T02:10:19.388+0000] {logging_mixin.py:190} INFO - [2026-01-08T02:10:19.388+0000] {dag.py:4138} INFO - Setting next_dagrun for example_display_name to None, run_after=None
[2026-01-08T02:10:19.405+0000] {processor.py:208} INFO - Processing /home/airflow/.local/lib/python3.12/site-packages/airflow/example_dags/example_display_name.py took 0.060 seconds
[2026-01-08T02:10:49.971+0000] {processor.py:186} INFO - Started process (PID=2852) to work on /home/airflow/.local/lib/python3.12/site-packages/airflow/example_dags/example_display_name.py
[2026-01-08T02:10:49.973+0000] {processor.py:914} INFO - Processing file /home/airflow/.local/lib/python3.12/site-packages/airflow/example_dags/example_display_name.py for tasks to queue
[2026-01-08T02:10:49.975+0000] {logging_mixin.py:190} INFO - [2026-01-08T02:10:49.975+0000] {dagbag.py:587} INFO - Filling up the DagBag from /home/airflow/.local/lib/python3.12/site-packages/airflow/example_dags/example_display_name.py
[2026-01-08T02:10:49.981+0000] {processor.py:925} INFO - DAG(s) 'example_display_name' retrieved from /home/airflow/.local/lib/python3.12/site-packages/airflow/example_dags/example_display_name.py
[2026-01-08T02:10:49.997+0000] {logging_mixin.py:190} INFO - [2026-01-08T02:10:49.997+0000] {dag.py:3211} INFO - Sync 1 DAGs
[2026-01-08T02:10:50.008+0000] {logging_mixin.py:190} INFO - [2026-01-08T02:10:50.007+0000] {dag.py:4138} INFO - Setting next_dagrun for example_display_name to None, run_after=None
[2026-01-08T02:10:50.025+0000] {processor.py:208} INFO - Processing /home/airflow/.local/lib/python3.12/site-packages/airflow/example_dags/example_display_name.py took 0.058 seconds
[2026-01-08T02:11:21.452+0000] {processor.py:186} INFO - Started process (PID=2915) to work on /home/airflow/.local/lib/python3.12/site-packages/airflow/example_dags/example_display_name.py
[2026-01-08T02:11:21.453+0000] {processor.py:914} INFO - Processing file /home/airflow/.local/lib/python3.12/site-packages/airflow/example_dags/example_display_name.py for tasks to queue
[2026-01-08T02:11:21.456+0000] {logging_mixin.py:190} INFO - [2026-01-08T02:11:21.455+0000] {dagbag.py:587} INFO - Filling up the DagBag from /home/airflow/.local/lib/python3.12/site-packages/airflow/example_dags/example_display_name.py
[2026-01-08T02:11:21.461+0000] {processor.py:925} INFO - DAG(s) 'example_display_name' retrieved from /home/airflow/.local/lib/python3.12/site-packages/airflow/example_dags/example_display_name.py
[2026-01-08T02:11:21.478+0000] {logging_mixin.py:190} INFO - [2026-01-08T02:11:21.478+0000] {dag.py:3211} INFO - Sync 1 DAGs
[2026-01-08T02:11:21.488+0000] {logging_mixin.py:190} INFO - [2026-01-08T02:11:21.488+0000] {dag.py:4138} INFO - Setting next_dagrun for example_display_name to None, run_after=None
[2026-01-08T02:11:21.506+0000] {processor.py:208} INFO - Processing /home/airflow/.local/lib/python3.12/site-packages/airflow/example_dags/example_display_name.py took 0.058 seconds
[2026-01-08T02:11:52.197+0000] {processor.py:186} INFO - Started process (PID=2978) to work on /home/airflow/.local/lib/python3.12/site-packages/airflow/example_dags/example_display_name.py
[2026-01-08T02:11:52.198+0000] {processor.py:914} INFO - Processing file /home/airflow/.local/lib/python3.12/site-packages/airflow/example_dags/example_display_name.py for tasks to queue
[2026-01-08T02:11:52.200+0000] {logging_mixin.py:190} INFO - [2026-01-08T02:11:52.200+0000] {dagbag.py:587} INFO - Filling up the DagBag from /home/airflow/.local/lib/python3.12/site-packages/airflow/example_dags/example_display_name.py
[2026-01-08T02:11:52.206+0000] {processor.py:925} INFO - DAG(s) 'example_display_name' retrieved from /home/airflow/.local/lib/python3.12/site-packages/airflow/example_dags/example_display_name.py
[2026-01-08T02:11:52.222+0000] {logging_mixin.py:190} INFO - [2026-01-08T02:11:52.222+0000] {dag.py:3211} INFO - Sync 1 DAGs
[2026-01-08T02:11:52.232+0000] {logging_mixin.py:190} INFO - [2026-01-08T02:11:52.232+0000] {dag.py:4138} INFO - Setting next_dagrun for example_display_name to None, run_after=None
[2026-01-08T02:11:52.369+0000] {processor.py:208} INFO - Processing /home/airflow/.local/lib/python3.12/site-packages/airflow/example_dags/example_display_name.py took 0.177 seconds
[2026-01-08T02:12:22.686+0000] {processor.py:186} INFO - Started process (PID=3042) to work on /home/airflow/.local/lib/python3.12/site-packages/airflow/example_dags/example_display_name.py
[2026-01-08T02:12:22.688+0000] {processor.py:914} INFO - Processing file /home/airflow/.local/lib/python3.12/site-packages/airflow/example_dags/example_display_name.py for tasks to queue
[2026-01-08T02:12:22.691+0000] {logging_mixin.py:190} INFO - [2026-01-08T02:12:22.690+0000] {dagbag.py:587} INFO - Filling up the DagBag from /home/airflow/.local/lib/python3.12/site-packages/airflow/example_dags/example_display_name.py
[2026-01-08T02:12:22.697+0000] {processor.py:925} INFO - DAG(s) 'example_display_name' retrieved from /home/airflow/.local/lib/python3.12/site-packages/airflow/example_dags/example_display_name.py
[2026-01-08T02:12:22.713+0000] {logging_mixin.py:190} INFO - [2026-01-08T02:12:22.712+0000] {dag.py:3211} INFO - Sync 1 DAGs
[2026-01-08T02:12:22.723+0000] {logging_mixin.py:190} INFO - [2026-01-08T02:12:22.723+0000] {dag.py:4138} INFO - Setting next_dagrun for example_display_name to None, run_after=None
[2026-01-08T02:12:22.737+0000] {processor.py:208} INFO - Processing /home/airflow/.local/lib/python3.12/site-packages/airflow/example_dags/example_display_name.py took 0.055 seconds
[2026-01-08T02:12:53.401+0000] {processor.py:186} INFO - Started process (PID=3105) to work on /home/airflow/.local/lib/python3.12/site-packages/airflow/example_dags/example_display_name.py
[2026-01-08T02:12:53.402+0000] {processor.py:914} INFO - Processing file /home/airflow/.local/lib/python3.12/site-packages/airflow/example_dags/example_display_name.py for tasks to queue
[2026-01-08T02:12:53.404+0000] {logging_mixin.py:190} INFO - [2026-01-08T02:12:53.404+0000] {dagbag.py:587} INFO - Filling up the DagBag from /home/airflow/.local/lib/python3.12/site-packages/airflow/example_dags/example_display_name.py
[2026-01-08T02:12:53.410+0000] {processor.py:925} INFO - DAG(s) 'example_display_name' retrieved from /home/airflow/.local/lib/python3.12/site-packages/airflow/example_dags/example_display_name.py
[2026-01-08T02:12:53.427+0000] {logging_mixin.py:190} INFO - [2026-01-08T02:12:53.426+0000] {dag.py:3211} INFO - Sync 1 DAGs
[2026-01-08T02:12:53.437+0000] {logging_mixin.py:190} INFO - [2026-01-08T02:12:53.437+0000] {dag.py:4138} INFO - Setting next_dagrun for example_display_name to None, run_after=None
[2026-01-08T02:12:53.453+0000] {processor.py:208} INFO - Processing /home/airflow/.local/lib/python3.12/site-packages/airflow/example_dags/example_display_name.py took 0.057 seconds
[2026-01-08T02:13:24.459+0000] {processor.py:186} INFO - Started process (PID=3168) to work on /home/airflow/.local/lib/python3.12/site-packages/airflow/example_dags/example_display_name.py
[2026-01-08T02:13:24.461+0000] {processor.py:914} INFO - Processing file /home/airflow/.local/lib/python3.12/site-packages/airflow/example_dags/example_display_name.py for tasks to queue
[2026-01-08T02:13:24.463+0000] {logging_mixin.py:190} INFO - [2026-01-08T02:13:24.463+0000] {dagbag.py:587} INFO - Filling up the DagBag from /home/airflow/.local/lib/python3.12/site-packages/airflow/example_dags/example_display_name.py
[2026-01-08T02:13:24.469+0000] {processor.py:925} INFO - DAG(s) 'example_display_name' retrieved from /home/airflow/.local/lib/python3.12/site-packages/airflow/example_dags/example_display_name.py
[2026-01-08T02:13:24.486+0000] {logging_mixin.py:190} INFO - [2026-01-08T02:13:24.486+0000] {dag.py:3211} INFO - Sync 1 DAGs
[2026-01-08T02:13:24.496+0000] {logging_mixin.py:190} INFO - [2026-01-08T02:13:24.496+0000] {dag.py:4138} INFO - Setting next_dagrun for example_display_name to None, run_after=None
[2026-01-08T02:13:24.513+0000] {processor.py:208} INFO - Processing /home/airflow/.local/lib/python3.12/site-packages/airflow/example_dags/example_display_name.py took 0.058 seconds
[2026-01-08T02:13:56.093+0000] {processor.py:186} INFO - Started process (PID=3231) to work on /home/airflow/.local/lib/python3.12/site-packages/airflow/example_dags/example_display_name.py
[2026-01-08T02:13:56.094+0000] {processor.py:914} INFO - Processing file /home/airflow/.local/lib/python3.12/site-packages/airflow/example_dags/example_display_name.py for tasks to queue
[2026-01-08T02:13:56.097+0000] {logging_mixin.py:190} INFO - [2026-01-08T02:13:56.096+0000] {dagbag.py:587} INFO - Filling up the DagBag from /home/airflow/.local/lib/python3.12/site-packages/airflow/example_dags/example_display_name.py
[2026-01-08T02:13:56.103+0000] {processor.py:925} INFO - DAG(s) 'example_display_name' retrieved from /home/airflow/.local/lib/python3.12/site-packages/airflow/example_dags/example_display_name.py
[2026-01-08T02:13:56.118+0000] {logging_mixin.py:190} INFO - [2026-01-08T02:13:56.118+0000] {dag.py:3211} INFO - Sync 1 DAGs
[2026-01-08T02:13:56.238+0000] {logging_mixin.py:190} INFO - [2026-01-08T02:13:56.238+0000] {dag.py:4138} INFO - Setting next_dagrun for example_display_name to None, run_after=None
[2026-01-08T02:13:56.254+0000] {processor.py:208} INFO - Processing /home/airflow/.local/lib/python3.12/site-packages/airflow/example_dags/example_display_name.py took 0.166 seconds
