[2026-01-08T01:48:19.768+0000] {processor.py:186} INFO - Started process (PID=66) to work on /home/airflow/.local/lib/python3.12/site-packages/airflow/example_dags/example_local_kubernetes_executor.py
[2026-01-08T01:48:19.769+0000] {processor.py:914} INFO - Processing file /home/airflow/.local/lib/python3.12/site-packages/airflow/example_dags/example_local_kubernetes_executor.py for tasks to queue
[2026-01-08T01:48:19.771+0000] {logging_mixin.py:190} INFO - [2026-01-08T01:48:19.771+0000] {dagbag.py:587} INFO - Filling up the DagBag from /home/airflow/.local/lib/python3.12/site-packages/airflow/example_dags/example_local_kubernetes_executor.py
[2026-01-08T01:48:19.780+0000] {processor.py:925} INFO - DAG(s) 'example_local_kubernetes_executor' retrieved from /home/airflow/.local/lib/python3.12/site-packages/airflow/example_dags/example_local_kubernetes_executor.py
[2026-01-08T01:48:19.879+0000] {logging_mixin.py:190} INFO - [2026-01-08T01:48:19.878+0000] {override.py:1858} INFO - Created Permission View: can edit on DAG:example_local_kubernetes_executor
[2026-01-08T01:48:19.889+0000] {logging_mixin.py:190} INFO - [2026-01-08T01:48:19.888+0000] {override.py:1858} INFO - Created Permission View: can read on DAG:example_local_kubernetes_executor
[2026-01-08T01:48:19.895+0000] {logging_mixin.py:190} INFO - [2026-01-08T01:48:19.895+0000] {override.py:1858} INFO - Created Permission View: can delete on DAG:example_local_kubernetes_executor
[2026-01-08T01:48:19.896+0000] {logging_mixin.py:190} INFO - [2026-01-08T01:48:19.896+0000] {dag.py:3211} INFO - Sync 1 DAGs
[2026-01-08T01:48:19.908+0000] {logging_mixin.py:190} INFO - [2026-01-08T01:48:19.908+0000] {dag.py:3234} INFO - Creating ORM DAG for example_local_kubernetes_executor
[2026-01-08T01:48:19.909+0000] {logging_mixin.py:190} INFO - [2026-01-08T01:48:19.909+0000] {dag.py:4138} INFO - Setting next_dagrun for example_local_kubernetes_executor to None, run_after=None
[2026-01-08T01:48:19.924+0000] {processor.py:208} INFO - Processing /home/airflow/.local/lib/python3.12/site-packages/airflow/example_dags/example_local_kubernetes_executor.py took 0.161 seconds
[2026-01-08T01:48:50.776+0000] {processor.py:186} INFO - Started process (PID=128) to work on /home/airflow/.local/lib/python3.12/site-packages/airflow/example_dags/example_local_kubernetes_executor.py
[2026-01-08T01:48:50.778+0000] {processor.py:914} INFO - Processing file /home/airflow/.local/lib/python3.12/site-packages/airflow/example_dags/example_local_kubernetes_executor.py for tasks to queue
[2026-01-08T01:48:50.780+0000] {logging_mixin.py:190} INFO - [2026-01-08T01:48:50.780+0000] {dagbag.py:587} INFO - Filling up the DagBag from /home/airflow/.local/lib/python3.12/site-packages/airflow/example_dags/example_local_kubernetes_executor.py
[2026-01-08T01:48:50.787+0000] {processor.py:925} INFO - DAG(s) 'example_local_kubernetes_executor' retrieved from /home/airflow/.local/lib/python3.12/site-packages/airflow/example_dags/example_local_kubernetes_executor.py
[2026-01-08T01:48:50.814+0000] {logging_mixin.py:190} INFO - [2026-01-08T01:48:50.814+0000] {dag.py:3211} INFO - Sync 1 DAGs
[2026-01-08T01:48:50.825+0000] {logging_mixin.py:190} INFO - [2026-01-08T01:48:50.825+0000] {dag.py:4138} INFO - Setting next_dagrun for example_local_kubernetes_executor to None, run_after=None
[2026-01-08T01:48:50.847+0000] {processor.py:208} INFO - Processing /home/airflow/.local/lib/python3.12/site-packages/airflow/example_dags/example_local_kubernetes_executor.py took 0.075 seconds
[2026-01-08T01:49:21.259+0000] {processor.py:186} INFO - Started process (PID=190) to work on /home/airflow/.local/lib/python3.12/site-packages/airflow/example_dags/example_local_kubernetes_executor.py
[2026-01-08T01:49:21.260+0000] {processor.py:914} INFO - Processing file /home/airflow/.local/lib/python3.12/site-packages/airflow/example_dags/example_local_kubernetes_executor.py for tasks to queue
[2026-01-08T01:49:21.263+0000] {logging_mixin.py:190} INFO - [2026-01-08T01:49:21.262+0000] {dagbag.py:587} INFO - Filling up the DagBag from /home/airflow/.local/lib/python3.12/site-packages/airflow/example_dags/example_local_kubernetes_executor.py
[2026-01-08T01:49:21.273+0000] {processor.py:925} INFO - DAG(s) 'example_local_kubernetes_executor' retrieved from /home/airflow/.local/lib/python3.12/site-packages/airflow/example_dags/example_local_kubernetes_executor.py
[2026-01-08T01:49:21.304+0000] {logging_mixin.py:190} INFO - [2026-01-08T01:49:21.303+0000] {dag.py:3211} INFO - Sync 1 DAGs
[2026-01-08T01:49:21.315+0000] {logging_mixin.py:190} INFO - [2026-01-08T01:49:21.315+0000] {dag.py:4138} INFO - Setting next_dagrun for example_local_kubernetes_executor to None, run_after=None
[2026-01-08T01:49:21.331+0000] {processor.py:208} INFO - Processing /home/airflow/.local/lib/python3.12/site-packages/airflow/example_dags/example_local_kubernetes_executor.py took 0.078 seconds
[2026-01-08T01:49:51.742+0000] {processor.py:186} INFO - Started process (PID=252) to work on /home/airflow/.local/lib/python3.12/site-packages/airflow/example_dags/example_local_kubernetes_executor.py
[2026-01-08T01:49:51.744+0000] {processor.py:914} INFO - Processing file /home/airflow/.local/lib/python3.12/site-packages/airflow/example_dags/example_local_kubernetes_executor.py for tasks to queue
[2026-01-08T01:49:51.746+0000] {logging_mixin.py:190} INFO - [2026-01-08T01:49:51.746+0000] {dagbag.py:587} INFO - Filling up the DagBag from /home/airflow/.local/lib/python3.12/site-packages/airflow/example_dags/example_local_kubernetes_executor.py
[2026-01-08T01:49:51.753+0000] {processor.py:925} INFO - DAG(s) 'example_local_kubernetes_executor' retrieved from /home/airflow/.local/lib/python3.12/site-packages/airflow/example_dags/example_local_kubernetes_executor.py
[2026-01-08T01:49:51.781+0000] {logging_mixin.py:190} INFO - [2026-01-08T01:49:51.781+0000] {dag.py:3211} INFO - Sync 1 DAGs
[2026-01-08T01:49:51.791+0000] {logging_mixin.py:190} INFO - [2026-01-08T01:49:51.790+0000] {dag.py:4138} INFO - Setting next_dagrun for example_local_kubernetes_executor to None, run_after=None
[2026-01-08T01:49:51.805+0000] {processor.py:208} INFO - Processing /home/airflow/.local/lib/python3.12/site-packages/airflow/example_dags/example_local_kubernetes_executor.py took 0.068 seconds
[2026-01-08T01:50:22.225+0000] {processor.py:186} INFO - Started process (PID=314) to work on /home/airflow/.local/lib/python3.12/site-packages/airflow/example_dags/example_local_kubernetes_executor.py
[2026-01-08T01:50:22.226+0000] {processor.py:914} INFO - Processing file /home/airflow/.local/lib/python3.12/site-packages/airflow/example_dags/example_local_kubernetes_executor.py for tasks to queue
[2026-01-08T01:50:22.228+0000] {logging_mixin.py:190} INFO - [2026-01-08T01:50:22.228+0000] {dagbag.py:587} INFO - Filling up the DagBag from /home/airflow/.local/lib/python3.12/site-packages/airflow/example_dags/example_local_kubernetes_executor.py
[2026-01-08T01:50:22.235+0000] {processor.py:925} INFO - DAG(s) 'example_local_kubernetes_executor' retrieved from /home/airflow/.local/lib/python3.12/site-packages/airflow/example_dags/example_local_kubernetes_executor.py
[2026-01-08T01:50:22.261+0000] {logging_mixin.py:190} INFO - [2026-01-08T01:50:22.261+0000] {dag.py:3211} INFO - Sync 1 DAGs
[2026-01-08T01:50:22.272+0000] {logging_mixin.py:190} INFO - [2026-01-08T01:50:22.272+0000] {dag.py:4138} INFO - Setting next_dagrun for example_local_kubernetes_executor to None, run_after=None
[2026-01-08T01:50:22.294+0000] {processor.py:208} INFO - Processing /home/airflow/.local/lib/python3.12/site-packages/airflow/example_dags/example_local_kubernetes_executor.py took 0.074 seconds
[2026-01-08T01:50:52.638+0000] {processor.py:186} INFO - Started process (PID=376) to work on /home/airflow/.local/lib/python3.12/site-packages/airflow/example_dags/example_local_kubernetes_executor.py
[2026-01-08T01:50:52.639+0000] {processor.py:914} INFO - Processing file /home/airflow/.local/lib/python3.12/site-packages/airflow/example_dags/example_local_kubernetes_executor.py for tasks to queue
[2026-01-08T01:50:52.640+0000] {logging_mixin.py:190} INFO - [2026-01-08T01:50:52.640+0000] {dagbag.py:587} INFO - Filling up the DagBag from /home/airflow/.local/lib/python3.12/site-packages/airflow/example_dags/example_local_kubernetes_executor.py
[2026-01-08T01:50:52.647+0000] {processor.py:925} INFO - DAG(s) 'example_local_kubernetes_executor' retrieved from /home/airflow/.local/lib/python3.12/site-packages/airflow/example_dags/example_local_kubernetes_executor.py
[2026-01-08T01:50:52.672+0000] {logging_mixin.py:190} INFO - [2026-01-08T01:50:52.672+0000] {dag.py:3211} INFO - Sync 1 DAGs
[2026-01-08T01:50:52.683+0000] {logging_mixin.py:190} INFO - [2026-01-08T01:50:52.683+0000] {dag.py:4138} INFO - Setting next_dagrun for example_local_kubernetes_executor to None, run_after=None
[2026-01-08T01:50:52.708+0000] {processor.py:208} INFO - Processing /home/airflow/.local/lib/python3.12/site-packages/airflow/example_dags/example_local_kubernetes_executor.py took 0.075 seconds
[2026-01-08T01:51:23.183+0000] {processor.py:186} INFO - Started process (PID=438) to work on /home/airflow/.local/lib/python3.12/site-packages/airflow/example_dags/example_local_kubernetes_executor.py
[2026-01-08T01:51:23.184+0000] {processor.py:914} INFO - Processing file /home/airflow/.local/lib/python3.12/site-packages/airflow/example_dags/example_local_kubernetes_executor.py for tasks to queue
[2026-01-08T01:51:23.186+0000] {logging_mixin.py:190} INFO - [2026-01-08T01:51:23.186+0000] {dagbag.py:587} INFO - Filling up the DagBag from /home/airflow/.local/lib/python3.12/site-packages/airflow/example_dags/example_local_kubernetes_executor.py
[2026-01-08T01:51:23.193+0000] {processor.py:925} INFO - DAG(s) 'example_local_kubernetes_executor' retrieved from /home/airflow/.local/lib/python3.12/site-packages/airflow/example_dags/example_local_kubernetes_executor.py
[2026-01-08T01:51:23.219+0000] {logging_mixin.py:190} INFO - [2026-01-08T01:51:23.218+0000] {dag.py:3211} INFO - Sync 1 DAGs
[2026-01-08T01:51:23.229+0000] {logging_mixin.py:190} INFO - [2026-01-08T01:51:23.229+0000] {dag.py:4138} INFO - Setting next_dagrun for example_local_kubernetes_executor to None, run_after=None
[2026-01-08T01:51:23.253+0000] {processor.py:208} INFO - Processing /home/airflow/.local/lib/python3.12/site-packages/airflow/example_dags/example_local_kubernetes_executor.py took 0.074 seconds
[2026-01-08T01:51:53.807+0000] {processor.py:186} INFO - Started process (PID=500) to work on /home/airflow/.local/lib/python3.12/site-packages/airflow/example_dags/example_local_kubernetes_executor.py
[2026-01-08T01:51:53.808+0000] {processor.py:914} INFO - Processing file /home/airflow/.local/lib/python3.12/site-packages/airflow/example_dags/example_local_kubernetes_executor.py for tasks to queue
[2026-01-08T01:51:53.810+0000] {logging_mixin.py:190} INFO - [2026-01-08T01:51:53.810+0000] {dagbag.py:587} INFO - Filling up the DagBag from /home/airflow/.local/lib/python3.12/site-packages/airflow/example_dags/example_local_kubernetes_executor.py
[2026-01-08T01:51:53.818+0000] {processor.py:925} INFO - DAG(s) 'example_local_kubernetes_executor' retrieved from /home/airflow/.local/lib/python3.12/site-packages/airflow/example_dags/example_local_kubernetes_executor.py
[2026-01-08T01:51:53.845+0000] {logging_mixin.py:190} INFO - [2026-01-08T01:51:53.844+0000] {dag.py:3211} INFO - Sync 1 DAGs
[2026-01-08T01:51:53.855+0000] {logging_mixin.py:190} INFO - [2026-01-08T01:51:53.855+0000] {dag.py:4138} INFO - Setting next_dagrun for example_local_kubernetes_executor to None, run_after=None
[2026-01-08T01:51:53.870+0000] {processor.py:208} INFO - Processing /home/airflow/.local/lib/python3.12/site-packages/airflow/example_dags/example_local_kubernetes_executor.py took 0.068 seconds
[2026-01-08T01:52:24.473+0000] {processor.py:186} INFO - Started process (PID=563) to work on /home/airflow/.local/lib/python3.12/site-packages/airflow/example_dags/example_local_kubernetes_executor.py
[2026-01-08T01:52:24.474+0000] {processor.py:914} INFO - Processing file /home/airflow/.local/lib/python3.12/site-packages/airflow/example_dags/example_local_kubernetes_executor.py for tasks to queue
[2026-01-08T01:52:24.477+0000] {logging_mixin.py:190} INFO - [2026-01-08T01:52:24.476+0000] {dagbag.py:587} INFO - Filling up the DagBag from /home/airflow/.local/lib/python3.12/site-packages/airflow/example_dags/example_local_kubernetes_executor.py
[2026-01-08T01:52:24.484+0000] {processor.py:925} INFO - DAG(s) 'example_local_kubernetes_executor' retrieved from /home/airflow/.local/lib/python3.12/site-packages/airflow/example_dags/example_local_kubernetes_executor.py
[2026-01-08T01:52:24.512+0000] {logging_mixin.py:190} INFO - [2026-01-08T01:52:24.512+0000] {dag.py:3211} INFO - Sync 1 DAGs
[2026-01-08T01:52:24.524+0000] {logging_mixin.py:190} INFO - [2026-01-08T01:52:24.523+0000] {dag.py:4138} INFO - Setting next_dagrun for example_local_kubernetes_executor to None, run_after=None
[2026-01-08T01:52:24.548+0000] {processor.py:208} INFO - Processing /home/airflow/.local/lib/python3.12/site-packages/airflow/example_dags/example_local_kubernetes_executor.py took 0.081 seconds
[2026-01-08T01:52:54.755+0000] {processor.py:186} INFO - Started process (PID=631) to work on /home/airflow/.local/lib/python3.12/site-packages/airflow/example_dags/example_local_kubernetes_executor.py
[2026-01-08T01:52:54.756+0000] {processor.py:914} INFO - Processing file /home/airflow/.local/lib/python3.12/site-packages/airflow/example_dags/example_local_kubernetes_executor.py for tasks to queue
[2026-01-08T01:52:54.758+0000] {logging_mixin.py:190} INFO - [2026-01-08T01:52:54.758+0000] {dagbag.py:587} INFO - Filling up the DagBag from /home/airflow/.local/lib/python3.12/site-packages/airflow/example_dags/example_local_kubernetes_executor.py
[2026-01-08T01:52:54.766+0000] {processor.py:925} INFO - DAG(s) 'example_local_kubernetes_executor' retrieved from /home/airflow/.local/lib/python3.12/site-packages/airflow/example_dags/example_local_kubernetes_executor.py
[2026-01-08T01:52:54.792+0000] {logging_mixin.py:190} INFO - [2026-01-08T01:52:54.792+0000] {dag.py:3211} INFO - Sync 1 DAGs
[2026-01-08T01:52:54.802+0000] {logging_mixin.py:190} INFO - [2026-01-08T01:52:54.801+0000] {dag.py:4138} INFO - Setting next_dagrun for example_local_kubernetes_executor to None, run_after=None
[2026-01-08T01:52:54.818+0000] {processor.py:208} INFO - Processing /home/airflow/.local/lib/python3.12/site-packages/airflow/example_dags/example_local_kubernetes_executor.py took 0.068 seconds
[2026-01-08T01:53:25.113+0000] {processor.py:186} INFO - Started process (PID=693) to work on /home/airflow/.local/lib/python3.12/site-packages/airflow/example_dags/example_local_kubernetes_executor.py
[2026-01-08T01:53:25.115+0000] {processor.py:914} INFO - Processing file /home/airflow/.local/lib/python3.12/site-packages/airflow/example_dags/example_local_kubernetes_executor.py for tasks to queue
[2026-01-08T01:53:25.118+0000] {logging_mixin.py:190} INFO - [2026-01-08T01:53:25.117+0000] {dagbag.py:587} INFO - Filling up the DagBag from /home/airflow/.local/lib/python3.12/site-packages/airflow/example_dags/example_local_kubernetes_executor.py
[2026-01-08T01:53:25.126+0000] {processor.py:925} INFO - DAG(s) 'example_local_kubernetes_executor' retrieved from /home/airflow/.local/lib/python3.12/site-packages/airflow/example_dags/example_local_kubernetes_executor.py
[2026-01-08T01:53:25.157+0000] {logging_mixin.py:190} INFO - [2026-01-08T01:53:25.156+0000] {dag.py:3211} INFO - Sync 1 DAGs
[2026-01-08T01:53:25.169+0000] {logging_mixin.py:190} INFO - [2026-01-08T01:53:25.169+0000] {dag.py:4138} INFO - Setting next_dagrun for example_local_kubernetes_executor to None, run_after=None
[2026-01-08T01:53:25.186+0000] {processor.py:208} INFO - Processing /home/airflow/.local/lib/python3.12/site-packages/airflow/example_dags/example_local_kubernetes_executor.py took 0.078 seconds
[2026-01-08T01:53:55.773+0000] {processor.py:186} INFO - Started process (PID=755) to work on /home/airflow/.local/lib/python3.12/site-packages/airflow/example_dags/example_local_kubernetes_executor.py
[2026-01-08T01:53:55.774+0000] {processor.py:914} INFO - Processing file /home/airflow/.local/lib/python3.12/site-packages/airflow/example_dags/example_local_kubernetes_executor.py for tasks to queue
[2026-01-08T01:53:55.776+0000] {logging_mixin.py:190} INFO - [2026-01-08T01:53:55.776+0000] {dagbag.py:587} INFO - Filling up the DagBag from /home/airflow/.local/lib/python3.12/site-packages/airflow/example_dags/example_local_kubernetes_executor.py
[2026-01-08T01:53:55.784+0000] {processor.py:925} INFO - DAG(s) 'example_local_kubernetes_executor' retrieved from /home/airflow/.local/lib/python3.12/site-packages/airflow/example_dags/example_local_kubernetes_executor.py
[2026-01-08T01:53:55.809+0000] {logging_mixin.py:190} INFO - [2026-01-08T01:53:55.809+0000] {dag.py:3211} INFO - Sync 1 DAGs
[2026-01-08T01:53:55.820+0000] {logging_mixin.py:190} INFO - [2026-01-08T01:53:55.820+0000] {dag.py:4138} INFO - Setting next_dagrun for example_local_kubernetes_executor to None, run_after=None
[2026-01-08T01:53:55.845+0000] {processor.py:208} INFO - Processing /home/airflow/.local/lib/python3.12/site-packages/airflow/example_dags/example_local_kubernetes_executor.py took 0.076 seconds
[2026-01-08T01:54:26.188+0000] {processor.py:186} INFO - Started process (PID=817) to work on /home/airflow/.local/lib/python3.12/site-packages/airflow/example_dags/example_local_kubernetes_executor.py
[2026-01-08T01:54:26.190+0000] {processor.py:914} INFO - Processing file /home/airflow/.local/lib/python3.12/site-packages/airflow/example_dags/example_local_kubernetes_executor.py for tasks to queue
[2026-01-08T01:54:26.192+0000] {logging_mixin.py:190} INFO - [2026-01-08T01:54:26.192+0000] {dagbag.py:587} INFO - Filling up the DagBag from /home/airflow/.local/lib/python3.12/site-packages/airflow/example_dags/example_local_kubernetes_executor.py
[2026-01-08T01:54:26.200+0000] {processor.py:925} INFO - DAG(s) 'example_local_kubernetes_executor' retrieved from /home/airflow/.local/lib/python3.12/site-packages/airflow/example_dags/example_local_kubernetes_executor.py
[2026-01-08T01:54:26.227+0000] {logging_mixin.py:190} INFO - [2026-01-08T01:54:26.227+0000] {dag.py:3211} INFO - Sync 1 DAGs
[2026-01-08T01:54:26.238+0000] {logging_mixin.py:190} INFO - [2026-01-08T01:54:26.238+0000] {dag.py:4138} INFO - Setting next_dagrun for example_local_kubernetes_executor to None, run_after=None
[2026-01-08T01:54:26.255+0000] {processor.py:208} INFO - Processing /home/airflow/.local/lib/python3.12/site-packages/airflow/example_dags/example_local_kubernetes_executor.py took 0.072 seconds
[2026-01-08T01:54:56.898+0000] {processor.py:186} INFO - Started process (PID=879) to work on /home/airflow/.local/lib/python3.12/site-packages/airflow/example_dags/example_local_kubernetes_executor.py
[2026-01-08T01:54:56.899+0000] {processor.py:914} INFO - Processing file /home/airflow/.local/lib/python3.12/site-packages/airflow/example_dags/example_local_kubernetes_executor.py for tasks to queue
[2026-01-08T01:54:56.902+0000] {logging_mixin.py:190} INFO - [2026-01-08T01:54:56.902+0000] {dagbag.py:587} INFO - Filling up the DagBag from /home/airflow/.local/lib/python3.12/site-packages/airflow/example_dags/example_local_kubernetes_executor.py
[2026-01-08T01:54:56.909+0000] {processor.py:925} INFO - DAG(s) 'example_local_kubernetes_executor' retrieved from /home/airflow/.local/lib/python3.12/site-packages/airflow/example_dags/example_local_kubernetes_executor.py
[2026-01-08T01:54:56.936+0000] {logging_mixin.py:190} INFO - [2026-01-08T01:54:56.936+0000] {dag.py:3211} INFO - Sync 1 DAGs
[2026-01-08T01:54:56.947+0000] {logging_mixin.py:190} INFO - [2026-01-08T01:54:56.947+0000] {dag.py:4138} INFO - Setting next_dagrun for example_local_kubernetes_executor to None, run_after=None
[2026-01-08T01:54:56.965+0000] {processor.py:208} INFO - Processing /home/airflow/.local/lib/python3.12/site-packages/airflow/example_dags/example_local_kubernetes_executor.py took 0.071 seconds
[2026-01-08T01:55:27.176+0000] {processor.py:186} INFO - Started process (PID=941) to work on /home/airflow/.local/lib/python3.12/site-packages/airflow/example_dags/example_local_kubernetes_executor.py
[2026-01-08T01:55:27.177+0000] {processor.py:914} INFO - Processing file /home/airflow/.local/lib/python3.12/site-packages/airflow/example_dags/example_local_kubernetes_executor.py for tasks to queue
[2026-01-08T01:55:27.179+0000] {logging_mixin.py:190} INFO - [2026-01-08T01:55:27.179+0000] {dagbag.py:587} INFO - Filling up the DagBag from /home/airflow/.local/lib/python3.12/site-packages/airflow/example_dags/example_local_kubernetes_executor.py
[2026-01-08T01:55:27.187+0000] {processor.py:925} INFO - DAG(s) 'example_local_kubernetes_executor' retrieved from /home/airflow/.local/lib/python3.12/site-packages/airflow/example_dags/example_local_kubernetes_executor.py
[2026-01-08T01:55:27.211+0000] {logging_mixin.py:190} INFO - [2026-01-08T01:55:27.211+0000] {dag.py:3211} INFO - Sync 1 DAGs
[2026-01-08T01:55:27.221+0000] {logging_mixin.py:190} INFO - [2026-01-08T01:55:27.220+0000] {dag.py:4138} INFO - Setting next_dagrun for example_local_kubernetes_executor to None, run_after=None
[2026-01-08T01:55:27.238+0000] {processor.py:208} INFO - Processing /home/airflow/.local/lib/python3.12/site-packages/airflow/example_dags/example_local_kubernetes_executor.py took 0.066 seconds
[2026-01-08T01:55:57.953+0000] {processor.py:186} INFO - Started process (PID=1003) to work on /home/airflow/.local/lib/python3.12/site-packages/airflow/example_dags/example_local_kubernetes_executor.py
[2026-01-08T01:55:57.954+0000] {processor.py:914} INFO - Processing file /home/airflow/.local/lib/python3.12/site-packages/airflow/example_dags/example_local_kubernetes_executor.py for tasks to queue
[2026-01-08T01:55:57.956+0000] {logging_mixin.py:190} INFO - [2026-01-08T01:55:57.956+0000] {dagbag.py:587} INFO - Filling up the DagBag from /home/airflow/.local/lib/python3.12/site-packages/airflow/example_dags/example_local_kubernetes_executor.py
[2026-01-08T01:55:57.966+0000] {processor.py:925} INFO - DAG(s) 'example_local_kubernetes_executor' retrieved from /home/airflow/.local/lib/python3.12/site-packages/airflow/example_dags/example_local_kubernetes_executor.py
[2026-01-08T01:55:58.000+0000] {logging_mixin.py:190} INFO - [2026-01-08T01:55:58.000+0000] {dag.py:3211} INFO - Sync 1 DAGs
[2026-01-08T01:55:58.015+0000] {logging_mixin.py:190} INFO - [2026-01-08T01:55:58.014+0000] {dag.py:4138} INFO - Setting next_dagrun for example_local_kubernetes_executor to None, run_after=None
[2026-01-08T01:55:58.033+0000] {processor.py:208} INFO - Processing /home/airflow/.local/lib/python3.12/site-packages/airflow/example_dags/example_local_kubernetes_executor.py took 0.085 seconds
[2026-01-08T01:56:28.764+0000] {processor.py:186} INFO - Started process (PID=1065) to work on /home/airflow/.local/lib/python3.12/site-packages/airflow/example_dags/example_local_kubernetes_executor.py
[2026-01-08T01:56:28.765+0000] {processor.py:914} INFO - Processing file /home/airflow/.local/lib/python3.12/site-packages/airflow/example_dags/example_local_kubernetes_executor.py for tasks to queue
[2026-01-08T01:56:28.767+0000] {logging_mixin.py:190} INFO - [2026-01-08T01:56:28.767+0000] {dagbag.py:587} INFO - Filling up the DagBag from /home/airflow/.local/lib/python3.12/site-packages/airflow/example_dags/example_local_kubernetes_executor.py
[2026-01-08T01:56:28.774+0000] {processor.py:925} INFO - DAG(s) 'example_local_kubernetes_executor' retrieved from /home/airflow/.local/lib/python3.12/site-packages/airflow/example_dags/example_local_kubernetes_executor.py
[2026-01-08T01:56:28.800+0000] {logging_mixin.py:190} INFO - [2026-01-08T01:56:28.800+0000] {dag.py:3211} INFO - Sync 1 DAGs
[2026-01-08T01:56:28.811+0000] {logging_mixin.py:190} INFO - [2026-01-08T01:56:28.811+0000] {dag.py:4138} INFO - Setting next_dagrun for example_local_kubernetes_executor to None, run_after=None
[2026-01-08T01:56:28.827+0000] {processor.py:208} INFO - Processing /home/airflow/.local/lib/python3.12/site-packages/airflow/example_dags/example_local_kubernetes_executor.py took 0.067 seconds
[2026-01-08T01:56:59.094+0000] {processor.py:186} INFO - Started process (PID=1127) to work on /home/airflow/.local/lib/python3.12/site-packages/airflow/example_dags/example_local_kubernetes_executor.py
[2026-01-08T01:56:59.096+0000] {processor.py:914} INFO - Processing file /home/airflow/.local/lib/python3.12/site-packages/airflow/example_dags/example_local_kubernetes_executor.py for tasks to queue
[2026-01-08T01:56:59.098+0000] {logging_mixin.py:190} INFO - [2026-01-08T01:56:59.097+0000] {dagbag.py:587} INFO - Filling up the DagBag from /home/airflow/.local/lib/python3.12/site-packages/airflow/example_dags/example_local_kubernetes_executor.py
[2026-01-08T01:56:59.105+0000] {processor.py:925} INFO - DAG(s) 'example_local_kubernetes_executor' retrieved from /home/airflow/.local/lib/python3.12/site-packages/airflow/example_dags/example_local_kubernetes_executor.py
[2026-01-08T01:56:59.136+0000] {logging_mixin.py:190} INFO - [2026-01-08T01:56:59.135+0000] {dag.py:3211} INFO - Sync 1 DAGs
[2026-01-08T01:56:59.147+0000] {logging_mixin.py:190} INFO - [2026-01-08T01:56:59.147+0000] {dag.py:4138} INFO - Setting next_dagrun for example_local_kubernetes_executor to None, run_after=None
[2026-01-08T01:56:59.163+0000] {processor.py:208} INFO - Processing /home/airflow/.local/lib/python3.12/site-packages/airflow/example_dags/example_local_kubernetes_executor.py took 0.073 seconds
[2026-01-08T01:57:29.330+0000] {processor.py:186} INFO - Started process (PID=1189) to work on /home/airflow/.local/lib/python3.12/site-packages/airflow/example_dags/example_local_kubernetes_executor.py
[2026-01-08T01:57:29.331+0000] {processor.py:914} INFO - Processing file /home/airflow/.local/lib/python3.12/site-packages/airflow/example_dags/example_local_kubernetes_executor.py for tasks to queue
[2026-01-08T01:57:29.333+0000] {logging_mixin.py:190} INFO - [2026-01-08T01:57:29.333+0000] {dagbag.py:587} INFO - Filling up the DagBag from /home/airflow/.local/lib/python3.12/site-packages/airflow/example_dags/example_local_kubernetes_executor.py
[2026-01-08T01:57:29.341+0000] {processor.py:925} INFO - DAG(s) 'example_local_kubernetes_executor' retrieved from /home/airflow/.local/lib/python3.12/site-packages/airflow/example_dags/example_local_kubernetes_executor.py
[2026-01-08T01:57:29.370+0000] {logging_mixin.py:190} INFO - [2026-01-08T01:57:29.370+0000] {dag.py:3211} INFO - Sync 1 DAGs
[2026-01-08T01:57:29.380+0000] {logging_mixin.py:190} INFO - [2026-01-08T01:57:29.379+0000] {dag.py:4138} INFO - Setting next_dagrun for example_local_kubernetes_executor to None, run_after=None
[2026-01-08T01:57:29.394+0000] {processor.py:208} INFO - Processing /home/airflow/.local/lib/python3.12/site-packages/airflow/example_dags/example_local_kubernetes_executor.py took 0.069 seconds
[2026-01-08T01:58:00.041+0000] {processor.py:186} INFO - Started process (PID=1251) to work on /home/airflow/.local/lib/python3.12/site-packages/airflow/example_dags/example_local_kubernetes_executor.py
[2026-01-08T01:58:00.042+0000] {processor.py:914} INFO - Processing file /home/airflow/.local/lib/python3.12/site-packages/airflow/example_dags/example_local_kubernetes_executor.py for tasks to queue
[2026-01-08T01:58:00.044+0000] {logging_mixin.py:190} INFO - [2026-01-08T01:58:00.044+0000] {dagbag.py:587} INFO - Filling up the DagBag from /home/airflow/.local/lib/python3.12/site-packages/airflow/example_dags/example_local_kubernetes_executor.py
[2026-01-08T01:58:00.052+0000] {processor.py:925} INFO - DAG(s) 'example_local_kubernetes_executor' retrieved from /home/airflow/.local/lib/python3.12/site-packages/airflow/example_dags/example_local_kubernetes_executor.py
[2026-01-08T01:58:00.079+0000] {logging_mixin.py:190} INFO - [2026-01-08T01:58:00.079+0000] {dag.py:3211} INFO - Sync 1 DAGs
[2026-01-08T01:58:00.089+0000] {logging_mixin.py:190} INFO - [2026-01-08T01:58:00.089+0000] {dag.py:4138} INFO - Setting next_dagrun for example_local_kubernetes_executor to None, run_after=None
[2026-01-08T01:58:00.105+0000] {processor.py:208} INFO - Processing /home/airflow/.local/lib/python3.12/site-packages/airflow/example_dags/example_local_kubernetes_executor.py took 0.069 seconds
[2026-01-08T01:58:30.642+0000] {processor.py:186} INFO - Started process (PID=1314) to work on /home/airflow/.local/lib/python3.12/site-packages/airflow/example_dags/example_local_kubernetes_executor.py
[2026-01-08T01:58:30.643+0000] {processor.py:914} INFO - Processing file /home/airflow/.local/lib/python3.12/site-packages/airflow/example_dags/example_local_kubernetes_executor.py for tasks to queue
[2026-01-08T01:58:30.646+0000] {logging_mixin.py:190} INFO - [2026-01-08T01:58:30.645+0000] {dagbag.py:587} INFO - Filling up the DagBag from /home/airflow/.local/lib/python3.12/site-packages/airflow/example_dags/example_local_kubernetes_executor.py
[2026-01-08T01:58:30.654+0000] {processor.py:925} INFO - DAG(s) 'example_local_kubernetes_executor' retrieved from /home/airflow/.local/lib/python3.12/site-packages/airflow/example_dags/example_local_kubernetes_executor.py
[2026-01-08T01:58:30.690+0000] {logging_mixin.py:190} INFO - [2026-01-08T01:58:30.690+0000] {dag.py:3211} INFO - Sync 1 DAGs
[2026-01-08T01:58:30.700+0000] {logging_mixin.py:190} INFO - [2026-01-08T01:58:30.700+0000] {dag.py:4138} INFO - Setting next_dagrun for example_local_kubernetes_executor to None, run_after=None
[2026-01-08T01:58:30.716+0000] {processor.py:208} INFO - Processing /home/airflow/.local/lib/python3.12/site-packages/airflow/example_dags/example_local_kubernetes_executor.py took 0.078 seconds
[2026-01-08T01:59:00.959+0000] {processor.py:186} INFO - Started process (PID=1377) to work on /home/airflow/.local/lib/python3.12/site-packages/airflow/example_dags/example_local_kubernetes_executor.py
[2026-01-08T01:59:00.961+0000] {processor.py:914} INFO - Processing file /home/airflow/.local/lib/python3.12/site-packages/airflow/example_dags/example_local_kubernetes_executor.py for tasks to queue
[2026-01-08T01:59:00.963+0000] {logging_mixin.py:190} INFO - [2026-01-08T01:59:00.962+0000] {dagbag.py:587} INFO - Filling up the DagBag from /home/airflow/.local/lib/python3.12/site-packages/airflow/example_dags/example_local_kubernetes_executor.py
[2026-01-08T01:59:00.970+0000] {processor.py:925} INFO - DAG(s) 'example_local_kubernetes_executor' retrieved from /home/airflow/.local/lib/python3.12/site-packages/airflow/example_dags/example_local_kubernetes_executor.py
[2026-01-08T01:59:00.997+0000] {logging_mixin.py:190} INFO - [2026-01-08T01:59:00.997+0000] {dag.py:3211} INFO - Sync 1 DAGs
[2026-01-08T01:59:01.007+0000] {logging_mixin.py:190} INFO - [2026-01-08T01:59:01.007+0000] {dag.py:4138} INFO - Setting next_dagrun for example_local_kubernetes_executor to None, run_after=None
[2026-01-08T01:59:01.021+0000] {processor.py:208} INFO - Processing /home/airflow/.local/lib/python3.12/site-packages/airflow/example_dags/example_local_kubernetes_executor.py took 0.067 seconds
[2026-01-08T01:59:31.317+0000] {processor.py:186} INFO - Started process (PID=1440) to work on /home/airflow/.local/lib/python3.12/site-packages/airflow/example_dags/example_local_kubernetes_executor.py
[2026-01-08T01:59:31.318+0000] {processor.py:914} INFO - Processing file /home/airflow/.local/lib/python3.12/site-packages/airflow/example_dags/example_local_kubernetes_executor.py for tasks to queue
[2026-01-08T01:59:31.320+0000] {logging_mixin.py:190} INFO - [2026-01-08T01:59:31.320+0000] {dagbag.py:587} INFO - Filling up the DagBag from /home/airflow/.local/lib/python3.12/site-packages/airflow/example_dags/example_local_kubernetes_executor.py
[2026-01-08T01:59:31.327+0000] {processor.py:925} INFO - DAG(s) 'example_local_kubernetes_executor' retrieved from /home/airflow/.local/lib/python3.12/site-packages/airflow/example_dags/example_local_kubernetes_executor.py
[2026-01-08T01:59:31.359+0000] {logging_mixin.py:190} INFO - [2026-01-08T01:59:31.358+0000] {dag.py:3211} INFO - Sync 1 DAGs
[2026-01-08T01:59:31.370+0000] {logging_mixin.py:190} INFO - [2026-01-08T01:59:31.370+0000] {dag.py:4138} INFO - Setting next_dagrun for example_local_kubernetes_executor to None, run_after=None
[2026-01-08T01:59:31.389+0000] {processor.py:208} INFO - Processing /home/airflow/.local/lib/python3.12/site-packages/airflow/example_dags/example_local_kubernetes_executor.py took 0.076 seconds
[2026-01-08T02:00:01.610+0000] {processor.py:186} INFO - Started process (PID=1503) to work on /home/airflow/.local/lib/python3.12/site-packages/airflow/example_dags/example_local_kubernetes_executor.py
[2026-01-08T02:00:01.611+0000] {processor.py:914} INFO - Processing file /home/airflow/.local/lib/python3.12/site-packages/airflow/example_dags/example_local_kubernetes_executor.py for tasks to queue
[2026-01-08T02:00:01.613+0000] {logging_mixin.py:190} INFO - [2026-01-08T02:00:01.613+0000] {dagbag.py:587} INFO - Filling up the DagBag from /home/airflow/.local/lib/python3.12/site-packages/airflow/example_dags/example_local_kubernetes_executor.py
[2026-01-08T02:00:01.621+0000] {processor.py:925} INFO - DAG(s) 'example_local_kubernetes_executor' retrieved from /home/airflow/.local/lib/python3.12/site-packages/airflow/example_dags/example_local_kubernetes_executor.py
[2026-01-08T02:00:01.653+0000] {logging_mixin.py:190} INFO - [2026-01-08T02:00:01.653+0000] {dag.py:3211} INFO - Sync 1 DAGs
[2026-01-08T02:00:01.664+0000] {logging_mixin.py:190} INFO - [2026-01-08T02:00:01.664+0000] {dag.py:4138} INFO - Setting next_dagrun for example_local_kubernetes_executor to None, run_after=None
[2026-01-08T02:00:01.678+0000] {processor.py:208} INFO - Processing /home/airflow/.local/lib/python3.12/site-packages/airflow/example_dags/example_local_kubernetes_executor.py took 0.073 seconds
[2026-01-08T02:00:32.433+0000] {processor.py:186} INFO - Started process (PID=1566) to work on /home/airflow/.local/lib/python3.12/site-packages/airflow/example_dags/example_local_kubernetes_executor.py
[2026-01-08T02:00:32.434+0000] {processor.py:914} INFO - Processing file /home/airflow/.local/lib/python3.12/site-packages/airflow/example_dags/example_local_kubernetes_executor.py for tasks to queue
[2026-01-08T02:00:32.437+0000] {logging_mixin.py:190} INFO - [2026-01-08T02:00:32.437+0000] {dagbag.py:587} INFO - Filling up the DagBag from /home/airflow/.local/lib/python3.12/site-packages/airflow/example_dags/example_local_kubernetes_executor.py
[2026-01-08T02:00:32.444+0000] {processor.py:925} INFO - DAG(s) 'example_local_kubernetes_executor' retrieved from /home/airflow/.local/lib/python3.12/site-packages/airflow/example_dags/example_local_kubernetes_executor.py
[2026-01-08T02:00:32.476+0000] {logging_mixin.py:190} INFO - [2026-01-08T02:00:32.476+0000] {dag.py:3211} INFO - Sync 1 DAGs
[2026-01-08T02:00:32.488+0000] {logging_mixin.py:190} INFO - [2026-01-08T02:00:32.487+0000] {dag.py:4138} INFO - Setting next_dagrun for example_local_kubernetes_executor to None, run_after=None
[2026-01-08T02:00:32.503+0000] {processor.py:208} INFO - Processing /home/airflow/.local/lib/python3.12/site-packages/airflow/example_dags/example_local_kubernetes_executor.py took 0.075 seconds
[2026-01-08T02:01:02.983+0000] {processor.py:186} INFO - Started process (PID=1629) to work on /home/airflow/.local/lib/python3.12/site-packages/airflow/example_dags/example_local_kubernetes_executor.py
[2026-01-08T02:01:02.984+0000] {processor.py:914} INFO - Processing file /home/airflow/.local/lib/python3.12/site-packages/airflow/example_dags/example_local_kubernetes_executor.py for tasks to queue
[2026-01-08T02:01:02.987+0000] {logging_mixin.py:190} INFO - [2026-01-08T02:01:02.987+0000] {dagbag.py:587} INFO - Filling up the DagBag from /home/airflow/.local/lib/python3.12/site-packages/airflow/example_dags/example_local_kubernetes_executor.py
[2026-01-08T02:01:02.996+0000] {processor.py:925} INFO - DAG(s) 'example_local_kubernetes_executor' retrieved from /home/airflow/.local/lib/python3.12/site-packages/airflow/example_dags/example_local_kubernetes_executor.py
[2026-01-08T02:01:03.027+0000] {logging_mixin.py:190} INFO - [2026-01-08T02:01:03.026+0000] {dag.py:3211} INFO - Sync 1 DAGs
[2026-01-08T02:01:03.039+0000] {logging_mixin.py:190} INFO - [2026-01-08T02:01:03.039+0000] {dag.py:4138} INFO - Setting next_dagrun for example_local_kubernetes_executor to None, run_after=None
[2026-01-08T02:01:03.056+0000] {processor.py:208} INFO - Processing /home/airflow/.local/lib/python3.12/site-packages/airflow/example_dags/example_local_kubernetes_executor.py took 0.079 seconds
[2026-01-08T02:01:33.458+0000] {processor.py:186} INFO - Started process (PID=1692) to work on /home/airflow/.local/lib/python3.12/site-packages/airflow/example_dags/example_local_kubernetes_executor.py
[2026-01-08T02:01:33.460+0000] {processor.py:914} INFO - Processing file /home/airflow/.local/lib/python3.12/site-packages/airflow/example_dags/example_local_kubernetes_executor.py for tasks to queue
[2026-01-08T02:01:33.462+0000] {logging_mixin.py:190} INFO - [2026-01-08T02:01:33.462+0000] {dagbag.py:587} INFO - Filling up the DagBag from /home/airflow/.local/lib/python3.12/site-packages/airflow/example_dags/example_local_kubernetes_executor.py
[2026-01-08T02:01:33.470+0000] {processor.py:925} INFO - DAG(s) 'example_local_kubernetes_executor' retrieved from /home/airflow/.local/lib/python3.12/site-packages/airflow/example_dags/example_local_kubernetes_executor.py
[2026-01-08T02:01:33.502+0000] {logging_mixin.py:190} INFO - [2026-01-08T02:01:33.502+0000] {dag.py:3211} INFO - Sync 1 DAGs
[2026-01-08T02:01:33.512+0000] {logging_mixin.py:190} INFO - [2026-01-08T02:01:33.512+0000] {dag.py:4138} INFO - Setting next_dagrun for example_local_kubernetes_executor to None, run_after=None
[2026-01-08T02:01:33.528+0000] {processor.py:208} INFO - Processing /home/airflow/.local/lib/python3.12/site-packages/airflow/example_dags/example_local_kubernetes_executor.py took 0.074 seconds
[2026-01-08T02:02:03.582+0000] {processor.py:186} INFO - Started process (PID=1755) to work on /home/airflow/.local/lib/python3.12/site-packages/airflow/example_dags/example_local_kubernetes_executor.py
[2026-01-08T02:02:03.584+0000] {processor.py:914} INFO - Processing file /home/airflow/.local/lib/python3.12/site-packages/airflow/example_dags/example_local_kubernetes_executor.py for tasks to queue
[2026-01-08T02:02:03.586+0000] {logging_mixin.py:190} INFO - [2026-01-08T02:02:03.586+0000] {dagbag.py:587} INFO - Filling up the DagBag from /home/airflow/.local/lib/python3.12/site-packages/airflow/example_dags/example_local_kubernetes_executor.py
[2026-01-08T02:02:03.594+0000] {processor.py:925} INFO - DAG(s) 'example_local_kubernetes_executor' retrieved from /home/airflow/.local/lib/python3.12/site-packages/airflow/example_dags/example_local_kubernetes_executor.py
[2026-01-08T02:02:03.621+0000] {logging_mixin.py:190} INFO - [2026-01-08T02:02:03.621+0000] {dag.py:3211} INFO - Sync 1 DAGs
[2026-01-08T02:02:03.633+0000] {logging_mixin.py:190} INFO - [2026-01-08T02:02:03.632+0000] {dag.py:4138} INFO - Setting next_dagrun for example_local_kubernetes_executor to None, run_after=None
[2026-01-08T02:02:03.648+0000] {processor.py:208} INFO - Processing /home/airflow/.local/lib/python3.12/site-packages/airflow/example_dags/example_local_kubernetes_executor.py took 0.071 seconds
[2026-01-08T02:02:34.605+0000] {processor.py:186} INFO - Started process (PID=1818) to work on /home/airflow/.local/lib/python3.12/site-packages/airflow/example_dags/example_local_kubernetes_executor.py
[2026-01-08T02:02:34.606+0000] {processor.py:914} INFO - Processing file /home/airflow/.local/lib/python3.12/site-packages/airflow/example_dags/example_local_kubernetes_executor.py for tasks to queue
[2026-01-08T02:02:34.609+0000] {logging_mixin.py:190} INFO - [2026-01-08T02:02:34.608+0000] {dagbag.py:587} INFO - Filling up the DagBag from /home/airflow/.local/lib/python3.12/site-packages/airflow/example_dags/example_local_kubernetes_executor.py
[2026-01-08T02:02:34.617+0000] {processor.py:925} INFO - DAG(s) 'example_local_kubernetes_executor' retrieved from /home/airflow/.local/lib/python3.12/site-packages/airflow/example_dags/example_local_kubernetes_executor.py
[2026-01-08T02:02:34.649+0000] {logging_mixin.py:190} INFO - [2026-01-08T02:02:34.648+0000] {dag.py:3211} INFO - Sync 1 DAGs
[2026-01-08T02:02:34.660+0000] {logging_mixin.py:190} INFO - [2026-01-08T02:02:34.659+0000] {dag.py:4138} INFO - Setting next_dagrun for example_local_kubernetes_executor to None, run_after=None
[2026-01-08T02:02:34.675+0000] {processor.py:208} INFO - Processing /home/airflow/.local/lib/python3.12/site-packages/airflow/example_dags/example_local_kubernetes_executor.py took 0.075 seconds
[2026-01-08T02:03:04.766+0000] {processor.py:186} INFO - Started process (PID=1881) to work on /home/airflow/.local/lib/python3.12/site-packages/airflow/example_dags/example_local_kubernetes_executor.py
[2026-01-08T02:03:04.767+0000] {processor.py:914} INFO - Processing file /home/airflow/.local/lib/python3.12/site-packages/airflow/example_dags/example_local_kubernetes_executor.py for tasks to queue
[2026-01-08T02:03:04.769+0000] {logging_mixin.py:190} INFO - [2026-01-08T02:03:04.769+0000] {dagbag.py:587} INFO - Filling up the DagBag from /home/airflow/.local/lib/python3.12/site-packages/airflow/example_dags/example_local_kubernetes_executor.py
[2026-01-08T02:03:04.777+0000] {processor.py:925} INFO - DAG(s) 'example_local_kubernetes_executor' retrieved from /home/airflow/.local/lib/python3.12/site-packages/airflow/example_dags/example_local_kubernetes_executor.py
[2026-01-08T02:03:04.809+0000] {logging_mixin.py:190} INFO - [2026-01-08T02:03:04.809+0000] {dag.py:3211} INFO - Sync 1 DAGs
[2026-01-08T02:03:04.818+0000] {logging_mixin.py:190} INFO - [2026-01-08T02:03:04.818+0000] {dag.py:4138} INFO - Setting next_dagrun for example_local_kubernetes_executor to None, run_after=None
[2026-01-08T02:03:04.834+0000] {processor.py:208} INFO - Processing /home/airflow/.local/lib/python3.12/site-packages/airflow/example_dags/example_local_kubernetes_executor.py took 0.073 seconds
[2026-01-08T02:03:35.135+0000] {processor.py:186} INFO - Started process (PID=1946) to work on /home/airflow/.local/lib/python3.12/site-packages/airflow/example_dags/example_local_kubernetes_executor.py
[2026-01-08T02:03:35.137+0000] {processor.py:914} INFO - Processing file /home/airflow/.local/lib/python3.12/site-packages/airflow/example_dags/example_local_kubernetes_executor.py for tasks to queue
[2026-01-08T02:03:35.140+0000] {logging_mixin.py:190} INFO - [2026-01-08T02:03:35.139+0000] {dagbag.py:587} INFO - Filling up the DagBag from /home/airflow/.local/lib/python3.12/site-packages/airflow/example_dags/example_local_kubernetes_executor.py
[2026-01-08T02:03:35.147+0000] {processor.py:925} INFO - DAG(s) 'example_local_kubernetes_executor' retrieved from /home/airflow/.local/lib/python3.12/site-packages/airflow/example_dags/example_local_kubernetes_executor.py
[2026-01-08T02:03:35.182+0000] {logging_mixin.py:190} INFO - [2026-01-08T02:03:35.182+0000] {dag.py:3211} INFO - Sync 1 DAGs
[2026-01-08T02:03:35.192+0000] {logging_mixin.py:190} INFO - [2026-01-08T02:03:35.191+0000] {dag.py:4138} INFO - Setting next_dagrun for example_local_kubernetes_executor to None, run_after=None
[2026-01-08T02:03:35.206+0000] {processor.py:208} INFO - Processing /home/airflow/.local/lib/python3.12/site-packages/airflow/example_dags/example_local_kubernetes_executor.py took 0.075 seconds
[2026-01-08T02:04:05.337+0000] {processor.py:186} INFO - Started process (PID=2009) to work on /home/airflow/.local/lib/python3.12/site-packages/airflow/example_dags/example_local_kubernetes_executor.py
[2026-01-08T02:04:05.338+0000] {processor.py:914} INFO - Processing file /home/airflow/.local/lib/python3.12/site-packages/airflow/example_dags/example_local_kubernetes_executor.py for tasks to queue
[2026-01-08T02:04:05.341+0000] {logging_mixin.py:190} INFO - [2026-01-08T02:04:05.341+0000] {dagbag.py:587} INFO - Filling up the DagBag from /home/airflow/.local/lib/python3.12/site-packages/airflow/example_dags/example_local_kubernetes_executor.py
[2026-01-08T02:04:05.349+0000] {processor.py:925} INFO - DAG(s) 'example_local_kubernetes_executor' retrieved from /home/airflow/.local/lib/python3.12/site-packages/airflow/example_dags/example_local_kubernetes_executor.py
[2026-01-08T02:04:05.379+0000] {logging_mixin.py:190} INFO - [2026-01-08T02:04:05.379+0000] {dag.py:3211} INFO - Sync 1 DAGs
[2026-01-08T02:04:05.389+0000] {logging_mixin.py:190} INFO - [2026-01-08T02:04:05.389+0000] {dag.py:4138} INFO - Setting next_dagrun for example_local_kubernetes_executor to None, run_after=None
[2026-01-08T02:04:05.406+0000] {processor.py:208} INFO - Processing /home/airflow/.local/lib/python3.12/site-packages/airflow/example_dags/example_local_kubernetes_executor.py took 0.073 seconds
[2026-01-08T02:04:35.673+0000] {processor.py:186} INFO - Started process (PID=2072) to work on /home/airflow/.local/lib/python3.12/site-packages/airflow/example_dags/example_local_kubernetes_executor.py
[2026-01-08T02:04:35.675+0000] {processor.py:914} INFO - Processing file /home/airflow/.local/lib/python3.12/site-packages/airflow/example_dags/example_local_kubernetes_executor.py for tasks to queue
[2026-01-08T02:04:35.677+0000] {logging_mixin.py:190} INFO - [2026-01-08T02:04:35.677+0000] {dagbag.py:587} INFO - Filling up the DagBag from /home/airflow/.local/lib/python3.12/site-packages/airflow/example_dags/example_local_kubernetes_executor.py
[2026-01-08T02:04:35.685+0000] {processor.py:925} INFO - DAG(s) 'example_local_kubernetes_executor' retrieved from /home/airflow/.local/lib/python3.12/site-packages/airflow/example_dags/example_local_kubernetes_executor.py
[2026-01-08T02:04:35.716+0000] {logging_mixin.py:190} INFO - [2026-01-08T02:04:35.715+0000] {dag.py:3211} INFO - Sync 1 DAGs
[2026-01-08T02:04:35.726+0000] {logging_mixin.py:190} INFO - [2026-01-08T02:04:35.726+0000] {dag.py:4138} INFO - Setting next_dagrun for example_local_kubernetes_executor to None, run_after=None
[2026-01-08T02:04:35.742+0000] {processor.py:208} INFO - Processing /home/airflow/.local/lib/python3.12/site-packages/airflow/example_dags/example_local_kubernetes_executor.py took 0.073 seconds
[2026-01-08T02:05:05.833+0000] {processor.py:186} INFO - Started process (PID=2135) to work on /home/airflow/.local/lib/python3.12/site-packages/airflow/example_dags/example_local_kubernetes_executor.py
[2026-01-08T02:05:05.834+0000] {processor.py:914} INFO - Processing file /home/airflow/.local/lib/python3.12/site-packages/airflow/example_dags/example_local_kubernetes_executor.py for tasks to queue
[2026-01-08T02:05:05.837+0000] {logging_mixin.py:190} INFO - [2026-01-08T02:05:05.837+0000] {dagbag.py:587} INFO - Filling up the DagBag from /home/airflow/.local/lib/python3.12/site-packages/airflow/example_dags/example_local_kubernetes_executor.py
[2026-01-08T02:05:05.844+0000] {processor.py:925} INFO - DAG(s) 'example_local_kubernetes_executor' retrieved from /home/airflow/.local/lib/python3.12/site-packages/airflow/example_dags/example_local_kubernetes_executor.py
[2026-01-08T02:05:05.875+0000] {logging_mixin.py:190} INFO - [2026-01-08T02:05:05.875+0000] {dag.py:3211} INFO - Sync 1 DAGs
[2026-01-08T02:05:05.885+0000] {logging_mixin.py:190} INFO - [2026-01-08T02:05:05.885+0000] {dag.py:4138} INFO - Setting next_dagrun for example_local_kubernetes_executor to None, run_after=None
[2026-01-08T02:05:05.900+0000] {processor.py:208} INFO - Processing /home/airflow/.local/lib/python3.12/site-packages/airflow/example_dags/example_local_kubernetes_executor.py took 0.071 seconds
[2026-01-08T02:05:36.181+0000] {processor.py:186} INFO - Started process (PID=2198) to work on /home/airflow/.local/lib/python3.12/site-packages/airflow/example_dags/example_local_kubernetes_executor.py
[2026-01-08T02:05:36.183+0000] {processor.py:914} INFO - Processing file /home/airflow/.local/lib/python3.12/site-packages/airflow/example_dags/example_local_kubernetes_executor.py for tasks to queue
[2026-01-08T02:05:36.185+0000] {logging_mixin.py:190} INFO - [2026-01-08T02:05:36.185+0000] {dagbag.py:587} INFO - Filling up the DagBag from /home/airflow/.local/lib/python3.12/site-packages/airflow/example_dags/example_local_kubernetes_executor.py
[2026-01-08T02:05:36.192+0000] {processor.py:925} INFO - DAG(s) 'example_local_kubernetes_executor' retrieved from /home/airflow/.local/lib/python3.12/site-packages/airflow/example_dags/example_local_kubernetes_executor.py
[2026-01-08T02:05:36.222+0000] {logging_mixin.py:190} INFO - [2026-01-08T02:05:36.222+0000] {dag.py:3211} INFO - Sync 1 DAGs
[2026-01-08T02:05:36.234+0000] {logging_mixin.py:190} INFO - [2026-01-08T02:05:36.234+0000] {dag.py:4138} INFO - Setting next_dagrun for example_local_kubernetes_executor to None, run_after=None
[2026-01-08T02:05:36.250+0000] {processor.py:208} INFO - Processing /home/airflow/.local/lib/python3.12/site-packages/airflow/example_dags/example_local_kubernetes_executor.py took 0.074 seconds
[2026-01-08T02:06:06.480+0000] {processor.py:186} INFO - Started process (PID=2261) to work on /home/airflow/.local/lib/python3.12/site-packages/airflow/example_dags/example_local_kubernetes_executor.py
[2026-01-08T02:06:06.481+0000] {processor.py:914} INFO - Processing file /home/airflow/.local/lib/python3.12/site-packages/airflow/example_dags/example_local_kubernetes_executor.py for tasks to queue
[2026-01-08T02:06:06.484+0000] {logging_mixin.py:190} INFO - [2026-01-08T02:06:06.484+0000] {dagbag.py:587} INFO - Filling up the DagBag from /home/airflow/.local/lib/python3.12/site-packages/airflow/example_dags/example_local_kubernetes_executor.py
[2026-01-08T02:06:06.491+0000] {processor.py:925} INFO - DAG(s) 'example_local_kubernetes_executor' retrieved from /home/airflow/.local/lib/python3.12/site-packages/airflow/example_dags/example_local_kubernetes_executor.py
[2026-01-08T02:06:06.520+0000] {logging_mixin.py:190} INFO - [2026-01-08T02:06:06.520+0000] {dag.py:3211} INFO - Sync 1 DAGs
[2026-01-08T02:06:06.530+0000] {logging_mixin.py:190} INFO - [2026-01-08T02:06:06.530+0000] {dag.py:4138} INFO - Setting next_dagrun for example_local_kubernetes_executor to None, run_after=None
[2026-01-08T02:06:06.545+0000] {processor.py:208} INFO - Processing /home/airflow/.local/lib/python3.12/site-packages/airflow/example_dags/example_local_kubernetes_executor.py took 0.069 seconds
[2026-01-08T02:06:36.954+0000] {processor.py:186} INFO - Started process (PID=2324) to work on /home/airflow/.local/lib/python3.12/site-packages/airflow/example_dags/example_local_kubernetes_executor.py
[2026-01-08T02:06:36.955+0000] {processor.py:914} INFO - Processing file /home/airflow/.local/lib/python3.12/site-packages/airflow/example_dags/example_local_kubernetes_executor.py for tasks to queue
[2026-01-08T02:06:36.958+0000] {logging_mixin.py:190} INFO - [2026-01-08T02:06:36.958+0000] {dagbag.py:587} INFO - Filling up the DagBag from /home/airflow/.local/lib/python3.12/site-packages/airflow/example_dags/example_local_kubernetes_executor.py
[2026-01-08T02:06:36.966+0000] {processor.py:925} INFO - DAG(s) 'example_local_kubernetes_executor' retrieved from /home/airflow/.local/lib/python3.12/site-packages/airflow/example_dags/example_local_kubernetes_executor.py
[2026-01-08T02:06:36.997+0000] {logging_mixin.py:190} INFO - [2026-01-08T02:06:36.997+0000] {dag.py:3211} INFO - Sync 1 DAGs
[2026-01-08T02:06:37.008+0000] {logging_mixin.py:190} INFO - [2026-01-08T02:06:37.008+0000] {dag.py:4138} INFO - Setting next_dagrun for example_local_kubernetes_executor to None, run_after=None
[2026-01-08T02:06:37.023+0000] {processor.py:208} INFO - Processing /home/airflow/.local/lib/python3.12/site-packages/airflow/example_dags/example_local_kubernetes_executor.py took 0.074 seconds
[2026-01-08T02:07:07.414+0000] {processor.py:186} INFO - Started process (PID=2387) to work on /home/airflow/.local/lib/python3.12/site-packages/airflow/example_dags/example_local_kubernetes_executor.py
[2026-01-08T02:07:07.416+0000] {processor.py:914} INFO - Processing file /home/airflow/.local/lib/python3.12/site-packages/airflow/example_dags/example_local_kubernetes_executor.py for tasks to queue
[2026-01-08T02:07:07.419+0000] {logging_mixin.py:190} INFO - [2026-01-08T02:07:07.418+0000] {dagbag.py:587} INFO - Filling up the DagBag from /home/airflow/.local/lib/python3.12/site-packages/airflow/example_dags/example_local_kubernetes_executor.py
[2026-01-08T02:07:07.427+0000] {processor.py:925} INFO - DAG(s) 'example_local_kubernetes_executor' retrieved from /home/airflow/.local/lib/python3.12/site-packages/airflow/example_dags/example_local_kubernetes_executor.py
[2026-01-08T02:07:07.458+0000] {logging_mixin.py:190} INFO - [2026-01-08T02:07:07.457+0000] {dag.py:3211} INFO - Sync 1 DAGs
[2026-01-08T02:07:07.469+0000] {logging_mixin.py:190} INFO - [2026-01-08T02:07:07.468+0000] {dag.py:4138} INFO - Setting next_dagrun for example_local_kubernetes_executor to None, run_after=None
[2026-01-08T02:07:07.485+0000] {processor.py:208} INFO - Processing /home/airflow/.local/lib/python3.12/site-packages/airflow/example_dags/example_local_kubernetes_executor.py took 0.075 seconds
[2026-01-08T02:07:37.799+0000] {processor.py:186} INFO - Started process (PID=2450) to work on /home/airflow/.local/lib/python3.12/site-packages/airflow/example_dags/example_local_kubernetes_executor.py
[2026-01-08T02:07:37.801+0000] {processor.py:914} INFO - Processing file /home/airflow/.local/lib/python3.12/site-packages/airflow/example_dags/example_local_kubernetes_executor.py for tasks to queue
[2026-01-08T02:07:37.803+0000] {logging_mixin.py:190} INFO - [2026-01-08T02:07:37.803+0000] {dagbag.py:587} INFO - Filling up the DagBag from /home/airflow/.local/lib/python3.12/site-packages/airflow/example_dags/example_local_kubernetes_executor.py
[2026-01-08T02:07:37.811+0000] {processor.py:925} INFO - DAG(s) 'example_local_kubernetes_executor' retrieved from /home/airflow/.local/lib/python3.12/site-packages/airflow/example_dags/example_local_kubernetes_executor.py
[2026-01-08T02:07:37.840+0000] {logging_mixin.py:190} INFO - [2026-01-08T02:07:37.840+0000] {dag.py:3211} INFO - Sync 1 DAGs
[2026-01-08T02:07:37.850+0000] {logging_mixin.py:190} INFO - [2026-01-08T02:07:37.850+0000] {dag.py:4138} INFO - Setting next_dagrun for example_local_kubernetes_executor to None, run_after=None
[2026-01-08T02:07:37.865+0000] {processor.py:208} INFO - Processing /home/airflow/.local/lib/python3.12/site-packages/airflow/example_dags/example_local_kubernetes_executor.py took 0.069 seconds
[2026-01-08T02:08:08.019+0000] {processor.py:186} INFO - Started process (PID=2513) to work on /home/airflow/.local/lib/python3.12/site-packages/airflow/example_dags/example_local_kubernetes_executor.py
[2026-01-08T02:08:08.020+0000] {processor.py:914} INFO - Processing file /home/airflow/.local/lib/python3.12/site-packages/airflow/example_dags/example_local_kubernetes_executor.py for tasks to queue
[2026-01-08T02:08:08.023+0000] {logging_mixin.py:190} INFO - [2026-01-08T02:08:08.022+0000] {dagbag.py:587} INFO - Filling up the DagBag from /home/airflow/.local/lib/python3.12/site-packages/airflow/example_dags/example_local_kubernetes_executor.py
[2026-01-08T02:08:08.030+0000] {processor.py:925} INFO - DAG(s) 'example_local_kubernetes_executor' retrieved from /home/airflow/.local/lib/python3.12/site-packages/airflow/example_dags/example_local_kubernetes_executor.py
[2026-01-08T02:08:08.061+0000] {logging_mixin.py:190} INFO - [2026-01-08T02:08:08.060+0000] {dag.py:3211} INFO - Sync 1 DAGs
[2026-01-08T02:08:08.071+0000] {logging_mixin.py:190} INFO - [2026-01-08T02:08:08.070+0000] {dag.py:4138} INFO - Setting next_dagrun for example_local_kubernetes_executor to None, run_after=None
[2026-01-08T02:08:08.086+0000] {processor.py:208} INFO - Processing /home/airflow/.local/lib/python3.12/site-packages/airflow/example_dags/example_local_kubernetes_executor.py took 0.073 seconds
[2026-01-08T02:08:38.233+0000] {processor.py:186} INFO - Started process (PID=2576) to work on /home/airflow/.local/lib/python3.12/site-packages/airflow/example_dags/example_local_kubernetes_executor.py
[2026-01-08T02:08:38.235+0000] {processor.py:914} INFO - Processing file /home/airflow/.local/lib/python3.12/site-packages/airflow/example_dags/example_local_kubernetes_executor.py for tasks to queue
[2026-01-08T02:08:38.237+0000] {logging_mixin.py:190} INFO - [2026-01-08T02:08:38.237+0000] {dagbag.py:587} INFO - Filling up the DagBag from /home/airflow/.local/lib/python3.12/site-packages/airflow/example_dags/example_local_kubernetes_executor.py
[2026-01-08T02:08:38.245+0000] {processor.py:925} INFO - DAG(s) 'example_local_kubernetes_executor' retrieved from /home/airflow/.local/lib/python3.12/site-packages/airflow/example_dags/example_local_kubernetes_executor.py
[2026-01-08T02:08:38.276+0000] {logging_mixin.py:190} INFO - [2026-01-08T02:08:38.275+0000] {dag.py:3211} INFO - Sync 1 DAGs
[2026-01-08T02:08:38.285+0000] {logging_mixin.py:190} INFO - [2026-01-08T02:08:38.285+0000] {dag.py:4138} INFO - Setting next_dagrun for example_local_kubernetes_executor to None, run_after=None
[2026-01-08T02:08:38.300+0000] {processor.py:208} INFO - Processing /home/airflow/.local/lib/python3.12/site-packages/airflow/example_dags/example_local_kubernetes_executor.py took 0.071 seconds
[2026-01-08T02:09:08.490+0000] {processor.py:186} INFO - Started process (PID=2639) to work on /home/airflow/.local/lib/python3.12/site-packages/airflow/example_dags/example_local_kubernetes_executor.py
[2026-01-08T02:09:08.491+0000] {processor.py:914} INFO - Processing file /home/airflow/.local/lib/python3.12/site-packages/airflow/example_dags/example_local_kubernetes_executor.py for tasks to queue
[2026-01-08T02:09:08.493+0000] {logging_mixin.py:190} INFO - [2026-01-08T02:09:08.493+0000] {dagbag.py:587} INFO - Filling up the DagBag from /home/airflow/.local/lib/python3.12/site-packages/airflow/example_dags/example_local_kubernetes_executor.py
[2026-01-08T02:09:08.502+0000] {processor.py:925} INFO - DAG(s) 'example_local_kubernetes_executor' retrieved from /home/airflow/.local/lib/python3.12/site-packages/airflow/example_dags/example_local_kubernetes_executor.py
[2026-01-08T02:09:08.536+0000] {logging_mixin.py:190} INFO - [2026-01-08T02:09:08.536+0000] {dag.py:3211} INFO - Sync 1 DAGs
[2026-01-08T02:09:08.548+0000] {logging_mixin.py:190} INFO - [2026-01-08T02:09:08.548+0000] {dag.py:4138} INFO - Setting next_dagrun for example_local_kubernetes_executor to None, run_after=None
[2026-01-08T02:09:08.568+0000] {processor.py:208} INFO - Processing /home/airflow/.local/lib/python3.12/site-packages/airflow/example_dags/example_local_kubernetes_executor.py took 0.084 seconds
[2026-01-08T02:09:38.999+0000] {processor.py:186} INFO - Started process (PID=2702) to work on /home/airflow/.local/lib/python3.12/site-packages/airflow/example_dags/example_local_kubernetes_executor.py
[2026-01-08T02:09:39.000+0000] {processor.py:914} INFO - Processing file /home/airflow/.local/lib/python3.12/site-packages/airflow/example_dags/example_local_kubernetes_executor.py for tasks to queue
[2026-01-08T02:09:39.003+0000] {logging_mixin.py:190} INFO - [2026-01-08T02:09:39.003+0000] {dagbag.py:587} INFO - Filling up the DagBag from /home/airflow/.local/lib/python3.12/site-packages/airflow/example_dags/example_local_kubernetes_executor.py
[2026-01-08T02:09:39.011+0000] {processor.py:925} INFO - DAG(s) 'example_local_kubernetes_executor' retrieved from /home/airflow/.local/lib/python3.12/site-packages/airflow/example_dags/example_local_kubernetes_executor.py
[2026-01-08T02:09:39.040+0000] {logging_mixin.py:190} INFO - [2026-01-08T02:09:39.040+0000] {dag.py:3211} INFO - Sync 1 DAGs
[2026-01-08T02:09:39.050+0000] {logging_mixin.py:190} INFO - [2026-01-08T02:09:39.050+0000] {dag.py:4138} INFO - Setting next_dagrun for example_local_kubernetes_executor to None, run_after=None
[2026-01-08T02:09:39.066+0000] {processor.py:208} INFO - Processing /home/airflow/.local/lib/python3.12/site-packages/airflow/example_dags/example_local_kubernetes_executor.py took 0.071 seconds
[2026-01-08T02:10:09.423+0000] {processor.py:186} INFO - Started process (PID=2765) to work on /home/airflow/.local/lib/python3.12/site-packages/airflow/example_dags/example_local_kubernetes_executor.py
[2026-01-08T02:10:09.424+0000] {processor.py:914} INFO - Processing file /home/airflow/.local/lib/python3.12/site-packages/airflow/example_dags/example_local_kubernetes_executor.py for tasks to queue
[2026-01-08T02:10:09.426+0000] {logging_mixin.py:190} INFO - [2026-01-08T02:10:09.426+0000] {dagbag.py:587} INFO - Filling up the DagBag from /home/airflow/.local/lib/python3.12/site-packages/airflow/example_dags/example_local_kubernetes_executor.py
[2026-01-08T02:10:09.433+0000] {processor.py:925} INFO - DAG(s) 'example_local_kubernetes_executor' retrieved from /home/airflow/.local/lib/python3.12/site-packages/airflow/example_dags/example_local_kubernetes_executor.py
[2026-01-08T02:10:09.463+0000] {logging_mixin.py:190} INFO - [2026-01-08T02:10:09.463+0000] {dag.py:3211} INFO - Sync 1 DAGs
[2026-01-08T02:10:09.475+0000] {logging_mixin.py:190} INFO - [2026-01-08T02:10:09.475+0000] {dag.py:4138} INFO - Setting next_dagrun for example_local_kubernetes_executor to None, run_after=None
[2026-01-08T02:10:09.494+0000] {processor.py:208} INFO - Processing /home/airflow/.local/lib/python3.12/site-packages/airflow/example_dags/example_local_kubernetes_executor.py took 0.076 seconds
[2026-01-08T02:10:39.818+0000] {processor.py:186} INFO - Started process (PID=2827) to work on /home/airflow/.local/lib/python3.12/site-packages/airflow/example_dags/example_local_kubernetes_executor.py
[2026-01-08T02:10:39.819+0000] {processor.py:914} INFO - Processing file /home/airflow/.local/lib/python3.12/site-packages/airflow/example_dags/example_local_kubernetes_executor.py for tasks to queue
[2026-01-08T02:10:39.822+0000] {logging_mixin.py:190} INFO - [2026-01-08T02:10:39.822+0000] {dagbag.py:587} INFO - Filling up the DagBag from /home/airflow/.local/lib/python3.12/site-packages/airflow/example_dags/example_local_kubernetes_executor.py
[2026-01-08T02:10:39.830+0000] {processor.py:925} INFO - DAG(s) 'example_local_kubernetes_executor' retrieved from /home/airflow/.local/lib/python3.12/site-packages/airflow/example_dags/example_local_kubernetes_executor.py
[2026-01-08T02:10:39.863+0000] {logging_mixin.py:190} INFO - [2026-01-08T02:10:39.863+0000] {dag.py:3211} INFO - Sync 1 DAGs
[2026-01-08T02:10:39.875+0000] {logging_mixin.py:190} INFO - [2026-01-08T02:10:39.875+0000] {dag.py:4138} INFO - Setting next_dagrun for example_local_kubernetes_executor to None, run_after=None
[2026-01-08T02:10:39.893+0000] {processor.py:208} INFO - Processing /home/airflow/.local/lib/python3.12/site-packages/airflow/example_dags/example_local_kubernetes_executor.py took 0.083 seconds
[2026-01-08T02:11:10.154+0000] {processor.py:186} INFO - Started process (PID=2890) to work on /home/airflow/.local/lib/python3.12/site-packages/airflow/example_dags/example_local_kubernetes_executor.py
[2026-01-08T02:11:10.155+0000] {processor.py:914} INFO - Processing file /home/airflow/.local/lib/python3.12/site-packages/airflow/example_dags/example_local_kubernetes_executor.py for tasks to queue
[2026-01-08T02:11:10.158+0000] {logging_mixin.py:190} INFO - [2026-01-08T02:11:10.157+0000] {dagbag.py:587} INFO - Filling up the DagBag from /home/airflow/.local/lib/python3.12/site-packages/airflow/example_dags/example_local_kubernetes_executor.py
[2026-01-08T02:11:10.166+0000] {processor.py:925} INFO - DAG(s) 'example_local_kubernetes_executor' retrieved from /home/airflow/.local/lib/python3.12/site-packages/airflow/example_dags/example_local_kubernetes_executor.py
[2026-01-08T02:11:10.200+0000] {logging_mixin.py:190} INFO - [2026-01-08T02:11:10.199+0000] {dag.py:3211} INFO - Sync 1 DAGs
[2026-01-08T02:11:10.211+0000] {logging_mixin.py:190} INFO - [2026-01-08T02:11:10.211+0000] {dag.py:4138} INFO - Setting next_dagrun for example_local_kubernetes_executor to None, run_after=None
[2026-01-08T02:11:10.226+0000] {processor.py:208} INFO - Processing /home/airflow/.local/lib/python3.12/site-packages/airflow/example_dags/example_local_kubernetes_executor.py took 0.077 seconds
[2026-01-08T02:11:40.838+0000] {processor.py:186} INFO - Started process (PID=2953) to work on /home/airflow/.local/lib/python3.12/site-packages/airflow/example_dags/example_local_kubernetes_executor.py
[2026-01-08T02:11:40.840+0000] {processor.py:914} INFO - Processing file /home/airflow/.local/lib/python3.12/site-packages/airflow/example_dags/example_local_kubernetes_executor.py for tasks to queue
[2026-01-08T02:11:40.842+0000] {logging_mixin.py:190} INFO - [2026-01-08T02:11:40.842+0000] {dagbag.py:587} INFO - Filling up the DagBag from /home/airflow/.local/lib/python3.12/site-packages/airflow/example_dags/example_local_kubernetes_executor.py
[2026-01-08T02:11:40.850+0000] {processor.py:925} INFO - DAG(s) 'example_local_kubernetes_executor' retrieved from /home/airflow/.local/lib/python3.12/site-packages/airflow/example_dags/example_local_kubernetes_executor.py
[2026-01-08T02:11:40.882+0000] {logging_mixin.py:190} INFO - [2026-01-08T02:11:40.882+0000] {dag.py:3211} INFO - Sync 1 DAGs
[2026-01-08T02:11:40.895+0000] {logging_mixin.py:190} INFO - [2026-01-08T02:11:40.895+0000] {dag.py:4138} INFO - Setting next_dagrun for example_local_kubernetes_executor to None, run_after=None
[2026-01-08T02:11:40.911+0000] {processor.py:208} INFO - Processing /home/airflow/.local/lib/python3.12/site-packages/airflow/example_dags/example_local_kubernetes_executor.py took 0.077 seconds
[2026-01-08T02:12:11.735+0000] {processor.py:186} INFO - Started process (PID=3017) to work on /home/airflow/.local/lib/python3.12/site-packages/airflow/example_dags/example_local_kubernetes_executor.py
[2026-01-08T02:12:11.736+0000] {processor.py:914} INFO - Processing file /home/airflow/.local/lib/python3.12/site-packages/airflow/example_dags/example_local_kubernetes_executor.py for tasks to queue
[2026-01-08T02:12:11.739+0000] {logging_mixin.py:190} INFO - [2026-01-08T02:12:11.738+0000] {dagbag.py:587} INFO - Filling up the DagBag from /home/airflow/.local/lib/python3.12/site-packages/airflow/example_dags/example_local_kubernetes_executor.py
[2026-01-08T02:12:11.746+0000] {processor.py:925} INFO - DAG(s) 'example_local_kubernetes_executor' retrieved from /home/airflow/.local/lib/python3.12/site-packages/airflow/example_dags/example_local_kubernetes_executor.py
[2026-01-08T02:12:11.776+0000] {logging_mixin.py:190} INFO - [2026-01-08T02:12:11.776+0000] {dag.py:3211} INFO - Sync 1 DAGs
[2026-01-08T02:12:11.787+0000] {logging_mixin.py:190} INFO - [2026-01-08T02:12:11.787+0000] {dag.py:4138} INFO - Setting next_dagrun for example_local_kubernetes_executor to None, run_after=None
[2026-01-08T02:12:11.802+0000] {processor.py:208} INFO - Processing /home/airflow/.local/lib/python3.12/site-packages/airflow/example_dags/example_local_kubernetes_executor.py took 0.071 seconds
