[2026-01-08T01:48:20.580+0000] {processor.py:186} INFO - Started process (PID=71) to work on /home/airflow/.local/lib/python3.12/site-packages/airflow/example_dags/example_latest_only.py
[2026-01-08T01:48:20.581+0000] {processor.py:914} INFO - Processing file /home/airflow/.local/lib/python3.12/site-packages/airflow/example_dags/example_latest_only.py for tasks to queue
[2026-01-08T01:48:20.583+0000] {logging_mixin.py:190} INFO - [2026-01-08T01:48:20.583+0000] {dagbag.py:587} INFO - Filling up the DagBag from /home/airflow/.local/lib/python3.12/site-packages/airflow/example_dags/example_latest_only.py
[2026-01-08T01:48:20.591+0000] {processor.py:925} INFO - DAG(s) 'latest_only' retrieved from /home/airflow/.local/lib/python3.12/site-packages/airflow/example_dags/example_latest_only.py
[2026-01-08T01:48:20.687+0000] {logging_mixin.py:190} INFO - [2026-01-08T01:48:20.686+0000] {override.py:1858} INFO - Created Permission View: can edit on DAG:latest_only
[2026-01-08T01:48:20.699+0000] {logging_mixin.py:190} INFO - [2026-01-08T01:48:20.699+0000] {override.py:1858} INFO - Created Permission View: can read on DAG:latest_only
[2026-01-08T01:48:20.707+0000] {logging_mixin.py:190} INFO - [2026-01-08T01:48:20.707+0000] {override.py:1858} INFO - Created Permission View: can delete on DAG:latest_only
[2026-01-08T01:48:20.709+0000] {logging_mixin.py:190} INFO - [2026-01-08T01:48:20.708+0000] {dag.py:3211} INFO - Sync 1 DAGs
[2026-01-08T01:48:20.722+0000] {logging_mixin.py:190} INFO - [2026-01-08T01:48:20.721+0000] {dag.py:3234} INFO - Creating ORM DAG for latest_only
[2026-01-08T01:48:20.731+0000] {logging_mixin.py:190} INFO - [2026-01-08T01:48:20.731+0000] {dag.py:4138} INFO - Setting next_dagrun for latest_only to 2026-01-07 20:00:00+00:00, run_after=2026-01-08 00:00:00+00:00
[2026-01-08T01:48:20.750+0000] {processor.py:208} INFO - Processing /home/airflow/.local/lib/python3.12/site-packages/airflow/example_dags/example_latest_only.py took 0.176 seconds
[2026-01-08T01:48:51.217+0000] {processor.py:186} INFO - Started process (PID=133) to work on /home/airflow/.local/lib/python3.12/site-packages/airflow/example_dags/example_latest_only.py
[2026-01-08T01:48:51.219+0000] {processor.py:914} INFO - Processing file /home/airflow/.local/lib/python3.12/site-packages/airflow/example_dags/example_latest_only.py for tasks to queue
[2026-01-08T01:48:51.221+0000] {logging_mixin.py:190} INFO - [2026-01-08T01:48:51.221+0000] {dagbag.py:587} INFO - Filling up the DagBag from /home/airflow/.local/lib/python3.12/site-packages/airflow/example_dags/example_latest_only.py
[2026-01-08T01:48:51.227+0000] {processor.py:925} INFO - DAG(s) 'latest_only' retrieved from /home/airflow/.local/lib/python3.12/site-packages/airflow/example_dags/example_latest_only.py
[2026-01-08T01:48:51.245+0000] {logging_mixin.py:190} INFO - [2026-01-08T01:48:51.245+0000] {dag.py:3211} INFO - Sync 1 DAGs
[2026-01-08T01:48:51.261+0000] {logging_mixin.py:190} INFO - [2026-01-08T01:48:51.261+0000] {dag.py:4138} INFO - Setting next_dagrun for latest_only to 2026-01-07 20:00:00+00:00, run_after=2026-01-08 00:00:00+00:00
[2026-01-08T01:48:51.274+0000] {processor.py:208} INFO - Processing /home/airflow/.local/lib/python3.12/site-packages/airflow/example_dags/example_latest_only.py took 0.062 seconds
[2026-01-08T01:49:21.671+0000] {processor.py:186} INFO - Started process (PID=195) to work on /home/airflow/.local/lib/python3.12/site-packages/airflow/example_dags/example_latest_only.py
[2026-01-08T01:49:21.673+0000] {processor.py:914} INFO - Processing file /home/airflow/.local/lib/python3.12/site-packages/airflow/example_dags/example_latest_only.py for tasks to queue
[2026-01-08T01:49:21.676+0000] {logging_mixin.py:190} INFO - [2026-01-08T01:49:21.675+0000] {dagbag.py:587} INFO - Filling up the DagBag from /home/airflow/.local/lib/python3.12/site-packages/airflow/example_dags/example_latest_only.py
[2026-01-08T01:49:21.681+0000] {processor.py:925} INFO - DAG(s) 'latest_only' retrieved from /home/airflow/.local/lib/python3.12/site-packages/airflow/example_dags/example_latest_only.py
[2026-01-08T01:49:21.699+0000] {logging_mixin.py:190} INFO - [2026-01-08T01:49:21.698+0000] {dag.py:3211} INFO - Sync 1 DAGs
[2026-01-08T01:49:21.718+0000] {logging_mixin.py:190} INFO - [2026-01-08T01:49:21.717+0000] {dag.py:4138} INFO - Setting next_dagrun for latest_only to 2026-01-07 20:00:00+00:00, run_after=2026-01-08 00:00:00+00:00
[2026-01-08T01:49:21.732+0000] {processor.py:208} INFO - Processing /home/airflow/.local/lib/python3.12/site-packages/airflow/example_dags/example_latest_only.py took 0.064 seconds
[2026-01-08T01:49:52.144+0000] {processor.py:186} INFO - Started process (PID=257) to work on /home/airflow/.local/lib/python3.12/site-packages/airflow/example_dags/example_latest_only.py
[2026-01-08T01:49:52.146+0000] {processor.py:914} INFO - Processing file /home/airflow/.local/lib/python3.12/site-packages/airflow/example_dags/example_latest_only.py for tasks to queue
[2026-01-08T01:49:52.148+0000] {logging_mixin.py:190} INFO - [2026-01-08T01:49:52.148+0000] {dagbag.py:587} INFO - Filling up the DagBag from /home/airflow/.local/lib/python3.12/site-packages/airflow/example_dags/example_latest_only.py
[2026-01-08T01:49:52.154+0000] {processor.py:925} INFO - DAG(s) 'latest_only' retrieved from /home/airflow/.local/lib/python3.12/site-packages/airflow/example_dags/example_latest_only.py
[2026-01-08T01:49:52.173+0000] {logging_mixin.py:190} INFO - [2026-01-08T01:49:52.173+0000] {dag.py:3211} INFO - Sync 1 DAGs
[2026-01-08T01:49:52.191+0000] {logging_mixin.py:190} INFO - [2026-01-08T01:49:52.191+0000] {dag.py:4138} INFO - Setting next_dagrun for latest_only to 2026-01-07 20:00:00+00:00, run_after=2026-01-08 00:00:00+00:00
[2026-01-08T01:49:52.205+0000] {processor.py:208} INFO - Processing /home/airflow/.local/lib/python3.12/site-packages/airflow/example_dags/example_latest_only.py took 0.065 seconds
[2026-01-08T01:50:22.660+0000] {processor.py:186} INFO - Started process (PID=319) to work on /home/airflow/.local/lib/python3.12/site-packages/airflow/example_dags/example_latest_only.py
[2026-01-08T01:50:22.662+0000] {processor.py:914} INFO - Processing file /home/airflow/.local/lib/python3.12/site-packages/airflow/example_dags/example_latest_only.py for tasks to queue
[2026-01-08T01:50:22.664+0000] {logging_mixin.py:190} INFO - [2026-01-08T01:50:22.664+0000] {dagbag.py:587} INFO - Filling up the DagBag from /home/airflow/.local/lib/python3.12/site-packages/airflow/example_dags/example_latest_only.py
[2026-01-08T01:50:22.670+0000] {processor.py:925} INFO - DAG(s) 'latest_only' retrieved from /home/airflow/.local/lib/python3.12/site-packages/airflow/example_dags/example_latest_only.py
[2026-01-08T01:50:22.685+0000] {logging_mixin.py:190} INFO - [2026-01-08T01:50:22.685+0000] {dag.py:3211} INFO - Sync 1 DAGs
[2026-01-08T01:50:22.701+0000] {logging_mixin.py:190} INFO - [2026-01-08T01:50:22.701+0000] {dag.py:4138} INFO - Setting next_dagrun for latest_only to 2026-01-07 20:00:00+00:00, run_after=2026-01-08 00:00:00+00:00
[2026-01-08T01:50:22.715+0000] {processor.py:208} INFO - Processing /home/airflow/.local/lib/python3.12/site-packages/airflow/example_dags/example_latest_only.py took 0.059 seconds
[2026-01-08T01:50:53.043+0000] {processor.py:186} INFO - Started process (PID=381) to work on /home/airflow/.local/lib/python3.12/site-packages/airflow/example_dags/example_latest_only.py
[2026-01-08T01:50:53.044+0000] {processor.py:914} INFO - Processing file /home/airflow/.local/lib/python3.12/site-packages/airflow/example_dags/example_latest_only.py for tasks to queue
[2026-01-08T01:50:53.047+0000] {logging_mixin.py:190} INFO - [2026-01-08T01:50:53.047+0000] {dagbag.py:587} INFO - Filling up the DagBag from /home/airflow/.local/lib/python3.12/site-packages/airflow/example_dags/example_latest_only.py
[2026-01-08T01:50:53.053+0000] {processor.py:925} INFO - DAG(s) 'latest_only' retrieved from /home/airflow/.local/lib/python3.12/site-packages/airflow/example_dags/example_latest_only.py
[2026-01-08T01:50:53.071+0000] {logging_mixin.py:190} INFO - [2026-01-08T01:50:53.071+0000] {dag.py:3211} INFO - Sync 1 DAGs
[2026-01-08T01:50:53.088+0000] {logging_mixin.py:190} INFO - [2026-01-08T01:50:53.088+0000] {dag.py:4138} INFO - Setting next_dagrun for latest_only to 2026-01-07 20:00:00+00:00, run_after=2026-01-08 00:00:00+00:00
[2026-01-08T01:50:53.104+0000] {processor.py:208} INFO - Processing /home/airflow/.local/lib/python3.12/site-packages/airflow/example_dags/example_latest_only.py took 0.066 seconds
[2026-01-08T01:51:23.612+0000] {processor.py:186} INFO - Started process (PID=443) to work on /home/airflow/.local/lib/python3.12/site-packages/airflow/example_dags/example_latest_only.py
[2026-01-08T01:51:23.614+0000] {processor.py:914} INFO - Processing file /home/airflow/.local/lib/python3.12/site-packages/airflow/example_dags/example_latest_only.py for tasks to queue
[2026-01-08T01:51:23.616+0000] {logging_mixin.py:190} INFO - [2026-01-08T01:51:23.616+0000] {dagbag.py:587} INFO - Filling up the DagBag from /home/airflow/.local/lib/python3.12/site-packages/airflow/example_dags/example_latest_only.py
[2026-01-08T01:51:23.622+0000] {processor.py:925} INFO - DAG(s) 'latest_only' retrieved from /home/airflow/.local/lib/python3.12/site-packages/airflow/example_dags/example_latest_only.py
[2026-01-08T01:51:23.638+0000] {logging_mixin.py:190} INFO - [2026-01-08T01:51:23.638+0000] {dag.py:3211} INFO - Sync 1 DAGs
[2026-01-08T01:51:23.655+0000] {logging_mixin.py:190} INFO - [2026-01-08T01:51:23.655+0000] {dag.py:4138} INFO - Setting next_dagrun for latest_only to 2026-01-07 20:00:00+00:00, run_after=2026-01-08 00:00:00+00:00
[2026-01-08T01:51:23.667+0000] {processor.py:208} INFO - Processing /home/airflow/.local/lib/python3.12/site-packages/airflow/example_dags/example_latest_only.py took 0.059 seconds
[2026-01-08T01:51:54.234+0000] {processor.py:186} INFO - Started process (PID=505) to work on /home/airflow/.local/lib/python3.12/site-packages/airflow/example_dags/example_latest_only.py
[2026-01-08T01:51:54.236+0000] {processor.py:914} INFO - Processing file /home/airflow/.local/lib/python3.12/site-packages/airflow/example_dags/example_latest_only.py for tasks to queue
[2026-01-08T01:51:54.238+0000] {logging_mixin.py:190} INFO - [2026-01-08T01:51:54.238+0000] {dagbag.py:587} INFO - Filling up the DagBag from /home/airflow/.local/lib/python3.12/site-packages/airflow/example_dags/example_latest_only.py
[2026-01-08T01:51:54.245+0000] {processor.py:925} INFO - DAG(s) 'latest_only' retrieved from /home/airflow/.local/lib/python3.12/site-packages/airflow/example_dags/example_latest_only.py
[2026-01-08T01:51:54.262+0000] {logging_mixin.py:190} INFO - [2026-01-08T01:51:54.262+0000] {dag.py:3211} INFO - Sync 1 DAGs
[2026-01-08T01:51:54.279+0000] {logging_mixin.py:190} INFO - [2026-01-08T01:51:54.279+0000] {dag.py:4138} INFO - Setting next_dagrun for latest_only to 2026-01-07 20:00:00+00:00, run_after=2026-01-08 00:00:00+00:00
[2026-01-08T01:51:54.296+0000] {processor.py:208} INFO - Processing /home/airflow/.local/lib/python3.12/site-packages/airflow/example_dags/example_latest_only.py took 0.067 seconds
[2026-01-08T01:52:24.793+0000] {processor.py:186} INFO - Started process (PID=574) to work on /home/airflow/.local/lib/python3.12/site-packages/airflow/example_dags/example_latest_only.py
[2026-01-08T01:52:24.795+0000] {processor.py:914} INFO - Processing file /home/airflow/.local/lib/python3.12/site-packages/airflow/example_dags/example_latest_only.py for tasks to queue
[2026-01-08T01:52:24.797+0000] {logging_mixin.py:190} INFO - [2026-01-08T01:52:24.797+0000] {dagbag.py:587} INFO - Filling up the DagBag from /home/airflow/.local/lib/python3.12/site-packages/airflow/example_dags/example_latest_only.py
[2026-01-08T01:52:24.803+0000] {processor.py:925} INFO - DAG(s) 'latest_only' retrieved from /home/airflow/.local/lib/python3.12/site-packages/airflow/example_dags/example_latest_only.py
[2026-01-08T01:52:24.821+0000] {logging_mixin.py:190} INFO - [2026-01-08T01:52:24.821+0000] {dag.py:3211} INFO - Sync 1 DAGs
[2026-01-08T01:52:24.837+0000] {logging_mixin.py:190} INFO - [2026-01-08T01:52:24.837+0000] {dag.py:4138} INFO - Setting next_dagrun for latest_only to 2026-01-07 20:00:00+00:00, run_after=2026-01-08 00:00:00+00:00
[2026-01-08T01:52:24.850+0000] {processor.py:208} INFO - Processing /home/airflow/.local/lib/python3.12/site-packages/airflow/example_dags/example_latest_only.py took 0.061 seconds
[2026-01-08T01:52:55.975+0000] {processor.py:186} INFO - Started process (PID=636) to work on /home/airflow/.local/lib/python3.12/site-packages/airflow/example_dags/example_latest_only.py
[2026-01-08T01:52:55.976+0000] {processor.py:914} INFO - Processing file /home/airflow/.local/lib/python3.12/site-packages/airflow/example_dags/example_latest_only.py for tasks to queue
[2026-01-08T01:52:55.978+0000] {logging_mixin.py:190} INFO - [2026-01-08T01:52:55.978+0000] {dagbag.py:587} INFO - Filling up the DagBag from /home/airflow/.local/lib/python3.12/site-packages/airflow/example_dags/example_latest_only.py
[2026-01-08T01:52:55.984+0000] {processor.py:925} INFO - DAG(s) 'latest_only' retrieved from /home/airflow/.local/lib/python3.12/site-packages/airflow/example_dags/example_latest_only.py
[2026-01-08T01:52:56.001+0000] {logging_mixin.py:190} INFO - [2026-01-08T01:52:56.000+0000] {dag.py:3211} INFO - Sync 1 DAGs
[2026-01-08T01:52:56.018+0000] {logging_mixin.py:190} INFO - [2026-01-08T01:52:56.018+0000] {dag.py:4138} INFO - Setting next_dagrun for latest_only to 2026-01-07 20:00:00+00:00, run_after=2026-01-08 00:00:00+00:00
[2026-01-08T01:52:56.032+0000] {processor.py:208} INFO - Processing /home/airflow/.local/lib/python3.12/site-packages/airflow/example_dags/example_latest_only.py took 0.062 seconds
[2026-01-08T01:53:26.444+0000] {processor.py:186} INFO - Started process (PID=698) to work on /home/airflow/.local/lib/python3.12/site-packages/airflow/example_dags/example_latest_only.py
[2026-01-08T01:53:26.446+0000] {processor.py:914} INFO - Processing file /home/airflow/.local/lib/python3.12/site-packages/airflow/example_dags/example_latest_only.py for tasks to queue
[2026-01-08T01:53:26.448+0000] {logging_mixin.py:190} INFO - [2026-01-08T01:53:26.448+0000] {dagbag.py:587} INFO - Filling up the DagBag from /home/airflow/.local/lib/python3.12/site-packages/airflow/example_dags/example_latest_only.py
[2026-01-08T01:53:26.454+0000] {processor.py:925} INFO - DAG(s) 'latest_only' retrieved from /home/airflow/.local/lib/python3.12/site-packages/airflow/example_dags/example_latest_only.py
[2026-01-08T01:53:26.471+0000] {logging_mixin.py:190} INFO - [2026-01-08T01:53:26.471+0000] {dag.py:3211} INFO - Sync 1 DAGs
[2026-01-08T01:53:26.488+0000] {logging_mixin.py:190} INFO - [2026-01-08T01:53:26.487+0000] {dag.py:4138} INFO - Setting next_dagrun for latest_only to 2026-01-07 20:00:00+00:00, run_after=2026-01-08 00:00:00+00:00
[2026-01-08T01:53:26.503+0000] {processor.py:208} INFO - Processing /home/airflow/.local/lib/python3.12/site-packages/airflow/example_dags/example_latest_only.py took 0.062 seconds
[2026-01-08T01:53:56.992+0000] {processor.py:186} INFO - Started process (PID=760) to work on /home/airflow/.local/lib/python3.12/site-packages/airflow/example_dags/example_latest_only.py
[2026-01-08T01:53:56.993+0000] {processor.py:914} INFO - Processing file /home/airflow/.local/lib/python3.12/site-packages/airflow/example_dags/example_latest_only.py for tasks to queue
[2026-01-08T01:53:56.996+0000] {logging_mixin.py:190} INFO - [2026-01-08T01:53:56.995+0000] {dagbag.py:587} INFO - Filling up the DagBag from /home/airflow/.local/lib/python3.12/site-packages/airflow/example_dags/example_latest_only.py
[2026-01-08T01:53:57.002+0000] {processor.py:925} INFO - DAG(s) 'latest_only' retrieved from /home/airflow/.local/lib/python3.12/site-packages/airflow/example_dags/example_latest_only.py
[2026-01-08T01:53:57.017+0000] {logging_mixin.py:190} INFO - [2026-01-08T01:53:57.017+0000] {dag.py:3211} INFO - Sync 1 DAGs
[2026-01-08T01:53:57.033+0000] {logging_mixin.py:190} INFO - [2026-01-08T01:53:57.033+0000] {dag.py:4138} INFO - Setting next_dagrun for latest_only to 2026-01-07 20:00:00+00:00, run_after=2026-01-08 00:00:00+00:00
[2026-01-08T01:53:57.048+0000] {processor.py:208} INFO - Processing /home/airflow/.local/lib/python3.12/site-packages/airflow/example_dags/example_latest_only.py took 0.060 seconds
[2026-01-08T01:54:27.417+0000] {processor.py:186} INFO - Started process (PID=822) to work on /home/airflow/.local/lib/python3.12/site-packages/airflow/example_dags/example_latest_only.py
[2026-01-08T01:54:27.418+0000] {processor.py:914} INFO - Processing file /home/airflow/.local/lib/python3.12/site-packages/airflow/example_dags/example_latest_only.py for tasks to queue
[2026-01-08T01:54:27.421+0000] {logging_mixin.py:190} INFO - [2026-01-08T01:54:27.420+0000] {dagbag.py:587} INFO - Filling up the DagBag from /home/airflow/.local/lib/python3.12/site-packages/airflow/example_dags/example_latest_only.py
[2026-01-08T01:54:27.427+0000] {processor.py:925} INFO - DAG(s) 'latest_only' retrieved from /home/airflow/.local/lib/python3.12/site-packages/airflow/example_dags/example_latest_only.py
[2026-01-08T01:54:27.442+0000] {logging_mixin.py:190} INFO - [2026-01-08T01:54:27.442+0000] {dag.py:3211} INFO - Sync 1 DAGs
[2026-01-08T01:54:27.458+0000] {logging_mixin.py:190} INFO - [2026-01-08T01:54:27.457+0000] {dag.py:4138} INFO - Setting next_dagrun for latest_only to 2026-01-07 20:00:00+00:00, run_after=2026-01-08 00:00:00+00:00
[2026-01-08T01:54:27.474+0000] {processor.py:208} INFO - Processing /home/airflow/.local/lib/python3.12/site-packages/airflow/example_dags/example_latest_only.py took 0.062 seconds
[2026-01-08T01:54:58.217+0000] {processor.py:186} INFO - Started process (PID=884) to work on /home/airflow/.local/lib/python3.12/site-packages/airflow/example_dags/example_latest_only.py
[2026-01-08T01:54:58.219+0000] {processor.py:914} INFO - Processing file /home/airflow/.local/lib/python3.12/site-packages/airflow/example_dags/example_latest_only.py for tasks to queue
[2026-01-08T01:54:58.221+0000] {logging_mixin.py:190} INFO - [2026-01-08T01:54:58.220+0000] {dagbag.py:587} INFO - Filling up the DagBag from /home/airflow/.local/lib/python3.12/site-packages/airflow/example_dags/example_latest_only.py
[2026-01-08T01:54:58.226+0000] {processor.py:925} INFO - DAG(s) 'latest_only' retrieved from /home/airflow/.local/lib/python3.12/site-packages/airflow/example_dags/example_latest_only.py
[2026-01-08T01:54:58.242+0000] {logging_mixin.py:190} INFO - [2026-01-08T01:54:58.241+0000] {dag.py:3211} INFO - Sync 1 DAGs
[2026-01-08T01:54:58.257+0000] {logging_mixin.py:190} INFO - [2026-01-08T01:54:58.257+0000] {dag.py:4138} INFO - Setting next_dagrun for latest_only to 2026-01-07 20:00:00+00:00, run_after=2026-01-08 00:00:00+00:00
[2026-01-08T01:54:58.274+0000] {processor.py:208} INFO - Processing /home/airflow/.local/lib/python3.12/site-packages/airflow/example_dags/example_latest_only.py took 0.061 seconds
[2026-01-08T01:55:28.518+0000] {processor.py:186} INFO - Started process (PID=946) to work on /home/airflow/.local/lib/python3.12/site-packages/airflow/example_dags/example_latest_only.py
[2026-01-08T01:55:28.520+0000] {processor.py:914} INFO - Processing file /home/airflow/.local/lib/python3.12/site-packages/airflow/example_dags/example_latest_only.py for tasks to queue
[2026-01-08T01:55:28.523+0000] {logging_mixin.py:190} INFO - [2026-01-08T01:55:28.523+0000] {dagbag.py:587} INFO - Filling up the DagBag from /home/airflow/.local/lib/python3.12/site-packages/airflow/example_dags/example_latest_only.py
[2026-01-08T01:55:28.530+0000] {processor.py:925} INFO - DAG(s) 'latest_only' retrieved from /home/airflow/.local/lib/python3.12/site-packages/airflow/example_dags/example_latest_only.py
[2026-01-08T01:55:28.547+0000] {logging_mixin.py:190} INFO - [2026-01-08T01:55:28.547+0000] {dag.py:3211} INFO - Sync 1 DAGs
[2026-01-08T01:55:28.565+0000] {logging_mixin.py:190} INFO - [2026-01-08T01:55:28.565+0000] {dag.py:4138} INFO - Setting next_dagrun for latest_only to 2026-01-07 20:00:00+00:00, run_after=2026-01-08 00:00:00+00:00
[2026-01-08T01:55:28.583+0000] {processor.py:208} INFO - Processing /home/airflow/.local/lib/python3.12/site-packages/airflow/example_dags/example_latest_only.py took 0.070 seconds
[2026-01-08T01:55:59.293+0000] {processor.py:186} INFO - Started process (PID=1008) to work on /home/airflow/.local/lib/python3.12/site-packages/airflow/example_dags/example_latest_only.py
[2026-01-08T01:55:59.295+0000] {processor.py:914} INFO - Processing file /home/airflow/.local/lib/python3.12/site-packages/airflow/example_dags/example_latest_only.py for tasks to queue
[2026-01-08T01:55:59.297+0000] {logging_mixin.py:190} INFO - [2026-01-08T01:55:59.297+0000] {dagbag.py:587} INFO - Filling up the DagBag from /home/airflow/.local/lib/python3.12/site-packages/airflow/example_dags/example_latest_only.py
[2026-01-08T01:55:59.303+0000] {processor.py:925} INFO - DAG(s) 'latest_only' retrieved from /home/airflow/.local/lib/python3.12/site-packages/airflow/example_dags/example_latest_only.py
[2026-01-08T01:55:59.317+0000] {logging_mixin.py:190} INFO - [2026-01-08T01:55:59.317+0000] {dag.py:3211} INFO - Sync 1 DAGs
[2026-01-08T01:55:59.332+0000] {logging_mixin.py:190} INFO - [2026-01-08T01:55:59.332+0000] {dag.py:4138} INFO - Setting next_dagrun for latest_only to 2026-01-07 20:00:00+00:00, run_after=2026-01-08 00:00:00+00:00
[2026-01-08T01:55:59.347+0000] {processor.py:208} INFO - Processing /home/airflow/.local/lib/python3.12/site-packages/airflow/example_dags/example_latest_only.py took 0.058 seconds
[2026-01-08T01:56:29.972+0000] {processor.py:186} INFO - Started process (PID=1070) to work on /home/airflow/.local/lib/python3.12/site-packages/airflow/example_dags/example_latest_only.py
[2026-01-08T01:56:29.974+0000] {processor.py:914} INFO - Processing file /home/airflow/.local/lib/python3.12/site-packages/airflow/example_dags/example_latest_only.py for tasks to queue
[2026-01-08T01:56:29.976+0000] {logging_mixin.py:190} INFO - [2026-01-08T01:56:29.975+0000] {dagbag.py:587} INFO - Filling up the DagBag from /home/airflow/.local/lib/python3.12/site-packages/airflow/example_dags/example_latest_only.py
[2026-01-08T01:56:29.981+0000] {processor.py:925} INFO - DAG(s) 'latest_only' retrieved from /home/airflow/.local/lib/python3.12/site-packages/airflow/example_dags/example_latest_only.py
[2026-01-08T01:56:29.998+0000] {logging_mixin.py:190} INFO - [2026-01-08T01:56:29.997+0000] {dag.py:3211} INFO - Sync 1 DAGs
[2026-01-08T01:56:30.016+0000] {logging_mixin.py:190} INFO - [2026-01-08T01:56:30.016+0000] {dag.py:4138} INFO - Setting next_dagrun for latest_only to 2026-01-07 20:00:00+00:00, run_after=2026-01-08 00:00:00+00:00
[2026-01-08T01:56:30.029+0000] {processor.py:208} INFO - Processing /home/airflow/.local/lib/python3.12/site-packages/airflow/example_dags/example_latest_only.py took 0.062 seconds
[2026-01-08T01:57:00.322+0000] {processor.py:186} INFO - Started process (PID=1132) to work on /home/airflow/.local/lib/python3.12/site-packages/airflow/example_dags/example_latest_only.py
[2026-01-08T01:57:00.324+0000] {processor.py:914} INFO - Processing file /home/airflow/.local/lib/python3.12/site-packages/airflow/example_dags/example_latest_only.py for tasks to queue
[2026-01-08T01:57:00.326+0000] {logging_mixin.py:190} INFO - [2026-01-08T01:57:00.326+0000] {dagbag.py:587} INFO - Filling up the DagBag from /home/airflow/.local/lib/python3.12/site-packages/airflow/example_dags/example_latest_only.py
[2026-01-08T01:57:00.332+0000] {processor.py:925} INFO - DAG(s) 'latest_only' retrieved from /home/airflow/.local/lib/python3.12/site-packages/airflow/example_dags/example_latest_only.py
[2026-01-08T01:57:00.349+0000] {logging_mixin.py:190} INFO - [2026-01-08T01:57:00.349+0000] {dag.py:3211} INFO - Sync 1 DAGs
[2026-01-08T01:57:00.368+0000] {logging_mixin.py:190} INFO - [2026-01-08T01:57:00.368+0000] {dag.py:4138} INFO - Setting next_dagrun for latest_only to 2026-01-07 20:00:00+00:00, run_after=2026-01-08 00:00:00+00:00
[2026-01-08T01:57:00.382+0000] {processor.py:208} INFO - Processing /home/airflow/.local/lib/python3.12/site-packages/airflow/example_dags/example_latest_only.py took 0.064 seconds
[2026-01-08T01:57:30.673+0000] {processor.py:186} INFO - Started process (PID=1194) to work on /home/airflow/.local/lib/python3.12/site-packages/airflow/example_dags/example_latest_only.py
[2026-01-08T01:57:30.674+0000] {processor.py:914} INFO - Processing file /home/airflow/.local/lib/python3.12/site-packages/airflow/example_dags/example_latest_only.py for tasks to queue
[2026-01-08T01:57:30.677+0000] {logging_mixin.py:190} INFO - [2026-01-08T01:57:30.676+0000] {dagbag.py:587} INFO - Filling up the DagBag from /home/airflow/.local/lib/python3.12/site-packages/airflow/example_dags/example_latest_only.py
[2026-01-08T01:57:30.682+0000] {processor.py:925} INFO - DAG(s) 'latest_only' retrieved from /home/airflow/.local/lib/python3.12/site-packages/airflow/example_dags/example_latest_only.py
[2026-01-08T01:57:30.698+0000] {logging_mixin.py:190} INFO - [2026-01-08T01:57:30.697+0000] {dag.py:3211} INFO - Sync 1 DAGs
[2026-01-08T01:57:30.714+0000] {logging_mixin.py:190} INFO - [2026-01-08T01:57:30.713+0000] {dag.py:4138} INFO - Setting next_dagrun for latest_only to 2026-01-07 20:00:00+00:00, run_after=2026-01-08 00:00:00+00:00
[2026-01-08T01:57:30.728+0000] {processor.py:208} INFO - Processing /home/airflow/.local/lib/python3.12/site-packages/airflow/example_dags/example_latest_only.py took 0.060 seconds
[2026-01-08T01:58:01.253+0000] {processor.py:186} INFO - Started process (PID=1256) to work on /home/airflow/.local/lib/python3.12/site-packages/airflow/example_dags/example_latest_only.py
[2026-01-08T01:58:01.255+0000] {processor.py:914} INFO - Processing file /home/airflow/.local/lib/python3.12/site-packages/airflow/example_dags/example_latest_only.py for tasks to queue
[2026-01-08T01:58:01.257+0000] {logging_mixin.py:190} INFO - [2026-01-08T01:58:01.257+0000] {dagbag.py:587} INFO - Filling up the DagBag from /home/airflow/.local/lib/python3.12/site-packages/airflow/example_dags/example_latest_only.py
[2026-01-08T01:58:01.262+0000] {processor.py:925} INFO - DAG(s) 'latest_only' retrieved from /home/airflow/.local/lib/python3.12/site-packages/airflow/example_dags/example_latest_only.py
[2026-01-08T01:58:01.277+0000] {logging_mixin.py:190} INFO - [2026-01-08T01:58:01.277+0000] {dag.py:3211} INFO - Sync 1 DAGs
[2026-01-08T01:58:01.292+0000] {logging_mixin.py:190} INFO - [2026-01-08T01:58:01.292+0000] {dag.py:4138} INFO - Setting next_dagrun for latest_only to 2026-01-07 20:00:00+00:00, run_after=2026-01-08 00:00:00+00:00
[2026-01-08T01:58:01.309+0000] {processor.py:208} INFO - Processing /home/airflow/.local/lib/python3.12/site-packages/airflow/example_dags/example_latest_only.py took 0.060 seconds
[2026-01-08T01:58:31.866+0000] {processor.py:186} INFO - Started process (PID=1319) to work on /home/airflow/.local/lib/python3.12/site-packages/airflow/example_dags/example_latest_only.py
[2026-01-08T01:58:31.867+0000] {processor.py:914} INFO - Processing file /home/airflow/.local/lib/python3.12/site-packages/airflow/example_dags/example_latest_only.py for tasks to queue
[2026-01-08T01:58:31.870+0000] {logging_mixin.py:190} INFO - [2026-01-08T01:58:31.870+0000] {dagbag.py:587} INFO - Filling up the DagBag from /home/airflow/.local/lib/python3.12/site-packages/airflow/example_dags/example_latest_only.py
[2026-01-08T01:58:31.876+0000] {processor.py:925} INFO - DAG(s) 'latest_only' retrieved from /home/airflow/.local/lib/python3.12/site-packages/airflow/example_dags/example_latest_only.py
[2026-01-08T01:58:31.891+0000] {logging_mixin.py:190} INFO - [2026-01-08T01:58:31.891+0000] {dag.py:3211} INFO - Sync 1 DAGs
[2026-01-08T01:58:31.906+0000] {logging_mixin.py:190} INFO - [2026-01-08T01:58:31.906+0000] {dag.py:4138} INFO - Setting next_dagrun for latest_only to 2026-01-07 20:00:00+00:00, run_after=2026-01-08 00:00:00+00:00
[2026-01-08T01:58:31.920+0000] {processor.py:208} INFO - Processing /home/airflow/.local/lib/python3.12/site-packages/airflow/example_dags/example_latest_only.py took 0.058 seconds
[2026-01-08T01:59:02.145+0000] {processor.py:186} INFO - Started process (PID=1382) to work on /home/airflow/.local/lib/python3.12/site-packages/airflow/example_dags/example_latest_only.py
[2026-01-08T01:59:02.146+0000] {processor.py:914} INFO - Processing file /home/airflow/.local/lib/python3.12/site-packages/airflow/example_dags/example_latest_only.py for tasks to queue
[2026-01-08T01:59:02.149+0000] {logging_mixin.py:190} INFO - [2026-01-08T01:59:02.148+0000] {dagbag.py:587} INFO - Filling up the DagBag from /home/airflow/.local/lib/python3.12/site-packages/airflow/example_dags/example_latest_only.py
[2026-01-08T01:59:02.154+0000] {processor.py:925} INFO - DAG(s) 'latest_only' retrieved from /home/airflow/.local/lib/python3.12/site-packages/airflow/example_dags/example_latest_only.py
[2026-01-08T01:59:02.170+0000] {logging_mixin.py:190} INFO - [2026-01-08T01:59:02.170+0000] {dag.py:3211} INFO - Sync 1 DAGs
[2026-01-08T01:59:02.187+0000] {logging_mixin.py:190} INFO - [2026-01-08T01:59:02.187+0000] {dag.py:4138} INFO - Setting next_dagrun for latest_only to 2026-01-07 20:00:00+00:00, run_after=2026-01-08 00:00:00+00:00
[2026-01-08T01:59:02.202+0000] {processor.py:208} INFO - Processing /home/airflow/.local/lib/python3.12/site-packages/airflow/example_dags/example_latest_only.py took 0.062 seconds
[2026-01-08T01:59:32.515+0000] {processor.py:186} INFO - Started process (PID=1445) to work on /home/airflow/.local/lib/python3.12/site-packages/airflow/example_dags/example_latest_only.py
[2026-01-08T01:59:32.516+0000] {processor.py:914} INFO - Processing file /home/airflow/.local/lib/python3.12/site-packages/airflow/example_dags/example_latest_only.py for tasks to queue
[2026-01-08T01:59:32.519+0000] {logging_mixin.py:190} INFO - [2026-01-08T01:59:32.518+0000] {dagbag.py:587} INFO - Filling up the DagBag from /home/airflow/.local/lib/python3.12/site-packages/airflow/example_dags/example_latest_only.py
[2026-01-08T01:59:32.524+0000] {processor.py:925} INFO - DAG(s) 'latest_only' retrieved from /home/airflow/.local/lib/python3.12/site-packages/airflow/example_dags/example_latest_only.py
[2026-01-08T01:59:32.540+0000] {logging_mixin.py:190} INFO - [2026-01-08T01:59:32.540+0000] {dag.py:3211} INFO - Sync 1 DAGs
[2026-01-08T01:59:32.557+0000] {logging_mixin.py:190} INFO - [2026-01-08T01:59:32.556+0000] {dag.py:4138} INFO - Setting next_dagrun for latest_only to 2026-01-07 20:00:00+00:00, run_after=2026-01-08 00:00:00+00:00
[2026-01-08T01:59:32.570+0000] {processor.py:208} INFO - Processing /home/airflow/.local/lib/python3.12/site-packages/airflow/example_dags/example_latest_only.py took 0.060 seconds
[2026-01-08T02:00:02.840+0000] {processor.py:186} INFO - Started process (PID=1508) to work on /home/airflow/.local/lib/python3.12/site-packages/airflow/example_dags/example_latest_only.py
[2026-01-08T02:00:02.841+0000] {processor.py:914} INFO - Processing file /home/airflow/.local/lib/python3.12/site-packages/airflow/example_dags/example_latest_only.py for tasks to queue
[2026-01-08T02:00:02.844+0000] {logging_mixin.py:190} INFO - [2026-01-08T02:00:02.843+0000] {dagbag.py:587} INFO - Filling up the DagBag from /home/airflow/.local/lib/python3.12/site-packages/airflow/example_dags/example_latest_only.py
[2026-01-08T02:00:02.849+0000] {processor.py:925} INFO - DAG(s) 'latest_only' retrieved from /home/airflow/.local/lib/python3.12/site-packages/airflow/example_dags/example_latest_only.py
[2026-01-08T02:00:02.865+0000] {logging_mixin.py:190} INFO - [2026-01-08T02:00:02.865+0000] {dag.py:3211} INFO - Sync 1 DAGs
[2026-01-08T02:00:02.882+0000] {logging_mixin.py:190} INFO - [2026-01-08T02:00:02.882+0000] {dag.py:4138} INFO - Setting next_dagrun for latest_only to 2026-01-07 20:00:00+00:00, run_after=2026-01-08 00:00:00+00:00
[2026-01-08T02:00:02.899+0000] {processor.py:208} INFO - Processing /home/airflow/.local/lib/python3.12/site-packages/airflow/example_dags/example_latest_only.py took 0.064 seconds
[2026-01-08T02:00:33.666+0000] {processor.py:186} INFO - Started process (PID=1571) to work on /home/airflow/.local/lib/python3.12/site-packages/airflow/example_dags/example_latest_only.py
[2026-01-08T02:00:33.667+0000] {processor.py:914} INFO - Processing file /home/airflow/.local/lib/python3.12/site-packages/airflow/example_dags/example_latest_only.py for tasks to queue
[2026-01-08T02:00:33.670+0000] {logging_mixin.py:190} INFO - [2026-01-08T02:00:33.669+0000] {dagbag.py:587} INFO - Filling up the DagBag from /home/airflow/.local/lib/python3.12/site-packages/airflow/example_dags/example_latest_only.py
[2026-01-08T02:00:33.675+0000] {processor.py:925} INFO - DAG(s) 'latest_only' retrieved from /home/airflow/.local/lib/python3.12/site-packages/airflow/example_dags/example_latest_only.py
[2026-01-08T02:00:33.691+0000] {logging_mixin.py:190} INFO - [2026-01-08T02:00:33.691+0000] {dag.py:3211} INFO - Sync 1 DAGs
[2026-01-08T02:00:33.706+0000] {logging_mixin.py:190} INFO - [2026-01-08T02:00:33.706+0000] {dag.py:4138} INFO - Setting next_dagrun for latest_only to 2026-01-07 20:00:00+00:00, run_after=2026-01-08 00:00:00+00:00
[2026-01-08T02:00:33.721+0000] {processor.py:208} INFO - Processing /home/airflow/.local/lib/python3.12/site-packages/airflow/example_dags/example_latest_only.py took 0.059 seconds
[2026-01-08T02:01:04.227+0000] {processor.py:186} INFO - Started process (PID=1634) to work on /home/airflow/.local/lib/python3.12/site-packages/airflow/example_dags/example_latest_only.py
[2026-01-08T02:01:04.229+0000] {processor.py:914} INFO - Processing file /home/airflow/.local/lib/python3.12/site-packages/airflow/example_dags/example_latest_only.py for tasks to queue
[2026-01-08T02:01:04.231+0000] {logging_mixin.py:190} INFO - [2026-01-08T02:01:04.231+0000] {dagbag.py:587} INFO - Filling up the DagBag from /home/airflow/.local/lib/python3.12/site-packages/airflow/example_dags/example_latest_only.py
[2026-01-08T02:01:04.237+0000] {processor.py:925} INFO - DAG(s) 'latest_only' retrieved from /home/airflow/.local/lib/python3.12/site-packages/airflow/example_dags/example_latest_only.py
[2026-01-08T02:01:04.256+0000] {logging_mixin.py:190} INFO - [2026-01-08T02:01:04.256+0000] {dag.py:3211} INFO - Sync 1 DAGs
[2026-01-08T02:01:04.274+0000] {logging_mixin.py:190} INFO - [2026-01-08T02:01:04.274+0000] {dag.py:4138} INFO - Setting next_dagrun for latest_only to 2026-01-07 20:00:00+00:00, run_after=2026-01-08 00:00:00+00:00
[2026-01-08T02:01:04.290+0000] {processor.py:208} INFO - Processing /home/airflow/.local/lib/python3.12/site-packages/airflow/example_dags/example_latest_only.py took 0.068 seconds
[2026-01-08T02:01:34.684+0000] {processor.py:186} INFO - Started process (PID=1697) to work on /home/airflow/.local/lib/python3.12/site-packages/airflow/example_dags/example_latest_only.py
[2026-01-08T02:01:34.685+0000] {processor.py:914} INFO - Processing file /home/airflow/.local/lib/python3.12/site-packages/airflow/example_dags/example_latest_only.py for tasks to queue
[2026-01-08T02:01:34.687+0000] {logging_mixin.py:190} INFO - [2026-01-08T02:01:34.687+0000] {dagbag.py:587} INFO - Filling up the DagBag from /home/airflow/.local/lib/python3.12/site-packages/airflow/example_dags/example_latest_only.py
[2026-01-08T02:01:34.693+0000] {processor.py:925} INFO - DAG(s) 'latest_only' retrieved from /home/airflow/.local/lib/python3.12/site-packages/airflow/example_dags/example_latest_only.py
[2026-01-08T02:01:34.710+0000] {logging_mixin.py:190} INFO - [2026-01-08T02:01:34.710+0000] {dag.py:3211} INFO - Sync 1 DAGs
[2026-01-08T02:01:34.729+0000] {logging_mixin.py:190} INFO - [2026-01-08T02:01:34.728+0000] {dag.py:4138} INFO - Setting next_dagrun for latest_only to 2026-01-07 20:00:00+00:00, run_after=2026-01-08 00:00:00+00:00
[2026-01-08T02:01:34.745+0000] {processor.py:208} INFO - Processing /home/airflow/.local/lib/python3.12/site-packages/airflow/example_dags/example_latest_only.py took 0.065 seconds
[2026-01-08T02:02:04.811+0000] {processor.py:186} INFO - Started process (PID=1760) to work on /home/airflow/.local/lib/python3.12/site-packages/airflow/example_dags/example_latest_only.py
[2026-01-08T02:02:04.812+0000] {processor.py:914} INFO - Processing file /home/airflow/.local/lib/python3.12/site-packages/airflow/example_dags/example_latest_only.py for tasks to queue
[2026-01-08T02:02:04.814+0000] {logging_mixin.py:190} INFO - [2026-01-08T02:02:04.814+0000] {dagbag.py:587} INFO - Filling up the DagBag from /home/airflow/.local/lib/python3.12/site-packages/airflow/example_dags/example_latest_only.py
[2026-01-08T02:02:04.820+0000] {processor.py:925} INFO - DAG(s) 'latest_only' retrieved from /home/airflow/.local/lib/python3.12/site-packages/airflow/example_dags/example_latest_only.py
[2026-01-08T02:02:04.837+0000] {logging_mixin.py:190} INFO - [2026-01-08T02:02:04.837+0000] {dag.py:3211} INFO - Sync 1 DAGs
[2026-01-08T02:02:04.855+0000] {logging_mixin.py:190} INFO - [2026-01-08T02:02:04.854+0000] {dag.py:4138} INFO - Setting next_dagrun for latest_only to 2026-01-07 20:00:00+00:00, run_after=2026-01-08 00:00:00+00:00
[2026-01-08T02:02:04.869+0000] {processor.py:208} INFO - Processing /home/airflow/.local/lib/python3.12/site-packages/airflow/example_dags/example_latest_only.py took 0.063 seconds
[2026-01-08T02:02:34.936+0000] {processor.py:186} INFO - Started process (PID=1823) to work on /home/airflow/.local/lib/python3.12/site-packages/airflow/example_dags/example_latest_only.py
[2026-01-08T02:02:34.937+0000] {processor.py:914} INFO - Processing file /home/airflow/.local/lib/python3.12/site-packages/airflow/example_dags/example_latest_only.py for tasks to queue
[2026-01-08T02:02:34.940+0000] {logging_mixin.py:190} INFO - [2026-01-08T02:02:34.939+0000] {dagbag.py:587} INFO - Filling up the DagBag from /home/airflow/.local/lib/python3.12/site-packages/airflow/example_dags/example_latest_only.py
[2026-01-08T02:02:34.946+0000] {processor.py:925} INFO - DAG(s) 'latest_only' retrieved from /home/airflow/.local/lib/python3.12/site-packages/airflow/example_dags/example_latest_only.py
[2026-01-08T02:02:34.963+0000] {logging_mixin.py:190} INFO - [2026-01-08T02:02:34.963+0000] {dag.py:3211} INFO - Sync 1 DAGs
[2026-01-08T02:02:34.980+0000] {logging_mixin.py:190} INFO - [2026-01-08T02:02:34.980+0000] {dag.py:4138} INFO - Setting next_dagrun for latest_only to 2026-01-07 20:00:00+00:00, run_after=2026-01-08 00:00:00+00:00
[2026-01-08T02:02:34.994+0000] {processor.py:208} INFO - Processing /home/airflow/.local/lib/python3.12/site-packages/airflow/example_dags/example_latest_only.py took 0.063 seconds
[2026-01-08T02:03:05.094+0000] {processor.py:186} INFO - Started process (PID=1886) to work on /home/airflow/.local/lib/python3.12/site-packages/airflow/example_dags/example_latest_only.py
[2026-01-08T02:03:05.096+0000] {processor.py:914} INFO - Processing file /home/airflow/.local/lib/python3.12/site-packages/airflow/example_dags/example_latest_only.py for tasks to queue
[2026-01-08T02:03:05.099+0000] {logging_mixin.py:190} INFO - [2026-01-08T02:03:05.099+0000] {dagbag.py:587} INFO - Filling up the DagBag from /home/airflow/.local/lib/python3.12/site-packages/airflow/example_dags/example_latest_only.py
[2026-01-08T02:03:05.105+0000] {processor.py:925} INFO - DAG(s) 'latest_only' retrieved from /home/airflow/.local/lib/python3.12/site-packages/airflow/example_dags/example_latest_only.py
[2026-01-08T02:03:05.123+0000] {logging_mixin.py:190} INFO - [2026-01-08T02:03:05.123+0000] {dag.py:3211} INFO - Sync 1 DAGs
[2026-01-08T02:03:05.139+0000] {logging_mixin.py:190} INFO - [2026-01-08T02:03:05.139+0000] {dag.py:4138} INFO - Setting next_dagrun for latest_only to 2026-01-07 20:00:00+00:00, run_after=2026-01-08 00:00:00+00:00
[2026-01-08T02:03:05.156+0000] {processor.py:208} INFO - Processing /home/airflow/.local/lib/python3.12/site-packages/airflow/example_dags/example_latest_only.py took 0.066 seconds
[2026-01-08T02:03:35.444+0000] {processor.py:186} INFO - Started process (PID=1951) to work on /home/airflow/.local/lib/python3.12/site-packages/airflow/example_dags/example_latest_only.py
[2026-01-08T02:03:35.446+0000] {processor.py:914} INFO - Processing file /home/airflow/.local/lib/python3.12/site-packages/airflow/example_dags/example_latest_only.py for tasks to queue
[2026-01-08T02:03:35.448+0000] {logging_mixin.py:190} INFO - [2026-01-08T02:03:35.448+0000] {dagbag.py:587} INFO - Filling up the DagBag from /home/airflow/.local/lib/python3.12/site-packages/airflow/example_dags/example_latest_only.py
[2026-01-08T02:03:35.453+0000] {processor.py:925} INFO - DAG(s) 'latest_only' retrieved from /home/airflow/.local/lib/python3.12/site-packages/airflow/example_dags/example_latest_only.py
[2026-01-08T02:03:35.470+0000] {logging_mixin.py:190} INFO - [2026-01-08T02:03:35.470+0000] {dag.py:3211} INFO - Sync 1 DAGs
[2026-01-08T02:03:35.485+0000] {logging_mixin.py:190} INFO - [2026-01-08T02:03:35.485+0000] {dag.py:4138} INFO - Setting next_dagrun for latest_only to 2026-01-07 20:00:00+00:00, run_after=2026-01-08 00:00:00+00:00
[2026-01-08T02:03:35.499+0000] {processor.py:208} INFO - Processing /home/airflow/.local/lib/python3.12/site-packages/airflow/example_dags/example_latest_only.py took 0.058 seconds
[2026-01-08T02:04:05.788+0000] {processor.py:186} INFO - Started process (PID=2014) to work on /home/airflow/.local/lib/python3.12/site-packages/airflow/example_dags/example_latest_only.py
[2026-01-08T02:04:05.789+0000] {processor.py:914} INFO - Processing file /home/airflow/.local/lib/python3.12/site-packages/airflow/example_dags/example_latest_only.py for tasks to queue
[2026-01-08T02:04:05.792+0000] {logging_mixin.py:190} INFO - [2026-01-08T02:04:05.792+0000] {dagbag.py:587} INFO - Filling up the DagBag from /home/airflow/.local/lib/python3.12/site-packages/airflow/example_dags/example_latest_only.py
[2026-01-08T02:04:05.798+0000] {processor.py:925} INFO - DAG(s) 'latest_only' retrieved from /home/airflow/.local/lib/python3.12/site-packages/airflow/example_dags/example_latest_only.py
[2026-01-08T02:04:05.815+0000] {logging_mixin.py:190} INFO - [2026-01-08T02:04:05.815+0000] {dag.py:3211} INFO - Sync 1 DAGs
[2026-01-08T02:04:05.832+0000] {logging_mixin.py:190} INFO - [2026-01-08T02:04:05.832+0000] {dag.py:4138} INFO - Setting next_dagrun for latest_only to 2026-01-07 20:00:00+00:00, run_after=2026-01-08 00:00:00+00:00
[2026-01-08T02:04:05.848+0000] {processor.py:208} INFO - Processing /home/airflow/.local/lib/python3.12/site-packages/airflow/example_dags/example_latest_only.py took 0.064 seconds
[2026-01-08T02:04:36.110+0000] {processor.py:186} INFO - Started process (PID=2077) to work on /home/airflow/.local/lib/python3.12/site-packages/airflow/example_dags/example_latest_only.py
[2026-01-08T02:04:36.111+0000] {processor.py:914} INFO - Processing file /home/airflow/.local/lib/python3.12/site-packages/airflow/example_dags/example_latest_only.py for tasks to queue
[2026-01-08T02:04:36.114+0000] {logging_mixin.py:190} INFO - [2026-01-08T02:04:36.114+0000] {dagbag.py:587} INFO - Filling up the DagBag from /home/airflow/.local/lib/python3.12/site-packages/airflow/example_dags/example_latest_only.py
[2026-01-08T02:04:36.119+0000] {processor.py:925} INFO - DAG(s) 'latest_only' retrieved from /home/airflow/.local/lib/python3.12/site-packages/airflow/example_dags/example_latest_only.py
[2026-01-08T02:04:36.134+0000] {logging_mixin.py:190} INFO - [2026-01-08T02:04:36.134+0000] {dag.py:3211} INFO - Sync 1 DAGs
[2026-01-08T02:04:36.149+0000] {logging_mixin.py:190} INFO - [2026-01-08T02:04:36.149+0000] {dag.py:4138} INFO - Setting next_dagrun for latest_only to 2026-01-07 20:00:00+00:00, run_after=2026-01-08 00:00:00+00:00
[2026-01-08T02:04:36.164+0000] {processor.py:208} INFO - Processing /home/airflow/.local/lib/python3.12/site-packages/airflow/example_dags/example_latest_only.py took 0.058 seconds
[2026-01-08T02:05:06.261+0000] {processor.py:186} INFO - Started process (PID=2140) to work on /home/airflow/.local/lib/python3.12/site-packages/airflow/example_dags/example_latest_only.py
[2026-01-08T02:05:06.262+0000] {processor.py:914} INFO - Processing file /home/airflow/.local/lib/python3.12/site-packages/airflow/example_dags/example_latest_only.py for tasks to queue
[2026-01-08T02:05:06.264+0000] {logging_mixin.py:190} INFO - [2026-01-08T02:05:06.264+0000] {dagbag.py:587} INFO - Filling up the DagBag from /home/airflow/.local/lib/python3.12/site-packages/airflow/example_dags/example_latest_only.py
[2026-01-08T02:05:06.270+0000] {processor.py:925} INFO - DAG(s) 'latest_only' retrieved from /home/airflow/.local/lib/python3.12/site-packages/airflow/example_dags/example_latest_only.py
[2026-01-08T02:05:06.286+0000] {logging_mixin.py:190} INFO - [2026-01-08T02:05:06.286+0000] {dag.py:3211} INFO - Sync 1 DAGs
[2026-01-08T02:05:06.301+0000] {logging_mixin.py:190} INFO - [2026-01-08T02:05:06.301+0000] {dag.py:4138} INFO - Setting next_dagrun for latest_only to 2026-01-07 20:00:00+00:00, run_after=2026-01-08 00:00:00+00:00
[2026-01-08T02:05:06.314+0000] {processor.py:208} INFO - Processing /home/airflow/.local/lib/python3.12/site-packages/airflow/example_dags/example_latest_only.py took 0.057 seconds
[2026-01-08T02:05:36.591+0000] {processor.py:186} INFO - Started process (PID=2203) to work on /home/airflow/.local/lib/python3.12/site-packages/airflow/example_dags/example_latest_only.py
[2026-01-08T02:05:36.592+0000] {processor.py:914} INFO - Processing file /home/airflow/.local/lib/python3.12/site-packages/airflow/example_dags/example_latest_only.py for tasks to queue
[2026-01-08T02:05:36.594+0000] {logging_mixin.py:190} INFO - [2026-01-08T02:05:36.594+0000] {dagbag.py:587} INFO - Filling up the DagBag from /home/airflow/.local/lib/python3.12/site-packages/airflow/example_dags/example_latest_only.py
[2026-01-08T02:05:36.600+0000] {processor.py:925} INFO - DAG(s) 'latest_only' retrieved from /home/airflow/.local/lib/python3.12/site-packages/airflow/example_dags/example_latest_only.py
[2026-01-08T02:05:36.616+0000] {logging_mixin.py:190} INFO - [2026-01-08T02:05:36.615+0000] {dag.py:3211} INFO - Sync 1 DAGs
[2026-01-08T02:05:36.632+0000] {logging_mixin.py:190} INFO - [2026-01-08T02:05:36.632+0000] {dag.py:4138} INFO - Setting next_dagrun for latest_only to 2026-01-07 20:00:00+00:00, run_after=2026-01-08 00:00:00+00:00
[2026-01-08T02:05:36.647+0000] {processor.py:208} INFO - Processing /home/airflow/.local/lib/python3.12/site-packages/airflow/example_dags/example_latest_only.py took 0.061 seconds
[2026-01-08T02:06:06.904+0000] {processor.py:186} INFO - Started process (PID=2266) to work on /home/airflow/.local/lib/python3.12/site-packages/airflow/example_dags/example_latest_only.py
[2026-01-08T02:06:06.905+0000] {processor.py:914} INFO - Processing file /home/airflow/.local/lib/python3.12/site-packages/airflow/example_dags/example_latest_only.py for tasks to queue
[2026-01-08T02:06:06.907+0000] {logging_mixin.py:190} INFO - [2026-01-08T02:06:06.907+0000] {dagbag.py:587} INFO - Filling up the DagBag from /home/airflow/.local/lib/python3.12/site-packages/airflow/example_dags/example_latest_only.py
[2026-01-08T02:06:06.913+0000] {processor.py:925} INFO - DAG(s) 'latest_only' retrieved from /home/airflow/.local/lib/python3.12/site-packages/airflow/example_dags/example_latest_only.py
[2026-01-08T02:06:06.928+0000] {logging_mixin.py:190} INFO - [2026-01-08T02:06:06.928+0000] {dag.py:3211} INFO - Sync 1 DAGs
[2026-01-08T02:06:06.944+0000] {logging_mixin.py:190} INFO - [2026-01-08T02:06:06.944+0000] {dag.py:4138} INFO - Setting next_dagrun for latest_only to 2026-01-07 20:00:00+00:00, run_after=2026-01-08 00:00:00+00:00
[2026-01-08T02:06:06.958+0000] {processor.py:208} INFO - Processing /home/airflow/.local/lib/python3.12/site-packages/airflow/example_dags/example_latest_only.py took 0.058 seconds
[2026-01-08T02:06:37.406+0000] {processor.py:186} INFO - Started process (PID=2329) to work on /home/airflow/.local/lib/python3.12/site-packages/airflow/example_dags/example_latest_only.py
[2026-01-08T02:06:37.407+0000] {processor.py:914} INFO - Processing file /home/airflow/.local/lib/python3.12/site-packages/airflow/example_dags/example_latest_only.py for tasks to queue
[2026-01-08T02:06:37.410+0000] {logging_mixin.py:190} INFO - [2026-01-08T02:06:37.410+0000] {dagbag.py:587} INFO - Filling up the DagBag from /home/airflow/.local/lib/python3.12/site-packages/airflow/example_dags/example_latest_only.py
[2026-01-08T02:06:37.416+0000] {processor.py:925} INFO - DAG(s) 'latest_only' retrieved from /home/airflow/.local/lib/python3.12/site-packages/airflow/example_dags/example_latest_only.py
[2026-01-08T02:06:37.433+0000] {logging_mixin.py:190} INFO - [2026-01-08T02:06:37.433+0000] {dag.py:3211} INFO - Sync 1 DAGs
[2026-01-08T02:06:37.448+0000] {logging_mixin.py:190} INFO - [2026-01-08T02:06:37.448+0000] {dag.py:4138} INFO - Setting next_dagrun for latest_only to 2026-01-07 20:00:00+00:00, run_after=2026-01-08 00:00:00+00:00
[2026-01-08T02:06:37.463+0000] {processor.py:208} INFO - Processing /home/airflow/.local/lib/python3.12/site-packages/airflow/example_dags/example_latest_only.py took 0.061 seconds
[2026-01-08T02:07:07.844+0000] {processor.py:186} INFO - Started process (PID=2392) to work on /home/airflow/.local/lib/python3.12/site-packages/airflow/example_dags/example_latest_only.py
[2026-01-08T02:07:07.846+0000] {processor.py:914} INFO - Processing file /home/airflow/.local/lib/python3.12/site-packages/airflow/example_dags/example_latest_only.py for tasks to queue
[2026-01-08T02:07:07.848+0000] {logging_mixin.py:190} INFO - [2026-01-08T02:07:07.848+0000] {dagbag.py:587} INFO - Filling up the DagBag from /home/airflow/.local/lib/python3.12/site-packages/airflow/example_dags/example_latest_only.py
[2026-01-08T02:07:07.853+0000] {processor.py:925} INFO - DAG(s) 'latest_only' retrieved from /home/airflow/.local/lib/python3.12/site-packages/airflow/example_dags/example_latest_only.py
[2026-01-08T02:07:07.870+0000] {logging_mixin.py:190} INFO - [2026-01-08T02:07:07.870+0000] {dag.py:3211} INFO - Sync 1 DAGs
[2026-01-08T02:07:07.885+0000] {logging_mixin.py:190} INFO - [2026-01-08T02:07:07.885+0000] {dag.py:4138} INFO - Setting next_dagrun for latest_only to 2026-01-07 20:00:00+00:00, run_after=2026-01-08 00:00:00+00:00
[2026-01-08T02:07:07.899+0000] {processor.py:208} INFO - Processing /home/airflow/.local/lib/python3.12/site-packages/airflow/example_dags/example_latest_only.py took 0.059 seconds
[2026-01-08T02:07:38.118+0000] {processor.py:186} INFO - Started process (PID=2455) to work on /home/airflow/.local/lib/python3.12/site-packages/airflow/example_dags/example_latest_only.py
[2026-01-08T02:07:38.120+0000] {processor.py:914} INFO - Processing file /home/airflow/.local/lib/python3.12/site-packages/airflow/example_dags/example_latest_only.py for tasks to queue
[2026-01-08T02:07:38.122+0000] {logging_mixin.py:190} INFO - [2026-01-08T02:07:38.122+0000] {dagbag.py:587} INFO - Filling up the DagBag from /home/airflow/.local/lib/python3.12/site-packages/airflow/example_dags/example_latest_only.py
[2026-01-08T02:07:38.128+0000] {processor.py:925} INFO - DAG(s) 'latest_only' retrieved from /home/airflow/.local/lib/python3.12/site-packages/airflow/example_dags/example_latest_only.py
[2026-01-08T02:07:38.143+0000] {logging_mixin.py:190} INFO - [2026-01-08T02:07:38.143+0000] {dag.py:3211} INFO - Sync 1 DAGs
[2026-01-08T02:07:38.159+0000] {logging_mixin.py:190} INFO - [2026-01-08T02:07:38.159+0000] {dag.py:4138} INFO - Setting next_dagrun for latest_only to 2026-01-07 20:00:00+00:00, run_after=2026-01-08 00:00:00+00:00
[2026-01-08T02:07:38.172+0000] {processor.py:208} INFO - Processing /home/airflow/.local/lib/python3.12/site-packages/airflow/example_dags/example_latest_only.py took 0.058 seconds
[2026-01-08T02:08:08.461+0000] {processor.py:186} INFO - Started process (PID=2518) to work on /home/airflow/.local/lib/python3.12/site-packages/airflow/example_dags/example_latest_only.py
[2026-01-08T02:08:08.463+0000] {processor.py:914} INFO - Processing file /home/airflow/.local/lib/python3.12/site-packages/airflow/example_dags/example_latest_only.py for tasks to queue
[2026-01-08T02:08:08.466+0000] {logging_mixin.py:190} INFO - [2026-01-08T02:08:08.465+0000] {dagbag.py:587} INFO - Filling up the DagBag from /home/airflow/.local/lib/python3.12/site-packages/airflow/example_dags/example_latest_only.py
[2026-01-08T02:08:08.473+0000] {processor.py:925} INFO - DAG(s) 'latest_only' retrieved from /home/airflow/.local/lib/python3.12/site-packages/airflow/example_dags/example_latest_only.py
[2026-01-08T02:08:08.491+0000] {logging_mixin.py:190} INFO - [2026-01-08T02:08:08.491+0000] {dag.py:3211} INFO - Sync 1 DAGs
[2026-01-08T02:08:08.510+0000] {logging_mixin.py:190} INFO - [2026-01-08T02:08:08.510+0000] {dag.py:4138} INFO - Setting next_dagrun for latest_only to 2026-01-07 20:00:00+00:00, run_after=2026-01-08 00:00:00+00:00
[2026-01-08T02:08:08.528+0000] {processor.py:208} INFO - Processing /home/airflow/.local/lib/python3.12/site-packages/airflow/example_dags/example_latest_only.py took 0.073 seconds
[2026-01-08T02:08:38.701+0000] {processor.py:186} INFO - Started process (PID=2581) to work on /home/airflow/.local/lib/python3.12/site-packages/airflow/example_dags/example_latest_only.py
[2026-01-08T02:08:38.703+0000] {processor.py:914} INFO - Processing file /home/airflow/.local/lib/python3.12/site-packages/airflow/example_dags/example_latest_only.py for tasks to queue
[2026-01-08T02:08:38.706+0000] {logging_mixin.py:190} INFO - [2026-01-08T02:08:38.706+0000] {dagbag.py:587} INFO - Filling up the DagBag from /home/airflow/.local/lib/python3.12/site-packages/airflow/example_dags/example_latest_only.py
[2026-01-08T02:08:38.714+0000] {processor.py:925} INFO - DAG(s) 'latest_only' retrieved from /home/airflow/.local/lib/python3.12/site-packages/airflow/example_dags/example_latest_only.py
[2026-01-08T02:08:38.737+0000] {logging_mixin.py:190} INFO - [2026-01-08T02:08:38.737+0000] {dag.py:3211} INFO - Sync 1 DAGs
[2026-01-08T02:08:38.753+0000] {logging_mixin.py:190} INFO - [2026-01-08T02:08:38.752+0000] {dag.py:4138} INFO - Setting next_dagrun for latest_only to 2026-01-07 20:00:00+00:00, run_after=2026-01-08 00:00:00+00:00
[2026-01-08T02:08:38.766+0000] {processor.py:208} INFO - Processing /home/airflow/.local/lib/python3.12/site-packages/airflow/example_dags/example_latest_only.py took 0.073 seconds
[2026-01-08T02:09:08.961+0000] {processor.py:186} INFO - Started process (PID=2644) to work on /home/airflow/.local/lib/python3.12/site-packages/airflow/example_dags/example_latest_only.py
[2026-01-08T02:09:08.962+0000] {processor.py:914} INFO - Processing file /home/airflow/.local/lib/python3.12/site-packages/airflow/example_dags/example_latest_only.py for tasks to queue
[2026-01-08T02:09:08.964+0000] {logging_mixin.py:190} INFO - [2026-01-08T02:09:08.964+0000] {dagbag.py:587} INFO - Filling up the DagBag from /home/airflow/.local/lib/python3.12/site-packages/airflow/example_dags/example_latest_only.py
[2026-01-08T02:09:08.976+0000] {processor.py:925} INFO - DAG(s) 'latest_only' retrieved from /home/airflow/.local/lib/python3.12/site-packages/airflow/example_dags/example_latest_only.py
[2026-01-08T02:09:08.997+0000] {logging_mixin.py:190} INFO - [2026-01-08T02:09:08.997+0000] {dag.py:3211} INFO - Sync 1 DAGs
[2026-01-08T02:09:09.014+0000] {logging_mixin.py:190} INFO - [2026-01-08T02:09:09.014+0000] {dag.py:4138} INFO - Setting next_dagrun for latest_only to 2026-01-07 20:00:00+00:00, run_after=2026-01-08 00:00:00+00:00
[2026-01-08T02:09:09.030+0000] {processor.py:208} INFO - Processing /home/airflow/.local/lib/python3.12/site-packages/airflow/example_dags/example_latest_only.py took 0.075 seconds
[2026-01-08T02:09:39.428+0000] {processor.py:186} INFO - Started process (PID=2707) to work on /home/airflow/.local/lib/python3.12/site-packages/airflow/example_dags/example_latest_only.py
[2026-01-08T02:09:39.430+0000] {processor.py:914} INFO - Processing file /home/airflow/.local/lib/python3.12/site-packages/airflow/example_dags/example_latest_only.py for tasks to queue
[2026-01-08T02:09:39.432+0000] {logging_mixin.py:190} INFO - [2026-01-08T02:09:39.432+0000] {dagbag.py:587} INFO - Filling up the DagBag from /home/airflow/.local/lib/python3.12/site-packages/airflow/example_dags/example_latest_only.py
[2026-01-08T02:09:39.438+0000] {processor.py:925} INFO - DAG(s) 'latest_only' retrieved from /home/airflow/.local/lib/python3.12/site-packages/airflow/example_dags/example_latest_only.py
[2026-01-08T02:09:39.455+0000] {logging_mixin.py:190} INFO - [2026-01-08T02:09:39.455+0000] {dag.py:3211} INFO - Sync 1 DAGs
[2026-01-08T02:09:39.470+0000] {logging_mixin.py:190} INFO - [2026-01-08T02:09:39.469+0000] {dag.py:4138} INFO - Setting next_dagrun for latest_only to 2026-01-07 20:00:00+00:00, run_after=2026-01-08 00:00:00+00:00
[2026-01-08T02:09:39.484+0000] {processor.py:208} INFO - Processing /home/airflow/.local/lib/python3.12/site-packages/airflow/example_dags/example_latest_only.py took 0.060 seconds
[2026-01-08T02:10:09.865+0000] {processor.py:186} INFO - Started process (PID=2770) to work on /home/airflow/.local/lib/python3.12/site-packages/airflow/example_dags/example_latest_only.py
[2026-01-08T02:10:09.867+0000] {processor.py:914} INFO - Processing file /home/airflow/.local/lib/python3.12/site-packages/airflow/example_dags/example_latest_only.py for tasks to queue
[2026-01-08T02:10:09.869+0000] {logging_mixin.py:190} INFO - [2026-01-08T02:10:09.869+0000] {dagbag.py:587} INFO - Filling up the DagBag from /home/airflow/.local/lib/python3.12/site-packages/airflow/example_dags/example_latest_only.py
[2026-01-08T02:10:09.876+0000] {processor.py:925} INFO - DAG(s) 'latest_only' retrieved from /home/airflow/.local/lib/python3.12/site-packages/airflow/example_dags/example_latest_only.py
[2026-01-08T02:10:09.894+0000] {logging_mixin.py:190} INFO - [2026-01-08T02:10:09.894+0000] {dag.py:3211} INFO - Sync 1 DAGs
[2026-01-08T02:10:09.912+0000] {logging_mixin.py:190} INFO - [2026-01-08T02:10:09.912+0000] {dag.py:4138} INFO - Setting next_dagrun for latest_only to 2026-01-07 20:00:00+00:00, run_after=2026-01-08 00:00:00+00:00
[2026-01-08T02:10:09.927+0000] {processor.py:208} INFO - Processing /home/airflow/.local/lib/python3.12/site-packages/airflow/example_dags/example_latest_only.py took 0.067 seconds
[2026-01-08T02:10:40.296+0000] {processor.py:186} INFO - Started process (PID=2832) to work on /home/airflow/.local/lib/python3.12/site-packages/airflow/example_dags/example_latest_only.py
[2026-01-08T02:10:40.297+0000] {processor.py:914} INFO - Processing file /home/airflow/.local/lib/python3.12/site-packages/airflow/example_dags/example_latest_only.py for tasks to queue
[2026-01-08T02:10:40.300+0000] {logging_mixin.py:190} INFO - [2026-01-08T02:10:40.299+0000] {dagbag.py:587} INFO - Filling up the DagBag from /home/airflow/.local/lib/python3.12/site-packages/airflow/example_dags/example_latest_only.py
[2026-01-08T02:10:40.305+0000] {processor.py:925} INFO - DAG(s) 'latest_only' retrieved from /home/airflow/.local/lib/python3.12/site-packages/airflow/example_dags/example_latest_only.py
[2026-01-08T02:10:40.322+0000] {logging_mixin.py:190} INFO - [2026-01-08T02:10:40.322+0000] {dag.py:3211} INFO - Sync 1 DAGs
[2026-01-08T02:10:40.339+0000] {logging_mixin.py:190} INFO - [2026-01-08T02:10:40.338+0000] {dag.py:4138} INFO - Setting next_dagrun for latest_only to 2026-01-07 20:00:00+00:00, run_after=2026-01-08 00:00:00+00:00
[2026-01-08T02:10:40.355+0000] {processor.py:208} INFO - Processing /home/airflow/.local/lib/python3.12/site-packages/airflow/example_dags/example_latest_only.py took 0.064 seconds
[2026-01-08T02:11:10.652+0000] {processor.py:186} INFO - Started process (PID=2895) to work on /home/airflow/.local/lib/python3.12/site-packages/airflow/example_dags/example_latest_only.py
[2026-01-08T02:11:10.653+0000] {processor.py:914} INFO - Processing file /home/airflow/.local/lib/python3.12/site-packages/airflow/example_dags/example_latest_only.py for tasks to queue
[2026-01-08T02:11:10.656+0000] {logging_mixin.py:190} INFO - [2026-01-08T02:11:10.656+0000] {dagbag.py:587} INFO - Filling up the DagBag from /home/airflow/.local/lib/python3.12/site-packages/airflow/example_dags/example_latest_only.py
[2026-01-08T02:11:10.662+0000] {processor.py:925} INFO - DAG(s) 'latest_only' retrieved from /home/airflow/.local/lib/python3.12/site-packages/airflow/example_dags/example_latest_only.py
[2026-01-08T02:11:10.682+0000] {logging_mixin.py:190} INFO - [2026-01-08T02:11:10.682+0000] {dag.py:3211} INFO - Sync 1 DAGs
[2026-01-08T02:11:10.707+0000] {logging_mixin.py:190} INFO - [2026-01-08T02:11:10.707+0000] {dag.py:4138} INFO - Setting next_dagrun for latest_only to 2026-01-07 20:00:00+00:00, run_after=2026-01-08 00:00:00+00:00
[2026-01-08T02:11:10.728+0000] {processor.py:208} INFO - Processing /home/airflow/.local/lib/python3.12/site-packages/airflow/example_dags/example_latest_only.py took 0.081 seconds
[2026-01-08T02:11:41.267+0000] {processor.py:186} INFO - Started process (PID=2958) to work on /home/airflow/.local/lib/python3.12/site-packages/airflow/example_dags/example_latest_only.py
[2026-01-08T02:11:41.269+0000] {processor.py:914} INFO - Processing file /home/airflow/.local/lib/python3.12/site-packages/airflow/example_dags/example_latest_only.py for tasks to queue
[2026-01-08T02:11:41.271+0000] {logging_mixin.py:190} INFO - [2026-01-08T02:11:41.271+0000] {dagbag.py:587} INFO - Filling up the DagBag from /home/airflow/.local/lib/python3.12/site-packages/airflow/example_dags/example_latest_only.py
[2026-01-08T02:11:41.277+0000] {processor.py:925} INFO - DAG(s) 'latest_only' retrieved from /home/airflow/.local/lib/python3.12/site-packages/airflow/example_dags/example_latest_only.py
[2026-01-08T02:11:41.292+0000] {logging_mixin.py:190} INFO - [2026-01-08T02:11:41.292+0000] {dag.py:3211} INFO - Sync 1 DAGs
[2026-01-08T02:11:41.309+0000] {logging_mixin.py:190} INFO - [2026-01-08T02:11:41.309+0000] {dag.py:4138} INFO - Setting next_dagrun for latest_only to 2026-01-07 20:00:00+00:00, run_after=2026-01-08 00:00:00+00:00
[2026-01-08T02:11:41.323+0000] {processor.py:208} INFO - Processing /home/airflow/.local/lib/python3.12/site-packages/airflow/example_dags/example_latest_only.py took 0.060 seconds
[2026-01-08T02:12:12.151+0000] {processor.py:186} INFO - Started process (PID=3022) to work on /home/airflow/.local/lib/python3.12/site-packages/airflow/example_dags/example_latest_only.py
[2026-01-08T02:12:12.152+0000] {processor.py:914} INFO - Processing file /home/airflow/.local/lib/python3.12/site-packages/airflow/example_dags/example_latest_only.py for tasks to queue
[2026-01-08T02:12:12.154+0000] {logging_mixin.py:190} INFO - [2026-01-08T02:12:12.154+0000] {dagbag.py:587} INFO - Filling up the DagBag from /home/airflow/.local/lib/python3.12/site-packages/airflow/example_dags/example_latest_only.py
[2026-01-08T02:12:12.160+0000] {processor.py:925} INFO - DAG(s) 'latest_only' retrieved from /home/airflow/.local/lib/python3.12/site-packages/airflow/example_dags/example_latest_only.py
[2026-01-08T02:12:12.177+0000] {logging_mixin.py:190} INFO - [2026-01-08T02:12:12.177+0000] {dag.py:3211} INFO - Sync 1 DAGs
[2026-01-08T02:12:12.193+0000] {logging_mixin.py:190} INFO - [2026-01-08T02:12:12.193+0000] {dag.py:4138} INFO - Setting next_dagrun for latest_only to 2026-01-07 20:00:00+00:00, run_after=2026-01-08 00:00:00+00:00
[2026-01-08T02:12:12.206+0000] {processor.py:208} INFO - Processing /home/airflow/.local/lib/python3.12/site-packages/airflow/example_dags/example_latest_only.py took 0.060 seconds
