[2026-01-08T01:48:19.759+0000] {processor.py:186} INFO - Started process (PID=65) to work on /home/airflow/.local/lib/python3.12/site-packages/airflow/example_dags/example_bash_operator.py
[2026-01-08T01:48:19.760+0000] {processor.py:914} INFO - Processing file /home/airflow/.local/lib/python3.12/site-packages/airflow/example_dags/example_bash_operator.py for tasks to queue
[2026-01-08T01:48:19.763+0000] {logging_mixin.py:190} INFO - [2026-01-08T01:48:19.762+0000] {dagbag.py:587} INFO - Filling up the DagBag from /home/airflow/.local/lib/python3.12/site-packages/airflow/example_dags/example_bash_operator.py
[2026-01-08T01:48:19.774+0000] {processor.py:925} INFO - DAG(s) 'example_bash_operator' retrieved from /home/airflow/.local/lib/python3.12/site-packages/airflow/example_dags/example_bash_operator.py
[2026-01-08T01:48:19.864+0000] {logging_mixin.py:190} INFO - [2026-01-08T01:48:19.863+0000] {override.py:1858} INFO - Created Permission View: can edit on DAG:example_bash_operator
[2026-01-08T01:48:19.874+0000] {logging_mixin.py:190} INFO - [2026-01-08T01:48:19.874+0000] {override.py:1858} INFO - Created Permission View: can read on DAG:example_bash_operator
[2026-01-08T01:48:19.881+0000] {logging_mixin.py:190} INFO - [2026-01-08T01:48:19.880+0000] {override.py:1858} INFO - Created Permission View: can delete on DAG:example_bash_operator
[2026-01-08T01:48:19.882+0000] {logging_mixin.py:190} INFO - [2026-01-08T01:48:19.882+0000] {dag.py:3211} INFO - Sync 1 DAGs
[2026-01-08T01:48:19.893+0000] {logging_mixin.py:190} INFO - [2026-01-08T01:48:19.893+0000] {dag.py:3234} INFO - Creating ORM DAG for example_bash_operator
[2026-01-08T01:48:19.904+0000] {logging_mixin.py:190} INFO - [2026-01-08T01:48:19.904+0000] {dag.py:4138} INFO - Setting next_dagrun for example_bash_operator to 2026-01-07 00:00:00+00:00, run_after=2026-01-08 00:00:00+00:00
[2026-01-08T01:48:19.919+0000] {processor.py:208} INFO - Processing /home/airflow/.local/lib/python3.12/site-packages/airflow/example_dags/example_bash_operator.py took 0.165 seconds
[2026-01-08T01:48:50.776+0000] {processor.py:186} INFO - Started process (PID=127) to work on /home/airflow/.local/lib/python3.12/site-packages/airflow/example_dags/example_bash_operator.py
[2026-01-08T01:48:50.778+0000] {processor.py:914} INFO - Processing file /home/airflow/.local/lib/python3.12/site-packages/airflow/example_dags/example_bash_operator.py for tasks to queue
[2026-01-08T01:48:50.780+0000] {logging_mixin.py:190} INFO - [2026-01-08T01:48:50.780+0000] {dagbag.py:587} INFO - Filling up the DagBag from /home/airflow/.local/lib/python3.12/site-packages/airflow/example_dags/example_bash_operator.py
[2026-01-08T01:48:50.789+0000] {processor.py:925} INFO - DAG(s) 'example_bash_operator' retrieved from /home/airflow/.local/lib/python3.12/site-packages/airflow/example_dags/example_bash_operator.py
[2026-01-08T01:48:50.809+0000] {logging_mixin.py:190} INFO - [2026-01-08T01:48:50.809+0000] {dag.py:3211} INFO - Sync 1 DAGs
[2026-01-08T01:48:50.827+0000] {logging_mixin.py:190} INFO - [2026-01-08T01:48:50.827+0000] {dag.py:4138} INFO - Setting next_dagrun for example_bash_operator to 2026-01-07 00:00:00+00:00, run_after=2026-01-08 00:00:00+00:00
[2026-01-08T01:48:50.848+0000] {processor.py:208} INFO - Processing /home/airflow/.local/lib/python3.12/site-packages/airflow/example_dags/example_bash_operator.py took 0.076 seconds
[2026-01-08T01:49:21.260+0000] {processor.py:186} INFO - Started process (PID=189) to work on /home/airflow/.local/lib/python3.12/site-packages/airflow/example_dags/example_bash_operator.py
[2026-01-08T01:49:21.261+0000] {processor.py:914} INFO - Processing file /home/airflow/.local/lib/python3.12/site-packages/airflow/example_dags/example_bash_operator.py for tasks to queue
[2026-01-08T01:49:21.263+0000] {logging_mixin.py:190} INFO - [2026-01-08T01:49:21.263+0000] {dagbag.py:587} INFO - Filling up the DagBag from /home/airflow/.local/lib/python3.12/site-packages/airflow/example_dags/example_bash_operator.py
[2026-01-08T01:49:21.276+0000] {processor.py:925} INFO - DAG(s) 'example_bash_operator' retrieved from /home/airflow/.local/lib/python3.12/site-packages/airflow/example_dags/example_bash_operator.py
[2026-01-08T01:49:21.299+0000] {logging_mixin.py:190} INFO - [2026-01-08T01:49:21.299+0000] {dag.py:3211} INFO - Sync 1 DAGs
[2026-01-08T01:49:21.318+0000] {logging_mixin.py:190} INFO - [2026-01-08T01:49:21.318+0000] {dag.py:4138} INFO - Setting next_dagrun for example_bash_operator to 2026-01-07 00:00:00+00:00, run_after=2026-01-08 00:00:00+00:00
[2026-01-08T01:49:21.333+0000] {processor.py:208} INFO - Processing /home/airflow/.local/lib/python3.12/site-packages/airflow/example_dags/example_bash_operator.py took 0.080 seconds
[2026-01-08T01:49:51.742+0000] {processor.py:186} INFO - Started process (PID=251) to work on /home/airflow/.local/lib/python3.12/site-packages/airflow/example_dags/example_bash_operator.py
[2026-01-08T01:49:51.744+0000] {processor.py:914} INFO - Processing file /home/airflow/.local/lib/python3.12/site-packages/airflow/example_dags/example_bash_operator.py for tasks to queue
[2026-01-08T01:49:51.746+0000] {logging_mixin.py:190} INFO - [2026-01-08T01:49:51.746+0000] {dagbag.py:587} INFO - Filling up the DagBag from /home/airflow/.local/lib/python3.12/site-packages/airflow/example_dags/example_bash_operator.py
[2026-01-08T01:49:51.755+0000] {processor.py:925} INFO - DAG(s) 'example_bash_operator' retrieved from /home/airflow/.local/lib/python3.12/site-packages/airflow/example_dags/example_bash_operator.py
[2026-01-08T01:49:51.773+0000] {logging_mixin.py:190} INFO - [2026-01-08T01:49:51.773+0000] {dag.py:3211} INFO - Sync 1 DAGs
[2026-01-08T01:49:51.790+0000] {logging_mixin.py:190} INFO - [2026-01-08T01:49:51.790+0000] {dag.py:4138} INFO - Setting next_dagrun for example_bash_operator to 2026-01-07 00:00:00+00:00, run_after=2026-01-08 00:00:00+00:00
[2026-01-08T01:49:51.806+0000] {processor.py:208} INFO - Processing /home/airflow/.local/lib/python3.12/site-packages/airflow/example_dags/example_bash_operator.py took 0.067 seconds
[2026-01-08T01:50:22.224+0000] {processor.py:186} INFO - Started process (PID=313) to work on /home/airflow/.local/lib/python3.12/site-packages/airflow/example_dags/example_bash_operator.py
[2026-01-08T01:50:22.225+0000] {processor.py:914} INFO - Processing file /home/airflow/.local/lib/python3.12/site-packages/airflow/example_dags/example_bash_operator.py for tasks to queue
[2026-01-08T01:50:22.227+0000] {logging_mixin.py:190} INFO - [2026-01-08T01:50:22.227+0000] {dagbag.py:587} INFO - Filling up the DagBag from /home/airflow/.local/lib/python3.12/site-packages/airflow/example_dags/example_bash_operator.py
[2026-01-08T01:50:22.236+0000] {processor.py:925} INFO - DAG(s) 'example_bash_operator' retrieved from /home/airflow/.local/lib/python3.12/site-packages/airflow/example_dags/example_bash_operator.py
[2026-01-08T01:50:22.254+0000] {logging_mixin.py:190} INFO - [2026-01-08T01:50:22.254+0000] {dag.py:3211} INFO - Sync 1 DAGs
[2026-01-08T01:50:22.270+0000] {logging_mixin.py:190} INFO - [2026-01-08T01:50:22.270+0000] {dag.py:4138} INFO - Setting next_dagrun for example_bash_operator to 2026-01-07 00:00:00+00:00, run_after=2026-01-08 00:00:00+00:00
[2026-01-08T01:50:22.293+0000] {processor.py:208} INFO - Processing /home/airflow/.local/lib/python3.12/site-packages/airflow/example_dags/example_bash_operator.py took 0.074 seconds
[2026-01-08T01:50:52.638+0000] {processor.py:186} INFO - Started process (PID=375) to work on /home/airflow/.local/lib/python3.12/site-packages/airflow/example_dags/example_bash_operator.py
[2026-01-08T01:50:52.639+0000] {processor.py:914} INFO - Processing file /home/airflow/.local/lib/python3.12/site-packages/airflow/example_dags/example_bash_operator.py for tasks to queue
[2026-01-08T01:50:52.641+0000] {logging_mixin.py:190} INFO - [2026-01-08T01:50:52.640+0000] {dagbag.py:587} INFO - Filling up the DagBag from /home/airflow/.local/lib/python3.12/site-packages/airflow/example_dags/example_bash_operator.py
[2026-01-08T01:50:52.650+0000] {processor.py:925} INFO - DAG(s) 'example_bash_operator' retrieved from /home/airflow/.local/lib/python3.12/site-packages/airflow/example_dags/example_bash_operator.py
[2026-01-08T01:50:52.668+0000] {logging_mixin.py:190} INFO - [2026-01-08T01:50:52.668+0000] {dag.py:3211} INFO - Sync 1 DAGs
[2026-01-08T01:50:52.685+0000] {logging_mixin.py:190} INFO - [2026-01-08T01:50:52.685+0000] {dag.py:4138} INFO - Setting next_dagrun for example_bash_operator to 2026-01-07 00:00:00+00:00, run_after=2026-01-08 00:00:00+00:00
[2026-01-08T01:50:52.709+0000] {processor.py:208} INFO - Processing /home/airflow/.local/lib/python3.12/site-packages/airflow/example_dags/example_bash_operator.py took 0.076 seconds
[2026-01-08T01:51:23.183+0000] {processor.py:186} INFO - Started process (PID=437) to work on /home/airflow/.local/lib/python3.12/site-packages/airflow/example_dags/example_bash_operator.py
[2026-01-08T01:51:23.184+0000] {processor.py:914} INFO - Processing file /home/airflow/.local/lib/python3.12/site-packages/airflow/example_dags/example_bash_operator.py for tasks to queue
[2026-01-08T01:51:23.186+0000] {logging_mixin.py:190} INFO - [2026-01-08T01:51:23.186+0000] {dagbag.py:587} INFO - Filling up the DagBag from /home/airflow/.local/lib/python3.12/site-packages/airflow/example_dags/example_bash_operator.py
[2026-01-08T01:51:23.195+0000] {processor.py:925} INFO - DAG(s) 'example_bash_operator' retrieved from /home/airflow/.local/lib/python3.12/site-packages/airflow/example_dags/example_bash_operator.py
[2026-01-08T01:51:23.214+0000] {logging_mixin.py:190} INFO - [2026-01-08T01:51:23.214+0000] {dag.py:3211} INFO - Sync 1 DAGs
[2026-01-08T01:51:23.232+0000] {logging_mixin.py:190} INFO - [2026-01-08T01:51:23.232+0000] {dag.py:4138} INFO - Setting next_dagrun for example_bash_operator to 2026-01-07 00:00:00+00:00, run_after=2026-01-08 00:00:00+00:00
[2026-01-08T01:51:23.254+0000] {processor.py:208} INFO - Processing /home/airflow/.local/lib/python3.12/site-packages/airflow/example_dags/example_bash_operator.py took 0.075 seconds
[2026-01-08T01:51:53.806+0000] {processor.py:186} INFO - Started process (PID=499) to work on /home/airflow/.local/lib/python3.12/site-packages/airflow/example_dags/example_bash_operator.py
[2026-01-08T01:51:53.807+0000] {processor.py:914} INFO - Processing file /home/airflow/.local/lib/python3.12/site-packages/airflow/example_dags/example_bash_operator.py for tasks to queue
[2026-01-08T01:51:53.810+0000] {logging_mixin.py:190} INFO - [2026-01-08T01:51:53.809+0000] {dagbag.py:587} INFO - Filling up the DagBag from /home/airflow/.local/lib/python3.12/site-packages/airflow/example_dags/example_bash_operator.py
[2026-01-08T01:51:53.819+0000] {processor.py:925} INFO - DAG(s) 'example_bash_operator' retrieved from /home/airflow/.local/lib/python3.12/site-packages/airflow/example_dags/example_bash_operator.py
[2026-01-08T01:51:53.838+0000] {logging_mixin.py:190} INFO - [2026-01-08T01:51:53.838+0000] {dag.py:3211} INFO - Sync 1 DAGs
[2026-01-08T01:51:53.854+0000] {logging_mixin.py:190} INFO - [2026-01-08T01:51:53.854+0000] {dag.py:4138} INFO - Setting next_dagrun for example_bash_operator to 2026-01-07 00:00:00+00:00, run_after=2026-01-08 00:00:00+00:00
[2026-01-08T01:51:53.870+0000] {processor.py:208} INFO - Processing /home/airflow/.local/lib/python3.12/site-packages/airflow/example_dags/example_bash_operator.py took 0.068 seconds
[2026-01-08T01:52:24.473+0000] {processor.py:186} INFO - Started process (PID=562) to work on /home/airflow/.local/lib/python3.12/site-packages/airflow/example_dags/example_bash_operator.py
[2026-01-08T01:52:24.474+0000] {processor.py:914} INFO - Processing file /home/airflow/.local/lib/python3.12/site-packages/airflow/example_dags/example_bash_operator.py for tasks to queue
[2026-01-08T01:52:24.476+0000] {logging_mixin.py:190} INFO - [2026-01-08T01:52:24.476+0000] {dagbag.py:587} INFO - Filling up the DagBag from /home/airflow/.local/lib/python3.12/site-packages/airflow/example_dags/example_bash_operator.py
[2026-01-08T01:52:24.486+0000] {processor.py:925} INFO - DAG(s) 'example_bash_operator' retrieved from /home/airflow/.local/lib/python3.12/site-packages/airflow/example_dags/example_bash_operator.py
[2026-01-08T01:52:24.507+0000] {logging_mixin.py:190} INFO - [2026-01-08T01:52:24.507+0000] {dag.py:3211} INFO - Sync 1 DAGs
[2026-01-08T01:52:24.526+0000] {logging_mixin.py:190} INFO - [2026-01-08T01:52:24.526+0000] {dag.py:4138} INFO - Setting next_dagrun for example_bash_operator to 2026-01-07 00:00:00+00:00, run_after=2026-01-08 00:00:00+00:00
[2026-01-08T01:52:24.549+0000] {processor.py:208} INFO - Processing /home/airflow/.local/lib/python3.12/site-packages/airflow/example_dags/example_bash_operator.py took 0.082 seconds
[2026-01-08T01:52:54.752+0000] {processor.py:186} INFO - Started process (PID=630) to work on /home/airflow/.local/lib/python3.12/site-packages/airflow/example_dags/example_bash_operator.py
[2026-01-08T01:52:54.754+0000] {processor.py:914} INFO - Processing file /home/airflow/.local/lib/python3.12/site-packages/airflow/example_dags/example_bash_operator.py for tasks to queue
[2026-01-08T01:52:54.756+0000] {logging_mixin.py:190} INFO - [2026-01-08T01:52:54.756+0000] {dagbag.py:587} INFO - Filling up the DagBag from /home/airflow/.local/lib/python3.12/site-packages/airflow/example_dags/example_bash_operator.py
[2026-01-08T01:52:54.767+0000] {processor.py:925} INFO - DAG(s) 'example_bash_operator' retrieved from /home/airflow/.local/lib/python3.12/site-packages/airflow/example_dags/example_bash_operator.py
[2026-01-08T01:52:54.786+0000] {logging_mixin.py:190} INFO - [2026-01-08T01:52:54.786+0000] {dag.py:3211} INFO - Sync 1 DAGs
[2026-01-08T01:52:54.803+0000] {logging_mixin.py:190} INFO - [2026-01-08T01:52:54.803+0000] {dag.py:4138} INFO - Setting next_dagrun for example_bash_operator to 2026-01-07 00:00:00+00:00, run_after=2026-01-08 00:00:00+00:00
[2026-01-08T01:52:54.819+0000] {processor.py:208} INFO - Processing /home/airflow/.local/lib/python3.12/site-packages/airflow/example_dags/example_bash_operator.py took 0.071 seconds
[2026-01-08T01:53:25.114+0000] {processor.py:186} INFO - Started process (PID=692) to work on /home/airflow/.local/lib/python3.12/site-packages/airflow/example_dags/example_bash_operator.py
[2026-01-08T01:53:25.115+0000] {processor.py:914} INFO - Processing file /home/airflow/.local/lib/python3.12/site-packages/airflow/example_dags/example_bash_operator.py for tasks to queue
[2026-01-08T01:53:25.118+0000] {logging_mixin.py:190} INFO - [2026-01-08T01:53:25.117+0000] {dagbag.py:587} INFO - Filling up the DagBag from /home/airflow/.local/lib/python3.12/site-packages/airflow/example_dags/example_bash_operator.py
[2026-01-08T01:53:25.128+0000] {processor.py:925} INFO - DAG(s) 'example_bash_operator' retrieved from /home/airflow/.local/lib/python3.12/site-packages/airflow/example_dags/example_bash_operator.py
[2026-01-08T01:53:25.148+0000] {logging_mixin.py:190} INFO - [2026-01-08T01:53:25.148+0000] {dag.py:3211} INFO - Sync 1 DAGs
[2026-01-08T01:53:25.167+0000] {logging_mixin.py:190} INFO - [2026-01-08T01:53:25.167+0000] {dag.py:4138} INFO - Setting next_dagrun for example_bash_operator to 2026-01-07 00:00:00+00:00, run_after=2026-01-08 00:00:00+00:00
[2026-01-08T01:53:25.185+0000] {processor.py:208} INFO - Processing /home/airflow/.local/lib/python3.12/site-packages/airflow/example_dags/example_bash_operator.py took 0.076 seconds
[2026-01-08T01:53:55.774+0000] {processor.py:186} INFO - Started process (PID=754) to work on /home/airflow/.local/lib/python3.12/site-packages/airflow/example_dags/example_bash_operator.py
[2026-01-08T01:53:55.775+0000] {processor.py:914} INFO - Processing file /home/airflow/.local/lib/python3.12/site-packages/airflow/example_dags/example_bash_operator.py for tasks to queue
[2026-01-08T01:53:55.777+0000] {logging_mixin.py:190} INFO - [2026-01-08T01:53:55.777+0000] {dagbag.py:587} INFO - Filling up the DagBag from /home/airflow/.local/lib/python3.12/site-packages/airflow/example_dags/example_bash_operator.py
[2026-01-08T01:53:55.786+0000] {processor.py:925} INFO - DAG(s) 'example_bash_operator' retrieved from /home/airflow/.local/lib/python3.12/site-packages/airflow/example_dags/example_bash_operator.py
[2026-01-08T01:53:55.805+0000] {logging_mixin.py:190} INFO - [2026-01-08T01:53:55.805+0000] {dag.py:3211} INFO - Sync 1 DAGs
[2026-01-08T01:53:55.821+0000] {logging_mixin.py:190} INFO - [2026-01-08T01:53:55.821+0000] {dag.py:4138} INFO - Setting next_dagrun for example_bash_operator to 2026-01-07 00:00:00+00:00, run_after=2026-01-08 00:00:00+00:00
[2026-01-08T01:53:55.843+0000] {processor.py:208} INFO - Processing /home/airflow/.local/lib/python3.12/site-packages/airflow/example_dags/example_bash_operator.py took 0.073 seconds
[2026-01-08T01:54:26.188+0000] {processor.py:186} INFO - Started process (PID=816) to work on /home/airflow/.local/lib/python3.12/site-packages/airflow/example_dags/example_bash_operator.py
[2026-01-08T01:54:26.189+0000] {processor.py:914} INFO - Processing file /home/airflow/.local/lib/python3.12/site-packages/airflow/example_dags/example_bash_operator.py for tasks to queue
[2026-01-08T01:54:26.192+0000] {logging_mixin.py:190} INFO - [2026-01-08T01:54:26.192+0000] {dagbag.py:587} INFO - Filling up the DagBag from /home/airflow/.local/lib/python3.12/site-packages/airflow/example_dags/example_bash_operator.py
[2026-01-08T01:54:26.202+0000] {processor.py:925} INFO - DAG(s) 'example_bash_operator' retrieved from /home/airflow/.local/lib/python3.12/site-packages/airflow/example_dags/example_bash_operator.py
[2026-01-08T01:54:26.223+0000] {logging_mixin.py:190} INFO - [2026-01-08T01:54:26.223+0000] {dag.py:3211} INFO - Sync 1 DAGs
[2026-01-08T01:54:26.240+0000] {logging_mixin.py:190} INFO - [2026-01-08T01:54:26.240+0000] {dag.py:4138} INFO - Setting next_dagrun for example_bash_operator to 2026-01-07 00:00:00+00:00, run_after=2026-01-08 00:00:00+00:00
[2026-01-08T01:54:26.257+0000] {processor.py:208} INFO - Processing /home/airflow/.local/lib/python3.12/site-packages/airflow/example_dags/example_bash_operator.py took 0.074 seconds
[2026-01-08T01:54:56.898+0000] {processor.py:186} INFO - Started process (PID=878) to work on /home/airflow/.local/lib/python3.12/site-packages/airflow/example_dags/example_bash_operator.py
[2026-01-08T01:54:56.899+0000] {processor.py:914} INFO - Processing file /home/airflow/.local/lib/python3.12/site-packages/airflow/example_dags/example_bash_operator.py for tasks to queue
[2026-01-08T01:54:56.902+0000] {logging_mixin.py:190} INFO - [2026-01-08T01:54:56.902+0000] {dagbag.py:587} INFO - Filling up the DagBag from /home/airflow/.local/lib/python3.12/site-packages/airflow/example_dags/example_bash_operator.py
[2026-01-08T01:54:56.911+0000] {processor.py:925} INFO - DAG(s) 'example_bash_operator' retrieved from /home/airflow/.local/lib/python3.12/site-packages/airflow/example_dags/example_bash_operator.py
[2026-01-08T01:54:56.929+0000] {logging_mixin.py:190} INFO - [2026-01-08T01:54:56.929+0000] {dag.py:3211} INFO - Sync 1 DAGs
[2026-01-08T01:54:56.947+0000] {logging_mixin.py:190} INFO - [2026-01-08T01:54:56.947+0000] {dag.py:4138} INFO - Setting next_dagrun for example_bash_operator to 2026-01-07 00:00:00+00:00, run_after=2026-01-08 00:00:00+00:00
[2026-01-08T01:54:56.963+0000] {processor.py:208} INFO - Processing /home/airflow/.local/lib/python3.12/site-packages/airflow/example_dags/example_bash_operator.py took 0.070 seconds
[2026-01-08T01:55:27.176+0000] {processor.py:186} INFO - Started process (PID=940) to work on /home/airflow/.local/lib/python3.12/site-packages/airflow/example_dags/example_bash_operator.py
[2026-01-08T01:55:27.177+0000] {processor.py:914} INFO - Processing file /home/airflow/.local/lib/python3.12/site-packages/airflow/example_dags/example_bash_operator.py for tasks to queue
[2026-01-08T01:55:27.179+0000] {logging_mixin.py:190} INFO - [2026-01-08T01:55:27.178+0000] {dagbag.py:587} INFO - Filling up the DagBag from /home/airflow/.local/lib/python3.12/site-packages/airflow/example_dags/example_bash_operator.py
[2026-01-08T01:55:27.188+0000] {processor.py:925} INFO - DAG(s) 'example_bash_operator' retrieved from /home/airflow/.local/lib/python3.12/site-packages/airflow/example_dags/example_bash_operator.py
[2026-01-08T01:55:27.207+0000] {logging_mixin.py:190} INFO - [2026-01-08T01:55:27.207+0000] {dag.py:3211} INFO - Sync 1 DAGs
[2026-01-08T01:55:27.227+0000] {logging_mixin.py:190} INFO - [2026-01-08T01:55:27.227+0000] {dag.py:4138} INFO - Setting next_dagrun for example_bash_operator to 2026-01-07 00:00:00+00:00, run_after=2026-01-08 00:00:00+00:00
[2026-01-08T01:55:27.246+0000] {processor.py:208} INFO - Processing /home/airflow/.local/lib/python3.12/site-packages/airflow/example_dags/example_bash_operator.py took 0.075 seconds
[2026-01-08T01:55:57.952+0000] {processor.py:186} INFO - Started process (PID=1002) to work on /home/airflow/.local/lib/python3.12/site-packages/airflow/example_dags/example_bash_operator.py
[2026-01-08T01:55:57.954+0000] {processor.py:914} INFO - Processing file /home/airflow/.local/lib/python3.12/site-packages/airflow/example_dags/example_bash_operator.py for tasks to queue
[2026-01-08T01:55:57.956+0000] {logging_mixin.py:190} INFO - [2026-01-08T01:55:57.956+0000] {dagbag.py:587} INFO - Filling up the DagBag from /home/airflow/.local/lib/python3.12/site-packages/airflow/example_dags/example_bash_operator.py
[2026-01-08T01:55:57.970+0000] {processor.py:925} INFO - DAG(s) 'example_bash_operator' retrieved from /home/airflow/.local/lib/python3.12/site-packages/airflow/example_dags/example_bash_operator.py
[2026-01-08T01:55:57.999+0000] {logging_mixin.py:190} INFO - [2026-01-08T01:55:57.998+0000] {dag.py:3211} INFO - Sync 1 DAGs
[2026-01-08T01:55:58.022+0000] {logging_mixin.py:190} INFO - [2026-01-08T01:55:58.022+0000] {dag.py:4138} INFO - Setting next_dagrun for example_bash_operator to 2026-01-07 00:00:00+00:00, run_after=2026-01-08 00:00:00+00:00
[2026-01-08T01:55:58.040+0000] {processor.py:208} INFO - Processing /home/airflow/.local/lib/python3.12/site-packages/airflow/example_dags/example_bash_operator.py took 0.092 seconds
[2026-01-08T01:56:28.764+0000] {processor.py:186} INFO - Started process (PID=1064) to work on /home/airflow/.local/lib/python3.12/site-packages/airflow/example_dags/example_bash_operator.py
[2026-01-08T01:56:28.765+0000] {processor.py:914} INFO - Processing file /home/airflow/.local/lib/python3.12/site-packages/airflow/example_dags/example_bash_operator.py for tasks to queue
[2026-01-08T01:56:28.767+0000] {logging_mixin.py:190} INFO - [2026-01-08T01:56:28.767+0000] {dagbag.py:587} INFO - Filling up the DagBag from /home/airflow/.local/lib/python3.12/site-packages/airflow/example_dags/example_bash_operator.py
[2026-01-08T01:56:28.776+0000] {processor.py:925} INFO - DAG(s) 'example_bash_operator' retrieved from /home/airflow/.local/lib/python3.12/site-packages/airflow/example_dags/example_bash_operator.py
[2026-01-08T01:56:28.796+0000] {logging_mixin.py:190} INFO - [2026-01-08T01:56:28.796+0000] {dag.py:3211} INFO - Sync 1 DAGs
[2026-01-08T01:56:28.815+0000] {logging_mixin.py:190} INFO - [2026-01-08T01:56:28.814+0000] {dag.py:4138} INFO - Setting next_dagrun for example_bash_operator to 2026-01-07 00:00:00+00:00, run_after=2026-01-08 00:00:00+00:00
[2026-01-08T01:56:28.831+0000] {processor.py:208} INFO - Processing /home/airflow/.local/lib/python3.12/site-packages/airflow/example_dags/example_bash_operator.py took 0.071 seconds
[2026-01-08T01:56:59.094+0000] {processor.py:186} INFO - Started process (PID=1126) to work on /home/airflow/.local/lib/python3.12/site-packages/airflow/example_dags/example_bash_operator.py
[2026-01-08T01:56:59.096+0000] {processor.py:914} INFO - Processing file /home/airflow/.local/lib/python3.12/site-packages/airflow/example_dags/example_bash_operator.py for tasks to queue
[2026-01-08T01:56:59.098+0000] {logging_mixin.py:190} INFO - [2026-01-08T01:56:59.097+0000] {dagbag.py:587} INFO - Filling up the DagBag from /home/airflow/.local/lib/python3.12/site-packages/airflow/example_dags/example_bash_operator.py
[2026-01-08T01:56:59.107+0000] {processor.py:925} INFO - DAG(s) 'example_bash_operator' retrieved from /home/airflow/.local/lib/python3.12/site-packages/airflow/example_dags/example_bash_operator.py
[2026-01-08T01:56:59.125+0000] {logging_mixin.py:190} INFO - [2026-01-08T01:56:59.125+0000] {dag.py:3211} INFO - Sync 1 DAGs
[2026-01-08T01:56:59.142+0000] {logging_mixin.py:190} INFO - [2026-01-08T01:56:59.142+0000] {dag.py:4138} INFO - Setting next_dagrun for example_bash_operator to 2026-01-07 00:00:00+00:00, run_after=2026-01-08 00:00:00+00:00
[2026-01-08T01:56:59.160+0000] {processor.py:208} INFO - Processing /home/airflow/.local/lib/python3.12/site-packages/airflow/example_dags/example_bash_operator.py took 0.070 seconds
[2026-01-08T01:57:29.223+0000] {processor.py:186} INFO - Started process (PID=1188) to work on /home/airflow/.local/lib/python3.12/site-packages/airflow/example_dags/example_bash_operator.py
[2026-01-08T01:57:29.224+0000] {processor.py:914} INFO - Processing file /home/airflow/.local/lib/python3.12/site-packages/airflow/example_dags/example_bash_operator.py for tasks to queue
[2026-01-08T01:57:29.226+0000] {logging_mixin.py:190} INFO - [2026-01-08T01:57:29.226+0000] {dagbag.py:587} INFO - Filling up the DagBag from /home/airflow/.local/lib/python3.12/site-packages/airflow/example_dags/example_bash_operator.py
[2026-01-08T01:57:29.235+0000] {processor.py:925} INFO - DAG(s) 'example_bash_operator' retrieved from /home/airflow/.local/lib/python3.12/site-packages/airflow/example_dags/example_bash_operator.py
[2026-01-08T01:57:29.254+0000] {logging_mixin.py:190} INFO - [2026-01-08T01:57:29.254+0000] {dag.py:3211} INFO - Sync 1 DAGs
[2026-01-08T01:57:29.269+0000] {logging_mixin.py:190} INFO - [2026-01-08T01:57:29.269+0000] {dag.py:4138} INFO - Setting next_dagrun for example_bash_operator to 2026-01-07 00:00:00+00:00, run_after=2026-01-08 00:00:00+00:00
[2026-01-08T01:57:29.285+0000] {processor.py:208} INFO - Processing /home/airflow/.local/lib/python3.12/site-packages/airflow/example_dags/example_bash_operator.py took 0.066 seconds
[2026-01-08T01:57:59.925+0000] {processor.py:186} INFO - Started process (PID=1250) to work on /home/airflow/.local/lib/python3.12/site-packages/airflow/example_dags/example_bash_operator.py
[2026-01-08T01:57:59.927+0000] {processor.py:914} INFO - Processing file /home/airflow/.local/lib/python3.12/site-packages/airflow/example_dags/example_bash_operator.py for tasks to queue
[2026-01-08T01:57:59.929+0000] {logging_mixin.py:190} INFO - [2026-01-08T01:57:59.929+0000] {dagbag.py:587} INFO - Filling up the DagBag from /home/airflow/.local/lib/python3.12/site-packages/airflow/example_dags/example_bash_operator.py
[2026-01-08T01:57:59.938+0000] {processor.py:925} INFO - DAG(s) 'example_bash_operator' retrieved from /home/airflow/.local/lib/python3.12/site-packages/airflow/example_dags/example_bash_operator.py
[2026-01-08T01:57:59.958+0000] {logging_mixin.py:190} INFO - [2026-01-08T01:57:59.957+0000] {dag.py:3211} INFO - Sync 1 DAGs
[2026-01-08T01:57:59.974+0000] {logging_mixin.py:190} INFO - [2026-01-08T01:57:59.974+0000] {dag.py:4138} INFO - Setting next_dagrun for example_bash_operator to 2026-01-07 00:00:00+00:00, run_after=2026-01-08 00:00:00+00:00
[2026-01-08T01:57:59.988+0000] {processor.py:208} INFO - Processing /home/airflow/.local/lib/python3.12/site-packages/airflow/example_dags/example_bash_operator.py took 0.067 seconds
[2026-01-08T01:58:30.531+0000] {processor.py:186} INFO - Started process (PID=1313) to work on /home/airflow/.local/lib/python3.12/site-packages/airflow/example_dags/example_bash_operator.py
[2026-01-08T01:58:30.532+0000] {processor.py:914} INFO - Processing file /home/airflow/.local/lib/python3.12/site-packages/airflow/example_dags/example_bash_operator.py for tasks to queue
[2026-01-08T01:58:30.534+0000] {logging_mixin.py:190} INFO - [2026-01-08T01:58:30.534+0000] {dagbag.py:587} INFO - Filling up the DagBag from /home/airflow/.local/lib/python3.12/site-packages/airflow/example_dags/example_bash_operator.py
[2026-01-08T01:58:30.543+0000] {processor.py:925} INFO - DAG(s) 'example_bash_operator' retrieved from /home/airflow/.local/lib/python3.12/site-packages/airflow/example_dags/example_bash_operator.py
[2026-01-08T01:58:30.561+0000] {logging_mixin.py:190} INFO - [2026-01-08T01:58:30.561+0000] {dag.py:3211} INFO - Sync 1 DAGs
[2026-01-08T01:58:30.580+0000] {logging_mixin.py:190} INFO - [2026-01-08T01:58:30.580+0000] {dag.py:4138} INFO - Setting next_dagrun for example_bash_operator to 2026-01-07 00:00:00+00:00, run_after=2026-01-08 00:00:00+00:00
[2026-01-08T01:58:30.595+0000] {processor.py:208} INFO - Processing /home/airflow/.local/lib/python3.12/site-packages/airflow/example_dags/example_bash_operator.py took 0.069 seconds
[2026-01-08T01:59:00.847+0000] {processor.py:186} INFO - Started process (PID=1376) to work on /home/airflow/.local/lib/python3.12/site-packages/airflow/example_dags/example_bash_operator.py
[2026-01-08T01:59:00.848+0000] {processor.py:914} INFO - Processing file /home/airflow/.local/lib/python3.12/site-packages/airflow/example_dags/example_bash_operator.py for tasks to queue
[2026-01-08T01:59:00.850+0000] {logging_mixin.py:190} INFO - [2026-01-08T01:59:00.850+0000] {dagbag.py:587} INFO - Filling up the DagBag from /home/airflow/.local/lib/python3.12/site-packages/airflow/example_dags/example_bash_operator.py
[2026-01-08T01:59:00.860+0000] {processor.py:925} INFO - DAG(s) 'example_bash_operator' retrieved from /home/airflow/.local/lib/python3.12/site-packages/airflow/example_dags/example_bash_operator.py
[2026-01-08T01:59:00.878+0000] {logging_mixin.py:190} INFO - [2026-01-08T01:59:00.877+0000] {dag.py:3211} INFO - Sync 1 DAGs
[2026-01-08T01:59:00.893+0000] {logging_mixin.py:190} INFO - [2026-01-08T01:59:00.893+0000] {dag.py:4138} INFO - Setting next_dagrun for example_bash_operator to 2026-01-07 00:00:00+00:00, run_after=2026-01-08 00:00:00+00:00
[2026-01-08T01:59:00.906+0000] {processor.py:208} INFO - Processing /home/airflow/.local/lib/python3.12/site-packages/airflow/example_dags/example_bash_operator.py took 0.064 seconds
[2026-01-08T01:59:31.209+0000] {processor.py:186} INFO - Started process (PID=1439) to work on /home/airflow/.local/lib/python3.12/site-packages/airflow/example_dags/example_bash_operator.py
[2026-01-08T01:59:31.210+0000] {processor.py:914} INFO - Processing file /home/airflow/.local/lib/python3.12/site-packages/airflow/example_dags/example_bash_operator.py for tasks to queue
[2026-01-08T01:59:31.212+0000] {logging_mixin.py:190} INFO - [2026-01-08T01:59:31.212+0000] {dagbag.py:587} INFO - Filling up the DagBag from /home/airflow/.local/lib/python3.12/site-packages/airflow/example_dags/example_bash_operator.py
[2026-01-08T01:59:31.222+0000] {processor.py:925} INFO - DAG(s) 'example_bash_operator' retrieved from /home/airflow/.local/lib/python3.12/site-packages/airflow/example_dags/example_bash_operator.py
[2026-01-08T01:59:31.242+0000] {logging_mixin.py:190} INFO - [2026-01-08T01:59:31.241+0000] {dag.py:3211} INFO - Sync 1 DAGs
[2026-01-08T01:59:31.258+0000] {logging_mixin.py:190} INFO - [2026-01-08T01:59:31.257+0000] {dag.py:4138} INFO - Setting next_dagrun for example_bash_operator to 2026-01-07 00:00:00+00:00, run_after=2026-01-08 00:00:00+00:00
[2026-01-08T01:59:31.273+0000] {processor.py:208} INFO - Processing /home/airflow/.local/lib/python3.12/site-packages/airflow/example_dags/example_bash_operator.py took 0.068 seconds
[2026-01-08T02:00:01.500+0000] {processor.py:186} INFO - Started process (PID=1502) to work on /home/airflow/.local/lib/python3.12/site-packages/airflow/example_dags/example_bash_operator.py
[2026-01-08T02:00:01.501+0000] {processor.py:914} INFO - Processing file /home/airflow/.local/lib/python3.12/site-packages/airflow/example_dags/example_bash_operator.py for tasks to queue
[2026-01-08T02:00:01.504+0000] {logging_mixin.py:190} INFO - [2026-01-08T02:00:01.503+0000] {dagbag.py:587} INFO - Filling up the DagBag from /home/airflow/.local/lib/python3.12/site-packages/airflow/example_dags/example_bash_operator.py
[2026-01-08T02:00:01.514+0000] {processor.py:925} INFO - DAG(s) 'example_bash_operator' retrieved from /home/airflow/.local/lib/python3.12/site-packages/airflow/example_dags/example_bash_operator.py
[2026-01-08T02:00:01.533+0000] {logging_mixin.py:190} INFO - [2026-01-08T02:00:01.533+0000] {dag.py:3211} INFO - Sync 1 DAGs
[2026-01-08T02:00:01.550+0000] {logging_mixin.py:190} INFO - [2026-01-08T02:00:01.550+0000] {dag.py:4138} INFO - Setting next_dagrun for example_bash_operator to 2026-01-07 00:00:00+00:00, run_after=2026-01-08 00:00:00+00:00
[2026-01-08T02:00:01.565+0000] {processor.py:208} INFO - Processing /home/airflow/.local/lib/python3.12/site-packages/airflow/example_dags/example_bash_operator.py took 0.070 seconds
[2026-01-08T02:00:32.304+0000] {processor.py:186} INFO - Started process (PID=1565) to work on /home/airflow/.local/lib/python3.12/site-packages/airflow/example_dags/example_bash_operator.py
[2026-01-08T02:00:32.306+0000] {processor.py:914} INFO - Processing file /home/airflow/.local/lib/python3.12/site-packages/airflow/example_dags/example_bash_operator.py for tasks to queue
[2026-01-08T02:00:32.309+0000] {logging_mixin.py:190} INFO - [2026-01-08T02:00:32.308+0000] {dagbag.py:587} INFO - Filling up the DagBag from /home/airflow/.local/lib/python3.12/site-packages/airflow/example_dags/example_bash_operator.py
[2026-01-08T02:00:32.321+0000] {processor.py:925} INFO - DAG(s) 'example_bash_operator' retrieved from /home/airflow/.local/lib/python3.12/site-packages/airflow/example_dags/example_bash_operator.py
[2026-01-08T02:00:32.342+0000] {logging_mixin.py:190} INFO - [2026-01-08T02:00:32.342+0000] {dag.py:3211} INFO - Sync 1 DAGs
[2026-01-08T02:00:32.360+0000] {logging_mixin.py:190} INFO - [2026-01-08T02:00:32.360+0000] {dag.py:4138} INFO - Setting next_dagrun for example_bash_operator to 2026-01-07 00:00:00+00:00, run_after=2026-01-08 00:00:00+00:00
[2026-01-08T02:00:32.380+0000] {processor.py:208} INFO - Processing /home/airflow/.local/lib/python3.12/site-packages/airflow/example_dags/example_bash_operator.py took 0.081 seconds
[2026-01-08T02:01:02.877+0000] {processor.py:186} INFO - Started process (PID=1628) to work on /home/airflow/.local/lib/python3.12/site-packages/airflow/example_dags/example_bash_operator.py
[2026-01-08T02:01:02.878+0000] {processor.py:914} INFO - Processing file /home/airflow/.local/lib/python3.12/site-packages/airflow/example_dags/example_bash_operator.py for tasks to queue
[2026-01-08T02:01:02.881+0000] {logging_mixin.py:190} INFO - [2026-01-08T02:01:02.880+0000] {dagbag.py:587} INFO - Filling up the DagBag from /home/airflow/.local/lib/python3.12/site-packages/airflow/example_dags/example_bash_operator.py
[2026-01-08T02:01:02.891+0000] {processor.py:925} INFO - DAG(s) 'example_bash_operator' retrieved from /home/airflow/.local/lib/python3.12/site-packages/airflow/example_dags/example_bash_operator.py
[2026-01-08T02:01:02.913+0000] {logging_mixin.py:190} INFO - [2026-01-08T02:01:02.913+0000] {dag.py:3211} INFO - Sync 1 DAGs
[2026-01-08T02:01:02.932+0000] {logging_mixin.py:190} INFO - [2026-01-08T02:01:02.932+0000] {dag.py:4138} INFO - Setting next_dagrun for example_bash_operator to 2026-01-07 00:00:00+00:00, run_after=2026-01-08 00:00:00+00:00
[2026-01-08T02:01:02.949+0000] {processor.py:208} INFO - Processing /home/airflow/.local/lib/python3.12/site-packages/airflow/example_dags/example_bash_operator.py took 0.076 seconds
[2026-01-08T02:01:33.348+0000] {processor.py:186} INFO - Started process (PID=1691) to work on /home/airflow/.local/lib/python3.12/site-packages/airflow/example_dags/example_bash_operator.py
[2026-01-08T02:01:33.350+0000] {processor.py:914} INFO - Processing file /home/airflow/.local/lib/python3.12/site-packages/airflow/example_dags/example_bash_operator.py for tasks to queue
[2026-01-08T02:01:33.352+0000] {logging_mixin.py:190} INFO - [2026-01-08T02:01:33.352+0000] {dagbag.py:587} INFO - Filling up the DagBag from /home/airflow/.local/lib/python3.12/site-packages/airflow/example_dags/example_bash_operator.py
[2026-01-08T02:01:33.361+0000] {processor.py:925} INFO - DAG(s) 'example_bash_operator' retrieved from /home/airflow/.local/lib/python3.12/site-packages/airflow/example_dags/example_bash_operator.py
[2026-01-08T02:01:33.380+0000] {logging_mixin.py:190} INFO - [2026-01-08T02:01:33.380+0000] {dag.py:3211} INFO - Sync 1 DAGs
[2026-01-08T02:01:33.399+0000] {logging_mixin.py:190} INFO - [2026-01-08T02:01:33.398+0000] {dag.py:4138} INFO - Setting next_dagrun for example_bash_operator to 2026-01-07 00:00:00+00:00, run_after=2026-01-08 00:00:00+00:00
[2026-01-08T02:01:33.413+0000] {processor.py:208} INFO - Processing /home/airflow/.local/lib/python3.12/site-packages/airflow/example_dags/example_bash_operator.py took 0.069 seconds
[2026-01-08T02:02:03.477+0000] {processor.py:186} INFO - Started process (PID=1754) to work on /home/airflow/.local/lib/python3.12/site-packages/airflow/example_dags/example_bash_operator.py
[2026-01-08T02:02:03.478+0000] {processor.py:914} INFO - Processing file /home/airflow/.local/lib/python3.12/site-packages/airflow/example_dags/example_bash_operator.py for tasks to queue
[2026-01-08T02:02:03.480+0000] {logging_mixin.py:190} INFO - [2026-01-08T02:02:03.480+0000] {dagbag.py:587} INFO - Filling up the DagBag from /home/airflow/.local/lib/python3.12/site-packages/airflow/example_dags/example_bash_operator.py
[2026-01-08T02:02:03.489+0000] {processor.py:925} INFO - DAG(s) 'example_bash_operator' retrieved from /home/airflow/.local/lib/python3.12/site-packages/airflow/example_dags/example_bash_operator.py
[2026-01-08T02:02:03.508+0000] {logging_mixin.py:190} INFO - [2026-01-08T02:02:03.508+0000] {dag.py:3211} INFO - Sync 1 DAGs
[2026-01-08T02:02:03.526+0000] {logging_mixin.py:190} INFO - [2026-01-08T02:02:03.526+0000] {dag.py:4138} INFO - Setting next_dagrun for example_bash_operator to 2026-01-07 00:00:00+00:00, run_after=2026-01-08 00:00:00+00:00
[2026-01-08T02:02:03.542+0000] {processor.py:208} INFO - Processing /home/airflow/.local/lib/python3.12/site-packages/airflow/example_dags/example_bash_operator.py took 0.070 seconds
[2026-01-08T02:02:34.495+0000] {processor.py:186} INFO - Started process (PID=1817) to work on /home/airflow/.local/lib/python3.12/site-packages/airflow/example_dags/example_bash_operator.py
[2026-01-08T02:02:34.496+0000] {processor.py:914} INFO - Processing file /home/airflow/.local/lib/python3.12/site-packages/airflow/example_dags/example_bash_operator.py for tasks to queue
[2026-01-08T02:02:34.499+0000] {logging_mixin.py:190} INFO - [2026-01-08T02:02:34.498+0000] {dagbag.py:587} INFO - Filling up the DagBag from /home/airflow/.local/lib/python3.12/site-packages/airflow/example_dags/example_bash_operator.py
[2026-01-08T02:02:34.508+0000] {processor.py:925} INFO - DAG(s) 'example_bash_operator' retrieved from /home/airflow/.local/lib/python3.12/site-packages/airflow/example_dags/example_bash_operator.py
[2026-01-08T02:02:34.528+0000] {logging_mixin.py:190} INFO - [2026-01-08T02:02:34.528+0000] {dag.py:3211} INFO - Sync 1 DAGs
[2026-01-08T02:02:34.544+0000] {logging_mixin.py:190} INFO - [2026-01-08T02:02:34.543+0000] {dag.py:4138} INFO - Setting next_dagrun for example_bash_operator to 2026-01-07 00:00:00+00:00, run_after=2026-01-08 00:00:00+00:00
[2026-01-08T02:02:34.558+0000] {processor.py:208} INFO - Processing /home/airflow/.local/lib/python3.12/site-packages/airflow/example_dags/example_bash_operator.py took 0.068 seconds
[2026-01-08T02:03:04.644+0000] {processor.py:186} INFO - Started process (PID=1880) to work on /home/airflow/.local/lib/python3.12/site-packages/airflow/example_dags/example_bash_operator.py
[2026-01-08T02:03:04.645+0000] {processor.py:914} INFO - Processing file /home/airflow/.local/lib/python3.12/site-packages/airflow/example_dags/example_bash_operator.py for tasks to queue
[2026-01-08T02:03:04.648+0000] {logging_mixin.py:190} INFO - [2026-01-08T02:03:04.647+0000] {dagbag.py:587} INFO - Filling up the DagBag from /home/airflow/.local/lib/python3.12/site-packages/airflow/example_dags/example_bash_operator.py
[2026-01-08T02:03:04.658+0000] {processor.py:925} INFO - DAG(s) 'example_bash_operator' retrieved from /home/airflow/.local/lib/python3.12/site-packages/airflow/example_dags/example_bash_operator.py
[2026-01-08T02:03:04.679+0000] {logging_mixin.py:190} INFO - [2026-01-08T02:03:04.679+0000] {dag.py:3211} INFO - Sync 1 DAGs
[2026-01-08T02:03:04.699+0000] {logging_mixin.py:190} INFO - [2026-01-08T02:03:04.698+0000] {dag.py:4138} INFO - Setting next_dagrun for example_bash_operator to 2026-01-07 00:00:00+00:00, run_after=2026-01-08 00:00:00+00:00
[2026-01-08T02:03:04.717+0000] {processor.py:208} INFO - Processing /home/airflow/.local/lib/python3.12/site-packages/airflow/example_dags/example_bash_operator.py took 0.078 seconds
[2026-01-08T02:03:35.024+0000] {processor.py:186} INFO - Started process (PID=1945) to work on /home/airflow/.local/lib/python3.12/site-packages/airflow/example_dags/example_bash_operator.py
[2026-01-08T02:03:35.025+0000] {processor.py:914} INFO - Processing file /home/airflow/.local/lib/python3.12/site-packages/airflow/example_dags/example_bash_operator.py for tasks to queue
[2026-01-08T02:03:35.028+0000] {logging_mixin.py:190} INFO - [2026-01-08T02:03:35.027+0000] {dagbag.py:587} INFO - Filling up the DagBag from /home/airflow/.local/lib/python3.12/site-packages/airflow/example_dags/example_bash_operator.py
[2026-01-08T02:03:35.037+0000] {processor.py:925} INFO - DAG(s) 'example_bash_operator' retrieved from /home/airflow/.local/lib/python3.12/site-packages/airflow/example_dags/example_bash_operator.py
[2026-01-08T02:03:35.056+0000] {logging_mixin.py:190} INFO - [2026-01-08T02:03:35.056+0000] {dag.py:3211} INFO - Sync 1 DAGs
[2026-01-08T02:03:35.071+0000] {logging_mixin.py:190} INFO - [2026-01-08T02:03:35.071+0000] {dag.py:4138} INFO - Setting next_dagrun for example_bash_operator to 2026-01-07 00:00:00+00:00, run_after=2026-01-08 00:00:00+00:00
[2026-01-08T02:03:35.086+0000] {processor.py:208} INFO - Processing /home/airflow/.local/lib/python3.12/site-packages/airflow/example_dags/example_bash_operator.py took 0.067 seconds
[2026-01-08T02:04:05.337+0000] {processor.py:186} INFO - Started process (PID=2008) to work on /home/airflow/.local/lib/python3.12/site-packages/airflow/example_dags/example_bash_operator.py
[2026-01-08T02:04:05.339+0000] {processor.py:914} INFO - Processing file /home/airflow/.local/lib/python3.12/site-packages/airflow/example_dags/example_bash_operator.py for tasks to queue
[2026-01-08T02:04:05.341+0000] {logging_mixin.py:190} INFO - [2026-01-08T02:04:05.341+0000] {dagbag.py:587} INFO - Filling up the DagBag from /home/airflow/.local/lib/python3.12/site-packages/airflow/example_dags/example_bash_operator.py
[2026-01-08T02:04:05.351+0000] {processor.py:925} INFO - DAG(s) 'example_bash_operator' retrieved from /home/airflow/.local/lib/python3.12/site-packages/airflow/example_dags/example_bash_operator.py
[2026-01-08T02:04:05.373+0000] {logging_mixin.py:190} INFO - [2026-01-08T02:04:05.373+0000] {dag.py:3211} INFO - Sync 1 DAGs
[2026-01-08T02:04:05.392+0000] {logging_mixin.py:190} INFO - [2026-01-08T02:04:05.392+0000] {dag.py:4138} INFO - Setting next_dagrun for example_bash_operator to 2026-01-07 00:00:00+00:00, run_after=2026-01-08 00:00:00+00:00
[2026-01-08T02:04:05.409+0000] {processor.py:208} INFO - Processing /home/airflow/.local/lib/python3.12/site-packages/airflow/example_dags/example_bash_operator.py took 0.076 seconds
[2026-01-08T02:04:35.673+0000] {processor.py:186} INFO - Started process (PID=2071) to work on /home/airflow/.local/lib/python3.12/site-packages/airflow/example_dags/example_bash_operator.py
[2026-01-08T02:04:35.675+0000] {processor.py:914} INFO - Processing file /home/airflow/.local/lib/python3.12/site-packages/airflow/example_dags/example_bash_operator.py for tasks to queue
[2026-01-08T02:04:35.677+0000] {logging_mixin.py:190} INFO - [2026-01-08T02:04:35.677+0000] {dagbag.py:587} INFO - Filling up the DagBag from /home/airflow/.local/lib/python3.12/site-packages/airflow/example_dags/example_bash_operator.py
[2026-01-08T02:04:35.687+0000] {processor.py:925} INFO - DAG(s) 'example_bash_operator' retrieved from /home/airflow/.local/lib/python3.12/site-packages/airflow/example_dags/example_bash_operator.py
[2026-01-08T02:04:35.706+0000] {logging_mixin.py:190} INFO - [2026-01-08T02:04:35.706+0000] {dag.py:3211} INFO - Sync 1 DAGs
[2026-01-08T02:04:35.724+0000] {logging_mixin.py:190} INFO - [2026-01-08T02:04:35.724+0000] {dag.py:4138} INFO - Setting next_dagrun for example_bash_operator to 2026-01-07 00:00:00+00:00, run_after=2026-01-08 00:00:00+00:00
[2026-01-08T02:04:35.740+0000] {processor.py:208} INFO - Processing /home/airflow/.local/lib/python3.12/site-packages/airflow/example_dags/example_bash_operator.py took 0.071 seconds
[2026-01-08T02:05:05.833+0000] {processor.py:186} INFO - Started process (PID=2134) to work on /home/airflow/.local/lib/python3.12/site-packages/airflow/example_dags/example_bash_operator.py
[2026-01-08T02:05:05.834+0000] {processor.py:914} INFO - Processing file /home/airflow/.local/lib/python3.12/site-packages/airflow/example_dags/example_bash_operator.py for tasks to queue
[2026-01-08T02:05:05.837+0000] {logging_mixin.py:190} INFO - [2026-01-08T02:05:05.837+0000] {dagbag.py:587} INFO - Filling up the DagBag from /home/airflow/.local/lib/python3.12/site-packages/airflow/example_dags/example_bash_operator.py
[2026-01-08T02:05:05.846+0000] {processor.py:925} INFO - DAG(s) 'example_bash_operator' retrieved from /home/airflow/.local/lib/python3.12/site-packages/airflow/example_dags/example_bash_operator.py
[2026-01-08T02:05:05.864+0000] {logging_mixin.py:190} INFO - [2026-01-08T02:05:05.864+0000] {dag.py:3211} INFO - Sync 1 DAGs
[2026-01-08T02:05:05.879+0000] {logging_mixin.py:190} INFO - [2026-01-08T02:05:05.879+0000] {dag.py:4138} INFO - Setting next_dagrun for example_bash_operator to 2026-01-07 00:00:00+00:00, run_after=2026-01-08 00:00:00+00:00
[2026-01-08T02:05:05.896+0000] {processor.py:208} INFO - Processing /home/airflow/.local/lib/python3.12/site-packages/airflow/example_dags/example_bash_operator.py took 0.067 seconds
[2026-01-08T02:05:36.181+0000] {processor.py:186} INFO - Started process (PID=2197) to work on /home/airflow/.local/lib/python3.12/site-packages/airflow/example_dags/example_bash_operator.py
[2026-01-08T02:05:36.183+0000] {processor.py:914} INFO - Processing file /home/airflow/.local/lib/python3.12/site-packages/airflow/example_dags/example_bash_operator.py for tasks to queue
[2026-01-08T02:05:36.185+0000] {logging_mixin.py:190} INFO - [2026-01-08T02:05:36.185+0000] {dagbag.py:587} INFO - Filling up the DagBag from /home/airflow/.local/lib/python3.12/site-packages/airflow/example_dags/example_bash_operator.py
[2026-01-08T02:05:36.194+0000] {processor.py:925} INFO - DAG(s) 'example_bash_operator' retrieved from /home/airflow/.local/lib/python3.12/site-packages/airflow/example_dags/example_bash_operator.py
[2026-01-08T02:05:36.212+0000] {logging_mixin.py:190} INFO - [2026-01-08T02:05:36.212+0000] {dag.py:3211} INFO - Sync 1 DAGs
[2026-01-08T02:05:36.228+0000] {logging_mixin.py:190} INFO - [2026-01-08T02:05:36.228+0000] {dag.py:4138} INFO - Setting next_dagrun for example_bash_operator to 2026-01-07 00:00:00+00:00, run_after=2026-01-08 00:00:00+00:00
[2026-01-08T02:05:36.245+0000] {processor.py:208} INFO - Processing /home/airflow/.local/lib/python3.12/site-packages/airflow/example_dags/example_bash_operator.py took 0.068 seconds
[2026-01-08T02:06:06.480+0000] {processor.py:186} INFO - Started process (PID=2260) to work on /home/airflow/.local/lib/python3.12/site-packages/airflow/example_dags/example_bash_operator.py
[2026-01-08T02:06:06.481+0000] {processor.py:914} INFO - Processing file /home/airflow/.local/lib/python3.12/site-packages/airflow/example_dags/example_bash_operator.py for tasks to queue
[2026-01-08T02:06:06.484+0000] {logging_mixin.py:190} INFO - [2026-01-08T02:06:06.484+0000] {dagbag.py:587} INFO - Filling up the DagBag from /home/airflow/.local/lib/python3.12/site-packages/airflow/example_dags/example_bash_operator.py
[2026-01-08T02:06:06.493+0000] {processor.py:925} INFO - DAG(s) 'example_bash_operator' retrieved from /home/airflow/.local/lib/python3.12/site-packages/airflow/example_dags/example_bash_operator.py
[2026-01-08T02:06:06.512+0000] {logging_mixin.py:190} INFO - [2026-01-08T02:06:06.512+0000] {dag.py:3211} INFO - Sync 1 DAGs
[2026-01-08T02:06:06.527+0000] {logging_mixin.py:190} INFO - [2026-01-08T02:06:06.527+0000] {dag.py:4138} INFO - Setting next_dagrun for example_bash_operator to 2026-01-07 00:00:00+00:00, run_after=2026-01-08 00:00:00+00:00
[2026-01-08T02:06:06.543+0000] {processor.py:208} INFO - Processing /home/airflow/.local/lib/python3.12/site-packages/airflow/example_dags/example_bash_operator.py took 0.067 seconds
[2026-01-08T02:06:36.954+0000] {processor.py:186} INFO - Started process (PID=2323) to work on /home/airflow/.local/lib/python3.12/site-packages/airflow/example_dags/example_bash_operator.py
[2026-01-08T02:06:36.955+0000] {processor.py:914} INFO - Processing file /home/airflow/.local/lib/python3.12/site-packages/airflow/example_dags/example_bash_operator.py for tasks to queue
[2026-01-08T02:06:36.958+0000] {logging_mixin.py:190} INFO - [2026-01-08T02:06:36.958+0000] {dagbag.py:587} INFO - Filling up the DagBag from /home/airflow/.local/lib/python3.12/site-packages/airflow/example_dags/example_bash_operator.py
[2026-01-08T02:06:36.968+0000] {processor.py:925} INFO - DAG(s) 'example_bash_operator' retrieved from /home/airflow/.local/lib/python3.12/site-packages/airflow/example_dags/example_bash_operator.py
[2026-01-08T02:06:36.988+0000] {logging_mixin.py:190} INFO - [2026-01-08T02:06:36.988+0000] {dag.py:3211} INFO - Sync 1 DAGs
[2026-01-08T02:06:37.006+0000] {logging_mixin.py:190} INFO - [2026-01-08T02:06:37.006+0000] {dag.py:4138} INFO - Setting next_dagrun for example_bash_operator to 2026-01-07 00:00:00+00:00, run_after=2026-01-08 00:00:00+00:00
[2026-01-08T02:06:37.023+0000] {processor.py:208} INFO - Processing /home/airflow/.local/lib/python3.12/site-packages/airflow/example_dags/example_bash_operator.py took 0.074 seconds
[2026-01-08T02:07:07.414+0000] {processor.py:186} INFO - Started process (PID=2386) to work on /home/airflow/.local/lib/python3.12/site-packages/airflow/example_dags/example_bash_operator.py
[2026-01-08T02:07:07.416+0000] {processor.py:914} INFO - Processing file /home/airflow/.local/lib/python3.12/site-packages/airflow/example_dags/example_bash_operator.py for tasks to queue
[2026-01-08T02:07:07.419+0000] {logging_mixin.py:190} INFO - [2026-01-08T02:07:07.418+0000] {dagbag.py:587} INFO - Filling up the DagBag from /home/airflow/.local/lib/python3.12/site-packages/airflow/example_dags/example_bash_operator.py
[2026-01-08T02:07:07.428+0000] {processor.py:925} INFO - DAG(s) 'example_bash_operator' retrieved from /home/airflow/.local/lib/python3.12/site-packages/airflow/example_dags/example_bash_operator.py
[2026-01-08T02:07:07.447+0000] {logging_mixin.py:190} INFO - [2026-01-08T02:07:07.447+0000] {dag.py:3211} INFO - Sync 1 DAGs
[2026-01-08T02:07:07.463+0000] {logging_mixin.py:190} INFO - [2026-01-08T02:07:07.463+0000] {dag.py:4138} INFO - Setting next_dagrun for example_bash_operator to 2026-01-07 00:00:00+00:00, run_after=2026-01-08 00:00:00+00:00
[2026-01-08T02:07:07.479+0000] {processor.py:208} INFO - Processing /home/airflow/.local/lib/python3.12/site-packages/airflow/example_dags/example_bash_operator.py took 0.069 seconds
[2026-01-08T02:07:37.800+0000] {processor.py:186} INFO - Started process (PID=2449) to work on /home/airflow/.local/lib/python3.12/site-packages/airflow/example_dags/example_bash_operator.py
[2026-01-08T02:07:37.801+0000] {processor.py:914} INFO - Processing file /home/airflow/.local/lib/python3.12/site-packages/airflow/example_dags/example_bash_operator.py for tasks to queue
[2026-01-08T02:07:37.804+0000] {logging_mixin.py:190} INFO - [2026-01-08T02:07:37.804+0000] {dagbag.py:587} INFO - Filling up the DagBag from /home/airflow/.local/lib/python3.12/site-packages/airflow/example_dags/example_bash_operator.py
[2026-01-08T02:07:37.814+0000] {processor.py:925} INFO - DAG(s) 'example_bash_operator' retrieved from /home/airflow/.local/lib/python3.12/site-packages/airflow/example_dags/example_bash_operator.py
[2026-01-08T02:07:37.832+0000] {logging_mixin.py:190} INFO - [2026-01-08T02:07:37.831+0000] {dag.py:3211} INFO - Sync 1 DAGs
[2026-01-08T02:07:37.848+0000] {logging_mixin.py:190} INFO - [2026-01-08T02:07:37.848+0000] {dag.py:4138} INFO - Setting next_dagrun for example_bash_operator to 2026-01-07 00:00:00+00:00, run_after=2026-01-08 00:00:00+00:00
[2026-01-08T02:07:37.864+0000] {processor.py:208} INFO - Processing /home/airflow/.local/lib/python3.12/site-packages/airflow/example_dags/example_bash_operator.py took 0.069 seconds
[2026-01-08T02:08:08.019+0000] {processor.py:186} INFO - Started process (PID=2512) to work on /home/airflow/.local/lib/python3.12/site-packages/airflow/example_dags/example_bash_operator.py
[2026-01-08T02:08:08.020+0000] {processor.py:914} INFO - Processing file /home/airflow/.local/lib/python3.12/site-packages/airflow/example_dags/example_bash_operator.py for tasks to queue
[2026-01-08T02:08:08.023+0000] {logging_mixin.py:190} INFO - [2026-01-08T02:08:08.022+0000] {dagbag.py:587} INFO - Filling up the DagBag from /home/airflow/.local/lib/python3.12/site-packages/airflow/example_dags/example_bash_operator.py
[2026-01-08T02:08:08.032+0000] {processor.py:925} INFO - DAG(s) 'example_bash_operator' retrieved from /home/airflow/.local/lib/python3.12/site-packages/airflow/example_dags/example_bash_operator.py
[2026-01-08T02:08:08.053+0000] {logging_mixin.py:190} INFO - [2026-01-08T02:08:08.053+0000] {dag.py:3211} INFO - Sync 1 DAGs
[2026-01-08T02:08:08.071+0000] {logging_mixin.py:190} INFO - [2026-01-08T02:08:08.071+0000] {dag.py:4138} INFO - Setting next_dagrun for example_bash_operator to 2026-01-07 00:00:00+00:00, run_after=2026-01-08 00:00:00+00:00
[2026-01-08T02:08:08.088+0000] {processor.py:208} INFO - Processing /home/airflow/.local/lib/python3.12/site-packages/airflow/example_dags/example_bash_operator.py took 0.074 seconds
[2026-01-08T02:08:38.233+0000] {processor.py:186} INFO - Started process (PID=2575) to work on /home/airflow/.local/lib/python3.12/site-packages/airflow/example_dags/example_bash_operator.py
[2026-01-08T02:08:38.235+0000] {processor.py:914} INFO - Processing file /home/airflow/.local/lib/python3.12/site-packages/airflow/example_dags/example_bash_operator.py for tasks to queue
[2026-01-08T02:08:38.237+0000] {logging_mixin.py:190} INFO - [2026-01-08T02:08:38.237+0000] {dagbag.py:587} INFO - Filling up the DagBag from /home/airflow/.local/lib/python3.12/site-packages/airflow/example_dags/example_bash_operator.py
[2026-01-08T02:08:38.246+0000] {processor.py:925} INFO - DAG(s) 'example_bash_operator' retrieved from /home/airflow/.local/lib/python3.12/site-packages/airflow/example_dags/example_bash_operator.py
[2026-01-08T02:08:38.264+0000] {logging_mixin.py:190} INFO - [2026-01-08T02:08:38.264+0000] {dag.py:3211} INFO - Sync 1 DAGs
[2026-01-08T02:08:38.280+0000] {logging_mixin.py:190} INFO - [2026-01-08T02:08:38.280+0000] {dag.py:4138} INFO - Setting next_dagrun for example_bash_operator to 2026-01-07 00:00:00+00:00, run_after=2026-01-08 00:00:00+00:00
[2026-01-08T02:08:38.296+0000] {processor.py:208} INFO - Processing /home/airflow/.local/lib/python3.12/site-packages/airflow/example_dags/example_bash_operator.py took 0.066 seconds
[2026-01-08T02:09:08.490+0000] {processor.py:186} INFO - Started process (PID=2638) to work on /home/airflow/.local/lib/python3.12/site-packages/airflow/example_dags/example_bash_operator.py
[2026-01-08T02:09:08.491+0000] {processor.py:914} INFO - Processing file /home/airflow/.local/lib/python3.12/site-packages/airflow/example_dags/example_bash_operator.py for tasks to queue
[2026-01-08T02:09:08.493+0000] {logging_mixin.py:190} INFO - [2026-01-08T02:09:08.493+0000] {dagbag.py:587} INFO - Filling up the DagBag from /home/airflow/.local/lib/python3.12/site-packages/airflow/example_dags/example_bash_operator.py
[2026-01-08T02:09:08.504+0000] {processor.py:925} INFO - DAG(s) 'example_bash_operator' retrieved from /home/airflow/.local/lib/python3.12/site-packages/airflow/example_dags/example_bash_operator.py
[2026-01-08T02:09:08.532+0000] {logging_mixin.py:190} INFO - [2026-01-08T02:09:08.532+0000] {dag.py:3211} INFO - Sync 1 DAGs
[2026-01-08T02:09:08.556+0000] {logging_mixin.py:190} INFO - [2026-01-08T02:09:08.556+0000] {dag.py:4138} INFO - Setting next_dagrun for example_bash_operator to 2026-01-07 00:00:00+00:00, run_after=2026-01-08 00:00:00+00:00
[2026-01-08T02:09:08.575+0000] {processor.py:208} INFO - Processing /home/airflow/.local/lib/python3.12/site-packages/airflow/example_dags/example_bash_operator.py took 0.090 seconds
[2026-01-08T02:09:39.000+0000] {processor.py:186} INFO - Started process (PID=2701) to work on /home/airflow/.local/lib/python3.12/site-packages/airflow/example_dags/example_bash_operator.py
[2026-01-08T02:09:39.001+0000] {processor.py:914} INFO - Processing file /home/airflow/.local/lib/python3.12/site-packages/airflow/example_dags/example_bash_operator.py for tasks to queue
[2026-01-08T02:09:39.004+0000] {logging_mixin.py:190} INFO - [2026-01-08T02:09:39.003+0000] {dagbag.py:587} INFO - Filling up the DagBag from /home/airflow/.local/lib/python3.12/site-packages/airflow/example_dags/example_bash_operator.py
[2026-01-08T02:09:39.015+0000] {processor.py:925} INFO - DAG(s) 'example_bash_operator' retrieved from /home/airflow/.local/lib/python3.12/site-packages/airflow/example_dags/example_bash_operator.py
[2026-01-08T02:09:39.034+0000] {logging_mixin.py:190} INFO - [2026-01-08T02:09:39.033+0000] {dag.py:3211} INFO - Sync 1 DAGs
[2026-01-08T02:09:39.052+0000] {logging_mixin.py:190} INFO - [2026-01-08T02:09:39.052+0000] {dag.py:4138} INFO - Setting next_dagrun for example_bash_operator to 2026-01-07 00:00:00+00:00, run_after=2026-01-08 00:00:00+00:00
[2026-01-08T02:09:39.066+0000] {processor.py:208} INFO - Processing /home/airflow/.local/lib/python3.12/site-packages/airflow/example_dags/example_bash_operator.py took 0.072 seconds
[2026-01-08T02:10:09.312+0000] {processor.py:186} INFO - Started process (PID=2764) to work on /home/airflow/.local/lib/python3.12/site-packages/airflow/example_dags/example_bash_operator.py
[2026-01-08T02:10:09.314+0000] {processor.py:914} INFO - Processing file /home/airflow/.local/lib/python3.12/site-packages/airflow/example_dags/example_bash_operator.py for tasks to queue
[2026-01-08T02:10:09.316+0000] {logging_mixin.py:190} INFO - [2026-01-08T02:10:09.316+0000] {dagbag.py:587} INFO - Filling up the DagBag from /home/airflow/.local/lib/python3.12/site-packages/airflow/example_dags/example_bash_operator.py
[2026-01-08T02:10:09.327+0000] {processor.py:925} INFO - DAG(s) 'example_bash_operator' retrieved from /home/airflow/.local/lib/python3.12/site-packages/airflow/example_dags/example_bash_operator.py
[2026-01-08T02:10:09.348+0000] {logging_mixin.py:190} INFO - [2026-01-08T02:10:09.347+0000] {dag.py:3211} INFO - Sync 1 DAGs
[2026-01-08T02:10:09.364+0000] {logging_mixin.py:190} INFO - [2026-01-08T02:10:09.364+0000] {dag.py:4138} INFO - Setting next_dagrun for example_bash_operator to 2026-01-07 00:00:00+00:00, run_after=2026-01-08 00:00:00+00:00
[2026-01-08T02:10:09.379+0000] {processor.py:208} INFO - Processing /home/airflow/.local/lib/python3.12/site-packages/airflow/example_dags/example_bash_operator.py took 0.071 seconds
[2026-01-08T02:10:39.818+0000] {processor.py:186} INFO - Started process (PID=2826) to work on /home/airflow/.local/lib/python3.12/site-packages/airflow/example_dags/example_bash_operator.py
[2026-01-08T02:10:39.819+0000] {processor.py:914} INFO - Processing file /home/airflow/.local/lib/python3.12/site-packages/airflow/example_dags/example_bash_operator.py for tasks to queue
[2026-01-08T02:10:39.821+0000] {logging_mixin.py:190} INFO - [2026-01-08T02:10:39.821+0000] {dagbag.py:587} INFO - Filling up the DagBag from /home/airflow/.local/lib/python3.12/site-packages/airflow/example_dags/example_bash_operator.py
[2026-01-08T02:10:39.832+0000] {processor.py:925} INFO - DAG(s) 'example_bash_operator' retrieved from /home/airflow/.local/lib/python3.12/site-packages/airflow/example_dags/example_bash_operator.py
[2026-01-08T02:10:39.852+0000] {logging_mixin.py:190} INFO - [2026-01-08T02:10:39.852+0000] {dag.py:3211} INFO - Sync 1 DAGs
[2026-01-08T02:10:39.872+0000] {logging_mixin.py:190} INFO - [2026-01-08T02:10:39.872+0000] {dag.py:4138} INFO - Setting next_dagrun for example_bash_operator to 2026-01-07 00:00:00+00:00, run_after=2026-01-08 00:00:00+00:00
[2026-01-08T02:10:39.892+0000] {processor.py:208} INFO - Processing /home/airflow/.local/lib/python3.12/site-packages/airflow/example_dags/example_bash_operator.py took 0.082 seconds
[2026-01-08T02:11:10.154+0000] {processor.py:186} INFO - Started process (PID=2889) to work on /home/airflow/.local/lib/python3.12/site-packages/airflow/example_dags/example_bash_operator.py
[2026-01-08T02:11:10.155+0000] {processor.py:914} INFO - Processing file /home/airflow/.local/lib/python3.12/site-packages/airflow/example_dags/example_bash_operator.py for tasks to queue
[2026-01-08T02:11:10.157+0000] {logging_mixin.py:190} INFO - [2026-01-08T02:11:10.157+0000] {dagbag.py:587} INFO - Filling up the DagBag from /home/airflow/.local/lib/python3.12/site-packages/airflow/example_dags/example_bash_operator.py
[2026-01-08T02:11:10.167+0000] {processor.py:925} INFO - DAG(s) 'example_bash_operator' retrieved from /home/airflow/.local/lib/python3.12/site-packages/airflow/example_dags/example_bash_operator.py
[2026-01-08T02:11:10.190+0000] {logging_mixin.py:190} INFO - [2026-01-08T02:11:10.190+0000] {dag.py:3211} INFO - Sync 1 DAGs
[2026-01-08T02:11:10.208+0000] {logging_mixin.py:190} INFO - [2026-01-08T02:11:10.208+0000] {dag.py:4138} INFO - Setting next_dagrun for example_bash_operator to 2026-01-07 00:00:00+00:00, run_after=2026-01-08 00:00:00+00:00
[2026-01-08T02:11:10.224+0000] {processor.py:208} INFO - Processing /home/airflow/.local/lib/python3.12/site-packages/airflow/example_dags/example_bash_operator.py took 0.075 seconds
[2026-01-08T02:11:40.838+0000] {processor.py:186} INFO - Started process (PID=2952) to work on /home/airflow/.local/lib/python3.12/site-packages/airflow/example_dags/example_bash_operator.py
[2026-01-08T02:11:40.840+0000] {processor.py:914} INFO - Processing file /home/airflow/.local/lib/python3.12/site-packages/airflow/example_dags/example_bash_operator.py for tasks to queue
[2026-01-08T02:11:40.842+0000] {logging_mixin.py:190} INFO - [2026-01-08T02:11:40.842+0000] {dagbag.py:587} INFO - Filling up the DagBag from /home/airflow/.local/lib/python3.12/site-packages/airflow/example_dags/example_bash_operator.py
[2026-01-08T02:11:40.852+0000] {processor.py:925} INFO - DAG(s) 'example_bash_operator' retrieved from /home/airflow/.local/lib/python3.12/site-packages/airflow/example_dags/example_bash_operator.py
[2026-01-08T02:11:40.872+0000] {logging_mixin.py:190} INFO - [2026-01-08T02:11:40.871+0000] {dag.py:3211} INFO - Sync 1 DAGs
[2026-01-08T02:11:40.892+0000] {logging_mixin.py:190} INFO - [2026-01-08T02:11:40.891+0000] {dag.py:4138} INFO - Setting next_dagrun for example_bash_operator to 2026-01-07 00:00:00+00:00, run_after=2026-01-08 00:00:00+00:00
[2026-01-08T02:11:40.909+0000] {processor.py:208} INFO - Processing /home/airflow/.local/lib/python3.12/site-packages/airflow/example_dags/example_bash_operator.py took 0.075 seconds
[2026-01-08T02:12:11.736+0000] {processor.py:186} INFO - Started process (PID=3016) to work on /home/airflow/.local/lib/python3.12/site-packages/airflow/example_dags/example_bash_operator.py
[2026-01-08T02:12:11.737+0000] {processor.py:914} INFO - Processing file /home/airflow/.local/lib/python3.12/site-packages/airflow/example_dags/example_bash_operator.py for tasks to queue
[2026-01-08T02:12:11.739+0000] {logging_mixin.py:190} INFO - [2026-01-08T02:12:11.739+0000] {dagbag.py:587} INFO - Filling up the DagBag from /home/airflow/.local/lib/python3.12/site-packages/airflow/example_dags/example_bash_operator.py
[2026-01-08T02:12:11.751+0000] {processor.py:925} INFO - DAG(s) 'example_bash_operator' retrieved from /home/airflow/.local/lib/python3.12/site-packages/airflow/example_dags/example_bash_operator.py
[2026-01-08T02:12:11.769+0000] {logging_mixin.py:190} INFO - [2026-01-08T02:12:11.768+0000] {dag.py:3211} INFO - Sync 1 DAGs
[2026-01-08T02:12:11.786+0000] {logging_mixin.py:190} INFO - [2026-01-08T02:12:11.786+0000] {dag.py:4138} INFO - Setting next_dagrun for example_bash_operator to 2026-01-07 00:00:00+00:00, run_after=2026-01-08 00:00:00+00:00
[2026-01-08T02:12:11.801+0000] {processor.py:208} INFO - Processing /home/airflow/.local/lib/python3.12/site-packages/airflow/example_dags/example_bash_operator.py took 0.070 seconds
[2026-01-08T02:12:42.494+0000] {processor.py:186} INFO - Started process (PID=3079) to work on /home/airflow/.local/lib/python3.12/site-packages/airflow/example_dags/example_bash_operator.py
[2026-01-08T02:12:42.496+0000] {processor.py:914} INFO - Processing file /home/airflow/.local/lib/python3.12/site-packages/airflow/example_dags/example_bash_operator.py for tasks to queue
[2026-01-08T02:12:42.499+0000] {logging_mixin.py:190} INFO - [2026-01-08T02:12:42.499+0000] {dagbag.py:587} INFO - Filling up the DagBag from /home/airflow/.local/lib/python3.12/site-packages/airflow/example_dags/example_bash_operator.py
[2026-01-08T02:12:42.508+0000] {processor.py:925} INFO - DAG(s) 'example_bash_operator' retrieved from /home/airflow/.local/lib/python3.12/site-packages/airflow/example_dags/example_bash_operator.py
[2026-01-08T02:12:42.528+0000] {logging_mixin.py:190} INFO - [2026-01-08T02:12:42.528+0000] {dag.py:3211} INFO - Sync 1 DAGs
[2026-01-08T02:12:42.544+0000] {logging_mixin.py:190} INFO - [2026-01-08T02:12:42.544+0000] {dag.py:4138} INFO - Setting next_dagrun for example_bash_operator to 2026-01-07 00:00:00+00:00, run_after=2026-01-08 00:00:00+00:00
[2026-01-08T02:12:42.560+0000] {processor.py:208} INFO - Processing /home/airflow/.local/lib/python3.12/site-packages/airflow/example_dags/example_bash_operator.py took 0.070 seconds
[2026-01-08T02:13:13.029+0000] {processor.py:186} INFO - Started process (PID=3142) to work on /home/airflow/.local/lib/python3.12/site-packages/airflow/example_dags/example_bash_operator.py
[2026-01-08T02:13:13.030+0000] {processor.py:914} INFO - Processing file /home/airflow/.local/lib/python3.12/site-packages/airflow/example_dags/example_bash_operator.py for tasks to queue
[2026-01-08T02:13:13.033+0000] {logging_mixin.py:190} INFO - [2026-01-08T02:13:13.033+0000] {dagbag.py:587} INFO - Filling up the DagBag from /home/airflow/.local/lib/python3.12/site-packages/airflow/example_dags/example_bash_operator.py
[2026-01-08T02:13:13.045+0000] {processor.py:925} INFO - DAG(s) 'example_bash_operator' retrieved from /home/airflow/.local/lib/python3.12/site-packages/airflow/example_dags/example_bash_operator.py
[2026-01-08T02:13:13.068+0000] {logging_mixin.py:190} INFO - [2026-01-08T02:13:13.067+0000] {dag.py:3211} INFO - Sync 1 DAGs
[2026-01-08T02:13:13.222+0000] {logging_mixin.py:190} INFO - [2026-01-08T02:13:13.222+0000] {dag.py:4138} INFO - Setting next_dagrun for example_bash_operator to 2026-01-07 00:00:00+00:00, run_after=2026-01-08 00:00:00+00:00
[2026-01-08T02:13:13.236+0000] {processor.py:208} INFO - Processing /home/airflow/.local/lib/python3.12/site-packages/airflow/example_dags/example_bash_operator.py took 0.213 seconds
[2026-01-08T02:13:43.646+0000] {processor.py:186} INFO - Started process (PID=3205) to work on /home/airflow/.local/lib/python3.12/site-packages/airflow/example_dags/example_bash_operator.py
[2026-01-08T02:13:43.647+0000] {processor.py:914} INFO - Processing file /home/airflow/.local/lib/python3.12/site-packages/airflow/example_dags/example_bash_operator.py for tasks to queue
[2026-01-08T02:13:43.650+0000] {logging_mixin.py:190} INFO - [2026-01-08T02:13:43.650+0000] {dagbag.py:587} INFO - Filling up the DagBag from /home/airflow/.local/lib/python3.12/site-packages/airflow/example_dags/example_bash_operator.py
[2026-01-08T02:13:43.660+0000] {processor.py:925} INFO - DAG(s) 'example_bash_operator' retrieved from /home/airflow/.local/lib/python3.12/site-packages/airflow/example_dags/example_bash_operator.py
[2026-01-08T02:13:43.679+0000] {logging_mixin.py:190} INFO - [2026-01-08T02:13:43.679+0000] {dag.py:3211} INFO - Sync 1 DAGs
[2026-01-08T02:13:43.695+0000] {logging_mixin.py:190} INFO - [2026-01-08T02:13:43.695+0000] {dag.py:4138} INFO - Setting next_dagrun for example_bash_operator to 2026-01-07 00:00:00+00:00, run_after=2026-01-08 00:00:00+00:00
[2026-01-08T02:13:43.842+0000] {processor.py:208} INFO - Processing /home/airflow/.local/lib/python3.12/site-packages/airflow/example_dags/example_bash_operator.py took 0.200 seconds
[2026-01-08T02:14:14.614+0000] {processor.py:186} INFO - Started process (PID=3268) to work on /home/airflow/.local/lib/python3.12/site-packages/airflow/example_dags/example_bash_operator.py
[2026-01-08T02:14:14.616+0000] {processor.py:914} INFO - Processing file /home/airflow/.local/lib/python3.12/site-packages/airflow/example_dags/example_bash_operator.py for tasks to queue
[2026-01-08T02:14:14.618+0000] {logging_mixin.py:190} INFO - [2026-01-08T02:14:14.618+0000] {dagbag.py:587} INFO - Filling up the DagBag from /home/airflow/.local/lib/python3.12/site-packages/airflow/example_dags/example_bash_operator.py
[2026-01-08T02:14:14.627+0000] {processor.py:925} INFO - DAG(s) 'example_bash_operator' retrieved from /home/airflow/.local/lib/python3.12/site-packages/airflow/example_dags/example_bash_operator.py
[2026-01-08T02:14:14.645+0000] {logging_mixin.py:190} INFO - [2026-01-08T02:14:14.645+0000] {dag.py:3211} INFO - Sync 1 DAGs
[2026-01-08T02:14:14.662+0000] {logging_mixin.py:190} INFO - [2026-01-08T02:14:14.662+0000] {dag.py:4138} INFO - Setting next_dagrun for example_bash_operator to 2026-01-07 00:00:00+00:00, run_after=2026-01-08 00:00:00+00:00
[2026-01-08T02:14:14.679+0000] {processor.py:208} INFO - Processing /home/airflow/.local/lib/python3.12/site-packages/airflow/example_dags/example_bash_operator.py took 0.069 seconds
