[2026-01-08T01:48:22.043+0000] {processor.py:186} INFO - Started process (PID=79) to work on /home/airflow/.local/lib/python3.12/site-packages/airflow/example_dags/example_branch_day_of_week_operator.py
[2026-01-08T01:48:22.044+0000] {processor.py:914} INFO - Processing file /home/airflow/.local/lib/python3.12/site-packages/airflow/example_dags/example_branch_day_of_week_operator.py for tasks to queue
[2026-01-08T01:48:22.047+0000] {logging_mixin.py:190} INFO - [2026-01-08T01:48:22.046+0000] {dagbag.py:587} INFO - Filling up the DagBag from /home/airflow/.local/lib/python3.12/site-packages/airflow/example_dags/example_branch_day_of_week_operator.py
[2026-01-08T01:48:22.055+0000] {processor.py:925} INFO - DAG(s) 'example_weekday_branch_operator' retrieved from /home/airflow/.local/lib/python3.12/site-packages/airflow/example_dags/example_branch_day_of_week_operator.py
[2026-01-08T01:48:22.134+0000] {logging_mixin.py:190} INFO - [2026-01-08T01:48:22.133+0000] {override.py:1858} INFO - Created Permission View: can edit on DAG:example_weekday_branch_operator
[2026-01-08T01:48:22.143+0000] {logging_mixin.py:190} INFO - [2026-01-08T01:48:22.142+0000] {override.py:1858} INFO - Created Permission View: can read on DAG:example_weekday_branch_operator
[2026-01-08T01:48:22.149+0000] {logging_mixin.py:190} INFO - [2026-01-08T01:48:22.148+0000] {override.py:1858} INFO - Created Permission View: can delete on DAG:example_weekday_branch_operator
[2026-01-08T01:48:22.150+0000] {logging_mixin.py:190} INFO - [2026-01-08T01:48:22.150+0000] {dag.py:3211} INFO - Sync 1 DAGs
[2026-01-08T01:48:22.160+0000] {logging_mixin.py:190} INFO - [2026-01-08T01:48:22.160+0000] {dag.py:3234} INFO - Creating ORM DAG for example_weekday_branch_operator
[2026-01-08T01:48:22.168+0000] {logging_mixin.py:190} INFO - [2026-01-08T01:48:22.168+0000] {dag.py:4138} INFO - Setting next_dagrun for example_weekday_branch_operator to 2026-01-07 00:00:00+00:00, run_after=2026-01-08 00:00:00+00:00
[2026-01-08T01:48:22.182+0000] {processor.py:208} INFO - Processing /home/airflow/.local/lib/python3.12/site-packages/airflow/example_dags/example_branch_day_of_week_operator.py took 0.143 seconds
[2026-01-08T01:48:52.738+0000] {processor.py:186} INFO - Started process (PID=141) to work on /home/airflow/.local/lib/python3.12/site-packages/airflow/example_dags/example_branch_day_of_week_operator.py
[2026-01-08T01:48:52.739+0000] {processor.py:914} INFO - Processing file /home/airflow/.local/lib/python3.12/site-packages/airflow/example_dags/example_branch_day_of_week_operator.py for tasks to queue
[2026-01-08T01:48:52.741+0000] {logging_mixin.py:190} INFO - [2026-01-08T01:48:52.741+0000] {dagbag.py:587} INFO - Filling up the DagBag from /home/airflow/.local/lib/python3.12/site-packages/airflow/example_dags/example_branch_day_of_week_operator.py
[2026-01-08T01:48:52.749+0000] {processor.py:925} INFO - DAG(s) 'example_weekday_branch_operator' retrieved from /home/airflow/.local/lib/python3.12/site-packages/airflow/example_dags/example_branch_day_of_week_operator.py
[2026-01-08T01:48:52.764+0000] {logging_mixin.py:190} INFO - [2026-01-08T01:48:52.764+0000] {dag.py:3211} INFO - Sync 1 DAGs
[2026-01-08T01:48:52.781+0000] {logging_mixin.py:190} INFO - [2026-01-08T01:48:52.781+0000] {dag.py:4138} INFO - Setting next_dagrun for example_weekday_branch_operator to 2026-01-07 00:00:00+00:00, run_after=2026-01-08 00:00:00+00:00
[2026-01-08T01:48:52.799+0000] {processor.py:208} INFO - Processing /home/airflow/.local/lib/python3.12/site-packages/airflow/example_dags/example_branch_day_of_week_operator.py took 0.066 seconds
[2026-01-08T01:49:23.180+0000] {processor.py:186} INFO - Started process (PID=203) to work on /home/airflow/.local/lib/python3.12/site-packages/airflow/example_dags/example_branch_day_of_week_operator.py
[2026-01-08T01:49:23.182+0000] {processor.py:914} INFO - Processing file /home/airflow/.local/lib/python3.12/site-packages/airflow/example_dags/example_branch_day_of_week_operator.py for tasks to queue
[2026-01-08T01:49:23.184+0000] {logging_mixin.py:190} INFO - [2026-01-08T01:49:23.184+0000] {dagbag.py:587} INFO - Filling up the DagBag from /home/airflow/.local/lib/python3.12/site-packages/airflow/example_dags/example_branch_day_of_week_operator.py
[2026-01-08T01:49:23.192+0000] {processor.py:925} INFO - DAG(s) 'example_weekday_branch_operator' retrieved from /home/airflow/.local/lib/python3.12/site-packages/airflow/example_dags/example_branch_day_of_week_operator.py
[2026-01-08T01:49:23.207+0000] {logging_mixin.py:190} INFO - [2026-01-08T01:49:23.206+0000] {dag.py:3211} INFO - Sync 1 DAGs
[2026-01-08T01:49:23.222+0000] {logging_mixin.py:190} INFO - [2026-01-08T01:49:23.222+0000] {dag.py:4138} INFO - Setting next_dagrun for example_weekday_branch_operator to 2026-01-07 00:00:00+00:00, run_after=2026-01-08 00:00:00+00:00
[2026-01-08T01:49:23.238+0000] {processor.py:208} INFO - Processing /home/airflow/.local/lib/python3.12/site-packages/airflow/example_dags/example_branch_day_of_week_operator.py took 0.063 seconds
[2026-01-08T01:49:53.649+0000] {processor.py:186} INFO - Started process (PID=265) to work on /home/airflow/.local/lib/python3.12/site-packages/airflow/example_dags/example_branch_day_of_week_operator.py
[2026-01-08T01:49:53.650+0000] {processor.py:914} INFO - Processing file /home/airflow/.local/lib/python3.12/site-packages/airflow/example_dags/example_branch_day_of_week_operator.py for tasks to queue
[2026-01-08T01:49:53.653+0000] {logging_mixin.py:190} INFO - [2026-01-08T01:49:53.652+0000] {dagbag.py:587} INFO - Filling up the DagBag from /home/airflow/.local/lib/python3.12/site-packages/airflow/example_dags/example_branch_day_of_week_operator.py
[2026-01-08T01:49:53.660+0000] {processor.py:925} INFO - DAG(s) 'example_weekday_branch_operator' retrieved from /home/airflow/.local/lib/python3.12/site-packages/airflow/example_dags/example_branch_day_of_week_operator.py
[2026-01-08T01:49:53.676+0000] {logging_mixin.py:190} INFO - [2026-01-08T01:49:53.676+0000] {dag.py:3211} INFO - Sync 1 DAGs
[2026-01-08T01:49:53.692+0000] {logging_mixin.py:190} INFO - [2026-01-08T01:49:53.692+0000] {dag.py:4138} INFO - Setting next_dagrun for example_weekday_branch_operator to 2026-01-07 00:00:00+00:00, run_after=2026-01-08 00:00:00+00:00
[2026-01-08T01:49:53.707+0000] {processor.py:208} INFO - Processing /home/airflow/.local/lib/python3.12/site-packages/airflow/example_dags/example_branch_day_of_week_operator.py took 0.063 seconds
[2026-01-08T01:50:24.154+0000] {processor.py:186} INFO - Started process (PID=327) to work on /home/airflow/.local/lib/python3.12/site-packages/airflow/example_dags/example_branch_day_of_week_operator.py
[2026-01-08T01:50:24.156+0000] {processor.py:914} INFO - Processing file /home/airflow/.local/lib/python3.12/site-packages/airflow/example_dags/example_branch_day_of_week_operator.py for tasks to queue
[2026-01-08T01:50:24.158+0000] {logging_mixin.py:190} INFO - [2026-01-08T01:50:24.158+0000] {dagbag.py:587} INFO - Filling up the DagBag from /home/airflow/.local/lib/python3.12/site-packages/airflow/example_dags/example_branch_day_of_week_operator.py
[2026-01-08T01:50:24.166+0000] {processor.py:925} INFO - DAG(s) 'example_weekday_branch_operator' retrieved from /home/airflow/.local/lib/python3.12/site-packages/airflow/example_dags/example_branch_day_of_week_operator.py
[2026-01-08T01:50:24.182+0000] {logging_mixin.py:190} INFO - [2026-01-08T01:50:24.182+0000] {dag.py:3211} INFO - Sync 1 DAGs
[2026-01-08T01:50:24.200+0000] {logging_mixin.py:190} INFO - [2026-01-08T01:50:24.200+0000] {dag.py:4138} INFO - Setting next_dagrun for example_weekday_branch_operator to 2026-01-07 00:00:00+00:00, run_after=2026-01-08 00:00:00+00:00
[2026-01-08T01:50:24.216+0000] {processor.py:208} INFO - Processing /home/airflow/.local/lib/python3.12/site-packages/airflow/example_dags/example_branch_day_of_week_operator.py took 0.067 seconds
[2026-01-08T01:50:54.527+0000] {processor.py:186} INFO - Started process (PID=395) to work on /home/airflow/.local/lib/python3.12/site-packages/airflow/example_dags/example_branch_day_of_week_operator.py
[2026-01-08T01:50:54.528+0000] {processor.py:914} INFO - Processing file /home/airflow/.local/lib/python3.12/site-packages/airflow/example_dags/example_branch_day_of_week_operator.py for tasks to queue
[2026-01-08T01:50:54.530+0000] {logging_mixin.py:190} INFO - [2026-01-08T01:50:54.530+0000] {dagbag.py:587} INFO - Filling up the DagBag from /home/airflow/.local/lib/python3.12/site-packages/airflow/example_dags/example_branch_day_of_week_operator.py
[2026-01-08T01:50:54.539+0000] {processor.py:925} INFO - DAG(s) 'example_weekday_branch_operator' retrieved from /home/airflow/.local/lib/python3.12/site-packages/airflow/example_dags/example_branch_day_of_week_operator.py
[2026-01-08T01:50:54.555+0000] {logging_mixin.py:190} INFO - [2026-01-08T01:50:54.555+0000] {dag.py:3211} INFO - Sync 1 DAGs
[2026-01-08T01:50:54.571+0000] {logging_mixin.py:190} INFO - [2026-01-08T01:50:54.571+0000] {dag.py:4138} INFO - Setting next_dagrun for example_weekday_branch_operator to 2026-01-07 00:00:00+00:00, run_after=2026-01-08 00:00:00+00:00
[2026-01-08T01:50:54.586+0000] {processor.py:208} INFO - Processing /home/airflow/.local/lib/python3.12/site-packages/airflow/example_dags/example_branch_day_of_week_operator.py took 0.063 seconds
[2026-01-08T01:51:25.136+0000] {processor.py:186} INFO - Started process (PID=457) to work on /home/airflow/.local/lib/python3.12/site-packages/airflow/example_dags/example_branch_day_of_week_operator.py
[2026-01-08T01:51:25.138+0000] {processor.py:914} INFO - Processing file /home/airflow/.local/lib/python3.12/site-packages/airflow/example_dags/example_branch_day_of_week_operator.py for tasks to queue
[2026-01-08T01:51:25.140+0000] {logging_mixin.py:190} INFO - [2026-01-08T01:51:25.140+0000] {dagbag.py:587} INFO - Filling up the DagBag from /home/airflow/.local/lib/python3.12/site-packages/airflow/example_dags/example_branch_day_of_week_operator.py
[2026-01-08T01:51:25.147+0000] {processor.py:925} INFO - DAG(s) 'example_weekday_branch_operator' retrieved from /home/airflow/.local/lib/python3.12/site-packages/airflow/example_dags/example_branch_day_of_week_operator.py
[2026-01-08T01:51:25.164+0000] {logging_mixin.py:190} INFO - [2026-01-08T01:51:25.164+0000] {dag.py:3211} INFO - Sync 1 DAGs
[2026-01-08T01:51:25.181+0000] {logging_mixin.py:190} INFO - [2026-01-08T01:51:25.181+0000] {dag.py:4138} INFO - Setting next_dagrun for example_weekday_branch_operator to 2026-01-07 00:00:00+00:00, run_after=2026-01-08 00:00:00+00:00
[2026-01-08T01:51:25.195+0000] {processor.py:208} INFO - Processing /home/airflow/.local/lib/python3.12/site-packages/airflow/example_dags/example_branch_day_of_week_operator.py took 0.063 seconds
[2026-01-08T01:51:55.751+0000] {processor.py:186} INFO - Started process (PID=520) to work on /home/airflow/.local/lib/python3.12/site-packages/airflow/example_dags/example_branch_day_of_week_operator.py
[2026-01-08T01:51:55.752+0000] {processor.py:914} INFO - Processing file /home/airflow/.local/lib/python3.12/site-packages/airflow/example_dags/example_branch_day_of_week_operator.py for tasks to queue
[2026-01-08T01:51:55.754+0000] {logging_mixin.py:190} INFO - [2026-01-08T01:51:55.754+0000] {dagbag.py:587} INFO - Filling up the DagBag from /home/airflow/.local/lib/python3.12/site-packages/airflow/example_dags/example_branch_day_of_week_operator.py
[2026-01-08T01:51:55.762+0000] {processor.py:925} INFO - DAG(s) 'example_weekday_branch_operator' retrieved from /home/airflow/.local/lib/python3.12/site-packages/airflow/example_dags/example_branch_day_of_week_operator.py
[2026-01-08T01:51:55.780+0000] {logging_mixin.py:190} INFO - [2026-01-08T01:51:55.780+0000] {dag.py:3211} INFO - Sync 1 DAGs
[2026-01-08T01:51:55.797+0000] {logging_mixin.py:190} INFO - [2026-01-08T01:51:55.797+0000] {dag.py:4138} INFO - Setting next_dagrun for example_weekday_branch_operator to 2026-01-07 00:00:00+00:00, run_after=2026-01-08 00:00:00+00:00
[2026-01-08T01:51:55.812+0000] {processor.py:208} INFO - Processing /home/airflow/.local/lib/python3.12/site-packages/airflow/example_dags/example_branch_day_of_week_operator.py took 0.065 seconds
[2026-01-08T01:52:26.309+0000] {processor.py:186} INFO - Started process (PID=582) to work on /home/airflow/.local/lib/python3.12/site-packages/airflow/example_dags/example_branch_day_of_week_operator.py
[2026-01-08T01:52:26.311+0000] {processor.py:914} INFO - Processing file /home/airflow/.local/lib/python3.12/site-packages/airflow/example_dags/example_branch_day_of_week_operator.py for tasks to queue
[2026-01-08T01:52:26.313+0000] {logging_mixin.py:190} INFO - [2026-01-08T01:52:26.313+0000] {dagbag.py:587} INFO - Filling up the DagBag from /home/airflow/.local/lib/python3.12/site-packages/airflow/example_dags/example_branch_day_of_week_operator.py
[2026-01-08T01:52:26.321+0000] {processor.py:925} INFO - DAG(s) 'example_weekday_branch_operator' retrieved from /home/airflow/.local/lib/python3.12/site-packages/airflow/example_dags/example_branch_day_of_week_operator.py
[2026-01-08T01:52:26.339+0000] {logging_mixin.py:190} INFO - [2026-01-08T01:52:26.339+0000] {dag.py:3211} INFO - Sync 1 DAGs
[2026-01-08T01:52:26.355+0000] {logging_mixin.py:190} INFO - [2026-01-08T01:52:26.355+0000] {dag.py:4138} INFO - Setting next_dagrun for example_weekday_branch_operator to 2026-01-07 00:00:00+00:00, run_after=2026-01-08 00:00:00+00:00
[2026-01-08T01:52:26.369+0000] {processor.py:208} INFO - Processing /home/airflow/.local/lib/python3.12/site-packages/airflow/example_dags/example_branch_day_of_week_operator.py took 0.065 seconds
[2026-01-08T01:52:56.621+0000] {processor.py:186} INFO - Started process (PID=644) to work on /home/airflow/.local/lib/python3.12/site-packages/airflow/example_dags/example_branch_day_of_week_operator.py
[2026-01-08T01:52:56.622+0000] {processor.py:914} INFO - Processing file /home/airflow/.local/lib/python3.12/site-packages/airflow/example_dags/example_branch_day_of_week_operator.py for tasks to queue
[2026-01-08T01:52:56.625+0000] {logging_mixin.py:190} INFO - [2026-01-08T01:52:56.625+0000] {dagbag.py:587} INFO - Filling up the DagBag from /home/airflow/.local/lib/python3.12/site-packages/airflow/example_dags/example_branch_day_of_week_operator.py
[2026-01-08T01:52:56.634+0000] {processor.py:925} INFO - DAG(s) 'example_weekday_branch_operator' retrieved from /home/airflow/.local/lib/python3.12/site-packages/airflow/example_dags/example_branch_day_of_week_operator.py
[2026-01-08T01:52:56.652+0000] {logging_mixin.py:190} INFO - [2026-01-08T01:52:56.651+0000] {dag.py:3211} INFO - Sync 1 DAGs
[2026-01-08T01:52:56.670+0000] {logging_mixin.py:190} INFO - [2026-01-08T01:52:56.669+0000] {dag.py:4138} INFO - Setting next_dagrun for example_weekday_branch_operator to 2026-01-07 00:00:00+00:00, run_after=2026-01-08 00:00:00+00:00
[2026-01-08T01:52:56.686+0000] {processor.py:208} INFO - Processing /home/airflow/.local/lib/python3.12/site-packages/airflow/example_dags/example_branch_day_of_week_operator.py took 0.070 seconds
[2026-01-08T01:53:27.044+0000] {processor.py:186} INFO - Started process (PID=706) to work on /home/airflow/.local/lib/python3.12/site-packages/airflow/example_dags/example_branch_day_of_week_operator.py
[2026-01-08T01:53:27.045+0000] {processor.py:914} INFO - Processing file /home/airflow/.local/lib/python3.12/site-packages/airflow/example_dags/example_branch_day_of_week_operator.py for tasks to queue
[2026-01-08T01:53:27.048+0000] {logging_mixin.py:190} INFO - [2026-01-08T01:53:27.047+0000] {dagbag.py:587} INFO - Filling up the DagBag from /home/airflow/.local/lib/python3.12/site-packages/airflow/example_dags/example_branch_day_of_week_operator.py
[2026-01-08T01:53:27.055+0000] {processor.py:925} INFO - DAG(s) 'example_weekday_branch_operator' retrieved from /home/airflow/.local/lib/python3.12/site-packages/airflow/example_dags/example_branch_day_of_week_operator.py
[2026-01-08T01:53:27.072+0000] {logging_mixin.py:190} INFO - [2026-01-08T01:53:27.072+0000] {dag.py:3211} INFO - Sync 1 DAGs
[2026-01-08T01:53:27.090+0000] {logging_mixin.py:190} INFO - [2026-01-08T01:53:27.089+0000] {dag.py:4138} INFO - Setting next_dagrun for example_weekday_branch_operator to 2026-01-07 00:00:00+00:00, run_after=2026-01-08 00:00:00+00:00
[2026-01-08T01:53:27.105+0000] {processor.py:208} INFO - Processing /home/airflow/.local/lib/python3.12/site-packages/airflow/example_dags/example_branch_day_of_week_operator.py took 0.067 seconds
[2026-01-08T01:53:57.600+0000] {processor.py:186} INFO - Started process (PID=768) to work on /home/airflow/.local/lib/python3.12/site-packages/airflow/example_dags/example_branch_day_of_week_operator.py
[2026-01-08T01:53:57.602+0000] {processor.py:914} INFO - Processing file /home/airflow/.local/lib/python3.12/site-packages/airflow/example_dags/example_branch_day_of_week_operator.py for tasks to queue
[2026-01-08T01:53:57.604+0000] {logging_mixin.py:190} INFO - [2026-01-08T01:53:57.604+0000] {dagbag.py:587} INFO - Filling up the DagBag from /home/airflow/.local/lib/python3.12/site-packages/airflow/example_dags/example_branch_day_of_week_operator.py
[2026-01-08T01:53:57.612+0000] {processor.py:925} INFO - DAG(s) 'example_weekday_branch_operator' retrieved from /home/airflow/.local/lib/python3.12/site-packages/airflow/example_dags/example_branch_day_of_week_operator.py
[2026-01-08T01:53:57.628+0000] {logging_mixin.py:190} INFO - [2026-01-08T01:53:57.628+0000] {dag.py:3211} INFO - Sync 1 DAGs
[2026-01-08T01:53:57.644+0000] {logging_mixin.py:190} INFO - [2026-01-08T01:53:57.643+0000] {dag.py:4138} INFO - Setting next_dagrun for example_weekday_branch_operator to 2026-01-07 00:00:00+00:00, run_after=2026-01-08 00:00:00+00:00
[2026-01-08T01:53:57.659+0000] {processor.py:208} INFO - Processing /home/airflow/.local/lib/python3.12/site-packages/airflow/example_dags/example_branch_day_of_week_operator.py took 0.063 seconds
[2026-01-08T01:54:28.098+0000] {processor.py:186} INFO - Started process (PID=830) to work on /home/airflow/.local/lib/python3.12/site-packages/airflow/example_dags/example_branch_day_of_week_operator.py
[2026-01-08T01:54:28.099+0000] {processor.py:914} INFO - Processing file /home/airflow/.local/lib/python3.12/site-packages/airflow/example_dags/example_branch_day_of_week_operator.py for tasks to queue
[2026-01-08T01:54:28.101+0000] {logging_mixin.py:190} INFO - [2026-01-08T01:54:28.101+0000] {dagbag.py:587} INFO - Filling up the DagBag from /home/airflow/.local/lib/python3.12/site-packages/airflow/example_dags/example_branch_day_of_week_operator.py
[2026-01-08T01:54:28.109+0000] {processor.py:925} INFO - DAG(s) 'example_weekday_branch_operator' retrieved from /home/airflow/.local/lib/python3.12/site-packages/airflow/example_dags/example_branch_day_of_week_operator.py
[2026-01-08T01:54:28.125+0000] {logging_mixin.py:190} INFO - [2026-01-08T01:54:28.125+0000] {dag.py:3211} INFO - Sync 1 DAGs
[2026-01-08T01:54:28.141+0000] {logging_mixin.py:190} INFO - [2026-01-08T01:54:28.141+0000] {dag.py:4138} INFO - Setting next_dagrun for example_weekday_branch_operator to 2026-01-07 00:00:00+00:00, run_after=2026-01-08 00:00:00+00:00
[2026-01-08T01:54:28.158+0000] {processor.py:208} INFO - Processing /home/airflow/.local/lib/python3.12/site-packages/airflow/example_dags/example_branch_day_of_week_operator.py took 0.064 seconds
[2026-01-08T01:54:58.816+0000] {processor.py:186} INFO - Started process (PID=892) to work on /home/airflow/.local/lib/python3.12/site-packages/airflow/example_dags/example_branch_day_of_week_operator.py
[2026-01-08T01:54:58.817+0000] {processor.py:914} INFO - Processing file /home/airflow/.local/lib/python3.12/site-packages/airflow/example_dags/example_branch_day_of_week_operator.py for tasks to queue
[2026-01-08T01:54:58.819+0000] {logging_mixin.py:190} INFO - [2026-01-08T01:54:58.819+0000] {dagbag.py:587} INFO - Filling up the DagBag from /home/airflow/.local/lib/python3.12/site-packages/airflow/example_dags/example_branch_day_of_week_operator.py
[2026-01-08T01:54:58.827+0000] {processor.py:925} INFO - DAG(s) 'example_weekday_branch_operator' retrieved from /home/airflow/.local/lib/python3.12/site-packages/airflow/example_dags/example_branch_day_of_week_operator.py
[2026-01-08T01:54:58.843+0000] {logging_mixin.py:190} INFO - [2026-01-08T01:54:58.843+0000] {dag.py:3211} INFO - Sync 1 DAGs
[2026-01-08T01:54:58.861+0000] {logging_mixin.py:190} INFO - [2026-01-08T01:54:58.861+0000] {dag.py:4138} INFO - Setting next_dagrun for example_weekday_branch_operator to 2026-01-07 00:00:00+00:00, run_after=2026-01-08 00:00:00+00:00
[2026-01-08T01:54:58.877+0000] {processor.py:208} INFO - Processing /home/airflow/.local/lib/python3.12/site-packages/airflow/example_dags/example_branch_day_of_week_operator.py took 0.065 seconds
[2026-01-08T01:55:29.410+0000] {processor.py:186} INFO - Started process (PID=954) to work on /home/airflow/.local/lib/python3.12/site-packages/airflow/example_dags/example_branch_day_of_week_operator.py
[2026-01-08T01:55:29.411+0000] {processor.py:914} INFO - Processing file /home/airflow/.local/lib/python3.12/site-packages/airflow/example_dags/example_branch_day_of_week_operator.py for tasks to queue
[2026-01-08T01:55:29.413+0000] {logging_mixin.py:190} INFO - [2026-01-08T01:55:29.413+0000] {dagbag.py:587} INFO - Filling up the DagBag from /home/airflow/.local/lib/python3.12/site-packages/airflow/example_dags/example_branch_day_of_week_operator.py
[2026-01-08T01:55:29.421+0000] {processor.py:925} INFO - DAG(s) 'example_weekday_branch_operator' retrieved from /home/airflow/.local/lib/python3.12/site-packages/airflow/example_dags/example_branch_day_of_week_operator.py
[2026-01-08T01:55:29.437+0000] {logging_mixin.py:190} INFO - [2026-01-08T01:55:29.437+0000] {dag.py:3211} INFO - Sync 1 DAGs
[2026-01-08T01:55:29.454+0000] {logging_mixin.py:190} INFO - [2026-01-08T01:55:29.454+0000] {dag.py:4138} INFO - Setting next_dagrun for example_weekday_branch_operator to 2026-01-07 00:00:00+00:00, run_after=2026-01-08 00:00:00+00:00
[2026-01-08T01:55:29.468+0000] {processor.py:208} INFO - Processing /home/airflow/.local/lib/python3.12/site-packages/airflow/example_dags/example_branch_day_of_week_operator.py took 0.063 seconds
[2026-01-08T01:56:00.125+0000] {processor.py:186} INFO - Started process (PID=1016) to work on /home/airflow/.local/lib/python3.12/site-packages/airflow/example_dags/example_branch_day_of_week_operator.py
[2026-01-08T01:56:00.127+0000] {processor.py:914} INFO - Processing file /home/airflow/.local/lib/python3.12/site-packages/airflow/example_dags/example_branch_day_of_week_operator.py for tasks to queue
[2026-01-08T01:56:00.129+0000] {logging_mixin.py:190} INFO - [2026-01-08T01:56:00.129+0000] {dagbag.py:587} INFO - Filling up the DagBag from /home/airflow/.local/lib/python3.12/site-packages/airflow/example_dags/example_branch_day_of_week_operator.py
[2026-01-08T01:56:00.136+0000] {processor.py:925} INFO - DAG(s) 'example_weekday_branch_operator' retrieved from /home/airflow/.local/lib/python3.12/site-packages/airflow/example_dags/example_branch_day_of_week_operator.py
[2026-01-08T01:56:00.154+0000] {logging_mixin.py:190} INFO - [2026-01-08T01:56:00.154+0000] {dag.py:3211} INFO - Sync 1 DAGs
[2026-01-08T01:56:00.171+0000] {logging_mixin.py:190} INFO - [2026-01-08T01:56:00.171+0000] {dag.py:4138} INFO - Setting next_dagrun for example_weekday_branch_operator to 2026-01-07 00:00:00+00:00, run_after=2026-01-08 00:00:00+00:00
[2026-01-08T01:56:00.185+0000] {processor.py:208} INFO - Processing /home/airflow/.local/lib/python3.12/site-packages/airflow/example_dags/example_branch_day_of_week_operator.py took 0.064 seconds
[2026-01-08T01:56:30.559+0000] {processor.py:186} INFO - Started process (PID=1078) to work on /home/airflow/.local/lib/python3.12/site-packages/airflow/example_dags/example_branch_day_of_week_operator.py
[2026-01-08T01:56:30.561+0000] {processor.py:914} INFO - Processing file /home/airflow/.local/lib/python3.12/site-packages/airflow/example_dags/example_branch_day_of_week_operator.py for tasks to queue
[2026-01-08T01:56:30.563+0000] {logging_mixin.py:190} INFO - [2026-01-08T01:56:30.563+0000] {dagbag.py:587} INFO - Filling up the DagBag from /home/airflow/.local/lib/python3.12/site-packages/airflow/example_dags/example_branch_day_of_week_operator.py
[2026-01-08T01:56:30.571+0000] {processor.py:925} INFO - DAG(s) 'example_weekday_branch_operator' retrieved from /home/airflow/.local/lib/python3.12/site-packages/airflow/example_dags/example_branch_day_of_week_operator.py
[2026-01-08T01:56:30.588+0000] {logging_mixin.py:190} INFO - [2026-01-08T01:56:30.587+0000] {dag.py:3211} INFO - Sync 1 DAGs
[2026-01-08T01:56:30.605+0000] {logging_mixin.py:190} INFO - [2026-01-08T01:56:30.605+0000] {dag.py:4138} INFO - Setting next_dagrun for example_weekday_branch_operator to 2026-01-07 00:00:00+00:00, run_after=2026-01-08 00:00:00+00:00
[2026-01-08T01:56:30.623+0000] {processor.py:208} INFO - Processing /home/airflow/.local/lib/python3.12/site-packages/airflow/example_dags/example_branch_day_of_week_operator.py took 0.068 seconds
[2026-01-08T01:57:00.994+0000] {processor.py:186} INFO - Started process (PID=1140) to work on /home/airflow/.local/lib/python3.12/site-packages/airflow/example_dags/example_branch_day_of_week_operator.py
[2026-01-08T01:57:00.995+0000] {processor.py:914} INFO - Processing file /home/airflow/.local/lib/python3.12/site-packages/airflow/example_dags/example_branch_day_of_week_operator.py for tasks to queue
[2026-01-08T01:57:00.998+0000] {logging_mixin.py:190} INFO - [2026-01-08T01:57:00.997+0000] {dagbag.py:587} INFO - Filling up the DagBag from /home/airflow/.local/lib/python3.12/site-packages/airflow/example_dags/example_branch_day_of_week_operator.py
[2026-01-08T01:57:01.007+0000] {processor.py:925} INFO - DAG(s) 'example_weekday_branch_operator' retrieved from /home/airflow/.local/lib/python3.12/site-packages/airflow/example_dags/example_branch_day_of_week_operator.py
[2026-01-08T01:57:01.027+0000] {logging_mixin.py:190} INFO - [2026-01-08T01:57:01.027+0000] {dag.py:3211} INFO - Sync 1 DAGs
[2026-01-08T01:57:01.045+0000] {logging_mixin.py:190} INFO - [2026-01-08T01:57:01.045+0000] {dag.py:4138} INFO - Setting next_dagrun for example_weekday_branch_operator to 2026-01-07 00:00:00+00:00, run_after=2026-01-08 00:00:00+00:00
[2026-01-08T01:57:01.061+0000] {processor.py:208} INFO - Processing /home/airflow/.local/lib/python3.12/site-packages/airflow/example_dags/example_branch_day_of_week_operator.py took 0.073 seconds
[2026-01-08T01:57:31.305+0000] {processor.py:186} INFO - Started process (PID=1202) to work on /home/airflow/.local/lib/python3.12/site-packages/airflow/example_dags/example_branch_day_of_week_operator.py
[2026-01-08T01:57:31.306+0000] {processor.py:914} INFO - Processing file /home/airflow/.local/lib/python3.12/site-packages/airflow/example_dags/example_branch_day_of_week_operator.py for tasks to queue
[2026-01-08T01:57:31.309+0000] {logging_mixin.py:190} INFO - [2026-01-08T01:57:31.308+0000] {dagbag.py:587} INFO - Filling up the DagBag from /home/airflow/.local/lib/python3.12/site-packages/airflow/example_dags/example_branch_day_of_week_operator.py
[2026-01-08T01:57:31.316+0000] {processor.py:925} INFO - DAG(s) 'example_weekday_branch_operator' retrieved from /home/airflow/.local/lib/python3.12/site-packages/airflow/example_dags/example_branch_day_of_week_operator.py
[2026-01-08T01:57:31.333+0000] {logging_mixin.py:190} INFO - [2026-01-08T01:57:31.333+0000] {dag.py:3211} INFO - Sync 1 DAGs
[2026-01-08T01:57:31.350+0000] {logging_mixin.py:190} INFO - [2026-01-08T01:57:31.350+0000] {dag.py:4138} INFO - Setting next_dagrun for example_weekday_branch_operator to 2026-01-07 00:00:00+00:00, run_after=2026-01-08 00:00:00+00:00
[2026-01-08T01:57:31.366+0000] {processor.py:208} INFO - Processing /home/airflow/.local/lib/python3.12/site-packages/airflow/example_dags/example_branch_day_of_week_operator.py took 0.066 seconds
[2026-01-08T01:58:01.895+0000] {processor.py:186} INFO - Started process (PID=1264) to work on /home/airflow/.local/lib/python3.12/site-packages/airflow/example_dags/example_branch_day_of_week_operator.py
[2026-01-08T01:58:01.897+0000] {processor.py:914} INFO - Processing file /home/airflow/.local/lib/python3.12/site-packages/airflow/example_dags/example_branch_day_of_week_operator.py for tasks to queue
[2026-01-08T01:58:01.899+0000] {logging_mixin.py:190} INFO - [2026-01-08T01:58:01.899+0000] {dagbag.py:587} INFO - Filling up the DagBag from /home/airflow/.local/lib/python3.12/site-packages/airflow/example_dags/example_branch_day_of_week_operator.py
[2026-01-08T01:58:01.907+0000] {processor.py:925} INFO - DAG(s) 'example_weekday_branch_operator' retrieved from /home/airflow/.local/lib/python3.12/site-packages/airflow/example_dags/example_branch_day_of_week_operator.py
[2026-01-08T01:58:01.923+0000] {logging_mixin.py:190} INFO - [2026-01-08T01:58:01.923+0000] {dag.py:3211} INFO - Sync 1 DAGs
[2026-01-08T01:58:01.940+0000] {logging_mixin.py:190} INFO - [2026-01-08T01:58:01.939+0000] {dag.py:4138} INFO - Setting next_dagrun for example_weekday_branch_operator to 2026-01-07 00:00:00+00:00, run_after=2026-01-08 00:00:00+00:00
[2026-01-08T01:58:01.956+0000] {processor.py:208} INFO - Processing /home/airflow/.local/lib/python3.12/site-packages/airflow/example_dags/example_branch_day_of_week_operator.py took 0.065 seconds
[2026-01-08T01:58:32.483+0000] {processor.py:186} INFO - Started process (PID=1327) to work on /home/airflow/.local/lib/python3.12/site-packages/airflow/example_dags/example_branch_day_of_week_operator.py
[2026-01-08T01:58:32.485+0000] {processor.py:914} INFO - Processing file /home/airflow/.local/lib/python3.12/site-packages/airflow/example_dags/example_branch_day_of_week_operator.py for tasks to queue
[2026-01-08T01:58:32.487+0000] {logging_mixin.py:190} INFO - [2026-01-08T01:58:32.487+0000] {dagbag.py:587} INFO - Filling up the DagBag from /home/airflow/.local/lib/python3.12/site-packages/airflow/example_dags/example_branch_day_of_week_operator.py
[2026-01-08T01:58:32.495+0000] {processor.py:925} INFO - DAG(s) 'example_weekday_branch_operator' retrieved from /home/airflow/.local/lib/python3.12/site-packages/airflow/example_dags/example_branch_day_of_week_operator.py
[2026-01-08T01:58:32.513+0000] {logging_mixin.py:190} INFO - [2026-01-08T01:58:32.513+0000] {dag.py:3211} INFO - Sync 1 DAGs
[2026-01-08T01:58:32.531+0000] {logging_mixin.py:190} INFO - [2026-01-08T01:58:32.531+0000] {dag.py:4138} INFO - Setting next_dagrun for example_weekday_branch_operator to 2026-01-07 00:00:00+00:00, run_after=2026-01-08 00:00:00+00:00
[2026-01-08T01:58:32.547+0000] {processor.py:208} INFO - Processing /home/airflow/.local/lib/python3.12/site-packages/airflow/example_dags/example_branch_day_of_week_operator.py took 0.068 seconds
[2026-01-08T01:59:02.737+0000] {processor.py:186} INFO - Started process (PID=1390) to work on /home/airflow/.local/lib/python3.12/site-packages/airflow/example_dags/example_branch_day_of_week_operator.py
[2026-01-08T01:59:02.739+0000] {processor.py:914} INFO - Processing file /home/airflow/.local/lib/python3.12/site-packages/airflow/example_dags/example_branch_day_of_week_operator.py for tasks to queue
[2026-01-08T01:59:02.742+0000] {logging_mixin.py:190} INFO - [2026-01-08T01:59:02.742+0000] {dagbag.py:587} INFO - Filling up the DagBag from /home/airflow/.local/lib/python3.12/site-packages/airflow/example_dags/example_branch_day_of_week_operator.py
[2026-01-08T01:59:02.751+0000] {processor.py:925} INFO - DAG(s) 'example_weekday_branch_operator' retrieved from /home/airflow/.local/lib/python3.12/site-packages/airflow/example_dags/example_branch_day_of_week_operator.py
[2026-01-08T01:59:02.769+0000] {logging_mixin.py:190} INFO - [2026-01-08T01:59:02.769+0000] {dag.py:3211} INFO - Sync 1 DAGs
[2026-01-08T01:59:02.788+0000] {logging_mixin.py:190} INFO - [2026-01-08T01:59:02.787+0000] {dag.py:4138} INFO - Setting next_dagrun for example_weekday_branch_operator to 2026-01-07 00:00:00+00:00, run_after=2026-01-08 00:00:00+00:00
[2026-01-08T01:59:02.806+0000] {processor.py:208} INFO - Processing /home/airflow/.local/lib/python3.12/site-packages/airflow/example_dags/example_branch_day_of_week_operator.py took 0.073 seconds
[2026-01-08T01:59:33.115+0000] {processor.py:186} INFO - Started process (PID=1453) to work on /home/airflow/.local/lib/python3.12/site-packages/airflow/example_dags/example_branch_day_of_week_operator.py
[2026-01-08T01:59:33.116+0000] {processor.py:914} INFO - Processing file /home/airflow/.local/lib/python3.12/site-packages/airflow/example_dags/example_branch_day_of_week_operator.py for tasks to queue
[2026-01-08T01:59:33.118+0000] {logging_mixin.py:190} INFO - [2026-01-08T01:59:33.118+0000] {dagbag.py:587} INFO - Filling up the DagBag from /home/airflow/.local/lib/python3.12/site-packages/airflow/example_dags/example_branch_day_of_week_operator.py
[2026-01-08T01:59:33.127+0000] {processor.py:925} INFO - DAG(s) 'example_weekday_branch_operator' retrieved from /home/airflow/.local/lib/python3.12/site-packages/airflow/example_dags/example_branch_day_of_week_operator.py
[2026-01-08T01:59:33.143+0000] {logging_mixin.py:190} INFO - [2026-01-08T01:59:33.143+0000] {dag.py:3211} INFO - Sync 1 DAGs
[2026-01-08T01:59:33.159+0000] {logging_mixin.py:190} INFO - [2026-01-08T01:59:33.159+0000] {dag.py:4138} INFO - Setting next_dagrun for example_weekday_branch_operator to 2026-01-07 00:00:00+00:00, run_after=2026-01-08 00:00:00+00:00
[2026-01-08T01:59:33.174+0000] {processor.py:208} INFO - Processing /home/airflow/.local/lib/python3.12/site-packages/airflow/example_dags/example_branch_day_of_week_operator.py took 0.063 seconds
[2026-01-08T02:00:03.502+0000] {processor.py:186} INFO - Started process (PID=1516) to work on /home/airflow/.local/lib/python3.12/site-packages/airflow/example_dags/example_branch_day_of_week_operator.py
[2026-01-08T02:00:03.504+0000] {processor.py:914} INFO - Processing file /home/airflow/.local/lib/python3.12/site-packages/airflow/example_dags/example_branch_day_of_week_operator.py for tasks to queue
[2026-01-08T02:00:03.506+0000] {logging_mixin.py:190} INFO - [2026-01-08T02:00:03.506+0000] {dagbag.py:587} INFO - Filling up the DagBag from /home/airflow/.local/lib/python3.12/site-packages/airflow/example_dags/example_branch_day_of_week_operator.py
[2026-01-08T02:00:03.513+0000] {processor.py:925} INFO - DAG(s) 'example_weekday_branch_operator' retrieved from /home/airflow/.local/lib/python3.12/site-packages/airflow/example_dags/example_branch_day_of_week_operator.py
[2026-01-08T02:00:03.530+0000] {logging_mixin.py:190} INFO - [2026-01-08T02:00:03.530+0000] {dag.py:3211} INFO - Sync 1 DAGs
[2026-01-08T02:00:03.546+0000] {logging_mixin.py:190} INFO - [2026-01-08T02:00:03.546+0000] {dag.py:4138} INFO - Setting next_dagrun for example_weekday_branch_operator to 2026-01-07 00:00:00+00:00, run_after=2026-01-08 00:00:00+00:00
[2026-01-08T02:00:03.562+0000] {processor.py:208} INFO - Processing /home/airflow/.local/lib/python3.12/site-packages/airflow/example_dags/example_branch_day_of_week_operator.py took 0.064 seconds
[2026-01-08T02:00:34.321+0000] {processor.py:186} INFO - Started process (PID=1579) to work on /home/airflow/.local/lib/python3.12/site-packages/airflow/example_dags/example_branch_day_of_week_operator.py
[2026-01-08T02:00:34.322+0000] {processor.py:914} INFO - Processing file /home/airflow/.local/lib/python3.12/site-packages/airflow/example_dags/example_branch_day_of_week_operator.py for tasks to queue
[2026-01-08T02:00:34.325+0000] {logging_mixin.py:190} INFO - [2026-01-08T02:00:34.324+0000] {dagbag.py:587} INFO - Filling up the DagBag from /home/airflow/.local/lib/python3.12/site-packages/airflow/example_dags/example_branch_day_of_week_operator.py
[2026-01-08T02:00:34.332+0000] {processor.py:925} INFO - DAG(s) 'example_weekday_branch_operator' retrieved from /home/airflow/.local/lib/python3.12/site-packages/airflow/example_dags/example_branch_day_of_week_operator.py
[2026-01-08T02:00:34.348+0000] {logging_mixin.py:190} INFO - [2026-01-08T02:00:34.348+0000] {dag.py:3211} INFO - Sync 1 DAGs
[2026-01-08T02:00:34.364+0000] {logging_mixin.py:190} INFO - [2026-01-08T02:00:34.364+0000] {dag.py:4138} INFO - Setting next_dagrun for example_weekday_branch_operator to 2026-01-07 00:00:00+00:00, run_after=2026-01-08 00:00:00+00:00
[2026-01-08T02:00:34.381+0000] {processor.py:208} INFO - Processing /home/airflow/.local/lib/python3.12/site-packages/airflow/example_dags/example_branch_day_of_week_operator.py took 0.065 seconds
[2026-01-08T02:01:04.832+0000] {processor.py:186} INFO - Started process (PID=1642) to work on /home/airflow/.local/lib/python3.12/site-packages/airflow/example_dags/example_branch_day_of_week_operator.py
[2026-01-08T02:01:04.834+0000] {processor.py:914} INFO - Processing file /home/airflow/.local/lib/python3.12/site-packages/airflow/example_dags/example_branch_day_of_week_operator.py for tasks to queue
[2026-01-08T02:01:04.836+0000] {logging_mixin.py:190} INFO - [2026-01-08T02:01:04.836+0000] {dagbag.py:587} INFO - Filling up the DagBag from /home/airflow/.local/lib/python3.12/site-packages/airflow/example_dags/example_branch_day_of_week_operator.py
[2026-01-08T02:01:04.844+0000] {processor.py:925} INFO - DAG(s) 'example_weekday_branch_operator' retrieved from /home/airflow/.local/lib/python3.12/site-packages/airflow/example_dags/example_branch_day_of_week_operator.py
[2026-01-08T02:01:04.864+0000] {logging_mixin.py:190} INFO - [2026-01-08T02:01:04.864+0000] {dag.py:3211} INFO - Sync 1 DAGs
[2026-01-08T02:01:04.883+0000] {logging_mixin.py:190} INFO - [2026-01-08T02:01:04.882+0000] {dag.py:4138} INFO - Setting next_dagrun for example_weekday_branch_operator to 2026-01-07 00:00:00+00:00, run_after=2026-01-08 00:00:00+00:00
[2026-01-08T02:01:04.902+0000] {processor.py:208} INFO - Processing /home/airflow/.local/lib/python3.12/site-packages/airflow/example_dags/example_branch_day_of_week_operator.py took 0.074 seconds
[2026-01-08T02:01:35.476+0000] {processor.py:186} INFO - Started process (PID=1705) to work on /home/airflow/.local/lib/python3.12/site-packages/airflow/example_dags/example_branch_day_of_week_operator.py
[2026-01-08T02:01:35.478+0000] {processor.py:914} INFO - Processing file /home/airflow/.local/lib/python3.12/site-packages/airflow/example_dags/example_branch_day_of_week_operator.py for tasks to queue
[2026-01-08T02:01:35.483+0000] {logging_mixin.py:190} INFO - [2026-01-08T02:01:35.483+0000] {dagbag.py:587} INFO - Filling up the DagBag from /home/airflow/.local/lib/python3.12/site-packages/airflow/example_dags/example_branch_day_of_week_operator.py
[2026-01-08T02:01:35.491+0000] {processor.py:925} INFO - DAG(s) 'example_weekday_branch_operator' retrieved from /home/airflow/.local/lib/python3.12/site-packages/airflow/example_dags/example_branch_day_of_week_operator.py
[2026-01-08T02:01:35.510+0000] {logging_mixin.py:190} INFO - [2026-01-08T02:01:35.510+0000] {dag.py:3211} INFO - Sync 1 DAGs
[2026-01-08T02:01:35.527+0000] {logging_mixin.py:190} INFO - [2026-01-08T02:01:35.527+0000] {dag.py:4138} INFO - Setting next_dagrun for example_weekday_branch_operator to 2026-01-07 00:00:00+00:00, run_after=2026-01-08 00:00:00+00:00
[2026-01-08T02:01:35.546+0000] {processor.py:208} INFO - Processing /home/airflow/.local/lib/python3.12/site-packages/airflow/example_dags/example_branch_day_of_week_operator.py took 0.076 seconds
[2026-01-08T02:02:06.619+0000] {processor.py:186} INFO - Started process (PID=1768) to work on /home/airflow/.local/lib/python3.12/site-packages/airflow/example_dags/example_branch_day_of_week_operator.py
[2026-01-08T02:02:06.621+0000] {processor.py:914} INFO - Processing file /home/airflow/.local/lib/python3.12/site-packages/airflow/example_dags/example_branch_day_of_week_operator.py for tasks to queue
[2026-01-08T02:02:06.623+0000] {logging_mixin.py:190} INFO - [2026-01-08T02:02:06.623+0000] {dagbag.py:587} INFO - Filling up the DagBag from /home/airflow/.local/lib/python3.12/site-packages/airflow/example_dags/example_branch_day_of_week_operator.py
[2026-01-08T02:02:06.631+0000] {processor.py:925} INFO - DAG(s) 'example_weekday_branch_operator' retrieved from /home/airflow/.local/lib/python3.12/site-packages/airflow/example_dags/example_branch_day_of_week_operator.py
[2026-01-08T02:02:06.646+0000] {logging_mixin.py:190} INFO - [2026-01-08T02:02:06.646+0000] {dag.py:3211} INFO - Sync 1 DAGs
[2026-01-08T02:02:06.662+0000] {logging_mixin.py:190} INFO - [2026-01-08T02:02:06.662+0000] {dag.py:4138} INFO - Setting next_dagrun for example_weekday_branch_operator to 2026-01-07 00:00:00+00:00, run_after=2026-01-08 00:00:00+00:00
[2026-01-08T02:02:06.678+0000] {processor.py:208} INFO - Processing /home/airflow/.local/lib/python3.12/site-packages/airflow/example_dags/example_branch_day_of_week_operator.py took 0.063 seconds
[2026-01-08T02:02:37.598+0000] {processor.py:186} INFO - Started process (PID=1831) to work on /home/airflow/.local/lib/python3.12/site-packages/airflow/example_dags/example_branch_day_of_week_operator.py
[2026-01-08T02:02:37.599+0000] {processor.py:914} INFO - Processing file /home/airflow/.local/lib/python3.12/site-packages/airflow/example_dags/example_branch_day_of_week_operator.py for tasks to queue
[2026-01-08T02:02:37.601+0000] {logging_mixin.py:190} INFO - [2026-01-08T02:02:37.601+0000] {dagbag.py:587} INFO - Filling up the DagBag from /home/airflow/.local/lib/python3.12/site-packages/airflow/example_dags/example_branch_day_of_week_operator.py
[2026-01-08T02:02:37.609+0000] {processor.py:925} INFO - DAG(s) 'example_weekday_branch_operator' retrieved from /home/airflow/.local/lib/python3.12/site-packages/airflow/example_dags/example_branch_day_of_week_operator.py
[2026-01-08T02:02:37.625+0000] {logging_mixin.py:190} INFO - [2026-01-08T02:02:37.624+0000] {dag.py:3211} INFO - Sync 1 DAGs
[2026-01-08T02:02:37.642+0000] {logging_mixin.py:190} INFO - [2026-01-08T02:02:37.642+0000] {dag.py:4138} INFO - Setting next_dagrun for example_weekday_branch_operator to 2026-01-07 00:00:00+00:00, run_after=2026-01-08 00:00:00+00:00
[2026-01-08T02:02:37.660+0000] {processor.py:208} INFO - Processing /home/airflow/.local/lib/python3.12/site-packages/airflow/example_dags/example_branch_day_of_week_operator.py took 0.066 seconds
[2026-01-08T02:03:08.717+0000] {processor.py:186} INFO - Started process (PID=1895) to work on /home/airflow/.local/lib/python3.12/site-packages/airflow/example_dags/example_branch_day_of_week_operator.py
[2026-01-08T02:03:08.718+0000] {processor.py:914} INFO - Processing file /home/airflow/.local/lib/python3.12/site-packages/airflow/example_dags/example_branch_day_of_week_operator.py for tasks to queue
[2026-01-08T02:03:08.721+0000] {logging_mixin.py:190} INFO - [2026-01-08T02:03:08.721+0000] {dagbag.py:587} INFO - Filling up the DagBag from /home/airflow/.local/lib/python3.12/site-packages/airflow/example_dags/example_branch_day_of_week_operator.py
[2026-01-08T02:03:08.729+0000] {processor.py:925} INFO - DAG(s) 'example_weekday_branch_operator' retrieved from /home/airflow/.local/lib/python3.12/site-packages/airflow/example_dags/example_branch_day_of_week_operator.py
[2026-01-08T02:03:08.747+0000] {logging_mixin.py:190} INFO - [2026-01-08T02:03:08.746+0000] {dag.py:3211} INFO - Sync 1 DAGs
[2026-01-08T02:03:08.764+0000] {logging_mixin.py:190} INFO - [2026-01-08T02:03:08.763+0000] {dag.py:4138} INFO - Setting next_dagrun for example_weekday_branch_operator to 2026-01-07 00:00:00+00:00, run_after=2026-01-08 00:00:00+00:00
[2026-01-08T02:03:08.778+0000] {processor.py:208} INFO - Processing /home/airflow/.local/lib/python3.12/site-packages/airflow/example_dags/example_branch_day_of_week_operator.py took 0.066 seconds
[2026-01-08T02:03:39.156+0000] {processor.py:186} INFO - Started process (PID=1959) to work on /home/airflow/.local/lib/python3.12/site-packages/airflow/example_dags/example_branch_day_of_week_operator.py
[2026-01-08T02:03:39.157+0000] {processor.py:914} INFO - Processing file /home/airflow/.local/lib/python3.12/site-packages/airflow/example_dags/example_branch_day_of_week_operator.py for tasks to queue
[2026-01-08T02:03:39.159+0000] {logging_mixin.py:190} INFO - [2026-01-08T02:03:39.159+0000] {dagbag.py:587} INFO - Filling up the DagBag from /home/airflow/.local/lib/python3.12/site-packages/airflow/example_dags/example_branch_day_of_week_operator.py
[2026-01-08T02:03:39.166+0000] {processor.py:925} INFO - DAG(s) 'example_weekday_branch_operator' retrieved from /home/airflow/.local/lib/python3.12/site-packages/airflow/example_dags/example_branch_day_of_week_operator.py
[2026-01-08T02:03:39.183+0000] {logging_mixin.py:190} INFO - [2026-01-08T02:03:39.183+0000] {dag.py:3211} INFO - Sync 1 DAGs
[2026-01-08T02:03:39.198+0000] {logging_mixin.py:190} INFO - [2026-01-08T02:03:39.198+0000] {dag.py:4138} INFO - Setting next_dagrun for example_weekday_branch_operator to 2026-01-07 00:00:00+00:00, run_after=2026-01-08 00:00:00+00:00
[2026-01-08T02:03:39.216+0000] {processor.py:208} INFO - Processing /home/airflow/.local/lib/python3.12/site-packages/airflow/example_dags/example_branch_day_of_week_operator.py took 0.065 seconds
[2026-01-08T02:04:09.500+0000] {processor.py:186} INFO - Started process (PID=2022) to work on /home/airflow/.local/lib/python3.12/site-packages/airflow/example_dags/example_branch_day_of_week_operator.py
[2026-01-08T02:04:09.502+0000] {processor.py:914} INFO - Processing file /home/airflow/.local/lib/python3.12/site-packages/airflow/example_dags/example_branch_day_of_week_operator.py for tasks to queue
[2026-01-08T02:04:09.504+0000] {logging_mixin.py:190} INFO - [2026-01-08T02:04:09.504+0000] {dagbag.py:587} INFO - Filling up the DagBag from /home/airflow/.local/lib/python3.12/site-packages/airflow/example_dags/example_branch_day_of_week_operator.py
[2026-01-08T02:04:09.511+0000] {processor.py:925} INFO - DAG(s) 'example_weekday_branch_operator' retrieved from /home/airflow/.local/lib/python3.12/site-packages/airflow/example_dags/example_branch_day_of_week_operator.py
[2026-01-08T02:04:09.528+0000] {logging_mixin.py:190} INFO - [2026-01-08T02:04:09.528+0000] {dag.py:3211} INFO - Sync 1 DAGs
[2026-01-08T02:04:09.545+0000] {logging_mixin.py:190} INFO - [2026-01-08T02:04:09.545+0000] {dag.py:4138} INFO - Setting next_dagrun for example_weekday_branch_operator to 2026-01-07 00:00:00+00:00, run_after=2026-01-08 00:00:00+00:00
[2026-01-08T02:04:09.567+0000] {processor.py:208} INFO - Processing /home/airflow/.local/lib/python3.12/site-packages/airflow/example_dags/example_branch_day_of_week_operator.py took 0.071 seconds
[2026-01-08T02:04:40.728+0000] {processor.py:186} INFO - Started process (PID=2085) to work on /home/airflow/.local/lib/python3.12/site-packages/airflow/example_dags/example_branch_day_of_week_operator.py
[2026-01-08T02:04:40.729+0000] {processor.py:914} INFO - Processing file /home/airflow/.local/lib/python3.12/site-packages/airflow/example_dags/example_branch_day_of_week_operator.py for tasks to queue
[2026-01-08T02:04:40.732+0000] {logging_mixin.py:190} INFO - [2026-01-08T02:04:40.732+0000] {dagbag.py:587} INFO - Filling up the DagBag from /home/airflow/.local/lib/python3.12/site-packages/airflow/example_dags/example_branch_day_of_week_operator.py
[2026-01-08T02:04:40.739+0000] {processor.py:925} INFO - DAG(s) 'example_weekday_branch_operator' retrieved from /home/airflow/.local/lib/python3.12/site-packages/airflow/example_dags/example_branch_day_of_week_operator.py
[2026-01-08T02:04:40.757+0000] {logging_mixin.py:190} INFO - [2026-01-08T02:04:40.757+0000] {dag.py:3211} INFO - Sync 1 DAGs
[2026-01-08T02:04:40.773+0000] {logging_mixin.py:190} INFO - [2026-01-08T02:04:40.772+0000] {dag.py:4138} INFO - Setting next_dagrun for example_weekday_branch_operator to 2026-01-07 00:00:00+00:00, run_after=2026-01-08 00:00:00+00:00
[2026-01-08T02:04:40.789+0000] {processor.py:208} INFO - Processing /home/airflow/.local/lib/python3.12/site-packages/airflow/example_dags/example_branch_day_of_week_operator.py took 0.066 seconds
[2026-01-08T02:05:12.008+0000] {processor.py:186} INFO - Started process (PID=2148) to work on /home/airflow/.local/lib/python3.12/site-packages/airflow/example_dags/example_branch_day_of_week_operator.py
[2026-01-08T02:05:12.009+0000] {processor.py:914} INFO - Processing file /home/airflow/.local/lib/python3.12/site-packages/airflow/example_dags/example_branch_day_of_week_operator.py for tasks to queue
[2026-01-08T02:05:12.012+0000] {logging_mixin.py:190} INFO - [2026-01-08T02:05:12.011+0000] {dagbag.py:587} INFO - Filling up the DagBag from /home/airflow/.local/lib/python3.12/site-packages/airflow/example_dags/example_branch_day_of_week_operator.py
[2026-01-08T02:05:12.019+0000] {processor.py:925} INFO - DAG(s) 'example_weekday_branch_operator' retrieved from /home/airflow/.local/lib/python3.12/site-packages/airflow/example_dags/example_branch_day_of_week_operator.py
[2026-01-08T02:05:12.036+0000] {logging_mixin.py:190} INFO - [2026-01-08T02:05:12.036+0000] {dag.py:3211} INFO - Sync 1 DAGs
[2026-01-08T02:05:12.053+0000] {logging_mixin.py:190} INFO - [2026-01-08T02:05:12.053+0000] {dag.py:4138} INFO - Setting next_dagrun for example_weekday_branch_operator to 2026-01-07 00:00:00+00:00, run_after=2026-01-08 00:00:00+00:00
[2026-01-08T02:05:12.070+0000] {processor.py:208} INFO - Processing /home/airflow/.local/lib/python3.12/site-packages/airflow/example_dags/example_branch_day_of_week_operator.py took 0.068 seconds
[2026-01-08T02:05:43.347+0000] {processor.py:186} INFO - Started process (PID=2211) to work on /home/airflow/.local/lib/python3.12/site-packages/airflow/example_dags/example_branch_day_of_week_operator.py
[2026-01-08T02:05:43.348+0000] {processor.py:914} INFO - Processing file /home/airflow/.local/lib/python3.12/site-packages/airflow/example_dags/example_branch_day_of_week_operator.py for tasks to queue
[2026-01-08T02:05:43.351+0000] {logging_mixin.py:190} INFO - [2026-01-08T02:05:43.351+0000] {dagbag.py:587} INFO - Filling up the DagBag from /home/airflow/.local/lib/python3.12/site-packages/airflow/example_dags/example_branch_day_of_week_operator.py
[2026-01-08T02:05:43.358+0000] {processor.py:925} INFO - DAG(s) 'example_weekday_branch_operator' retrieved from /home/airflow/.local/lib/python3.12/site-packages/airflow/example_dags/example_branch_day_of_week_operator.py
[2026-01-08T02:05:43.374+0000] {logging_mixin.py:190} INFO - [2026-01-08T02:05:43.374+0000] {dag.py:3211} INFO - Sync 1 DAGs
[2026-01-08T02:05:43.389+0000] {logging_mixin.py:190} INFO - [2026-01-08T02:05:43.389+0000] {dag.py:4138} INFO - Setting next_dagrun for example_weekday_branch_operator to 2026-01-07 00:00:00+00:00, run_after=2026-01-08 00:00:00+00:00
[2026-01-08T02:05:43.404+0000] {processor.py:208} INFO - Processing /home/airflow/.local/lib/python3.12/site-packages/airflow/example_dags/example_branch_day_of_week_operator.py took 0.061 seconds
[2026-01-08T02:06:14.659+0000] {processor.py:186} INFO - Started process (PID=2274) to work on /home/airflow/.local/lib/python3.12/site-packages/airflow/example_dags/example_branch_day_of_week_operator.py
[2026-01-08T02:06:14.661+0000] {processor.py:914} INFO - Processing file /home/airflow/.local/lib/python3.12/site-packages/airflow/example_dags/example_branch_day_of_week_operator.py for tasks to queue
[2026-01-08T02:06:14.663+0000] {logging_mixin.py:190} INFO - [2026-01-08T02:06:14.662+0000] {dagbag.py:587} INFO - Filling up the DagBag from /home/airflow/.local/lib/python3.12/site-packages/airflow/example_dags/example_branch_day_of_week_operator.py
[2026-01-08T02:06:14.670+0000] {processor.py:925} INFO - DAG(s) 'example_weekday_branch_operator' retrieved from /home/airflow/.local/lib/python3.12/site-packages/airflow/example_dags/example_branch_day_of_week_operator.py
[2026-01-08T02:06:14.686+0000] {logging_mixin.py:190} INFO - [2026-01-08T02:06:14.686+0000] {dag.py:3211} INFO - Sync 1 DAGs
[2026-01-08T02:06:14.703+0000] {logging_mixin.py:190} INFO - [2026-01-08T02:06:14.702+0000] {dag.py:4138} INFO - Setting next_dagrun for example_weekday_branch_operator to 2026-01-07 00:00:00+00:00, run_after=2026-01-08 00:00:00+00:00
[2026-01-08T02:06:14.716+0000] {processor.py:208} INFO - Processing /home/airflow/.local/lib/python3.12/site-packages/airflow/example_dags/example_branch_day_of_week_operator.py took 0.061 seconds
[2026-01-08T02:06:45.072+0000] {processor.py:186} INFO - Started process (PID=2337) to work on /home/airflow/.local/lib/python3.12/site-packages/airflow/example_dags/example_branch_day_of_week_operator.py
[2026-01-08T02:06:45.074+0000] {processor.py:914} INFO - Processing file /home/airflow/.local/lib/python3.12/site-packages/airflow/example_dags/example_branch_day_of_week_operator.py for tasks to queue
[2026-01-08T02:06:45.076+0000] {logging_mixin.py:190} INFO - [2026-01-08T02:06:45.076+0000] {dagbag.py:587} INFO - Filling up the DagBag from /home/airflow/.local/lib/python3.12/site-packages/airflow/example_dags/example_branch_day_of_week_operator.py
[2026-01-08T02:06:45.083+0000] {processor.py:925} INFO - DAG(s) 'example_weekday_branch_operator' retrieved from /home/airflow/.local/lib/python3.12/site-packages/airflow/example_dags/example_branch_day_of_week_operator.py
[2026-01-08T02:06:45.099+0000] {logging_mixin.py:190} INFO - [2026-01-08T02:06:45.099+0000] {dag.py:3211} INFO - Sync 1 DAGs
[2026-01-08T02:06:45.115+0000] {logging_mixin.py:190} INFO - [2026-01-08T02:06:45.115+0000] {dag.py:4138} INFO - Setting next_dagrun for example_weekday_branch_operator to 2026-01-07 00:00:00+00:00, run_after=2026-01-08 00:00:00+00:00
[2026-01-08T02:06:45.130+0000] {processor.py:208} INFO - Processing /home/airflow/.local/lib/python3.12/site-packages/airflow/example_dags/example_branch_day_of_week_operator.py took 0.063 seconds
[2026-01-08T02:07:15.510+0000] {processor.py:186} INFO - Started process (PID=2400) to work on /home/airflow/.local/lib/python3.12/site-packages/airflow/example_dags/example_branch_day_of_week_operator.py
[2026-01-08T02:07:15.511+0000] {processor.py:914} INFO - Processing file /home/airflow/.local/lib/python3.12/site-packages/airflow/example_dags/example_branch_day_of_week_operator.py for tasks to queue
[2026-01-08T02:07:15.513+0000] {logging_mixin.py:190} INFO - [2026-01-08T02:07:15.513+0000] {dagbag.py:587} INFO - Filling up the DagBag from /home/airflow/.local/lib/python3.12/site-packages/airflow/example_dags/example_branch_day_of_week_operator.py
[2026-01-08T02:07:15.521+0000] {processor.py:925} INFO - DAG(s) 'example_weekday_branch_operator' retrieved from /home/airflow/.local/lib/python3.12/site-packages/airflow/example_dags/example_branch_day_of_week_operator.py
[2026-01-08T02:07:15.536+0000] {logging_mixin.py:190} INFO - [2026-01-08T02:07:15.536+0000] {dag.py:3211} INFO - Sync 1 DAGs
[2026-01-08T02:07:15.551+0000] {logging_mixin.py:190} INFO - [2026-01-08T02:07:15.551+0000] {dag.py:4138} INFO - Setting next_dagrun for example_weekday_branch_operator to 2026-01-07 00:00:00+00:00, run_after=2026-01-08 00:00:00+00:00
[2026-01-08T02:07:15.566+0000] {processor.py:208} INFO - Processing /home/airflow/.local/lib/python3.12/site-packages/airflow/example_dags/example_branch_day_of_week_operator.py took 0.061 seconds
[2026-01-08T02:07:45.890+0000] {processor.py:186} INFO - Started process (PID=2463) to work on /home/airflow/.local/lib/python3.12/site-packages/airflow/example_dags/example_branch_day_of_week_operator.py
[2026-01-08T02:07:45.891+0000] {processor.py:914} INFO - Processing file /home/airflow/.local/lib/python3.12/site-packages/airflow/example_dags/example_branch_day_of_week_operator.py for tasks to queue
[2026-01-08T02:07:45.893+0000] {logging_mixin.py:190} INFO - [2026-01-08T02:07:45.893+0000] {dagbag.py:587} INFO - Filling up the DagBag from /home/airflow/.local/lib/python3.12/site-packages/airflow/example_dags/example_branch_day_of_week_operator.py
[2026-01-08T02:07:45.902+0000] {processor.py:925} INFO - DAG(s) 'example_weekday_branch_operator' retrieved from /home/airflow/.local/lib/python3.12/site-packages/airflow/example_dags/example_branch_day_of_week_operator.py
[2026-01-08T02:07:45.922+0000] {logging_mixin.py:190} INFO - [2026-01-08T02:07:45.922+0000] {dag.py:3211} INFO - Sync 1 DAGs
[2026-01-08T02:07:45.940+0000] {logging_mixin.py:190} INFO - [2026-01-08T02:07:45.939+0000] {dag.py:4138} INFO - Setting next_dagrun for example_weekday_branch_operator to 2026-01-07 00:00:00+00:00, run_after=2026-01-08 00:00:00+00:00
[2026-01-08T02:07:45.953+0000] {processor.py:208} INFO - Processing /home/airflow/.local/lib/python3.12/site-packages/airflow/example_dags/example_branch_day_of_week_operator.py took 0.068 seconds
[2026-01-08T02:08:16.234+0000] {processor.py:186} INFO - Started process (PID=2526) to work on /home/airflow/.local/lib/python3.12/site-packages/airflow/example_dags/example_branch_day_of_week_operator.py
[2026-01-08T02:08:16.235+0000] {processor.py:914} INFO - Processing file /home/airflow/.local/lib/python3.12/site-packages/airflow/example_dags/example_branch_day_of_week_operator.py for tasks to queue
[2026-01-08T02:08:16.237+0000] {logging_mixin.py:190} INFO - [2026-01-08T02:08:16.237+0000] {dagbag.py:587} INFO - Filling up the DagBag from /home/airflow/.local/lib/python3.12/site-packages/airflow/example_dags/example_branch_day_of_week_operator.py
[2026-01-08T02:08:16.244+0000] {processor.py:925} INFO - DAG(s) 'example_weekday_branch_operator' retrieved from /home/airflow/.local/lib/python3.12/site-packages/airflow/example_dags/example_branch_day_of_week_operator.py
[2026-01-08T02:08:16.261+0000] {logging_mixin.py:190} INFO - [2026-01-08T02:08:16.261+0000] {dag.py:3211} INFO - Sync 1 DAGs
[2026-01-08T02:08:16.277+0000] {logging_mixin.py:190} INFO - [2026-01-08T02:08:16.276+0000] {dag.py:4138} INFO - Setting next_dagrun for example_weekday_branch_operator to 2026-01-07 00:00:00+00:00, run_after=2026-01-08 00:00:00+00:00
[2026-01-08T02:08:16.292+0000] {processor.py:208} INFO - Processing /home/airflow/.local/lib/python3.12/site-packages/airflow/example_dags/example_branch_day_of_week_operator.py took 0.062 seconds
[2026-01-08T02:08:47.367+0000] {processor.py:186} INFO - Started process (PID=2589) to work on /home/airflow/.local/lib/python3.12/site-packages/airflow/example_dags/example_branch_day_of_week_operator.py
[2026-01-08T02:08:47.368+0000] {processor.py:914} INFO - Processing file /home/airflow/.local/lib/python3.12/site-packages/airflow/example_dags/example_branch_day_of_week_operator.py for tasks to queue
[2026-01-08T02:08:47.370+0000] {logging_mixin.py:190} INFO - [2026-01-08T02:08:47.370+0000] {dagbag.py:587} INFO - Filling up the DagBag from /home/airflow/.local/lib/python3.12/site-packages/airflow/example_dags/example_branch_day_of_week_operator.py
[2026-01-08T02:08:47.378+0000] {processor.py:925} INFO - DAG(s) 'example_weekday_branch_operator' retrieved from /home/airflow/.local/lib/python3.12/site-packages/airflow/example_dags/example_branch_day_of_week_operator.py
[2026-01-08T02:08:47.396+0000] {logging_mixin.py:190} INFO - [2026-01-08T02:08:47.395+0000] {dag.py:3211} INFO - Sync 1 DAGs
[2026-01-08T02:08:47.411+0000] {logging_mixin.py:190} INFO - [2026-01-08T02:08:47.411+0000] {dag.py:4138} INFO - Setting next_dagrun for example_weekday_branch_operator to 2026-01-07 00:00:00+00:00, run_after=2026-01-08 00:00:00+00:00
[2026-01-08T02:08:47.426+0000] {processor.py:208} INFO - Processing /home/airflow/.local/lib/python3.12/site-packages/airflow/example_dags/example_branch_day_of_week_operator.py took 0.063 seconds
[2026-01-08T02:09:17.758+0000] {processor.py:186} INFO - Started process (PID=2652) to work on /home/airflow/.local/lib/python3.12/site-packages/airflow/example_dags/example_branch_day_of_week_operator.py
[2026-01-08T02:09:17.760+0000] {processor.py:914} INFO - Processing file /home/airflow/.local/lib/python3.12/site-packages/airflow/example_dags/example_branch_day_of_week_operator.py for tasks to queue
[2026-01-08T02:09:17.762+0000] {logging_mixin.py:190} INFO - [2026-01-08T02:09:17.762+0000] {dagbag.py:587} INFO - Filling up the DagBag from /home/airflow/.local/lib/python3.12/site-packages/airflow/example_dags/example_branch_day_of_week_operator.py
[2026-01-08T02:09:17.770+0000] {processor.py:925} INFO - DAG(s) 'example_weekday_branch_operator' retrieved from /home/airflow/.local/lib/python3.12/site-packages/airflow/example_dags/example_branch_day_of_week_operator.py
[2026-01-08T02:09:17.787+0000] {logging_mixin.py:190} INFO - [2026-01-08T02:09:17.787+0000] {dag.py:3211} INFO - Sync 1 DAGs
[2026-01-08T02:09:17.803+0000] {logging_mixin.py:190} INFO - [2026-01-08T02:09:17.803+0000] {dag.py:4138} INFO - Setting next_dagrun for example_weekday_branch_operator to 2026-01-07 00:00:00+00:00, run_after=2026-01-08 00:00:00+00:00
[2026-01-08T02:09:17.819+0000] {processor.py:208} INFO - Processing /home/airflow/.local/lib/python3.12/site-packages/airflow/example_dags/example_branch_day_of_week_operator.py took 0.066 seconds
[2026-01-08T02:09:48.311+0000] {processor.py:186} INFO - Started process (PID=2716) to work on /home/airflow/.local/lib/python3.12/site-packages/airflow/example_dags/example_branch_day_of_week_operator.py
[2026-01-08T02:09:48.312+0000] {processor.py:914} INFO - Processing file /home/airflow/.local/lib/python3.12/site-packages/airflow/example_dags/example_branch_day_of_week_operator.py for tasks to queue
[2026-01-08T02:09:48.314+0000] {logging_mixin.py:190} INFO - [2026-01-08T02:09:48.314+0000] {dagbag.py:587} INFO - Filling up the DagBag from /home/airflow/.local/lib/python3.12/site-packages/airflow/example_dags/example_branch_day_of_week_operator.py
[2026-01-08T02:09:48.321+0000] {processor.py:925} INFO - DAG(s) 'example_weekday_branch_operator' retrieved from /home/airflow/.local/lib/python3.12/site-packages/airflow/example_dags/example_branch_day_of_week_operator.py
[2026-01-08T02:09:48.338+0000] {logging_mixin.py:190} INFO - [2026-01-08T02:09:48.338+0000] {dag.py:3211} INFO - Sync 1 DAGs
[2026-01-08T02:09:48.355+0000] {logging_mixin.py:190} INFO - [2026-01-08T02:09:48.354+0000] {dag.py:4138} INFO - Setting next_dagrun for example_weekday_branch_operator to 2026-01-07 00:00:00+00:00, run_after=2026-01-08 00:00:00+00:00
[2026-01-08T02:09:48.368+0000] {processor.py:208} INFO - Processing /home/airflow/.local/lib/python3.12/site-packages/airflow/example_dags/example_branch_day_of_week_operator.py took 0.062 seconds
[2026-01-08T02:10:18.626+0000] {processor.py:186} INFO - Started process (PID=2778) to work on /home/airflow/.local/lib/python3.12/site-packages/airflow/example_dags/example_branch_day_of_week_operator.py
[2026-01-08T02:10:18.627+0000] {processor.py:914} INFO - Processing file /home/airflow/.local/lib/python3.12/site-packages/airflow/example_dags/example_branch_day_of_week_operator.py for tasks to queue
[2026-01-08T02:10:18.630+0000] {logging_mixin.py:190} INFO - [2026-01-08T02:10:18.629+0000] {dagbag.py:587} INFO - Filling up the DagBag from /home/airflow/.local/lib/python3.12/site-packages/airflow/example_dags/example_branch_day_of_week_operator.py
[2026-01-08T02:10:18.639+0000] {processor.py:925} INFO - DAG(s) 'example_weekday_branch_operator' retrieved from /home/airflow/.local/lib/python3.12/site-packages/airflow/example_dags/example_branch_day_of_week_operator.py
[2026-01-08T02:10:18.658+0000] {logging_mixin.py:190} INFO - [2026-01-08T02:10:18.658+0000] {dag.py:3211} INFO - Sync 1 DAGs
[2026-01-08T02:10:18.678+0000] {logging_mixin.py:190} INFO - [2026-01-08T02:10:18.677+0000] {dag.py:4138} INFO - Setting next_dagrun for example_weekday_branch_operator to 2026-01-07 00:00:00+00:00, run_after=2026-01-08 00:00:00+00:00
[2026-01-08T02:10:18.695+0000] {processor.py:208} INFO - Processing /home/airflow/.local/lib/python3.12/site-packages/airflow/example_dags/example_branch_day_of_week_operator.py took 0.074 seconds
[2026-01-08T02:10:49.126+0000] {processor.py:186} INFO - Started process (PID=2840) to work on /home/airflow/.local/lib/python3.12/site-packages/airflow/example_dags/example_branch_day_of_week_operator.py
[2026-01-08T02:10:49.128+0000] {processor.py:914} INFO - Processing file /home/airflow/.local/lib/python3.12/site-packages/airflow/example_dags/example_branch_day_of_week_operator.py for tasks to queue
[2026-01-08T02:10:49.133+0000] {logging_mixin.py:190} INFO - [2026-01-08T02:10:49.133+0000] {dagbag.py:587} INFO - Filling up the DagBag from /home/airflow/.local/lib/python3.12/site-packages/airflow/example_dags/example_branch_day_of_week_operator.py
[2026-01-08T02:10:49.145+0000] {processor.py:925} INFO - DAG(s) 'example_weekday_branch_operator' retrieved from /home/airflow/.local/lib/python3.12/site-packages/airflow/example_dags/example_branch_day_of_week_operator.py
[2026-01-08T02:10:49.164+0000] {logging_mixin.py:190} INFO - [2026-01-08T02:10:49.164+0000] {dag.py:3211} INFO - Sync 1 DAGs
[2026-01-08T02:10:49.179+0000] {logging_mixin.py:190} INFO - [2026-01-08T02:10:49.179+0000] {dag.py:4138} INFO - Setting next_dagrun for example_weekday_branch_operator to 2026-01-07 00:00:00+00:00, run_after=2026-01-08 00:00:00+00:00
[2026-01-08T02:10:49.195+0000] {processor.py:208} INFO - Processing /home/airflow/.local/lib/python3.12/site-packages/airflow/example_dags/example_branch_day_of_week_operator.py took 0.080 seconds
[2026-01-08T02:11:20.365+0000] {processor.py:186} INFO - Started process (PID=2903) to work on /home/airflow/.local/lib/python3.12/site-packages/airflow/example_dags/example_branch_day_of_week_operator.py
[2026-01-08T02:11:20.367+0000] {processor.py:914} INFO - Processing file /home/airflow/.local/lib/python3.12/site-packages/airflow/example_dags/example_branch_day_of_week_operator.py for tasks to queue
[2026-01-08T02:11:20.369+0000] {logging_mixin.py:190} INFO - [2026-01-08T02:11:20.369+0000] {dagbag.py:587} INFO - Filling up the DagBag from /home/airflow/.local/lib/python3.12/site-packages/airflow/example_dags/example_branch_day_of_week_operator.py
[2026-01-08T02:11:20.376+0000] {processor.py:925} INFO - DAG(s) 'example_weekday_branch_operator' retrieved from /home/airflow/.local/lib/python3.12/site-packages/airflow/example_dags/example_branch_day_of_week_operator.py
[2026-01-08T02:11:20.392+0000] {logging_mixin.py:190} INFO - [2026-01-08T02:11:20.392+0000] {dag.py:3211} INFO - Sync 1 DAGs
[2026-01-08T02:11:20.408+0000] {logging_mixin.py:190} INFO - [2026-01-08T02:11:20.408+0000] {dag.py:4138} INFO - Setting next_dagrun for example_weekday_branch_operator to 2026-01-07 00:00:00+00:00, run_after=2026-01-08 00:00:00+00:00
[2026-01-08T02:11:20.537+0000] {processor.py:208} INFO - Processing /home/airflow/.local/lib/python3.12/site-packages/airflow/example_dags/example_branch_day_of_week_operator.py took 0.176 seconds
[2026-01-08T02:11:50.912+0000] {processor.py:186} INFO - Started process (PID=2966) to work on /home/airflow/.local/lib/python3.12/site-packages/airflow/example_dags/example_branch_day_of_week_operator.py
[2026-01-08T02:11:50.913+0000] {processor.py:914} INFO - Processing file /home/airflow/.local/lib/python3.12/site-packages/airflow/example_dags/example_branch_day_of_week_operator.py for tasks to queue
[2026-01-08T02:11:50.915+0000] {logging_mixin.py:190} INFO - [2026-01-08T02:11:50.915+0000] {dagbag.py:587} INFO - Filling up the DagBag from /home/airflow/.local/lib/python3.12/site-packages/airflow/example_dags/example_branch_day_of_week_operator.py
[2026-01-08T02:11:50.922+0000] {processor.py:925} INFO - DAG(s) 'example_weekday_branch_operator' retrieved from /home/airflow/.local/lib/python3.12/site-packages/airflow/example_dags/example_branch_day_of_week_operator.py
[2026-01-08T02:11:50.938+0000] {logging_mixin.py:190} INFO - [2026-01-08T02:11:50.937+0000] {dag.py:3211} INFO - Sync 1 DAGs
[2026-01-08T02:11:50.955+0000] {logging_mixin.py:190} INFO - [2026-01-08T02:11:50.955+0000] {dag.py:4138} INFO - Setting next_dagrun for example_weekday_branch_operator to 2026-01-07 00:00:00+00:00, run_after=2026-01-08 00:00:00+00:00
[2026-01-08T02:11:50.969+0000] {processor.py:208} INFO - Processing /home/airflow/.local/lib/python3.12/site-packages/airflow/example_dags/example_branch_day_of_week_operator.py took 0.062 seconds
[2026-01-08T02:12:21.888+0000] {processor.py:186} INFO - Started process (PID=3030) to work on /home/airflow/.local/lib/python3.12/site-packages/airflow/example_dags/example_branch_day_of_week_operator.py
[2026-01-08T02:12:21.889+0000] {processor.py:914} INFO - Processing file /home/airflow/.local/lib/python3.12/site-packages/airflow/example_dags/example_branch_day_of_week_operator.py for tasks to queue
[2026-01-08T02:12:21.891+0000] {logging_mixin.py:190} INFO - [2026-01-08T02:12:21.891+0000] {dagbag.py:587} INFO - Filling up the DagBag from /home/airflow/.local/lib/python3.12/site-packages/airflow/example_dags/example_branch_day_of_week_operator.py
[2026-01-08T02:12:21.898+0000] {processor.py:925} INFO - DAG(s) 'example_weekday_branch_operator' retrieved from /home/airflow/.local/lib/python3.12/site-packages/airflow/example_dags/example_branch_day_of_week_operator.py
[2026-01-08T02:12:21.915+0000] {logging_mixin.py:190} INFO - [2026-01-08T02:12:21.915+0000] {dag.py:3211} INFO - Sync 1 DAGs
[2026-01-08T02:12:21.930+0000] {logging_mixin.py:190} INFO - [2026-01-08T02:12:21.930+0000] {dag.py:4138} INFO - Setting next_dagrun for example_weekday_branch_operator to 2026-01-07 00:00:00+00:00, run_after=2026-01-08 00:00:00+00:00
[2026-01-08T02:12:21.945+0000] {processor.py:208} INFO - Processing /home/airflow/.local/lib/python3.12/site-packages/airflow/example_dags/example_branch_day_of_week_operator.py took 0.062 seconds
[2026-01-08T02:12:52.685+0000] {processor.py:186} INFO - Started process (PID=3093) to work on /home/airflow/.local/lib/python3.12/site-packages/airflow/example_dags/example_branch_day_of_week_operator.py
[2026-01-08T02:12:52.687+0000] {processor.py:914} INFO - Processing file /home/airflow/.local/lib/python3.12/site-packages/airflow/example_dags/example_branch_day_of_week_operator.py for tasks to queue
[2026-01-08T02:12:52.689+0000] {logging_mixin.py:190} INFO - [2026-01-08T02:12:52.688+0000] {dagbag.py:587} INFO - Filling up the DagBag from /home/airflow/.local/lib/python3.12/site-packages/airflow/example_dags/example_branch_day_of_week_operator.py
[2026-01-08T02:12:52.696+0000] {processor.py:925} INFO - DAG(s) 'example_weekday_branch_operator' retrieved from /home/airflow/.local/lib/python3.12/site-packages/airflow/example_dags/example_branch_day_of_week_operator.py
[2026-01-08T02:12:52.710+0000] {logging_mixin.py:190} INFO - [2026-01-08T02:12:52.710+0000] {dag.py:3211} INFO - Sync 1 DAGs
[2026-01-08T02:12:52.725+0000] {logging_mixin.py:190} INFO - [2026-01-08T02:12:52.725+0000] {dag.py:4138} INFO - Setting next_dagrun for example_weekday_branch_operator to 2026-01-07 00:00:00+00:00, run_after=2026-01-08 00:00:00+00:00
[2026-01-08T02:12:52.740+0000] {processor.py:208} INFO - Processing /home/airflow/.local/lib/python3.12/site-packages/airflow/example_dags/example_branch_day_of_week_operator.py took 0.059 seconds
[2026-01-08T02:13:23.638+0000] {processor.py:186} INFO - Started process (PID=3156) to work on /home/airflow/.local/lib/python3.12/site-packages/airflow/example_dags/example_branch_day_of_week_operator.py
[2026-01-08T02:13:23.639+0000] {processor.py:914} INFO - Processing file /home/airflow/.local/lib/python3.12/site-packages/airflow/example_dags/example_branch_day_of_week_operator.py for tasks to queue
[2026-01-08T02:13:23.641+0000] {logging_mixin.py:190} INFO - [2026-01-08T02:13:23.641+0000] {dagbag.py:587} INFO - Filling up the DagBag from /home/airflow/.local/lib/python3.12/site-packages/airflow/example_dags/example_branch_day_of_week_operator.py
[2026-01-08T02:13:23.649+0000] {processor.py:925} INFO - DAG(s) 'example_weekday_branch_operator' retrieved from /home/airflow/.local/lib/python3.12/site-packages/airflow/example_dags/example_branch_day_of_week_operator.py
[2026-01-08T02:13:23.665+0000] {logging_mixin.py:190} INFO - [2026-01-08T02:13:23.665+0000] {dag.py:3211} INFO - Sync 1 DAGs
[2026-01-08T02:13:23.681+0000] {logging_mixin.py:190} INFO - [2026-01-08T02:13:23.681+0000] {dag.py:4138} INFO - Setting next_dagrun for example_weekday_branch_operator to 2026-01-07 00:00:00+00:00, run_after=2026-01-08 00:00:00+00:00
[2026-01-08T02:13:23.697+0000] {processor.py:208} INFO - Processing /home/airflow/.local/lib/python3.12/site-packages/airflow/example_dags/example_branch_day_of_week_operator.py took 0.064 seconds
[2026-01-08T02:13:54.329+0000] {processor.py:186} INFO - Started process (PID=3219) to work on /home/airflow/.local/lib/python3.12/site-packages/airflow/example_dags/example_branch_day_of_week_operator.py
[2026-01-08T02:13:54.330+0000] {processor.py:914} INFO - Processing file /home/airflow/.local/lib/python3.12/site-packages/airflow/example_dags/example_branch_day_of_week_operator.py for tasks to queue
[2026-01-08T02:13:54.332+0000] {logging_mixin.py:190} INFO - [2026-01-08T02:13:54.332+0000] {dagbag.py:587} INFO - Filling up the DagBag from /home/airflow/.local/lib/python3.12/site-packages/airflow/example_dags/example_branch_day_of_week_operator.py
[2026-01-08T02:13:54.340+0000] {processor.py:925} INFO - DAG(s) 'example_weekday_branch_operator' retrieved from /home/airflow/.local/lib/python3.12/site-packages/airflow/example_dags/example_branch_day_of_week_operator.py
[2026-01-08T02:13:54.358+0000] {logging_mixin.py:190} INFO - [2026-01-08T02:13:54.358+0000] {dag.py:3211} INFO - Sync 1 DAGs
[2026-01-08T02:13:54.491+0000] {logging_mixin.py:190} INFO - [2026-01-08T02:13:54.491+0000] {dag.py:4138} INFO - Setting next_dagrun for example_weekday_branch_operator to 2026-01-07 00:00:00+00:00, run_after=2026-01-08 00:00:00+00:00
[2026-01-08T02:13:54.505+0000] {processor.py:208} INFO - Processing /home/airflow/.local/lib/python3.12/site-packages/airflow/example_dags/example_branch_day_of_week_operator.py took 0.182 seconds
