[2026-01-08T01:48:22.927+0000] {processor.py:186} INFO - Started process (PID=89) to work on /home/airflow/.local/lib/python3.12/site-packages/airflow/example_dags/example_params_ui_tutorial.py
[2026-01-08T01:48:22.929+0000] {processor.py:914} INFO - Processing file /home/airflow/.local/lib/python3.12/site-packages/airflow/example_dags/example_params_ui_tutorial.py for tasks to queue
[2026-01-08T01:48:22.931+0000] {logging_mixin.py:190} INFO - [2026-01-08T01:48:22.931+0000] {dagbag.py:587} INFO - Filling up the DagBag from /home/airflow/.local/lib/python3.12/site-packages/airflow/example_dags/example_params_ui_tutorial.py
[2026-01-08T01:48:22.939+0000] {processor.py:925} INFO - DAG(s) 'example_params_ui_tutorial' retrieved from /home/airflow/.local/lib/python3.12/site-packages/airflow/example_dags/example_params_ui_tutorial.py
[2026-01-08T01:48:23.025+0000] {logging_mixin.py:190} INFO - [2026-01-08T01:48:23.025+0000] {override.py:1858} INFO - Created Permission View: can edit on DAG:example_params_ui_tutorial
[2026-01-08T01:48:23.034+0000] {logging_mixin.py:190} INFO - [2026-01-08T01:48:23.034+0000] {override.py:1858} INFO - Created Permission View: can read on DAG:example_params_ui_tutorial
[2026-01-08T01:48:23.041+0000] {logging_mixin.py:190} INFO - [2026-01-08T01:48:23.041+0000] {override.py:1858} INFO - Created Permission View: can delete on DAG:example_params_ui_tutorial
[2026-01-08T01:48:23.042+0000] {logging_mixin.py:190} INFO - [2026-01-08T01:48:23.042+0000] {dag.py:3211} INFO - Sync 1 DAGs
[2026-01-08T01:48:23.051+0000] {logging_mixin.py:190} INFO - [2026-01-08T01:48:23.051+0000] {dag.py:3234} INFO - Creating ORM DAG for example_params_ui_tutorial
[2026-01-08T01:48:23.052+0000] {logging_mixin.py:190} INFO - [2026-01-08T01:48:23.052+0000] {dag.py:4138} INFO - Setting next_dagrun for example_params_ui_tutorial to None, run_after=None
[2026-01-08T01:48:23.066+0000] {processor.py:208} INFO - Processing /home/airflow/.local/lib/python3.12/site-packages/airflow/example_dags/example_params_ui_tutorial.py took 0.143 seconds
[2026-01-08T01:48:53.243+0000] {processor.py:186} INFO - Started process (PID=151) to work on /home/airflow/.local/lib/python3.12/site-packages/airflow/example_dags/example_params_ui_tutorial.py
[2026-01-08T01:48:53.244+0000] {processor.py:914} INFO - Processing file /home/airflow/.local/lib/python3.12/site-packages/airflow/example_dags/example_params_ui_tutorial.py for tasks to queue
[2026-01-08T01:48:53.246+0000] {logging_mixin.py:190} INFO - [2026-01-08T01:48:53.246+0000] {dagbag.py:587} INFO - Filling up the DagBag from /home/airflow/.local/lib/python3.12/site-packages/airflow/example_dags/example_params_ui_tutorial.py
[2026-01-08T01:48:53.254+0000] {processor.py:925} INFO - DAG(s) 'example_params_ui_tutorial' retrieved from /home/airflow/.local/lib/python3.12/site-packages/airflow/example_dags/example_params_ui_tutorial.py
[2026-01-08T01:48:53.283+0000] {logging_mixin.py:190} INFO - [2026-01-08T01:48:53.283+0000] {dag.py:3211} INFO - Sync 1 DAGs
[2026-01-08T01:48:53.293+0000] {logging_mixin.py:190} INFO - [2026-01-08T01:48:53.293+0000] {dag.py:4138} INFO - Setting next_dagrun for example_params_ui_tutorial to None, run_after=None
[2026-01-08T01:48:53.307+0000] {processor.py:208} INFO - Processing /home/airflow/.local/lib/python3.12/site-packages/airflow/example_dags/example_params_ui_tutorial.py took 0.068 seconds
[2026-01-08T01:49:23.647+0000] {processor.py:186} INFO - Started process (PID=213) to work on /home/airflow/.local/lib/python3.12/site-packages/airflow/example_dags/example_params_ui_tutorial.py
[2026-01-08T01:49:23.649+0000] {processor.py:914} INFO - Processing file /home/airflow/.local/lib/python3.12/site-packages/airflow/example_dags/example_params_ui_tutorial.py for tasks to queue
[2026-01-08T01:49:23.651+0000] {logging_mixin.py:190} INFO - [2026-01-08T01:49:23.650+0000] {dagbag.py:587} INFO - Filling up the DagBag from /home/airflow/.local/lib/python3.12/site-packages/airflow/example_dags/example_params_ui_tutorial.py
[2026-01-08T01:49:23.658+0000] {processor.py:925} INFO - DAG(s) 'example_params_ui_tutorial' retrieved from /home/airflow/.local/lib/python3.12/site-packages/airflow/example_dags/example_params_ui_tutorial.py
[2026-01-08T01:49:23.687+0000] {logging_mixin.py:190} INFO - [2026-01-08T01:49:23.687+0000] {dag.py:3211} INFO - Sync 1 DAGs
[2026-01-08T01:49:23.698+0000] {logging_mixin.py:190} INFO - [2026-01-08T01:49:23.698+0000] {dag.py:4138} INFO - Setting next_dagrun for example_params_ui_tutorial to None, run_after=None
[2026-01-08T01:49:23.712+0000] {processor.py:208} INFO - Processing /home/airflow/.local/lib/python3.12/site-packages/airflow/example_dags/example_params_ui_tutorial.py took 0.070 seconds
[2026-01-08T01:49:54.369+0000] {processor.py:186} INFO - Started process (PID=281) to work on /home/airflow/.local/lib/python3.12/site-packages/airflow/example_dags/example_params_ui_tutorial.py
[2026-01-08T01:49:54.371+0000] {processor.py:914} INFO - Processing file /home/airflow/.local/lib/python3.12/site-packages/airflow/example_dags/example_params_ui_tutorial.py for tasks to queue
[2026-01-08T01:49:54.373+0000] {logging_mixin.py:190} INFO - [2026-01-08T01:49:54.373+0000] {dagbag.py:587} INFO - Filling up the DagBag from /home/airflow/.local/lib/python3.12/site-packages/airflow/example_dags/example_params_ui_tutorial.py
[2026-01-08T01:49:54.380+0000] {processor.py:925} INFO - DAG(s) 'example_params_ui_tutorial' retrieved from /home/airflow/.local/lib/python3.12/site-packages/airflow/example_dags/example_params_ui_tutorial.py
[2026-01-08T01:49:54.408+0000] {logging_mixin.py:190} INFO - [2026-01-08T01:49:54.408+0000] {dag.py:3211} INFO - Sync 1 DAGs
[2026-01-08T01:49:54.418+0000] {logging_mixin.py:190} INFO - [2026-01-08T01:49:54.417+0000] {dag.py:4138} INFO - Setting next_dagrun for example_params_ui_tutorial to None, run_after=None
[2026-01-08T01:49:54.433+0000] {processor.py:208} INFO - Processing /home/airflow/.local/lib/python3.12/site-packages/airflow/example_dags/example_params_ui_tutorial.py took 0.069 seconds
[2026-01-08T01:50:24.633+0000] {processor.py:186} INFO - Started process (PID=343) to work on /home/airflow/.local/lib/python3.12/site-packages/airflow/example_dags/example_params_ui_tutorial.py
[2026-01-08T01:50:24.634+0000] {processor.py:914} INFO - Processing file /home/airflow/.local/lib/python3.12/site-packages/airflow/example_dags/example_params_ui_tutorial.py for tasks to queue
[2026-01-08T01:50:24.637+0000] {logging_mixin.py:190} INFO - [2026-01-08T01:50:24.636+0000] {dagbag.py:587} INFO - Filling up the DagBag from /home/airflow/.local/lib/python3.12/site-packages/airflow/example_dags/example_params_ui_tutorial.py
[2026-01-08T01:50:24.643+0000] {processor.py:925} INFO - DAG(s) 'example_params_ui_tutorial' retrieved from /home/airflow/.local/lib/python3.12/site-packages/airflow/example_dags/example_params_ui_tutorial.py
[2026-01-08T01:50:24.672+0000] {logging_mixin.py:190} INFO - [2026-01-08T01:50:24.671+0000] {dag.py:3211} INFO - Sync 1 DAGs
[2026-01-08T01:50:24.682+0000] {logging_mixin.py:190} INFO - [2026-01-08T01:50:24.682+0000] {dag.py:4138} INFO - Setting next_dagrun for example_params_ui_tutorial to None, run_after=None
[2026-01-08T01:50:24.697+0000] {processor.py:208} INFO - Processing /home/airflow/.local/lib/python3.12/site-packages/airflow/example_dags/example_params_ui_tutorial.py took 0.069 seconds
[2026-01-08T01:50:55.016+0000] {processor.py:186} INFO - Started process (PID=405) to work on /home/airflow/.local/lib/python3.12/site-packages/airflow/example_dags/example_params_ui_tutorial.py
[2026-01-08T01:50:55.017+0000] {processor.py:914} INFO - Processing file /home/airflow/.local/lib/python3.12/site-packages/airflow/example_dags/example_params_ui_tutorial.py for tasks to queue
[2026-01-08T01:50:55.020+0000] {logging_mixin.py:190} INFO - [2026-01-08T01:50:55.020+0000] {dagbag.py:587} INFO - Filling up the DagBag from /home/airflow/.local/lib/python3.12/site-packages/airflow/example_dags/example_params_ui_tutorial.py
[2026-01-08T01:50:55.027+0000] {processor.py:925} INFO - DAG(s) 'example_params_ui_tutorial' retrieved from /home/airflow/.local/lib/python3.12/site-packages/airflow/example_dags/example_params_ui_tutorial.py
[2026-01-08T01:50:55.054+0000] {logging_mixin.py:190} INFO - [2026-01-08T01:50:55.054+0000] {dag.py:3211} INFO - Sync 1 DAGs
[2026-01-08T01:50:55.064+0000] {logging_mixin.py:190} INFO - [2026-01-08T01:50:55.064+0000] {dag.py:4138} INFO - Setting next_dagrun for example_params_ui_tutorial to None, run_after=None
[2026-01-08T01:50:55.078+0000] {processor.py:208} INFO - Processing /home/airflow/.local/lib/python3.12/site-packages/airflow/example_dags/example_params_ui_tutorial.py took 0.066 seconds
[2026-01-08T01:51:25.853+0000] {processor.py:186} INFO - Started process (PID=467) to work on /home/airflow/.local/lib/python3.12/site-packages/airflow/example_dags/example_params_ui_tutorial.py
[2026-01-08T01:51:25.854+0000] {processor.py:914} INFO - Processing file /home/airflow/.local/lib/python3.12/site-packages/airflow/example_dags/example_params_ui_tutorial.py for tasks to queue
[2026-01-08T01:51:25.856+0000] {logging_mixin.py:190} INFO - [2026-01-08T01:51:25.856+0000] {dagbag.py:587} INFO - Filling up the DagBag from /home/airflow/.local/lib/python3.12/site-packages/airflow/example_dags/example_params_ui_tutorial.py
[2026-01-08T01:51:25.863+0000] {processor.py:925} INFO - DAG(s) 'example_params_ui_tutorial' retrieved from /home/airflow/.local/lib/python3.12/site-packages/airflow/example_dags/example_params_ui_tutorial.py
[2026-01-08T01:51:25.889+0000] {logging_mixin.py:190} INFO - [2026-01-08T01:51:25.889+0000] {dag.py:3211} INFO - Sync 1 DAGs
[2026-01-08T01:51:25.899+0000] {logging_mixin.py:190} INFO - [2026-01-08T01:51:25.899+0000] {dag.py:4138} INFO - Setting next_dagrun for example_params_ui_tutorial to None, run_after=None
[2026-01-08T01:51:25.916+0000] {processor.py:208} INFO - Processing /home/airflow/.local/lib/python3.12/site-packages/airflow/example_dags/example_params_ui_tutorial.py took 0.067 seconds
[2026-01-08T01:51:56.448+0000] {processor.py:186} INFO - Started process (PID=530) to work on /home/airflow/.local/lib/python3.12/site-packages/airflow/example_dags/example_params_ui_tutorial.py
[2026-01-08T01:51:56.450+0000] {processor.py:914} INFO - Processing file /home/airflow/.local/lib/python3.12/site-packages/airflow/example_dags/example_params_ui_tutorial.py for tasks to queue
[2026-01-08T01:51:56.452+0000] {logging_mixin.py:190} INFO - [2026-01-08T01:51:56.452+0000] {dagbag.py:587} INFO - Filling up the DagBag from /home/airflow/.local/lib/python3.12/site-packages/airflow/example_dags/example_params_ui_tutorial.py
[2026-01-08T01:51:56.459+0000] {processor.py:925} INFO - DAG(s) 'example_params_ui_tutorial' retrieved from /home/airflow/.local/lib/python3.12/site-packages/airflow/example_dags/example_params_ui_tutorial.py
[2026-01-08T01:51:56.488+0000] {logging_mixin.py:190} INFO - [2026-01-08T01:51:56.488+0000] {dag.py:3211} INFO - Sync 1 DAGs
[2026-01-08T01:51:56.499+0000] {logging_mixin.py:190} INFO - [2026-01-08T01:51:56.499+0000] {dag.py:4138} INFO - Setting next_dagrun for example_params_ui_tutorial to None, run_after=None
[2026-01-08T01:51:56.513+0000] {processor.py:208} INFO - Processing /home/airflow/.local/lib/python3.12/site-packages/airflow/example_dags/example_params_ui_tutorial.py took 0.070 seconds
[2026-01-08T01:52:26.826+0000] {processor.py:186} INFO - Started process (PID=592) to work on /home/airflow/.local/lib/python3.12/site-packages/airflow/example_dags/example_params_ui_tutorial.py
[2026-01-08T01:52:26.828+0000] {processor.py:914} INFO - Processing file /home/airflow/.local/lib/python3.12/site-packages/airflow/example_dags/example_params_ui_tutorial.py for tasks to queue
[2026-01-08T01:52:26.830+0000] {logging_mixin.py:190} INFO - [2026-01-08T01:52:26.830+0000] {dagbag.py:587} INFO - Filling up the DagBag from /home/airflow/.local/lib/python3.12/site-packages/airflow/example_dags/example_params_ui_tutorial.py
[2026-01-08T01:52:26.837+0000] {processor.py:925} INFO - DAG(s) 'example_params_ui_tutorial' retrieved from /home/airflow/.local/lib/python3.12/site-packages/airflow/example_dags/example_params_ui_tutorial.py
[2026-01-08T01:52:26.864+0000] {logging_mixin.py:190} INFO - [2026-01-08T01:52:26.864+0000] {dag.py:3211} INFO - Sync 1 DAGs
[2026-01-08T01:52:26.875+0000] {logging_mixin.py:190} INFO - [2026-01-08T01:52:26.875+0000] {dag.py:4138} INFO - Setting next_dagrun for example_params_ui_tutorial to None, run_after=None
[2026-01-08T01:52:26.889+0000] {processor.py:208} INFO - Processing /home/airflow/.local/lib/python3.12/site-packages/airflow/example_dags/example_params_ui_tutorial.py took 0.068 seconds
[2026-01-08T01:52:57.232+0000] {processor.py:186} INFO - Started process (PID=654) to work on /home/airflow/.local/lib/python3.12/site-packages/airflow/example_dags/example_params_ui_tutorial.py
[2026-01-08T01:52:57.233+0000] {processor.py:914} INFO - Processing file /home/airflow/.local/lib/python3.12/site-packages/airflow/example_dags/example_params_ui_tutorial.py for tasks to queue
[2026-01-08T01:52:57.236+0000] {logging_mixin.py:190} INFO - [2026-01-08T01:52:57.235+0000] {dagbag.py:587} INFO - Filling up the DagBag from /home/airflow/.local/lib/python3.12/site-packages/airflow/example_dags/example_params_ui_tutorial.py
[2026-01-08T01:52:57.243+0000] {processor.py:925} INFO - DAG(s) 'example_params_ui_tutorial' retrieved from /home/airflow/.local/lib/python3.12/site-packages/airflow/example_dags/example_params_ui_tutorial.py
[2026-01-08T01:52:57.274+0000] {logging_mixin.py:190} INFO - [2026-01-08T01:52:57.274+0000] {dag.py:3211} INFO - Sync 1 DAGs
[2026-01-08T01:52:57.286+0000] {logging_mixin.py:190} INFO - [2026-01-08T01:52:57.286+0000] {dag.py:4138} INFO - Setting next_dagrun for example_params_ui_tutorial to None, run_after=None
[2026-01-08T01:52:57.300+0000] {processor.py:208} INFO - Processing /home/airflow/.local/lib/python3.12/site-packages/airflow/example_dags/example_params_ui_tutorial.py took 0.073 seconds
[2026-01-08T01:53:27.634+0000] {processor.py:186} INFO - Started process (PID=716) to work on /home/airflow/.local/lib/python3.12/site-packages/airflow/example_dags/example_params_ui_tutorial.py
[2026-01-08T01:53:27.635+0000] {processor.py:914} INFO - Processing file /home/airflow/.local/lib/python3.12/site-packages/airflow/example_dags/example_params_ui_tutorial.py for tasks to queue
[2026-01-08T01:53:27.637+0000] {logging_mixin.py:190} INFO - [2026-01-08T01:53:27.637+0000] {dagbag.py:587} INFO - Filling up the DagBag from /home/airflow/.local/lib/python3.12/site-packages/airflow/example_dags/example_params_ui_tutorial.py
[2026-01-08T01:53:27.644+0000] {processor.py:925} INFO - DAG(s) 'example_params_ui_tutorial' retrieved from /home/airflow/.local/lib/python3.12/site-packages/airflow/example_dags/example_params_ui_tutorial.py
[2026-01-08T01:53:27.672+0000] {logging_mixin.py:190} INFO - [2026-01-08T01:53:27.672+0000] {dag.py:3211} INFO - Sync 1 DAGs
[2026-01-08T01:53:27.683+0000] {logging_mixin.py:190} INFO - [2026-01-08T01:53:27.683+0000] {dag.py:4138} INFO - Setting next_dagrun for example_params_ui_tutorial to None, run_after=None
[2026-01-08T01:53:27.699+0000] {processor.py:208} INFO - Processing /home/airflow/.local/lib/python3.12/site-packages/airflow/example_dags/example_params_ui_tutorial.py took 0.070 seconds
[2026-01-08T01:53:58.183+0000] {processor.py:186} INFO - Started process (PID=778) to work on /home/airflow/.local/lib/python3.12/site-packages/airflow/example_dags/example_params_ui_tutorial.py
[2026-01-08T01:53:58.184+0000] {processor.py:914} INFO - Processing file /home/airflow/.local/lib/python3.12/site-packages/airflow/example_dags/example_params_ui_tutorial.py for tasks to queue
[2026-01-08T01:53:58.187+0000] {logging_mixin.py:190} INFO - [2026-01-08T01:53:58.187+0000] {dagbag.py:587} INFO - Filling up the DagBag from /home/airflow/.local/lib/python3.12/site-packages/airflow/example_dags/example_params_ui_tutorial.py
[2026-01-08T01:53:58.194+0000] {processor.py:925} INFO - DAG(s) 'example_params_ui_tutorial' retrieved from /home/airflow/.local/lib/python3.12/site-packages/airflow/example_dags/example_params_ui_tutorial.py
[2026-01-08T01:53:58.222+0000] {logging_mixin.py:190} INFO - [2026-01-08T01:53:58.222+0000] {dag.py:3211} INFO - Sync 1 DAGs
[2026-01-08T01:53:58.232+0000] {logging_mixin.py:190} INFO - [2026-01-08T01:53:58.232+0000] {dag.py:4138} INFO - Setting next_dagrun for example_params_ui_tutorial to None, run_after=None
[2026-01-08T01:53:58.250+0000] {processor.py:208} INFO - Processing /home/airflow/.local/lib/python3.12/site-packages/airflow/example_dags/example_params_ui_tutorial.py took 0.071 seconds
[2026-01-08T01:54:28.774+0000] {processor.py:186} INFO - Started process (PID=840) to work on /home/airflow/.local/lib/python3.12/site-packages/airflow/example_dags/example_params_ui_tutorial.py
[2026-01-08T01:54:28.775+0000] {processor.py:914} INFO - Processing file /home/airflow/.local/lib/python3.12/site-packages/airflow/example_dags/example_params_ui_tutorial.py for tasks to queue
[2026-01-08T01:54:28.777+0000] {logging_mixin.py:190} INFO - [2026-01-08T01:54:28.777+0000] {dagbag.py:587} INFO - Filling up the DagBag from /home/airflow/.local/lib/python3.12/site-packages/airflow/example_dags/example_params_ui_tutorial.py
[2026-01-08T01:54:28.784+0000] {processor.py:925} INFO - DAG(s) 'example_params_ui_tutorial' retrieved from /home/airflow/.local/lib/python3.12/site-packages/airflow/example_dags/example_params_ui_tutorial.py
[2026-01-08T01:54:28.810+0000] {logging_mixin.py:190} INFO - [2026-01-08T01:54:28.810+0000] {dag.py:3211} INFO - Sync 1 DAGs
[2026-01-08T01:54:28.820+0000] {logging_mixin.py:190} INFO - [2026-01-08T01:54:28.820+0000] {dag.py:4138} INFO - Setting next_dagrun for example_params_ui_tutorial to None, run_after=None
[2026-01-08T01:54:28.836+0000] {processor.py:208} INFO - Processing /home/airflow/.local/lib/python3.12/site-packages/airflow/example_dags/example_params_ui_tutorial.py took 0.066 seconds
[2026-01-08T01:54:59.346+0000] {processor.py:186} INFO - Started process (PID=902) to work on /home/airflow/.local/lib/python3.12/site-packages/airflow/example_dags/example_params_ui_tutorial.py
[2026-01-08T01:54:59.347+0000] {processor.py:914} INFO - Processing file /home/airflow/.local/lib/python3.12/site-packages/airflow/example_dags/example_params_ui_tutorial.py for tasks to queue
[2026-01-08T01:54:59.349+0000] {logging_mixin.py:190} INFO - [2026-01-08T01:54:59.349+0000] {dagbag.py:587} INFO - Filling up the DagBag from /home/airflow/.local/lib/python3.12/site-packages/airflow/example_dags/example_params_ui_tutorial.py
[2026-01-08T01:54:59.356+0000] {processor.py:925} INFO - DAG(s) 'example_params_ui_tutorial' retrieved from /home/airflow/.local/lib/python3.12/site-packages/airflow/example_dags/example_params_ui_tutorial.py
[2026-01-08T01:54:59.382+0000] {logging_mixin.py:190} INFO - [2026-01-08T01:54:59.381+0000] {dag.py:3211} INFO - Sync 1 DAGs
[2026-01-08T01:54:59.391+0000] {logging_mixin.py:190} INFO - [2026-01-08T01:54:59.391+0000] {dag.py:4138} INFO - Setting next_dagrun for example_params_ui_tutorial to None, run_after=None
[2026-01-08T01:54:59.404+0000] {processor.py:208} INFO - Processing /home/airflow/.local/lib/python3.12/site-packages/airflow/example_dags/example_params_ui_tutorial.py took 0.062 seconds
[2026-01-08T01:55:30.044+0000] {processor.py:186} INFO - Started process (PID=964) to work on /home/airflow/.local/lib/python3.12/site-packages/airflow/example_dags/example_params_ui_tutorial.py
[2026-01-08T01:55:30.045+0000] {processor.py:914} INFO - Processing file /home/airflow/.local/lib/python3.12/site-packages/airflow/example_dags/example_params_ui_tutorial.py for tasks to queue
[2026-01-08T01:55:30.048+0000] {logging_mixin.py:190} INFO - [2026-01-08T01:55:30.048+0000] {dagbag.py:587} INFO - Filling up the DagBag from /home/airflow/.local/lib/python3.12/site-packages/airflow/example_dags/example_params_ui_tutorial.py
[2026-01-08T01:55:30.056+0000] {processor.py:925} INFO - DAG(s) 'example_params_ui_tutorial' retrieved from /home/airflow/.local/lib/python3.12/site-packages/airflow/example_dags/example_params_ui_tutorial.py
[2026-01-08T01:55:30.093+0000] {logging_mixin.py:190} INFO - [2026-01-08T01:55:30.093+0000] {dag.py:3211} INFO - Sync 1 DAGs
[2026-01-08T01:55:30.105+0000] {logging_mixin.py:190} INFO - [2026-01-08T01:55:30.104+0000] {dag.py:4138} INFO - Setting next_dagrun for example_params_ui_tutorial to None, run_after=None
[2026-01-08T01:55:30.120+0000] {processor.py:208} INFO - Processing /home/airflow/.local/lib/python3.12/site-packages/airflow/example_dags/example_params_ui_tutorial.py took 0.081 seconds
[2026-01-08T01:56:00.721+0000] {processor.py:186} INFO - Started process (PID=1026) to work on /home/airflow/.local/lib/python3.12/site-packages/airflow/example_dags/example_params_ui_tutorial.py
[2026-01-08T01:56:00.722+0000] {processor.py:914} INFO - Processing file /home/airflow/.local/lib/python3.12/site-packages/airflow/example_dags/example_params_ui_tutorial.py for tasks to queue
[2026-01-08T01:56:00.725+0000] {logging_mixin.py:190} INFO - [2026-01-08T01:56:00.725+0000] {dagbag.py:587} INFO - Filling up the DagBag from /home/airflow/.local/lib/python3.12/site-packages/airflow/example_dags/example_params_ui_tutorial.py
[2026-01-08T01:56:00.732+0000] {processor.py:925} INFO - DAG(s) 'example_params_ui_tutorial' retrieved from /home/airflow/.local/lib/python3.12/site-packages/airflow/example_dags/example_params_ui_tutorial.py
[2026-01-08T01:56:00.761+0000] {logging_mixin.py:190} INFO - [2026-01-08T01:56:00.761+0000] {dag.py:3211} INFO - Sync 1 DAGs
[2026-01-08T01:56:00.771+0000] {logging_mixin.py:190} INFO - [2026-01-08T01:56:00.771+0000] {dag.py:4138} INFO - Setting next_dagrun for example_params_ui_tutorial to None, run_after=None
[2026-01-08T01:56:00.788+0000] {processor.py:208} INFO - Processing /home/airflow/.local/lib/python3.12/site-packages/airflow/example_dags/example_params_ui_tutorial.py took 0.072 seconds
[2026-01-08T01:56:31.028+0000] {processor.py:186} INFO - Started process (PID=1088) to work on /home/airflow/.local/lib/python3.12/site-packages/airflow/example_dags/example_params_ui_tutorial.py
[2026-01-08T01:56:31.030+0000] {processor.py:914} INFO - Processing file /home/airflow/.local/lib/python3.12/site-packages/airflow/example_dags/example_params_ui_tutorial.py for tasks to queue
[2026-01-08T01:56:31.032+0000] {logging_mixin.py:190} INFO - [2026-01-08T01:56:31.031+0000] {dagbag.py:587} INFO - Filling up the DagBag from /home/airflow/.local/lib/python3.12/site-packages/airflow/example_dags/example_params_ui_tutorial.py
[2026-01-08T01:56:31.038+0000] {processor.py:925} INFO - DAG(s) 'example_params_ui_tutorial' retrieved from /home/airflow/.local/lib/python3.12/site-packages/airflow/example_dags/example_params_ui_tutorial.py
[2026-01-08T01:56:31.069+0000] {logging_mixin.py:190} INFO - [2026-01-08T01:56:31.069+0000] {dag.py:3211} INFO - Sync 1 DAGs
[2026-01-08T01:56:31.080+0000] {logging_mixin.py:190} INFO - [2026-01-08T01:56:31.080+0000] {dag.py:4138} INFO - Setting next_dagrun for example_params_ui_tutorial to None, run_after=None
[2026-01-08T01:56:31.095+0000] {processor.py:208} INFO - Processing /home/airflow/.local/lib/python3.12/site-packages/airflow/example_dags/example_params_ui_tutorial.py took 0.071 seconds
[2026-01-08T01:57:01.491+0000] {processor.py:186} INFO - Started process (PID=1150) to work on /home/airflow/.local/lib/python3.12/site-packages/airflow/example_dags/example_params_ui_tutorial.py
[2026-01-08T01:57:01.492+0000] {processor.py:914} INFO - Processing file /home/airflow/.local/lib/python3.12/site-packages/airflow/example_dags/example_params_ui_tutorial.py for tasks to queue
[2026-01-08T01:57:01.495+0000] {logging_mixin.py:190} INFO - [2026-01-08T01:57:01.495+0000] {dagbag.py:587} INFO - Filling up the DagBag from /home/airflow/.local/lib/python3.12/site-packages/airflow/example_dags/example_params_ui_tutorial.py
[2026-01-08T01:57:01.503+0000] {processor.py:925} INFO - DAG(s) 'example_params_ui_tutorial' retrieved from /home/airflow/.local/lib/python3.12/site-packages/airflow/example_dags/example_params_ui_tutorial.py
[2026-01-08T01:57:01.533+0000] {logging_mixin.py:190} INFO - [2026-01-08T01:57:01.532+0000] {dag.py:3211} INFO - Sync 1 DAGs
[2026-01-08T01:57:01.543+0000] {logging_mixin.py:190} INFO - [2026-01-08T01:57:01.543+0000] {dag.py:4138} INFO - Setting next_dagrun for example_params_ui_tutorial to None, run_after=None
[2026-01-08T01:57:01.556+0000] {processor.py:208} INFO - Processing /home/airflow/.local/lib/python3.12/site-packages/airflow/example_dags/example_params_ui_tutorial.py took 0.070 seconds
[2026-01-08T01:57:31.979+0000] {processor.py:186} INFO - Started process (PID=1212) to work on /home/airflow/.local/lib/python3.12/site-packages/airflow/example_dags/example_params_ui_tutorial.py
[2026-01-08T01:57:31.980+0000] {processor.py:914} INFO - Processing file /home/airflow/.local/lib/python3.12/site-packages/airflow/example_dags/example_params_ui_tutorial.py for tasks to queue
[2026-01-08T01:57:31.982+0000] {logging_mixin.py:190} INFO - [2026-01-08T01:57:31.982+0000] {dagbag.py:587} INFO - Filling up the DagBag from /home/airflow/.local/lib/python3.12/site-packages/airflow/example_dags/example_params_ui_tutorial.py
[2026-01-08T01:57:31.989+0000] {processor.py:925} INFO - DAG(s) 'example_params_ui_tutorial' retrieved from /home/airflow/.local/lib/python3.12/site-packages/airflow/example_dags/example_params_ui_tutorial.py
[2026-01-08T01:57:32.020+0000] {logging_mixin.py:190} INFO - [2026-01-08T01:57:32.020+0000] {dag.py:3211} INFO - Sync 1 DAGs
[2026-01-08T01:57:32.033+0000] {logging_mixin.py:190} INFO - [2026-01-08T01:57:32.033+0000] {dag.py:4138} INFO - Setting next_dagrun for example_params_ui_tutorial to None, run_after=None
[2026-01-08T01:57:32.048+0000] {processor.py:208} INFO - Processing /home/airflow/.local/lib/python3.12/site-packages/airflow/example_dags/example_params_ui_tutorial.py took 0.074 seconds
[2026-01-08T01:58:02.585+0000] {processor.py:186} INFO - Started process (PID=1274) to work on /home/airflow/.local/lib/python3.12/site-packages/airflow/example_dags/example_params_ui_tutorial.py
[2026-01-08T01:58:02.586+0000] {processor.py:914} INFO - Processing file /home/airflow/.local/lib/python3.12/site-packages/airflow/example_dags/example_params_ui_tutorial.py for tasks to queue
[2026-01-08T01:58:02.589+0000] {logging_mixin.py:190} INFO - [2026-01-08T01:58:02.589+0000] {dagbag.py:587} INFO - Filling up the DagBag from /home/airflow/.local/lib/python3.12/site-packages/airflow/example_dags/example_params_ui_tutorial.py
[2026-01-08T01:58:02.597+0000] {processor.py:925} INFO - DAG(s) 'example_params_ui_tutorial' retrieved from /home/airflow/.local/lib/python3.12/site-packages/airflow/example_dags/example_params_ui_tutorial.py
[2026-01-08T01:58:02.625+0000] {logging_mixin.py:190} INFO - [2026-01-08T01:58:02.625+0000] {dag.py:3211} INFO - Sync 1 DAGs
[2026-01-08T01:58:02.635+0000] {logging_mixin.py:190} INFO - [2026-01-08T01:58:02.635+0000] {dag.py:4138} INFO - Setting next_dagrun for example_params_ui_tutorial to None, run_after=None
[2026-01-08T01:58:02.651+0000] {processor.py:208} INFO - Processing /home/airflow/.local/lib/python3.12/site-packages/airflow/example_dags/example_params_ui_tutorial.py took 0.071 seconds
[2026-01-08T01:58:33.066+0000] {processor.py:186} INFO - Started process (PID=1337) to work on /home/airflow/.local/lib/python3.12/site-packages/airflow/example_dags/example_params_ui_tutorial.py
[2026-01-08T01:58:33.068+0000] {processor.py:914} INFO - Processing file /home/airflow/.local/lib/python3.12/site-packages/airflow/example_dags/example_params_ui_tutorial.py for tasks to queue
[2026-01-08T01:58:33.070+0000] {logging_mixin.py:190} INFO - [2026-01-08T01:58:33.070+0000] {dagbag.py:587} INFO - Filling up the DagBag from /home/airflow/.local/lib/python3.12/site-packages/airflow/example_dags/example_params_ui_tutorial.py
[2026-01-08T01:58:33.077+0000] {processor.py:925} INFO - DAG(s) 'example_params_ui_tutorial' retrieved from /home/airflow/.local/lib/python3.12/site-packages/airflow/example_dags/example_params_ui_tutorial.py
[2026-01-08T01:58:33.105+0000] {logging_mixin.py:190} INFO - [2026-01-08T01:58:33.105+0000] {dag.py:3211} INFO - Sync 1 DAGs
[2026-01-08T01:58:33.115+0000] {logging_mixin.py:190} INFO - [2026-01-08T01:58:33.115+0000] {dag.py:4138} INFO - Setting next_dagrun for example_params_ui_tutorial to None, run_after=None
[2026-01-08T01:58:33.129+0000] {processor.py:208} INFO - Processing /home/airflow/.local/lib/python3.12/site-packages/airflow/example_dags/example_params_ui_tutorial.py took 0.067 seconds
[2026-01-08T01:59:03.315+0000] {processor.py:186} INFO - Started process (PID=1400) to work on /home/airflow/.local/lib/python3.12/site-packages/airflow/example_dags/example_params_ui_tutorial.py
[2026-01-08T01:59:03.317+0000] {processor.py:914} INFO - Processing file /home/airflow/.local/lib/python3.12/site-packages/airflow/example_dags/example_params_ui_tutorial.py for tasks to queue
[2026-01-08T01:59:03.319+0000] {logging_mixin.py:190} INFO - [2026-01-08T01:59:03.318+0000] {dagbag.py:587} INFO - Filling up the DagBag from /home/airflow/.local/lib/python3.12/site-packages/airflow/example_dags/example_params_ui_tutorial.py
[2026-01-08T01:59:03.325+0000] {processor.py:925} INFO - DAG(s) 'example_params_ui_tutorial' retrieved from /home/airflow/.local/lib/python3.12/site-packages/airflow/example_dags/example_params_ui_tutorial.py
[2026-01-08T01:59:03.354+0000] {logging_mixin.py:190} INFO - [2026-01-08T01:59:03.354+0000] {dag.py:3211} INFO - Sync 1 DAGs
[2026-01-08T01:59:03.363+0000] {logging_mixin.py:190} INFO - [2026-01-08T01:59:03.363+0000] {dag.py:4138} INFO - Setting next_dagrun for example_params_ui_tutorial to None, run_after=None
[2026-01-08T01:59:03.378+0000] {processor.py:208} INFO - Processing /home/airflow/.local/lib/python3.12/site-packages/airflow/example_dags/example_params_ui_tutorial.py took 0.067 seconds
[2026-01-08T01:59:33.587+0000] {processor.py:186} INFO - Started process (PID=1463) to work on /home/airflow/.local/lib/python3.12/site-packages/airflow/example_dags/example_params_ui_tutorial.py
[2026-01-08T01:59:33.588+0000] {processor.py:914} INFO - Processing file /home/airflow/.local/lib/python3.12/site-packages/airflow/example_dags/example_params_ui_tutorial.py for tasks to queue
[2026-01-08T01:59:33.590+0000] {logging_mixin.py:190} INFO - [2026-01-08T01:59:33.590+0000] {dagbag.py:587} INFO - Filling up the DagBag from /home/airflow/.local/lib/python3.12/site-packages/airflow/example_dags/example_params_ui_tutorial.py
[2026-01-08T01:59:33.596+0000] {processor.py:925} INFO - DAG(s) 'example_params_ui_tutorial' retrieved from /home/airflow/.local/lib/python3.12/site-packages/airflow/example_dags/example_params_ui_tutorial.py
[2026-01-08T01:59:33.624+0000] {logging_mixin.py:190} INFO - [2026-01-08T01:59:33.623+0000] {dag.py:3211} INFO - Sync 1 DAGs
[2026-01-08T01:59:33.633+0000] {logging_mixin.py:190} INFO - [2026-01-08T01:59:33.633+0000] {dag.py:4138} INFO - Setting next_dagrun for example_params_ui_tutorial to None, run_after=None
[2026-01-08T01:59:33.647+0000] {processor.py:208} INFO - Processing /home/airflow/.local/lib/python3.12/site-packages/airflow/example_dags/example_params_ui_tutorial.py took 0.065 seconds
[2026-01-08T02:00:04.156+0000] {processor.py:186} INFO - Started process (PID=1526) to work on /home/airflow/.local/lib/python3.12/site-packages/airflow/example_dags/example_params_ui_tutorial.py
[2026-01-08T02:00:04.158+0000] {processor.py:914} INFO - Processing file /home/airflow/.local/lib/python3.12/site-packages/airflow/example_dags/example_params_ui_tutorial.py for tasks to queue
[2026-01-08T02:00:04.160+0000] {logging_mixin.py:190} INFO - [2026-01-08T02:00:04.159+0000] {dagbag.py:587} INFO - Filling up the DagBag from /home/airflow/.local/lib/python3.12/site-packages/airflow/example_dags/example_params_ui_tutorial.py
[2026-01-08T02:00:04.166+0000] {processor.py:925} INFO - DAG(s) 'example_params_ui_tutorial' retrieved from /home/airflow/.local/lib/python3.12/site-packages/airflow/example_dags/example_params_ui_tutorial.py
[2026-01-08T02:00:04.195+0000] {logging_mixin.py:190} INFO - [2026-01-08T02:00:04.194+0000] {dag.py:3211} INFO - Sync 1 DAGs
[2026-01-08T02:00:04.205+0000] {logging_mixin.py:190} INFO - [2026-01-08T02:00:04.205+0000] {dag.py:4138} INFO - Setting next_dagrun for example_params_ui_tutorial to None, run_after=None
[2026-01-08T02:00:04.218+0000] {processor.py:208} INFO - Processing /home/airflow/.local/lib/python3.12/site-packages/airflow/example_dags/example_params_ui_tutorial.py took 0.066 seconds
[2026-01-08T02:00:34.816+0000] {processor.py:186} INFO - Started process (PID=1589) to work on /home/airflow/.local/lib/python3.12/site-packages/airflow/example_dags/example_params_ui_tutorial.py
[2026-01-08T02:00:34.817+0000] {processor.py:914} INFO - Processing file /home/airflow/.local/lib/python3.12/site-packages/airflow/example_dags/example_params_ui_tutorial.py for tasks to queue
[2026-01-08T02:00:34.819+0000] {logging_mixin.py:190} INFO - [2026-01-08T02:00:34.819+0000] {dagbag.py:587} INFO - Filling up the DagBag from /home/airflow/.local/lib/python3.12/site-packages/airflow/example_dags/example_params_ui_tutorial.py
[2026-01-08T02:00:34.826+0000] {processor.py:925} INFO - DAG(s) 'example_params_ui_tutorial' retrieved from /home/airflow/.local/lib/python3.12/site-packages/airflow/example_dags/example_params_ui_tutorial.py
[2026-01-08T02:00:34.854+0000] {logging_mixin.py:190} INFO - [2026-01-08T02:00:34.854+0000] {dag.py:3211} INFO - Sync 1 DAGs
[2026-01-08T02:00:34.866+0000] {logging_mixin.py:190} INFO - [2026-01-08T02:00:34.865+0000] {dag.py:4138} INFO - Setting next_dagrun for example_params_ui_tutorial to None, run_after=None
[2026-01-08T02:00:34.879+0000] {processor.py:208} INFO - Processing /home/airflow/.local/lib/python3.12/site-packages/airflow/example_dags/example_params_ui_tutorial.py took 0.067 seconds
[2026-01-08T02:01:05.506+0000] {processor.py:186} INFO - Started process (PID=1652) to work on /home/airflow/.local/lib/python3.12/site-packages/airflow/example_dags/example_params_ui_tutorial.py
[2026-01-08T02:01:05.508+0000] {processor.py:914} INFO - Processing file /home/airflow/.local/lib/python3.12/site-packages/airflow/example_dags/example_params_ui_tutorial.py for tasks to queue
[2026-01-08T02:01:05.510+0000] {logging_mixin.py:190} INFO - [2026-01-08T02:01:05.510+0000] {dagbag.py:587} INFO - Filling up the DagBag from /home/airflow/.local/lib/python3.12/site-packages/airflow/example_dags/example_params_ui_tutorial.py
[2026-01-08T02:01:05.518+0000] {processor.py:925} INFO - DAG(s) 'example_params_ui_tutorial' retrieved from /home/airflow/.local/lib/python3.12/site-packages/airflow/example_dags/example_params_ui_tutorial.py
[2026-01-08T02:01:05.547+0000] {logging_mixin.py:190} INFO - [2026-01-08T02:01:05.547+0000] {dag.py:3211} INFO - Sync 1 DAGs
[2026-01-08T02:01:05.558+0000] {logging_mixin.py:190} INFO - [2026-01-08T02:01:05.557+0000] {dag.py:4138} INFO - Setting next_dagrun for example_params_ui_tutorial to None, run_after=None
[2026-01-08T02:01:05.573+0000] {processor.py:208} INFO - Processing /home/airflow/.local/lib/python3.12/site-packages/airflow/example_dags/example_params_ui_tutorial.py took 0.071 seconds
[2026-01-08T02:01:36.319+0000] {processor.py:186} INFO - Started process (PID=1715) to work on /home/airflow/.local/lib/python3.12/site-packages/airflow/example_dags/example_params_ui_tutorial.py
[2026-01-08T02:01:36.320+0000] {processor.py:914} INFO - Processing file /home/airflow/.local/lib/python3.12/site-packages/airflow/example_dags/example_params_ui_tutorial.py for tasks to queue
[2026-01-08T02:01:36.323+0000] {logging_mixin.py:190} INFO - [2026-01-08T02:01:36.323+0000] {dagbag.py:587} INFO - Filling up the DagBag from /home/airflow/.local/lib/python3.12/site-packages/airflow/example_dags/example_params_ui_tutorial.py
[2026-01-08T02:01:36.330+0000] {processor.py:925} INFO - DAG(s) 'example_params_ui_tutorial' retrieved from /home/airflow/.local/lib/python3.12/site-packages/airflow/example_dags/example_params_ui_tutorial.py
[2026-01-08T02:01:36.362+0000] {logging_mixin.py:190} INFO - [2026-01-08T02:01:36.362+0000] {dag.py:3211} INFO - Sync 1 DAGs
[2026-01-08T02:01:36.372+0000] {logging_mixin.py:190} INFO - [2026-01-08T02:01:36.372+0000] {dag.py:4138} INFO - Setting next_dagrun for example_params_ui_tutorial to None, run_after=None
[2026-01-08T02:01:36.389+0000] {processor.py:208} INFO - Processing /home/airflow/.local/lib/python3.12/site-packages/airflow/example_dags/example_params_ui_tutorial.py took 0.074 seconds
[2026-01-08T02:02:07.256+0000] {processor.py:186} INFO - Started process (PID=1778) to work on /home/airflow/.local/lib/python3.12/site-packages/airflow/example_dags/example_params_ui_tutorial.py
[2026-01-08T02:02:07.257+0000] {processor.py:914} INFO - Processing file /home/airflow/.local/lib/python3.12/site-packages/airflow/example_dags/example_params_ui_tutorial.py for tasks to queue
[2026-01-08T02:02:07.260+0000] {logging_mixin.py:190} INFO - [2026-01-08T02:02:07.259+0000] {dagbag.py:587} INFO - Filling up the DagBag from /home/airflow/.local/lib/python3.12/site-packages/airflow/example_dags/example_params_ui_tutorial.py
[2026-01-08T02:02:07.267+0000] {processor.py:925} INFO - DAG(s) 'example_params_ui_tutorial' retrieved from /home/airflow/.local/lib/python3.12/site-packages/airflow/example_dags/example_params_ui_tutorial.py
[2026-01-08T02:02:07.298+0000] {logging_mixin.py:190} INFO - [2026-01-08T02:02:07.298+0000] {dag.py:3211} INFO - Sync 1 DAGs
[2026-01-08T02:02:07.309+0000] {logging_mixin.py:190} INFO - [2026-01-08T02:02:07.309+0000] {dag.py:4138} INFO - Setting next_dagrun for example_params_ui_tutorial to None, run_after=None
[2026-01-08T02:02:07.322+0000] {processor.py:208} INFO - Processing /home/airflow/.local/lib/python3.12/site-packages/airflow/example_dags/example_params_ui_tutorial.py took 0.071 seconds
[2026-01-08T02:02:38.157+0000] {processor.py:186} INFO - Started process (PID=1841) to work on /home/airflow/.local/lib/python3.12/site-packages/airflow/example_dags/example_params_ui_tutorial.py
[2026-01-08T02:02:38.158+0000] {processor.py:914} INFO - Processing file /home/airflow/.local/lib/python3.12/site-packages/airflow/example_dags/example_params_ui_tutorial.py for tasks to queue
[2026-01-08T02:02:38.161+0000] {logging_mixin.py:190} INFO - [2026-01-08T02:02:38.160+0000] {dagbag.py:587} INFO - Filling up the DagBag from /home/airflow/.local/lib/python3.12/site-packages/airflow/example_dags/example_params_ui_tutorial.py
[2026-01-08T02:02:38.169+0000] {processor.py:925} INFO - DAG(s) 'example_params_ui_tutorial' retrieved from /home/airflow/.local/lib/python3.12/site-packages/airflow/example_dags/example_params_ui_tutorial.py
[2026-01-08T02:02:38.209+0000] {logging_mixin.py:190} INFO - [2026-01-08T02:02:38.208+0000] {dag.py:3211} INFO - Sync 1 DAGs
[2026-01-08T02:02:38.223+0000] {logging_mixin.py:190} INFO - [2026-01-08T02:02:38.222+0000] {dag.py:4138} INFO - Setting next_dagrun for example_params_ui_tutorial to None, run_after=None
[2026-01-08T02:02:38.242+0000] {processor.py:208} INFO - Processing /home/airflow/.local/lib/python3.12/site-packages/airflow/example_dags/example_params_ui_tutorial.py took 0.090 seconds
[2026-01-08T02:03:09.325+0000] {processor.py:186} INFO - Started process (PID=1905) to work on /home/airflow/.local/lib/python3.12/site-packages/airflow/example_dags/example_params_ui_tutorial.py
[2026-01-08T02:03:09.326+0000] {processor.py:914} INFO - Processing file /home/airflow/.local/lib/python3.12/site-packages/airflow/example_dags/example_params_ui_tutorial.py for tasks to queue
[2026-01-08T02:03:09.329+0000] {logging_mixin.py:190} INFO - [2026-01-08T02:03:09.328+0000] {dagbag.py:587} INFO - Filling up the DagBag from /home/airflow/.local/lib/python3.12/site-packages/airflow/example_dags/example_params_ui_tutorial.py
[2026-01-08T02:03:09.335+0000] {processor.py:925} INFO - DAG(s) 'example_params_ui_tutorial' retrieved from /home/airflow/.local/lib/python3.12/site-packages/airflow/example_dags/example_params_ui_tutorial.py
[2026-01-08T02:03:09.364+0000] {logging_mixin.py:190} INFO - [2026-01-08T02:03:09.364+0000] {dag.py:3211} INFO - Sync 1 DAGs
[2026-01-08T02:03:09.374+0000] {logging_mixin.py:190} INFO - [2026-01-08T02:03:09.374+0000] {dag.py:4138} INFO - Setting next_dagrun for example_params_ui_tutorial to None, run_after=None
[2026-01-08T02:03:09.387+0000] {processor.py:208} INFO - Processing /home/airflow/.local/lib/python3.12/site-packages/airflow/example_dags/example_params_ui_tutorial.py took 0.067 seconds
[2026-01-08T02:03:39.847+0000] {processor.py:186} INFO - Started process (PID=1969) to work on /home/airflow/.local/lib/python3.12/site-packages/airflow/example_dags/example_params_ui_tutorial.py
[2026-01-08T02:03:39.848+0000] {processor.py:914} INFO - Processing file /home/airflow/.local/lib/python3.12/site-packages/airflow/example_dags/example_params_ui_tutorial.py for tasks to queue
[2026-01-08T02:03:39.850+0000] {logging_mixin.py:190} INFO - [2026-01-08T02:03:39.850+0000] {dagbag.py:587} INFO - Filling up the DagBag from /home/airflow/.local/lib/python3.12/site-packages/airflow/example_dags/example_params_ui_tutorial.py
[2026-01-08T02:03:39.857+0000] {processor.py:925} INFO - DAG(s) 'example_params_ui_tutorial' retrieved from /home/airflow/.local/lib/python3.12/site-packages/airflow/example_dags/example_params_ui_tutorial.py
[2026-01-08T02:03:39.883+0000] {logging_mixin.py:190} INFO - [2026-01-08T02:03:39.883+0000] {dag.py:3211} INFO - Sync 1 DAGs
[2026-01-08T02:03:39.893+0000] {logging_mixin.py:190} INFO - [2026-01-08T02:03:39.893+0000] {dag.py:4138} INFO - Setting next_dagrun for example_params_ui_tutorial to None, run_after=None
[2026-01-08T02:03:39.908+0000] {processor.py:208} INFO - Processing /home/airflow/.local/lib/python3.12/site-packages/airflow/example_dags/example_params_ui_tutorial.py took 0.066 seconds
[2026-01-08T02:04:10.114+0000] {processor.py:186} INFO - Started process (PID=2032) to work on /home/airflow/.local/lib/python3.12/site-packages/airflow/example_dags/example_params_ui_tutorial.py
[2026-01-08T02:04:10.115+0000] {processor.py:914} INFO - Processing file /home/airflow/.local/lib/python3.12/site-packages/airflow/example_dags/example_params_ui_tutorial.py for tasks to queue
[2026-01-08T02:04:10.117+0000] {logging_mixin.py:190} INFO - [2026-01-08T02:04:10.117+0000] {dagbag.py:587} INFO - Filling up the DagBag from /home/airflow/.local/lib/python3.12/site-packages/airflow/example_dags/example_params_ui_tutorial.py
[2026-01-08T02:04:10.124+0000] {processor.py:925} INFO - DAG(s) 'example_params_ui_tutorial' retrieved from /home/airflow/.local/lib/python3.12/site-packages/airflow/example_dags/example_params_ui_tutorial.py
[2026-01-08T02:04:10.153+0000] {logging_mixin.py:190} INFO - [2026-01-08T02:04:10.152+0000] {dag.py:3211} INFO - Sync 1 DAGs
[2026-01-08T02:04:10.163+0000] {logging_mixin.py:190} INFO - [2026-01-08T02:04:10.163+0000] {dag.py:4138} INFO - Setting next_dagrun for example_params_ui_tutorial to None, run_after=None
[2026-01-08T02:04:10.174+0000] {processor.py:208} INFO - Processing /home/airflow/.local/lib/python3.12/site-packages/airflow/example_dags/example_params_ui_tutorial.py took 0.065 seconds
[2026-01-08T02:04:41.243+0000] {processor.py:186} INFO - Started process (PID=2095) to work on /home/airflow/.local/lib/python3.12/site-packages/airflow/example_dags/example_params_ui_tutorial.py
[2026-01-08T02:04:41.244+0000] {processor.py:914} INFO - Processing file /home/airflow/.local/lib/python3.12/site-packages/airflow/example_dags/example_params_ui_tutorial.py for tasks to queue
[2026-01-08T02:04:41.247+0000] {logging_mixin.py:190} INFO - [2026-01-08T02:04:41.247+0000] {dagbag.py:587} INFO - Filling up the DagBag from /home/airflow/.local/lib/python3.12/site-packages/airflow/example_dags/example_params_ui_tutorial.py
[2026-01-08T02:04:41.254+0000] {processor.py:925} INFO - DAG(s) 'example_params_ui_tutorial' retrieved from /home/airflow/.local/lib/python3.12/site-packages/airflow/example_dags/example_params_ui_tutorial.py
[2026-01-08T02:04:41.284+0000] {logging_mixin.py:190} INFO - [2026-01-08T02:04:41.284+0000] {dag.py:3211} INFO - Sync 1 DAGs
[2026-01-08T02:04:41.295+0000] {logging_mixin.py:190} INFO - [2026-01-08T02:04:41.295+0000] {dag.py:4138} INFO - Setting next_dagrun for example_params_ui_tutorial to None, run_after=None
[2026-01-08T02:04:41.310+0000] {processor.py:208} INFO - Processing /home/airflow/.local/lib/python3.12/site-packages/airflow/example_dags/example_params_ui_tutorial.py took 0.072 seconds
[2026-01-08T02:05:12.631+0000] {processor.py:186} INFO - Started process (PID=2158) to work on /home/airflow/.local/lib/python3.12/site-packages/airflow/example_dags/example_params_ui_tutorial.py
[2026-01-08T02:05:12.633+0000] {processor.py:914} INFO - Processing file /home/airflow/.local/lib/python3.12/site-packages/airflow/example_dags/example_params_ui_tutorial.py for tasks to queue
[2026-01-08T02:05:12.635+0000] {logging_mixin.py:190} INFO - [2026-01-08T02:05:12.635+0000] {dagbag.py:587} INFO - Filling up the DagBag from /home/airflow/.local/lib/python3.12/site-packages/airflow/example_dags/example_params_ui_tutorial.py
[2026-01-08T02:05:12.642+0000] {processor.py:925} INFO - DAG(s) 'example_params_ui_tutorial' retrieved from /home/airflow/.local/lib/python3.12/site-packages/airflow/example_dags/example_params_ui_tutorial.py
[2026-01-08T02:05:12.671+0000] {logging_mixin.py:190} INFO - [2026-01-08T02:05:12.671+0000] {dag.py:3211} INFO - Sync 1 DAGs
[2026-01-08T02:05:12.681+0000] {logging_mixin.py:190} INFO - [2026-01-08T02:05:12.681+0000] {dag.py:4138} INFO - Setting next_dagrun for example_params_ui_tutorial to None, run_after=None
[2026-01-08T02:05:12.696+0000] {processor.py:208} INFO - Processing /home/airflow/.local/lib/python3.12/site-packages/airflow/example_dags/example_params_ui_tutorial.py took 0.069 seconds
[2026-01-08T02:05:44.078+0000] {processor.py:186} INFO - Started process (PID=2221) to work on /home/airflow/.local/lib/python3.12/site-packages/airflow/example_dags/example_params_ui_tutorial.py
[2026-01-08T02:05:44.080+0000] {processor.py:914} INFO - Processing file /home/airflow/.local/lib/python3.12/site-packages/airflow/example_dags/example_params_ui_tutorial.py for tasks to queue
[2026-01-08T02:05:44.082+0000] {logging_mixin.py:190} INFO - [2026-01-08T02:05:44.082+0000] {dagbag.py:587} INFO - Filling up the DagBag from /home/airflow/.local/lib/python3.12/site-packages/airflow/example_dags/example_params_ui_tutorial.py
[2026-01-08T02:05:44.089+0000] {processor.py:925} INFO - DAG(s) 'example_params_ui_tutorial' retrieved from /home/airflow/.local/lib/python3.12/site-packages/airflow/example_dags/example_params_ui_tutorial.py
[2026-01-08T02:05:44.116+0000] {logging_mixin.py:190} INFO - [2026-01-08T02:05:44.116+0000] {dag.py:3211} INFO - Sync 1 DAGs
[2026-01-08T02:05:44.126+0000] {logging_mixin.py:190} INFO - [2026-01-08T02:05:44.126+0000] {dag.py:4138} INFO - Setting next_dagrun for example_params_ui_tutorial to None, run_after=None
[2026-01-08T02:05:44.140+0000] {processor.py:208} INFO - Processing /home/airflow/.local/lib/python3.12/site-packages/airflow/example_dags/example_params_ui_tutorial.py took 0.065 seconds
[2026-01-08T02:06:15.295+0000] {processor.py:186} INFO - Started process (PID=2284) to work on /home/airflow/.local/lib/python3.12/site-packages/airflow/example_dags/example_params_ui_tutorial.py
[2026-01-08T02:06:15.297+0000] {processor.py:914} INFO - Processing file /home/airflow/.local/lib/python3.12/site-packages/airflow/example_dags/example_params_ui_tutorial.py for tasks to queue
[2026-01-08T02:06:15.299+0000] {logging_mixin.py:190} INFO - [2026-01-08T02:06:15.298+0000] {dagbag.py:587} INFO - Filling up the DagBag from /home/airflow/.local/lib/python3.12/site-packages/airflow/example_dags/example_params_ui_tutorial.py
[2026-01-08T02:06:15.306+0000] {processor.py:925} INFO - DAG(s) 'example_params_ui_tutorial' retrieved from /home/airflow/.local/lib/python3.12/site-packages/airflow/example_dags/example_params_ui_tutorial.py
[2026-01-08T02:06:15.333+0000] {logging_mixin.py:190} INFO - [2026-01-08T02:06:15.333+0000] {dag.py:3211} INFO - Sync 1 DAGs
[2026-01-08T02:06:15.343+0000] {logging_mixin.py:190} INFO - [2026-01-08T02:06:15.343+0000] {dag.py:4138} INFO - Setting next_dagrun for example_params_ui_tutorial to None, run_after=None
[2026-01-08T02:06:15.359+0000] {processor.py:208} INFO - Processing /home/airflow/.local/lib/python3.12/site-packages/airflow/example_dags/example_params_ui_tutorial.py took 0.068 seconds
[2026-01-08T02:06:45.815+0000] {processor.py:186} INFO - Started process (PID=2347) to work on /home/airflow/.local/lib/python3.12/site-packages/airflow/example_dags/example_params_ui_tutorial.py
[2026-01-08T02:06:45.816+0000] {processor.py:914} INFO - Processing file /home/airflow/.local/lib/python3.12/site-packages/airflow/example_dags/example_params_ui_tutorial.py for tasks to queue
[2026-01-08T02:06:45.819+0000] {logging_mixin.py:190} INFO - [2026-01-08T02:06:45.818+0000] {dagbag.py:587} INFO - Filling up the DagBag from /home/airflow/.local/lib/python3.12/site-packages/airflow/example_dags/example_params_ui_tutorial.py
[2026-01-08T02:06:45.827+0000] {processor.py:925} INFO - DAG(s) 'example_params_ui_tutorial' retrieved from /home/airflow/.local/lib/python3.12/site-packages/airflow/example_dags/example_params_ui_tutorial.py
[2026-01-08T02:06:45.861+0000] {logging_mixin.py:190} INFO - [2026-01-08T02:06:45.861+0000] {dag.py:3211} INFO - Sync 1 DAGs
[2026-01-08T02:06:45.877+0000] {logging_mixin.py:190} INFO - [2026-01-08T02:06:45.877+0000] {dag.py:4138} INFO - Setting next_dagrun for example_params_ui_tutorial to None, run_after=None
[2026-01-08T02:06:45.908+0000] {processor.py:208} INFO - Processing /home/airflow/.local/lib/python3.12/site-packages/airflow/example_dags/example_params_ui_tutorial.py took 0.100 seconds
[2026-01-08T02:07:16.109+0000] {processor.py:186} INFO - Started process (PID=2410) to work on /home/airflow/.local/lib/python3.12/site-packages/airflow/example_dags/example_params_ui_tutorial.py
[2026-01-08T02:07:16.110+0000] {processor.py:914} INFO - Processing file /home/airflow/.local/lib/python3.12/site-packages/airflow/example_dags/example_params_ui_tutorial.py for tasks to queue
[2026-01-08T02:07:16.112+0000] {logging_mixin.py:190} INFO - [2026-01-08T02:07:16.112+0000] {dagbag.py:587} INFO - Filling up the DagBag from /home/airflow/.local/lib/python3.12/site-packages/airflow/example_dags/example_params_ui_tutorial.py
[2026-01-08T02:07:16.118+0000] {processor.py:925} INFO - DAG(s) 'example_params_ui_tutorial' retrieved from /home/airflow/.local/lib/python3.12/site-packages/airflow/example_dags/example_params_ui_tutorial.py
[2026-01-08T02:07:16.145+0000] {logging_mixin.py:190} INFO - [2026-01-08T02:07:16.145+0000] {dag.py:3211} INFO - Sync 1 DAGs
[2026-01-08T02:07:16.155+0000] {logging_mixin.py:190} INFO - [2026-01-08T02:07:16.155+0000] {dag.py:4138} INFO - Setting next_dagrun for example_params_ui_tutorial to None, run_after=None
[2026-01-08T02:07:16.169+0000] {processor.py:208} INFO - Processing /home/airflow/.local/lib/python3.12/site-packages/airflow/example_dags/example_params_ui_tutorial.py took 0.065 seconds
[2026-01-08T02:07:46.497+0000] {processor.py:186} INFO - Started process (PID=2473) to work on /home/airflow/.local/lib/python3.12/site-packages/airflow/example_dags/example_params_ui_tutorial.py
[2026-01-08T02:07:46.498+0000] {processor.py:914} INFO - Processing file /home/airflow/.local/lib/python3.12/site-packages/airflow/example_dags/example_params_ui_tutorial.py for tasks to queue
[2026-01-08T02:07:46.501+0000] {logging_mixin.py:190} INFO - [2026-01-08T02:07:46.501+0000] {dagbag.py:587} INFO - Filling up the DagBag from /home/airflow/.local/lib/python3.12/site-packages/airflow/example_dags/example_params_ui_tutorial.py
[2026-01-08T02:07:46.507+0000] {processor.py:925} INFO - DAG(s) 'example_params_ui_tutorial' retrieved from /home/airflow/.local/lib/python3.12/site-packages/airflow/example_dags/example_params_ui_tutorial.py
[2026-01-08T02:07:46.535+0000] {logging_mixin.py:190} INFO - [2026-01-08T02:07:46.534+0000] {dag.py:3211} INFO - Sync 1 DAGs
[2026-01-08T02:07:46.545+0000] {logging_mixin.py:190} INFO - [2026-01-08T02:07:46.545+0000] {dag.py:4138} INFO - Setting next_dagrun for example_params_ui_tutorial to None, run_after=None
[2026-01-08T02:07:46.559+0000] {processor.py:208} INFO - Processing /home/airflow/.local/lib/python3.12/site-packages/airflow/example_dags/example_params_ui_tutorial.py took 0.067 seconds
[2026-01-08T02:08:16.842+0000] {processor.py:186} INFO - Started process (PID=2536) to work on /home/airflow/.local/lib/python3.12/site-packages/airflow/example_dags/example_params_ui_tutorial.py
[2026-01-08T02:08:16.844+0000] {processor.py:914} INFO - Processing file /home/airflow/.local/lib/python3.12/site-packages/airflow/example_dags/example_params_ui_tutorial.py for tasks to queue
[2026-01-08T02:08:16.847+0000] {logging_mixin.py:190} INFO - [2026-01-08T02:08:16.847+0000] {dagbag.py:587} INFO - Filling up the DagBag from /home/airflow/.local/lib/python3.12/site-packages/airflow/example_dags/example_params_ui_tutorial.py
[2026-01-08T02:08:16.854+0000] {processor.py:925} INFO - DAG(s) 'example_params_ui_tutorial' retrieved from /home/airflow/.local/lib/python3.12/site-packages/airflow/example_dags/example_params_ui_tutorial.py
[2026-01-08T02:08:16.880+0000] {logging_mixin.py:190} INFO - [2026-01-08T02:08:16.880+0000] {dag.py:3211} INFO - Sync 1 DAGs
[2026-01-08T02:08:16.891+0000] {logging_mixin.py:190} INFO - [2026-01-08T02:08:16.891+0000] {dag.py:4138} INFO - Setting next_dagrun for example_params_ui_tutorial to None, run_after=None
[2026-01-08T02:08:16.905+0000] {processor.py:208} INFO - Processing /home/airflow/.local/lib/python3.12/site-packages/airflow/example_dags/example_params_ui_tutorial.py took 0.067 seconds
[2026-01-08T02:08:47.992+0000] {processor.py:186} INFO - Started process (PID=2599) to work on /home/airflow/.local/lib/python3.12/site-packages/airflow/example_dags/example_params_ui_tutorial.py
[2026-01-08T02:08:47.993+0000] {processor.py:914} INFO - Processing file /home/airflow/.local/lib/python3.12/site-packages/airflow/example_dags/example_params_ui_tutorial.py for tasks to queue
[2026-01-08T02:08:47.996+0000] {logging_mixin.py:190} INFO - [2026-01-08T02:08:47.996+0000] {dagbag.py:587} INFO - Filling up the DagBag from /home/airflow/.local/lib/python3.12/site-packages/airflow/example_dags/example_params_ui_tutorial.py
[2026-01-08T02:08:48.002+0000] {processor.py:925} INFO - DAG(s) 'example_params_ui_tutorial' retrieved from /home/airflow/.local/lib/python3.12/site-packages/airflow/example_dags/example_params_ui_tutorial.py
[2026-01-08T02:08:48.029+0000] {logging_mixin.py:190} INFO - [2026-01-08T02:08:48.029+0000] {dag.py:3211} INFO - Sync 1 DAGs
[2026-01-08T02:08:48.039+0000] {logging_mixin.py:190} INFO - [2026-01-08T02:08:48.039+0000] {dag.py:4138} INFO - Setting next_dagrun for example_params_ui_tutorial to None, run_after=None
[2026-01-08T02:08:48.055+0000] {processor.py:208} INFO - Processing /home/airflow/.local/lib/python3.12/site-packages/airflow/example_dags/example_params_ui_tutorial.py took 0.069 seconds
[2026-01-08T02:09:18.497+0000] {processor.py:186} INFO - Started process (PID=2662) to work on /home/airflow/.local/lib/python3.12/site-packages/airflow/example_dags/example_params_ui_tutorial.py
[2026-01-08T02:09:18.498+0000] {processor.py:914} INFO - Processing file /home/airflow/.local/lib/python3.12/site-packages/airflow/example_dags/example_params_ui_tutorial.py for tasks to queue
[2026-01-08T02:09:18.501+0000] {logging_mixin.py:190} INFO - [2026-01-08T02:09:18.500+0000] {dagbag.py:587} INFO - Filling up the DagBag from /home/airflow/.local/lib/python3.12/site-packages/airflow/example_dags/example_params_ui_tutorial.py
[2026-01-08T02:09:18.511+0000] {processor.py:925} INFO - DAG(s) 'example_params_ui_tutorial' retrieved from /home/airflow/.local/lib/python3.12/site-packages/airflow/example_dags/example_params_ui_tutorial.py
[2026-01-08T02:09:18.550+0000] {logging_mixin.py:190} INFO - [2026-01-08T02:09:18.549+0000] {dag.py:3211} INFO - Sync 1 DAGs
[2026-01-08T02:09:18.562+0000] {logging_mixin.py:190} INFO - [2026-01-08T02:09:18.562+0000] {dag.py:4138} INFO - Setting next_dagrun for example_params_ui_tutorial to None, run_after=None
[2026-01-08T02:09:18.582+0000] {processor.py:208} INFO - Processing /home/airflow/.local/lib/python3.12/site-packages/airflow/example_dags/example_params_ui_tutorial.py took 0.091 seconds
[2026-01-08T02:09:48.835+0000] {processor.py:186} INFO - Started process (PID=2725) to work on /home/airflow/.local/lib/python3.12/site-packages/airflow/example_dags/example_params_ui_tutorial.py
[2026-01-08T02:09:48.836+0000] {processor.py:914} INFO - Processing file /home/airflow/.local/lib/python3.12/site-packages/airflow/example_dags/example_params_ui_tutorial.py for tasks to queue
[2026-01-08T02:09:48.839+0000] {logging_mixin.py:190} INFO - [2026-01-08T02:09:48.839+0000] {dagbag.py:587} INFO - Filling up the DagBag from /home/airflow/.local/lib/python3.12/site-packages/airflow/example_dags/example_params_ui_tutorial.py
[2026-01-08T02:09:48.846+0000] {processor.py:925} INFO - DAG(s) 'example_params_ui_tutorial' retrieved from /home/airflow/.local/lib/python3.12/site-packages/airflow/example_dags/example_params_ui_tutorial.py
[2026-01-08T02:09:48.876+0000] {logging_mixin.py:190} INFO - [2026-01-08T02:09:48.876+0000] {dag.py:3211} INFO - Sync 1 DAGs
[2026-01-08T02:09:48.887+0000] {logging_mixin.py:190} INFO - [2026-01-08T02:09:48.887+0000] {dag.py:4138} INFO - Setting next_dagrun for example_params_ui_tutorial to None, run_after=None
[2026-01-08T02:09:48.900+0000] {processor.py:208} INFO - Processing /home/airflow/.local/lib/python3.12/site-packages/airflow/example_dags/example_params_ui_tutorial.py took 0.070 seconds
[2026-01-08T02:10:19.251+0000] {processor.py:186} INFO - Started process (PID=2788) to work on /home/airflow/.local/lib/python3.12/site-packages/airflow/example_dags/example_params_ui_tutorial.py
[2026-01-08T02:10:19.253+0000] {processor.py:914} INFO - Processing file /home/airflow/.local/lib/python3.12/site-packages/airflow/example_dags/example_params_ui_tutorial.py for tasks to queue
[2026-01-08T02:10:19.255+0000] {logging_mixin.py:190} INFO - [2026-01-08T02:10:19.255+0000] {dagbag.py:587} INFO - Filling up the DagBag from /home/airflow/.local/lib/python3.12/site-packages/airflow/example_dags/example_params_ui_tutorial.py
[2026-01-08T02:10:19.262+0000] {processor.py:925} INFO - DAG(s) 'example_params_ui_tutorial' retrieved from /home/airflow/.local/lib/python3.12/site-packages/airflow/example_dags/example_params_ui_tutorial.py
[2026-01-08T02:10:19.288+0000] {logging_mixin.py:190} INFO - [2026-01-08T02:10:19.288+0000] {dag.py:3211} INFO - Sync 1 DAGs
[2026-01-08T02:10:19.298+0000] {logging_mixin.py:190} INFO - [2026-01-08T02:10:19.298+0000] {dag.py:4138} INFO - Setting next_dagrun for example_params_ui_tutorial to None, run_after=None
[2026-01-08T02:10:19.312+0000] {processor.py:208} INFO - Processing /home/airflow/.local/lib/python3.12/site-packages/airflow/example_dags/example_params_ui_tutorial.py took 0.065 seconds
[2026-01-08T02:10:49.769+0000] {processor.py:186} INFO - Started process (PID=2850) to work on /home/airflow/.local/lib/python3.12/site-packages/airflow/example_dags/example_params_ui_tutorial.py
[2026-01-08T02:10:49.770+0000] {processor.py:914} INFO - Processing file /home/airflow/.local/lib/python3.12/site-packages/airflow/example_dags/example_params_ui_tutorial.py for tasks to queue
[2026-01-08T02:10:49.773+0000] {logging_mixin.py:190} INFO - [2026-01-08T02:10:49.773+0000] {dagbag.py:587} INFO - Filling up the DagBag from /home/airflow/.local/lib/python3.12/site-packages/airflow/example_dags/example_params_ui_tutorial.py
[2026-01-08T02:10:49.780+0000] {processor.py:925} INFO - DAG(s) 'example_params_ui_tutorial' retrieved from /home/airflow/.local/lib/python3.12/site-packages/airflow/example_dags/example_params_ui_tutorial.py
[2026-01-08T02:10:49.807+0000] {logging_mixin.py:190} INFO - [2026-01-08T02:10:49.807+0000] {dag.py:3211} INFO - Sync 1 DAGs
[2026-01-08T02:10:49.817+0000] {logging_mixin.py:190} INFO - [2026-01-08T02:10:49.817+0000] {dag.py:4138} INFO - Setting next_dagrun for example_params_ui_tutorial to None, run_after=None
[2026-01-08T02:10:49.832+0000] {processor.py:208} INFO - Processing /home/airflow/.local/lib/python3.12/site-packages/airflow/example_dags/example_params_ui_tutorial.py took 0.068 seconds
[2026-01-08T02:11:21.249+0000] {processor.py:186} INFO - Started process (PID=2913) to work on /home/airflow/.local/lib/python3.12/site-packages/airflow/example_dags/example_params_ui_tutorial.py
[2026-01-08T02:11:21.250+0000] {processor.py:914} INFO - Processing file /home/airflow/.local/lib/python3.12/site-packages/airflow/example_dags/example_params_ui_tutorial.py for tasks to queue
[2026-01-08T02:11:21.253+0000] {logging_mixin.py:190} INFO - [2026-01-08T02:11:21.253+0000] {dagbag.py:587} INFO - Filling up the DagBag from /home/airflow/.local/lib/python3.12/site-packages/airflow/example_dags/example_params_ui_tutorial.py
[2026-01-08T02:11:21.260+0000] {processor.py:925} INFO - DAG(s) 'example_params_ui_tutorial' retrieved from /home/airflow/.local/lib/python3.12/site-packages/airflow/example_dags/example_params_ui_tutorial.py
[2026-01-08T02:11:21.287+0000] {logging_mixin.py:190} INFO - [2026-01-08T02:11:21.287+0000] {dag.py:3211} INFO - Sync 1 DAGs
[2026-01-08T02:11:21.297+0000] {logging_mixin.py:190} INFO - [2026-01-08T02:11:21.297+0000] {dag.py:4138} INFO - Setting next_dagrun for example_params_ui_tutorial to None, run_after=None
[2026-01-08T02:11:21.311+0000] {processor.py:208} INFO - Processing /home/airflow/.local/lib/python3.12/site-packages/airflow/example_dags/example_params_ui_tutorial.py took 0.066 seconds
[2026-01-08T02:11:51.777+0000] {processor.py:186} INFO - Started process (PID=2976) to work on /home/airflow/.local/lib/python3.12/site-packages/airflow/example_dags/example_params_ui_tutorial.py
[2026-01-08T02:11:51.779+0000] {processor.py:914} INFO - Processing file /home/airflow/.local/lib/python3.12/site-packages/airflow/example_dags/example_params_ui_tutorial.py for tasks to queue
[2026-01-08T02:11:51.781+0000] {logging_mixin.py:190} INFO - [2026-01-08T02:11:51.781+0000] {dagbag.py:587} INFO - Filling up the DagBag from /home/airflow/.local/lib/python3.12/site-packages/airflow/example_dags/example_params_ui_tutorial.py
[2026-01-08T02:11:51.788+0000] {processor.py:925} INFO - DAG(s) 'example_params_ui_tutorial' retrieved from /home/airflow/.local/lib/python3.12/site-packages/airflow/example_dags/example_params_ui_tutorial.py
[2026-01-08T02:11:51.815+0000] {logging_mixin.py:190} INFO - [2026-01-08T02:11:51.814+0000] {dag.py:3211} INFO - Sync 1 DAGs
[2026-01-08T02:11:51.825+0000] {logging_mixin.py:190} INFO - [2026-01-08T02:11:51.825+0000] {dag.py:4138} INFO - Setting next_dagrun for example_params_ui_tutorial to None, run_after=None
[2026-01-08T02:11:51.957+0000] {processor.py:208} INFO - Processing /home/airflow/.local/lib/python3.12/site-packages/airflow/example_dags/example_params_ui_tutorial.py took 0.184 seconds
[2026-01-08T02:12:22.478+0000] {processor.py:186} INFO - Started process (PID=3040) to work on /home/airflow/.local/lib/python3.12/site-packages/airflow/example_dags/example_params_ui_tutorial.py
[2026-01-08T02:12:22.479+0000] {processor.py:914} INFO - Processing file /home/airflow/.local/lib/python3.12/site-packages/airflow/example_dags/example_params_ui_tutorial.py for tasks to queue
[2026-01-08T02:12:22.481+0000] {logging_mixin.py:190} INFO - [2026-01-08T02:12:22.481+0000] {dagbag.py:587} INFO - Filling up the DagBag from /home/airflow/.local/lib/python3.12/site-packages/airflow/example_dags/example_params_ui_tutorial.py
[2026-01-08T02:12:22.488+0000] {processor.py:925} INFO - DAG(s) 'example_params_ui_tutorial' retrieved from /home/airflow/.local/lib/python3.12/site-packages/airflow/example_dags/example_params_ui_tutorial.py
[2026-01-08T02:12:22.520+0000] {logging_mixin.py:190} INFO - [2026-01-08T02:12:22.520+0000] {dag.py:3211} INFO - Sync 1 DAGs
[2026-01-08T02:12:22.532+0000] {logging_mixin.py:190} INFO - [2026-01-08T02:12:22.532+0000] {dag.py:4138} INFO - Setting next_dagrun for example_params_ui_tutorial to None, run_after=None
[2026-01-08T02:12:22.547+0000] {processor.py:208} INFO - Processing /home/airflow/.local/lib/python3.12/site-packages/airflow/example_dags/example_params_ui_tutorial.py took 0.074 seconds
