[2026-01-08T01:48:24.499+0000] {processor.py:186} INFO - Started process (PID=111) to work on /home/airflow/.local/lib/python3.12/site-packages/airflow/example_dags/tutorial_taskflow_api.py
[2026-01-08T01:48:24.501+0000] {processor.py:914} INFO - Processing file /home/airflow/.local/lib/python3.12/site-packages/airflow/example_dags/tutorial_taskflow_api.py for tasks to queue
[2026-01-08T01:48:24.503+0000] {logging_mixin.py:190} INFO - [2026-01-08T01:48:24.503+0000] {dagbag.py:587} INFO - Filling up the DagBag from /home/airflow/.local/lib/python3.12/site-packages/airflow/example_dags/tutorial_taskflow_api.py
[2026-01-08T01:48:24.511+0000] {processor.py:925} INFO - DAG(s) 'tutorial_taskflow_api' retrieved from /home/airflow/.local/lib/python3.12/site-packages/airflow/example_dags/tutorial_taskflow_api.py
[2026-01-08T01:48:24.582+0000] {logging_mixin.py:190} INFO - [2026-01-08T01:48:24.581+0000] {override.py:1858} INFO - Created Permission View: can edit on DAG:tutorial_taskflow_api
[2026-01-08T01:48:24.590+0000] {logging_mixin.py:190} INFO - [2026-01-08T01:48:24.590+0000] {override.py:1858} INFO - Created Permission View: can read on DAG:tutorial_taskflow_api
[2026-01-08T01:48:24.597+0000] {logging_mixin.py:190} INFO - [2026-01-08T01:48:24.597+0000] {override.py:1858} INFO - Created Permission View: can delete on DAG:tutorial_taskflow_api
[2026-01-08T01:48:24.598+0000] {logging_mixin.py:190} INFO - [2026-01-08T01:48:24.598+0000] {dag.py:3211} INFO - Sync 1 DAGs
[2026-01-08T01:48:24.608+0000] {logging_mixin.py:190} INFO - [2026-01-08T01:48:24.608+0000] {dag.py:3234} INFO - Creating ORM DAG for tutorial_taskflow_api
[2026-01-08T01:48:24.609+0000] {logging_mixin.py:190} INFO - [2026-01-08T01:48:24.609+0000] {dag.py:4138} INFO - Setting next_dagrun for tutorial_taskflow_api to None, run_after=None
[2026-01-08T01:48:24.622+0000] {processor.py:208} INFO - Processing /home/airflow/.local/lib/python3.12/site-packages/airflow/example_dags/tutorial_taskflow_api.py took 0.127 seconds
[2026-01-08T01:48:55.181+0000] {processor.py:186} INFO - Started process (PID=173) to work on /home/airflow/.local/lib/python3.12/site-packages/airflow/example_dags/tutorial_taskflow_api.py
[2026-01-08T01:48:55.182+0000] {processor.py:914} INFO - Processing file /home/airflow/.local/lib/python3.12/site-packages/airflow/example_dags/tutorial_taskflow_api.py for tasks to queue
[2026-01-08T01:48:55.185+0000] {logging_mixin.py:190} INFO - [2026-01-08T01:48:55.184+0000] {dagbag.py:587} INFO - Filling up the DagBag from /home/airflow/.local/lib/python3.12/site-packages/airflow/example_dags/tutorial_taskflow_api.py
[2026-01-08T01:48:55.191+0000] {processor.py:925} INFO - DAG(s) 'tutorial_taskflow_api' retrieved from /home/airflow/.local/lib/python3.12/site-packages/airflow/example_dags/tutorial_taskflow_api.py
[2026-01-08T01:48:55.208+0000] {logging_mixin.py:190} INFO - [2026-01-08T01:48:55.208+0000] {dag.py:3211} INFO - Sync 1 DAGs
[2026-01-08T01:48:55.217+0000] {logging_mixin.py:190} INFO - [2026-01-08T01:48:55.217+0000] {dag.py:4138} INFO - Setting next_dagrun for tutorial_taskflow_api to None, run_after=None
[2026-01-08T01:48:55.234+0000] {processor.py:208} INFO - Processing /home/airflow/.local/lib/python3.12/site-packages/airflow/example_dags/tutorial_taskflow_api.py took 0.058 seconds
[2026-01-08T01:49:25.713+0000] {processor.py:186} INFO - Started process (PID=235) to work on /home/airflow/.local/lib/python3.12/site-packages/airflow/example_dags/tutorial_taskflow_api.py
[2026-01-08T01:49:25.714+0000] {processor.py:914} INFO - Processing file /home/airflow/.local/lib/python3.12/site-packages/airflow/example_dags/tutorial_taskflow_api.py for tasks to queue
[2026-01-08T01:49:25.716+0000] {logging_mixin.py:190} INFO - [2026-01-08T01:49:25.716+0000] {dagbag.py:587} INFO - Filling up the DagBag from /home/airflow/.local/lib/python3.12/site-packages/airflow/example_dags/tutorial_taskflow_api.py
[2026-01-08T01:49:25.723+0000] {processor.py:925} INFO - DAG(s) 'tutorial_taskflow_api' retrieved from /home/airflow/.local/lib/python3.12/site-packages/airflow/example_dags/tutorial_taskflow_api.py
[2026-01-08T01:49:25.739+0000] {logging_mixin.py:190} INFO - [2026-01-08T01:49:25.739+0000] {dag.py:3211} INFO - Sync 1 DAGs
[2026-01-08T01:49:25.751+0000] {logging_mixin.py:190} INFO - [2026-01-08T01:49:25.751+0000] {dag.py:4138} INFO - Setting next_dagrun for tutorial_taskflow_api to None, run_after=None
[2026-01-08T01:49:25.768+0000] {processor.py:208} INFO - Processing /home/airflow/.local/lib/python3.12/site-packages/airflow/example_dags/tutorial_taskflow_api.py took 0.059 seconds
[2026-01-08T01:49:56.289+0000] {processor.py:186} INFO - Started process (PID=297) to work on /home/airflow/.local/lib/python3.12/site-packages/airflow/example_dags/tutorial_taskflow_api.py
[2026-01-08T01:49:56.291+0000] {processor.py:914} INFO - Processing file /home/airflow/.local/lib/python3.12/site-packages/airflow/example_dags/tutorial_taskflow_api.py for tasks to queue
[2026-01-08T01:49:56.293+0000] {logging_mixin.py:190} INFO - [2026-01-08T01:49:56.293+0000] {dagbag.py:587} INFO - Filling up the DagBag from /home/airflow/.local/lib/python3.12/site-packages/airflow/example_dags/tutorial_taskflow_api.py
[2026-01-08T01:49:56.300+0000] {processor.py:925} INFO - DAG(s) 'tutorial_taskflow_api' retrieved from /home/airflow/.local/lib/python3.12/site-packages/airflow/example_dags/tutorial_taskflow_api.py
[2026-01-08T01:49:56.316+0000] {logging_mixin.py:190} INFO - [2026-01-08T01:49:56.316+0000] {dag.py:3211} INFO - Sync 1 DAGs
[2026-01-08T01:49:56.327+0000] {logging_mixin.py:190} INFO - [2026-01-08T01:49:56.327+0000] {dag.py:4138} INFO - Setting next_dagrun for tutorial_taskflow_api to None, run_after=None
[2026-01-08T01:49:56.343+0000] {processor.py:208} INFO - Processing /home/airflow/.local/lib/python3.12/site-packages/airflow/example_dags/tutorial_taskflow_api.py took 0.058 seconds
[2026-01-08T01:50:26.620+0000] {processor.py:186} INFO - Started process (PID=359) to work on /home/airflow/.local/lib/python3.12/site-packages/airflow/example_dags/tutorial_taskflow_api.py
[2026-01-08T01:50:26.621+0000] {processor.py:914} INFO - Processing file /home/airflow/.local/lib/python3.12/site-packages/airflow/example_dags/tutorial_taskflow_api.py for tasks to queue
[2026-01-08T01:50:26.624+0000] {logging_mixin.py:190} INFO - [2026-01-08T01:50:26.623+0000] {dagbag.py:587} INFO - Filling up the DagBag from /home/airflow/.local/lib/python3.12/site-packages/airflow/example_dags/tutorial_taskflow_api.py
[2026-01-08T01:50:26.630+0000] {processor.py:925} INFO - DAG(s) 'tutorial_taskflow_api' retrieved from /home/airflow/.local/lib/python3.12/site-packages/airflow/example_dags/tutorial_taskflow_api.py
[2026-01-08T01:50:26.647+0000] {logging_mixin.py:190} INFO - [2026-01-08T01:50:26.647+0000] {dag.py:3211} INFO - Sync 1 DAGs
[2026-01-08T01:50:26.657+0000] {logging_mixin.py:190} INFO - [2026-01-08T01:50:26.657+0000] {dag.py:4138} INFO - Setting next_dagrun for tutorial_taskflow_api to None, run_after=None
[2026-01-08T01:50:26.671+0000] {processor.py:208} INFO - Processing /home/airflow/.local/lib/python3.12/site-packages/airflow/example_dags/tutorial_taskflow_api.py took 0.055 seconds
[2026-01-08T01:50:57.109+0000] {processor.py:186} INFO - Started process (PID=421) to work on /home/airflow/.local/lib/python3.12/site-packages/airflow/example_dags/tutorial_taskflow_api.py
[2026-01-08T01:50:57.110+0000] {processor.py:914} INFO - Processing file /home/airflow/.local/lib/python3.12/site-packages/airflow/example_dags/tutorial_taskflow_api.py for tasks to queue
[2026-01-08T01:50:57.113+0000] {logging_mixin.py:190} INFO - [2026-01-08T01:50:57.112+0000] {dagbag.py:587} INFO - Filling up the DagBag from /home/airflow/.local/lib/python3.12/site-packages/airflow/example_dags/tutorial_taskflow_api.py
[2026-01-08T01:50:57.119+0000] {processor.py:925} INFO - DAG(s) 'tutorial_taskflow_api' retrieved from /home/airflow/.local/lib/python3.12/site-packages/airflow/example_dags/tutorial_taskflow_api.py
[2026-01-08T01:50:57.137+0000] {logging_mixin.py:190} INFO - [2026-01-08T01:50:57.137+0000] {dag.py:3211} INFO - Sync 1 DAGs
[2026-01-08T01:50:57.147+0000] {logging_mixin.py:190} INFO - [2026-01-08T01:50:57.147+0000] {dag.py:4138} INFO - Setting next_dagrun for tutorial_taskflow_api to None, run_after=None
[2026-01-08T01:50:57.163+0000] {processor.py:208} INFO - Processing /home/airflow/.local/lib/python3.12/site-packages/airflow/example_dags/tutorial_taskflow_api.py took 0.058 seconds
[2026-01-08T01:51:27.913+0000] {processor.py:186} INFO - Started process (PID=483) to work on /home/airflow/.local/lib/python3.12/site-packages/airflow/example_dags/tutorial_taskflow_api.py
[2026-01-08T01:51:27.915+0000] {processor.py:914} INFO - Processing file /home/airflow/.local/lib/python3.12/site-packages/airflow/example_dags/tutorial_taskflow_api.py for tasks to queue
[2026-01-08T01:51:27.917+0000] {logging_mixin.py:190} INFO - [2026-01-08T01:51:27.917+0000] {dagbag.py:587} INFO - Filling up the DagBag from /home/airflow/.local/lib/python3.12/site-packages/airflow/example_dags/tutorial_taskflow_api.py
[2026-01-08T01:51:27.924+0000] {processor.py:925} INFO - DAG(s) 'tutorial_taskflow_api' retrieved from /home/airflow/.local/lib/python3.12/site-packages/airflow/example_dags/tutorial_taskflow_api.py
[2026-01-08T01:51:27.939+0000] {logging_mixin.py:190} INFO - [2026-01-08T01:51:27.939+0000] {dag.py:3211} INFO - Sync 1 DAGs
[2026-01-08T01:51:27.949+0000] {logging_mixin.py:190} INFO - [2026-01-08T01:51:27.949+0000] {dag.py:4138} INFO - Setting next_dagrun for tutorial_taskflow_api to None, run_after=None
[2026-01-08T01:51:27.964+0000] {processor.py:208} INFO - Processing /home/airflow/.local/lib/python3.12/site-packages/airflow/example_dags/tutorial_taskflow_api.py took 0.055 seconds
[2026-01-08T01:51:58.470+0000] {processor.py:186} INFO - Started process (PID=546) to work on /home/airflow/.local/lib/python3.12/site-packages/airflow/example_dags/tutorial_taskflow_api.py
[2026-01-08T01:51:58.471+0000] {processor.py:914} INFO - Processing file /home/airflow/.local/lib/python3.12/site-packages/airflow/example_dags/tutorial_taskflow_api.py for tasks to queue
[2026-01-08T01:51:58.473+0000] {logging_mixin.py:190} INFO - [2026-01-08T01:51:58.473+0000] {dagbag.py:587} INFO - Filling up the DagBag from /home/airflow/.local/lib/python3.12/site-packages/airflow/example_dags/tutorial_taskflow_api.py
[2026-01-08T01:51:58.481+0000] {processor.py:925} INFO - DAG(s) 'tutorial_taskflow_api' retrieved from /home/airflow/.local/lib/python3.12/site-packages/airflow/example_dags/tutorial_taskflow_api.py
[2026-01-08T01:51:58.498+0000] {logging_mixin.py:190} INFO - [2026-01-08T01:51:58.498+0000] {dag.py:3211} INFO - Sync 1 DAGs
[2026-01-08T01:51:58.509+0000] {logging_mixin.py:190} INFO - [2026-01-08T01:51:58.509+0000] {dag.py:4138} INFO - Setting next_dagrun for tutorial_taskflow_api to None, run_after=None
[2026-01-08T01:51:58.523+0000] {processor.py:208} INFO - Processing /home/airflow/.local/lib/python3.12/site-packages/airflow/example_dags/tutorial_taskflow_api.py took 0.058 seconds
[2026-01-08T01:52:28.852+0000] {processor.py:186} INFO - Started process (PID=608) to work on /home/airflow/.local/lib/python3.12/site-packages/airflow/example_dags/tutorial_taskflow_api.py
[2026-01-08T01:52:28.854+0000] {processor.py:914} INFO - Processing file /home/airflow/.local/lib/python3.12/site-packages/airflow/example_dags/tutorial_taskflow_api.py for tasks to queue
[2026-01-08T01:52:28.856+0000] {logging_mixin.py:190} INFO - [2026-01-08T01:52:28.856+0000] {dagbag.py:587} INFO - Filling up the DagBag from /home/airflow/.local/lib/python3.12/site-packages/airflow/example_dags/tutorial_taskflow_api.py
[2026-01-08T01:52:28.862+0000] {processor.py:925} INFO - DAG(s) 'tutorial_taskflow_api' retrieved from /home/airflow/.local/lib/python3.12/site-packages/airflow/example_dags/tutorial_taskflow_api.py
[2026-01-08T01:52:28.877+0000] {logging_mixin.py:190} INFO - [2026-01-08T01:52:28.877+0000] {dag.py:3211} INFO - Sync 1 DAGs
[2026-01-08T01:52:28.888+0000] {logging_mixin.py:190} INFO - [2026-01-08T01:52:28.888+0000] {dag.py:4138} INFO - Setting next_dagrun for tutorial_taskflow_api to None, run_after=None
[2026-01-08T01:52:28.902+0000] {processor.py:208} INFO - Processing /home/airflow/.local/lib/python3.12/site-packages/airflow/example_dags/tutorial_taskflow_api.py took 0.054 seconds
[2026-01-08T01:52:59.209+0000] {processor.py:186} INFO - Started process (PID=670) to work on /home/airflow/.local/lib/python3.12/site-packages/airflow/example_dags/tutorial_taskflow_api.py
[2026-01-08T01:52:59.211+0000] {processor.py:914} INFO - Processing file /home/airflow/.local/lib/python3.12/site-packages/airflow/example_dags/tutorial_taskflow_api.py for tasks to queue
[2026-01-08T01:52:59.213+0000] {logging_mixin.py:190} INFO - [2026-01-08T01:52:59.213+0000] {dagbag.py:587} INFO - Filling up the DagBag from /home/airflow/.local/lib/python3.12/site-packages/airflow/example_dags/tutorial_taskflow_api.py
[2026-01-08T01:52:59.220+0000] {processor.py:925} INFO - DAG(s) 'tutorial_taskflow_api' retrieved from /home/airflow/.local/lib/python3.12/site-packages/airflow/example_dags/tutorial_taskflow_api.py
[2026-01-08T01:52:59.236+0000] {logging_mixin.py:190} INFO - [2026-01-08T01:52:59.236+0000] {dag.py:3211} INFO - Sync 1 DAGs
[2026-01-08T01:52:59.250+0000] {logging_mixin.py:190} INFO - [2026-01-08T01:52:59.250+0000] {dag.py:4138} INFO - Setting next_dagrun for tutorial_taskflow_api to None, run_after=None
[2026-01-08T01:52:59.267+0000] {processor.py:208} INFO - Processing /home/airflow/.local/lib/python3.12/site-packages/airflow/example_dags/tutorial_taskflow_api.py took 0.062 seconds
[2026-01-08T01:53:29.647+0000] {processor.py:186} INFO - Started process (PID=732) to work on /home/airflow/.local/lib/python3.12/site-packages/airflow/example_dags/tutorial_taskflow_api.py
[2026-01-08T01:53:29.648+0000] {processor.py:914} INFO - Processing file /home/airflow/.local/lib/python3.12/site-packages/airflow/example_dags/tutorial_taskflow_api.py for tasks to queue
[2026-01-08T01:53:29.650+0000] {logging_mixin.py:190} INFO - [2026-01-08T01:53:29.650+0000] {dagbag.py:587} INFO - Filling up the DagBag from /home/airflow/.local/lib/python3.12/site-packages/airflow/example_dags/tutorial_taskflow_api.py
[2026-01-08T01:53:29.657+0000] {processor.py:925} INFO - DAG(s) 'tutorial_taskflow_api' retrieved from /home/airflow/.local/lib/python3.12/site-packages/airflow/example_dags/tutorial_taskflow_api.py
[2026-01-08T01:53:29.674+0000] {logging_mixin.py:190} INFO - [2026-01-08T01:53:29.673+0000] {dag.py:3211} INFO - Sync 1 DAGs
[2026-01-08T01:53:29.684+0000] {logging_mixin.py:190} INFO - [2026-01-08T01:53:29.684+0000] {dag.py:4138} INFO - Setting next_dagrun for tutorial_taskflow_api to None, run_after=None
[2026-01-08T01:53:29.698+0000] {processor.py:208} INFO - Processing /home/airflow/.local/lib/python3.12/site-packages/airflow/example_dags/tutorial_taskflow_api.py took 0.055 seconds
[2026-01-08T01:54:00.242+0000] {processor.py:186} INFO - Started process (PID=794) to work on /home/airflow/.local/lib/python3.12/site-packages/airflow/example_dags/tutorial_taskflow_api.py
[2026-01-08T01:54:00.243+0000] {processor.py:914} INFO - Processing file /home/airflow/.local/lib/python3.12/site-packages/airflow/example_dags/tutorial_taskflow_api.py for tasks to queue
[2026-01-08T01:54:00.245+0000] {logging_mixin.py:190} INFO - [2026-01-08T01:54:00.245+0000] {dagbag.py:587} INFO - Filling up the DagBag from /home/airflow/.local/lib/python3.12/site-packages/airflow/example_dags/tutorial_taskflow_api.py
[2026-01-08T01:54:00.251+0000] {processor.py:925} INFO - DAG(s) 'tutorial_taskflow_api' retrieved from /home/airflow/.local/lib/python3.12/site-packages/airflow/example_dags/tutorial_taskflow_api.py
[2026-01-08T01:54:00.267+0000] {logging_mixin.py:190} INFO - [2026-01-08T01:54:00.267+0000] {dag.py:3211} INFO - Sync 1 DAGs
[2026-01-08T01:54:00.278+0000] {logging_mixin.py:190} INFO - [2026-01-08T01:54:00.277+0000] {dag.py:4138} INFO - Setting next_dagrun for tutorial_taskflow_api to None, run_after=None
[2026-01-08T01:54:00.293+0000] {processor.py:208} INFO - Processing /home/airflow/.local/lib/python3.12/site-packages/airflow/example_dags/tutorial_taskflow_api.py took 0.056 seconds
[2026-01-08T01:54:30.732+0000] {processor.py:186} INFO - Started process (PID=856) to work on /home/airflow/.local/lib/python3.12/site-packages/airflow/example_dags/tutorial_taskflow_api.py
[2026-01-08T01:54:30.734+0000] {processor.py:914} INFO - Processing file /home/airflow/.local/lib/python3.12/site-packages/airflow/example_dags/tutorial_taskflow_api.py for tasks to queue
[2026-01-08T01:54:30.736+0000] {logging_mixin.py:190} INFO - [2026-01-08T01:54:30.736+0000] {dagbag.py:587} INFO - Filling up the DagBag from /home/airflow/.local/lib/python3.12/site-packages/airflow/example_dags/tutorial_taskflow_api.py
[2026-01-08T01:54:30.743+0000] {processor.py:925} INFO - DAG(s) 'tutorial_taskflow_api' retrieved from /home/airflow/.local/lib/python3.12/site-packages/airflow/example_dags/tutorial_taskflow_api.py
[2026-01-08T01:54:30.758+0000] {logging_mixin.py:190} INFO - [2026-01-08T01:54:30.758+0000] {dag.py:3211} INFO - Sync 1 DAGs
[2026-01-08T01:54:30.768+0000] {logging_mixin.py:190} INFO - [2026-01-08T01:54:30.768+0000] {dag.py:4138} INFO - Setting next_dagrun for tutorial_taskflow_api to None, run_after=None
[2026-01-08T01:54:30.783+0000] {processor.py:208} INFO - Processing /home/airflow/.local/lib/python3.12/site-packages/airflow/example_dags/tutorial_taskflow_api.py took 0.055 seconds
[2026-01-08T01:55:01.255+0000] {processor.py:186} INFO - Started process (PID=918) to work on /home/airflow/.local/lib/python3.12/site-packages/airflow/example_dags/tutorial_taskflow_api.py
[2026-01-08T01:55:01.256+0000] {processor.py:914} INFO - Processing file /home/airflow/.local/lib/python3.12/site-packages/airflow/example_dags/tutorial_taskflow_api.py for tasks to queue
[2026-01-08T01:55:01.258+0000] {logging_mixin.py:190} INFO - [2026-01-08T01:55:01.258+0000] {dagbag.py:587} INFO - Filling up the DagBag from /home/airflow/.local/lib/python3.12/site-packages/airflow/example_dags/tutorial_taskflow_api.py
[2026-01-08T01:55:01.264+0000] {processor.py:925} INFO - DAG(s) 'tutorial_taskflow_api' retrieved from /home/airflow/.local/lib/python3.12/site-packages/airflow/example_dags/tutorial_taskflow_api.py
[2026-01-08T01:55:01.278+0000] {logging_mixin.py:190} INFO - [2026-01-08T01:55:01.278+0000] {dag.py:3211} INFO - Sync 1 DAGs
[2026-01-08T01:55:01.288+0000] {logging_mixin.py:190} INFO - [2026-01-08T01:55:01.288+0000] {dag.py:4138} INFO - Setting next_dagrun for tutorial_taskflow_api to None, run_after=None
[2026-01-08T01:55:01.302+0000] {processor.py:208} INFO - Processing /home/airflow/.local/lib/python3.12/site-packages/airflow/example_dags/tutorial_taskflow_api.py took 0.051 seconds
[2026-01-08T01:55:32.008+0000] {processor.py:186} INFO - Started process (PID=980) to work on /home/airflow/.local/lib/python3.12/site-packages/airflow/example_dags/tutorial_taskflow_api.py
[2026-01-08T01:55:32.009+0000] {processor.py:914} INFO - Processing file /home/airflow/.local/lib/python3.12/site-packages/airflow/example_dags/tutorial_taskflow_api.py for tasks to queue
[2026-01-08T01:55:32.011+0000] {logging_mixin.py:190} INFO - [2026-01-08T01:55:32.011+0000] {dagbag.py:587} INFO - Filling up the DagBag from /home/airflow/.local/lib/python3.12/site-packages/airflow/example_dags/tutorial_taskflow_api.py
[2026-01-08T01:55:32.018+0000] {processor.py:925} INFO - DAG(s) 'tutorial_taskflow_api' retrieved from /home/airflow/.local/lib/python3.12/site-packages/airflow/example_dags/tutorial_taskflow_api.py
[2026-01-08T01:55:32.034+0000] {logging_mixin.py:190} INFO - [2026-01-08T01:55:32.033+0000] {dag.py:3211} INFO - Sync 1 DAGs
[2026-01-08T01:55:32.043+0000] {logging_mixin.py:190} INFO - [2026-01-08T01:55:32.043+0000] {dag.py:4138} INFO - Setting next_dagrun for tutorial_taskflow_api to None, run_after=None
[2026-01-08T01:55:32.061+0000] {processor.py:208} INFO - Processing /home/airflow/.local/lib/python3.12/site-packages/airflow/example_dags/tutorial_taskflow_api.py took 0.057 seconds
[2026-01-08T01:56:02.792+0000] {processor.py:186} INFO - Started process (PID=1042) to work on /home/airflow/.local/lib/python3.12/site-packages/airflow/example_dags/tutorial_taskflow_api.py
[2026-01-08T01:56:02.794+0000] {processor.py:914} INFO - Processing file /home/airflow/.local/lib/python3.12/site-packages/airflow/example_dags/tutorial_taskflow_api.py for tasks to queue
[2026-01-08T01:56:02.796+0000] {logging_mixin.py:190} INFO - [2026-01-08T01:56:02.796+0000] {dagbag.py:587} INFO - Filling up the DagBag from /home/airflow/.local/lib/python3.12/site-packages/airflow/example_dags/tutorial_taskflow_api.py
[2026-01-08T01:56:02.802+0000] {processor.py:925} INFO - DAG(s) 'tutorial_taskflow_api' retrieved from /home/airflow/.local/lib/python3.12/site-packages/airflow/example_dags/tutorial_taskflow_api.py
[2026-01-08T01:56:02.819+0000] {logging_mixin.py:190} INFO - [2026-01-08T01:56:02.818+0000] {dag.py:3211} INFO - Sync 1 DAGs
[2026-01-08T01:56:02.828+0000] {logging_mixin.py:190} INFO - [2026-01-08T01:56:02.828+0000] {dag.py:4138} INFO - Setting next_dagrun for tutorial_taskflow_api to None, run_after=None
[2026-01-08T01:56:02.844+0000] {processor.py:208} INFO - Processing /home/airflow/.local/lib/python3.12/site-packages/airflow/example_dags/tutorial_taskflow_api.py took 0.056 seconds
[2026-01-08T01:56:32.983+0000] {processor.py:186} INFO - Started process (PID=1104) to work on /home/airflow/.local/lib/python3.12/site-packages/airflow/example_dags/tutorial_taskflow_api.py
[2026-01-08T01:56:32.984+0000] {processor.py:914} INFO - Processing file /home/airflow/.local/lib/python3.12/site-packages/airflow/example_dags/tutorial_taskflow_api.py for tasks to queue
[2026-01-08T01:56:32.986+0000] {logging_mixin.py:190} INFO - [2026-01-08T01:56:32.986+0000] {dagbag.py:587} INFO - Filling up the DagBag from /home/airflow/.local/lib/python3.12/site-packages/airflow/example_dags/tutorial_taskflow_api.py
[2026-01-08T01:56:32.993+0000] {processor.py:925} INFO - DAG(s) 'tutorial_taskflow_api' retrieved from /home/airflow/.local/lib/python3.12/site-packages/airflow/example_dags/tutorial_taskflow_api.py
[2026-01-08T01:56:33.009+0000] {logging_mixin.py:190} INFO - [2026-01-08T01:56:33.009+0000] {dag.py:3211} INFO - Sync 1 DAGs
[2026-01-08T01:56:33.019+0000] {logging_mixin.py:190} INFO - [2026-01-08T01:56:33.019+0000] {dag.py:4138} INFO - Setting next_dagrun for tutorial_taskflow_api to None, run_after=None
[2026-01-08T01:56:33.035+0000] {processor.py:208} INFO - Processing /home/airflow/.local/lib/python3.12/site-packages/airflow/example_dags/tutorial_taskflow_api.py took 0.057 seconds
[2026-01-08T01:57:03.391+0000] {processor.py:186} INFO - Started process (PID=1166) to work on /home/airflow/.local/lib/python3.12/site-packages/airflow/example_dags/tutorial_taskflow_api.py
[2026-01-08T01:57:03.392+0000] {processor.py:914} INFO - Processing file /home/airflow/.local/lib/python3.12/site-packages/airflow/example_dags/tutorial_taskflow_api.py for tasks to queue
[2026-01-08T01:57:03.394+0000] {logging_mixin.py:190} INFO - [2026-01-08T01:57:03.394+0000] {dagbag.py:587} INFO - Filling up the DagBag from /home/airflow/.local/lib/python3.12/site-packages/airflow/example_dags/tutorial_taskflow_api.py
[2026-01-08T01:57:03.401+0000] {processor.py:925} INFO - DAG(s) 'tutorial_taskflow_api' retrieved from /home/airflow/.local/lib/python3.12/site-packages/airflow/example_dags/tutorial_taskflow_api.py
[2026-01-08T01:57:03.418+0000] {logging_mixin.py:190} INFO - [2026-01-08T01:57:03.417+0000] {dag.py:3211} INFO - Sync 1 DAGs
[2026-01-08T01:57:03.430+0000] {logging_mixin.py:190} INFO - [2026-01-08T01:57:03.429+0000] {dag.py:4138} INFO - Setting next_dagrun for tutorial_taskflow_api to None, run_after=None
[2026-01-08T01:57:03.444+0000] {processor.py:208} INFO - Processing /home/airflow/.local/lib/python3.12/site-packages/airflow/example_dags/tutorial_taskflow_api.py took 0.058 seconds
[2026-01-08T01:57:34.043+0000] {processor.py:186} INFO - Started process (PID=1228) to work on /home/airflow/.local/lib/python3.12/site-packages/airflow/example_dags/tutorial_taskflow_api.py
[2026-01-08T01:57:34.044+0000] {processor.py:914} INFO - Processing file /home/airflow/.local/lib/python3.12/site-packages/airflow/example_dags/tutorial_taskflow_api.py for tasks to queue
[2026-01-08T01:57:34.046+0000] {logging_mixin.py:190} INFO - [2026-01-08T01:57:34.046+0000] {dagbag.py:587} INFO - Filling up the DagBag from /home/airflow/.local/lib/python3.12/site-packages/airflow/example_dags/tutorial_taskflow_api.py
[2026-01-08T01:57:34.052+0000] {processor.py:925} INFO - DAG(s) 'tutorial_taskflow_api' retrieved from /home/airflow/.local/lib/python3.12/site-packages/airflow/example_dags/tutorial_taskflow_api.py
[2026-01-08T01:57:34.068+0000] {logging_mixin.py:190} INFO - [2026-01-08T01:57:34.068+0000] {dag.py:3211} INFO - Sync 1 DAGs
[2026-01-08T01:57:34.079+0000] {logging_mixin.py:190} INFO - [2026-01-08T01:57:34.078+0000] {dag.py:4138} INFO - Setting next_dagrun for tutorial_taskflow_api to None, run_after=None
[2026-01-08T01:57:34.095+0000] {processor.py:208} INFO - Processing /home/airflow/.local/lib/python3.12/site-packages/airflow/example_dags/tutorial_taskflow_api.py took 0.057 seconds
[2026-01-08T01:58:04.543+0000] {processor.py:186} INFO - Started process (PID=1290) to work on /home/airflow/.local/lib/python3.12/site-packages/airflow/example_dags/tutorial_taskflow_api.py
[2026-01-08T01:58:04.545+0000] {processor.py:914} INFO - Processing file /home/airflow/.local/lib/python3.12/site-packages/airflow/example_dags/tutorial_taskflow_api.py for tasks to queue
[2026-01-08T01:58:04.547+0000] {logging_mixin.py:190} INFO - [2026-01-08T01:58:04.547+0000] {dagbag.py:587} INFO - Filling up the DagBag from /home/airflow/.local/lib/python3.12/site-packages/airflow/example_dags/tutorial_taskflow_api.py
[2026-01-08T01:58:04.553+0000] {processor.py:925} INFO - DAG(s) 'tutorial_taskflow_api' retrieved from /home/airflow/.local/lib/python3.12/site-packages/airflow/example_dags/tutorial_taskflow_api.py
[2026-01-08T01:58:04.569+0000] {logging_mixin.py:190} INFO - [2026-01-08T01:58:04.569+0000] {dag.py:3211} INFO - Sync 1 DAGs
[2026-01-08T01:58:04.579+0000] {logging_mixin.py:190} INFO - [2026-01-08T01:58:04.579+0000] {dag.py:4138} INFO - Setting next_dagrun for tutorial_taskflow_api to None, run_after=None
[2026-01-08T01:58:04.593+0000] {processor.py:208} INFO - Processing /home/airflow/.local/lib/python3.12/site-packages/airflow/example_dags/tutorial_taskflow_api.py took 0.054 seconds
[2026-01-08T01:58:34.871+0000] {processor.py:186} INFO - Started process (PID=1353) to work on /home/airflow/.local/lib/python3.12/site-packages/airflow/example_dags/tutorial_taskflow_api.py
[2026-01-08T01:58:34.872+0000] {processor.py:914} INFO - Processing file /home/airflow/.local/lib/python3.12/site-packages/airflow/example_dags/tutorial_taskflow_api.py for tasks to queue
[2026-01-08T01:58:34.874+0000] {logging_mixin.py:190} INFO - [2026-01-08T01:58:34.873+0000] {dagbag.py:587} INFO - Filling up the DagBag from /home/airflow/.local/lib/python3.12/site-packages/airflow/example_dags/tutorial_taskflow_api.py
[2026-01-08T01:58:34.880+0000] {processor.py:925} INFO - DAG(s) 'tutorial_taskflow_api' retrieved from /home/airflow/.local/lib/python3.12/site-packages/airflow/example_dags/tutorial_taskflow_api.py
[2026-01-08T01:58:34.895+0000] {logging_mixin.py:190} INFO - [2026-01-08T01:58:34.895+0000] {dag.py:3211} INFO - Sync 1 DAGs
[2026-01-08T01:58:34.906+0000] {logging_mixin.py:190} INFO - [2026-01-08T01:58:34.905+0000] {dag.py:4138} INFO - Setting next_dagrun for tutorial_taskflow_api to None, run_after=None
[2026-01-08T01:58:34.920+0000] {processor.py:208} INFO - Processing /home/airflow/.local/lib/python3.12/site-packages/airflow/example_dags/tutorial_taskflow_api.py took 0.055 seconds
[2026-01-08T01:59:05.246+0000] {processor.py:186} INFO - Started process (PID=1416) to work on /home/airflow/.local/lib/python3.12/site-packages/airflow/example_dags/tutorial_taskflow_api.py
[2026-01-08T01:59:05.247+0000] {processor.py:914} INFO - Processing file /home/airflow/.local/lib/python3.12/site-packages/airflow/example_dags/tutorial_taskflow_api.py for tasks to queue
[2026-01-08T01:59:05.250+0000] {logging_mixin.py:190} INFO - [2026-01-08T01:59:05.249+0000] {dagbag.py:587} INFO - Filling up the DagBag from /home/airflow/.local/lib/python3.12/site-packages/airflow/example_dags/tutorial_taskflow_api.py
[2026-01-08T01:59:05.256+0000] {processor.py:925} INFO - DAG(s) 'tutorial_taskflow_api' retrieved from /home/airflow/.local/lib/python3.12/site-packages/airflow/example_dags/tutorial_taskflow_api.py
[2026-01-08T01:59:05.271+0000] {logging_mixin.py:190} INFO - [2026-01-08T01:59:05.271+0000] {dag.py:3211} INFO - Sync 1 DAGs
[2026-01-08T01:59:05.280+0000] {logging_mixin.py:190} INFO - [2026-01-08T01:59:05.280+0000] {dag.py:4138} INFO - Setting next_dagrun for tutorial_taskflow_api to None, run_after=None
[2026-01-08T01:59:05.296+0000] {processor.py:208} INFO - Processing /home/airflow/.local/lib/python3.12/site-packages/airflow/example_dags/tutorial_taskflow_api.py took 0.053 seconds
[2026-01-08T01:59:35.460+0000] {processor.py:186} INFO - Started process (PID=1479) to work on /home/airflow/.local/lib/python3.12/site-packages/airflow/example_dags/tutorial_taskflow_api.py
[2026-01-08T01:59:35.462+0000] {processor.py:914} INFO - Processing file /home/airflow/.local/lib/python3.12/site-packages/airflow/example_dags/tutorial_taskflow_api.py for tasks to queue
[2026-01-08T01:59:35.464+0000] {logging_mixin.py:190} INFO - [2026-01-08T01:59:35.464+0000] {dagbag.py:587} INFO - Filling up the DagBag from /home/airflow/.local/lib/python3.12/site-packages/airflow/example_dags/tutorial_taskflow_api.py
[2026-01-08T01:59:35.471+0000] {processor.py:925} INFO - DAG(s) 'tutorial_taskflow_api' retrieved from /home/airflow/.local/lib/python3.12/site-packages/airflow/example_dags/tutorial_taskflow_api.py
[2026-01-08T01:59:35.487+0000] {logging_mixin.py:190} INFO - [2026-01-08T01:59:35.487+0000] {dag.py:3211} INFO - Sync 1 DAGs
[2026-01-08T01:59:35.499+0000] {logging_mixin.py:190} INFO - [2026-01-08T01:59:35.499+0000] {dag.py:4138} INFO - Setting next_dagrun for tutorial_taskflow_api to None, run_after=None
[2026-01-08T01:59:35.515+0000] {processor.py:208} INFO - Processing /home/airflow/.local/lib/python3.12/site-packages/airflow/example_dags/tutorial_taskflow_api.py took 0.060 seconds
[2026-01-08T02:00:06.265+0000] {processor.py:186} INFO - Started process (PID=1542) to work on /home/airflow/.local/lib/python3.12/site-packages/airflow/example_dags/tutorial_taskflow_api.py
[2026-01-08T02:00:06.267+0000] {processor.py:914} INFO - Processing file /home/airflow/.local/lib/python3.12/site-packages/airflow/example_dags/tutorial_taskflow_api.py for tasks to queue
[2026-01-08T02:00:06.270+0000] {logging_mixin.py:190} INFO - [2026-01-08T02:00:06.269+0000] {dagbag.py:587} INFO - Filling up the DagBag from /home/airflow/.local/lib/python3.12/site-packages/airflow/example_dags/tutorial_taskflow_api.py
[2026-01-08T02:00:06.276+0000] {processor.py:925} INFO - DAG(s) 'tutorial_taskflow_api' retrieved from /home/airflow/.local/lib/python3.12/site-packages/airflow/example_dags/tutorial_taskflow_api.py
[2026-01-08T02:00:06.292+0000] {logging_mixin.py:190} INFO - [2026-01-08T02:00:06.291+0000] {dag.py:3211} INFO - Sync 1 DAGs
[2026-01-08T02:00:06.302+0000] {logging_mixin.py:190} INFO - [2026-01-08T02:00:06.302+0000] {dag.py:4138} INFO - Setting next_dagrun for tutorial_taskflow_api to None, run_after=None
[2026-01-08T02:00:06.316+0000] {processor.py:208} INFO - Processing /home/airflow/.local/lib/python3.12/site-packages/airflow/example_dags/tutorial_taskflow_api.py took 0.055 seconds
[2026-01-08T02:00:36.810+0000] {processor.py:186} INFO - Started process (PID=1605) to work on /home/airflow/.local/lib/python3.12/site-packages/airflow/example_dags/tutorial_taskflow_api.py
[2026-01-08T02:00:36.811+0000] {processor.py:914} INFO - Processing file /home/airflow/.local/lib/python3.12/site-packages/airflow/example_dags/tutorial_taskflow_api.py for tasks to queue
[2026-01-08T02:00:36.814+0000] {logging_mixin.py:190} INFO - [2026-01-08T02:00:36.813+0000] {dagbag.py:587} INFO - Filling up the DagBag from /home/airflow/.local/lib/python3.12/site-packages/airflow/example_dags/tutorial_taskflow_api.py
[2026-01-08T02:00:36.820+0000] {processor.py:925} INFO - DAG(s) 'tutorial_taskflow_api' retrieved from /home/airflow/.local/lib/python3.12/site-packages/airflow/example_dags/tutorial_taskflow_api.py
[2026-01-08T02:00:36.836+0000] {logging_mixin.py:190} INFO - [2026-01-08T02:00:36.836+0000] {dag.py:3211} INFO - Sync 1 DAGs
[2026-01-08T02:00:36.847+0000] {logging_mixin.py:190} INFO - [2026-01-08T02:00:36.846+0000] {dag.py:4138} INFO - Setting next_dagrun for tutorial_taskflow_api to None, run_after=None
[2026-01-08T02:00:36.861+0000] {processor.py:208} INFO - Processing /home/airflow/.local/lib/python3.12/site-packages/airflow/example_dags/tutorial_taskflow_api.py took 0.056 seconds
[2026-01-08T02:01:07.422+0000] {processor.py:186} INFO - Started process (PID=1668) to work on /home/airflow/.local/lib/python3.12/site-packages/airflow/example_dags/tutorial_taskflow_api.py
[2026-01-08T02:01:07.423+0000] {processor.py:914} INFO - Processing file /home/airflow/.local/lib/python3.12/site-packages/airflow/example_dags/tutorial_taskflow_api.py for tasks to queue
[2026-01-08T02:01:07.426+0000] {logging_mixin.py:190} INFO - [2026-01-08T02:01:07.425+0000] {dagbag.py:587} INFO - Filling up the DagBag from /home/airflow/.local/lib/python3.12/site-packages/airflow/example_dags/tutorial_taskflow_api.py
[2026-01-08T02:01:07.432+0000] {processor.py:925} INFO - DAG(s) 'tutorial_taskflow_api' retrieved from /home/airflow/.local/lib/python3.12/site-packages/airflow/example_dags/tutorial_taskflow_api.py
[2026-01-08T02:01:07.449+0000] {logging_mixin.py:190} INFO - [2026-01-08T02:01:07.449+0000] {dag.py:3211} INFO - Sync 1 DAGs
[2026-01-08T02:01:07.459+0000] {logging_mixin.py:190} INFO - [2026-01-08T02:01:07.459+0000] {dag.py:4138} INFO - Setting next_dagrun for tutorial_taskflow_api to None, run_after=None
[2026-01-08T02:01:07.475+0000] {processor.py:208} INFO - Processing /home/airflow/.local/lib/python3.12/site-packages/airflow/example_dags/tutorial_taskflow_api.py took 0.058 seconds
[2026-01-08T02:01:38.443+0000] {processor.py:186} INFO - Started process (PID=1731) to work on /home/airflow/.local/lib/python3.12/site-packages/airflow/example_dags/tutorial_taskflow_api.py
[2026-01-08T02:01:38.444+0000] {processor.py:914} INFO - Processing file /home/airflow/.local/lib/python3.12/site-packages/airflow/example_dags/tutorial_taskflow_api.py for tasks to queue
[2026-01-08T02:01:38.447+0000] {logging_mixin.py:190} INFO - [2026-01-08T02:01:38.447+0000] {dagbag.py:587} INFO - Filling up the DagBag from /home/airflow/.local/lib/python3.12/site-packages/airflow/example_dags/tutorial_taskflow_api.py
[2026-01-08T02:01:38.454+0000] {processor.py:925} INFO - DAG(s) 'tutorial_taskflow_api' retrieved from /home/airflow/.local/lib/python3.12/site-packages/airflow/example_dags/tutorial_taskflow_api.py
[2026-01-08T02:01:38.472+0000] {logging_mixin.py:190} INFO - [2026-01-08T02:01:38.471+0000] {dag.py:3211} INFO - Sync 1 DAGs
[2026-01-08T02:01:38.483+0000] {logging_mixin.py:190} INFO - [2026-01-08T02:01:38.483+0000] {dag.py:4138} INFO - Setting next_dagrun for tutorial_taskflow_api to None, run_after=None
[2026-01-08T02:01:38.502+0000] {processor.py:208} INFO - Processing /home/airflow/.local/lib/python3.12/site-packages/airflow/example_dags/tutorial_taskflow_api.py took 0.063 seconds
[2026-01-08T02:02:09.349+0000] {processor.py:186} INFO - Started process (PID=1794) to work on /home/airflow/.local/lib/python3.12/site-packages/airflow/example_dags/tutorial_taskflow_api.py
[2026-01-08T02:02:09.350+0000] {processor.py:914} INFO - Processing file /home/airflow/.local/lib/python3.12/site-packages/airflow/example_dags/tutorial_taskflow_api.py for tasks to queue
[2026-01-08T02:02:09.353+0000] {logging_mixin.py:190} INFO - [2026-01-08T02:02:09.352+0000] {dagbag.py:587} INFO - Filling up the DagBag from /home/airflow/.local/lib/python3.12/site-packages/airflow/example_dags/tutorial_taskflow_api.py
[2026-01-08T02:02:09.359+0000] {processor.py:925} INFO - DAG(s) 'tutorial_taskflow_api' retrieved from /home/airflow/.local/lib/python3.12/site-packages/airflow/example_dags/tutorial_taskflow_api.py
[2026-01-08T02:02:09.378+0000] {logging_mixin.py:190} INFO - [2026-01-08T02:02:09.378+0000] {dag.py:3211} INFO - Sync 1 DAGs
[2026-01-08T02:02:09.391+0000] {logging_mixin.py:190} INFO - [2026-01-08T02:02:09.391+0000] {dag.py:4138} INFO - Setting next_dagrun for tutorial_taskflow_api to None, run_after=None
[2026-01-08T02:02:09.408+0000] {processor.py:208} INFO - Processing /home/airflow/.local/lib/python3.12/site-packages/airflow/example_dags/tutorial_taskflow_api.py took 0.064 seconds
[2026-01-08T02:02:40.419+0000] {processor.py:186} INFO - Started process (PID=1858) to work on /home/airflow/.local/lib/python3.12/site-packages/airflow/example_dags/tutorial_taskflow_api.py
[2026-01-08T02:02:40.420+0000] {processor.py:914} INFO - Processing file /home/airflow/.local/lib/python3.12/site-packages/airflow/example_dags/tutorial_taskflow_api.py for tasks to queue
[2026-01-08T02:02:40.423+0000] {logging_mixin.py:190} INFO - [2026-01-08T02:02:40.423+0000] {dagbag.py:587} INFO - Filling up the DagBag from /home/airflow/.local/lib/python3.12/site-packages/airflow/example_dags/tutorial_taskflow_api.py
[2026-01-08T02:02:40.429+0000] {processor.py:925} INFO - DAG(s) 'tutorial_taskflow_api' retrieved from /home/airflow/.local/lib/python3.12/site-packages/airflow/example_dags/tutorial_taskflow_api.py
[2026-01-08T02:02:40.448+0000] {logging_mixin.py:190} INFO - [2026-01-08T02:02:40.447+0000] {dag.py:3211} INFO - Sync 1 DAGs
[2026-01-08T02:02:40.458+0000] {logging_mixin.py:190} INFO - [2026-01-08T02:02:40.458+0000] {dag.py:4138} INFO - Setting next_dagrun for tutorial_taskflow_api to None, run_after=None
[2026-01-08T02:02:40.476+0000] {processor.py:208} INFO - Processing /home/airflow/.local/lib/python3.12/site-packages/airflow/example_dags/tutorial_taskflow_api.py took 0.061 seconds
[2026-01-08T02:03:11.469+0000] {processor.py:186} INFO - Started process (PID=1921) to work on /home/airflow/.local/lib/python3.12/site-packages/airflow/example_dags/tutorial_taskflow_api.py
[2026-01-08T02:03:11.470+0000] {processor.py:914} INFO - Processing file /home/airflow/.local/lib/python3.12/site-packages/airflow/example_dags/tutorial_taskflow_api.py for tasks to queue
[2026-01-08T02:03:11.472+0000] {logging_mixin.py:190} INFO - [2026-01-08T02:03:11.472+0000] {dagbag.py:587} INFO - Filling up the DagBag from /home/airflow/.local/lib/python3.12/site-packages/airflow/example_dags/tutorial_taskflow_api.py
[2026-01-08T02:03:11.480+0000] {processor.py:925} INFO - DAG(s) 'tutorial_taskflow_api' retrieved from /home/airflow/.local/lib/python3.12/site-packages/airflow/example_dags/tutorial_taskflow_api.py
[2026-01-08T02:03:11.497+0000] {logging_mixin.py:190} INFO - [2026-01-08T02:03:11.497+0000] {dag.py:3211} INFO - Sync 1 DAGs
[2026-01-08T02:03:11.507+0000] {logging_mixin.py:190} INFO - [2026-01-08T02:03:11.507+0000] {dag.py:4138} INFO - Setting next_dagrun for tutorial_taskflow_api to None, run_after=None
[2026-01-08T02:03:11.523+0000] {processor.py:208} INFO - Processing /home/airflow/.local/lib/python3.12/site-packages/airflow/example_dags/tutorial_taskflow_api.py took 0.059 seconds
[2026-01-08T02:03:41.956+0000] {processor.py:186} INFO - Started process (PID=1985) to work on /home/airflow/.local/lib/python3.12/site-packages/airflow/example_dags/tutorial_taskflow_api.py
[2026-01-08T02:03:41.958+0000] {processor.py:914} INFO - Processing file /home/airflow/.local/lib/python3.12/site-packages/airflow/example_dags/tutorial_taskflow_api.py for tasks to queue
[2026-01-08T02:03:41.960+0000] {logging_mixin.py:190} INFO - [2026-01-08T02:03:41.960+0000] {dagbag.py:587} INFO - Filling up the DagBag from /home/airflow/.local/lib/python3.12/site-packages/airflow/example_dags/tutorial_taskflow_api.py
[2026-01-08T02:03:41.966+0000] {processor.py:925} INFO - DAG(s) 'tutorial_taskflow_api' retrieved from /home/airflow/.local/lib/python3.12/site-packages/airflow/example_dags/tutorial_taskflow_api.py
[2026-01-08T02:03:41.981+0000] {logging_mixin.py:190} INFO - [2026-01-08T02:03:41.981+0000] {dag.py:3211} INFO - Sync 1 DAGs
[2026-01-08T02:03:41.991+0000] {logging_mixin.py:190} INFO - [2026-01-08T02:03:41.991+0000] {dag.py:4138} INFO - Setting next_dagrun for tutorial_taskflow_api to None, run_after=None
[2026-01-08T02:03:42.005+0000] {processor.py:208} INFO - Processing /home/airflow/.local/lib/python3.12/site-packages/airflow/example_dags/tutorial_taskflow_api.py took 0.053 seconds
[2026-01-08T02:04:12.261+0000] {processor.py:186} INFO - Started process (PID=2048) to work on /home/airflow/.local/lib/python3.12/site-packages/airflow/example_dags/tutorial_taskflow_api.py
[2026-01-08T02:04:12.262+0000] {processor.py:914} INFO - Processing file /home/airflow/.local/lib/python3.12/site-packages/airflow/example_dags/tutorial_taskflow_api.py for tasks to queue
[2026-01-08T02:04:12.264+0000] {logging_mixin.py:190} INFO - [2026-01-08T02:04:12.264+0000] {dagbag.py:587} INFO - Filling up the DagBag from /home/airflow/.local/lib/python3.12/site-packages/airflow/example_dags/tutorial_taskflow_api.py
[2026-01-08T02:04:12.271+0000] {processor.py:925} INFO - DAG(s) 'tutorial_taskflow_api' retrieved from /home/airflow/.local/lib/python3.12/site-packages/airflow/example_dags/tutorial_taskflow_api.py
[2026-01-08T02:04:12.287+0000] {logging_mixin.py:190} INFO - [2026-01-08T02:04:12.287+0000] {dag.py:3211} INFO - Sync 1 DAGs
[2026-01-08T02:04:12.298+0000] {logging_mixin.py:190} INFO - [2026-01-08T02:04:12.298+0000] {dag.py:4138} INFO - Setting next_dagrun for tutorial_taskflow_api to None, run_after=None
[2026-01-08T02:04:12.316+0000] {processor.py:208} INFO - Processing /home/airflow/.local/lib/python3.12/site-packages/airflow/example_dags/tutorial_taskflow_api.py took 0.059 seconds
[2026-01-08T02:04:42.554+0000] {processor.py:186} INFO - Started process (PID=2111) to work on /home/airflow/.local/lib/python3.12/site-packages/airflow/example_dags/tutorial_taskflow_api.py
[2026-01-08T02:04:42.556+0000] {processor.py:914} INFO - Processing file /home/airflow/.local/lib/python3.12/site-packages/airflow/example_dags/tutorial_taskflow_api.py for tasks to queue
[2026-01-08T02:04:42.558+0000] {logging_mixin.py:190} INFO - [2026-01-08T02:04:42.558+0000] {dagbag.py:587} INFO - Filling up the DagBag from /home/airflow/.local/lib/python3.12/site-packages/airflow/example_dags/tutorial_taskflow_api.py
[2026-01-08T02:04:42.565+0000] {processor.py:925} INFO - DAG(s) 'tutorial_taskflow_api' retrieved from /home/airflow/.local/lib/python3.12/site-packages/airflow/example_dags/tutorial_taskflow_api.py
[2026-01-08T02:04:42.583+0000] {logging_mixin.py:190} INFO - [2026-01-08T02:04:42.582+0000] {dag.py:3211} INFO - Sync 1 DAGs
[2026-01-08T02:04:42.593+0000] {logging_mixin.py:190} INFO - [2026-01-08T02:04:42.593+0000] {dag.py:4138} INFO - Setting next_dagrun for tutorial_taskflow_api to None, run_after=None
[2026-01-08T02:04:42.612+0000] {processor.py:208} INFO - Processing /home/airflow/.local/lib/python3.12/site-packages/airflow/example_dags/tutorial_taskflow_api.py took 0.063 seconds
[2026-01-08T02:05:13.943+0000] {processor.py:186} INFO - Started process (PID=2174) to work on /home/airflow/.local/lib/python3.12/site-packages/airflow/example_dags/tutorial_taskflow_api.py
[2026-01-08T02:05:13.944+0000] {processor.py:914} INFO - Processing file /home/airflow/.local/lib/python3.12/site-packages/airflow/example_dags/tutorial_taskflow_api.py for tasks to queue
[2026-01-08T02:05:13.947+0000] {logging_mixin.py:190} INFO - [2026-01-08T02:05:13.946+0000] {dagbag.py:587} INFO - Filling up the DagBag from /home/airflow/.local/lib/python3.12/site-packages/airflow/example_dags/tutorial_taskflow_api.py
[2026-01-08T02:05:13.953+0000] {processor.py:925} INFO - DAG(s) 'tutorial_taskflow_api' retrieved from /home/airflow/.local/lib/python3.12/site-packages/airflow/example_dags/tutorial_taskflow_api.py
[2026-01-08T02:05:13.967+0000] {logging_mixin.py:190} INFO - [2026-01-08T02:05:13.967+0000] {dag.py:3211} INFO - Sync 1 DAGs
[2026-01-08T02:05:13.980+0000] {logging_mixin.py:190} INFO - [2026-01-08T02:05:13.980+0000] {dag.py:4138} INFO - Setting next_dagrun for tutorial_taskflow_api to None, run_after=None
[2026-01-08T02:05:13.996+0000] {processor.py:208} INFO - Processing /home/airflow/.local/lib/python3.12/site-packages/airflow/example_dags/tutorial_taskflow_api.py took 0.058 seconds
[2026-01-08T02:05:45.211+0000] {processor.py:186} INFO - Started process (PID=2237) to work on /home/airflow/.local/lib/python3.12/site-packages/airflow/example_dags/tutorial_taskflow_api.py
[2026-01-08T02:05:45.212+0000] {processor.py:914} INFO - Processing file /home/airflow/.local/lib/python3.12/site-packages/airflow/example_dags/tutorial_taskflow_api.py for tasks to queue
[2026-01-08T02:05:45.213+0000] {logging_mixin.py:190} INFO - [2026-01-08T02:05:45.213+0000] {dagbag.py:587} INFO - Filling up the DagBag from /home/airflow/.local/lib/python3.12/site-packages/airflow/example_dags/tutorial_taskflow_api.py
[2026-01-08T02:05:45.219+0000] {processor.py:925} INFO - DAG(s) 'tutorial_taskflow_api' retrieved from /home/airflow/.local/lib/python3.12/site-packages/airflow/example_dags/tutorial_taskflow_api.py
[2026-01-08T02:05:45.233+0000] {logging_mixin.py:190} INFO - [2026-01-08T02:05:45.233+0000] {dag.py:3211} INFO - Sync 1 DAGs
[2026-01-08T02:05:45.243+0000] {logging_mixin.py:190} INFO - [2026-01-08T02:05:45.243+0000] {dag.py:4138} INFO - Setting next_dagrun for tutorial_taskflow_api to None, run_after=None
[2026-01-08T02:05:45.257+0000] {processor.py:208} INFO - Processing /home/airflow/.local/lib/python3.12/site-packages/airflow/example_dags/tutorial_taskflow_api.py took 0.051 seconds
[2026-01-08T02:06:16.656+0000] {processor.py:186} INFO - Started process (PID=2300) to work on /home/airflow/.local/lib/python3.12/site-packages/airflow/example_dags/tutorial_taskflow_api.py
[2026-01-08T02:06:16.657+0000] {processor.py:914} INFO - Processing file /home/airflow/.local/lib/python3.12/site-packages/airflow/example_dags/tutorial_taskflow_api.py for tasks to queue
[2026-01-08T02:06:16.659+0000] {logging_mixin.py:190} INFO - [2026-01-08T02:06:16.659+0000] {dagbag.py:587} INFO - Filling up the DagBag from /home/airflow/.local/lib/python3.12/site-packages/airflow/example_dags/tutorial_taskflow_api.py
[2026-01-08T02:06:16.667+0000] {processor.py:925} INFO - DAG(s) 'tutorial_taskflow_api' retrieved from /home/airflow/.local/lib/python3.12/site-packages/airflow/example_dags/tutorial_taskflow_api.py
[2026-01-08T02:06:16.682+0000] {logging_mixin.py:190} INFO - [2026-01-08T02:06:16.681+0000] {dag.py:3211} INFO - Sync 1 DAGs
[2026-01-08T02:06:16.691+0000] {logging_mixin.py:190} INFO - [2026-01-08T02:06:16.691+0000] {dag.py:4138} INFO - Setting next_dagrun for tutorial_taskflow_api to None, run_after=None
[2026-01-08T02:06:16.705+0000] {processor.py:208} INFO - Processing /home/airflow/.local/lib/python3.12/site-packages/airflow/example_dags/tutorial_taskflow_api.py took 0.054 seconds
[2026-01-08T02:06:47.016+0000] {processor.py:186} INFO - Started process (PID=2363) to work on /home/airflow/.local/lib/python3.12/site-packages/airflow/example_dags/tutorial_taskflow_api.py
[2026-01-08T02:06:47.018+0000] {processor.py:914} INFO - Processing file /home/airflow/.local/lib/python3.12/site-packages/airflow/example_dags/tutorial_taskflow_api.py for tasks to queue
[2026-01-08T02:06:47.020+0000] {logging_mixin.py:190} INFO - [2026-01-08T02:06:47.020+0000] {dagbag.py:587} INFO - Filling up the DagBag from /home/airflow/.local/lib/python3.12/site-packages/airflow/example_dags/tutorial_taskflow_api.py
[2026-01-08T02:06:47.027+0000] {processor.py:925} INFO - DAG(s) 'tutorial_taskflow_api' retrieved from /home/airflow/.local/lib/python3.12/site-packages/airflow/example_dags/tutorial_taskflow_api.py
[2026-01-08T02:06:47.045+0000] {logging_mixin.py:190} INFO - [2026-01-08T02:06:47.045+0000] {dag.py:3211} INFO - Sync 1 DAGs
[2026-01-08T02:06:47.056+0000] {logging_mixin.py:190} INFO - [2026-01-08T02:06:47.056+0000] {dag.py:4138} INFO - Setting next_dagrun for tutorial_taskflow_api to None, run_after=None
[2026-01-08T02:06:47.071+0000] {processor.py:208} INFO - Processing /home/airflow/.local/lib/python3.12/site-packages/airflow/example_dags/tutorial_taskflow_api.py took 0.059 seconds
[2026-01-08T02:07:17.410+0000] {processor.py:186} INFO - Started process (PID=2426) to work on /home/airflow/.local/lib/python3.12/site-packages/airflow/example_dags/tutorial_taskflow_api.py
[2026-01-08T02:07:17.411+0000] {processor.py:914} INFO - Processing file /home/airflow/.local/lib/python3.12/site-packages/airflow/example_dags/tutorial_taskflow_api.py for tasks to queue
[2026-01-08T02:07:17.413+0000] {logging_mixin.py:190} INFO - [2026-01-08T02:07:17.413+0000] {dagbag.py:587} INFO - Filling up the DagBag from /home/airflow/.local/lib/python3.12/site-packages/airflow/example_dags/tutorial_taskflow_api.py
[2026-01-08T02:07:17.420+0000] {processor.py:925} INFO - DAG(s) 'tutorial_taskflow_api' retrieved from /home/airflow/.local/lib/python3.12/site-packages/airflow/example_dags/tutorial_taskflow_api.py
[2026-01-08T02:07:17.436+0000] {logging_mixin.py:190} INFO - [2026-01-08T02:07:17.436+0000] {dag.py:3211} INFO - Sync 1 DAGs
[2026-01-08T02:07:17.448+0000] {logging_mixin.py:190} INFO - [2026-01-08T02:07:17.447+0000] {dag.py:4138} INFO - Setting next_dagrun for tutorial_taskflow_api to None, run_after=None
[2026-01-08T02:07:17.462+0000] {processor.py:208} INFO - Processing /home/airflow/.local/lib/python3.12/site-packages/airflow/example_dags/tutorial_taskflow_api.py took 0.057 seconds
[2026-01-08T02:07:47.730+0000] {processor.py:186} INFO - Started process (PID=2489) to work on /home/airflow/.local/lib/python3.12/site-packages/airflow/example_dags/tutorial_taskflow_api.py
[2026-01-08T02:07:47.731+0000] {processor.py:914} INFO - Processing file /home/airflow/.local/lib/python3.12/site-packages/airflow/example_dags/tutorial_taskflow_api.py for tasks to queue
[2026-01-08T02:07:47.733+0000] {logging_mixin.py:190} INFO - [2026-01-08T02:07:47.733+0000] {dagbag.py:587} INFO - Filling up the DagBag from /home/airflow/.local/lib/python3.12/site-packages/airflow/example_dags/tutorial_taskflow_api.py
[2026-01-08T02:07:47.739+0000] {processor.py:925} INFO - DAG(s) 'tutorial_taskflow_api' retrieved from /home/airflow/.local/lib/python3.12/site-packages/airflow/example_dags/tutorial_taskflow_api.py
[2026-01-08T02:07:47.756+0000] {logging_mixin.py:190} INFO - [2026-01-08T02:07:47.756+0000] {dag.py:3211} INFO - Sync 1 DAGs
[2026-01-08T02:07:47.766+0000] {logging_mixin.py:190} INFO - [2026-01-08T02:07:47.766+0000] {dag.py:4138} INFO - Setting next_dagrun for tutorial_taskflow_api to None, run_after=None
[2026-01-08T02:07:47.782+0000] {processor.py:208} INFO - Processing /home/airflow/.local/lib/python3.12/site-packages/airflow/example_dags/tutorial_taskflow_api.py took 0.056 seconds
[2026-01-08T02:08:18.915+0000] {processor.py:186} INFO - Started process (PID=2552) to work on /home/airflow/.local/lib/python3.12/site-packages/airflow/example_dags/tutorial_taskflow_api.py
[2026-01-08T02:08:18.916+0000] {processor.py:914} INFO - Processing file /home/airflow/.local/lib/python3.12/site-packages/airflow/example_dags/tutorial_taskflow_api.py for tasks to queue
[2026-01-08T02:08:18.919+0000] {logging_mixin.py:190} INFO - [2026-01-08T02:08:18.918+0000] {dagbag.py:587} INFO - Filling up the DagBag from /home/airflow/.local/lib/python3.12/site-packages/airflow/example_dags/tutorial_taskflow_api.py
[2026-01-08T02:08:18.925+0000] {processor.py:925} INFO - DAG(s) 'tutorial_taskflow_api' retrieved from /home/airflow/.local/lib/python3.12/site-packages/airflow/example_dags/tutorial_taskflow_api.py
[2026-01-08T02:08:18.939+0000] {logging_mixin.py:190} INFO - [2026-01-08T02:08:18.939+0000] {dag.py:3211} INFO - Sync 1 DAGs
[2026-01-08T02:08:18.949+0000] {logging_mixin.py:190} INFO - [2026-01-08T02:08:18.949+0000] {dag.py:4138} INFO - Setting next_dagrun for tutorial_taskflow_api to None, run_after=None
[2026-01-08T02:08:18.962+0000] {processor.py:208} INFO - Processing /home/airflow/.local/lib/python3.12/site-packages/airflow/example_dags/tutorial_taskflow_api.py took 0.051 seconds
[2026-01-08T02:08:50.120+0000] {processor.py:186} INFO - Started process (PID=2615) to work on /home/airflow/.local/lib/python3.12/site-packages/airflow/example_dags/tutorial_taskflow_api.py
[2026-01-08T02:08:50.121+0000] {processor.py:914} INFO - Processing file /home/airflow/.local/lib/python3.12/site-packages/airflow/example_dags/tutorial_taskflow_api.py for tasks to queue
[2026-01-08T02:08:50.124+0000] {logging_mixin.py:190} INFO - [2026-01-08T02:08:50.124+0000] {dagbag.py:587} INFO - Filling up the DagBag from /home/airflow/.local/lib/python3.12/site-packages/airflow/example_dags/tutorial_taskflow_api.py
[2026-01-08T02:08:50.131+0000] {processor.py:925} INFO - DAG(s) 'tutorial_taskflow_api' retrieved from /home/airflow/.local/lib/python3.12/site-packages/airflow/example_dags/tutorial_taskflow_api.py
[2026-01-08T02:08:50.147+0000] {logging_mixin.py:190} INFO - [2026-01-08T02:08:50.147+0000] {dag.py:3211} INFO - Sync 1 DAGs
[2026-01-08T02:08:50.157+0000] {logging_mixin.py:190} INFO - [2026-01-08T02:08:50.157+0000] {dag.py:4138} INFO - Setting next_dagrun for tutorial_taskflow_api to None, run_after=None
[2026-01-08T02:08:50.170+0000] {processor.py:208} INFO - Processing /home/airflow/.local/lib/python3.12/site-packages/airflow/example_dags/tutorial_taskflow_api.py took 0.055 seconds
[2026-01-08T02:09:20.604+0000] {processor.py:186} INFO - Started process (PID=2678) to work on /home/airflow/.local/lib/python3.12/site-packages/airflow/example_dags/tutorial_taskflow_api.py
[2026-01-08T02:09:20.606+0000] {processor.py:914} INFO - Processing file /home/airflow/.local/lib/python3.12/site-packages/airflow/example_dags/tutorial_taskflow_api.py for tasks to queue
[2026-01-08T02:09:20.609+0000] {logging_mixin.py:190} INFO - [2026-01-08T02:09:20.609+0000] {dagbag.py:587} INFO - Filling up the DagBag from /home/airflow/.local/lib/python3.12/site-packages/airflow/example_dags/tutorial_taskflow_api.py
[2026-01-08T02:09:20.617+0000] {processor.py:925} INFO - DAG(s) 'tutorial_taskflow_api' retrieved from /home/airflow/.local/lib/python3.12/site-packages/airflow/example_dags/tutorial_taskflow_api.py
[2026-01-08T02:09:20.635+0000] {logging_mixin.py:190} INFO - [2026-01-08T02:09:20.635+0000] {dag.py:3211} INFO - Sync 1 DAGs
[2026-01-08T02:09:20.648+0000] {logging_mixin.py:190} INFO - [2026-01-08T02:09:20.647+0000] {dag.py:4138} INFO - Setting next_dagrun for tutorial_taskflow_api to None, run_after=None
[2026-01-08T02:09:20.664+0000] {processor.py:208} INFO - Processing /home/airflow/.local/lib/python3.12/site-packages/airflow/example_dags/tutorial_taskflow_api.py took 0.066 seconds
[2026-01-08T02:09:51.001+0000] {processor.py:186} INFO - Started process (PID=2741) to work on /home/airflow/.local/lib/python3.12/site-packages/airflow/example_dags/tutorial_taskflow_api.py
[2026-01-08T02:09:51.002+0000] {processor.py:914} INFO - Processing file /home/airflow/.local/lib/python3.12/site-packages/airflow/example_dags/tutorial_taskflow_api.py for tasks to queue
[2026-01-08T02:09:51.004+0000] {logging_mixin.py:190} INFO - [2026-01-08T02:09:51.004+0000] {dagbag.py:587} INFO - Filling up the DagBag from /home/airflow/.local/lib/python3.12/site-packages/airflow/example_dags/tutorial_taskflow_api.py
[2026-01-08T02:09:51.011+0000] {processor.py:925} INFO - DAG(s) 'tutorial_taskflow_api' retrieved from /home/airflow/.local/lib/python3.12/site-packages/airflow/example_dags/tutorial_taskflow_api.py
[2026-01-08T02:09:51.026+0000] {logging_mixin.py:190} INFO - [2026-01-08T02:09:51.026+0000] {dag.py:3211} INFO - Sync 1 DAGs
[2026-01-08T02:09:51.037+0000] {logging_mixin.py:190} INFO - [2026-01-08T02:09:51.037+0000] {dag.py:4138} INFO - Setting next_dagrun for tutorial_taskflow_api to None, run_after=None
[2026-01-08T02:09:51.051+0000] {processor.py:208} INFO - Processing /home/airflow/.local/lib/python3.12/site-packages/airflow/example_dags/tutorial_taskflow_api.py took 0.056 seconds
[2026-01-08T02:10:21.431+0000] {processor.py:186} INFO - Started process (PID=2804) to work on /home/airflow/.local/lib/python3.12/site-packages/airflow/example_dags/tutorial_taskflow_api.py
[2026-01-08T02:10:21.432+0000] {processor.py:914} INFO - Processing file /home/airflow/.local/lib/python3.12/site-packages/airflow/example_dags/tutorial_taskflow_api.py for tasks to queue
[2026-01-08T02:10:21.434+0000] {logging_mixin.py:190} INFO - [2026-01-08T02:10:21.434+0000] {dagbag.py:587} INFO - Filling up the DagBag from /home/airflow/.local/lib/python3.12/site-packages/airflow/example_dags/tutorial_taskflow_api.py
[2026-01-08T02:10:21.441+0000] {processor.py:925} INFO - DAG(s) 'tutorial_taskflow_api' retrieved from /home/airflow/.local/lib/python3.12/site-packages/airflow/example_dags/tutorial_taskflow_api.py
[2026-01-08T02:10:21.456+0000] {logging_mixin.py:190} INFO - [2026-01-08T02:10:21.455+0000] {dag.py:3211} INFO - Sync 1 DAGs
[2026-01-08T02:10:21.466+0000] {logging_mixin.py:190} INFO - [2026-01-08T02:10:21.466+0000] {dag.py:4138} INFO - Setting next_dagrun for tutorial_taskflow_api to None, run_after=None
[2026-01-08T02:10:21.480+0000] {processor.py:208} INFO - Processing /home/airflow/.local/lib/python3.12/site-packages/airflow/example_dags/tutorial_taskflow_api.py took 0.053 seconds
[2026-01-08T02:10:51.873+0000] {processor.py:186} INFO - Started process (PID=2866) to work on /home/airflow/.local/lib/python3.12/site-packages/airflow/example_dags/tutorial_taskflow_api.py
[2026-01-08T02:10:51.875+0000] {processor.py:914} INFO - Processing file /home/airflow/.local/lib/python3.12/site-packages/airflow/example_dags/tutorial_taskflow_api.py for tasks to queue
[2026-01-08T02:10:51.877+0000] {logging_mixin.py:190} INFO - [2026-01-08T02:10:51.877+0000] {dagbag.py:587} INFO - Filling up the DagBag from /home/airflow/.local/lib/python3.12/site-packages/airflow/example_dags/tutorial_taskflow_api.py
[2026-01-08T02:10:51.884+0000] {processor.py:925} INFO - DAG(s) 'tutorial_taskflow_api' retrieved from /home/airflow/.local/lib/python3.12/site-packages/airflow/example_dags/tutorial_taskflow_api.py
[2026-01-08T02:10:51.899+0000] {logging_mixin.py:190} INFO - [2026-01-08T02:10:51.899+0000] {dag.py:3211} INFO - Sync 1 DAGs
[2026-01-08T02:10:51.910+0000] {logging_mixin.py:190} INFO - [2026-01-08T02:10:51.909+0000] {dag.py:4138} INFO - Setting next_dagrun for tutorial_taskflow_api to None, run_after=None
[2026-01-08T02:10:51.922+0000] {processor.py:208} INFO - Processing /home/airflow/.local/lib/python3.12/site-packages/airflow/example_dags/tutorial_taskflow_api.py took 0.053 seconds
[2026-01-08T02:11:22.460+0000] {processor.py:186} INFO - Started process (PID=2929) to work on /home/airflow/.local/lib/python3.12/site-packages/airflow/example_dags/tutorial_taskflow_api.py
[2026-01-08T02:11:22.462+0000] {processor.py:914} INFO - Processing file /home/airflow/.local/lib/python3.12/site-packages/airflow/example_dags/tutorial_taskflow_api.py for tasks to queue
[2026-01-08T02:11:22.464+0000] {logging_mixin.py:190} INFO - [2026-01-08T02:11:22.464+0000] {dagbag.py:587} INFO - Filling up the DagBag from /home/airflow/.local/lib/python3.12/site-packages/airflow/example_dags/tutorial_taskflow_api.py
[2026-01-08T02:11:22.470+0000] {processor.py:925} INFO - DAG(s) 'tutorial_taskflow_api' retrieved from /home/airflow/.local/lib/python3.12/site-packages/airflow/example_dags/tutorial_taskflow_api.py
[2026-01-08T02:11:22.485+0000] {logging_mixin.py:190} INFO - [2026-01-08T02:11:22.485+0000] {dag.py:3211} INFO - Sync 1 DAGs
[2026-01-08T02:11:22.495+0000] {logging_mixin.py:190} INFO - [2026-01-08T02:11:22.494+0000] {dag.py:4138} INFO - Setting next_dagrun for tutorial_taskflow_api to None, run_after=None
[2026-01-08T02:11:22.509+0000] {processor.py:208} INFO - Processing /home/airflow/.local/lib/python3.12/site-packages/airflow/example_dags/tutorial_taskflow_api.py took 0.053 seconds
[2026-01-08T02:11:53.454+0000] {processor.py:186} INFO - Started process (PID=2992) to work on /home/airflow/.local/lib/python3.12/site-packages/airflow/example_dags/tutorial_taskflow_api.py
[2026-01-08T02:11:53.455+0000] {processor.py:914} INFO - Processing file /home/airflow/.local/lib/python3.12/site-packages/airflow/example_dags/tutorial_taskflow_api.py for tasks to queue
[2026-01-08T02:11:53.459+0000] {logging_mixin.py:190} INFO - [2026-01-08T02:11:53.458+0000] {dagbag.py:587} INFO - Filling up the DagBag from /home/airflow/.local/lib/python3.12/site-packages/airflow/example_dags/tutorial_taskflow_api.py
[2026-01-08T02:11:53.466+0000] {processor.py:925} INFO - DAG(s) 'tutorial_taskflow_api' retrieved from /home/airflow/.local/lib/python3.12/site-packages/airflow/example_dags/tutorial_taskflow_api.py
[2026-01-08T02:11:53.484+0000] {logging_mixin.py:190} INFO - [2026-01-08T02:11:53.484+0000] {dag.py:3211} INFO - Sync 1 DAGs
[2026-01-08T02:11:53.495+0000] {logging_mixin.py:190} INFO - [2026-01-08T02:11:53.495+0000] {dag.py:4138} INFO - Setting next_dagrun for tutorial_taskflow_api to None, run_after=None
[2026-01-08T02:11:53.507+0000] {processor.py:208} INFO - Processing /home/airflow/.local/lib/python3.12/site-packages/airflow/example_dags/tutorial_taskflow_api.py took 0.059 seconds
[2026-01-08T02:12:23.960+0000] {processor.py:186} INFO - Started process (PID=3056) to work on /home/airflow/.local/lib/python3.12/site-packages/airflow/example_dags/tutorial_taskflow_api.py
[2026-01-08T02:12:23.961+0000] {processor.py:914} INFO - Processing file /home/airflow/.local/lib/python3.12/site-packages/airflow/example_dags/tutorial_taskflow_api.py for tasks to queue
[2026-01-08T02:12:23.964+0000] {logging_mixin.py:190} INFO - [2026-01-08T02:12:23.964+0000] {dagbag.py:587} INFO - Filling up the DagBag from /home/airflow/.local/lib/python3.12/site-packages/airflow/example_dags/tutorial_taskflow_api.py
[2026-01-08T02:12:23.970+0000] {processor.py:925} INFO - DAG(s) 'tutorial_taskflow_api' retrieved from /home/airflow/.local/lib/python3.12/site-packages/airflow/example_dags/tutorial_taskflow_api.py
[2026-01-08T02:12:23.987+0000] {logging_mixin.py:190} INFO - [2026-01-08T02:12:23.987+0000] {dag.py:3211} INFO - Sync 1 DAGs
[2026-01-08T02:12:23.997+0000] {logging_mixin.py:190} INFO - [2026-01-08T02:12:23.997+0000] {dag.py:4138} INFO - Setting next_dagrun for tutorial_taskflow_api to None, run_after=None
[2026-01-08T02:12:24.135+0000] {processor.py:208} INFO - Processing /home/airflow/.local/lib/python3.12/site-packages/airflow/example_dags/tutorial_taskflow_api.py took 0.180 seconds
