[2026-01-08T01:48:19.245+0000] {processor.py:186} INFO - Started process (PID=62) to work on /home/airflow/.local/lib/python3.12/site-packages/airflow/example_dags/tutorial.py
[2026-01-08T01:48:19.247+0000] {processor.py:914} INFO - Processing file /home/airflow/.local/lib/python3.12/site-packages/airflow/example_dags/tutorial.py for tasks to queue
[2026-01-08T01:48:19.250+0000] {logging_mixin.py:190} INFO - [2026-01-08T01:48:19.249+0000] {dagbag.py:587} INFO - Filling up the DagBag from /home/airflow/.local/lib/python3.12/site-packages/airflow/example_dags/tutorial.py
[2026-01-08T01:48:19.263+0000] {processor.py:925} INFO - DAG(s) 'tutorial' retrieved from /home/airflow/.local/lib/python3.12/site-packages/airflow/example_dags/tutorial.py
[2026-01-08T01:48:19.428+0000] {logging_mixin.py:190} INFO - [2026-01-08T01:48:19.427+0000] {override.py:1858} INFO - Created Permission View: can edit on DAG:tutorial
[2026-01-08T01:48:19.437+0000] {logging_mixin.py:190} INFO - [2026-01-08T01:48:19.437+0000] {override.py:1858} INFO - Created Permission View: can read on DAG:tutorial
[2026-01-08T01:48:19.444+0000] {logging_mixin.py:190} INFO - [2026-01-08T01:48:19.443+0000] {override.py:1858} INFO - Created Permission View: can delete on DAG:tutorial
[2026-01-08T01:48:19.444+0000] {logging_mixin.py:190} INFO - [2026-01-08T01:48:19.444+0000] {dag.py:3211} INFO - Sync 1 DAGs
[2026-01-08T01:48:19.461+0000] {logging_mixin.py:190} INFO - [2026-01-08T01:48:19.461+0000] {dag.py:3234} INFO - Creating ORM DAG for tutorial
[2026-01-08T01:48:19.471+0000] {logging_mixin.py:190} INFO - [2026-01-08T01:48:19.470+0000] {dag.py:4138} INFO - Setting next_dagrun for tutorial to 2026-01-07 00:00:00+00:00, run_after=2026-01-08 00:00:00+00:00
[2026-01-08T01:48:19.488+0000] {processor.py:208} INFO - Processing /home/airflow/.local/lib/python3.12/site-packages/airflow/example_dags/tutorial.py took 0.247 seconds
[2026-01-08T01:48:49.658+0000] {processor.py:186} INFO - Started process (PID=124) to work on /home/airflow/.local/lib/python3.12/site-packages/airflow/example_dags/tutorial.py
[2026-01-08T01:48:49.659+0000] {processor.py:914} INFO - Processing file /home/airflow/.local/lib/python3.12/site-packages/airflow/example_dags/tutorial.py for tasks to queue
[2026-01-08T01:48:49.662+0000] {logging_mixin.py:190} INFO - [2026-01-08T01:48:49.661+0000] {dagbag.py:587} INFO - Filling up the DagBag from /home/airflow/.local/lib/python3.12/site-packages/airflow/example_dags/tutorial.py
[2026-01-08T01:48:49.669+0000] {processor.py:925} INFO - DAG(s) 'tutorial' retrieved from /home/airflow/.local/lib/python3.12/site-packages/airflow/example_dags/tutorial.py
[2026-01-08T01:48:49.688+0000] {logging_mixin.py:190} INFO - [2026-01-08T01:48:49.687+0000] {dag.py:3211} INFO - Sync 1 DAGs
[2026-01-08T01:48:49.706+0000] {logging_mixin.py:190} INFO - [2026-01-08T01:48:49.706+0000] {dag.py:4138} INFO - Setting next_dagrun for tutorial to 2026-01-07 00:00:00+00:00, run_after=2026-01-08 00:00:00+00:00
[2026-01-08T01:48:49.723+0000] {processor.py:208} INFO - Processing /home/airflow/.local/lib/python3.12/site-packages/airflow/example_dags/tutorial.py took 0.070 seconds
[2026-01-08T01:49:20.139+0000] {processor.py:186} INFO - Started process (PID=186) to work on /home/airflow/.local/lib/python3.12/site-packages/airflow/example_dags/tutorial.py
[2026-01-08T01:49:20.140+0000] {processor.py:914} INFO - Processing file /home/airflow/.local/lib/python3.12/site-packages/airflow/example_dags/tutorial.py for tasks to queue
[2026-01-08T01:49:20.143+0000] {logging_mixin.py:190} INFO - [2026-01-08T01:49:20.143+0000] {dagbag.py:587} INFO - Filling up the DagBag from /home/airflow/.local/lib/python3.12/site-packages/airflow/example_dags/tutorial.py
[2026-01-08T01:49:20.150+0000] {processor.py:925} INFO - DAG(s) 'tutorial' retrieved from /home/airflow/.local/lib/python3.12/site-packages/airflow/example_dags/tutorial.py
[2026-01-08T01:49:20.169+0000] {logging_mixin.py:190} INFO - [2026-01-08T01:49:20.169+0000] {dag.py:3211} INFO - Sync 1 DAGs
[2026-01-08T01:49:20.186+0000] {logging_mixin.py:190} INFO - [2026-01-08T01:49:20.186+0000] {dag.py:4138} INFO - Setting next_dagrun for tutorial to 2026-01-07 00:00:00+00:00, run_after=2026-01-08 00:00:00+00:00
[2026-01-08T01:49:20.212+0000] {processor.py:208} INFO - Processing /home/airflow/.local/lib/python3.12/site-packages/airflow/example_dags/tutorial.py took 0.078 seconds
[2026-01-08T01:49:50.623+0000] {processor.py:186} INFO - Started process (PID=248) to work on /home/airflow/.local/lib/python3.12/site-packages/airflow/example_dags/tutorial.py
[2026-01-08T01:49:50.624+0000] {processor.py:914} INFO - Processing file /home/airflow/.local/lib/python3.12/site-packages/airflow/example_dags/tutorial.py for tasks to queue
[2026-01-08T01:49:50.626+0000] {logging_mixin.py:190} INFO - [2026-01-08T01:49:50.626+0000] {dagbag.py:587} INFO - Filling up the DagBag from /home/airflow/.local/lib/python3.12/site-packages/airflow/example_dags/tutorial.py
[2026-01-08T01:49:50.632+0000] {processor.py:925} INFO - DAG(s) 'tutorial' retrieved from /home/airflow/.local/lib/python3.12/site-packages/airflow/example_dags/tutorial.py
[2026-01-08T01:49:50.648+0000] {logging_mixin.py:190} INFO - [2026-01-08T01:49:50.648+0000] {dag.py:3211} INFO - Sync 1 DAGs
[2026-01-08T01:49:50.665+0000] {logging_mixin.py:190} INFO - [2026-01-08T01:49:50.665+0000] {dag.py:4138} INFO - Setting next_dagrun for tutorial to 2026-01-07 00:00:00+00:00, run_after=2026-01-08 00:00:00+00:00
[2026-01-08T01:49:50.687+0000] {processor.py:208} INFO - Processing /home/airflow/.local/lib/python3.12/site-packages/airflow/example_dags/tutorial.py took 0.069 seconds
[2026-01-08T01:50:21.123+0000] {processor.py:186} INFO - Started process (PID=310) to work on /home/airflow/.local/lib/python3.12/site-packages/airflow/example_dags/tutorial.py
[2026-01-08T01:50:21.125+0000] {processor.py:914} INFO - Processing file /home/airflow/.local/lib/python3.12/site-packages/airflow/example_dags/tutorial.py for tasks to queue
[2026-01-08T01:50:21.127+0000] {logging_mixin.py:190} INFO - [2026-01-08T01:50:21.127+0000] {dagbag.py:587} INFO - Filling up the DagBag from /home/airflow/.local/lib/python3.12/site-packages/airflow/example_dags/tutorial.py
[2026-01-08T01:50:21.133+0000] {processor.py:925} INFO - DAG(s) 'tutorial' retrieved from /home/airflow/.local/lib/python3.12/site-packages/airflow/example_dags/tutorial.py
[2026-01-08T01:50:21.149+0000] {logging_mixin.py:190} INFO - [2026-01-08T01:50:21.149+0000] {dag.py:3211} INFO - Sync 1 DAGs
[2026-01-08T01:50:21.165+0000] {logging_mixin.py:190} INFO - [2026-01-08T01:50:21.165+0000] {dag.py:4138} INFO - Setting next_dagrun for tutorial to 2026-01-07 00:00:00+00:00, run_after=2026-01-08 00:00:00+00:00
[2026-01-08T01:50:21.181+0000] {processor.py:208} INFO - Processing /home/airflow/.local/lib/python3.12/site-packages/airflow/example_dags/tutorial.py took 0.062 seconds
[2026-01-08T01:50:51.525+0000] {processor.py:186} INFO - Started process (PID=372) to work on /home/airflow/.local/lib/python3.12/site-packages/airflow/example_dags/tutorial.py
[2026-01-08T01:50:51.526+0000] {processor.py:914} INFO - Processing file /home/airflow/.local/lib/python3.12/site-packages/airflow/example_dags/tutorial.py for tasks to queue
[2026-01-08T01:50:51.529+0000] {logging_mixin.py:190} INFO - [2026-01-08T01:50:51.529+0000] {dagbag.py:587} INFO - Filling up the DagBag from /home/airflow/.local/lib/python3.12/site-packages/airflow/example_dags/tutorial.py
[2026-01-08T01:50:51.536+0000] {processor.py:925} INFO - DAG(s) 'tutorial' retrieved from /home/airflow/.local/lib/python3.12/site-packages/airflow/example_dags/tutorial.py
[2026-01-08T01:50:51.554+0000] {logging_mixin.py:190} INFO - [2026-01-08T01:50:51.554+0000] {dag.py:3211} INFO - Sync 1 DAGs
[2026-01-08T01:50:51.572+0000] {logging_mixin.py:190} INFO - [2026-01-08T01:50:51.572+0000] {dag.py:4138} INFO - Setting next_dagrun for tutorial to 2026-01-07 00:00:00+00:00, run_after=2026-01-08 00:00:00+00:00
[2026-01-08T01:50:51.594+0000] {processor.py:208} INFO - Processing /home/airflow/.local/lib/python3.12/site-packages/airflow/example_dags/tutorial.py took 0.074 seconds
[2026-01-08T01:51:22.070+0000] {processor.py:186} INFO - Started process (PID=434) to work on /home/airflow/.local/lib/python3.12/site-packages/airflow/example_dags/tutorial.py
[2026-01-08T01:51:22.072+0000] {processor.py:914} INFO - Processing file /home/airflow/.local/lib/python3.12/site-packages/airflow/example_dags/tutorial.py for tasks to queue
[2026-01-08T01:51:22.075+0000] {logging_mixin.py:190} INFO - [2026-01-08T01:51:22.075+0000] {dagbag.py:587} INFO - Filling up the DagBag from /home/airflow/.local/lib/python3.12/site-packages/airflow/example_dags/tutorial.py
[2026-01-08T01:51:22.082+0000] {processor.py:925} INFO - DAG(s) 'tutorial' retrieved from /home/airflow/.local/lib/python3.12/site-packages/airflow/example_dags/tutorial.py
[2026-01-08T01:51:22.101+0000] {logging_mixin.py:190} INFO - [2026-01-08T01:51:22.100+0000] {dag.py:3211} INFO - Sync 1 DAGs
[2026-01-08T01:51:22.118+0000] {logging_mixin.py:190} INFO - [2026-01-08T01:51:22.118+0000] {dag.py:4138} INFO - Setting next_dagrun for tutorial to 2026-01-07 00:00:00+00:00, run_after=2026-01-08 00:00:00+00:00
[2026-01-08T01:51:22.141+0000] {processor.py:208} INFO - Processing /home/airflow/.local/lib/python3.12/site-packages/airflow/example_dags/tutorial.py took 0.076 seconds
[2026-01-08T01:51:52.690+0000] {processor.py:186} INFO - Started process (PID=496) to work on /home/airflow/.local/lib/python3.12/site-packages/airflow/example_dags/tutorial.py
[2026-01-08T01:51:52.691+0000] {processor.py:914} INFO - Processing file /home/airflow/.local/lib/python3.12/site-packages/airflow/example_dags/tutorial.py for tasks to queue
[2026-01-08T01:51:52.694+0000] {logging_mixin.py:190} INFO - [2026-01-08T01:51:52.694+0000] {dagbag.py:587} INFO - Filling up the DagBag from /home/airflow/.local/lib/python3.12/site-packages/airflow/example_dags/tutorial.py
[2026-01-08T01:51:52.701+0000] {processor.py:925} INFO - DAG(s) 'tutorial' retrieved from /home/airflow/.local/lib/python3.12/site-packages/airflow/example_dags/tutorial.py
[2026-01-08T01:51:52.718+0000] {logging_mixin.py:190} INFO - [2026-01-08T01:51:52.718+0000] {dag.py:3211} INFO - Sync 1 DAGs
[2026-01-08T01:51:52.735+0000] {logging_mixin.py:190} INFO - [2026-01-08T01:51:52.735+0000] {dag.py:4138} INFO - Setting next_dagrun for tutorial to 2026-01-07 00:00:00+00:00, run_after=2026-01-08 00:00:00+00:00
[2026-01-08T01:51:52.752+0000] {processor.py:208} INFO - Processing /home/airflow/.local/lib/python3.12/site-packages/airflow/example_dags/tutorial.py took 0.067 seconds
[2026-01-08T01:52:23.348+0000] {processor.py:186} INFO - Started process (PID=559) to work on /home/airflow/.local/lib/python3.12/site-packages/airflow/example_dags/tutorial.py
[2026-01-08T01:52:23.349+0000] {processor.py:914} INFO - Processing file /home/airflow/.local/lib/python3.12/site-packages/airflow/example_dags/tutorial.py for tasks to queue
[2026-01-08T01:52:23.353+0000] {logging_mixin.py:190} INFO - [2026-01-08T01:52:23.352+0000] {dagbag.py:587} INFO - Filling up the DagBag from /home/airflow/.local/lib/python3.12/site-packages/airflow/example_dags/tutorial.py
[2026-01-08T01:52:23.360+0000] {processor.py:925} INFO - DAG(s) 'tutorial' retrieved from /home/airflow/.local/lib/python3.12/site-packages/airflow/example_dags/tutorial.py
[2026-01-08T01:52:23.379+0000] {logging_mixin.py:190} INFO - [2026-01-08T01:52:23.379+0000] {dag.py:3211} INFO - Sync 1 DAGs
[2026-01-08T01:52:23.398+0000] {logging_mixin.py:190} INFO - [2026-01-08T01:52:23.398+0000] {dag.py:4138} INFO - Setting next_dagrun for tutorial to 2026-01-07 00:00:00+00:00, run_after=2026-01-08 00:00:00+00:00
[2026-01-08T01:52:23.422+0000] {processor.py:208} INFO - Processing /home/airflow/.local/lib/python3.12/site-packages/airflow/example_dags/tutorial.py took 0.080 seconds
[2026-01-08T01:52:53.645+0000] {processor.py:186} INFO - Started process (PID=621) to work on /home/airflow/.local/lib/python3.12/site-packages/airflow/example_dags/tutorial.py
[2026-01-08T01:52:53.646+0000] {processor.py:914} INFO - Processing file /home/airflow/.local/lib/python3.12/site-packages/airflow/example_dags/tutorial.py for tasks to queue
[2026-01-08T01:52:53.649+0000] {logging_mixin.py:190} INFO - [2026-01-08T01:52:53.649+0000] {dagbag.py:587} INFO - Filling up the DagBag from /home/airflow/.local/lib/python3.12/site-packages/airflow/example_dags/tutorial.py
[2026-01-08T01:52:53.655+0000] {processor.py:925} INFO - DAG(s) 'tutorial' retrieved from /home/airflow/.local/lib/python3.12/site-packages/airflow/example_dags/tutorial.py
[2026-01-08T01:52:53.669+0000] {logging_mixin.py:190} INFO - [2026-01-08T01:52:53.669+0000] {dag.py:3211} INFO - Sync 1 DAGs
[2026-01-08T01:52:53.686+0000] {logging_mixin.py:190} INFO - [2026-01-08T01:52:53.686+0000] {dag.py:4138} INFO - Setting next_dagrun for tutorial to 2026-01-07 00:00:00+00:00, run_after=2026-01-08 00:00:00+00:00
[2026-01-08T01:52:53.708+0000] {processor.py:208} INFO - Processing /home/airflow/.local/lib/python3.12/site-packages/airflow/example_dags/tutorial.py took 0.067 seconds
[2026-01-08T01:53:24.000+0000] {processor.py:186} INFO - Started process (PID=683) to work on /home/airflow/.local/lib/python3.12/site-packages/airflow/example_dags/tutorial.py
[2026-01-08T01:53:24.002+0000] {processor.py:914} INFO - Processing file /home/airflow/.local/lib/python3.12/site-packages/airflow/example_dags/tutorial.py for tasks to queue
[2026-01-08T01:53:24.005+0000] {logging_mixin.py:190} INFO - [2026-01-08T01:53:24.005+0000] {dagbag.py:587} INFO - Filling up the DagBag from /home/airflow/.local/lib/python3.12/site-packages/airflow/example_dags/tutorial.py
[2026-01-08T01:53:24.012+0000] {processor.py:925} INFO - DAG(s) 'tutorial' retrieved from /home/airflow/.local/lib/python3.12/site-packages/airflow/example_dags/tutorial.py
[2026-01-08T01:53:24.030+0000] {logging_mixin.py:190} INFO - [2026-01-08T01:53:24.030+0000] {dag.py:3211} INFO - Sync 1 DAGs
[2026-01-08T01:53:24.048+0000] {logging_mixin.py:190} INFO - [2026-01-08T01:53:24.048+0000] {dag.py:4138} INFO - Setting next_dagrun for tutorial to 2026-01-07 00:00:00+00:00, run_after=2026-01-08 00:00:00+00:00
[2026-01-08T01:53:24.067+0000] {processor.py:208} INFO - Processing /home/airflow/.local/lib/python3.12/site-packages/airflow/example_dags/tutorial.py took 0.071 seconds
[2026-01-08T01:53:54.666+0000] {processor.py:186} INFO - Started process (PID=745) to work on /home/airflow/.local/lib/python3.12/site-packages/airflow/example_dags/tutorial.py
[2026-01-08T01:53:54.668+0000] {processor.py:914} INFO - Processing file /home/airflow/.local/lib/python3.12/site-packages/airflow/example_dags/tutorial.py for tasks to queue
[2026-01-08T01:53:54.670+0000] {logging_mixin.py:190} INFO - [2026-01-08T01:53:54.670+0000] {dagbag.py:587} INFO - Filling up the DagBag from /home/airflow/.local/lib/python3.12/site-packages/airflow/example_dags/tutorial.py
[2026-01-08T01:53:54.676+0000] {processor.py:925} INFO - DAG(s) 'tutorial' retrieved from /home/airflow/.local/lib/python3.12/site-packages/airflow/example_dags/tutorial.py
[2026-01-08T01:53:54.692+0000] {logging_mixin.py:190} INFO - [2026-01-08T01:53:54.692+0000] {dag.py:3211} INFO - Sync 1 DAGs
[2026-01-08T01:53:54.710+0000] {logging_mixin.py:190} INFO - [2026-01-08T01:53:54.710+0000] {dag.py:4138} INFO - Setting next_dagrun for tutorial to 2026-01-07 00:00:00+00:00, run_after=2026-01-08 00:00:00+00:00
[2026-01-08T01:53:54.731+0000] {processor.py:208} INFO - Processing /home/airflow/.local/lib/python3.12/site-packages/airflow/example_dags/tutorial.py took 0.068 seconds
[2026-01-08T01:54:25.069+0000] {processor.py:186} INFO - Started process (PID=813) to work on /home/airflow/.local/lib/python3.12/site-packages/airflow/example_dags/tutorial.py
[2026-01-08T01:54:25.070+0000] {processor.py:914} INFO - Processing file /home/airflow/.local/lib/python3.12/site-packages/airflow/example_dags/tutorial.py for tasks to queue
[2026-01-08T01:54:25.073+0000] {logging_mixin.py:190} INFO - [2026-01-08T01:54:25.073+0000] {dagbag.py:587} INFO - Filling up the DagBag from /home/airflow/.local/lib/python3.12/site-packages/airflow/example_dags/tutorial.py
[2026-01-08T01:54:25.080+0000] {processor.py:925} INFO - DAG(s) 'tutorial' retrieved from /home/airflow/.local/lib/python3.12/site-packages/airflow/example_dags/tutorial.py
[2026-01-08T01:54:25.099+0000] {logging_mixin.py:190} INFO - [2026-01-08T01:54:25.099+0000] {dag.py:3211} INFO - Sync 1 DAGs
[2026-01-08T01:54:25.119+0000] {logging_mixin.py:190} INFO - [2026-01-08T01:54:25.119+0000] {dag.py:4138} INFO - Setting next_dagrun for tutorial to 2026-01-07 00:00:00+00:00, run_after=2026-01-08 00:00:00+00:00
[2026-01-08T01:54:25.143+0000] {processor.py:208} INFO - Processing /home/airflow/.local/lib/python3.12/site-packages/airflow/example_dags/tutorial.py took 0.079 seconds
[2026-01-08T01:54:55.777+0000] {processor.py:186} INFO - Started process (PID=875) to work on /home/airflow/.local/lib/python3.12/site-packages/airflow/example_dags/tutorial.py
[2026-01-08T01:54:55.779+0000] {processor.py:914} INFO - Processing file /home/airflow/.local/lib/python3.12/site-packages/airflow/example_dags/tutorial.py for tasks to queue
[2026-01-08T01:54:55.782+0000] {logging_mixin.py:190} INFO - [2026-01-08T01:54:55.782+0000] {dagbag.py:587} INFO - Filling up the DagBag from /home/airflow/.local/lib/python3.12/site-packages/airflow/example_dags/tutorial.py
[2026-01-08T01:54:55.788+0000] {processor.py:925} INFO - DAG(s) 'tutorial' retrieved from /home/airflow/.local/lib/python3.12/site-packages/airflow/example_dags/tutorial.py
[2026-01-08T01:54:55.805+0000] {logging_mixin.py:190} INFO - [2026-01-08T01:54:55.805+0000] {dag.py:3211} INFO - Sync 1 DAGs
[2026-01-08T01:54:55.822+0000] {logging_mixin.py:190} INFO - [2026-01-08T01:54:55.822+0000] {dag.py:4138} INFO - Setting next_dagrun for tutorial to 2026-01-07 00:00:00+00:00, run_after=2026-01-08 00:00:00+00:00
[2026-01-08T01:54:55.837+0000] {processor.py:208} INFO - Processing /home/airflow/.local/lib/python3.12/site-packages/airflow/example_dags/tutorial.py took 0.065 seconds
[2026-01-08T01:55:26.062+0000] {processor.py:186} INFO - Started process (PID=937) to work on /home/airflow/.local/lib/python3.12/site-packages/airflow/example_dags/tutorial.py
[2026-01-08T01:55:26.063+0000] {processor.py:914} INFO - Processing file /home/airflow/.local/lib/python3.12/site-packages/airflow/example_dags/tutorial.py for tasks to queue
[2026-01-08T01:55:26.066+0000] {logging_mixin.py:190} INFO - [2026-01-08T01:55:26.066+0000] {dagbag.py:587} INFO - Filling up the DagBag from /home/airflow/.local/lib/python3.12/site-packages/airflow/example_dags/tutorial.py
[2026-01-08T01:55:26.072+0000] {processor.py:925} INFO - DAG(s) 'tutorial' retrieved from /home/airflow/.local/lib/python3.12/site-packages/airflow/example_dags/tutorial.py
[2026-01-08T01:55:26.088+0000] {logging_mixin.py:190} INFO - [2026-01-08T01:55:26.088+0000] {dag.py:3211} INFO - Sync 1 DAGs
[2026-01-08T01:55:26.103+0000] {logging_mixin.py:190} INFO - [2026-01-08T01:55:26.103+0000] {dag.py:4138} INFO - Setting next_dagrun for tutorial to 2026-01-07 00:00:00+00:00, run_after=2026-01-08 00:00:00+00:00
[2026-01-08T01:55:26.127+0000] {processor.py:208} INFO - Processing /home/airflow/.local/lib/python3.12/site-packages/airflow/example_dags/tutorial.py took 0.069 seconds
[2026-01-08T01:55:56.847+0000] {processor.py:186} INFO - Started process (PID=999) to work on /home/airflow/.local/lib/python3.12/site-packages/airflow/example_dags/tutorial.py
[2026-01-08T01:55:56.849+0000] {processor.py:914} INFO - Processing file /home/airflow/.local/lib/python3.12/site-packages/airflow/example_dags/tutorial.py for tasks to queue
[2026-01-08T01:55:56.852+0000] {logging_mixin.py:190} INFO - [2026-01-08T01:55:56.851+0000] {dagbag.py:587} INFO - Filling up the DagBag from /home/airflow/.local/lib/python3.12/site-packages/airflow/example_dags/tutorial.py
[2026-01-08T01:55:56.858+0000] {processor.py:925} INFO - DAG(s) 'tutorial' retrieved from /home/airflow/.local/lib/python3.12/site-packages/airflow/example_dags/tutorial.py
[2026-01-08T01:55:56.875+0000] {logging_mixin.py:190} INFO - [2026-01-08T01:55:56.874+0000] {dag.py:3211} INFO - Sync 1 DAGs
[2026-01-08T01:55:56.892+0000] {logging_mixin.py:190} INFO - [2026-01-08T01:55:56.891+0000] {dag.py:4138} INFO - Setting next_dagrun for tutorial to 2026-01-07 00:00:00+00:00, run_after=2026-01-08 00:00:00+00:00
[2026-01-08T01:55:56.905+0000] {processor.py:208} INFO - Processing /home/airflow/.local/lib/python3.12/site-packages/airflow/example_dags/tutorial.py took 0.062 seconds
[2026-01-08T01:56:27.653+0000] {processor.py:186} INFO - Started process (PID=1061) to work on /home/airflow/.local/lib/python3.12/site-packages/airflow/example_dags/tutorial.py
[2026-01-08T01:56:27.654+0000] {processor.py:914} INFO - Processing file /home/airflow/.local/lib/python3.12/site-packages/airflow/example_dags/tutorial.py for tasks to queue
[2026-01-08T01:56:27.656+0000] {logging_mixin.py:190} INFO - [2026-01-08T01:56:27.656+0000] {dagbag.py:587} INFO - Filling up the DagBag from /home/airflow/.local/lib/python3.12/site-packages/airflow/example_dags/tutorial.py
[2026-01-08T01:56:27.662+0000] {processor.py:925} INFO - DAG(s) 'tutorial' retrieved from /home/airflow/.local/lib/python3.12/site-packages/airflow/example_dags/tutorial.py
[2026-01-08T01:56:27.682+0000] {logging_mixin.py:190} INFO - [2026-01-08T01:56:27.682+0000] {dag.py:3211} INFO - Sync 1 DAGs
[2026-01-08T01:56:27.700+0000] {logging_mixin.py:190} INFO - [2026-01-08T01:56:27.700+0000] {dag.py:4138} INFO - Setting next_dagrun for tutorial to 2026-01-07 00:00:00+00:00, run_after=2026-01-08 00:00:00+00:00
[2026-01-08T01:56:27.719+0000] {processor.py:208} INFO - Processing /home/airflow/.local/lib/python3.12/site-packages/airflow/example_dags/tutorial.py took 0.071 seconds
[2026-01-08T01:56:57.957+0000] {processor.py:186} INFO - Started process (PID=1123) to work on /home/airflow/.local/lib/python3.12/site-packages/airflow/example_dags/tutorial.py
[2026-01-08T01:56:57.958+0000] {processor.py:914} INFO - Processing file /home/airflow/.local/lib/python3.12/site-packages/airflow/example_dags/tutorial.py for tasks to queue
[2026-01-08T01:56:57.961+0000] {logging_mixin.py:190} INFO - [2026-01-08T01:56:57.961+0000] {dagbag.py:587} INFO - Filling up the DagBag from /home/airflow/.local/lib/python3.12/site-packages/airflow/example_dags/tutorial.py
[2026-01-08T01:56:57.970+0000] {processor.py:925} INFO - DAG(s) 'tutorial' retrieved from /home/airflow/.local/lib/python3.12/site-packages/airflow/example_dags/tutorial.py
[2026-01-08T01:56:57.992+0000] {logging_mixin.py:190} INFO - [2026-01-08T01:56:57.992+0000] {dag.py:3211} INFO - Sync 1 DAGs
[2026-01-08T01:56:58.018+0000] {logging_mixin.py:190} INFO - [2026-01-08T01:56:58.018+0000] {dag.py:4138} INFO - Setting next_dagrun for tutorial to 2026-01-07 00:00:00+00:00, run_after=2026-01-08 00:00:00+00:00
[2026-01-08T01:56:58.042+0000] {processor.py:208} INFO - Processing /home/airflow/.local/lib/python3.12/site-packages/airflow/example_dags/tutorial.py took 0.091 seconds
[2026-01-08T01:57:28.100+0000] {processor.py:186} INFO - Started process (PID=1185) to work on /home/airflow/.local/lib/python3.12/site-packages/airflow/example_dags/tutorial.py
[2026-01-08T01:57:28.101+0000] {processor.py:914} INFO - Processing file /home/airflow/.local/lib/python3.12/site-packages/airflow/example_dags/tutorial.py for tasks to queue
[2026-01-08T01:57:28.103+0000] {logging_mixin.py:190} INFO - [2026-01-08T01:57:28.103+0000] {dagbag.py:587} INFO - Filling up the DagBag from /home/airflow/.local/lib/python3.12/site-packages/airflow/example_dags/tutorial.py
[2026-01-08T01:57:28.110+0000] {processor.py:925} INFO - DAG(s) 'tutorial' retrieved from /home/airflow/.local/lib/python3.12/site-packages/airflow/example_dags/tutorial.py
[2026-01-08T01:57:28.130+0000] {logging_mixin.py:190} INFO - [2026-01-08T01:57:28.129+0000] {dag.py:3211} INFO - Sync 1 DAGs
[2026-01-08T01:57:28.149+0000] {logging_mixin.py:190} INFO - [2026-01-08T01:57:28.149+0000] {dag.py:4138} INFO - Setting next_dagrun for tutorial to 2026-01-07 00:00:00+00:00, run_after=2026-01-08 00:00:00+00:00
[2026-01-08T01:57:28.173+0000] {processor.py:208} INFO - Processing /home/airflow/.local/lib/python3.12/site-packages/airflow/example_dags/tutorial.py took 0.081 seconds
[2026-01-08T01:57:58.887+0000] {processor.py:186} INFO - Started process (PID=1247) to work on /home/airflow/.local/lib/python3.12/site-packages/airflow/example_dags/tutorial.py
[2026-01-08T01:57:58.888+0000] {processor.py:914} INFO - Processing file /home/airflow/.local/lib/python3.12/site-packages/airflow/example_dags/tutorial.py for tasks to queue
[2026-01-08T01:57:58.890+0000] {logging_mixin.py:190} INFO - [2026-01-08T01:57:58.890+0000] {dagbag.py:587} INFO - Filling up the DagBag from /home/airflow/.local/lib/python3.12/site-packages/airflow/example_dags/tutorial.py
[2026-01-08T01:57:58.896+0000] {processor.py:925} INFO - DAG(s) 'tutorial' retrieved from /home/airflow/.local/lib/python3.12/site-packages/airflow/example_dags/tutorial.py
[2026-01-08T01:57:58.919+0000] {logging_mixin.py:190} INFO - [2026-01-08T01:57:58.918+0000] {dag.py:3211} INFO - Sync 1 DAGs
[2026-01-08T01:57:58.939+0000] {logging_mixin.py:190} INFO - [2026-01-08T01:57:58.939+0000] {dag.py:4138} INFO - Setting next_dagrun for tutorial to 2026-01-07 00:00:00+00:00, run_after=2026-01-08 00:00:00+00:00
[2026-01-08T01:57:58.955+0000] {processor.py:208} INFO - Processing /home/airflow/.local/lib/python3.12/site-packages/airflow/example_dags/tutorial.py took 0.072 seconds
[2026-01-08T01:58:29.505+0000] {processor.py:186} INFO - Started process (PID=1310) to work on /home/airflow/.local/lib/python3.12/site-packages/airflow/example_dags/tutorial.py
[2026-01-08T01:58:29.506+0000] {processor.py:914} INFO - Processing file /home/airflow/.local/lib/python3.12/site-packages/airflow/example_dags/tutorial.py for tasks to queue
[2026-01-08T01:58:29.508+0000] {logging_mixin.py:190} INFO - [2026-01-08T01:58:29.508+0000] {dagbag.py:587} INFO - Filling up the DagBag from /home/airflow/.local/lib/python3.12/site-packages/airflow/example_dags/tutorial.py
[2026-01-08T01:58:29.513+0000] {processor.py:925} INFO - DAG(s) 'tutorial' retrieved from /home/airflow/.local/lib/python3.12/site-packages/airflow/example_dags/tutorial.py
[2026-01-08T01:58:29.529+0000] {logging_mixin.py:190} INFO - [2026-01-08T01:58:29.529+0000] {dag.py:3211} INFO - Sync 1 DAGs
[2026-01-08T01:58:29.545+0000] {logging_mixin.py:190} INFO - [2026-01-08T01:58:29.545+0000] {dag.py:4138} INFO - Setting next_dagrun for tutorial to 2026-01-07 00:00:00+00:00, run_after=2026-01-08 00:00:00+00:00
[2026-01-08T01:58:29.561+0000] {processor.py:208} INFO - Processing /home/airflow/.local/lib/python3.12/site-packages/airflow/example_dags/tutorial.py took 0.061 seconds
[2026-01-08T01:58:59.783+0000] {processor.py:186} INFO - Started process (PID=1373) to work on /home/airflow/.local/lib/python3.12/site-packages/airflow/example_dags/tutorial.py
[2026-01-08T01:58:59.785+0000] {processor.py:914} INFO - Processing file /home/airflow/.local/lib/python3.12/site-packages/airflow/example_dags/tutorial.py for tasks to queue
[2026-01-08T01:58:59.787+0000] {logging_mixin.py:190} INFO - [2026-01-08T01:58:59.787+0000] {dagbag.py:587} INFO - Filling up the DagBag from /home/airflow/.local/lib/python3.12/site-packages/airflow/example_dags/tutorial.py
[2026-01-08T01:58:59.793+0000] {processor.py:925} INFO - DAG(s) 'tutorial' retrieved from /home/airflow/.local/lib/python3.12/site-packages/airflow/example_dags/tutorial.py
[2026-01-08T01:58:59.809+0000] {logging_mixin.py:190} INFO - [2026-01-08T01:58:59.808+0000] {dag.py:3211} INFO - Sync 1 DAGs
[2026-01-08T01:58:59.829+0000] {logging_mixin.py:190} INFO - [2026-01-08T01:58:59.829+0000] {dag.py:4138} INFO - Setting next_dagrun for tutorial to 2026-01-07 00:00:00+00:00, run_after=2026-01-08 00:00:00+00:00
[2026-01-08T01:58:59.847+0000] {processor.py:208} INFO - Processing /home/airflow/.local/lib/python3.12/site-packages/airflow/example_dags/tutorial.py took 0.068 seconds
[2026-01-08T01:59:30.183+0000] {processor.py:186} INFO - Started process (PID=1436) to work on /home/airflow/.local/lib/python3.12/site-packages/airflow/example_dags/tutorial.py
[2026-01-08T01:59:30.184+0000] {processor.py:914} INFO - Processing file /home/airflow/.local/lib/python3.12/site-packages/airflow/example_dags/tutorial.py for tasks to queue
[2026-01-08T01:59:30.187+0000] {logging_mixin.py:190} INFO - [2026-01-08T01:59:30.187+0000] {dagbag.py:587} INFO - Filling up the DagBag from /home/airflow/.local/lib/python3.12/site-packages/airflow/example_dags/tutorial.py
[2026-01-08T01:59:30.196+0000] {processor.py:925} INFO - DAG(s) 'tutorial' retrieved from /home/airflow/.local/lib/python3.12/site-packages/airflow/example_dags/tutorial.py
[2026-01-08T01:59:30.216+0000] {logging_mixin.py:190} INFO - [2026-01-08T01:59:30.215+0000] {dag.py:3211} INFO - Sync 1 DAGs
[2026-01-08T01:59:30.237+0000] {logging_mixin.py:190} INFO - [2026-01-08T01:59:30.237+0000] {dag.py:4138} INFO - Setting next_dagrun for tutorial to 2026-01-07 00:00:00+00:00, run_after=2026-01-08 00:00:00+00:00
[2026-01-08T01:59:30.252+0000] {processor.py:208} INFO - Processing /home/airflow/.local/lib/python3.12/site-packages/airflow/example_dags/tutorial.py took 0.074 seconds
[2026-01-08T02:00:00.422+0000] {processor.py:186} INFO - Started process (PID=1499) to work on /home/airflow/.local/lib/python3.12/site-packages/airflow/example_dags/tutorial.py
[2026-01-08T02:00:00.423+0000] {processor.py:914} INFO - Processing file /home/airflow/.local/lib/python3.12/site-packages/airflow/example_dags/tutorial.py for tasks to queue
[2026-01-08T02:00:00.426+0000] {logging_mixin.py:190} INFO - [2026-01-08T02:00:00.425+0000] {dagbag.py:587} INFO - Filling up the DagBag from /home/airflow/.local/lib/python3.12/site-packages/airflow/example_dags/tutorial.py
[2026-01-08T02:00:00.434+0000] {processor.py:925} INFO - DAG(s) 'tutorial' retrieved from /home/airflow/.local/lib/python3.12/site-packages/airflow/example_dags/tutorial.py
[2026-01-08T02:00:00.454+0000] {logging_mixin.py:190} INFO - [2026-01-08T02:00:00.454+0000] {dag.py:3211} INFO - Sync 1 DAGs
[2026-01-08T02:00:00.475+0000] {logging_mixin.py:190} INFO - [2026-01-08T02:00:00.475+0000] {dag.py:4138} INFO - Setting next_dagrun for tutorial to 2026-01-07 00:00:00+00:00, run_after=2026-01-08 00:00:00+00:00
[2026-01-08T02:00:00.491+0000] {processor.py:208} INFO - Processing /home/airflow/.local/lib/python3.12/site-packages/airflow/example_dags/tutorial.py took 0.074 seconds
[2026-01-08T02:00:31.272+0000] {processor.py:186} INFO - Started process (PID=1562) to work on /home/airflow/.local/lib/python3.12/site-packages/airflow/example_dags/tutorial.py
[2026-01-08T02:00:31.273+0000] {processor.py:914} INFO - Processing file /home/airflow/.local/lib/python3.12/site-packages/airflow/example_dags/tutorial.py for tasks to queue
[2026-01-08T02:00:31.275+0000] {logging_mixin.py:190} INFO - [2026-01-08T02:00:31.275+0000] {dagbag.py:587} INFO - Filling up the DagBag from /home/airflow/.local/lib/python3.12/site-packages/airflow/example_dags/tutorial.py
[2026-01-08T02:00:31.282+0000] {processor.py:925} INFO - DAG(s) 'tutorial' retrieved from /home/airflow/.local/lib/python3.12/site-packages/airflow/example_dags/tutorial.py
[2026-01-08T02:00:31.300+0000] {logging_mixin.py:190} INFO - [2026-01-08T02:00:31.300+0000] {dag.py:3211} INFO - Sync 1 DAGs
[2026-01-08T02:00:31.319+0000] {logging_mixin.py:190} INFO - [2026-01-08T02:00:31.319+0000] {dag.py:4138} INFO - Setting next_dagrun for tutorial to 2026-01-07 00:00:00+00:00, run_after=2026-01-08 00:00:00+00:00
[2026-01-08T02:00:31.340+0000] {processor.py:208} INFO - Processing /home/airflow/.local/lib/python3.12/site-packages/airflow/example_dags/tutorial.py took 0.074 seconds
[2026-01-08T02:01:01.814+0000] {processor.py:186} INFO - Started process (PID=1625) to work on /home/airflow/.local/lib/python3.12/site-packages/airflow/example_dags/tutorial.py
[2026-01-08T02:01:01.815+0000] {processor.py:914} INFO - Processing file /home/airflow/.local/lib/python3.12/site-packages/airflow/example_dags/tutorial.py for tasks to queue
[2026-01-08T02:01:01.818+0000] {logging_mixin.py:190} INFO - [2026-01-08T02:01:01.818+0000] {dagbag.py:587} INFO - Filling up the DagBag from /home/airflow/.local/lib/python3.12/site-packages/airflow/example_dags/tutorial.py
[2026-01-08T02:01:01.824+0000] {processor.py:925} INFO - DAG(s) 'tutorial' retrieved from /home/airflow/.local/lib/python3.12/site-packages/airflow/example_dags/tutorial.py
[2026-01-08T02:01:01.842+0000] {logging_mixin.py:190} INFO - [2026-01-08T02:01:01.842+0000] {dag.py:3211} INFO - Sync 1 DAGs
[2026-01-08T02:01:01.861+0000] {logging_mixin.py:190} INFO - [2026-01-08T02:01:01.861+0000] {dag.py:4138} INFO - Setting next_dagrun for tutorial to 2026-01-07 00:00:00+00:00, run_after=2026-01-08 00:00:00+00:00
[2026-01-08T02:01:01.878+0000] {processor.py:208} INFO - Processing /home/airflow/.local/lib/python3.12/site-packages/airflow/example_dags/tutorial.py took 0.069 seconds
[2026-01-08T02:01:32.315+0000] {processor.py:186} INFO - Started process (PID=1688) to work on /home/airflow/.local/lib/python3.12/site-packages/airflow/example_dags/tutorial.py
[2026-01-08T02:01:32.316+0000] {processor.py:914} INFO - Processing file /home/airflow/.local/lib/python3.12/site-packages/airflow/example_dags/tutorial.py for tasks to queue
[2026-01-08T02:01:32.318+0000] {logging_mixin.py:190} INFO - [2026-01-08T02:01:32.318+0000] {dagbag.py:587} INFO - Filling up the DagBag from /home/airflow/.local/lib/python3.12/site-packages/airflow/example_dags/tutorial.py
[2026-01-08T02:01:32.324+0000] {processor.py:925} INFO - DAG(s) 'tutorial' retrieved from /home/airflow/.local/lib/python3.12/site-packages/airflow/example_dags/tutorial.py
[2026-01-08T02:01:32.341+0000] {logging_mixin.py:190} INFO - [2026-01-08T02:01:32.341+0000] {dag.py:3211} INFO - Sync 1 DAGs
[2026-01-08T02:01:32.359+0000] {logging_mixin.py:190} INFO - [2026-01-08T02:01:32.359+0000] {dag.py:4138} INFO - Setting next_dagrun for tutorial to 2026-01-07 00:00:00+00:00, run_after=2026-01-08 00:00:00+00:00
[2026-01-08T02:01:32.375+0000] {processor.py:208} INFO - Processing /home/airflow/.local/lib/python3.12/site-packages/airflow/example_dags/tutorial.py took 0.064 seconds
[2026-01-08T02:02:02.453+0000] {processor.py:186} INFO - Started process (PID=1751) to work on /home/airflow/.local/lib/python3.12/site-packages/airflow/example_dags/tutorial.py
[2026-01-08T02:02:02.454+0000] {processor.py:914} INFO - Processing file /home/airflow/.local/lib/python3.12/site-packages/airflow/example_dags/tutorial.py for tasks to queue
[2026-01-08T02:02:02.457+0000] {logging_mixin.py:190} INFO - [2026-01-08T02:02:02.457+0000] {dagbag.py:587} INFO - Filling up the DagBag from /home/airflow/.local/lib/python3.12/site-packages/airflow/example_dags/tutorial.py
[2026-01-08T02:02:02.464+0000] {processor.py:925} INFO - DAG(s) 'tutorial' retrieved from /home/airflow/.local/lib/python3.12/site-packages/airflow/example_dags/tutorial.py
[2026-01-08T02:02:02.482+0000] {logging_mixin.py:190} INFO - [2026-01-08T02:02:02.482+0000] {dag.py:3211} INFO - Sync 1 DAGs
[2026-01-08T02:02:02.499+0000] {logging_mixin.py:190} INFO - [2026-01-08T02:02:02.499+0000] {dag.py:4138} INFO - Setting next_dagrun for tutorial to 2026-01-07 00:00:00+00:00, run_after=2026-01-08 00:00:00+00:00
[2026-01-08T02:02:02.513+0000] {processor.py:208} INFO - Processing /home/airflow/.local/lib/python3.12/site-packages/airflow/example_dags/tutorial.py took 0.065 seconds
[2026-01-08T02:02:33.424+0000] {processor.py:186} INFO - Started process (PID=1814) to work on /home/airflow/.local/lib/python3.12/site-packages/airflow/example_dags/tutorial.py
[2026-01-08T02:02:33.426+0000] {processor.py:914} INFO - Processing file /home/airflow/.local/lib/python3.12/site-packages/airflow/example_dags/tutorial.py for tasks to queue
[2026-01-08T02:02:33.429+0000] {logging_mixin.py:190} INFO - [2026-01-08T02:02:33.429+0000] {dagbag.py:587} INFO - Filling up the DagBag from /home/airflow/.local/lib/python3.12/site-packages/airflow/example_dags/tutorial.py
[2026-01-08T02:02:33.436+0000] {processor.py:925} INFO - DAG(s) 'tutorial' retrieved from /home/airflow/.local/lib/python3.12/site-packages/airflow/example_dags/tutorial.py
[2026-01-08T02:02:33.455+0000] {logging_mixin.py:190} INFO - [2026-01-08T02:02:33.455+0000] {dag.py:3211} INFO - Sync 1 DAGs
[2026-01-08T02:02:33.475+0000] {logging_mixin.py:190} INFO - [2026-01-08T02:02:33.475+0000] {dag.py:4138} INFO - Setting next_dagrun for tutorial to 2026-01-07 00:00:00+00:00, run_after=2026-01-08 00:00:00+00:00
[2026-01-08T02:02:33.496+0000] {processor.py:208} INFO - Processing /home/airflow/.local/lib/python3.12/site-packages/airflow/example_dags/tutorial.py took 0.077 seconds
[2026-01-08T02:03:04.527+0000] {processor.py:186} INFO - Started process (PID=1877) to work on /home/airflow/.local/lib/python3.12/site-packages/airflow/example_dags/tutorial.py
[2026-01-08T02:03:04.528+0000] {processor.py:914} INFO - Processing file /home/airflow/.local/lib/python3.12/site-packages/airflow/example_dags/tutorial.py for tasks to queue
[2026-01-08T02:03:04.531+0000] {logging_mixin.py:190} INFO - [2026-01-08T02:03:04.531+0000] {dagbag.py:587} INFO - Filling up the DagBag from /home/airflow/.local/lib/python3.12/site-packages/airflow/example_dags/tutorial.py
[2026-01-08T02:03:04.537+0000] {processor.py:925} INFO - DAG(s) 'tutorial' retrieved from /home/airflow/.local/lib/python3.12/site-packages/airflow/example_dags/tutorial.py
[2026-01-08T02:03:04.556+0000] {logging_mixin.py:190} INFO - [2026-01-08T02:03:04.555+0000] {dag.py:3211} INFO - Sync 1 DAGs
[2026-01-08T02:03:04.574+0000] {logging_mixin.py:190} INFO - [2026-01-08T02:03:04.573+0000] {dag.py:4138} INFO - Setting next_dagrun for tutorial to 2026-01-07 00:00:00+00:00, run_after=2026-01-08 00:00:00+00:00
[2026-01-08T02:03:04.591+0000] {processor.py:208} INFO - Processing /home/airflow/.local/lib/python3.12/site-packages/airflow/example_dags/tutorial.py took 0.069 seconds
[2026-01-08T02:03:34.813+0000] {processor.py:186} INFO - Started process (PID=1942) to work on /home/airflow/.local/lib/python3.12/site-packages/airflow/example_dags/tutorial.py
[2026-01-08T02:03:34.815+0000] {processor.py:914} INFO - Processing file /home/airflow/.local/lib/python3.12/site-packages/airflow/example_dags/tutorial.py for tasks to queue
[2026-01-08T02:03:34.817+0000] {logging_mixin.py:190} INFO - [2026-01-08T02:03:34.817+0000] {dagbag.py:587} INFO - Filling up the DagBag from /home/airflow/.local/lib/python3.12/site-packages/airflow/example_dags/tutorial.py
[2026-01-08T02:03:34.824+0000] {processor.py:925} INFO - DAG(s) 'tutorial' retrieved from /home/airflow/.local/lib/python3.12/site-packages/airflow/example_dags/tutorial.py
[2026-01-08T02:03:34.840+0000] {logging_mixin.py:190} INFO - [2026-01-08T02:03:34.840+0000] {dag.py:3211} INFO - Sync 1 DAGs
[2026-01-08T02:03:34.857+0000] {logging_mixin.py:190} INFO - [2026-01-08T02:03:34.857+0000] {dag.py:4138} INFO - Setting next_dagrun for tutorial to 2026-01-07 00:00:00+00:00, run_after=2026-01-08 00:00:00+00:00
[2026-01-08T02:03:34.873+0000] {processor.py:208} INFO - Processing /home/airflow/.local/lib/python3.12/site-packages/airflow/example_dags/tutorial.py took 0.065 seconds
[2026-01-08T02:04:05.120+0000] {processor.py:186} INFO - Started process (PID=2005) to work on /home/airflow/.local/lib/python3.12/site-packages/airflow/example_dags/tutorial.py
[2026-01-08T02:04:05.122+0000] {processor.py:914} INFO - Processing file /home/airflow/.local/lib/python3.12/site-packages/airflow/example_dags/tutorial.py for tasks to queue
[2026-01-08T02:04:05.125+0000] {logging_mixin.py:190} INFO - [2026-01-08T02:04:05.125+0000] {dagbag.py:587} INFO - Filling up the DagBag from /home/airflow/.local/lib/python3.12/site-packages/airflow/example_dags/tutorial.py
[2026-01-08T02:04:05.133+0000] {processor.py:925} INFO - DAG(s) 'tutorial' retrieved from /home/airflow/.local/lib/python3.12/site-packages/airflow/example_dags/tutorial.py
[2026-01-08T02:04:05.151+0000] {logging_mixin.py:190} INFO - [2026-01-08T02:04:05.151+0000] {dag.py:3211} INFO - Sync 1 DAGs
[2026-01-08T02:04:05.169+0000] {logging_mixin.py:190} INFO - [2026-01-08T02:04:05.169+0000] {dag.py:4138} INFO - Setting next_dagrun for tutorial to 2026-01-07 00:00:00+00:00, run_after=2026-01-08 00:00:00+00:00
[2026-01-08T02:04:05.187+0000] {processor.py:208} INFO - Processing /home/airflow/.local/lib/python3.12/site-packages/airflow/example_dags/tutorial.py took 0.072 seconds
[2026-01-08T02:04:35.460+0000] {processor.py:186} INFO - Started process (PID=2068) to work on /home/airflow/.local/lib/python3.12/site-packages/airflow/example_dags/tutorial.py
[2026-01-08T02:04:35.461+0000] {processor.py:914} INFO - Processing file /home/airflow/.local/lib/python3.12/site-packages/airflow/example_dags/tutorial.py for tasks to queue
[2026-01-08T02:04:35.464+0000] {logging_mixin.py:190} INFO - [2026-01-08T02:04:35.464+0000] {dagbag.py:587} INFO - Filling up the DagBag from /home/airflow/.local/lib/python3.12/site-packages/airflow/example_dags/tutorial.py
[2026-01-08T02:04:35.470+0000] {processor.py:925} INFO - DAG(s) 'tutorial' retrieved from /home/airflow/.local/lib/python3.12/site-packages/airflow/example_dags/tutorial.py
[2026-01-08T02:04:35.486+0000] {logging_mixin.py:190} INFO - [2026-01-08T02:04:35.486+0000] {dag.py:3211} INFO - Sync 1 DAGs
[2026-01-08T02:04:35.501+0000] {logging_mixin.py:190} INFO - [2026-01-08T02:04:35.501+0000] {dag.py:4138} INFO - Setting next_dagrun for tutorial to 2026-01-07 00:00:00+00:00, run_after=2026-01-08 00:00:00+00:00
[2026-01-08T02:04:35.523+0000] {processor.py:208} INFO - Processing /home/airflow/.local/lib/python3.12/site-packages/airflow/example_dags/tutorial.py took 0.068 seconds
[2026-01-08T02:05:05.629+0000] {processor.py:186} INFO - Started process (PID=2131) to work on /home/airflow/.local/lib/python3.12/site-packages/airflow/example_dags/tutorial.py
[2026-01-08T02:05:05.630+0000] {processor.py:914} INFO - Processing file /home/airflow/.local/lib/python3.12/site-packages/airflow/example_dags/tutorial.py for tasks to queue
[2026-01-08T02:05:05.633+0000] {logging_mixin.py:190} INFO - [2026-01-08T02:05:05.633+0000] {dagbag.py:587} INFO - Filling up the DagBag from /home/airflow/.local/lib/python3.12/site-packages/airflow/example_dags/tutorial.py
[2026-01-08T02:05:05.639+0000] {processor.py:925} INFO - DAG(s) 'tutorial' retrieved from /home/airflow/.local/lib/python3.12/site-packages/airflow/example_dags/tutorial.py
[2026-01-08T02:05:05.655+0000] {logging_mixin.py:190} INFO - [2026-01-08T02:05:05.655+0000] {dag.py:3211} INFO - Sync 1 DAGs
[2026-01-08T02:05:05.671+0000] {logging_mixin.py:190} INFO - [2026-01-08T02:05:05.671+0000] {dag.py:4138} INFO - Setting next_dagrun for tutorial to 2026-01-07 00:00:00+00:00, run_after=2026-01-08 00:00:00+00:00
[2026-01-08T02:05:05.685+0000] {processor.py:208} INFO - Processing /home/airflow/.local/lib/python3.12/site-packages/airflow/example_dags/tutorial.py took 0.060 seconds
[2026-01-08T02:05:35.966+0000] {processor.py:186} INFO - Started process (PID=2194) to work on /home/airflow/.local/lib/python3.12/site-packages/airflow/example_dags/tutorial.py
[2026-01-08T02:05:35.967+0000] {processor.py:914} INFO - Processing file /home/airflow/.local/lib/python3.12/site-packages/airflow/example_dags/tutorial.py for tasks to queue
[2026-01-08T02:05:35.970+0000] {logging_mixin.py:190} INFO - [2026-01-08T02:05:35.970+0000] {dagbag.py:587} INFO - Filling up the DagBag from /home/airflow/.local/lib/python3.12/site-packages/airflow/example_dags/tutorial.py
[2026-01-08T02:05:35.976+0000] {processor.py:925} INFO - DAG(s) 'tutorial' retrieved from /home/airflow/.local/lib/python3.12/site-packages/airflow/example_dags/tutorial.py
[2026-01-08T02:05:35.992+0000] {logging_mixin.py:190} INFO - [2026-01-08T02:05:35.992+0000] {dag.py:3211} INFO - Sync 1 DAGs
[2026-01-08T02:05:36.009+0000] {logging_mixin.py:190} INFO - [2026-01-08T02:05:36.009+0000] {dag.py:4138} INFO - Setting next_dagrun for tutorial to 2026-01-07 00:00:00+00:00, run_after=2026-01-08 00:00:00+00:00
[2026-01-08T02:05:36.033+0000] {processor.py:208} INFO - Processing /home/airflow/.local/lib/python3.12/site-packages/airflow/example_dags/tutorial.py took 0.071 seconds
[2026-01-08T02:06:06.273+0000] {processor.py:186} INFO - Started process (PID=2257) to work on /home/airflow/.local/lib/python3.12/site-packages/airflow/example_dags/tutorial.py
[2026-01-08T02:06:06.274+0000] {processor.py:914} INFO - Processing file /home/airflow/.local/lib/python3.12/site-packages/airflow/example_dags/tutorial.py for tasks to queue
[2026-01-08T02:06:06.276+0000] {logging_mixin.py:190} INFO - [2026-01-08T02:06:06.276+0000] {dagbag.py:587} INFO - Filling up the DagBag from /home/airflow/.local/lib/python3.12/site-packages/airflow/example_dags/tutorial.py
[2026-01-08T02:06:06.282+0000] {processor.py:925} INFO - DAG(s) 'tutorial' retrieved from /home/airflow/.local/lib/python3.12/site-packages/airflow/example_dags/tutorial.py
[2026-01-08T02:06:06.299+0000] {logging_mixin.py:190} INFO - [2026-01-08T02:06:06.299+0000] {dag.py:3211} INFO - Sync 1 DAGs
[2026-01-08T02:06:06.315+0000] {logging_mixin.py:190} INFO - [2026-01-08T02:06:06.315+0000] {dag.py:4138} INFO - Setting next_dagrun for tutorial to 2026-01-07 00:00:00+00:00, run_after=2026-01-08 00:00:00+00:00
[2026-01-08T02:06:06.327+0000] {processor.py:208} INFO - Processing /home/airflow/.local/lib/python3.12/site-packages/airflow/example_dags/tutorial.py took 0.059 seconds
[2026-01-08T02:06:36.750+0000] {processor.py:186} INFO - Started process (PID=2320) to work on /home/airflow/.local/lib/python3.12/site-packages/airflow/example_dags/tutorial.py
[2026-01-08T02:06:36.751+0000] {processor.py:914} INFO - Processing file /home/airflow/.local/lib/python3.12/site-packages/airflow/example_dags/tutorial.py for tasks to queue
[2026-01-08T02:06:36.753+0000] {logging_mixin.py:190} INFO - [2026-01-08T02:06:36.753+0000] {dagbag.py:587} INFO - Filling up the DagBag from /home/airflow/.local/lib/python3.12/site-packages/airflow/example_dags/tutorial.py
[2026-01-08T02:06:36.761+0000] {processor.py:925} INFO - DAG(s) 'tutorial' retrieved from /home/airflow/.local/lib/python3.12/site-packages/airflow/example_dags/tutorial.py
[2026-01-08T02:06:36.776+0000] {logging_mixin.py:190} INFO - [2026-01-08T02:06:36.776+0000] {dag.py:3211} INFO - Sync 1 DAGs
[2026-01-08T02:06:36.791+0000] {logging_mixin.py:190} INFO - [2026-01-08T02:06:36.791+0000] {dag.py:4138} INFO - Setting next_dagrun for tutorial to 2026-01-07 00:00:00+00:00, run_after=2026-01-08 00:00:00+00:00
[2026-01-08T02:06:36.805+0000] {processor.py:208} INFO - Processing /home/airflow/.local/lib/python3.12/site-packages/airflow/example_dags/tutorial.py took 0.060 seconds
[2026-01-08T02:07:07.195+0000] {processor.py:186} INFO - Started process (PID=2383) to work on /home/airflow/.local/lib/python3.12/site-packages/airflow/example_dags/tutorial.py
[2026-01-08T02:07:07.197+0000] {processor.py:914} INFO - Processing file /home/airflow/.local/lib/python3.12/site-packages/airflow/example_dags/tutorial.py for tasks to queue
[2026-01-08T02:07:07.200+0000] {logging_mixin.py:190} INFO - [2026-01-08T02:07:07.200+0000] {dagbag.py:587} INFO - Filling up the DagBag from /home/airflow/.local/lib/python3.12/site-packages/airflow/example_dags/tutorial.py
[2026-01-08T02:07:07.206+0000] {processor.py:925} INFO - DAG(s) 'tutorial' retrieved from /home/airflow/.local/lib/python3.12/site-packages/airflow/example_dags/tutorial.py
[2026-01-08T02:07:07.224+0000] {logging_mixin.py:190} INFO - [2026-01-08T02:07:07.223+0000] {dag.py:3211} INFO - Sync 1 DAGs
[2026-01-08T02:07:07.242+0000] {logging_mixin.py:190} INFO - [2026-01-08T02:07:07.242+0000] {dag.py:4138} INFO - Setting next_dagrun for tutorial to 2026-01-07 00:00:00+00:00, run_after=2026-01-08 00:00:00+00:00
[2026-01-08T02:07:07.261+0000] {processor.py:208} INFO - Processing /home/airflow/.local/lib/python3.12/site-packages/airflow/example_dags/tutorial.py took 0.070 seconds
[2026-01-08T02:07:37.598+0000] {processor.py:186} INFO - Started process (PID=2446) to work on /home/airflow/.local/lib/python3.12/site-packages/airflow/example_dags/tutorial.py
[2026-01-08T02:07:37.600+0000] {processor.py:914} INFO - Processing file /home/airflow/.local/lib/python3.12/site-packages/airflow/example_dags/tutorial.py for tasks to queue
[2026-01-08T02:07:37.602+0000] {logging_mixin.py:190} INFO - [2026-01-08T02:07:37.601+0000] {dagbag.py:587} INFO - Filling up the DagBag from /home/airflow/.local/lib/python3.12/site-packages/airflow/example_dags/tutorial.py
[2026-01-08T02:07:37.608+0000] {processor.py:925} INFO - DAG(s) 'tutorial' retrieved from /home/airflow/.local/lib/python3.12/site-packages/airflow/example_dags/tutorial.py
[2026-01-08T02:07:37.625+0000] {logging_mixin.py:190} INFO - [2026-01-08T02:07:37.624+0000] {dag.py:3211} INFO - Sync 1 DAGs
[2026-01-08T02:07:37.641+0000] {logging_mixin.py:190} INFO - [2026-01-08T02:07:37.640+0000] {dag.py:4138} INFO - Setting next_dagrun for tutorial to 2026-01-07 00:00:00+00:00, run_after=2026-01-08 00:00:00+00:00
[2026-01-08T02:07:37.656+0000] {processor.py:208} INFO - Processing /home/airflow/.local/lib/python3.12/site-packages/airflow/example_dags/tutorial.py took 0.062 seconds
[2026-01-08T02:08:07.792+0000] {processor.py:186} INFO - Started process (PID=2509) to work on /home/airflow/.local/lib/python3.12/site-packages/airflow/example_dags/tutorial.py
[2026-01-08T02:08:07.794+0000] {processor.py:914} INFO - Processing file /home/airflow/.local/lib/python3.12/site-packages/airflow/example_dags/tutorial.py for tasks to queue
[2026-01-08T02:08:07.796+0000] {logging_mixin.py:190} INFO - [2026-01-08T02:08:07.796+0000] {dagbag.py:587} INFO - Filling up the DagBag from /home/airflow/.local/lib/python3.12/site-packages/airflow/example_dags/tutorial.py
[2026-01-08T02:08:07.802+0000] {processor.py:925} INFO - DAG(s) 'tutorial' retrieved from /home/airflow/.local/lib/python3.12/site-packages/airflow/example_dags/tutorial.py
[2026-01-08T02:08:07.819+0000] {logging_mixin.py:190} INFO - [2026-01-08T02:08:07.818+0000] {dag.py:3211} INFO - Sync 1 DAGs
[2026-01-08T02:08:07.836+0000] {logging_mixin.py:190} INFO - [2026-01-08T02:08:07.835+0000] {dag.py:4138} INFO - Setting next_dagrun for tutorial to 2026-01-07 00:00:00+00:00, run_after=2026-01-08 00:00:00+00:00
[2026-01-08T02:08:07.851+0000] {processor.py:208} INFO - Processing /home/airflow/.local/lib/python3.12/site-packages/airflow/example_dags/tutorial.py took 0.064 seconds
[2026-01-08T02:08:38.023+0000] {processor.py:186} INFO - Started process (PID=2572) to work on /home/airflow/.local/lib/python3.12/site-packages/airflow/example_dags/tutorial.py
[2026-01-08T02:08:38.025+0000] {processor.py:914} INFO - Processing file /home/airflow/.local/lib/python3.12/site-packages/airflow/example_dags/tutorial.py for tasks to queue
[2026-01-08T02:08:38.027+0000] {logging_mixin.py:190} INFO - [2026-01-08T02:08:38.027+0000] {dagbag.py:587} INFO - Filling up the DagBag from /home/airflow/.local/lib/python3.12/site-packages/airflow/example_dags/tutorial.py
[2026-01-08T02:08:38.034+0000] {processor.py:925} INFO - DAG(s) 'tutorial' retrieved from /home/airflow/.local/lib/python3.12/site-packages/airflow/example_dags/tutorial.py
[2026-01-08T02:08:38.050+0000] {logging_mixin.py:190} INFO - [2026-01-08T02:08:38.050+0000] {dag.py:3211} INFO - Sync 1 DAGs
[2026-01-08T02:08:38.066+0000] {logging_mixin.py:190} INFO - [2026-01-08T02:08:38.066+0000] {dag.py:4138} INFO - Setting next_dagrun for tutorial to 2026-01-07 00:00:00+00:00, run_after=2026-01-08 00:00:00+00:00
[2026-01-08T02:08:38.088+0000] {processor.py:208} INFO - Processing /home/airflow/.local/lib/python3.12/site-packages/airflow/example_dags/tutorial.py took 0.069 seconds
[2026-01-08T02:09:08.290+0000] {processor.py:186} INFO - Started process (PID=2635) to work on /home/airflow/.local/lib/python3.12/site-packages/airflow/example_dags/tutorial.py
[2026-01-08T02:09:08.292+0000] {processor.py:914} INFO - Processing file /home/airflow/.local/lib/python3.12/site-packages/airflow/example_dags/tutorial.py for tasks to queue
[2026-01-08T02:09:08.295+0000] {logging_mixin.py:190} INFO - [2026-01-08T02:09:08.294+0000] {dagbag.py:587} INFO - Filling up the DagBag from /home/airflow/.local/lib/python3.12/site-packages/airflow/example_dags/tutorial.py
[2026-01-08T02:09:08.301+0000] {processor.py:925} INFO - DAG(s) 'tutorial' retrieved from /home/airflow/.local/lib/python3.12/site-packages/airflow/example_dags/tutorial.py
[2026-01-08T02:09:08.317+0000] {logging_mixin.py:190} INFO - [2026-01-08T02:09:08.317+0000] {dag.py:3211} INFO - Sync 1 DAGs
[2026-01-08T02:09:08.332+0000] {logging_mixin.py:190} INFO - [2026-01-08T02:09:08.332+0000] {dag.py:4138} INFO - Setting next_dagrun for tutorial to 2026-01-07 00:00:00+00:00, run_after=2026-01-08 00:00:00+00:00
[2026-01-08T02:09:08.349+0000] {processor.py:208} INFO - Processing /home/airflow/.local/lib/python3.12/site-packages/airflow/example_dags/tutorial.py took 0.063 seconds
[2026-01-08T02:09:38.762+0000] {processor.py:186} INFO - Started process (PID=2698) to work on /home/airflow/.local/lib/python3.12/site-packages/airflow/example_dags/tutorial.py
[2026-01-08T02:09:38.763+0000] {processor.py:914} INFO - Processing file /home/airflow/.local/lib/python3.12/site-packages/airflow/example_dags/tutorial.py for tasks to queue
[2026-01-08T02:09:38.765+0000] {logging_mixin.py:190} INFO - [2026-01-08T02:09:38.765+0000] {dagbag.py:587} INFO - Filling up the DagBag from /home/airflow/.local/lib/python3.12/site-packages/airflow/example_dags/tutorial.py
[2026-01-08T02:09:38.771+0000] {processor.py:925} INFO - DAG(s) 'tutorial' retrieved from /home/airflow/.local/lib/python3.12/site-packages/airflow/example_dags/tutorial.py
[2026-01-08T02:09:38.792+0000] {logging_mixin.py:190} INFO - [2026-01-08T02:09:38.792+0000] {dag.py:3211} INFO - Sync 1 DAGs
[2026-01-08T02:09:38.810+0000] {logging_mixin.py:190} INFO - [2026-01-08T02:09:38.809+0000] {dag.py:4138} INFO - Setting next_dagrun for tutorial to 2026-01-07 00:00:00+00:00, run_after=2026-01-08 00:00:00+00:00
[2026-01-08T02:09:38.835+0000] {processor.py:208} INFO - Processing /home/airflow/.local/lib/python3.12/site-packages/airflow/example_dags/tutorial.py took 0.078 seconds
[2026-01-08T02:10:09.219+0000] {processor.py:186} INFO - Started process (PID=2761) to work on /home/airflow/.local/lib/python3.12/site-packages/airflow/example_dags/tutorial.py
[2026-01-08T02:10:09.221+0000] {processor.py:914} INFO - Processing file /home/airflow/.local/lib/python3.12/site-packages/airflow/example_dags/tutorial.py for tasks to queue
[2026-01-08T02:10:09.223+0000] {logging_mixin.py:190} INFO - [2026-01-08T02:10:09.223+0000] {dagbag.py:587} INFO - Filling up the DagBag from /home/airflow/.local/lib/python3.12/site-packages/airflow/example_dags/tutorial.py
[2026-01-08T02:10:09.229+0000] {processor.py:925} INFO - DAG(s) 'tutorial' retrieved from /home/airflow/.local/lib/python3.12/site-packages/airflow/example_dags/tutorial.py
[2026-01-08T02:10:09.245+0000] {logging_mixin.py:190} INFO - [2026-01-08T02:10:09.244+0000] {dag.py:3211} INFO - Sync 1 DAGs
[2026-01-08T02:10:09.261+0000] {logging_mixin.py:190} INFO - [2026-01-08T02:10:09.261+0000] {dag.py:4138} INFO - Setting next_dagrun for tutorial to 2026-01-07 00:00:00+00:00, run_after=2026-01-08 00:00:00+00:00
[2026-01-08T02:10:09.276+0000] {processor.py:208} INFO - Processing /home/airflow/.local/lib/python3.12/site-packages/airflow/example_dags/tutorial.py took 0.061 seconds
[2026-01-08T02:10:39.582+0000] {processor.py:186} INFO - Started process (PID=2823) to work on /home/airflow/.local/lib/python3.12/site-packages/airflow/example_dags/tutorial.py
[2026-01-08T02:10:39.584+0000] {processor.py:914} INFO - Processing file /home/airflow/.local/lib/python3.12/site-packages/airflow/example_dags/tutorial.py for tasks to queue
[2026-01-08T02:10:39.586+0000] {logging_mixin.py:190} INFO - [2026-01-08T02:10:39.586+0000] {dagbag.py:587} INFO - Filling up the DagBag from /home/airflow/.local/lib/python3.12/site-packages/airflow/example_dags/tutorial.py
[2026-01-08T02:10:39.594+0000] {processor.py:925} INFO - DAG(s) 'tutorial' retrieved from /home/airflow/.local/lib/python3.12/site-packages/airflow/example_dags/tutorial.py
[2026-01-08T02:10:39.615+0000] {logging_mixin.py:190} INFO - [2026-01-08T02:10:39.614+0000] {dag.py:3211} INFO - Sync 1 DAGs
[2026-01-08T02:10:39.637+0000] {logging_mixin.py:190} INFO - [2026-01-08T02:10:39.637+0000] {dag.py:4138} INFO - Setting next_dagrun for tutorial to 2026-01-07 00:00:00+00:00, run_after=2026-01-08 00:00:00+00:00
[2026-01-08T02:10:39.660+0000] {processor.py:208} INFO - Processing /home/airflow/.local/lib/python3.12/site-packages/airflow/example_dags/tutorial.py took 0.083 seconds
[2026-01-08T02:11:09.923+0000] {processor.py:186} INFO - Started process (PID=2886) to work on /home/airflow/.local/lib/python3.12/site-packages/airflow/example_dags/tutorial.py
[2026-01-08T02:11:09.924+0000] {processor.py:914} INFO - Processing file /home/airflow/.local/lib/python3.12/site-packages/airflow/example_dags/tutorial.py for tasks to queue
[2026-01-08T02:11:09.927+0000] {logging_mixin.py:190} INFO - [2026-01-08T02:11:09.926+0000] {dagbag.py:587} INFO - Filling up the DagBag from /home/airflow/.local/lib/python3.12/site-packages/airflow/example_dags/tutorial.py
[2026-01-08T02:11:09.934+0000] {processor.py:925} INFO - DAG(s) 'tutorial' retrieved from /home/airflow/.local/lib/python3.12/site-packages/airflow/example_dags/tutorial.py
[2026-01-08T02:11:09.953+0000] {logging_mixin.py:190} INFO - [2026-01-08T02:11:09.953+0000] {dag.py:3211} INFO - Sync 1 DAGs
[2026-01-08T02:11:09.973+0000] {logging_mixin.py:190} INFO - [2026-01-08T02:11:09.973+0000] {dag.py:4138} INFO - Setting next_dagrun for tutorial to 2026-01-07 00:00:00+00:00, run_after=2026-01-08 00:00:00+00:00
[2026-01-08T02:11:09.989+0000] {processor.py:208} INFO - Processing /home/airflow/.local/lib/python3.12/site-packages/airflow/example_dags/tutorial.py took 0.072 seconds
[2026-01-08T02:11:40.628+0000] {processor.py:186} INFO - Started process (PID=2949) to work on /home/airflow/.local/lib/python3.12/site-packages/airflow/example_dags/tutorial.py
[2026-01-08T02:11:40.629+0000] {processor.py:914} INFO - Processing file /home/airflow/.local/lib/python3.12/site-packages/airflow/example_dags/tutorial.py for tasks to queue
[2026-01-08T02:11:40.631+0000] {logging_mixin.py:190} INFO - [2026-01-08T02:11:40.631+0000] {dagbag.py:587} INFO - Filling up the DagBag from /home/airflow/.local/lib/python3.12/site-packages/airflow/example_dags/tutorial.py
[2026-01-08T02:11:40.638+0000] {processor.py:925} INFO - DAG(s) 'tutorial' retrieved from /home/airflow/.local/lib/python3.12/site-packages/airflow/example_dags/tutorial.py
[2026-01-08T02:11:40.655+0000] {logging_mixin.py:190} INFO - [2026-01-08T02:11:40.655+0000] {dag.py:3211} INFO - Sync 1 DAGs
[2026-01-08T02:11:40.673+0000] {logging_mixin.py:190} INFO - [2026-01-08T02:11:40.673+0000] {dag.py:4138} INFO - Setting next_dagrun for tutorial to 2026-01-07 00:00:00+00:00, run_after=2026-01-08 00:00:00+00:00
[2026-01-08T02:11:40.694+0000] {processor.py:208} INFO - Processing /home/airflow/.local/lib/python3.12/site-packages/airflow/example_dags/tutorial.py took 0.071 seconds
[2026-01-08T02:12:11.539+0000] {processor.py:186} INFO - Started process (PID=3013) to work on /home/airflow/.local/lib/python3.12/site-packages/airflow/example_dags/tutorial.py
[2026-01-08T02:12:11.540+0000] {processor.py:914} INFO - Processing file /home/airflow/.local/lib/python3.12/site-packages/airflow/example_dags/tutorial.py for tasks to queue
[2026-01-08T02:12:11.542+0000] {logging_mixin.py:190} INFO - [2026-01-08T02:12:11.542+0000] {dagbag.py:587} INFO - Filling up the DagBag from /home/airflow/.local/lib/python3.12/site-packages/airflow/example_dags/tutorial.py
[2026-01-08T02:12:11.549+0000] {processor.py:925} INFO - DAG(s) 'tutorial' retrieved from /home/airflow/.local/lib/python3.12/site-packages/airflow/example_dags/tutorial.py
[2026-01-08T02:12:11.564+0000] {logging_mixin.py:190} INFO - [2026-01-08T02:12:11.564+0000] {dag.py:3211} INFO - Sync 1 DAGs
[2026-01-08T02:12:11.581+0000] {logging_mixin.py:190} INFO - [2026-01-08T02:12:11.581+0000] {dag.py:4138} INFO - Setting next_dagrun for tutorial to 2026-01-07 00:00:00+00:00, run_after=2026-01-08 00:00:00+00:00
[2026-01-08T02:12:11.595+0000] {processor.py:208} INFO - Processing /home/airflow/.local/lib/python3.12/site-packages/airflow/example_dags/tutorial.py took 0.060 seconds
