[2026-01-08T01:48:23.134+0000] {processor.py:186} INFO - Started process (PID=92) to work on /home/airflow/.local/lib/python3.12/site-packages/airflow/example_dags/tutorial_dag.py
[2026-01-08T01:48:23.135+0000] {processor.py:914} INFO - Processing file /home/airflow/.local/lib/python3.12/site-packages/airflow/example_dags/tutorial_dag.py for tasks to queue
[2026-01-08T01:48:23.137+0000] {logging_mixin.py:190} INFO - [2026-01-08T01:48:23.137+0000] {dagbag.py:587} INFO - Filling up the DagBag from /home/airflow/.local/lib/python3.12/site-packages/airflow/example_dags/tutorial_dag.py
[2026-01-08T01:48:23.144+0000] {processor.py:925} INFO - DAG(s) 'tutorial_dag' retrieved from /home/airflow/.local/lib/python3.12/site-packages/airflow/example_dags/tutorial_dag.py
[2026-01-08T01:48:23.214+0000] {logging_mixin.py:190} INFO - [2026-01-08T01:48:23.214+0000] {override.py:1858} INFO - Created Permission View: can edit on DAG:tutorial_dag
[2026-01-08T01:48:23.222+0000] {logging_mixin.py:190} INFO - [2026-01-08T01:48:23.222+0000] {override.py:1858} INFO - Created Permission View: can read on DAG:tutorial_dag
[2026-01-08T01:48:23.228+0000] {logging_mixin.py:190} INFO - [2026-01-08T01:48:23.227+0000] {override.py:1858} INFO - Created Permission View: can delete on DAG:tutorial_dag
[2026-01-08T01:48:23.229+0000] {logging_mixin.py:190} INFO - [2026-01-08T01:48:23.229+0000] {dag.py:3211} INFO - Sync 1 DAGs
[2026-01-08T01:48:23.238+0000] {logging_mixin.py:190} INFO - [2026-01-08T01:48:23.238+0000] {dag.py:3234} INFO - Creating ORM DAG for tutorial_dag
[2026-01-08T01:48:23.239+0000] {logging_mixin.py:190} INFO - [2026-01-08T01:48:23.239+0000] {dag.py:4138} INFO - Setting next_dagrun for tutorial_dag to None, run_after=None
[2026-01-08T01:48:23.251+0000] {processor.py:208} INFO - Processing /home/airflow/.local/lib/python3.12/site-packages/airflow/example_dags/tutorial_dag.py took 0.122 seconds
[2026-01-08T01:48:53.425+0000] {processor.py:186} INFO - Started process (PID=154) to work on /home/airflow/.local/lib/python3.12/site-packages/airflow/example_dags/tutorial_dag.py
[2026-01-08T01:48:53.426+0000] {processor.py:914} INFO - Processing file /home/airflow/.local/lib/python3.12/site-packages/airflow/example_dags/tutorial_dag.py for tasks to queue
[2026-01-08T01:48:53.428+0000] {logging_mixin.py:190} INFO - [2026-01-08T01:48:53.428+0000] {dagbag.py:587} INFO - Filling up the DagBag from /home/airflow/.local/lib/python3.12/site-packages/airflow/example_dags/tutorial_dag.py
[2026-01-08T01:48:53.434+0000] {processor.py:925} INFO - DAG(s) 'tutorial_dag' retrieved from /home/airflow/.local/lib/python3.12/site-packages/airflow/example_dags/tutorial_dag.py
[2026-01-08T01:48:53.452+0000] {logging_mixin.py:190} INFO - [2026-01-08T01:48:53.451+0000] {dag.py:3211} INFO - Sync 1 DAGs
[2026-01-08T01:48:53.462+0000] {logging_mixin.py:190} INFO - [2026-01-08T01:48:53.462+0000] {dag.py:4138} INFO - Setting next_dagrun for tutorial_dag to None, run_after=None
[2026-01-08T01:48:53.480+0000] {processor.py:208} INFO - Processing /home/airflow/.local/lib/python3.12/site-packages/airflow/example_dags/tutorial_dag.py took 0.060 seconds
[2026-01-08T01:49:23.812+0000] {processor.py:186} INFO - Started process (PID=216) to work on /home/airflow/.local/lib/python3.12/site-packages/airflow/example_dags/tutorial_dag.py
[2026-01-08T01:49:23.813+0000] {processor.py:914} INFO - Processing file /home/airflow/.local/lib/python3.12/site-packages/airflow/example_dags/tutorial_dag.py for tasks to queue
[2026-01-08T01:49:23.816+0000] {logging_mixin.py:190} INFO - [2026-01-08T01:49:23.815+0000] {dagbag.py:587} INFO - Filling up the DagBag from /home/airflow/.local/lib/python3.12/site-packages/airflow/example_dags/tutorial_dag.py
[2026-01-08T01:49:23.821+0000] {processor.py:925} INFO - DAG(s) 'tutorial_dag' retrieved from /home/airflow/.local/lib/python3.12/site-packages/airflow/example_dags/tutorial_dag.py
[2026-01-08T01:49:23.836+0000] {logging_mixin.py:190} INFO - [2026-01-08T01:49:23.836+0000] {dag.py:3211} INFO - Sync 1 DAGs
[2026-01-08T01:49:23.846+0000] {logging_mixin.py:190} INFO - [2026-01-08T01:49:23.846+0000] {dag.py:4138} INFO - Setting next_dagrun for tutorial_dag to None, run_after=None
[2026-01-08T01:49:23.862+0000] {processor.py:208} INFO - Processing /home/airflow/.local/lib/python3.12/site-packages/airflow/example_dags/tutorial_dag.py took 0.054 seconds
[2026-01-08T01:49:54.556+0000] {processor.py:186} INFO - Started process (PID=284) to work on /home/airflow/.local/lib/python3.12/site-packages/airflow/example_dags/tutorial_dag.py
[2026-01-08T01:49:54.557+0000] {processor.py:914} INFO - Processing file /home/airflow/.local/lib/python3.12/site-packages/airflow/example_dags/tutorial_dag.py for tasks to queue
[2026-01-08T01:49:54.559+0000] {logging_mixin.py:190} INFO - [2026-01-08T01:49:54.559+0000] {dagbag.py:587} INFO - Filling up the DagBag from /home/airflow/.local/lib/python3.12/site-packages/airflow/example_dags/tutorial_dag.py
[2026-01-08T01:49:54.565+0000] {processor.py:925} INFO - DAG(s) 'tutorial_dag' retrieved from /home/airflow/.local/lib/python3.12/site-packages/airflow/example_dags/tutorial_dag.py
[2026-01-08T01:49:54.581+0000] {logging_mixin.py:190} INFO - [2026-01-08T01:49:54.581+0000] {dag.py:3211} INFO - Sync 1 DAGs
[2026-01-08T01:49:54.592+0000] {logging_mixin.py:190} INFO - [2026-01-08T01:49:54.591+0000] {dag.py:4138} INFO - Setting next_dagrun for tutorial_dag to None, run_after=None
[2026-01-08T01:49:54.605+0000] {processor.py:208} INFO - Processing /home/airflow/.local/lib/python3.12/site-packages/airflow/example_dags/tutorial_dag.py took 0.053 seconds
[2026-01-08T01:50:24.849+0000] {processor.py:186} INFO - Started process (PID=346) to work on /home/airflow/.local/lib/python3.12/site-packages/airflow/example_dags/tutorial_dag.py
[2026-01-08T01:50:24.850+0000] {processor.py:914} INFO - Processing file /home/airflow/.local/lib/python3.12/site-packages/airflow/example_dags/tutorial_dag.py for tasks to queue
[2026-01-08T01:50:24.853+0000] {logging_mixin.py:190} INFO - [2026-01-08T01:50:24.853+0000] {dagbag.py:587} INFO - Filling up the DagBag from /home/airflow/.local/lib/python3.12/site-packages/airflow/example_dags/tutorial_dag.py
[2026-01-08T01:50:24.859+0000] {processor.py:925} INFO - DAG(s) 'tutorial_dag' retrieved from /home/airflow/.local/lib/python3.12/site-packages/airflow/example_dags/tutorial_dag.py
[2026-01-08T01:50:24.877+0000] {logging_mixin.py:190} INFO - [2026-01-08T01:50:24.876+0000] {dag.py:3211} INFO - Sync 1 DAGs
[2026-01-08T01:50:24.888+0000] {logging_mixin.py:190} INFO - [2026-01-08T01:50:24.888+0000] {dag.py:4138} INFO - Setting next_dagrun for tutorial_dag to None, run_after=None
[2026-01-08T01:50:24.904+0000] {processor.py:208} INFO - Processing /home/airflow/.local/lib/python3.12/site-packages/airflow/example_dags/tutorial_dag.py took 0.059 seconds
[2026-01-08T01:50:55.205+0000] {processor.py:186} INFO - Started process (PID=408) to work on /home/airflow/.local/lib/python3.12/site-packages/airflow/example_dags/tutorial_dag.py
[2026-01-08T01:50:55.207+0000] {processor.py:914} INFO - Processing file /home/airflow/.local/lib/python3.12/site-packages/airflow/example_dags/tutorial_dag.py for tasks to queue
[2026-01-08T01:50:55.209+0000] {logging_mixin.py:190} INFO - [2026-01-08T01:50:55.209+0000] {dagbag.py:587} INFO - Filling up the DagBag from /home/airflow/.local/lib/python3.12/site-packages/airflow/example_dags/tutorial_dag.py
[2026-01-08T01:50:55.215+0000] {processor.py:925} INFO - DAG(s) 'tutorial_dag' retrieved from /home/airflow/.local/lib/python3.12/site-packages/airflow/example_dags/tutorial_dag.py
[2026-01-08T01:50:55.230+0000] {logging_mixin.py:190} INFO - [2026-01-08T01:50:55.230+0000] {dag.py:3211} INFO - Sync 1 DAGs
[2026-01-08T01:50:55.240+0000] {logging_mixin.py:190} INFO - [2026-01-08T01:50:55.240+0000] {dag.py:4138} INFO - Setting next_dagrun for tutorial_dag to None, run_after=None
[2026-01-08T01:50:55.256+0000] {processor.py:208} INFO - Processing /home/airflow/.local/lib/python3.12/site-packages/airflow/example_dags/tutorial_dag.py took 0.056 seconds
[2026-01-08T01:51:26.045+0000] {processor.py:186} INFO - Started process (PID=470) to work on /home/airflow/.local/lib/python3.12/site-packages/airflow/example_dags/tutorial_dag.py
[2026-01-08T01:51:26.046+0000] {processor.py:914} INFO - Processing file /home/airflow/.local/lib/python3.12/site-packages/airflow/example_dags/tutorial_dag.py for tasks to queue
[2026-01-08T01:51:26.048+0000] {logging_mixin.py:190} INFO - [2026-01-08T01:51:26.047+0000] {dagbag.py:587} INFO - Filling up the DagBag from /home/airflow/.local/lib/python3.12/site-packages/airflow/example_dags/tutorial_dag.py
[2026-01-08T01:51:26.053+0000] {processor.py:925} INFO - DAG(s) 'tutorial_dag' retrieved from /home/airflow/.local/lib/python3.12/site-packages/airflow/example_dags/tutorial_dag.py
[2026-01-08T01:51:26.069+0000] {logging_mixin.py:190} INFO - [2026-01-08T01:51:26.068+0000] {dag.py:3211} INFO - Sync 1 DAGs
[2026-01-08T01:51:26.079+0000] {logging_mixin.py:190} INFO - [2026-01-08T01:51:26.078+0000] {dag.py:4138} INFO - Setting next_dagrun for tutorial_dag to None, run_after=None
[2026-01-08T01:51:26.095+0000] {processor.py:208} INFO - Processing /home/airflow/.local/lib/python3.12/site-packages/airflow/example_dags/tutorial_dag.py took 0.054 seconds
[2026-01-08T01:51:56.640+0000] {processor.py:186} INFO - Started process (PID=533) to work on /home/airflow/.local/lib/python3.12/site-packages/airflow/example_dags/tutorial_dag.py
[2026-01-08T01:51:56.641+0000] {processor.py:914} INFO - Processing file /home/airflow/.local/lib/python3.12/site-packages/airflow/example_dags/tutorial_dag.py for tasks to queue
[2026-01-08T01:51:56.643+0000] {logging_mixin.py:190} INFO - [2026-01-08T01:51:56.643+0000] {dagbag.py:587} INFO - Filling up the DagBag from /home/airflow/.local/lib/python3.12/site-packages/airflow/example_dags/tutorial_dag.py
[2026-01-08T01:51:56.650+0000] {processor.py:925} INFO - DAG(s) 'tutorial_dag' retrieved from /home/airflow/.local/lib/python3.12/site-packages/airflow/example_dags/tutorial_dag.py
[2026-01-08T01:51:56.665+0000] {logging_mixin.py:190} INFO - [2026-01-08T01:51:56.665+0000] {dag.py:3211} INFO - Sync 1 DAGs
[2026-01-08T01:51:56.675+0000] {logging_mixin.py:190} INFO - [2026-01-08T01:51:56.675+0000] {dag.py:4138} INFO - Setting next_dagrun for tutorial_dag to None, run_after=None
[2026-01-08T01:51:56.690+0000] {processor.py:208} INFO - Processing /home/airflow/.local/lib/python3.12/site-packages/airflow/example_dags/tutorial_dag.py took 0.055 seconds
[2026-01-08T01:52:26.985+0000] {processor.py:186} INFO - Started process (PID=595) to work on /home/airflow/.local/lib/python3.12/site-packages/airflow/example_dags/tutorial_dag.py
[2026-01-08T01:52:26.986+0000] {processor.py:914} INFO - Processing file /home/airflow/.local/lib/python3.12/site-packages/airflow/example_dags/tutorial_dag.py for tasks to queue
[2026-01-08T01:52:26.989+0000] {logging_mixin.py:190} INFO - [2026-01-08T01:52:26.989+0000] {dagbag.py:587} INFO - Filling up the DagBag from /home/airflow/.local/lib/python3.12/site-packages/airflow/example_dags/tutorial_dag.py
[2026-01-08T01:52:26.995+0000] {processor.py:925} INFO - DAG(s) 'tutorial_dag' retrieved from /home/airflow/.local/lib/python3.12/site-packages/airflow/example_dags/tutorial_dag.py
[2026-01-08T01:52:27.010+0000] {logging_mixin.py:190} INFO - [2026-01-08T01:52:27.010+0000] {dag.py:3211} INFO - Sync 1 DAGs
[2026-01-08T01:52:27.021+0000] {logging_mixin.py:190} INFO - [2026-01-08T01:52:27.021+0000] {dag.py:4138} INFO - Setting next_dagrun for tutorial_dag to None, run_after=None
[2026-01-08T01:52:27.036+0000] {processor.py:208} INFO - Processing /home/airflow/.local/lib/python3.12/site-packages/airflow/example_dags/tutorial_dag.py took 0.055 seconds
[2026-01-08T01:52:57.458+0000] {processor.py:186} INFO - Started process (PID=657) to work on /home/airflow/.local/lib/python3.12/site-packages/airflow/example_dags/tutorial_dag.py
[2026-01-08T01:52:57.459+0000] {processor.py:914} INFO - Processing file /home/airflow/.local/lib/python3.12/site-packages/airflow/example_dags/tutorial_dag.py for tasks to queue
[2026-01-08T01:52:57.462+0000] {logging_mixin.py:190} INFO - [2026-01-08T01:52:57.462+0000] {dagbag.py:587} INFO - Filling up the DagBag from /home/airflow/.local/lib/python3.12/site-packages/airflow/example_dags/tutorial_dag.py
[2026-01-08T01:52:57.469+0000] {processor.py:925} INFO - DAG(s) 'tutorial_dag' retrieved from /home/airflow/.local/lib/python3.12/site-packages/airflow/example_dags/tutorial_dag.py
[2026-01-08T01:52:57.487+0000] {logging_mixin.py:190} INFO - [2026-01-08T01:52:57.487+0000] {dag.py:3211} INFO - Sync 1 DAGs
[2026-01-08T01:52:57.498+0000] {logging_mixin.py:190} INFO - [2026-01-08T01:52:57.498+0000] {dag.py:4138} INFO - Setting next_dagrun for tutorial_dag to None, run_after=None
[2026-01-08T01:52:57.517+0000] {processor.py:208} INFO - Processing /home/airflow/.local/lib/python3.12/site-packages/airflow/example_dags/tutorial_dag.py took 0.064 seconds
[2026-01-08T01:53:27.872+0000] {processor.py:186} INFO - Started process (PID=719) to work on /home/airflow/.local/lib/python3.12/site-packages/airflow/example_dags/tutorial_dag.py
[2026-01-08T01:53:27.874+0000] {processor.py:914} INFO - Processing file /home/airflow/.local/lib/python3.12/site-packages/airflow/example_dags/tutorial_dag.py for tasks to queue
[2026-01-08T01:53:27.878+0000] {logging_mixin.py:190} INFO - [2026-01-08T01:53:27.878+0000] {dagbag.py:587} INFO - Filling up the DagBag from /home/airflow/.local/lib/python3.12/site-packages/airflow/example_dags/tutorial_dag.py
[2026-01-08T01:53:27.887+0000] {processor.py:925} INFO - DAG(s) 'tutorial_dag' retrieved from /home/airflow/.local/lib/python3.12/site-packages/airflow/example_dags/tutorial_dag.py
[2026-01-08T01:53:27.906+0000] {logging_mixin.py:190} INFO - [2026-01-08T01:53:27.905+0000] {dag.py:3211} INFO - Sync 1 DAGs
[2026-01-08T01:53:27.919+0000] {logging_mixin.py:190} INFO - [2026-01-08T01:53:27.918+0000] {dag.py:4138} INFO - Setting next_dagrun for tutorial_dag to None, run_after=None
[2026-01-08T01:53:27.939+0000] {processor.py:208} INFO - Processing /home/airflow/.local/lib/python3.12/site-packages/airflow/example_dags/tutorial_dag.py took 0.076 seconds
[2026-01-08T01:53:58.390+0000] {processor.py:186} INFO - Started process (PID=781) to work on /home/airflow/.local/lib/python3.12/site-packages/airflow/example_dags/tutorial_dag.py
[2026-01-08T01:53:58.392+0000] {processor.py:914} INFO - Processing file /home/airflow/.local/lib/python3.12/site-packages/airflow/example_dags/tutorial_dag.py for tasks to queue
[2026-01-08T01:53:58.394+0000] {logging_mixin.py:190} INFO - [2026-01-08T01:53:58.394+0000] {dagbag.py:587} INFO - Filling up the DagBag from /home/airflow/.local/lib/python3.12/site-packages/airflow/example_dags/tutorial_dag.py
[2026-01-08T01:53:58.400+0000] {processor.py:925} INFO - DAG(s) 'tutorial_dag' retrieved from /home/airflow/.local/lib/python3.12/site-packages/airflow/example_dags/tutorial_dag.py
[2026-01-08T01:53:58.417+0000] {logging_mixin.py:190} INFO - [2026-01-08T01:53:58.416+0000] {dag.py:3211} INFO - Sync 1 DAGs
[2026-01-08T01:53:58.427+0000] {logging_mixin.py:190} INFO - [2026-01-08T01:53:58.427+0000] {dag.py:4138} INFO - Setting next_dagrun for tutorial_dag to None, run_after=None
[2026-01-08T01:53:58.443+0000] {processor.py:208} INFO - Processing /home/airflow/.local/lib/python3.12/site-packages/airflow/example_dags/tutorial_dag.py took 0.058 seconds
[2026-01-08T01:54:28.980+0000] {processor.py:186} INFO - Started process (PID=843) to work on /home/airflow/.local/lib/python3.12/site-packages/airflow/example_dags/tutorial_dag.py
[2026-01-08T01:54:28.981+0000] {processor.py:914} INFO - Processing file /home/airflow/.local/lib/python3.12/site-packages/airflow/example_dags/tutorial_dag.py for tasks to queue
[2026-01-08T01:54:28.983+0000] {logging_mixin.py:190} INFO - [2026-01-08T01:54:28.983+0000] {dagbag.py:587} INFO - Filling up the DagBag from /home/airflow/.local/lib/python3.12/site-packages/airflow/example_dags/tutorial_dag.py
[2026-01-08T01:54:28.989+0000] {processor.py:925} INFO - DAG(s) 'tutorial_dag' retrieved from /home/airflow/.local/lib/python3.12/site-packages/airflow/example_dags/tutorial_dag.py
[2026-01-08T01:54:29.005+0000] {logging_mixin.py:190} INFO - [2026-01-08T01:54:29.004+0000] {dag.py:3211} INFO - Sync 1 DAGs
[2026-01-08T01:54:29.015+0000] {logging_mixin.py:190} INFO - [2026-01-08T01:54:29.015+0000] {dag.py:4138} INFO - Setting next_dagrun for tutorial_dag to None, run_after=None
[2026-01-08T01:54:29.030+0000] {processor.py:208} INFO - Processing /home/airflow/.local/lib/python3.12/site-packages/airflow/example_dags/tutorial_dag.py took 0.055 seconds
[2026-01-08T01:54:59.535+0000] {processor.py:186} INFO - Started process (PID=905) to work on /home/airflow/.local/lib/python3.12/site-packages/airflow/example_dags/tutorial_dag.py
[2026-01-08T01:54:59.537+0000] {processor.py:914} INFO - Processing file /home/airflow/.local/lib/python3.12/site-packages/airflow/example_dags/tutorial_dag.py for tasks to queue
[2026-01-08T01:54:59.540+0000] {logging_mixin.py:190} INFO - [2026-01-08T01:54:59.539+0000] {dagbag.py:587} INFO - Filling up the DagBag from /home/airflow/.local/lib/python3.12/site-packages/airflow/example_dags/tutorial_dag.py
[2026-01-08T01:54:59.546+0000] {processor.py:925} INFO - DAG(s) 'tutorial_dag' retrieved from /home/airflow/.local/lib/python3.12/site-packages/airflow/example_dags/tutorial_dag.py
[2026-01-08T01:54:59.561+0000] {logging_mixin.py:190} INFO - [2026-01-08T01:54:59.561+0000] {dag.py:3211} INFO - Sync 1 DAGs
[2026-01-08T01:54:59.571+0000] {logging_mixin.py:190} INFO - [2026-01-08T01:54:59.571+0000] {dag.py:4138} INFO - Setting next_dagrun for tutorial_dag to None, run_after=None
[2026-01-08T01:54:59.587+0000] {processor.py:208} INFO - Processing /home/airflow/.local/lib/python3.12/site-packages/airflow/example_dags/tutorial_dag.py took 0.056 seconds
[2026-01-08T01:55:30.263+0000] {processor.py:186} INFO - Started process (PID=967) to work on /home/airflow/.local/lib/python3.12/site-packages/airflow/example_dags/tutorial_dag.py
[2026-01-08T01:55:30.265+0000] {processor.py:914} INFO - Processing file /home/airflow/.local/lib/python3.12/site-packages/airflow/example_dags/tutorial_dag.py for tasks to queue
[2026-01-08T01:55:30.267+0000] {logging_mixin.py:190} INFO - [2026-01-08T01:55:30.267+0000] {dagbag.py:587} INFO - Filling up the DagBag from /home/airflow/.local/lib/python3.12/site-packages/airflow/example_dags/tutorial_dag.py
[2026-01-08T01:55:30.274+0000] {processor.py:925} INFO - DAG(s) 'tutorial_dag' retrieved from /home/airflow/.local/lib/python3.12/site-packages/airflow/example_dags/tutorial_dag.py
[2026-01-08T01:55:30.291+0000] {logging_mixin.py:190} INFO - [2026-01-08T01:55:30.291+0000] {dag.py:3211} INFO - Sync 1 DAGs
[2026-01-08T01:55:30.301+0000] {logging_mixin.py:190} INFO - [2026-01-08T01:55:30.301+0000] {dag.py:4138} INFO - Setting next_dagrun for tutorial_dag to None, run_after=None
[2026-01-08T01:55:30.318+0000] {processor.py:208} INFO - Processing /home/airflow/.local/lib/python3.12/site-packages/airflow/example_dags/tutorial_dag.py took 0.060 seconds
[2026-01-08T01:56:00.935+0000] {processor.py:186} INFO - Started process (PID=1029) to work on /home/airflow/.local/lib/python3.12/site-packages/airflow/example_dags/tutorial_dag.py
[2026-01-08T01:56:00.936+0000] {processor.py:914} INFO - Processing file /home/airflow/.local/lib/python3.12/site-packages/airflow/example_dags/tutorial_dag.py for tasks to queue
[2026-01-08T01:56:00.938+0000] {logging_mixin.py:190} INFO - [2026-01-08T01:56:00.938+0000] {dagbag.py:587} INFO - Filling up the DagBag from /home/airflow/.local/lib/python3.12/site-packages/airflow/example_dags/tutorial_dag.py
[2026-01-08T01:56:00.944+0000] {processor.py:925} INFO - DAG(s) 'tutorial_dag' retrieved from /home/airflow/.local/lib/python3.12/site-packages/airflow/example_dags/tutorial_dag.py
[2026-01-08T01:56:00.962+0000] {logging_mixin.py:190} INFO - [2026-01-08T01:56:00.962+0000] {dag.py:3211} INFO - Sync 1 DAGs
[2026-01-08T01:56:00.973+0000] {logging_mixin.py:190} INFO - [2026-01-08T01:56:00.973+0000] {dag.py:4138} INFO - Setting next_dagrun for tutorial_dag to None, run_after=None
[2026-01-08T01:56:00.989+0000] {processor.py:208} INFO - Processing /home/airflow/.local/lib/python3.12/site-packages/airflow/example_dags/tutorial_dag.py took 0.059 seconds
[2026-01-08T01:56:31.209+0000] {processor.py:186} INFO - Started process (PID=1091) to work on /home/airflow/.local/lib/python3.12/site-packages/airflow/example_dags/tutorial_dag.py
[2026-01-08T01:56:31.210+0000] {processor.py:914} INFO - Processing file /home/airflow/.local/lib/python3.12/site-packages/airflow/example_dags/tutorial_dag.py for tasks to queue
[2026-01-08T01:56:31.212+0000] {logging_mixin.py:190} INFO - [2026-01-08T01:56:31.212+0000] {dagbag.py:587} INFO - Filling up the DagBag from /home/airflow/.local/lib/python3.12/site-packages/airflow/example_dags/tutorial_dag.py
[2026-01-08T01:56:31.218+0000] {processor.py:925} INFO - DAG(s) 'tutorial_dag' retrieved from /home/airflow/.local/lib/python3.12/site-packages/airflow/example_dags/tutorial_dag.py
[2026-01-08T01:56:31.234+0000] {logging_mixin.py:190} INFO - [2026-01-08T01:56:31.233+0000] {dag.py:3211} INFO - Sync 1 DAGs
[2026-01-08T01:56:31.243+0000] {logging_mixin.py:190} INFO - [2026-01-08T01:56:31.243+0000] {dag.py:4138} INFO - Setting next_dagrun for tutorial_dag to None, run_after=None
[2026-01-08T01:56:31.258+0000] {processor.py:208} INFO - Processing /home/airflow/.local/lib/python3.12/site-packages/airflow/example_dags/tutorial_dag.py took 0.053 seconds
[2026-01-08T01:57:01.667+0000] {processor.py:186} INFO - Started process (PID=1153) to work on /home/airflow/.local/lib/python3.12/site-packages/airflow/example_dags/tutorial_dag.py
[2026-01-08T01:57:01.668+0000] {processor.py:914} INFO - Processing file /home/airflow/.local/lib/python3.12/site-packages/airflow/example_dags/tutorial_dag.py for tasks to queue
[2026-01-08T01:57:01.670+0000] {logging_mixin.py:190} INFO - [2026-01-08T01:57:01.670+0000] {dagbag.py:587} INFO - Filling up the DagBag from /home/airflow/.local/lib/python3.12/site-packages/airflow/example_dags/tutorial_dag.py
[2026-01-08T01:57:01.676+0000] {processor.py:925} INFO - DAG(s) 'tutorial_dag' retrieved from /home/airflow/.local/lib/python3.12/site-packages/airflow/example_dags/tutorial_dag.py
[2026-01-08T01:57:01.691+0000] {logging_mixin.py:190} INFO - [2026-01-08T01:57:01.690+0000] {dag.py:3211} INFO - Sync 1 DAGs
[2026-01-08T01:57:01.701+0000] {logging_mixin.py:190} INFO - [2026-01-08T01:57:01.701+0000] {dag.py:4138} INFO - Setting next_dagrun for tutorial_dag to None, run_after=None
[2026-01-08T01:57:01.716+0000] {processor.py:208} INFO - Processing /home/airflow/.local/lib/python3.12/site-packages/airflow/example_dags/tutorial_dag.py took 0.054 seconds
[2026-01-08T01:57:32.167+0000] {processor.py:186} INFO - Started process (PID=1215) to work on /home/airflow/.local/lib/python3.12/site-packages/airflow/example_dags/tutorial_dag.py
[2026-01-08T01:57:32.168+0000] {processor.py:914} INFO - Processing file /home/airflow/.local/lib/python3.12/site-packages/airflow/example_dags/tutorial_dag.py for tasks to queue
[2026-01-08T01:57:32.170+0000] {logging_mixin.py:190} INFO - [2026-01-08T01:57:32.170+0000] {dagbag.py:587} INFO - Filling up the DagBag from /home/airflow/.local/lib/python3.12/site-packages/airflow/example_dags/tutorial_dag.py
[2026-01-08T01:57:32.176+0000] {processor.py:925} INFO - DAG(s) 'tutorial_dag' retrieved from /home/airflow/.local/lib/python3.12/site-packages/airflow/example_dags/tutorial_dag.py
[2026-01-08T01:57:32.192+0000] {logging_mixin.py:190} INFO - [2026-01-08T01:57:32.192+0000] {dag.py:3211} INFO - Sync 1 DAGs
[2026-01-08T01:57:32.203+0000] {logging_mixin.py:190} INFO - [2026-01-08T01:57:32.203+0000] {dag.py:4138} INFO - Setting next_dagrun for tutorial_dag to None, run_after=None
[2026-01-08T01:57:32.218+0000] {processor.py:208} INFO - Processing /home/airflow/.local/lib/python3.12/site-packages/airflow/example_dags/tutorial_dag.py took 0.056 seconds
[2026-01-08T01:58:02.784+0000] {processor.py:186} INFO - Started process (PID=1277) to work on /home/airflow/.local/lib/python3.12/site-packages/airflow/example_dags/tutorial_dag.py
[2026-01-08T01:58:02.785+0000] {processor.py:914} INFO - Processing file /home/airflow/.local/lib/python3.12/site-packages/airflow/example_dags/tutorial_dag.py for tasks to queue
[2026-01-08T01:58:02.787+0000] {logging_mixin.py:190} INFO - [2026-01-08T01:58:02.787+0000] {dagbag.py:587} INFO - Filling up the DagBag from /home/airflow/.local/lib/python3.12/site-packages/airflow/example_dags/tutorial_dag.py
[2026-01-08T01:58:02.793+0000] {processor.py:925} INFO - DAG(s) 'tutorial_dag' retrieved from /home/airflow/.local/lib/python3.12/site-packages/airflow/example_dags/tutorial_dag.py
[2026-01-08T01:58:02.808+0000] {logging_mixin.py:190} INFO - [2026-01-08T01:58:02.808+0000] {dag.py:3211} INFO - Sync 1 DAGs
[2026-01-08T01:58:02.818+0000] {logging_mixin.py:190} INFO - [2026-01-08T01:58:02.817+0000] {dag.py:4138} INFO - Setting next_dagrun for tutorial_dag to None, run_after=None
[2026-01-08T01:58:02.834+0000] {processor.py:208} INFO - Processing /home/airflow/.local/lib/python3.12/site-packages/airflow/example_dags/tutorial_dag.py took 0.055 seconds
[2026-01-08T01:58:33.171+0000] {processor.py:186} INFO - Started process (PID=1340) to work on /home/airflow/.local/lib/python3.12/site-packages/airflow/example_dags/tutorial_dag.py
[2026-01-08T01:58:33.173+0000] {processor.py:914} INFO - Processing file /home/airflow/.local/lib/python3.12/site-packages/airflow/example_dags/tutorial_dag.py for tasks to queue
[2026-01-08T01:58:33.175+0000] {logging_mixin.py:190} INFO - [2026-01-08T01:58:33.175+0000] {dagbag.py:587} INFO - Filling up the DagBag from /home/airflow/.local/lib/python3.12/site-packages/airflow/example_dags/tutorial_dag.py
[2026-01-08T01:58:33.181+0000] {processor.py:925} INFO - DAG(s) 'tutorial_dag' retrieved from /home/airflow/.local/lib/python3.12/site-packages/airflow/example_dags/tutorial_dag.py
[2026-01-08T01:58:33.196+0000] {logging_mixin.py:190} INFO - [2026-01-08T01:58:33.196+0000] {dag.py:3211} INFO - Sync 1 DAGs
[2026-01-08T01:58:33.206+0000] {logging_mixin.py:190} INFO - [2026-01-08T01:58:33.206+0000] {dag.py:4138} INFO - Setting next_dagrun for tutorial_dag to None, run_after=None
[2026-01-08T01:58:33.222+0000] {processor.py:208} INFO - Processing /home/airflow/.local/lib/python3.12/site-packages/airflow/example_dags/tutorial_dag.py took 0.055 seconds
[2026-01-08T01:59:03.505+0000] {processor.py:186} INFO - Started process (PID=1403) to work on /home/airflow/.local/lib/python3.12/site-packages/airflow/example_dags/tutorial_dag.py
[2026-01-08T01:59:03.506+0000] {processor.py:914} INFO - Processing file /home/airflow/.local/lib/python3.12/site-packages/airflow/example_dags/tutorial_dag.py for tasks to queue
[2026-01-08T01:59:03.508+0000] {logging_mixin.py:190} INFO - [2026-01-08T01:59:03.508+0000] {dagbag.py:587} INFO - Filling up the DagBag from /home/airflow/.local/lib/python3.12/site-packages/airflow/example_dags/tutorial_dag.py
[2026-01-08T01:59:03.514+0000] {processor.py:925} INFO - DAG(s) 'tutorial_dag' retrieved from /home/airflow/.local/lib/python3.12/site-packages/airflow/example_dags/tutorial_dag.py
[2026-01-08T01:59:03.530+0000] {logging_mixin.py:190} INFO - [2026-01-08T01:59:03.529+0000] {dag.py:3211} INFO - Sync 1 DAGs
[2026-01-08T01:59:03.540+0000] {logging_mixin.py:190} INFO - [2026-01-08T01:59:03.540+0000] {dag.py:4138} INFO - Setting next_dagrun for tutorial_dag to None, run_after=None
[2026-01-08T01:59:03.555+0000] {processor.py:208} INFO - Processing /home/airflow/.local/lib/python3.12/site-packages/airflow/example_dags/tutorial_dag.py took 0.055 seconds
[2026-01-08T01:59:33.745+0000] {processor.py:186} INFO - Started process (PID=1466) to work on /home/airflow/.local/lib/python3.12/site-packages/airflow/example_dags/tutorial_dag.py
[2026-01-08T01:59:33.746+0000] {processor.py:914} INFO - Processing file /home/airflow/.local/lib/python3.12/site-packages/airflow/example_dags/tutorial_dag.py for tasks to queue
[2026-01-08T01:59:33.749+0000] {logging_mixin.py:190} INFO - [2026-01-08T01:59:33.749+0000] {dagbag.py:587} INFO - Filling up the DagBag from /home/airflow/.local/lib/python3.12/site-packages/airflow/example_dags/tutorial_dag.py
[2026-01-08T01:59:33.757+0000] {processor.py:925} INFO - DAG(s) 'tutorial_dag' retrieved from /home/airflow/.local/lib/python3.12/site-packages/airflow/example_dags/tutorial_dag.py
[2026-01-08T01:59:33.778+0000] {logging_mixin.py:190} INFO - [2026-01-08T01:59:33.778+0000] {dag.py:3211} INFO - Sync 1 DAGs
[2026-01-08T01:59:33.792+0000] {logging_mixin.py:190} INFO - [2026-01-08T01:59:33.792+0000] {dag.py:4138} INFO - Setting next_dagrun for tutorial_dag to None, run_after=None
[2026-01-08T01:59:33.810+0000] {processor.py:208} INFO - Processing /home/airflow/.local/lib/python3.12/site-packages/airflow/example_dags/tutorial_dag.py took 0.071 seconds
[2026-01-08T02:00:04.369+0000] {processor.py:186} INFO - Started process (PID=1529) to work on /home/airflow/.local/lib/python3.12/site-packages/airflow/example_dags/tutorial_dag.py
[2026-01-08T02:00:04.371+0000] {processor.py:914} INFO - Processing file /home/airflow/.local/lib/python3.12/site-packages/airflow/example_dags/tutorial_dag.py for tasks to queue
[2026-01-08T02:00:04.373+0000] {logging_mixin.py:190} INFO - [2026-01-08T02:00:04.372+0000] {dagbag.py:587} INFO - Filling up the DagBag from /home/airflow/.local/lib/python3.12/site-packages/airflow/example_dags/tutorial_dag.py
[2026-01-08T02:00:04.378+0000] {processor.py:925} INFO - DAG(s) 'tutorial_dag' retrieved from /home/airflow/.local/lib/python3.12/site-packages/airflow/example_dags/tutorial_dag.py
[2026-01-08T02:00:04.394+0000] {logging_mixin.py:190} INFO - [2026-01-08T02:00:04.393+0000] {dag.py:3211} INFO - Sync 1 DAGs
[2026-01-08T02:00:04.403+0000] {logging_mixin.py:190} INFO - [2026-01-08T02:00:04.403+0000] {dag.py:4138} INFO - Setting next_dagrun for tutorial_dag to None, run_after=None
[2026-01-08T02:00:04.419+0000] {processor.py:208} INFO - Processing /home/airflow/.local/lib/python3.12/site-packages/airflow/example_dags/tutorial_dag.py took 0.054 seconds
[2026-01-08T02:00:34.983+0000] {processor.py:186} INFO - Started process (PID=1592) to work on /home/airflow/.local/lib/python3.12/site-packages/airflow/example_dags/tutorial_dag.py
[2026-01-08T02:00:34.984+0000] {processor.py:914} INFO - Processing file /home/airflow/.local/lib/python3.12/site-packages/airflow/example_dags/tutorial_dag.py for tasks to queue
[2026-01-08T02:00:34.987+0000] {logging_mixin.py:190} INFO - [2026-01-08T02:00:34.986+0000] {dagbag.py:587} INFO - Filling up the DagBag from /home/airflow/.local/lib/python3.12/site-packages/airflow/example_dags/tutorial_dag.py
[2026-01-08T02:00:34.992+0000] {processor.py:925} INFO - DAG(s) 'tutorial_dag' retrieved from /home/airflow/.local/lib/python3.12/site-packages/airflow/example_dags/tutorial_dag.py
[2026-01-08T02:00:35.006+0000] {logging_mixin.py:190} INFO - [2026-01-08T02:00:35.006+0000] {dag.py:3211} INFO - Sync 1 DAGs
[2026-01-08T02:00:35.015+0000] {logging_mixin.py:190} INFO - [2026-01-08T02:00:35.015+0000] {dag.py:4138} INFO - Setting next_dagrun for tutorial_dag to None, run_after=None
[2026-01-08T02:00:35.031+0000] {processor.py:208} INFO - Processing /home/airflow/.local/lib/python3.12/site-packages/airflow/example_dags/tutorial_dag.py took 0.052 seconds
[2026-01-08T02:01:05.671+0000] {processor.py:186} INFO - Started process (PID=1655) to work on /home/airflow/.local/lib/python3.12/site-packages/airflow/example_dags/tutorial_dag.py
[2026-01-08T02:01:05.672+0000] {processor.py:914} INFO - Processing file /home/airflow/.local/lib/python3.12/site-packages/airflow/example_dags/tutorial_dag.py for tasks to queue
[2026-01-08T02:01:05.675+0000] {logging_mixin.py:190} INFO - [2026-01-08T02:01:05.674+0000] {dagbag.py:587} INFO - Filling up the DagBag from /home/airflow/.local/lib/python3.12/site-packages/airflow/example_dags/tutorial_dag.py
[2026-01-08T02:01:05.682+0000] {processor.py:925} INFO - DAG(s) 'tutorial_dag' retrieved from /home/airflow/.local/lib/python3.12/site-packages/airflow/example_dags/tutorial_dag.py
[2026-01-08T02:01:05.697+0000] {logging_mixin.py:190} INFO - [2026-01-08T02:01:05.697+0000] {dag.py:3211} INFO - Sync 1 DAGs
[2026-01-08T02:01:05.707+0000] {logging_mixin.py:190} INFO - [2026-01-08T02:01:05.707+0000] {dag.py:4138} INFO - Setting next_dagrun for tutorial_dag to None, run_after=None
[2026-01-08T02:01:05.723+0000] {processor.py:208} INFO - Processing /home/airflow/.local/lib/python3.12/site-packages/airflow/example_dags/tutorial_dag.py took 0.057 seconds
[2026-01-08T02:01:36.548+0000] {processor.py:186} INFO - Started process (PID=1718) to work on /home/airflow/.local/lib/python3.12/site-packages/airflow/example_dags/tutorial_dag.py
[2026-01-08T02:01:36.549+0000] {processor.py:914} INFO - Processing file /home/airflow/.local/lib/python3.12/site-packages/airflow/example_dags/tutorial_dag.py for tasks to queue
[2026-01-08T02:01:36.552+0000] {logging_mixin.py:190} INFO - [2026-01-08T02:01:36.551+0000] {dagbag.py:587} INFO - Filling up the DagBag from /home/airflow/.local/lib/python3.12/site-packages/airflow/example_dags/tutorial_dag.py
[2026-01-08T02:01:36.559+0000] {processor.py:925} INFO - DAG(s) 'tutorial_dag' retrieved from /home/airflow/.local/lib/python3.12/site-packages/airflow/example_dags/tutorial_dag.py
[2026-01-08T02:01:36.581+0000] {logging_mixin.py:190} INFO - [2026-01-08T02:01:36.581+0000] {dag.py:3211} INFO - Sync 1 DAGs
[2026-01-08T02:01:36.598+0000] {logging_mixin.py:190} INFO - [2026-01-08T02:01:36.597+0000] {dag.py:4138} INFO - Setting next_dagrun for tutorial_dag to None, run_after=None
[2026-01-08T02:01:36.617+0000] {processor.py:208} INFO - Processing /home/airflow/.local/lib/python3.12/site-packages/airflow/example_dags/tutorial_dag.py took 0.073 seconds
[2026-01-08T02:02:07.451+0000] {processor.py:186} INFO - Started process (PID=1781) to work on /home/airflow/.local/lib/python3.12/site-packages/airflow/example_dags/tutorial_dag.py
[2026-01-08T02:02:07.452+0000] {processor.py:914} INFO - Processing file /home/airflow/.local/lib/python3.12/site-packages/airflow/example_dags/tutorial_dag.py for tasks to queue
[2026-01-08T02:02:07.454+0000] {logging_mixin.py:190} INFO - [2026-01-08T02:02:07.454+0000] {dagbag.py:587} INFO - Filling up the DagBag from /home/airflow/.local/lib/python3.12/site-packages/airflow/example_dags/tutorial_dag.py
[2026-01-08T02:02:07.460+0000] {processor.py:925} INFO - DAG(s) 'tutorial_dag' retrieved from /home/airflow/.local/lib/python3.12/site-packages/airflow/example_dags/tutorial_dag.py
[2026-01-08T02:02:07.477+0000] {logging_mixin.py:190} INFO - [2026-01-08T02:02:07.476+0000] {dag.py:3211} INFO - Sync 1 DAGs
[2026-01-08T02:02:07.488+0000] {logging_mixin.py:190} INFO - [2026-01-08T02:02:07.487+0000] {dag.py:4138} INFO - Setting next_dagrun for tutorial_dag to None, run_after=None
[2026-01-08T02:02:07.504+0000] {processor.py:208} INFO - Processing /home/airflow/.local/lib/python3.12/site-packages/airflow/example_dags/tutorial_dag.py took 0.058 seconds
[2026-01-08T02:02:38.309+0000] {processor.py:186} INFO - Started process (PID=1844) to work on /home/airflow/.local/lib/python3.12/site-packages/airflow/example_dags/tutorial_dag.py
[2026-01-08T02:02:38.311+0000] {processor.py:914} INFO - Processing file /home/airflow/.local/lib/python3.12/site-packages/airflow/example_dags/tutorial_dag.py for tasks to queue
[2026-01-08T02:02:38.314+0000] {logging_mixin.py:190} INFO - [2026-01-08T02:02:38.314+0000] {dagbag.py:587} INFO - Filling up the DagBag from /home/airflow/.local/lib/python3.12/site-packages/airflow/example_dags/tutorial_dag.py
[2026-01-08T02:02:38.324+0000] {processor.py:925} INFO - DAG(s) 'tutorial_dag' retrieved from /home/airflow/.local/lib/python3.12/site-packages/airflow/example_dags/tutorial_dag.py
[2026-01-08T02:02:38.345+0000] {logging_mixin.py:190} INFO - [2026-01-08T02:02:38.344+0000] {dag.py:3211} INFO - Sync 1 DAGs
[2026-01-08T02:02:38.359+0000] {logging_mixin.py:190} INFO - [2026-01-08T02:02:38.359+0000] {dag.py:4138} INFO - Setting next_dagrun for tutorial_dag to None, run_after=None
[2026-01-08T02:02:38.375+0000] {processor.py:208} INFO - Processing /home/airflow/.local/lib/python3.12/site-packages/airflow/example_dags/tutorial_dag.py took 0.072 seconds
[2026-01-08T02:03:09.493+0000] {processor.py:186} INFO - Started process (PID=1908) to work on /home/airflow/.local/lib/python3.12/site-packages/airflow/example_dags/tutorial_dag.py
[2026-01-08T02:03:09.495+0000] {processor.py:914} INFO - Processing file /home/airflow/.local/lib/python3.12/site-packages/airflow/example_dags/tutorial_dag.py for tasks to queue
[2026-01-08T02:03:09.497+0000] {logging_mixin.py:190} INFO - [2026-01-08T02:03:09.496+0000] {dagbag.py:587} INFO - Filling up the DagBag from /home/airflow/.local/lib/python3.12/site-packages/airflow/example_dags/tutorial_dag.py
[2026-01-08T02:03:09.503+0000] {processor.py:925} INFO - DAG(s) 'tutorial_dag' retrieved from /home/airflow/.local/lib/python3.12/site-packages/airflow/example_dags/tutorial_dag.py
[2026-01-08T02:03:09.520+0000] {logging_mixin.py:190} INFO - [2026-01-08T02:03:09.520+0000] {dag.py:3211} INFO - Sync 1 DAGs
[2026-01-08T02:03:09.532+0000] {logging_mixin.py:190} INFO - [2026-01-08T02:03:09.532+0000] {dag.py:4138} INFO - Setting next_dagrun for tutorial_dag to None, run_after=None
[2026-01-08T02:03:09.548+0000] {processor.py:208} INFO - Processing /home/airflow/.local/lib/python3.12/site-packages/airflow/example_dags/tutorial_dag.py took 0.059 seconds
[2026-01-08T02:03:40.055+0000] {processor.py:186} INFO - Started process (PID=1972) to work on /home/airflow/.local/lib/python3.12/site-packages/airflow/example_dags/tutorial_dag.py
[2026-01-08T02:03:40.057+0000] {processor.py:914} INFO - Processing file /home/airflow/.local/lib/python3.12/site-packages/airflow/example_dags/tutorial_dag.py for tasks to queue
[2026-01-08T02:03:40.059+0000] {logging_mixin.py:190} INFO - [2026-01-08T02:03:40.059+0000] {dagbag.py:587} INFO - Filling up the DagBag from /home/airflow/.local/lib/python3.12/site-packages/airflow/example_dags/tutorial_dag.py
[2026-01-08T02:03:40.066+0000] {processor.py:925} INFO - DAG(s) 'tutorial_dag' retrieved from /home/airflow/.local/lib/python3.12/site-packages/airflow/example_dags/tutorial_dag.py
[2026-01-08T02:03:40.084+0000] {logging_mixin.py:190} INFO - [2026-01-08T02:03:40.083+0000] {dag.py:3211} INFO - Sync 1 DAGs
[2026-01-08T02:03:40.096+0000] {logging_mixin.py:190} INFO - [2026-01-08T02:03:40.096+0000] {dag.py:4138} INFO - Setting next_dagrun for tutorial_dag to None, run_after=None
[2026-01-08T02:03:40.112+0000] {processor.py:208} INFO - Processing /home/airflow/.local/lib/python3.12/site-packages/airflow/example_dags/tutorial_dag.py took 0.061 seconds
[2026-01-08T02:04:10.274+0000] {processor.py:186} INFO - Started process (PID=2035) to work on /home/airflow/.local/lib/python3.12/site-packages/airflow/example_dags/tutorial_dag.py
[2026-01-08T02:04:10.276+0000] {processor.py:914} INFO - Processing file /home/airflow/.local/lib/python3.12/site-packages/airflow/example_dags/tutorial_dag.py for tasks to queue
[2026-01-08T02:04:10.278+0000] {logging_mixin.py:190} INFO - [2026-01-08T02:04:10.278+0000] {dagbag.py:587} INFO - Filling up the DagBag from /home/airflow/.local/lib/python3.12/site-packages/airflow/example_dags/tutorial_dag.py
[2026-01-08T02:04:10.285+0000] {processor.py:925} INFO - DAG(s) 'tutorial_dag' retrieved from /home/airflow/.local/lib/python3.12/site-packages/airflow/example_dags/tutorial_dag.py
[2026-01-08T02:04:10.299+0000] {logging_mixin.py:190} INFO - [2026-01-08T02:04:10.299+0000] {dag.py:3211} INFO - Sync 1 DAGs
[2026-01-08T02:04:10.310+0000] {logging_mixin.py:190} INFO - [2026-01-08T02:04:10.309+0000] {dag.py:4138} INFO - Setting next_dagrun for tutorial_dag to None, run_after=None
[2026-01-08T02:04:10.325+0000] {processor.py:208} INFO - Processing /home/airflow/.local/lib/python3.12/site-packages/airflow/example_dags/tutorial_dag.py took 0.055 seconds
[2026-01-08T02:04:41.418+0000] {processor.py:186} INFO - Started process (PID=2098) to work on /home/airflow/.local/lib/python3.12/site-packages/airflow/example_dags/tutorial_dag.py
[2026-01-08T02:04:41.419+0000] {processor.py:914} INFO - Processing file /home/airflow/.local/lib/python3.12/site-packages/airflow/example_dags/tutorial_dag.py for tasks to queue
[2026-01-08T02:04:41.421+0000] {logging_mixin.py:190} INFO - [2026-01-08T02:04:41.421+0000] {dagbag.py:587} INFO - Filling up the DagBag from /home/airflow/.local/lib/python3.12/site-packages/airflow/example_dags/tutorial_dag.py
[2026-01-08T02:04:41.427+0000] {processor.py:925} INFO - DAG(s) 'tutorial_dag' retrieved from /home/airflow/.local/lib/python3.12/site-packages/airflow/example_dags/tutorial_dag.py
[2026-01-08T02:04:41.446+0000] {logging_mixin.py:190} INFO - [2026-01-08T02:04:41.445+0000] {dag.py:3211} INFO - Sync 1 DAGs
[2026-01-08T02:04:41.457+0000] {logging_mixin.py:190} INFO - [2026-01-08T02:04:41.456+0000] {dag.py:4138} INFO - Setting next_dagrun for tutorial_dag to None, run_after=None
[2026-01-08T02:04:41.473+0000] {processor.py:208} INFO - Processing /home/airflow/.local/lib/python3.12/site-packages/airflow/example_dags/tutorial_dag.py took 0.059 seconds
[2026-01-08T02:05:12.847+0000] {processor.py:186} INFO - Started process (PID=2161) to work on /home/airflow/.local/lib/python3.12/site-packages/airflow/example_dags/tutorial_dag.py
[2026-01-08T02:05:12.848+0000] {processor.py:914} INFO - Processing file /home/airflow/.local/lib/python3.12/site-packages/airflow/example_dags/tutorial_dag.py for tasks to queue
[2026-01-08T02:05:12.850+0000] {logging_mixin.py:190} INFO - [2026-01-08T02:05:12.849+0000] {dagbag.py:587} INFO - Filling up the DagBag from /home/airflow/.local/lib/python3.12/site-packages/airflow/example_dags/tutorial_dag.py
[2026-01-08T02:05:12.856+0000] {processor.py:925} INFO - DAG(s) 'tutorial_dag' retrieved from /home/airflow/.local/lib/python3.12/site-packages/airflow/example_dags/tutorial_dag.py
[2026-01-08T02:05:12.873+0000] {logging_mixin.py:190} INFO - [2026-01-08T02:05:12.873+0000] {dag.py:3211} INFO - Sync 1 DAGs
[2026-01-08T02:05:12.883+0000] {logging_mixin.py:190} INFO - [2026-01-08T02:05:12.883+0000] {dag.py:4138} INFO - Setting next_dagrun for tutorial_dag to None, run_after=None
[2026-01-08T02:05:12.899+0000] {processor.py:208} INFO - Processing /home/airflow/.local/lib/python3.12/site-packages/airflow/example_dags/tutorial_dag.py took 0.056 seconds
[2026-01-08T02:05:44.292+0000] {processor.py:186} INFO - Started process (PID=2224) to work on /home/airflow/.local/lib/python3.12/site-packages/airflow/example_dags/tutorial_dag.py
[2026-01-08T02:05:44.294+0000] {processor.py:914} INFO - Processing file /home/airflow/.local/lib/python3.12/site-packages/airflow/example_dags/tutorial_dag.py for tasks to queue
[2026-01-08T02:05:44.296+0000] {logging_mixin.py:190} INFO - [2026-01-08T02:05:44.296+0000] {dagbag.py:587} INFO - Filling up the DagBag from /home/airflow/.local/lib/python3.12/site-packages/airflow/example_dags/tutorial_dag.py
[2026-01-08T02:05:44.304+0000] {processor.py:925} INFO - DAG(s) 'tutorial_dag' retrieved from /home/airflow/.local/lib/python3.12/site-packages/airflow/example_dags/tutorial_dag.py
[2026-01-08T02:05:44.322+0000] {logging_mixin.py:190} INFO - [2026-01-08T02:05:44.322+0000] {dag.py:3211} INFO - Sync 1 DAGs
[2026-01-08T02:05:44.333+0000] {logging_mixin.py:190} INFO - [2026-01-08T02:05:44.333+0000] {dag.py:4138} INFO - Setting next_dagrun for tutorial_dag to None, run_after=None
[2026-01-08T02:05:44.350+0000] {processor.py:208} INFO - Processing /home/airflow/.local/lib/python3.12/site-packages/airflow/example_dags/tutorial_dag.py took 0.064 seconds
[2026-01-08T02:06:15.631+0000] {processor.py:186} INFO - Started process (PID=2287) to work on /home/airflow/.local/lib/python3.12/site-packages/airflow/example_dags/tutorial_dag.py
[2026-01-08T02:06:15.632+0000] {processor.py:914} INFO - Processing file /home/airflow/.local/lib/python3.12/site-packages/airflow/example_dags/tutorial_dag.py for tasks to queue
[2026-01-08T02:06:15.635+0000] {logging_mixin.py:190} INFO - [2026-01-08T02:06:15.635+0000] {dagbag.py:587} INFO - Filling up the DagBag from /home/airflow/.local/lib/python3.12/site-packages/airflow/example_dags/tutorial_dag.py
[2026-01-08T02:06:15.642+0000] {processor.py:925} INFO - DAG(s) 'tutorial_dag' retrieved from /home/airflow/.local/lib/python3.12/site-packages/airflow/example_dags/tutorial_dag.py
[2026-01-08T02:06:15.662+0000] {logging_mixin.py:190} INFO - [2026-01-08T02:06:15.661+0000] {dag.py:3211} INFO - Sync 1 DAGs
[2026-01-08T02:06:15.674+0000] {logging_mixin.py:190} INFO - [2026-01-08T02:06:15.673+0000] {dag.py:4138} INFO - Setting next_dagrun for tutorial_dag to None, run_after=None
[2026-01-08T02:06:15.690+0000] {processor.py:208} INFO - Processing /home/airflow/.local/lib/python3.12/site-packages/airflow/example_dags/tutorial_dag.py took 0.065 seconds
[2026-01-08T02:06:46.057+0000] {processor.py:186} INFO - Started process (PID=2350) to work on /home/airflow/.local/lib/python3.12/site-packages/airflow/example_dags/tutorial_dag.py
[2026-01-08T02:06:46.058+0000] {processor.py:914} INFO - Processing file /home/airflow/.local/lib/python3.12/site-packages/airflow/example_dags/tutorial_dag.py for tasks to queue
[2026-01-08T02:06:46.061+0000] {logging_mixin.py:190} INFO - [2026-01-08T02:06:46.061+0000] {dagbag.py:587} INFO - Filling up the DagBag from /home/airflow/.local/lib/python3.12/site-packages/airflow/example_dags/tutorial_dag.py
[2026-01-08T02:06:46.068+0000] {processor.py:925} INFO - DAG(s) 'tutorial_dag' retrieved from /home/airflow/.local/lib/python3.12/site-packages/airflow/example_dags/tutorial_dag.py
[2026-01-08T02:06:46.087+0000] {logging_mixin.py:190} INFO - [2026-01-08T02:06:46.086+0000] {dag.py:3211} INFO - Sync 1 DAGs
[2026-01-08T02:06:46.099+0000] {logging_mixin.py:190} INFO - [2026-01-08T02:06:46.099+0000] {dag.py:4138} INFO - Setting next_dagrun for tutorial_dag to None, run_after=None
[2026-01-08T02:06:46.116+0000] {processor.py:208} INFO - Processing /home/airflow/.local/lib/python3.12/site-packages/airflow/example_dags/tutorial_dag.py took 0.066 seconds
[2026-01-08T02:07:16.406+0000] {processor.py:186} INFO - Started process (PID=2413) to work on /home/airflow/.local/lib/python3.12/site-packages/airflow/example_dags/tutorial_dag.py
[2026-01-08T02:07:16.407+0000] {processor.py:914} INFO - Processing file /home/airflow/.local/lib/python3.12/site-packages/airflow/example_dags/tutorial_dag.py for tasks to queue
[2026-01-08T02:07:16.410+0000] {logging_mixin.py:190} INFO - [2026-01-08T02:07:16.409+0000] {dagbag.py:587} INFO - Filling up the DagBag from /home/airflow/.local/lib/python3.12/site-packages/airflow/example_dags/tutorial_dag.py
[2026-01-08T02:07:16.416+0000] {processor.py:925} INFO - DAG(s) 'tutorial_dag' retrieved from /home/airflow/.local/lib/python3.12/site-packages/airflow/example_dags/tutorial_dag.py
[2026-01-08T02:07:16.432+0000] {logging_mixin.py:190} INFO - [2026-01-08T02:07:16.432+0000] {dag.py:3211} INFO - Sync 1 DAGs
[2026-01-08T02:07:16.442+0000] {logging_mixin.py:190} INFO - [2026-01-08T02:07:16.441+0000] {dag.py:4138} INFO - Setting next_dagrun for tutorial_dag to None, run_after=None
[2026-01-08T02:07:16.457+0000] {processor.py:208} INFO - Processing /home/airflow/.local/lib/python3.12/site-packages/airflow/example_dags/tutorial_dag.py took 0.055 seconds
[2026-01-08T02:07:46.808+0000] {processor.py:186} INFO - Started process (PID=2476) to work on /home/airflow/.local/lib/python3.12/site-packages/airflow/example_dags/tutorial_dag.py
[2026-01-08T02:07:46.810+0000] {processor.py:914} INFO - Processing file /home/airflow/.local/lib/python3.12/site-packages/airflow/example_dags/tutorial_dag.py for tasks to queue
[2026-01-08T02:07:46.812+0000] {logging_mixin.py:190} INFO - [2026-01-08T02:07:46.812+0000] {dagbag.py:587} INFO - Filling up the DagBag from /home/airflow/.local/lib/python3.12/site-packages/airflow/example_dags/tutorial_dag.py
[2026-01-08T02:07:46.817+0000] {processor.py:925} INFO - DAG(s) 'tutorial_dag' retrieved from /home/airflow/.local/lib/python3.12/site-packages/airflow/example_dags/tutorial_dag.py
[2026-01-08T02:07:46.834+0000] {logging_mixin.py:190} INFO - [2026-01-08T02:07:46.834+0000] {dag.py:3211} INFO - Sync 1 DAGs
[2026-01-08T02:07:46.844+0000] {logging_mixin.py:190} INFO - [2026-01-08T02:07:46.844+0000] {dag.py:4138} INFO - Setting next_dagrun for tutorial_dag to None, run_after=None
[2026-01-08T02:07:46.860+0000] {processor.py:208} INFO - Processing /home/airflow/.local/lib/python3.12/site-packages/airflow/example_dags/tutorial_dag.py took 0.057 seconds
[2026-01-08T02:08:17.016+0000] {processor.py:186} INFO - Started process (PID=2539) to work on /home/airflow/.local/lib/python3.12/site-packages/airflow/example_dags/tutorial_dag.py
[2026-01-08T02:08:17.018+0000] {processor.py:914} INFO - Processing file /home/airflow/.local/lib/python3.12/site-packages/airflow/example_dags/tutorial_dag.py for tasks to queue
[2026-01-08T02:08:17.020+0000] {logging_mixin.py:190} INFO - [2026-01-08T02:08:17.020+0000] {dagbag.py:587} INFO - Filling up the DagBag from /home/airflow/.local/lib/python3.12/site-packages/airflow/example_dags/tutorial_dag.py
[2026-01-08T02:08:17.026+0000] {processor.py:925} INFO - DAG(s) 'tutorial_dag' retrieved from /home/airflow/.local/lib/python3.12/site-packages/airflow/example_dags/tutorial_dag.py
[2026-01-08T02:08:17.040+0000] {logging_mixin.py:190} INFO - [2026-01-08T02:08:17.040+0000] {dag.py:3211} INFO - Sync 1 DAGs
[2026-01-08T02:08:17.050+0000] {logging_mixin.py:190} INFO - [2026-01-08T02:08:17.050+0000] {dag.py:4138} INFO - Setting next_dagrun for tutorial_dag to None, run_after=None
[2026-01-08T02:08:17.067+0000] {processor.py:208} INFO - Processing /home/airflow/.local/lib/python3.12/site-packages/airflow/example_dags/tutorial_dag.py took 0.054 seconds
[2026-01-08T02:08:48.199+0000] {processor.py:186} INFO - Started process (PID=2602) to work on /home/airflow/.local/lib/python3.12/site-packages/airflow/example_dags/tutorial_dag.py
[2026-01-08T02:08:48.200+0000] {processor.py:914} INFO - Processing file /home/airflow/.local/lib/python3.12/site-packages/airflow/example_dags/tutorial_dag.py for tasks to queue
[2026-01-08T02:08:48.202+0000] {logging_mixin.py:190} INFO - [2026-01-08T02:08:48.202+0000] {dagbag.py:587} INFO - Filling up the DagBag from /home/airflow/.local/lib/python3.12/site-packages/airflow/example_dags/tutorial_dag.py
[2026-01-08T02:08:48.208+0000] {processor.py:925} INFO - DAG(s) 'tutorial_dag' retrieved from /home/airflow/.local/lib/python3.12/site-packages/airflow/example_dags/tutorial_dag.py
[2026-01-08T02:08:48.223+0000] {logging_mixin.py:190} INFO - [2026-01-08T02:08:48.223+0000] {dag.py:3211} INFO - Sync 1 DAGs
[2026-01-08T02:08:48.233+0000] {logging_mixin.py:190} INFO - [2026-01-08T02:08:48.233+0000] {dag.py:4138} INFO - Setting next_dagrun for tutorial_dag to None, run_after=None
[2026-01-08T02:08:48.248+0000] {processor.py:208} INFO - Processing /home/airflow/.local/lib/python3.12/site-packages/airflow/example_dags/tutorial_dag.py took 0.053 seconds
[2026-01-08T02:09:18.741+0000] {processor.py:186} INFO - Started process (PID=2665) to work on /home/airflow/.local/lib/python3.12/site-packages/airflow/example_dags/tutorial_dag.py
[2026-01-08T02:09:18.742+0000] {processor.py:914} INFO - Processing file /home/airflow/.local/lib/python3.12/site-packages/airflow/example_dags/tutorial_dag.py for tasks to queue
[2026-01-08T02:09:18.745+0000] {logging_mixin.py:190} INFO - [2026-01-08T02:09:18.745+0000] {dagbag.py:587} INFO - Filling up the DagBag from /home/airflow/.local/lib/python3.12/site-packages/airflow/example_dags/tutorial_dag.py
[2026-01-08T02:09:18.751+0000] {processor.py:925} INFO - DAG(s) 'tutorial_dag' retrieved from /home/airflow/.local/lib/python3.12/site-packages/airflow/example_dags/tutorial_dag.py
[2026-01-08T02:09:18.769+0000] {logging_mixin.py:190} INFO - [2026-01-08T02:09:18.769+0000] {dag.py:3211} INFO - Sync 1 DAGs
[2026-01-08T02:09:18.779+0000] {logging_mixin.py:190} INFO - [2026-01-08T02:09:18.779+0000] {dag.py:4138} INFO - Setting next_dagrun for tutorial_dag to None, run_after=None
[2026-01-08T02:09:18.794+0000] {processor.py:208} INFO - Processing /home/airflow/.local/lib/python3.12/site-packages/airflow/example_dags/tutorial_dag.py took 0.059 seconds
[2026-01-08T02:09:49.036+0000] {processor.py:186} INFO - Started process (PID=2728) to work on /home/airflow/.local/lib/python3.12/site-packages/airflow/example_dags/tutorial_dag.py
[2026-01-08T02:09:49.037+0000] {processor.py:914} INFO - Processing file /home/airflow/.local/lib/python3.12/site-packages/airflow/example_dags/tutorial_dag.py for tasks to queue
[2026-01-08T02:09:49.040+0000] {logging_mixin.py:190} INFO - [2026-01-08T02:09:49.040+0000] {dagbag.py:587} INFO - Filling up the DagBag from /home/airflow/.local/lib/python3.12/site-packages/airflow/example_dags/tutorial_dag.py
[2026-01-08T02:09:49.046+0000] {processor.py:925} INFO - DAG(s) 'tutorial_dag' retrieved from /home/airflow/.local/lib/python3.12/site-packages/airflow/example_dags/tutorial_dag.py
[2026-01-08T02:09:49.062+0000] {logging_mixin.py:190} INFO - [2026-01-08T02:09:49.062+0000] {dag.py:3211} INFO - Sync 1 DAGs
[2026-01-08T02:09:49.072+0000] {logging_mixin.py:190} INFO - [2026-01-08T02:09:49.072+0000] {dag.py:4138} INFO - Setting next_dagrun for tutorial_dag to None, run_after=None
[2026-01-08T02:09:49.086+0000] {processor.py:208} INFO - Processing /home/airflow/.local/lib/python3.12/site-packages/airflow/example_dags/tutorial_dag.py took 0.055 seconds
[2026-01-08T02:10:19.450+0000] {processor.py:186} INFO - Started process (PID=2791) to work on /home/airflow/.local/lib/python3.12/site-packages/airflow/example_dags/tutorial_dag.py
[2026-01-08T02:10:19.451+0000] {processor.py:914} INFO - Processing file /home/airflow/.local/lib/python3.12/site-packages/airflow/example_dags/tutorial_dag.py for tasks to queue
[2026-01-08T02:10:19.453+0000] {logging_mixin.py:190} INFO - [2026-01-08T02:10:19.453+0000] {dagbag.py:587} INFO - Filling up the DagBag from /home/airflow/.local/lib/python3.12/site-packages/airflow/example_dags/tutorial_dag.py
[2026-01-08T02:10:19.459+0000] {processor.py:925} INFO - DAG(s) 'tutorial_dag' retrieved from /home/airflow/.local/lib/python3.12/site-packages/airflow/example_dags/tutorial_dag.py
[2026-01-08T02:10:19.475+0000] {logging_mixin.py:190} INFO - [2026-01-08T02:10:19.474+0000] {dag.py:3211} INFO - Sync 1 DAGs
[2026-01-08T02:10:19.485+0000] {logging_mixin.py:190} INFO - [2026-01-08T02:10:19.485+0000] {dag.py:4138} INFO - Setting next_dagrun for tutorial_dag to None, run_after=None
[2026-01-08T02:10:19.501+0000] {processor.py:208} INFO - Processing /home/airflow/.local/lib/python3.12/site-packages/airflow/example_dags/tutorial_dag.py took 0.055 seconds
[2026-01-08T02:10:49.971+0000] {processor.py:186} INFO - Started process (PID=2853) to work on /home/airflow/.local/lib/python3.12/site-packages/airflow/example_dags/tutorial_dag.py
[2026-01-08T02:10:49.973+0000] {processor.py:914} INFO - Processing file /home/airflow/.local/lib/python3.12/site-packages/airflow/example_dags/tutorial_dag.py for tasks to queue
[2026-01-08T02:10:49.975+0000] {logging_mixin.py:190} INFO - [2026-01-08T02:10:49.974+0000] {dagbag.py:587} INFO - Filling up the DagBag from /home/airflow/.local/lib/python3.12/site-packages/airflow/example_dags/tutorial_dag.py
[2026-01-08T02:10:49.981+0000] {processor.py:925} INFO - DAG(s) 'tutorial_dag' retrieved from /home/airflow/.local/lib/python3.12/site-packages/airflow/example_dags/tutorial_dag.py
[2026-01-08T02:10:49.997+0000] {logging_mixin.py:190} INFO - [2026-01-08T02:10:49.997+0000] {dag.py:3211} INFO - Sync 1 DAGs
[2026-01-08T02:10:50.008+0000] {logging_mixin.py:190} INFO - [2026-01-08T02:10:50.008+0000] {dag.py:4138} INFO - Setting next_dagrun for tutorial_dag to None, run_after=None
[2026-01-08T02:10:50.024+0000] {processor.py:208} INFO - Processing /home/airflow/.local/lib/python3.12/site-packages/airflow/example_dags/tutorial_dag.py took 0.058 seconds
[2026-01-08T02:11:21.452+0000] {processor.py:186} INFO - Started process (PID=2916) to work on /home/airflow/.local/lib/python3.12/site-packages/airflow/example_dags/tutorial_dag.py
[2026-01-08T02:11:21.453+0000] {processor.py:914} INFO - Processing file /home/airflow/.local/lib/python3.12/site-packages/airflow/example_dags/tutorial_dag.py for tasks to queue
[2026-01-08T02:11:21.456+0000] {logging_mixin.py:190} INFO - [2026-01-08T02:11:21.456+0000] {dagbag.py:587} INFO - Filling up the DagBag from /home/airflow/.local/lib/python3.12/site-packages/airflow/example_dags/tutorial_dag.py
[2026-01-08T02:11:21.461+0000] {processor.py:925} INFO - DAG(s) 'tutorial_dag' retrieved from /home/airflow/.local/lib/python3.12/site-packages/airflow/example_dags/tutorial_dag.py
[2026-01-08T02:11:21.478+0000] {logging_mixin.py:190} INFO - [2026-01-08T02:11:21.478+0000] {dag.py:3211} INFO - Sync 1 DAGs
[2026-01-08T02:11:21.488+0000] {logging_mixin.py:190} INFO - [2026-01-08T02:11:21.488+0000] {dag.py:4138} INFO - Setting next_dagrun for tutorial_dag to None, run_after=None
[2026-01-08T02:11:21.505+0000] {processor.py:208} INFO - Processing /home/airflow/.local/lib/python3.12/site-packages/airflow/example_dags/tutorial_dag.py took 0.057 seconds
[2026-01-08T02:11:52.197+0000] {processor.py:186} INFO - Started process (PID=2979) to work on /home/airflow/.local/lib/python3.12/site-packages/airflow/example_dags/tutorial_dag.py
[2026-01-08T02:11:52.198+0000] {processor.py:914} INFO - Processing file /home/airflow/.local/lib/python3.12/site-packages/airflow/example_dags/tutorial_dag.py for tasks to queue
[2026-01-08T02:11:52.200+0000] {logging_mixin.py:190} INFO - [2026-01-08T02:11:52.200+0000] {dagbag.py:587} INFO - Filling up the DagBag from /home/airflow/.local/lib/python3.12/site-packages/airflow/example_dags/tutorial_dag.py
[2026-01-08T02:11:52.206+0000] {processor.py:925} INFO - DAG(s) 'tutorial_dag' retrieved from /home/airflow/.local/lib/python3.12/site-packages/airflow/example_dags/tutorial_dag.py
[2026-01-08T02:11:52.222+0000] {logging_mixin.py:190} INFO - [2026-01-08T02:11:52.222+0000] {dag.py:3211} INFO - Sync 1 DAGs
[2026-01-08T02:11:52.233+0000] {logging_mixin.py:190} INFO - [2026-01-08T02:11:52.233+0000] {dag.py:4138} INFO - Setting next_dagrun for tutorial_dag to None, run_after=None
[2026-01-08T02:11:52.388+0000] {processor.py:208} INFO - Processing /home/airflow/.local/lib/python3.12/site-packages/airflow/example_dags/tutorial_dag.py took 0.196 seconds
[2026-01-08T02:12:22.686+0000] {processor.py:186} INFO - Started process (PID=3043) to work on /home/airflow/.local/lib/python3.12/site-packages/airflow/example_dags/tutorial_dag.py
[2026-01-08T02:12:22.688+0000] {processor.py:914} INFO - Processing file /home/airflow/.local/lib/python3.12/site-packages/airflow/example_dags/tutorial_dag.py for tasks to queue
[2026-01-08T02:12:22.691+0000] {logging_mixin.py:190} INFO - [2026-01-08T02:12:22.690+0000] {dagbag.py:587} INFO - Filling up the DagBag from /home/airflow/.local/lib/python3.12/site-packages/airflow/example_dags/tutorial_dag.py
[2026-01-08T02:12:22.697+0000] {processor.py:925} INFO - DAG(s) 'tutorial_dag' retrieved from /home/airflow/.local/lib/python3.12/site-packages/airflow/example_dags/tutorial_dag.py
[2026-01-08T02:12:22.713+0000] {logging_mixin.py:190} INFO - [2026-01-08T02:12:22.712+0000] {dag.py:3211} INFO - Sync 1 DAGs
[2026-01-08T02:12:22.723+0000] {logging_mixin.py:190} INFO - [2026-01-08T02:12:22.723+0000] {dag.py:4138} INFO - Setting next_dagrun for tutorial_dag to None, run_after=None
[2026-01-08T02:12:22.738+0000] {processor.py:208} INFO - Processing /home/airflow/.local/lib/python3.12/site-packages/airflow/example_dags/tutorial_dag.py took 0.056 seconds
